
        ############################################
        !!! WARNING - FPE detection is activated !!!
        ############################################

*************************************************************
 Geant4 version Name: geant4-10-03-ref-10    (31-October-2017)
                      Copyright : Geant4 Collaboration
                      Reference : NIM A 506 (2003), 250-303
                            WWW : http://cern.ch/geant4
*************************************************************

Visualization Manager instantiating with verbosity "warnings (3)"...
Visualization Manager initialising...
Registering graphics systems...

You have successfully registered the following graphics systems.
Current available graphics systems are:
ASCIITree (ATree)
DAWNFILE (DAWNFILE)
G4HepRep (HepRepXML)
G4HepRepFile (HepRepFile)
RayTracer (RayTracer)
VRML1FILE (VRML1FILE)
VRML2FILE (VRML2FILE)
gMocrenFile (gMocrenFile)
OpenGLImmediateQt (OGLIQt, OGLI)
OpenGLStoredQt (OGLSQt, OGL, OGLS)
OpenGLImmediateXm (OGLIXm, OGLIQt_FALLBACK)
OpenGLStoredXm (OGLSXm, OGLSQt_FALLBACK)
OpenGLImmediateX (OGLIX, OGLIQt_FALLBACK, OGLIXm_FALLBACK)
OpenGLStoredX (OGLSX, OGLSQt_FALLBACK, OGLSXm_FALLBACK)
RayTracerX (RayTracerX)

Registering model factories...

You have successfully registered the following model factories.
Registered model factories:
  generic
  drawByAttribute
  drawByCharge
  drawByOriginVolume
  drawByParticleID
  drawByEncounteredVolume

Registered filter factories:
  attributeFilter
  chargeFilter
  originVolumeFilter
  particleFilter
  encounteredVolumeFilter

You have successfully registered the following user vis actions.
Run Duration User Vis Actions: none
End of Event User Vis Actions: none
End of Run User Vis Actions: none

Some /vis commands (optionally) take a string to specify colour.
"/vis/list" to see available colours.

### ===  Deexcitation model UAtomDeexcitation is activated for 1 region:
          DefaultRegionForTheWorld  1  1  0
### ===  Auger cascade flag: 1
### ===  Ignore cuts flag:   0

phot:   for  gamma    SubType= 12  BuildTable= 0
      LambdaPrime table from 200 keV to 100 TeV in 61 bins 
      ===== EM models for the G4Region  DefaultRegionForTheWorld ======
 LivermorePhElectric :  Emin=        0 eV    Emax=      100 TeV   AngularGenSauterGavrila  FluoActive

compt:   for  gamma    SubType= 13  BuildTable= 1
      Lambda table from 100 eV  to 1 MeV, 7 bins per decade, spline: 1
      LambdaPrime table from 1 MeV to 100 TeV in 56 bins 
      ===== EM models for the G4Region  DefaultRegionForTheWorld ======
    LivermoreCompton :  Emin=        0 eV    Emax=      100 TeV  FluoActive

conv:   for  gamma    SubType= 14  BuildTable= 1
      Lambda table from 1.022 MeV to 100 TeV, 18 bins per decade, spline: 1
      ===== EM models for the G4Region  DefaultRegionForTheWorld ======
 LivermoreConversion :  Emin=        0 eV    Emax=       80 GeV
     BetheHeitlerLPM :  Emin=       80 GeV   Emax=      100 TeV

Rayl:   for  gamma    SubType= 11  BuildTable= 1
      Lambda table from 100 eV  to 100 keV, 7 bins per decade, spline: 0
      LambdaPrime table from 100 keV to 100 TeV in 63 bins 
      ===== EM models for the G4Region  DefaultRegionForTheWorld ======
   LivermoreRayleigh :  Emin=        0 eV    Emax=      100 TeV   CullenGenerator

e-_G4DNAElectronSolvation:   for  e-    SubType= 58  BuildTable= 0
      ===== EM models for the G4Region  DefaultRegionForTheWorld ======
DNAOneStepThermalizationModel :  Emin=        0 eV    Emax=      7.4 eV 

e-_G4DNAElastic:   for  e-    SubType= 51  BuildTable= 0
      ===== EM models for the G4Region  DefaultRegionForTheWorld ======
DNAChampionElasticModel :  Emin=        0 eV    Emax=        1 MeV

e-_G4DNAExcitation:   for  e-    SubType= 52  BuildTable= 0
      ===== EM models for the G4Region  DefaultRegionForTheWorld ======
DNABornExcitationModel :  Emin=        0 eV    Emax=        1 MeV

e-_G4DNAIonisation:   for  e-    SubType= 53  BuildTable= 0
      ===== EM models for the G4Region  DefaultRegionForTheWorld ======
DNABornIonisationModel :  Emin=        0 eV    Emax=        1 MeV   deltaBorn  FluoActive

e-_G4DNAVibExcitation:   for  e-    SubType= 54  BuildTable= 0
      ===== EM models for the G4Region  DefaultRegionForTheWorld ======
DNASancheExcitationModel :  Emin=        0 eV    Emax=      100 eV 

e-_G4DNAAttachment:   for  e-    SubType= 55  BuildTable= 0
      ===== EM models for the G4Region  DefaultRegionForTheWorld ======
DNAMeltonAttachmentModel :  Emin=        0 eV    Emax=       13 eV 

msc:   for e+    SubType= 10
      RangeFactor= 0.04, stepLimitType: 3, latDisplacement: 1, skin= 1, geomFactor= 2.5
      ===== EM models for the G4Region  DefaultRegionForTheWorld ======
            UrbanMsc :  Emin=        0 eV    Emax=      100 TeV  Table with 84 bins Emin=    100 eV    Emax=    100 TeV

eIoni:   for  e+    SubType= 2
      dE/dx and range tables from 100 eV  to 100 TeV in 84 bins
      Lambda tables from threshold to 100 TeV, 7 bins per decade, spline: 1
      finalRange(mm)= 0.1, dRoverRange= 0.2, integral: 1, fluct: 1, linLossLimit= 0.01
      ===== EM models for the G4Region  DefaultRegionForTheWorld ======
        MollerBhabha :  Emin=        0 eV    Emax=      100 TeV

eBrem:   for  e+    SubType= 3
      dE/dx and range tables from 100 eV  to 100 TeV in 84 bins
      Lambda tables from threshold to 100 TeV, 7 bins per decade, spline: 1
      LPM flag: 1 for E > 1 GeV,  VertexHighEnergyTh(GeV)= 100000
      ===== EM models for the G4Region  DefaultRegionForTheWorld ======
             eBremSB :  Emin=        0 eV    Emax=        1 GeV   DipBustGen
            eBremLPM :  Emin=        1 GeV   Emax=      100 TeV   DipBustGen

annihil:   for  e+, integral: 1     SubType= 5  BuildTable= 0
      ===== EM models for the G4Region  DefaultRegionForTheWorld ======
            eplus2gg :  Emin=        0 eV    Emax=      100 TeV

proton_G4DNAElastic:   for  proton    SubType= 51  BuildTable= 0
      ===== EM models for the G4Region  DefaultRegionForTheWorld ======
  DNAIonElasticModel :  Emin=        0 eV    Emax=        1 MeV

proton_G4DNAExcitation:   for  proton    SubType= 52  BuildTable= 0
      ===== EM models for the G4Region  DefaultRegionForTheWorld ======
DNAMillerGreenExcitationModel :  Emin=        0 eV    Emax=      500 keV
DNABornExcitationModel :  Emin=      500 keV   Emax=      100 MeV

proton_G4DNAIonisation:   for  proton    SubType= 53  BuildTable= 0
      ===== EM models for the G4Region  DefaultRegionForTheWorld ======
DNARuddIonisationModel :  Emin=        0 eV    Emax=      500 keV   deltaRudd  FluoActive
DNABornIonisationModel :  Emin=      500 keV   Emax=      100 MeV   deltaBorn  FluoActive

proton_G4DNAChargeDecrease:   for  proton    SubType= 56  BuildTable= 0
      ===== EM models for the G4Region  DefaultRegionForTheWorld ======
DNADingfelderChargeDecreaseModel :  Emin=        0 eV    Emax=      100 MeV

GenericIon_G4DNAIonisation:   for  GenericIon    SubType= 53  BuildTable= 0
      ===== EM models for the G4Region  DefaultRegionForTheWorld ======
DNARuddIonisationExtendedModel :  Emin=        0 eV    Emax=        1 TeV   deltaRudd  FluoActive

alpha_G4DNAElastic:   for  alpha    SubType= 51  BuildTable= 0
      ===== EM models for the G4Region  DefaultRegionForTheWorld ======
  DNAIonElasticModel :  Emin=        0 eV    Emax=        1 MeV

alpha_G4DNAExcitation:   for  alpha    SubType= 52  BuildTable= 0
      ===== EM models for the G4Region  DefaultRegionForTheWorld ======
DNAMillerGreenExcitationModel :  Emin=        0 eV    Emax=      400 MeV

alpha_G4DNAIonisation:   for  alpha    SubType= 53  BuildTable= 0
      ===== EM models for the G4Region  DefaultRegionForTheWorld ======
DNARuddIonisationModel :  Emin=        0 eV    Emax=      400 MeV   deltaRudd  FluoActive

alpha_G4DNAChargeDecrease:   for  alpha    SubType= 56  BuildTable= 0
      ===== EM models for the G4Region  DefaultRegionForTheWorld ======
DNADingfelderChargeDecreaseModel :  Emin=        0 eV    Emax=      400 MeV

alpha+_G4DNAElastic:   for  alpha+    SubType= 51  BuildTable= 0
      ===== EM models for the G4Region  DefaultRegionForTheWorld ======
  DNAIonElasticModel :  Emin=        0 eV    Emax=        1 MeV

alpha+_G4DNAExcitation:   for  alpha+    SubType= 52  BuildTable= 0
      ===== EM models for the G4Region  DefaultRegionForTheWorld ======
DNAMillerGreenExcitationModel :  Emin=        0 eV    Emax=      400 MeV

alpha+_G4DNAIonisation:   for  alpha+    SubType= 53  BuildTable= 0
      ===== EM models for the G4Region  DefaultRegionForTheWorld ======
DNARuddIonisationModel :  Emin=        0 eV    Emax=      400 MeV   deltaRudd  FluoActive

alpha+_G4DNAChargeDecrease:   for  alpha+    SubType= 56  BuildTable= 0
      ===== EM models for the G4Region  DefaultRegionForTheWorld ======
DNADingfelderChargeDecreaseModel :  Emin=        0 eV    Emax=      400 MeV

alpha+_G4DNAChargeIncrease:   for  alpha+    SubType= 57  BuildTable= 0
      ===== EM models for the G4Region  DefaultRegionForTheWorld ======
DNADingfelderChargeIncreaseModel :  Emin=        0 eV    Emax=      400 MeV

helium_G4DNAElastic:   for  helium    SubType= 51  BuildTable= 0
      ===== EM models for the G4Region  DefaultRegionForTheWorld ======
  DNAIonElasticModel :  Emin=        0 eV    Emax=        1 MeV

helium_G4DNAExcitation:   for  helium    SubType= 52  BuildTable= 0
      ===== EM models for the G4Region  DefaultRegionForTheWorld ======
DNAMillerGreenExcitationModel :  Emin=        0 eV    Emax=      400 MeV

helium_G4DNAIonisation:   for  helium    SubType= 53  BuildTable= 0
      ===== EM models for the G4Region  DefaultRegionForTheWorld ======
DNARuddIonisationModel :  Emin=        0 eV    Emax=      400 MeV   deltaRudd  FluoActive

helium_G4DNAChargeIncrease:   for  helium    SubType= 57  BuildTable= 0
      ===== EM models for the G4Region  DefaultRegionForTheWorld ======
DNADingfelderChargeIncreaseModel :  Emin=        0 eV    Emax=      400 MeV

hydrogen_G4DNAElastic:   for  hydrogen    SubType= 51  BuildTable= 0
      ===== EM models for the G4Region  DefaultRegionForTheWorld ======
  DNAIonElasticModel :  Emin=        0 eV    Emax=        1 MeV

hydrogen_G4DNAExcitation:   for  hydrogen    SubType= 52  BuildTable= 0
      ===== EM models for the G4Region  DefaultRegionForTheWorld ======
DNAMillerGreenExcitationModel :  Emin=        0 eV    Emax=      500 keV

hydrogen_G4DNAIonisation:   for  hydrogen    SubType= 53  BuildTable= 0
      ===== EM models for the G4Region  DefaultRegionForTheWorld ======
DNARuddIonisationModel :  Emin=        0 eV    Emax=      100 MeV   deltaRudd  FluoActive

hydrogen_G4DNAChargeIncrease:   for  hydrogen    SubType= 57  BuildTable= 0
      ===== EM models for the G4Region  DefaultRegionForTheWorld ======
DNADingfelderChargeIncreaseModel :  Emin=        0 eV    Emax=      100 MeV
End of tracking primary particle, its final energy is :0.025 eV 
Physics stage ends
Number of chemical species involved in reactions = 6
Reaction                                    Reaction Rate [dm3/(mol*s)]   Interaction Range for chosen reaction model [nm]
------------------------------------------------------------------------------------------------------------------------------
H3O^1 + e_aq^-1 -> H^0                      2.11e+10                      0.200589
------------------------------------------------------------------------------------------------------------------------------
H3O^1 + OH^-1 -> No product                 1.43e+11                      1.34973
------------------------------------------------------------------------------------------------------------------------------
OH^0 + e_aq^-1 -> OH^-1                     2.95e+10                      0.506256
------------------------------------------------------------------------------------------------------------------------------
OH^0 + OH^0 -> H2O2^0                       4.4e+09                       0.207651
------------------------------------------------------------------------------------------------------------------------------
OH^0 + H^0 -> No product                    1.44e+10                      0.194167
------------------------------------------------------------------------------------------------------------------------------
e_aq^-1 + e_aq^-1 -> OH^-1 + OH^-1 + H_2^0  5e+09                         0.134838
------------------------------------------------------------------------------------------------------------------------------
e_aq^-1 + H^0 -> OH^-1 + H_2^0              2.65e+10                      0.294265
------------------------------------------------------------------------------------------------------------------------------
e_aq^-1 + H2O2^0 -> OH^-1 + OH^0            1.41e+10                      0.295745
------------------------------------------------------------------------------------------------------------------------------
H^0 + H^0 -> H_2^0                          1.2e+10                       0.226528
------------------------------------------------------------------------------------------------------------------------------
DNAMolecularStepByStepModel will be used
*** G4Scheduler starts processing 
At time :  6.9744 ps Reaction : OH^0 (-206) + OH^0 (-133) -> H2O2^0 (-225)
At time :  15.037 ps Reaction : OH^0 (-212) + OH^0 (-129) -> H2O2^0 (-226)
At time :  39.157 ps Reaction : e_aq^-1 (-61) + H^0 (-215) -> OH^-1 (-227) + H_2^0 (-228)
At time :  39.157 ps Reaction : OH^-1 (-227) + H3O^1 (-190) -> No product
At time :  54.157 ps Reaction : OH^0 (-127) + OH^0 (-157) -> H2O2^0 (-229)
At time :  85.782 ps Reaction : OH^0 (-216) + OH^0 (-198) -> H2O2^0 (-230)
At time :  188.74 ps Reaction : e_aq^-1 (-101) + OH^0 (-155) -> OH^-1 (-231)
At time :  244.69 ps Reaction : OH^0 (-167) + OH^0 (-201) -> H2O2^0 (-232)
At time :   320.4 ps Reaction : e_aq^-1 (-67) + OH^0 (-141) -> OH^-1 (-233)
At time :   338.4 ps Reaction : OH^0 (-220) + OH^0 (-139) -> H2O2^0 (-234)
At time :  413.48 ps Reaction : H3O^1 (-194) + OH^-1 (-233) -> No product
At time :  559.92 ps Reaction : OH^0 (-213) + OH^0 (-204) -> H2O2^0 (-235)
At time :  613.26 ps Reaction : H3O^1 (-154) + OH^-1 (-231) -> No product
At time :     793 ps Reaction : OH^0 (-143) + OH^0 (-195) -> H2O2^0 (-236)
At time :  890.08 ps Reaction : OH^0 (-221) + OH^0 (-117) -> H2O2^0 (-237)
At time :  1.1873 ns Reaction : e_aq^-1 (-39) + OH^0 (-163) -> OH^-1 (-238)
At time :  1.3078 ns Reaction : e_aq^-1 (-34) + OH^0 (-137) -> OH^-1 (-239)
At time :  1.5578 ns Reaction : e_aq^-1 (-100) + OH^0 (-121) -> OH^-1 (-240)
At time :  2.4325 ns Reaction : H3O^1 (-118) + OH^-1 (-239) -> No product
At time :  3.5636 ns Reaction : e_aq^-1 (-60) + OH^0 (-173) -> OH^-1 (-241)
At time :   3.843 ns Reaction : e_aq^-1 (-45) + OH^0 (-175) -> OH^-1 (-242)
At time :  4.1122 ns Reaction : OH^0 (-209) + e_aq^-1 (-111) -> OH^-1 (-243)
At time :  4.2016 ns Reaction : e_aq^-1 (-41) + H3O^1 (-138) -> H^0 (-244)
At time :  4.3765 ns Reaction : H3O^1 (-114) + e_aq^-1 (-43) -> H^0 (-245)
At time :  4.4365 ns Reaction : OH^-1 (-238) + H3O^1 (-192) -> No product
At time :  4.4365 ns Reaction : e_aq^-1 (-49) + H3O^1 (-182) -> H^0 (-246)
At time :  4.4565 ns Reaction : e_aq^-1 (-84) + OH^0 (-115) -> OH^-1 (-247)
At time :  4.8576 ns Reaction : e_aq^-1 (-54) + H3O^1 (-120) -> H^0 (-248)
At time :  5.9937 ns Reaction : e_aq^-1 (-69) + OH^0 (-145) -> OH^-1 (-249)
At time :  6.9837 ns Reaction : OH^-1 (-240) + H3O^1 (-140) -> No product
At time :  8.1736 ns Reaction : e_aq^-1 (-85) + OH^0 (-165) -> OH^-1 (-250)
At time :  9.1092 ns Reaction : OH^-1 (-249) + H3O^1 (-170) -> No product
At time :  9.6866 ns Reaction : H3O^1 (-132) + OH^-1 (-247) -> No product
At time :  10.216 ns Reaction : H^0 (-222) + e_aq^-1 (-57) -> OH^-1 (-251) + H_2^0 (-252)
At time :  11.223 ns Reaction : e_aq^-1 (-46) + H3O^1 (-174) -> H^0 (-253)
At time :  15.433 ns Reaction : OH^0 (-214) + OH^0 (-185) -> H2O2^0 (-254)
At time :  16.133 ns Reaction : H3O^1 (-126) + OH^-1 (-251) -> No product
At time :  18.233 ns Reaction : e_aq^-1 (-52) + e_aq^-1 (-109) -> OH^-1 (-255) + OH^-1 (-256) + H_2^0 (-257)
At time :  21.433 ns Reaction : OH^-1 (-250) + H3O^1 (-148) -> No product
At time :  22.587 ns Reaction : e_aq^-1 (-99) + H3O^1 (-158) -> H^0 (-258)
At time :  23.505 ns Reaction : H^0 (-207) + OH^0 (-171) -> No product
At time :  24.965 ns Reaction : e_aq^-1 (-91) + OH^0 (-179) -> OH^-1 (-259)
At time :  25.265 ns Reaction : H3O^1 (-184) + e_aq^-1 (-200) -> H^0 (-260)
At time :  34.462 ns Reaction : e_aq^-1 (-63) + H3O^1 (-160) -> H^0 (-261)
At time :  42.507 ns Reaction : e_aq^-1 (-47) + H^0 (-246) -> OH^-1 (-262) + H_2^0 (-263)
At time :  45.181 ns Reaction : OH^0 (-131) + OH^0 (-191) -> H2O2^0 (-264)
At time :  45.581 ns Reaction : OH^-1 (-256) + H3O^1 (-136) -> No product
At time :  55.623 ns Reaction : H3O^1 (-122) + OH^-1 (-243) -> No product
At time :  64.064 ns Reaction : OH^0 (-161) + OH^0 (-193) -> H2O2^0 (-265)
At time :  68.651 ns Reaction : H3O^1 (-162) + OH^-1 (-242) -> No product
At time :  84.376 ns Reaction : OH^0 (-119) + OH^0 (-187) -> H2O2^0 (-266)
*** G4Scheduler ends at time : 100 ns
___________________________________
Seed used :9876
Graphics systems deleted.
Visualization Manager deleting...
