
        ############################################
        !!! WARNING - FPE detection is activated !!!
        ############################################

**************************************************************
 Geant4 version Name: geant4-10-06-ref-07    (31-July-2020)
                       Copyright : Geant4 Collaboration
                      References : NIM A 506 (2003), 250-303
                                 : IEEE-TNS 53 (2006), 270-278
                                 : NIM A 835 (2016), 186-225
                             WWW : http://geant4.org/
**************************************************************

###/control/cout/ignoreThreadsExcept 0
/run/numberOfThreads 2
*** /run/numberOfThreads command is issued in sequential mode.
Command is ignored.
/run/verbose 1
#
/run/initialize

 Target : Length = 1 cm  Radius = 5 mm  Material = G4_CESIUM_IODIDE
 Detector : Length = 5 cm  Tickness = 2 cm  Material = Germanium

 Material: G4_CESIUM_IODIDE    density:  4.510 g/cm3   RadL:   1.860 cm   Nucl.Int.Length:  39.306 cm 
                       Imean: 553.100 eV   temperature: 293.15 K  pressure:   1.00 atm

   --->  Element: Cs (Cs)   Z = 55.0   N =   133   A = 132.905 g/mole
         --->  Isotope: Cs133   Z = 55   N = 133   A = 132.91 g/mole   abundance: 100.000 %
          ElmMassFraction:  51.15 %  ElmAbundance  50.00 % 

   --->  Element: I (I)   Z = 53.0   N =   127   A = 126.904 g/mole
         --->  Isotope:  I127   Z = 53   N = 127   A = 126.90 g/mole   abundance: 100.000 %
          ElmMassFraction:  48.85 %  ElmAbundance  50.00 % 

 Material: Germanium    density:  5.323 g/cm3   RadL:   2.301 cm   Nucl.Int.Length:  27.431 cm 
                       Imean: 350.000 eV   temperature: 293.15 K  pressure:   1.00 atm

   --->  Element: Ge (Ge)   Z = 32.0   N =    73   A = 72.613 g/mole
         --->  Isotope:  Ge70   Z = 32   N =  70   A =  69.92 g/mole   abundance: 20.840 %
         --->  Isotope:  Ge72   Z = 32   N =  72   A =  71.92 g/mole   abundance: 27.540 %
         --->  Isotope:  Ge73   Z = 32   N =  73   A =  72.92 g/mole   abundance:  7.730 %
         --->  Isotope:  Ge74   Z = 32   N =  74   A =  73.92 g/mole   abundance: 36.280 %
         --->  Isotope:  Ge76   Z = 32   N =  76   A =  75.92 g/mole   abundance:  7.610 %
          ElmMassFraction: 100.00 %  ElmAbundance 100.00 % 


 FTFP_BERT : new threshold between BERT and FTFP is over the interval 
 for pions :   3 to 6 GeV
 for kaons :   3 to 6 GeV
 for proton :  3 to 6 GeV
 for neutron : 3 to 6 GeV

#
/process/list
     Transportation,               phot,              compt,               conv
               Rayl,                msc,              eIoni,              eBrem
        CoulombScat,                msc,              eIoni,              eBrem
            annihil,        CoulombScat,                msc,            ionIoni
                msc,             muIoni,            muBrems,         muPairProd
        CoulombScat,             muIoni,                msc,              hIoni
             hBrems,          hPairProd,        CoulombScat,              hIoni
                msc,              hIoni,             hBrems,          hPairProd
        CoulombScat,              hIoni,                msc,              hIoni
             hBrems,          hPairProd,        CoulombScat,                msc
              hIoni,        CoulombScat,              hIoni,              hIoni
                msc,            ionIoni,                msc,            ionIoni
              hIoni,              hIoni,              hIoni,              hIoni
              hIoni,              hIoni,              hIoni,              hIoni
              hIoni,              hIoni,              hIoni,              hIoni
              hIoni,              hIoni,              hIoni,              hIoni
              hIoni,              hIoni,              hIoni,              hIoni
              hIoni,              hIoni,              hIoni,              hIoni
              hIoni,              hIoni,              hIoni,              hIoni
              hIoni,              hIoni,              hIoni,              hIoni
              hIoni,              hIoni,              hIoni,              hIoni
              hIoni,              hIoni,              Decay,    Radioactivation
         hadElastic,         hadElastic,         hadElastic,         hadElastic
         hadElastic,         hadElastic,         hadElastic,         hadElastic
         hadElastic,         hadElastic,         hadElastic,         hadElastic
         hadElastic,         hadElastic,         hadElastic,         hadElastic
         hadElastic,         hadElastic,         hadElastic,         hadElastic
         hadElastic,         hadElastic,         hadElastic,         hadElastic
         hadElastic,         hadElastic,         hadElastic,         hadElastic
         hadElastic,         hadElastic,         hadElastic,         hadElastic
         hadElastic,         hadElastic,         hadElastic,         hadElastic
         hadElastic,         hadElastic,         hadElastic,         hadElastic
         hadElastic,         hadElastic,         hadElastic,         hadElastic
         hadElastic,         hadElastic,         hadElastic,         hadElastic
         hadElastic,         hadElastic,         hadElastic,         hadElastic
         hadElastic,         hadElastic,         hadElastic,         hadElastic
         hadElastic,         hadElastic,         hadElastic,         hadElastic
   neutronInelastic,           nCapture,    protonInelastic,       pi+Inelastic
       pi-Inelastic,     kaon+Inelastic,     kaon-Inelastic,    kaon0LInelastic
    kaon0SInelastic,    lambdaInelastic,anti-lambdaInelastic,    sigma-Inelastic
anti_sigma-Inelastic,    sigma+Inelastic,anti_sigma+Inelastic,       xi-Inelastic
  anti_xi-Inelastic,       xi0Inelastic,  anti_xi0Inelastic,    omega-Inelastic
anti_omega-Inelastic,anti_protonInelastic,anti_neutronInelastic,anti_deuteronInelastic
anti_tritonInelastic,  anti_He3Inelastic,anti_alphaInelastic,        D+Inelastic
        D0Inelastic,        D-Inelastic,   anti_D0Inelastic,       Ds+Inelastic
       Ds-Inelastic,        B+Inelastic,        B0Inelastic,        B-Inelastic
   anti_B0Inelastic,       Bs0Inelastic,  anti_Bs0Inelastic,       Bc+Inelastic
       Bc-Inelastic, lambda_c+Inelastic,     xi_c+Inelastic,     xi_c0Inelastic
  omega_c0Inelastic,  lambda_bInelastic,     xi_b0Inelastic,     xi_b-Inelastic
  omega_b-Inelastic,anti_lambda_c+Inelastic,anti_xi_c+Inelastic,anti_xi_c0Inelastic
anti_omega_c0Inelastic,anti_lambda_bInelastic,anti_xi_b0Inelastic,anti_xi_b-Inelastic
anti_omega_b-Inelastic,         ionElastic,         dInelastic,         tInelastic
       He3Inelastic,     alphaInelastic,       ionInelastic,      photonNuclear

#
/gun/particle ion
/gun/ion 10 24
#
/analysis/setFileName rdecay02
Set file name: rdecay02
/analysis/h1/set 6 100 0. 2. MeV
###/analysis/ntuple/setActivation 3 true
#
/run/printProgress 1000
/run/beamOn 10000
======================================================================
======          Radioactive Decay Physics Parameters           =======
======================================================================
Max life time                                     0.14427 ps
Internal e- conversion flag                       1
Stored internal conversion coefficients           1
Enable correlated gamma emission                  0
Max 2J for sampling of angular correlations       10
Atomic de-excitation enabled                      1
Auger electron emission enabled                   1
Auger cascade enabled                             1
Check EM cuts disabled for atomic de-excitation   0
Use Bearden atomic level energies                 0
======================================================================

====================================================================
                  HADRONIC PROCESSES SUMMARY (verbose level 1)

---------------------------------------------------
                           Hadronic Processes for B-

  Process: hadElastic
        Model:              hElasticLHEP: 0 meV ---> 100 TeV
     Cr_sctns:            Glauber-Gribov: 0 meV ---> 100 TeV

  Process: B-Inelastic
        Model:                      FTFP: 0 meV ---> 100 TeV
     Cr_sctns:            Glauber-Gribov: 0 meV ---> 100 TeV

---------------------------------------------------
                           Hadronic Processes for D-

  Process: hadElastic
        Model:              hElasticLHEP: 0 meV ---> 100 TeV
     Cr_sctns:            Glauber-Gribov: 0 meV ---> 100 TeV

  Process: D-Inelastic
        Model:                      FTFP: 0 meV ---> 100 TeV
     Cr_sctns:            Glauber-Gribov: 0 meV ---> 100 TeV

---------------------------------------------------
                           Hadronic Processes for GenericIon

  Process: ionElastic
        Model:          NNDiffuseElastic: 0 meV/n ---> 100 TeV/n
     Cr_sctns:  Glauber-Gribov Nucl-nucl: 0 meV ---> 100 TeV

  Process: ionInelastic
        Model:  Binary Light Ion Cascade: 0 meV/n ---> 6 GeV/n
        Model:                      FTFP: 3 GeV/n ---> 100 TeV/n
     Cr_sctns:  Glauber-Gribov Nucl-nucl: 0 meV ---> 25.6 PeV

  Process: Radioactivation

---------------------------------------------------
                           Hadronic Processes for He3

  Process: hadElastic
        Model:              hElasticLHEP: 0 meV/n ---> 100 TeV/n
     Cr_sctns:  Glauber-Gribov Nucl-nucl: 0 meV ---> 25.6 PeV

  Process: He3Inelastic
        Model:  Binary Light Ion Cascade: 0 meV/n ---> 6 GeV/n
        Model:                      FTFP: 3 GeV/n ---> 100 TeV/n
     Cr_sctns:  Glauber-Gribov Nucl-nucl: 0 meV ---> 25.6 PeV

---------------------------------------------------
                           Hadronic Processes for alpha

  Process: hadElastic
        Model:              hElasticLHEP: 0 meV/n ---> 100 TeV/n
     Cr_sctns:  Glauber-Gribov Nucl-nucl: 0 meV ---> 25.6 PeV

  Process: alphaInelastic
        Model:  Binary Light Ion Cascade: 0 meV/n ---> 6 GeV/n
        Model:                      FTFP: 3 GeV/n ---> 100 TeV/n
     Cr_sctns:  Glauber-Gribov Nucl-nucl: 0 meV ---> 25.6 PeV

---------------------------------------------------
                           Hadronic Processes for anti_He3

  Process: hadElastic
        Model:              hElasticLHEP: 0 meV/n ---> 100.1 MeV/n
        Model:              AntiAElastic: 100 MeV/n ---> 100 TeV/n
     Cr_sctns:              AntiAGlauber: 0 meV ---> 25.6 PeV

  Process: anti_He3Inelastic
        Model:                      FTFP: 0 meV/n ---> 100 TeV/n
     Cr_sctns:              AntiAGlauber: 0 meV ---> 25.6 PeV

---------------------------------------------------
                           Hadronic Processes for anti_alpha

  Process: hadElastic
        Model:              hElasticLHEP: 0 meV/n ---> 100.1 MeV/n
        Model:              AntiAElastic: 100 MeV/n ---> 100 TeV/n
     Cr_sctns:              AntiAGlauber: 0 meV ---> 25.6 PeV

  Process: anti_alphaInelastic
        Model:                      FTFP: 0 meV/n ---> 100 TeV/n
     Cr_sctns:              AntiAGlauber: 0 meV ---> 25.6 PeV

---------------------------------------------------
                           Hadronic Processes for anti_deuteron

  Process: hadElastic
        Model:              hElasticLHEP: 0 meV/n ---> 100.1 MeV/n
        Model:              AntiAElastic: 100 MeV/n ---> 100 TeV/n
     Cr_sctns:              AntiAGlauber: 0 meV ---> 25.6 PeV

  Process: anti_deuteronInelastic
        Model:                      FTFP: 0 meV/n ---> 100 TeV/n
     Cr_sctns:              AntiAGlauber: 0 meV ---> 25.6 PeV

---------------------------------------------------
                           Hadronic Processes for anti_lambda

  Process: hadElastic
        Model:              hElasticLHEP: 0 meV ---> 100 TeV
     Cr_sctns:            Glauber-Gribov: 0 meV ---> 100 TeV

  Process: anti-lambdaInelastic
        Model:                      FTFP: 0 meV ---> 100 TeV
     Cr_sctns:            Glauber-Gribov: 0 meV ---> 100 TeV

---------------------------------------------------
                           Hadronic Processes for anti_neutron

  Process: hadElastic
        Model:              hElasticLHEP: 0 meV ---> 100.1 MeV
        Model:              AntiAElastic: 100 MeV ---> 100 TeV
     Cr_sctns:              AntiAGlauber: 0 meV ---> 25.6 PeV

  Process: anti_neutronInelastic
        Model:                      FTFP: 0 meV ---> 100 TeV
     Cr_sctns:              AntiAGlauber: 0 meV ---> 25.6 PeV

---------------------------------------------------
                           Hadronic Processes for anti_proton

  Process: hadElastic
        Model:              hElasticLHEP: 0 meV ---> 100.1 MeV
        Model:              AntiAElastic: 100 MeV ---> 100 TeV
     Cr_sctns:              AntiAGlauber: 0 meV ---> 25.6 PeV

  Process: anti_protonInelastic
        Model:                      FTFP: 0 meV ---> 100 TeV
     Cr_sctns:              AntiAGlauber: 0 meV ---> 25.6 PeV

---------------------------------------------------
                           Hadronic Processes for anti_triton

  Process: hadElastic
        Model:              hElasticLHEP: 0 meV/n ---> 100.1 MeV/n
        Model:              AntiAElastic: 100 MeV/n ---> 100 TeV/n
     Cr_sctns:              AntiAGlauber: 0 meV ---> 25.6 PeV

  Process: anti_tritonInelastic
        Model:                      FTFP: 0 meV/n ---> 100 TeV/n
     Cr_sctns:              AntiAGlauber: 0 meV ---> 25.6 PeV

---------------------------------------------------
                           Hadronic Processes for deuteron

  Process: hadElastic
        Model:              hElasticLHEP: 0 meV/n ---> 100 TeV/n
     Cr_sctns:  Glauber-Gribov Nucl-nucl: 0 meV ---> 25.6 PeV

  Process: dInelastic
        Model:  Binary Light Ion Cascade: 0 meV/n ---> 6 GeV/n
        Model:                      FTFP: 3 GeV/n ---> 100 TeV/n
     Cr_sctns:  Glauber-Gribov Nucl-nucl: 0 meV ---> 25.6 PeV

---------------------------------------------------
                           Hadronic Processes for gamma

  Process: photonNuclear
        Model:               GammaNPreco: 0 meV ---> 200 MeV
        Model:            BertiniCascade: 199 MeV ---> 6 GeV
        Model:           TheoFSGenerator: 3 GeV ---> 100 TeV
     Cr_sctns:            PhotoNuclearXS: 0 meV ---> 100 TeV

---------------------------------------------------
                           Hadronic Processes for kaon+

  Process: hadElastic
        Model:              hElasticLHEP: 0 meV ---> 100 TeV
     Cr_sctns:            Glauber-Gribov: 0 meV ---> 100 TeV

  Process: kaon+Inelastic
        Model:                      FTFP: 3 GeV ---> 100 TeV
        Model:            BertiniCascade: 0 meV ---> 6 GeV
     Cr_sctns:            Glauber-Gribov: 0 meV ---> 100 TeV

---------------------------------------------------
                           Hadronic Processes for kaon-

  Process: hadElastic
        Model:              hElasticLHEP: 0 meV ---> 100 TeV
     Cr_sctns:            Glauber-Gribov: 0 meV ---> 100 TeV

  Process: kaon-Inelastic
        Model:                      FTFP: 3 GeV ---> 100 TeV
        Model:            BertiniCascade: 0 meV ---> 6 GeV
     Cr_sctns:            Glauber-Gribov: 0 meV ---> 100 TeV

---------------------------------------------------
                           Hadronic Processes for lambda

  Process: hadElastic
        Model:              hElasticLHEP: 0 meV ---> 100 TeV
     Cr_sctns:            Glauber-Gribov: 0 meV ---> 100 TeV

  Process: lambdaInelastic
        Model:            BertiniCascade: 0 meV ---> 6 GeV
        Model:                      FTFP: 3 GeV ---> 100 TeV
     Cr_sctns:            Glauber-Gribov: 0 meV ---> 100 TeV

---------------------------------------------------
                           Hadronic Processes for neutron

  Process: hadElastic
        Model:             hElasticCHIPS: 0 meV ---> 100 TeV
     Cr_sctns:        G4NeutronElasticXS: 0 meV ---> 100 TeV

  Process: neutronInelastic
        Model:                      FTFP: 3 GeV ---> 100 TeV
        Model:            BertiniCascade: 0 meV ---> 6 GeV
     Cr_sctns:      G4NeutronInelasticXS: 0 meV ---> 100 TeV

  Process: nCapture
        Model:               nRadCapture: 0 meV ---> 100 TeV
     Cr_sctns:        G4NeutronCaptureXS: 0 meV ---> 100 TeV

---------------------------------------------------
                           Hadronic Processes for pi+

  Process: hadElastic
        Model:           hElasticGlauber: 0 meV ---> 100 TeV
     Cr_sctns:  BarashenkovGlauberGribov: 0 meV ---> 100 TeV

  Process: pi+Inelastic
        Model:                      FTFP: 3 GeV ---> 100 TeV
        Model:            BertiniCascade: 0 meV ---> 6 GeV
     Cr_sctns:  BarashenkovGlauberGribov: 0 meV ---> 100 TeV

---------------------------------------------------
                           Hadronic Processes for pi-

  Process: hadElastic
        Model:           hElasticGlauber: 0 meV ---> 100 TeV
     Cr_sctns:  BarashenkovGlauberGribov: 0 meV ---> 100 TeV

  Process: pi-Inelastic
        Model:                      FTFP: 3 GeV ---> 100 TeV
        Model:            BertiniCascade: 0 meV ---> 6 GeV
     Cr_sctns:  BarashenkovGlauberGribov: 0 meV ---> 100 TeV

---------------------------------------------------
                           Hadronic Processes for proton

  Process: hadElastic
        Model:             hElasticCHIPS: 0 meV ---> 100 TeV
     Cr_sctns:  BarashenkovGlauberGribov: 0 meV ---> 100 TeV

  Process: protonInelastic
        Model:                      FTFP: 3 GeV ---> 100 TeV
        Model:            BertiniCascade: 0 meV ---> 6 GeV
     Cr_sctns:  BarashenkovGlauberGribov: 0 meV ---> 100 TeV

---------------------------------------------------
                           Hadronic Processes for sigma-

  Process: hadElastic
        Model:              hElasticLHEP: 0 meV ---> 100 TeV
     Cr_sctns:            Glauber-Gribov: 0 meV ---> 100 TeV

  Process: sigma-Inelastic
        Model:            BertiniCascade: 0 meV ---> 6 GeV
        Model:                      FTFP: 3 GeV ---> 100 TeV
     Cr_sctns:            Glauber-Gribov: 0 meV ---> 100 TeV

---------------------------------------------------
                           Hadronic Processes for triton

  Process: hadElastic
        Model:              hElasticLHEP: 0 meV/n ---> 100 TeV/n
     Cr_sctns:  Glauber-Gribov Nucl-nucl: 0 meV ---> 25.6 PeV

  Process: tInelastic
        Model:  Binary Light Ion Cascade: 0 meV/n ---> 6 GeV/n
        Model:                      FTFP: 3 GeV/n ---> 100 TeV/n
     Cr_sctns:  Glauber-Gribov Nucl-nucl: 0 meV ---> 25.6 PeV

================================================================
=======================================================================
======       Pre-compound/De-excitation Physics Parameters     ========
=======================================================================
Type of pre-compound inverse x-section              3
Pre-compound model active                           1
Pre-compound excitation low energy (MeV)            0.1
Pre-compound excitation high energy (MeV)           30
Type of de-excitation inverse x-section             3
Type of de-excitation factory                       Evaporation+GEM
Number of de-excitation channels                    68
Min excitation energy (keV)                         0.01
Min energy per nucleon for multifragmentation (MeV) 2e+05
Limit excitation energy for Fermi BreakUp (MeV)     20
Level density (1/MeV)                               0.075
Use simple level density model                      1
Use discrete excitation energy of the residual      0
Time limit for long lived isomeres (ns)             0.00014427
Isomer production flag                              1
Internal e- conversion flag                         1
Store e- internal conversion data                   1
Electron internal conversion ID                     0
Correlated gamma emission flag                      0
Max 2J for sampling of angular correlations         10
=======================================================================

========= Table of registered couples ============================

Index : 0     used in the geometry : Yes
 Material : Air
 Range cuts        :  gamma  10 km     e-  10 km     e+  10 km  proton 0 fm 
 Energy thresholds :  gamma  10 GeV    e-  10 GeV    e+  10 GeV proton 0 meV
 Region(s) which use this couple : 
    DefaultRegionForTheWorld

Index : 1     used in the geometry : Yes
 Material : G4_CESIUM_IODIDE
 Range cuts        :  gamma  10 km     e-  10 km     e+  10 km  proton 0 fm 
 Energy thresholds :  gamma  10 GeV    e-  10 GeV    e+  10 GeV proton 0 meV
 Region(s) which use this couple : 
    DefaultRegionForTheWorld

Index : 2     used in the geometry : Yes
 Material : Germanium
 Range cuts        :  gamma  10 km     e-  10 km     e+  10 km  proton 0 fm 
 Energy thresholds :  gamma  10 GeV    e-  10 GeV    e+  10 GeV proton 0 meV
 Region(s) which use this couple : 
    DefaultRegionForTheWorld

==================================================================

### Run 0 starts.

--------- Ranecu engine status ---------
 Initial seed (index) = 0
 Current couple of seeds = 9876, 54321
----------------------------------------
... open Root analysis file : rdecay02.root - done
--> Event 0 starts.
--> Event 1000 starts.
--> Event 2000 starts.
--> Event 3000 starts.
--> Event 4000 starts.
--> Event 5000 starts.
--> Event 6000 starts.
--> Event 7000 starts.
--> Event 8000 starts.
--> Event 9000 starts.
 Run terminated.
Run Summary
  Number of events processed : 10000
  User=1.870000s Real=1.904246s Sys=0.000000s

 The run is 10000 Ne24 of 0 meV through : 
 Target   : Length = 1 cm  Radius    = 5 mm  Material = G4_CESIUM_IODIDE
 Detector : Length = 5 cm  Thickness = 2 cm  Material = Germanium

 Mean energy deposit in target,   in time window = 806.82 keV  rms = 419.69 keV
 Mean energy deposit in detector, in time window = 21.024 keV  rms = 115.5 keV

 Process calls frequency in target :
      Radioactivation=  60837                  Rayl=    261        Transportation=  50245
              annihil=    170                 compt=   4155                  conv=    177
                eIoni=  25954               ionIoni=  39663                   msc=   3755
                 phot=   1559 

 Process calls frequency in detector:
                 Rayl=   1260        Transportation=  45962               annihil=    332
                compt=  22710                  conv=    334                 eIoni=  27627
                  msc=   5900                  phot=   4319 

 List of generated particles in target:
           Mg24:   10000  Emean =  42.283 eV 	( 41.932 eV  --> 895.3 eV )
  Mg24[1368.672]:    9995  Emean =  169.95 eV 	( 85.066 eV  --> 440.38 eV )
  Mg24[4122.889]:    9981  Emean =  39.182 eV 	( 45.26 meV --> 75.018 eV )
  Mg24[5235.120]:       5  Emean =  1.5759 eV 	( 314.93 meV --> 3.426 eV )
           Na24:    9995  Emean =       5 eV 	( 4.9901 eV  --> 15.742 eV )
  Na24[1346.621]:     855  Emean =  27.847 eV 	( 81.88 meV --> 51.864 eV )
  Na24[472.207]:    9999  Emean =  68.325 eV 	( 147.52 meV --> 133.82 eV )
  Na24[563.199]:       7  Emean =  13.735 eV 	( 13.735 eV  --> 13.735 eV )
      anti_nu_e:   20000  Emean =  980.85 keV	( 35.558 keV --> 4.7316 MeV)
             e+:     177  Emean =  805.95 keV	( 4.5051 keV --> 1.641 MeV)
             e-:   25916  Emean =  636.66 keV	( 33.038 eV  --> 3.2914 MeV)
          gamma:   31169  Emean =  1.5023 MeV	( 1.0277 keV --> 3.8661 MeV)

 List of generated particles in detector:
             e+:     334  Emean =  847.13 keV	( 34.761 keV --> 1.7001 MeV)
             e-:   27349  Emean =  379.37 keV	( 112.26 eV  --> 3.4647 MeV)
          gamma:     662  Emean =  518.92 keV	( 329.23 keV --> 1.6825 MeV)

... write Root file : rdecay02.root - done
... close Root file : rdecay02.root - done

--------- Ranecu engine status ---------
 Initial seed (index) = 0
 Current couple of seeds = 1393857049, 1452436409
----------------------------------------
G4 kernel has come to Quit state.
================== Deleting memory pools ===================
Number of memory pools allocated: 10 of which, static: 0
Dynamic pools deleted: 10 / Total memory freed: 0.024 MB
============================================================
RunManagerKernel is deleted. Good bye :)
