
        ############################################
        !!! WARNING - FPE detection is activated !!!
        ############################################

**************************************************************
 Geant4 version Name: geant4-10-04-ref-07    (31-July-2018)
                       Copyright : Geant4 Collaboration
                      References : NIM A 506 (2003), 250-303
                                 : IEEE-TNS 53 (2006), 270-278
                                 : NIM A 835 (2016), 186-225
                             WWW : http://geant4.org/
**************************************************************

Visualization Manager instantiating with verbosity "warnings (3)"...
Visualization Manager initialising...
Registering graphics systems...

You have successfully registered the following graphics systems.
Current available graphics systems are:
ASCIITree (ATree)
DAWNFILE (DAWNFILE)
G4HepRep (HepRepXML)
G4HepRepFile (HepRepFile)
RayTracer (RayTracer)
VRML1FILE (VRML1FILE)
VRML2FILE (VRML2FILE)
gMocrenFile (gMocrenFile)
OpenGLImmediateQt (OGLIQt, OGLI)
OpenGLStoredQt (OGLSQt, OGL, OGLS)
OpenGLImmediateXm (OGLIXm, OGLIQt_FALLBACK)
OpenGLStoredXm (OGLSXm, OGLSQt_FALLBACK)
OpenGLImmediateX (OGLIX, OGLIQt_FALLBACK, OGLIXm_FALLBACK)
OpenGLStoredX (OGLSX, OGLSQt_FALLBACK, OGLSXm_FALLBACK)
RayTracerX (RayTracerX)

Registering model factories...

You have successfully registered the following model factories.
Registered model factories:
  generic
  drawByAttribute
  drawByCharge
  drawByOriginVolume
  drawByParticleID
  drawByEncounteredVolume

Registered filter factories:
  attributeFilter
  chargeFilter
  originVolumeFilter
  particleFilter
  encounteredVolumeFilter

You have successfully registered the following user vis actions.
Run Duration User Vis Actions: none
End of Event User Vis Actions: none
End of Run User Vis Actions: none

Some /vis commands (optionally) take a string to specify colour.
"/vis/list" to see available colours.
*** /run/numberOfThreads command is issued in sequential mode.
Command is ignored.
WARNING: There is no world volume!
WARNING: There is no world volume!
WARNING: There is no world volume!
PhysicsList::AddPhysicsList: <dna_opt2>

---------------------------------------------------------
---> The tracking cut is set to 12 eV 
---> The World is a sphere of 50 um radius of G4_WATER
---> The Nucleus is a sphere of 50 nm radius of G4_WATER of mass 5.23599e-13 mg
---> The Cytoplasm is a spherical shell of thickness 3 nm of G4_WATER of mass 1.00016e-13 mg

---------------------------------------------------------

  Set atomic relaxation mode 1

### ===  Deexcitation model UAtomDeexcitation is activated for 1 region:
          DefaultRegionForTheWorld  1  1  0
### ===  Auger cascade flag: 1
### ===  Ignore cuts flag:   1

phot:   for  gamma    SubType= 12  BuildTable= 0
      LambdaPrime table from 200 keV to 100 TeV in 61 bins 
      ===== EM models for the G4Region  DefaultRegionForTheWorld ======
 LivermorePhElectric :  Emin=        0 eV    Emax=      100 TeV   AngularGenSauterGavrila  FluoActive

compt:   for  gamma    SubType= 13  BuildTable= 1
      Lambda table from 100 eV  to 1 MeV, 7 bins per decade, spline: 1
      LambdaPrime table from 1 MeV to 100 TeV in 56 bins 
      ===== EM models for the G4Region  DefaultRegionForTheWorld ======
    LivermoreCompton :  Emin=        0 eV    Emax=      100 TeV  FluoActive

conv:   for  gamma    SubType= 14  BuildTable= 1
      Lambda table from 1.022 MeV to 100 TeV, 18 bins per decade, spline: 1
      ===== EM models for the G4Region  DefaultRegionForTheWorld ======
 LivermoreConversion :  Emin=        0 eV    Emax=       80 GeV
     BetheHeitlerLPM :  Emin=       80 GeV   Emax=      100 TeV   AngularGenUrban

Rayl:   for  gamma    SubType= 11  BuildTable= 1
      Lambda table from 100 eV  to 100 keV, 7 bins per decade, spline: 0
      LambdaPrime table from 100 keV to 100 TeV in 63 bins 
      ===== EM models for the G4Region  DefaultRegionForTheWorld ======
   LivermoreRayleigh :  Emin=        0 eV    Emax=      100 TeV   CullenGenerator

e-_G4DNAElectronSolvation:   for  e-    SubType= 58  BuildTable= 0
      ===== EM models for the G4Region  DefaultRegionForTheWorld ======
DNAOneStepThermalizationModel :  Emin=        0 eV    Emax=      7.4 eV 

e-_G4DNAElastic:   for  e-    SubType= 51  BuildTable= 0
      ===== EM models for the G4Region  DefaultRegionForTheWorld ======
DNAChampionElasticModel :  Emin=        0 eV    Emax=        1 MeV

e-_G4DNAExcitation:   for  e-    SubType= 52  BuildTable= 0
      ===== EM models for the G4Region  DefaultRegionForTheWorld ======
DNABornExcitationModel :  Emin=        0 eV    Emax=        1 MeV

e-_G4DNAIonisation:   for  e-    SubType= 53  BuildTable= 0
      ===== EM models for the G4Region  DefaultRegionForTheWorld ======
DNABornIonisationModel :  Emin=        0 eV    Emax=      100 TeV   deltaBorn  FluoActive

e-_G4DNAVibExcitation:   for  e-    SubType= 54  BuildTable= 0
      ===== EM models for the G4Region  DefaultRegionForTheWorld ======
DNASancheExcitationModel :  Emin=        0 eV    Emax=      100 eV 

e-_G4DNAAttachment:   for  e-    SubType= 55  BuildTable= 0
      ===== EM models for the G4Region  DefaultRegionForTheWorld ======
DNAMeltonAttachmentModel :  Emin=        0 eV    Emax=       13 eV 

msc:   for e+    SubType= 10
      RangeFactor= 0.04, stepLimitType: 3, latDisplacement: 1, skin= 1, geomFactor= 2.5
      ===== EM models for the G4Region  DefaultRegionForTheWorld ======
            UrbanMsc :  Emin=        0 eV    Emax=      100 TeV  Table with 84 bins Emin=    100 eV    Emax=    100 TeV

eIoni:   for  e+    SubType= 2
      dE/dx and range tables from 100 eV  to 100 TeV in 84 bins
      Lambda tables from threshold to 100 TeV, 7 bins per decade, spline: 1
      finalRange(mm)= 0.1, dRoverRange= 0.2, integral: 1, fluct: 1, linLossLimit= 0.01
      ===== EM models for the G4Region  DefaultRegionForTheWorld ======
        MollerBhabha :  Emin=        0 eV    Emax=      100 TeV

eBrem:   for  e+    SubType= 3
      dE/dx and range tables from 100 eV  to 100 TeV in 84 bins
      Lambda tables from threshold to 100 TeV, 7 bins per decade, spline: 1
      LPM flag: 1 for E > 1 GeV,  VertexHighEnergyTh(GeV)= 100000
      ===== EM models for the G4Region  DefaultRegionForTheWorld ======
             eBremSB :  Emin=        0 eV    Emax=        1 GeV   DipBustGen
            eBremLPM :  Emin=        1 GeV   Emax=      100 TeV   DipBustGen

annihil:   for  e+, integral: 1     SubType= 5  BuildTable= 0
      ===== EM models for the G4Region  DefaultRegionForTheWorld ======
            eplus2gg :  Emin=        0 eV    Emax=      100 TeV

proton_G4DNAElastic:   for  proton    SubType= 51  BuildTable= 0
      ===== EM models for the G4Region  DefaultRegionForTheWorld ======
  DNAIonElasticModel :  Emin=        0 eV    Emax=        1 MeV

proton_G4DNAExcitation:   for  proton    SubType= 52  BuildTable= 0
      ===== EM models for the G4Region  DefaultRegionForTheWorld ======
DNAMillerGreenExcitationModel :  Emin=        0 eV    Emax=      500 keV
DNABornExcitationModel :  Emin=      500 keV   Emax=      100 MeV

proton_G4DNAIonisation:   for  proton    SubType= 53  BuildTable= 0
      ===== EM models for the G4Region  DefaultRegionForTheWorld ======
DNARuddIonisationExtendedModel :  Emin=        0 eV    Emax=      500 keV   deltaRudd  FluoActive
DNABornIonisationModel :  Emin=      500 keV   Emax=      100 MeV   deltaBorn  FluoActive

proton_G4DNAChargeDecrease:   for  proton    SubType= 56  BuildTable= 0
      ===== EM models for the G4Region  DefaultRegionForTheWorld ======
DNADingfelderChargeDecreaseModel :  Emin=        0 eV    Emax=      100 MeV

GenericIon_G4DNAIonisation:   for  GenericIon    SubType= 53  BuildTable= 0
      ===== EM models for the G4Region  DefaultRegionForTheWorld ======
DNARuddIonisationExtendedModel :  Emin=        0 eV    Emax=        1 TeV   deltaRudd  FluoActive
=======================================================================
======       Radioactive Decay Physics Parameters              ========
=======================================================================
Max life time                                     0.14427 ps
Internal e- conversion flag                       1
Stored internal conversion coefficients           1
Enable correlated gamma emission                  0
Max 2J for sampling of angular correlations       10
Atomic de-excitation enabled                      1
Auger electron emission enabled                   1
Auger cascade enabled                             1
Check EM cuts disabled for atomic de-excitation   1
Use Bearden atomic level energies                 0
=======================================================================

alpha_G4DNAElastic:   for  alpha    SubType= 51  BuildTable= 0
      ===== EM models for the G4Region  DefaultRegionForTheWorld ======
  DNAIonElasticModel :  Emin=        0 eV    Emax=        1 MeV

alpha_G4DNAExcitation:   for  alpha    SubType= 52  BuildTable= 0
      ===== EM models for the G4Region  DefaultRegionForTheWorld ======
DNAMillerGreenExcitationModel :  Emin=        0 eV    Emax=      400 MeV

alpha_G4DNAIonisation:   for  alpha    SubType= 53  BuildTable= 0
      ===== EM models for the G4Region  DefaultRegionForTheWorld ======
DNARuddIonisationExtendedModel :  Emin=        0 eV    Emax=      100 TeV   deltaRudd  FluoActive

alpha_G4DNAChargeDecrease:   for  alpha    SubType= 56  BuildTable= 0
      ===== EM models for the G4Region  DefaultRegionForTheWorld ======
DNADingfelderChargeDecreaseModel :  Emin=        0 eV    Emax=      400 MeV

alpha+_G4DNAElastic:   for  alpha+    SubType= 51  BuildTable= 0
      ===== EM models for the G4Region  DefaultRegionForTheWorld ======
  DNAIonElasticModel :  Emin=        0 eV    Emax=        1 MeV

alpha+_G4DNAExcitation:   for  alpha+    SubType= 52  BuildTable= 0
      ===== EM models for the G4Region  DefaultRegionForTheWorld ======
DNAMillerGreenExcitationModel :  Emin=        0 eV    Emax=      400 MeV

alpha+_G4DNAIonisation:   for  alpha+    SubType= 53  BuildTable= 0
      ===== EM models for the G4Region  DefaultRegionForTheWorld ======
DNARuddIonisationExtendedModel :  Emin=        0 eV    Emax=      100 TeV   deltaRudd  FluoActive

alpha+_G4DNAChargeDecrease:   for  alpha+    SubType= 56  BuildTable= 0
      ===== EM models for the G4Region  DefaultRegionForTheWorld ======
DNADingfelderChargeDecreaseModel :  Emin=        0 eV    Emax=      400 MeV

alpha+_G4DNAChargeIncrease:   for  alpha+    SubType= 57  BuildTable= 0
      ===== EM models for the G4Region  DefaultRegionForTheWorld ======
DNADingfelderChargeIncreaseModel :  Emin=        0 eV    Emax=      400 MeV

helium_G4DNAElastic:   for  helium    SubType= 51  BuildTable= 0
      ===== EM models for the G4Region  DefaultRegionForTheWorld ======
  DNAIonElasticModel :  Emin=        0 eV    Emax=        1 MeV

helium_G4DNAExcitation:   for  helium    SubType= 52  BuildTable= 0
      ===== EM models for the G4Region  DefaultRegionForTheWorld ======
DNAMillerGreenExcitationModel :  Emin=        0 eV    Emax=      400 MeV

helium_G4DNAIonisation:   for  helium    SubType= 53  BuildTable= 0
      ===== EM models for the G4Region  DefaultRegionForTheWorld ======
DNARuddIonisationExtendedModel :  Emin=        0 eV    Emax=      100 TeV   deltaRudd  FluoActive

helium_G4DNAChargeIncrease:   for  helium    SubType= 57  BuildTable= 0
      ===== EM models for the G4Region  DefaultRegionForTheWorld ======
DNADingfelderChargeIncreaseModel :  Emin=        0 eV    Emax=      400 MeV

hydrogen_G4DNAElastic:   for  hydrogen    SubType= 51  BuildTable= 0
      ===== EM models for the G4Region  DefaultRegionForTheWorld ======
  DNAIonElasticModel :  Emin=        0 eV    Emax=        1 MeV

hydrogen_G4DNAExcitation:   for  hydrogen    SubType= 52  BuildTable= 0
      ===== EM models for the G4Region  DefaultRegionForTheWorld ======
DNAMillerGreenExcitationModel :  Emin=        0 eV    Emax=      500 keV

hydrogen_G4DNAIonisation:   for  hydrogen    SubType= 53  BuildTable= 0
      ===== EM models for the G4Region  DefaultRegionForTheWorld ======
DNARuddIonisationExtendedModel :  Emin=        0 eV    Emax=      100 TeV   deltaRudd  FluoActive

hydrogen_G4DNAChargeIncrease:   for  hydrogen    SubType= 57  BuildTable= 0
      ===== EM models for the G4Region  DefaultRegionForTheWorld ======
DNADingfelderChargeIncreaseModel :  Emin=        0 eV    Emax=      100 MeV

========= Table of registered couples ==============================

Index : 0     used in the geometry : Yes
 Material : G4_WATER
 Range cuts        :  gamma  1 nm     e-  1 nm     e+  1 nm  proton 1 nm 
 Energy thresholds :  gamma  10 eV     e-  10 eV     e+  10 eV  proton 0.1 eV 
 Region(s) which use this couple : 
    DefaultRegionForTheWorld

====================================================================


 ======================== run summary =====================

 The run is 1000 e- of 100.00 eV 

 Total Energy deposited in cytoplasm = 60.990 eV  +- 32.727 eV 

 S value for cytoplasm (C<-C) = 97.702 Gy/Bq.s  +- 52.425 Gy/Bq.s 

 Total Energy deposited in nucleus = 18.818 eV  +- 28.668 eV 

 S value for nucleus (N<-C) = 5.758 Gy/Bq.s  +- 8.772 Gy/Bq.s 

 Track length of primary track = 12.844 nm  +- 10.693 nm 
 Projected range               = 24160.569 fm  +- 30.009 nm 

 Nb of steps of primary track  = 43.48 +- 42.08

 Step size                     = 3.201 Ang +- 83299.492 fm 

 ======================== run summary =====================

 The run is 1000 e- of 200.00 eV 

 Total Energy deposited in cytoplasm = 93.827 eV  +- 64.372 eV 

 S value for cytoplasm (C<-C) = 150.303 Gy/Bq.s  +- 103.120 Gy/Bq.s 

 Total Energy deposited in nucleus = 50.773 eV  +- 65.383 eV 

 S value for nucleus (N<-C) = 15.536 Gy/Bq.s  +- 20.007 Gy/Bq.s 

 Track length of primary track = 17.766 nm  +- 11.560 nm 
 Projected range               = 2.015 nm  +- 29.651 nm 

 Nb of steps of primary track  = 50.72 +- 45.14

 Step size                     = 3.961 Ang +- 1.121 Ang

 ======================== run summary =====================

 The run is 1000 e- of 300.00 eV 

 Total Energy deposited in cytoplasm = 104.594 eV  +- 87.678 eV 

 S value for cytoplasm (C<-C) = 167.551 Gy/Bq.s  +- 140.454 Gy/Bq.s 

 Total Energy deposited in nucleus = 81.195 eV  +- 105.871 eV 

 S value for nucleus (N<-C) = 24.845 Gy/Bq.s  +- 32.396 Gy/Bq.s 

 Track length of primary track = 22.407 nm  +- 11.409 nm 
 Projected range               = 5.996 nm  +- 29.914 nm 

 Nb of steps of primary track  = 53.30 +- 39.45

 Step size                     = 4.700 Ang +- 1.313 Ang

 ======================== run summary =====================

 The run is 1000 e- of 400.00 eV 

 Total Energy deposited in cytoplasm = 111.753 eV  +- 101.409 eV 

 S value for cytoplasm (C<-C) = 179.019 Gy/Bq.s  +- 162.450 Gy/Bq.s 

 Total Energy deposited in nucleus = 132.242 eV  +- 151.511 eV 

 S value for nucleus (N<-C) = 40.465 Gy/Bq.s  +- 46.361 Gy/Bq.s 

 Track length of primary track = 28.354 nm  +- 11.969 nm 
 Projected range               = 6.679 nm  +- 30.162 nm 

 Nb of steps of primary track  = 58.72 +- 40.37

 Step size                     = 5.482 Ang +- 1.675 Ang

 ======================== run summary =====================

 The run is 1000 e- of 500.00 eV 

 Total Energy deposited in cytoplasm = 111.047 eV  +- 113.648 eV 

 S value for cytoplasm (C<-C) = 177.888 Gy/Bq.s  +- 182.056 Gy/Bq.s 

 Total Energy deposited in nucleus = 172.349 eV  +- 195.518 eV 

 S value for nucleus (N<-C) = 52.738 Gy/Bq.s  +- 59.827 Gy/Bq.s 

 Track length of primary track = 33.546 nm  +- 12.497 nm 
 Projected range               = 9.643 nm  +- 30.402 nm 

 Nb of steps of primary track  = 60.09 +- 37.44

 Step size                     = 6.220 Ang +- 1.880 Ang

 ======================== run summary =====================

 The run is 1000 e- of 600.00 eV 

 Total Energy deposited in cytoplasm = 103.160 eV  +- 114.485 eV 

 S value for cytoplasm (C<-C) = 165.255 Gy/Bq.s  +- 183.396 Gy/Bq.s 

 Total Energy deposited in nucleus = 200.919 eV  +- 236.288 eV 

 S value for nucleus (N<-C) = 61.480 Gy/Bq.s  +- 72.303 Gy/Bq.s 

 Track length of primary track = 41.599 nm  +- 13.871 nm 
 Projected range               = 13.321 nm  +- 31.390 nm 

 Nb of steps of primary track  = 67.93 +- 40.53

 Step size                     = 6.928 Ang +- 2.114 Ang

 ======================== run summary =====================

 The run is 1000 e- of 700.00 eV 

 Total Energy deposited in cytoplasm = 104.754 eV  +- 120.259 eV 

 S value for cytoplasm (C<-C) = 167.809 Gy/Bq.s  +- 192.645 Gy/Bq.s 

 Total Energy deposited in nucleus = 242.812 eV  +- 279.454 eV 

 S value for nucleus (N<-C) = 74.299 Gy/Bq.s  +- 85.511 Gy/Bq.s 

 Track length of primary track = 49.122 nm  +- 15.602 nm 
 Projected range               = 14.835 nm  +- 31.553 nm 

 Nb of steps of primary track  = 69.29 +- 37.16

 Step size                     = 7.799 Ang +- 2.303 Ang

 ======================== run summary =====================

 The run is 1000 e- of 800.00 eV 

 Total Energy deposited in cytoplasm = 92.409 eV  +- 112.595 eV 

 S value for cytoplasm (C<-C) = 148.032 Gy/Bq.s  +- 180.369 Gy/Bq.s 

 Total Energy deposited in nucleus = 277.677 eV  +- 324.234 eV 

 S value for nucleus (N<-C) = 84.967 Gy/Bq.s  +- 99.213 Gy/Bq.s 

 Track length of primary track = 57.955 nm  +- 17.745 nm 
 Projected range               = 17.729 nm  +- 32.813 nm 

 Nb of steps of primary track  = 74.95 +- 39.79

 Step size                     = 8.554 Ang +- 2.581 Ang

 ======================== run summary =====================

 The run is 1000 e- of 900.00 eV 

 Total Energy deposited in cytoplasm = 93.439 eV  +- 117.915 eV 

 S value for cytoplasm (C<-C) = 149.682 Gy/Bq.s  +- 188.891 Gy/Bq.s 

 Total Energy deposited in nucleus = 295.967 eV  +- 357.094 eV 

 S value for nucleus (N<-C) = 90.564 Gy/Bq.s  +- 109.268 Gy/Bq.s 

 Track length of primary track = 65.985 nm  +- 19.459 nm 
 Projected range               = 22.067 nm  +- 35.613 nm 

 Nb of steps of primary track  = 79.01 +- 40.11

 Step size                     = 9.182 Ang +- 2.652 Ang

 ======================== run summary =====================

 The run is 1000 e- of 1.00 keV

 Total Energy deposited in cytoplasm = 87.796 eV  +- 112.915 eV 

 S value for cytoplasm (C<-C) = 140.643 Gy/Bq.s  +- 180.882 Gy/Bq.s 

 Total Energy deposited in nucleus = 315.431 eV  +- 387.103 eV 

 S value for nucleus (N<-C) = 96.520 Gy/Bq.s  +- 118.451 Gy/Bq.s 

 Track length of primary track = 75.552 nm  +- 22.329 nm 
 Projected range               = 27.127 nm  +- 36.663 nm 

 Nb of steps of primary track  = 80.26 +- 37.84

 Step size                     = 1.017 nm  +- 2.841 Ang

 ======================== run summary =====================

 The run is 1000 e- of 2.00 keV

 Total Energy deposited in cytoplasm = 55.342 eV  +- 81.371 eV 

 S value for cytoplasm (C<-C) = 88.654 Gy/Bq.s  +- 130.350 Gy/Bq.s 

 Total Energy deposited in nucleus = 244.049 eV  +- 430.307 eV 

 S value for nucleus (N<-C) = 74.677 Gy/Bq.s  +- 131.671 Gy/Bq.s 

 Track length of primary track = 204.991 nm  +- 49.788 nm 
 Projected range               = 82.189 nm  +- 62.742 nm 

 Nb of steps of primary track  = 121.19 +- 43.74

 Step size                     = 1.787 nm  +- 4.464 Ang

 ======================== run summary =====================

 The run is 1000 e- of 3.00 keV

 Total Energy deposited in cytoplasm = 34.421 eV  +- 61.081 eV 

 S value for cytoplasm (C<-C) = 55.141 Gy/Bq.s  +- 97.848 Gy/Bq.s 

 Total Energy deposited in nucleus = 142.776 eV  +- 281.340 eV 

 S value for nucleus (N<-C) = 43.689 Gy/Bq.s  +- 86.088 Gy/Bq.s 

 Track length of primary track = 378.077 nm  +- 93.757 nm 
 Projected range               = 162.840 nm  +- 111.881 nm 

 Nb of steps of primary track  = 152.11 +- 46.14

 Step size                     = 2.572 nm  +- 5.859 Ang

 ======================== run summary =====================

 The run is 1000 e- of 4.00 keV

 Total Energy deposited in cytoplasm = 26.949 eV  +- 49.435 eV 

 S value for cytoplasm (C<-C) = 43.170 Gy/Bq.s  +- 79.192 Gy/Bq.s 

 Total Energy deposited in nucleus = 99.788 eV  +- 218.845 eV 

 S value for nucleus (N<-C) = 30.535 Gy/Bq.s  +- 66.965 Gy/Bq.s 

 Track length of primary track = 598.606 nm  +- 141.803 nm 
 Projected range               = 274.207 nm  +- 172.295 nm 

 Nb of steps of primary track  = 183.38 +- 45.95

 Step size                     = 3.330 nm  +- 6.665 Ang

 ======================== run summary =====================

 The run is 1000 e- of 5.00 keV

 Total Energy deposited in cytoplasm = 23.025 eV  +- 44.756 eV 

 S value for cytoplasm (C<-C) = 36.884 Gy/Bq.s  +- 71.696 Gy/Bq.s 

 Total Energy deposited in nucleus = 73.314 eV  +- 162.799 eV 

 S value for nucleus (N<-C) = 22.434 Gy/Bq.s  +- 49.815 Gy/Bq.s 

 Track length of primary track = 860.323 nm  +- 204.614 nm 
 Projected range               = 410.688 nm  +- 235.666 nm 

 Nb of steps of primary track  = 216.25 +- 53.31

 Step size                     = 4.045 nm  +- 7.782 Ang

 ======================== run summary =====================

 The run is 1000 e- of 6.00 keV

 Total Energy deposited in cytoplasm = 19.607 eV  +- 47.428 eV 

 S value for cytoplasm (C<-C) = 31.410 Gy/Bq.s  +- 75.976 Gy/Bq.s 

 Total Energy deposited in nucleus = 61.450 eV  +- 140.514 eV 

 S value for nucleus (N<-C) = 18.803 Gy/Bq.s  +- 42.996 Gy/Bq.s 

 Track length of primary track = 1.161 um  +- 258.580 nm 
 Projected range               = 571.683 nm  +- 315.443 nm 

 Nb of steps of primary track  = 243.09 +- 52.53

 Step size                     = 4.826 nm  +- 8.170 Ang

 ======================== run summary =====================

 The run is 1000 e- of 7.00 keV

 Total Energy deposited in cytoplasm = 16.985 eV  +- 38.791 eV 

 S value for cytoplasm (C<-C) = 27.209 Gy/Bq.s  +- 62.139 Gy/Bq.s 

 Total Energy deposited in nucleus = 60.026 eV  +- 144.482 eV 

 S value for nucleus (N<-C) = 18.367 Gy/Bq.s  +- 44.211 Gy/Bq.s 

 Track length of primary track = 1.494 um  +- 325.726 nm 
 Projected range               = 733.784 nm  +- 407.029 nm 

 Nb of steps of primary track  = 273.98 +- 57.68

 Step size                     = 5.506 nm  +- 9.016 Ang

 ======================== run summary =====================

 The run is 1000 e- of 8.00 keV

 Total Energy deposited in cytoplasm = 15.037 eV  +- 37.257 eV 

 S value for cytoplasm (C<-C) = 24.088 Gy/Bq.s  +- 59.682 Gy/Bq.s 

 Total Energy deposited in nucleus = 47.922 eV  +- 110.989 eV 

 S value for nucleus (N<-C) = 14.664 Gy/Bq.s  +- 33.962 Gy/Bq.s 

 Track length of primary track = 1.870 um  +- 417.492 nm 
 Projected range               = 925.293 nm  +- 512.565 nm 

 Nb of steps of primary track  = 302.11 +- 63.12

 Step size                     = 6.241 nm  +- 1.012 nm 

 ======================== run summary =====================

 The run is 1000 e- of 9.00 keV

 Total Energy deposited in cytoplasm = 15.334 eV  +- 37.228 eV 

 S value for cytoplasm (C<-C) = 24.563 Gy/Bq.s  +- 59.637 Gy/Bq.s 

 Total Energy deposited in nucleus = 46.714 eV  +- 122.017 eV 

 S value for nucleus (N<-C) = 14.294 Gy/Bq.s  +- 37.336 Gy/Bq.s 

 Track length of primary track = 2.289 um  +- 499.706 nm 
 Projected range               = 1.166 um  +- 631.836 nm 

 Nb of steps of primary track  = 326.64 +- 63.08

 Step size                     = 7.033 nm  +- 1.059 nm 

 ======================== run summary =====================

 The run is 1000 e- of 10.00 keV

 Total Energy deposited in cytoplasm = 11.473 eV  +- 29.239 eV 

 S value for cytoplasm (C<-C) = 18.378 Gy/Bq.s  +- 46.838 Gy/Bq.s 

 Total Energy deposited in nucleus = 39.071 eV  +- 98.441 eV 

 S value for nucleus (N<-C) = 11.955 Gy/Bq.s  +- 30.122 Gy/Bq.s 

 Track length of primary track = 2.747 um  +- 580.529 nm 
 Projected range               = 1.365 um  +- 754.141 nm 

 Nb of steps of primary track  = 355.00 +- 64.31

 Step size                     = 7.750 nm  +- 1.091 nm 
Graphics systems deleted.
Visualization Manager deleting...
