Environment variable "G4FORCE_RUN_MANAGER_TYPE" enabled with value == Serial. Forcing G4RunManager type...

        ############################################
        !!! WARNING - FPE detection is activated !!!
        ############################################


          ################################
          !!! G4Backtrace is activated !!!
          ################################


**************************************************************
 Geant4 version Name: geant4-10-07-ref-09    (31-October-2021)
                       Copyright : Geant4 Collaboration
                      References : NIM A 506 (2003), 250-303
                                 : IEEE-TNS 53 (2006), 270-278
                                 : NIM A 835 (2016), 186-225
                             WWW : http://geant4.org/
**************************************************************

/run/verbose 1
#
###/testhadr/det/setIsotopeMat Li7 3 7 1.85 g/cm3
###/testhadr/det/setMat G4_Co
###/testhadr/det/setThickness 1 cm
###/testhadr/det/setSizeYZ 1 cm
#
/process/em/verbose 0
/process/had/verbose 0
#
/run/initialize

 The Absorber is 1 cm  of G4_Co
 
 Material:    G4_Co    density:  8.900 g/cm3   RadL:   1.530 cm   Nucl.Int.Length:  15.304 cm 
                       Imean: 297.000 eV   temperature: 293.15 K  pressure:   1.00 atm

   --->  Element: Co (Co)   Z = 27.0   N =    59   A = 58.933 g/mole
         --->  Isotope:  Co59   Z = 27   N =  59   A =  58.93 g/mole   abundance: 100.000 %
          ElmMassFraction: 100.00 %  ElmAbundance 100.00 % 

#
/process/em/printParameters
=======================================================================
======                 Electromagnetic Physics Parameters      ========
=======================================================================
LPM effect enabled                                 1
Enable creation and use of sampling tables         0
Apply cuts on all EM processes                     0
Use general process                                0
Enable linear polarisation for gamma               0
Enable sampling of quantum entanglement            0
X-section factor for integral approach             0.8
Min kinetic energy for tables                      100 eV 
Max kinetic energy for tables                      100 TeV
Number of bins per decade of a table               7
Verbose level                                      0
Verbose level for worker thread                    0
Bremsstrahlung energy threshold above which 
  primary e+- is added to the list of secondary    100 TeV
Bremsstrahlung energy threshold above which primary
  muon/hadron is added to the list of secondary    100 TeV
Lowest triplet kinetic energy                      1 MeV
Enable sampling of gamma linear polarisation       0
5D gamma conversion model type                     0
5D gamma conversion model on isolated ion          0
Livermore data directory                           livermore
=======================================================================
======                 Ionisation Parameters                   ========
=======================================================================
Step function for e+-                              (0.2, 0.1 mm)
Step function for muons/hadrons                    (0.1, 0.01 mm)
Step function for light ions                       (0.1, 0.01 mm)
Step function for general ions                     (0.1, 0.001 mm)
Lowest e+e- kinetic energy                         1 keV
Lowest muon/hadron kinetic energy                  1 keV
Fluctuations of dE/dx are enabled                  1
Use ICRU90 data                                    0
Use built-in Birks satuaration                     0
Build CSDA range enabled                           0
Use cut as a final range enabled                   0
Enable angular generator interface                 0
Max kinetic energy for CSDA tables                 1 GeV
Max kinetic energy for NIEL computation            0 eV 
Linear loss limit                                  0.01
Read data from file for e+e- pair production by mu 0
=======================================================================
======                 Multiple Scattering Parameters          ========
=======================================================================
Type of msc step limit algorithm for e+-           1
Type of msc step limit algorithm for muons/hadrons 0
Msc lateral displacement for e+- enabled           1
Msc lateral displacement for muons and hadrons     0
Urban msc model lateral displacement alg96         1
Range factor for msc step limit for e+-            0.04
Range factor for msc step limit for muons/hadrons  0.2
Geometry factor for msc step limitation of e+-     2.5
Safety factor for msc step limit for e+-           0.6
Skin parameter for msc step limitation of e+-      1
Lambda limit for msc step limit for e+-            1 mm
Use Mott correction for e- scattering              0
Factor used for dynamic computation of angular 
  limit between single and multiple scattering     1
Fixed angular limit between single 
  and multiple scattering                          3.1416 rad
Upper energy limit for e+- multiple scattering     100 MeV
Type of electron single scattering model           0
Type of nuclear form-factor                        1
Screening factor                                   1
=======================================================================
#
/gun/particle neutron
/gun/energy 25 meV
#
/run/printProgress 100
/run/beamOn 1000

========= Table of registered couples ============================

Index : 0     used in the geometry : Yes
 Material : Galactic
 Range cuts        :  gamma  10 km     e-  10 km     e+  10 km  proton 0 fm 
 Energy thresholds :  gamma  1 keV    e-  1 keV    e+  1 keV proton 0 eV 
 Region(s) which use this couple : 
    DefaultRegionForTheWorld

Index : 1     used in the geometry : Yes
 Material : G4_Co
 Range cuts        :  gamma  10 km     e-  10 km     e+  10 km  proton 0 fm 
 Energy thresholds :  gamma  9.54993 GeV    e-  9.54993 GeV    e+  9.54993 GeV proton 0 eV 
 Region(s) which use this couple : 
    DefaultRegionForTheWorld

==================================================================

### Run 0 starts.

--------- Ranecu engine status ---------
 Initial seed (index) = 0
 Current couple of seeds = 9876, 54321
----------------------------------------
--> Event 0 starts.
--> Event 100 starts.
--> Event 200 starts.
--> Event 300 starts.
--> Event 400 starts.
--> Event 500 starts.
--> Event 600 starts.
--> Event 700 starts.
--> Event 800 starts.
--> Event 900 starts.
 Run terminated.
Run Summary
  Number of events processed : 1000
  User=0.190000s Real=0.227722s Sys=0.000000s

 The run is 1000 neutron of 25 meV through 1 cm  of G4_Co (density: 8.9 g/cm3 )

 Process calls frequency :
            NoProcess=   1086       Radioactivation=   2859                  Rayl=     90
       Transportation=  22092               annihil=      3                 compt=   3196
                 conv=      3                 eIoni=   6864            hadElastic=    132
              ionIoni=   2040                   msc=    593              nCapture=    954
                 phot=    219 

 List of generated particles (with meanLife != 0):
           Co59:     132  Emean =  37.729 meV	( 0.095455 meV --> 170.37 meV)	stable
           Co60:     954  Emean =  68.891 eV 	( 206.38 meV --> 340.08 eV )	mean life = 7.6098 y  
           Ni60:     954  Emean =  15.907 eV 	( 15.907 eV  --> 15.907 eV )	stable
      anti_nu_e:     954  Emean =  222.63 keV	( 15.519 keV --> 1.4095 MeV)	stable
             e+:       3  Emean =  414.71 keV	( 326.1 keV --> 571.44 keV)	stable
             e-:    4379  Emean =  272.89 keV	( 108.82 eV  --> 1.7924 MeV)	stable
          gamma:    9725  Emean =  980.25 keV	( 158.5 keV --> 1.8003 MeV)	stable

 Mean energy deposit per event = 1.1792 MeV  rms = 840.18 keV
 Mean energy flow per event    = 8.661 MeV  rms = 2.063 MeV

 List of particles emerging from the target :
      anti_nu_e:     954  Emean =  222.63 keV	( 15.519 keV --> 1.4095 MeV) 	Eflow/event = 212.39 keV
             e-:      40  Emean =  471.47 keV	( 101.45 keV --> 1.3914 MeV) 	Eflow/event = 18.859 keV
          gamma:    9503  Emean =  887.07 keV	( 83.953 keV --> 1.8003 MeV) 	Eflow/event = 8.4298 MeV
        neutron:      46  Emean =  25.206 meV	( 12.079 meV --> 41.769 meV) 	Eflow/event = 1.1595 meV

 histo Id for populations :
                 Co59  id =  26
                 Co60  id =  24
                 Ni60  id =  25


--------- Ranecu engine status ---------
 Initial seed (index) = 0
 Current couple of seeds = 171863988, 620033292
----------------------------------------
G4 kernel has come to Quit state.
================== Deleting memory pools ===================
Number of memory pools allocated: 11 of which, static: 0
Dynamic pools deleted: 11 / Total memory freed: 0.026 MB
============================================================
RunManagerKernel is deleted. Good bye :)
