
**************************************************************
 Geant4 version Name: geant4-10-05-ref-07    (17-July-2019)
                       Copyright : Geant4 Collaboration
                      References : NIM A 506 (2003), 250-303
                                 : IEEE-TNS 53 (2006), 270-278
                                 : NIM A 835 (2016), 186-225
                             WWW : http://geant4.org/
**************************************************************

===== Register constructor ==== G4EmDNAPhysics
===== Register constructor ==== G4EmDNAChemistry
userDetector->Construct() start.
World is registered to the default region.
physicsList->Construct() start.
physicsList->CheckParticleList() start.
physicsList->setCut() start.

### ===  Deexcitation model UAtomDeexcitation is activated for 1 region:
          DefaultRegionForTheWorld  1  1  0
### ===  Auger cascade flag: 1
### ===  Ignore cuts flag:   1

phot:  for gamma SubType=12 BuildTable=0
      LambdaPrime table from 200 keV to 100 TeV in 61 bins 
      ===== EM models for the G4Region  DefaultRegionForTheWorld ======
 LivermorePhElectric : Emin=    0 eV  Emax=  100 TeV  SauterGavrila Fluo

compt:  for gamma SubType=13 BuildTable=1
      Lambda table from 100 eV  to 1 MeV, 7 bins/decade, spline: 1
      LambdaPrime table from 1 MeV to 100 TeV in 56 bins 
      ===== EM models for the G4Region  DefaultRegionForTheWorld ======
    LivermoreCompton : Emin=    0 eV  Emax=  100 TeV Fluo

conv:  for gamma SubType=14 BuildTable=1
      Lambda table from 1.022 MeV to 100 TeV, 18 bins/decade, spline: 1
      ===== EM models for the G4Region  DefaultRegionForTheWorld ======
 LivermoreConversion : Emin=    0 eV  Emax=   80 GeV
     BetheHeitlerLPM : Emin=   80 GeV Emax=  100 TeV  ModifiedTsai

Rayl:  for gamma SubType=11 BuildTable=1
      Lambda table from 100 eV  to 100 keV, 7 bins/decade, spline: 0
      LambdaPrime table from 100 keV to 100 TeV in 63 bins 
      ===== EM models for the G4Region  DefaultRegionForTheWorld ======
   LivermoreRayleigh : Emin=    0 eV  Emax=  100 TeV  CullenGenerator

e-_G4DNAElectronSolvation:  for e- SubType=58 BuildTable=0
      ===== EM models for the G4Region  DefaultRegionForTheWorld ======
DNAOneStepThermalizationModel_Meesungnoen2002 : Emin=    0 eV  Emax=  7.4 eV 

e-_G4DNAElastic:  for e- SubType=51 BuildTable=0
      ===== EM models for the G4Region  DefaultRegionForTheWorld ======
DNAChampionElasticModel : Emin=    0 eV  Emax=    1 MeV

e-_G4DNAExcitation:  for e- SubType=52 BuildTable=0
      ===== EM models for the G4Region  DefaultRegionForTheWorld ======
DNABornExcitationModel : Emin=    0 eV  Emax=    1 MeV

e-_G4DNAIonisation:  for e- SubType=53 BuildTable=0
      ===== EM models for the G4Region  DefaultRegionForTheWorld ======
DNABornIonisationModel : Emin=    0 eV  Emax=    1 MeV  deltaBorn Fluo

e-_G4DNAVibExcitation:  for e- SubType=54 BuildTable=0
      ===== EM models for the G4Region  DefaultRegionForTheWorld ======
DNASancheExcitationModel : Emin=    0 eV  Emax=  100 eV 

e-_G4DNAAttachment:  for e- SubType=55 BuildTable=0
      ===== EM models for the G4Region  DefaultRegionForTheWorld ======
DNAMeltonAttachmentModel : Emin=    0 eV  Emax=   13 eV 

msc:  for e+  SubType= 10
      RangeFactor= 0.04, stepLimType: 3, latDisp: 1, skin= 1, geomFactor= 2.5
      ===== EM models for the G4Region  DefaultRegionForTheWorld ======
            UrbanMsc : Emin=    0 eV  Emax=  100 TeV Nbins=84 100 eV  - 100 TeV

eIoni:  for e+  SubType=2
      dE/dx and range tables from 100 eV  to 100 TeV in 84 bins
      Lambda tables from threshold to 100 TeV, 7 bins/decade, spline: 1
      StepFunction=(0.2, 0.1 mm), integ: 1, fluct: 1, linLossLim= 0.01
      ===== EM models for the G4Region  DefaultRegionForTheWorld ======
        MollerBhabha : Emin=    0 eV  Emax=  100 TeV

eBrem:  for e+  SubType=3
      dE/dx and range tables from 100 eV  to 100 TeV in 84 bins
      Lambda tables from threshold to 100 TeV, 7 bins/decade, spline: 1
      LPM flag: 1 for E > 1 GeV,  VertexHighEnergyTh(GeV)= 100000
      ===== EM models for the G4Region  DefaultRegionForTheWorld ======
             eBremSB : Emin=    0 eV  Emax=    1 GeV  ModifiedTsai
            eBremLPM : Emin=    1 GeV Emax=  100 TeV  ModifiedTsai

annihil:  for e+, integral:1  SubType=5 BuildTable=0
      ===== EM models for the G4Region  DefaultRegionForTheWorld ======
            eplus2gg : Emin=    0 eV  Emax=  100 TeV

proton_G4DNAElastic:  for proton SubType=51 BuildTable=0
      ===== EM models for the G4Region  DefaultRegionForTheWorld ======
  DNAIonElasticModel : Emin=    0 eV  Emax=    1 MeV

proton_G4DNAExcitation:  for proton SubType=52 BuildTable=0
      ===== EM models for the G4Region  DefaultRegionForTheWorld ======
DNAMillerGreenExcitationModel : Emin=    0 eV  Emax=  500 keV
DNABornExcitationModel : Emin=  500 keV Emax=  100 MeV

proton_G4DNAIonisation:  for proton SubType=53 BuildTable=0
      ===== EM models for the G4Region  DefaultRegionForTheWorld ======
DNARuddIonisationModel : Emin=    0 eV  Emax=  500 keV  deltaRudd Fluo
DNABornIonisationModel : Emin=  500 keV Emax=  100 MeV  deltaBorn Fluo

proton_G4DNAChargeDecrease:  for proton SubType=56 BuildTable=0
      ===== EM models for the G4Region  DefaultRegionForTheWorld ======
DNADingfelderChargeDecreaseModel : Emin=    0 eV  Emax=  100 MeV

GenericIon_G4DNAIonisation:  for GenericIon SubType=53 BuildTable=0
      ===== EM models for the G4Region  DefaultRegionForTheWorld ======
DNARuddIonisationExtendedModel : Emin=    0 eV  Emax=    1 TeV  deltaRudd Fluo

alpha_G4DNAElastic:  for alpha SubType=51 BuildTable=0
      ===== EM models for the G4Region  DefaultRegionForTheWorld ======
  DNAIonElasticModel : Emin=    0 eV  Emax=    1 MeV

alpha_G4DNAExcitation:  for alpha SubType=52 BuildTable=0
      ===== EM models for the G4Region  DefaultRegionForTheWorld ======
DNAMillerGreenExcitationModel : Emin=    0 eV  Emax=  400 MeV

alpha_G4DNAIonisation:  for alpha SubType=53 BuildTable=0
      ===== EM models for the G4Region  DefaultRegionForTheWorld ======
DNARuddIonisationModel : Emin=    0 eV  Emax=  400 MeV  deltaRudd Fluo

alpha_G4DNAChargeDecrease:  for alpha SubType=56 BuildTable=0
      ===== EM models for the G4Region  DefaultRegionForTheWorld ======
DNADingfelderChargeDecreaseModel : Emin=    0 eV  Emax=  400 MeV

alpha+_G4DNAElastic:  for alpha+ SubType=51 BuildTable=0
      ===== EM models for the G4Region  DefaultRegionForTheWorld ======
  DNAIonElasticModel : Emin=    0 eV  Emax=    1 MeV

alpha+_G4DNAExcitation:  for alpha+ SubType=52 BuildTable=0
      ===== EM models for the G4Region  DefaultRegionForTheWorld ======
DNAMillerGreenExcitationModel : Emin=    0 eV  Emax=  400 MeV

alpha+_G4DNAIonisation:  for alpha+ SubType=53 BuildTable=0
      ===== EM models for the G4Region  DefaultRegionForTheWorld ======
DNARuddIonisationModel : Emin=    0 eV  Emax=  400 MeV  deltaRudd Fluo

alpha+_G4DNAChargeDecrease:  for alpha+ SubType=56 BuildTable=0
      ===== EM models for the G4Region  DefaultRegionForTheWorld ======
DNADingfelderChargeDecreaseModel : Emin=    0 eV  Emax=  400 MeV

alpha+_G4DNAChargeIncrease:  for alpha+ SubType=57 BuildTable=0
      ===== EM models for the G4Region  DefaultRegionForTheWorld ======
DNADingfelderChargeIncreaseModel : Emin=    0 eV  Emax=  400 MeV

helium_G4DNAElastic:  for helium SubType=51 BuildTable=0
      ===== EM models for the G4Region  DefaultRegionForTheWorld ======
  DNAIonElasticModel : Emin=    0 eV  Emax=    1 MeV

helium_G4DNAExcitation:  for helium SubType=52 BuildTable=0
      ===== EM models for the G4Region  DefaultRegionForTheWorld ======
DNAMillerGreenExcitationModel : Emin=    0 eV  Emax=  400 MeV

helium_G4DNAIonisation:  for helium SubType=53 BuildTable=0
      ===== EM models for the G4Region  DefaultRegionForTheWorld ======
DNARuddIonisationModel : Emin=    0 eV  Emax=  400 MeV  deltaRudd Fluo

helium_G4DNAChargeIncrease:  for helium SubType=57 BuildTable=0
      ===== EM models for the G4Region  DefaultRegionForTheWorld ======
DNADingfelderChargeIncreaseModel : Emin=    0 eV  Emax=  400 MeV

hydrogen_G4DNAElastic:  for hydrogen SubType=51 BuildTable=0
      ===== EM models for the G4Region  DefaultRegionForTheWorld ======
  DNAIonElasticModel : Emin=    0 eV  Emax=    1 MeV

hydrogen_G4DNAExcitation:  for hydrogen SubType=52 BuildTable=0
      ===== EM models for the G4Region  DefaultRegionForTheWorld ======
DNAMillerGreenExcitationModel : Emin=    0 eV  Emax=  500 keV

hydrogen_G4DNAIonisation:  for hydrogen SubType=53 BuildTable=0
      ===== EM models for the G4Region  DefaultRegionForTheWorld ======
DNARuddIonisationModel : Emin=    0 eV  Emax=  100 MeV  deltaRudd Fluo

hydrogen_G4DNAChargeIncrease:  for hydrogen SubType=57 BuildTable=0
      ===== EM models for the G4Region  DefaultRegionForTheWorld ======
DNADingfelderChargeIncreaseModel : Emin=    0 eV  Emax=  100 MeV

Region <DefaultRegionForTheWorld> --  -- appears in <World> world volume
 This region is in the mass world.
 Root logical volume(s) : World 
 Pointers : G4VUserRegionInformation[0], G4UserLimits[0], G4FastSimulationManager[0], G4UserSteppingAction[0]
 Materials : G4_WATER 
 Production cuts :   gamma 1 nm      e- 1 nm      e+ 1 nm  proton 1 nm 

Region <DefaultRegionForParallelWorld> --  -- is not associated to any world.
 Root logical volume(s) : 
 Pointers : G4VUserRegionInformation[0], G4UserLimits[0], G4FastSimulationManager[0], G4UserSteppingAction[0]
 Materials : 
 Production cuts :   gamma 1 nm      e- 1 nm      e+ 1 nm  proton 1 nm 

========= Table of registered couples ==============================

Index : 0     used in the geometry : Yes
 Material : G4_WATER
 Range cuts        :  gamma  1 nm     e-  1 nm     e+  1 nm  proton 1 nm 
 Energy thresholds :  gamma  100 eV     e-  100 eV     e+  100 eV  proton 0.1 eV 
 Region(s) which use this couple : 
    DefaultRegionForTheWorld

====================================================================

Start closing geometry.
G4GeometryManager::ReportVoxelStats -- Voxel Statistics

    Total memory consumed for geometry optimisation:   0 kByte
    Total CPU time elapsed for geometry optimisation: 0 seconds
### Run 0 starts.
Physics stage ends
Number of chemical species involved in reactions = 6
Reaction                                    Reaction Rate [dm3/(mol*s)]   Interaction Range for chosen reaction model [nm]
------------------------------------------------------------------------------------------------------------------------------
H3O^1 + e_aq^-1 -> H^0                      2.11e+10                      0.200589
------------------------------------------------------------------------------------------------------------------------------
H3O^1 + OH^-1 -> No product                 1.43e+11                      1.34973
------------------------------------------------------------------------------------------------------------------------------
OH^0 + e_aq^-1 -> OH^-1                     2.95e+10                      0.506256
------------------------------------------------------------------------------------------------------------------------------
OH^0 + OH^0 -> H2O2^0                       4.4e+09                       0.207651
------------------------------------------------------------------------------------------------------------------------------
OH^0 + H^0 -> No product                    1.44e+10                      0.194167
------------------------------------------------------------------------------------------------------------------------------
e_aq^-1 + e_aq^-1 -> OH^-1 + OH^-1 + H_2^0  5e+09                         0.134838
------------------------------------------------------------------------------------------------------------------------------
e_aq^-1 + H^0 -> OH^-1 + H_2^0              2.65e+10                      0.294265
------------------------------------------------------------------------------------------------------------------------------
e_aq^-1 + H2O2^0 -> OH^-1 + OH^0            1.41e+10                      0.295745
------------------------------------------------------------------------------------------------------------------------------
H^0 + H^0 -> H_2^0                          1.2e+10                       0.226528
------------------------------------------------------------------------------------------------------------------------------
DNAMolecularStepByStepModel will be used
*** G4Scheduler starts processing 
At time :       1 ps Reaction : OH^0 (-975) + OH^0 (-1107) -> H2O2^0 (-1116)
At time :       1 ps Reaction : OH^0 (-1054) + OH^0 (-1056) -> H2O2^0 (-1117)
At time :       1 ps Reaction : OH^0 (-1039) + OH^0 (-963) -> H2O2^0 (-1118)
At time :       2 ps Reaction : H^0 (-1108) + OH^0 (-1016) -> No product
At time :       2 ps Reaction : OH^0 (-1088) + OH^0 (-1089) -> H2O2^0 (-1119)
At time :       5 ps Reaction : H^0 (-990) + OH^0 (-734) -> No product
At time :       9 ps Reaction : H^0 (-1047) + OH^0 (-722) -> No product
At time :      10 ps Reaction : H^0 (-998) + OH^0 (-1005) -> No product
At time :      18 ps Reaction : OH^0 (-1022) + e_aq^-1 (-518) -> OH^-1 (-1120)
At time :      18 ps Reaction : OH^-1 (-1120) + H3O^1 (-1021) -> No product
At time :      20 ps Reaction : OH^0 (-730) + OH^0 (-738) -> H2O2^0 (-1121)
At time :      24 ps Reaction : H^0 (-1091) + OH^0 (-848) -> No product
At time :      25 ps Reaction : OH^0 (-1003) + OH^0 (-1002) -> H2O2^0 (-1122)
At time :      35 ps Reaction : H^0 (-1069) + OH^0 (-1075) -> No product
At time :      37 ps Reaction : OH^0 (-1034) + OH^0 (-622) -> H2O2^0 (-1123)
At time :      43 ps Reaction : OH^0 (-1078) + H^0 (-1079) -> No product
At time :  64.095 ps Reaction : H^0 (-1065) + OH^0 (-1064) -> No product
At time :  67.095 ps Reaction : e_aq^-1 (-527) + OH^0 (-896) -> OH^-1 (-1124)
At time :  68.095 ps Reaction : e_aq^-1 (-103) + OH^0 (-850) -> OH^-1 (-1125)
At time :  68.095 ps Reaction : e_aq^-1 (-284) + H3O^1 (-789) -> H^0 (-1126)
At time :  68.095 ps Reaction : H3O^1 (-849) + OH^-1 (-1125) -> No product
At time :  77.103 ps Reaction : OH^0 (-670) + OH^0 (-726) -> H2O2^0 (-1127)
At time :  88.103 ps Reaction : OH^0 (-1114) + OH^0 (-1076) -> H2O2^0 (-1128)
At time :  93.103 ps Reaction : H^0 (-1126) + OH^0 (-770) -> No product
At time :   101.1 ps Reaction : e_aq^-1 (-520) + OH^0 (-959) -> OH^-1 (-1129)
At time :   102.1 ps Reaction : H^0 (-976) + OH^0 (-682) -> No product
At time :   103.1 ps Reaction : OH^0 (-973) + OH^0 (-840) -> H2O2^0 (-1130)
At time :  111.06 ps Reaction : e_aq^-1 (-257) + OH^0 (-778) -> OH^-1 (-1131)
At time :  121.51 ps Reaction : H3O^1 (-677) + OH^-1 (-1129) -> No product
At time :  124.51 ps Reaction : OH^0 (-762) + OH^0 (-766) -> H2O2^0 (-1132)
At time :  129.51 ps Reaction : OH^0 (-1071) + OH^0 (-814) -> H2O2^0 (-1133)
At time :  137.51 ps Reaction : e_aq^-1 (-484) + OH^0 (-886) -> OH^-1 (-1134)
At time :  147.55 ps Reaction : OH^0 (-1008) + H^0 (-1009) -> No product
At time :  147.55 ps Reaction : H^0 (-970) + OH^0 (-624) -> No product
At time :  151.55 ps Reaction : H3O^1 (-671) + OH^-1 (-1134) -> No product
At time :  157.55 ps Reaction : e_aq^-1 (-560) + OH^0 (-680) -> OH^-1 (-1135)
At time :  169.99 ps Reaction : H^0 (-986) + OH^0 (-608) -> No product
At time :  196.45 ps Reaction : e_aq^-1 (-192) + OH^0 (-953) -> OH^-1 (-1136)
At time :  196.45 ps Reaction : OH^-1 (-1136) + H3O^1 (-954) -> No product
At time :  200.45 ps Reaction : H^0 (-978) + OH^0 (-1048) -> No product
At time :  206.45 ps Reaction : OH^0 (-992) + OH^0 (-750) -> H2O2^0 (-1137)
At time :  207.45 ps Reaction : OH^0 (-632) + OH^0 (-736) -> H2O2^0 (-1138)
At time :   220.5 ps Reaction : OH^0 (-997) + H^0 (-996) -> No product
At time :   224.5 ps Reaction : OH^-1 (-1124) + H3O^1 (-897) -> No product
At time :   225.5 ps Reaction : e_aq^-1 (-290) + OH^0 (-794) -> OH^-1 (-1139)
At time :  233.11 ps Reaction : H3O^1 (-761) + OH^-1 (-1139) -> No product
At time :  251.33 ps Reaction : e_aq^-1 (-351) + OH^0 (-666) -> OH^-1 (-1140)
At time :  264.33 ps Reaction : OH^0 (-786) + OH^0 (-788) -> H2O2^0 (-1141)
At time :  288.18 ps Reaction : e_aq^-1 (-187) + OH^0 (-1073) -> OH^-1 (-1142)
At time :  288.18 ps Reaction : OH^-1 (-1142) + H3O^1 (-809) -> No product
At time :  290.18 ps Reaction : OH^0 (-824) + OH^0 (-828) -> H2O2^0 (-1143)
At time :  323.36 ps Reaction : e_aq^-1 (-472) + OH^0 (-696) -> OH^-1 (-1144)
At time :  327.36 ps Reaction : H^0 (-960) + H^0 (-962) -> H_2^0 (-1145)
At time :  345.46 ps Reaction : OH^0 (-592) + OH^0 (-822) -> H2O2^0 (-1146)
At time :   357.6 ps Reaction : e_aq^-1 (-486) + H3O^1 (-707) -> H^0 (-1147)
At time :   360.6 ps Reaction : H3O^1 (-583) + OH^-1 (-1144) -> No product
At time :  370.23 ps Reaction : OH^0 (-977) + H^0 (-1049) -> No product
At time :  396.07 ps Reaction : e_aq^-1 (-350) + OH^0 (-748) -> OH^-1 (-1148)
At time :  399.56 ps Reaction : H3O^1 (-613) + OH^-1 (-1135) -> No product
At time :  404.75 ps Reaction : OH^0 (-588) + OH^0 (-760) -> H2O2^0 (-1149)
At time :  416.75 ps Reaction : OH^0 (-1010) + OH^0 (-830) -> H2O2^0 (-1150)
At time :  508.37 ps Reaction : H^0 (-1115) + H^0 (-1100) -> H_2^0 (-1151)
At time :  654.25 ps Reaction : H^0 (-1007) + OH^0 (-800) -> No product
At time :  658.25 ps Reaction : e_aq^-1 (-510) + OH^0 (-938) -> OH^-1 (-1152)
At time :  715.48 ps Reaction : e_aq^-1 (-83) + H3O^1 (-855) -> H^0 (-1153)
At time :  718.48 ps Reaction : OH^0 (-1095) + OH^0 (-852) -> H2O2^0 (-1154)
At time :  739.63 ps Reaction : OH^0 (-704) + OH^0 (-710) -> H2O2^0 (-1155)
At time :  757.57 ps Reaction : e_aq^-1 (-111) + OH^0 (-846) -> OH^-1 (-1156)
At time :  836.42 ps Reaction : H^0 (-1055) + OH^0 (-752) -> No product
At time :  880.74 ps Reaction : OH^0 (-660) + OH^0 (-832) -> H2O2^0 (-1157)
At time :  919.41 ps Reaction : e_aq^-1 (-390) + e_aq^-1 (-946) -> OH^-1 (-1158) + OH^-1 (-1159) + H_2^0 (-1160)
At time :  924.41 ps Reaction : H3O^1 (-639) + OH^-1 (-1131) -> No product
At time :  927.41 ps Reaction : e_aq^-1 (-440) + OH^0 (-884) -> OH^-1 (-1161)
At time :  939.09 ps Reaction : H3O^1 (-587) + OH^-1 (-1140) -> No product
At time :   1.016 ns Reaction : OH^0 (-1084) + OH^0 (-834) -> H2O2^0 (-1162)
At time :  1.0314 ns Reaction : OH^0 (-1017) + OH^0 (-686) -> H2O2^0 (-1163)
At time :  1.0947 ns Reaction : OH^0 (-808) + OH^0 (-870) -> H2O2^0 (-1164)
At time :  1.0947 ns Reaction : e_aq^-1 (-326) + OH^0 (-754) -> OH^-1 (-1165)
At time :  1.0957 ns Reaction : e_aq^-1 (-102) + H3O^1 (-930) -> H^0 (-1166)
At time :  1.0997 ns Reaction : OH^0 (-1035) + OH^0 (-708) -> H2O2^0 (-1167)
At time :  1.1047 ns Reaction : e_aq^-1 (-371) + H^0 (-966) -> OH^-1 (-1168) + H_2^0 (-1169)
At time :   1.117 ns Reaction : OH^-1 (-1168) + H3O^1 (-739) -> No product
At time :   1.121 ns Reaction : OH^-1 (-1165) + H3O^1 (-749) -> No product
At time :  1.2386 ns Reaction : OH^-1 (-1156) + H3O^1 (-859) -> No product
At time :  1.2446 ns Reaction : OH^0 (-1044) + e_aq^-1 (-425) -> OH^-1 (-1170)
At time :  1.2446 ns Reaction : OH^0 (-586) + OH^0 (-790) -> H2O2^0 (-1171)
At time :  1.3606 ns Reaction : e_aq^-1 (-493) + OH^0 (-618) -> OH^-1 (-1172)
At time :  1.3646 ns Reaction : e_aq^-1 (-114) + H3O^1 (-655) -> H^0 (-1173)
At time :  1.3953 ns Reaction : e_aq^-1 (-270) + OH^0 (-764) -> OH^-1 (-1174)
At time :  1.4003 ns Reaction : H3O^1 (-567) + OH^-1 (-1172) -> No product
At time :  1.4369 ns Reaction : OH^-1 (-1174) + H3O^1 (-765) -> No product
At time :  1.4479 ns Reaction : OH^0 (-1037) + OH^0 (-568) -> H2O2^0 (-1175)
At time :  1.4511 ns Reaction : H3O^1 (-993) + e_aq^-1 (-338) -> H^0 (-1176)
At time :  1.5801 ns Reaction : OH^0 (-650) + OH^0 (-652) -> H2O2^0 (-1177)
At time :  1.8063 ns Reaction : H^0 (-988) + H^0 (-1038) -> H_2^0 (-1178)
At time :  1.8373 ns Reaction : H^0 (-1040) + OH^0 (-716) -> No product
At time :  1.9014 ns Reaction : OH^0 (-826) + OH^0 (-842) -> H2O2^0 (-1179)
At time :  1.9064 ns Reaction : OH^0 (-742) + e_aq^-1 (-913) -> OH^-1 (-1180)
At time :  2.1888 ns Reaction : H^0 (-1011) + OH^0 (-864) -> No product
At time :  2.2634 ns Reaction : H3O^1 (-721) + OH^-1 (-1170) -> No product
At time :  2.2699 ns Reaction : e_aq^-1 (-109) + OH^0 (-929) -> OH^-1 (-1181)
At time :  2.3026 ns Reaction : e_aq^-1 (-174) + H3O^1 (-821) -> H^0 (-1182)
At time :  2.3084 ns Reaction : e_aq^-1 (-344) + OH^0 (-578) -> OH^-1 (-1183)
At time :  2.6222 ns Reaction : H3O^1 (-991) + OH^-1 (-1183) -> No product
At time :  2.6894 ns Reaction : e_aq^-1 (-145) + OH^0 (-658) -> OH^-1 (-1184)
At time :  2.7082 ns Reaction : e_aq^-1 (-91) + OH^0 (-856) -> OH^-1 (-1185)
At time :  2.7335 ns Reaction : e_aq^-1 (-423) + OH^0 (-720) -> OH^-1 (-1186)
At time :  2.7989 ns Reaction : e_aq^-1 (-97) + OH^0 (-654) -> OH^-1 (-1187)
At time :  2.9926 ns Reaction : e_aq^-1 (-131) + H3O^1 (-813) -> H^0 (-1188)
At time :  3.1914 ns Reaction : OH^0 (-1051) + OH^0 (-628) -> H2O2^0 (-1189)
At time :  3.3058 ns Reaction : e_aq^-1 (-327) + H3O^1 (-1066) -> H^0 (-1190)
At time :  3.3058 ns Reaction : e_aq^-1 (-300) + H3O^1 (-763) -> H^0 (-1191)
At time :   3.422 ns Reaction : OH^0 (-640) + OH^0 (-950) -> H2O2^0 (-1192)
At time :  3.5256 ns Reaction : H3O^1 (-657) + OH^-1 (-1184) -> No product
At time :  4.1998 ns Reaction : H3O^1 (-853) + OH^-1 (-1181) -> No product
At time :  4.3652 ns Reaction : OH^0 (-634) + OH^0 (-802) -> H2O2^0 (-1193)
At time :  4.3672 ns Reaction : OH^0 (-616) + H^0 (-1147) -> No product
At time :  4.7621 ns Reaction : OH^0 (-1080) + e_aq^-1 (-158) -> OH^-1 (-1194)
At time :  4.8592 ns Reaction : OH^-1 (-1194) + H3O^1 (-829) -> No product
At time :  4.9693 ns Reaction : OH^0 (-1105) + H^0 (-1106) -> No product
At time :  4.9901 ns Reaction : e_aq^-1 (-385) + H3O^1 (-571) -> H^0 (-1195)
At time :  5.0566 ns Reaction : OH^-1 (-1158) + H3O^1 (-924) -> No product
At time :  5.7215 ns Reaction : e_aq^-1 (-128) + H3O^1 (-823) -> H^0 (-1196)
At time :  5.7368 ns Reaction : e_aq^-1 (-165) + H3O^1 (-811) -> H^0 (-1197)
At time :  6.1285 ns Reaction : e_aq^-1 (-492) + H3O^1 (-711) -> H^0 (-1198)
At time :  6.1886 ns Reaction : e_aq^-1 (-209) + H3O^1 (-589) -> H^0 (-1199)
At time :    6.68 ns Reaction : e_aq^-1 (-152) + H^0 (-1196) -> OH^-1 (-1200) + H_2^0 (-1201)
At time :   6.681 ns Reaction : OH^0 (-994) + OH^0 (-947) -> H2O2^0 (-1202)
At time :  7.0811 ns Reaction : e_aq^-1 (-442) + OH^0 (-712) -> OH^-1 (-1203)
At time :  7.0892 ns Reaction : OH^-1 (-565) + H3O^1 (-753) -> No product
At time :  7.1333 ns Reaction : OH^0 (-1083) + OH^0 (-866) -> H2O2^0 (-1204)
At time :  7.1607 ns Reaction : OH^0 (-1063) + e_aq^-1 (-245) -> OH^-1 (-1205)
At time :   7.448 ns Reaction : H^0 (-1032) + OH^0 (-888) -> No product
At time :  7.4924 ns Reaction : e_aq^-1 (-306) + H^0 (-1199) -> OH^-1 (-1206) + H_2^0 (-1207)
At time :   8.129 ns Reaction : e_aq^-1 (-252) + OH^0 (-920) -> OH^-1 (-1208)
At time :  8.1437 ns Reaction : e_aq^-1 (-93) + H^0 (-1173) -> OH^-1 (-1209) + H_2^0 (-1210)
At time :  8.2589 ns Reaction : e_aq^-1 (-173) + OH^0 (-812) -> OH^-1 (-1211)
At time :  8.2885 ns Reaction : e_aq^-1 (-466) + OH^0 (-570) -> OH^-1 (-1212)
At time :  8.3842 ns Reaction : e_aq^-1 (-117) + OH^0 (-1014) -> OH^-1 (-1213)
At time :  8.8077 ns Reaction : e_aq^-1 (-156) + H3O^1 (-591) -> H^0 (-1214)
At time :  8.8172 ns Reaction : e_aq^-1 (-82) + H3O^1 (-651) -> H^0 (-1215)
At time :  8.8649 ns Reaction : OH^-1 (-1208) + H3O^1 (-791) -> No product
At time :  9.2584 ns Reaction : OH^0 (-969) + OH^0 (-620) -> H2O2^0 (-1216)
At time :  9.2584 ns Reaction : OH^0 (-774) + OH^0 (-914) -> H2O2^0 (-1217)
At time :  9.6055 ns Reaction : e_aq^-1 (-431) + OH^0 (-714) -> OH^-1 (-1218)
At time :  9.6323 ns Reaction : e_aq^-1 (-412) + OH^0 (-878) -> OH^-1 (-1219)
At time :  9.8489 ns Reaction : H3O^1 (-799) + OH^-1 (-1206) -> No product
At time :  9.9874 ns Reaction : OH^-1 (-1213) + H3O^1 (-843) -> No product
At time :  10.638 ns Reaction : OH^0 (-971) + e_aq^-1 (-140) -> OH^-1 (-1220)
At time :  10.688 ns Reaction : e_aq^-1 (-318) + H3O^1 (-643) -> H^0 (-1221)
At time :  11.123 ns Reaction : H3O^1 (-621) + OH^-1 (-1203) -> No product
At time :  11.457 ns Reaction : e_aq^-1 (-406) + H3O^1 (-723) -> H^0 (-1222)
At time :  11.815 ns Reaction : e_aq^-1 (-516) + OH^0 (-1024) -> OH^-1 (-1223)
At time :  11.827 ns Reaction : e_aq^-1 (-378) + OH^0 (-668) -> OH^-1 (-1224)
At time :  13.601 ns Reaction : e_aq^-1 (-161) + OH^0 (-868) -> OH^-1 (-1225)
At time :  13.659 ns Reaction : e_aq^-1 (-247) + H3O^1 (-779) -> H^0 (-1226)
At time :  13.705 ns Reaction : e_aq^-1 (-443) + OH^0 (-718) -> OH^-1 (-1227)
At time :   13.88 ns Reaction : e_aq^-1 (-461) + H3O^1 (-883) -> H^0 (-1228)
At time :      14 ns Reaction : OH^0 (-944) + OH^0 (-965) -> H2O2^0 (-1229)
At time :  14.113 ns Reaction : OH^0 (-596) + OH^0 (-630) -> H2O2^0 (-1230)
At time :  14.309 ns Reaction : OH^-1 (-1148) + H3O^1 (-633) -> No product
At time :   14.32 ns Reaction : OH^0 (-636) + OH^0 (-780) -> H2O2^0 (-1231)
At time :  15.304 ns Reaction : OH^0 (-1068) + OH^0 (-662) -> H2O2^0 (-1232)
At time :  15.327 ns Reaction : e_aq^-1 (-169) + H3O^1 (-957) -> H^0 (-1233)
At time :  16.271 ns Reaction : OH^0 (-985) + OH^0 (-692) -> H2O2^0 (-1234)
At time :  17.193 ns Reaction : OH^0 (-604) + OH^0 (-606) -> H2O2^0 (-1235)
At time :   17.25 ns Reaction : e_aq^-1 (-86) + H3O^1 (-865) -> H^0 (-1236)
At time :  17.922 ns Reaction : e_aq^-1 (-474) + H3O^1 (-695) -> H^0 (-1237)
At time :  18.247 ns Reaction : e_aq^-1 (-281) + OH^0 (-798) -> OH^-1 (-1238)
At time :  18.328 ns Reaction : OH^-1 (-1225) + H3O^1 (-869) -> No product
At time :  19.428 ns Reaction : H3O^1 (-719) + OH^-1 (-1218) -> No product
At time :  20.617 ns Reaction : e_aq^-1 (-394) + H2O2^0 (-1189) -> OH^-1 (-1239) + OH^0 (-1240)
At time :  23.252 ns Reaction : e_aq^-1 (-264) + H2O2^0 (-1192) -> OH^-1 (-1241) + OH^0 (-1242)
At time :  23.834 ns Reaction : e_aq^-1 (-304) + OH^0 (-772) -> OH^-1 (-1243)
At time :  25.378 ns Reaction : e_aq^-1 (-197) + OH^0 (-820) -> OH^-1 (-1244)
At time :   25.47 ns Reaction : e_aq^-1 (-496) + H3O^1 (-713) -> H^0 (-1245)
At time :  25.961 ns Reaction : OH^0 (-1242) + OH^0 (-784) -> H2O2^0 (-1246)
At time :  27.017 ns Reaction : e_aq^-1 (-352) + e_aq^-1 (-384) -> OH^-1 (-1247) + OH^-1 (-1248) + H_2^0 (-1249)
At time :  27.303 ns Reaction : e_aq^-1 (-148) + OH^0 (-838) -> OH^-1 (-1250)
At time :  27.475 ns Reaction : OH^-1 (-1250) + H3O^1 (-837) -> No product
At time :  28.302 ns Reaction : e_aq^-1 (-381) + OH^0 (-740) -> OH^-1 (-1251)
At time :  29.073 ns Reaction : e_aq^-1 (-392) + OH^0 (-732) -> OH^-1 (-1252)
At time :  29.509 ns Reaction : H^0 (-972) + e_aq^-1 (-928) -> OH^-1 (-1253) + H_2^0 (-1254)
At time :  30.706 ns Reaction : H^0 (-1059) + OH^0 (-1099) -> No product
At time :  31.779 ns Reaction : e_aq^-1 (-196) + H3O^1 (-912) -> H^0 (-1255)
At time :  33.877 ns Reaction : OH^0 (-1240) + OH^0 (-923) -> H2O2^0 (-1256)
At time :  36.552 ns Reaction : OH^-1 (-1238) + H3O^1 (-801) -> No product
At time :  38.139 ns Reaction : e_aq^-1 (-463) + OH^0 (-700) -> OH^-1 (-1257)
At time :  40.297 ns Reaction : OH^-1 (-1243) + H3O^1 (-951) -> No product
At time :  41.269 ns Reaction : OH^0 (-1109) + e_aq^-1 (-273) -> OH^-1 (-1258)
At time :   42.18 ns Reaction : e_aq^-1 (-305) + e_aq^-1 (-340) -> OH^-1 (-1259) + OH^-1 (-1260) + H_2^0 (-1261)
At time :   45.81 ns Reaction : e_aq^-1 (-347) + H2O2^0 (-1164) -> OH^-1 (-1262) + OH^0 (-1263)
At time :  46.829 ns Reaction : H3O^1 (-755) + OH^-1 (-1251) -> No product
At time :  48.753 ns Reaction : e_aq^-1 (-337) + OH^0 (-816) -> OH^-1 (-1264)
At time :   49.09 ns Reaction : OH^0 (-706) + OH^0 (-941) -> H2O2^0 (-1265)
At time :  49.105 ns Reaction : e_aq^-1 (-409) + H3O^1 (-745) -> H^0 (-1266)
At time :   49.19 ns Reaction : OH^0 (-792) + e_aq^-1 (-955) -> OH^-1 (-1267)
At time :  49.217 ns Reaction : e_aq^-1 (-388) + H3O^1 (-665) -> H^0 (-1268)
At time :   51.16 ns Reaction : e_aq^-1 (-483) + OH^0 (-672) -> OH^-1 (-1269)
At time :  52.611 ns Reaction : e_aq^-1 (-130) + H3O^1 (-645) -> H^0 (-1270)
At time :  57.617 ns Reaction : OH^-1 (-1262) + H3O^1 (-805) -> No product
At time :  58.939 ns Reaction : OH^-1 (-1227) + H3O^1 (-887) -> No product
At time :  60.995 ns Reaction : e_aq^-1 (-372) + e_aq^-1 (-374) -> OH^-1 (-1271) + OH^-1 (-1272) + H_2^0 (-1273)
At time :  65.203 ns Reaction : e_aq^-1 (-171) + H3O^1 (-803) -> H^0 (-1274)
At time :  65.849 ns Reaction : OH^0 (-1019) + e_aq^-1 (-548) -> OH^-1 (-1275)
At time :  71.123 ns Reaction : e_aq^-1 (-246) + H2O2^0 (-1133) -> OH^-1 (-1276) + OH^0 (-1277)
At time :  72.563 ns Reaction : OH^0 (-698) + OH^0 (-702) -> H2O2^0 (-1278)
At time :  73.469 ns Reaction : H^0 (-1093) + e_aq^-1 (-176) -> OH^-1 (-1279) + H_2^0 (-1280)
At time :  73.657 ns Reaction : OH^0 (-987) + OH^0 (-582) -> H2O2^0 (-1281)
At time :  82.997 ns Reaction : e_aq^-1 (-476) + OH^0 (-1025) -> OH^-1 (-1282)
At time :   83.06 ns Reaction : H^0 (-1098) + OH^0 (-983) -> No product
At time :  84.993 ns Reaction : OH^-1 (-1159) + H3O^1 (-918) -> No product
At time :  89.301 ns Reaction : e_aq^-1 (-147) + OH^0 (-844) -> OH^-1 (-1283)
At time :  91.869 ns Reaction : H3O^1 (-733) + OH^-1 (-1257) -> No product
At time :  98.169 ns Reaction : H3O^1 (-1074) + OH^-1 (-1205) -> No product
At time :  100.22 ns Reaction : H3O^1 (-979) + OH^-1 (-1186) -> No product
At time :  102.86 ns Reaction : H3O^1 (-649) + OH^-1 (-1185) -> No product
At time :  107.27 ns Reaction : H^0 (-1236) + e_aq^-1 (-925) -> OH^-1 (-1284) + H_2^0 (-1285)
At time :   107.6 ns Reaction : e_aq^-1 (-397) + OH^0 (-724) -> OH^-1 (-1286)
At time :  111.35 ns Reaction : e_aq^-1 (-301) + H2O2^0 (-1132) -> OH^-1 (-1287) + OH^0 (-1288)
At time :  119.06 ns Reaction : e_aq^-1 (-291) + H2O2^0 (-1193) -> OH^-1 (-1289) + OH^0 (-1290)
At time :  121.46 ns Reaction : OH^-1 (-1260) + H3O^1 (-625) -> No product
At time :  124.69 ns Reaction : OH^-1 (-1259) + H3O^1 (-769) -> No product
At time :  129.45 ns Reaction : H3O^1 (-601) + OH^-1 (-1219) -> No product
At time :  132.58 ns Reaction : OH^-1 (-1224) + H3O^1 (-597) -> No product
At time :  142.93 ns Reaction : e_aq^-1 (-151) + H^0 (-984) -> OH^-1 (-1291) + H_2^0 (-1292)
At time :  145.06 ns Reaction : OH^0 (-1097) + OH^0 (-1013) -> H2O2^0 (-1293)
At time :  152.62 ns Reaction : e_aq^-1 (-203) + H3O^1 (-921) -> H^0 (-1294)
At time :  157.71 ns Reaction : e_aq^-1 (-422) + OH^0 (-882) -> OH^-1 (-1295)
At time :   159.6 ns Reaction : e_aq^-1 (-543) + OH^0 (-898) -> OH^-1 (-1296)
At time :  162.44 ns Reaction : H3O^1 (-635) + OH^-1 (-1283) -> No product
At time :  178.69 ns Reaction : e_aq^-1 (-199) + e_aq^-1 (-205) -> OH^-1 (-1297) + OH^-1 (-1298) + H_2^0 (-1299)
At time :  189.11 ns Reaction : e_aq^-1 (-190) + H3O^1 (-783) -> H^0 (-1300)
At time :   192.6 ns Reaction : e_aq^-1 (-475) + H3O^1 (-699) -> H^0 (-1301)
At time :  195.44 ns Reaction : OH^0 (-1101) + OH^0 (-744) -> H2O2^0 (-1302)
At time :  196.48 ns Reaction : H3O^1 (-595) + OH^-1 (-1258) -> No product
At time :  207.37 ns Reaction : H3O^1 (-627) + OH^-1 (-1264) -> No product
At time :  214.66 ns Reaction : OH^-1 (-1269) + H3O^1 (-877) -> No product
At time :  229.31 ns Reaction : H^0 (-1057) + e_aq^-1 (-949) -> OH^-1 (-1303) + H_2^0 (-1304)
At time :  234.79 ns Reaction : OH^-1 (-1247) + H3O^1 (-881) -> No product
At time :  242.19 ns Reaction : e_aq^-1 (-188) + H2O2^0 (-1119) -> OH^-1 (-1305) + OH^0 (-1306)
At time :  254.81 ns Reaction : OH^-1 (-1239) + H3O^1 (-939) -> No product
At time :  268.23 ns Reaction : H3O^1 (-667) + OH^-1 (-1252) -> No product
At time :  269.42 ns Reaction : OH^0 (-1085) + e_aq^-1 (-329) -> OH^-1 (-1307)
At time :  286.67 ns Reaction : OH^0 (-648) + OH^0 (-932) -> H2O2^0 (-1308)
At time :  293.71 ns Reaction : OH^0 (-644) + OH^0 (-818) -> H2O2^0 (-1309)
At time :  320.42 ns Reaction : H3O^1 (-857) + OH^-1 (-1305) -> No product
At time :  348.21 ns Reaction : e_aq^-1 (-303) + OH^0 (-858) -> OH^-1 (-1310)
At time :  384.49 ns Reaction : e_aq^-1 (-313) + e_aq^-1 (-334) -> OH^-1 (-1311) + OH^-1 (-1312) + H_2^0 (-1313)
At time :  403.31 ns Reaction : e_aq^-1 (-297) + OH^0 (-836) -> OH^-1 (-1314)
At time :   477.6 ns Reaction : e_aq^-1 (-487) + H3O^1 (-691) -> H^0 (-1315)
At time :  507.25 ns Reaction : e_aq^-1 (-105) + H2O2^0 (-1230) -> OH^-1 (-1316) + OH^0 (-1317)
At time :  512.13 ns Reaction : H3O^1 (-631) + OH^-1 (-1286) -> No product
At time :  517.84 ns Reaction : e_aq^-1 (-143) + H2O2^0 (-1246) -> OH^-1 (-1318) + OH^0 (-1319)
At time :  532.36 ns Reaction : e_aq^-1 (-387) + H3O^1 (-729) -> H^0 (-1320)
At time :  543.85 ns Reaction : e_aq^-1 (-275) + OH^0 (-776) -> OH^-1 (-1321)
At time :  571.87 ns Reaction : e_aq^-1 (-298) + OH^0 (-1319) -> OH^-1 (-1322)
At time :  606.84 ns Reaction : OH^-1 (-1312) + H3O^1 (-775) -> No product
At time :  634.37 ns Reaction : e_aq^-1 (-262) + OH^0 (-926) -> OH^-1 (-1323)
At time :  710.36 ns Reaction : H^0 (-1020) + OH^0 (-690) -> No product
At time :  746.24 ns Reaction : OH^-1 (-1282) + H3O^1 (-787) -> No product
At time :  754.66 ns Reaction : OH^-1 (-1287) + H3O^1 (-773) -> No product
At time :  775.42 ns Reaction : OH^-1 (-1248) + H3O^1 (-675) -> No product
At time :  820.39 ns Reaction : e_aq^-1 (-386) + OH^0 (-804) -> OH^-1 (-1324)
At time :  871.74 ns Reaction : e_aq^-1 (-283) + H^0 (-1266) -> OH^-1 (-1325) + H_2^0 (-1326)
At time :  944.07 ns Reaction : H^0 (-1195) + H^0 (-1268) -> H_2^0 (-1327)
At time :  947.72 ns Reaction : e_aq^-1 (-292) + e_aq^-1 (-934) -> OH^-1 (-1328) + OH^-1 (-1329) + H_2^0 (-1330)
At time :  982.38 ns Reaction : e_aq^-1 (-559) + H2O2^0 (-1163) -> OH^-1 (-1331) + OH^0 (-1332)
At time :  983.36 ns Reaction : e_aq^-1 (-162) + OH^0 (-876) -> OH^-1 (-1333)
At time :  994.65 ns Reaction : OH^-1 (-1324) + H3O^1 (-795) -> No product
*** G4Scheduler ends at time : 1 us
___________________________________
 Run terminated.
Run Summary
  Number of events processed : 1
  User=96.130000s Real=96.361625s Sys=0.010000s
G4 kernel has come to Quit state.
UserDetectorConstruction deleted.
UserPhysicsList deleted.
UserActionInitialization deleted.
UserPrimaryGenerator deleted.
RunManager is deleting RunManagerKernel.
EventManager deleted.
Units table cleared.
TransportationManager deleted.
Total navigation history collections cleaned: 1489
================== Deleting memory pools ===================
Pool ID '20G4NavigationLevelRep', size : 1.09 MB
Pool ID '19G4ElectronOccupancy', size : 0.000961 MB
Pool ID '24G4ReferenceCountedHandleIvE', size : 0.000961 MB
Pool ID '7G4Event', size : 0.000961 MB
Pool ID '15G4PrimaryVertex', size : 0.000961 MB
Pool ID '17G4PrimaryParticle', size : 0.000961 MB
Pool ID '17G4DynamicParticle', size : 0.156 MB
Pool ID '7G4Track', size : 0.311 MB
Pool ID '18G4TouchableHistory', size : 0.0894 MB
Pool ID '15G4CountedObjectIvE', size : 0.0288 MB
Pool ID '10G4Molecule', size : 0.0932 MB
Pool ID '8G4KDTree', size : 0.000961 MB
Pool ID '8G4KDNodeI4G4ITE', size : 0.0625 MB
Pool ID '14G4KDTreeResult', size : 0.000961 MB
Pool ID '8G4KDNodeI10G4MoleculeE', size : 0.000961 MB
Number of memory pools allocated: 15 of which, static: 0
Dynamic pools deleted: 15 / Total memory freed: 1.8 MB
============================================================
G4Allocator objects are deleted.
UImanager deleted.
StateManager deleted.
RunManagerKernel is deleted. Good bye :)
