
        ############################################
        !!! WARNING - FPE detection is activated !!!
        ############################################

**************************************************************
 Geant4 version Name: geant4-10-06-ref-07    (31-July-2020)
                       Copyright : Geant4 Collaboration
                      References : NIM A 506 (2003), 250-303
                                 : IEEE-TNS 53 (2006), 270-278
                                 : NIM A 835 (2016), 186-225
                             WWW : http://geant4.org/
**************************************************************

      ********** Run Manager constructed in sequential mode ************ 
<<< Geant4 Physics List simulation engine: FTFP_BERT

      ********************************************************* 
      ********** processes are wrapped for biasing ************ 
      ********************************************************* 
 Attaching biasing operator LeadingParticleBiasingOperator to logical volume test.logical

 FTFP_BERT : new threshold between BERT and FTFP is over the interval 
 for pions :   3 to 6 GeV
 for kaons :   3 to 6 GeV
 for proton :  3 to 6 GeV
 for neutron : 3 to 6 GeV

### Adding tracking cuts for neutron  TimeCut(ns)= 10000  KinEnergyCut(MeV)= 0
Visualization Manager instantiating with verbosity "warnings (3)"...
Visualization Manager initialising...
Registering graphics systems...

You have successfully registered the following graphics systems.
Registered graphics systems are:
  ASCIITree (ATree)
  DAWNFILE (DAWNFILE)
  G4HepRep (HepRepXML)
  G4HepRepFile (HepRepFile)
  RayTracer (RayTracer)
  VRML1FILE (VRML1FILE)
  VRML2FILE (VRML2FILE)
  gMocrenFile (gMocrenFile)
  OpenGLImmediateXm (OGLIXm, OGLI)
  OpenGLStoredXm (OGLSXm, OGL, OGLS)
  OpenGLImmediateX (OGLIX, OGLIXm_FALLBACK)
  OpenGLStoredX (OGLSX, OGLSXm_FALLBACK)
  RayTracerX (RayTracerX)

Registering model factories...

You have successfully registered the following model factories.
Registered model factories:
  generic
  drawByAttribute
  drawByCharge
  drawByOriginVolume
  drawByParticleID
  drawByEncounteredVolume

Registered models:
  None

Registered filter factories:
  attributeFilter
  chargeFilter
  originVolumeFilter
  particleFilter
  encounteredVolumeFilter

Registered filters:
  None

You have successfully registered the following user vis actions.
Run Duration User Vis Actions: none
End of Event User Vis Actions: none
End of Run User Vis Actions: none

Some /vis commands (optionally) take a string to specify colour.
"/vis/list" to see available colours.

phot:  for gamma SubType=12 BuildTable=0
      LambdaPrime table from 200 keV to 100 TeV in 61 bins 
      ===== EM models for the G4Region  DefaultRegionForTheWorld ======
 LivermorePhElectric : Emin=    0 eV  Emax=  100 TeV  SauterGavrila Fluo

compt:  for gamma SubType=13 BuildTable=1
      Lambda table from 100 eV  to 1 MeV, 7 bins/decade, spline: 1
      LambdaPrime table from 1 MeV to 100 TeV in 56 bins 
      ===== EM models for the G4Region  DefaultRegionForTheWorld ======
       Klein-Nishina : Emin=    0 eV  Emax=  100 TeV

Rayl:  for gamma SubType=11 BuildTable=1
      Lambda table from 100 eV  to 100 keV, 7 bins/decade, spline: 0
      LambdaPrime table from 100 keV to 100 TeV in 63 bins 
      ===== EM models for the G4Region  DefaultRegionForTheWorld ======
   LivermoreRayleigh : Emin=    0 eV  Emax=  100 TeV  CullenGenerator

conv:  for gamma SubType=14 BuildTable=1
      Lambda table from 1.022 MeV to 100 TeV, 18 bins/decade, spline: 1
      ===== EM models for the G4Region  DefaultRegionForTheWorld ======
     BetheHeitlerLPM : Emin=    0 eV  Emax=  100 TeV  ModifiedTsai

msc:  for e-  SubType= 10
      ===== EM models for the G4Region  DefaultRegionForTheWorld ======
            UrbanMsc : Emin=    0 eV  Emax=  100 MeV Nbins=42 100 eV  - 100 MeV
              StepLim=UseSafety Rfact=0.04 Gfact=2.5 Sfact=0.6 DispFlag:1 Skin=1 Llimit=1
        WentzelVIUni : Emin=  100 MeV Emax=  100 TeV Nbins=42 100 MeV - 100 TeV
              StepLim=UseSafety Rfact=0.04 Gfact=2.5 Sfact=0.6 DispFlag:1 Skin=1 Llimit=1

eIoni:  for e-  SubType=2
      dE/dx and range tables from 100 eV  to 100 TeV in 84 bins
      Lambda tables from threshold to 100 TeV, 7 bins/decade, spline: 1
      StepFunction=(0.2, 1 mm), integ: 1, fluct: 1, linLossLim= 0.01
      ===== EM models for the G4Region  DefaultRegionForTheWorld ======
        MollerBhabha : Emin=    0 eV  Emax=  100 TeV

eBrem:  for e-  SubType=3
      dE/dx and range tables from 100 eV  to 100 TeV in 84 bins
      Lambda tables from threshold to 100 TeV, 7 bins/decade, spline: 1
      LPM flag: 1 for E > 1 GeV,  VertexHighEnergyTh(GeV)= 100000
      ===== EM models for the G4Region  DefaultRegionForTheWorld ======
             eBremSB : Emin=    0 eV  Emax=    1 GeV  ModifiedTsai
            eBremLPM : Emin=    1 GeV Emax=  100 TeV  ModifiedTsai

CoulombScat:  for e-, integral:1  SubType=1 BuildTable=1
      Lambda table from 100 MeV to 100 TeV, 7 bins/decade, spline: 1
      ThetaMin(p) < Theta(degree) < 180 pLimit(GeV^1)= 0.139531
      ===== EM models for the G4Region  DefaultRegionForTheWorld ======
  eCoulombScattering : Emin=  100 MeV Emax=  100 TeV

msc:  for e+  SubType= 10
      ===== EM models for the G4Region  DefaultRegionForTheWorld ======
            UrbanMsc : Emin=    0 eV  Emax=  100 MeV Nbins=42 100 eV  - 100 MeV
              StepLim=UseSafety Rfact=0.04 Gfact=2.5 Sfact=0.6 DispFlag:1 Skin=1 Llimit=1
        WentzelVIUni : Emin=  100 MeV Emax=  100 TeV Nbins=42 100 MeV - 100 TeV
              StepLim=UseSafety Rfact=0.04 Gfact=2.5 Sfact=0.6 DispFlag:1 Skin=1 Llimit=1

eIoni:  for e+  SubType=2
      dE/dx and range tables from 100 eV  to 100 TeV in 84 bins
      Lambda tables from threshold to 100 TeV, 7 bins/decade, spline: 1
      StepFunction=(0.2, 1 mm), integ: 1, fluct: 1, linLossLim= 0.01
      ===== EM models for the G4Region  DefaultRegionForTheWorld ======
        MollerBhabha : Emin=    0 eV  Emax=  100 TeV

eBrem:  for e+  SubType=3
      dE/dx and range tables from 100 eV  to 100 TeV in 84 bins
      Lambda tables from threshold to 100 TeV, 7 bins/decade, spline: 1
      LPM flag: 1 for E > 1 GeV,  VertexHighEnergyTh(GeV)= 100000
      ===== EM models for the G4Region  DefaultRegionForTheWorld ======
             eBremSB : Emin=    0 eV  Emax=    1 GeV  ModifiedTsai
            eBremLPM : Emin=    1 GeV Emax=  100 TeV  ModifiedTsai

CoulombScat:  for e+, integral:1  SubType=1 BuildTable=1
      Lambda table from 100 MeV to 100 TeV, 7 bins/decade, spline: 1
      ThetaMin(p) < Theta(degree) < 180 pLimit(GeV^1)= 0.139531
      ===== EM models for the G4Region  DefaultRegionForTheWorld ======
  eCoulombScattering : Emin=  100 MeV Emax=  100 TeV

annihil:  for e+, integral:1  SubType=5 BuildTable=0
      ===== EM models for the G4Region  DefaultRegionForTheWorld ======
            eplus2gg : Emin=    0 eV  Emax=  100 TeV

msc:  for proton  SubType= 10
      ===== EM models for the G4Region  DefaultRegionForTheWorld ======
        WentzelVIUni : Emin=    0 eV  Emax=  100 TeV Nbins=84 100 eV  - 100 TeV
              StepLim=Minimal Rfact=0.2 Gfact=2.5 Sfact=0.6 DispFlag:0 Skin=1 Llimit=1

hIoni:  for proton  SubType=2
      dE/dx and range tables from 100 eV  to 100 TeV in 84 bins
      Lambda tables from threshold to 100 TeV, 7 bins/decade, spline: 1
      StepFunction=(0.2, 0.1 mm), integ: 1, fluct: 1, linLossLim= 0.01
      ===== EM models for the G4Region  DefaultRegionForTheWorld ======
               Bragg : Emin=    0 eV  Emax=    2 MeV
          BetheBloch : Emin=    2 MeV Emax=  100 TeV

hBrems:  for proton  SubType=3
      dE/dx and range tables from 100 eV  to 100 TeV in 84 bins
      Lambda tables from threshold to 100 TeV, 7 bins/decade, spline: 1
      ===== EM models for the G4Region  DefaultRegionForTheWorld ======
               hBrem : Emin=    0 eV  Emax=  100 TeV

hPairProd:  for proton  SubType=4
      dE/dx and range tables from 100 eV  to 100 TeV in 84 bins
      Lambda tables from threshold to 100 TeV, 7 bins/decade, spline: 1
      Sampling table 17x1001 from 7.50618 GeV to 100 TeV 
      ===== EM models for the G4Region  DefaultRegionForTheWorld ======
           hPairProd : Emin=    0 eV  Emax=  100 TeV

CoulombScat:  for proton, integral:1  SubType=1 BuildTable=1
      Lambda table from threshold  to 100 TeV, 7 bins/decade, spline: 1
      ThetaMin(p) < Theta(degree) < 180 pLimit(GeV^1)= 0.139531
      ===== EM models for the G4Region  DefaultRegionForTheWorld ======
  eCoulombScattering : Emin=    0 eV  Emax=  100 TeV

msc:  for GenericIon  SubType= 10
      ===== EM models for the G4Region  DefaultRegionForTheWorld ======
            UrbanMsc : Emin=    0 eV  Emax=  100 TeV
              StepLim=Minimal Rfact=0.2 Gfact=2.5 Sfact=0.6 DispFlag:0 Skin=1 Llimit=1

ionIoni:  for GenericIon  SubType=2
      dE/dx and range tables from 100 eV  to 100 TeV in 84 bins
      Lambda tables from threshold to 100 TeV, 7 bins/decade, spline: 1
      StepFunction=(0.2, 0.1 mm), integ: 1, fluct: 1, linLossLim= 0.02
      Stopping Power data for 17 ion/material pairs
      ===== EM models for the G4Region  DefaultRegionForTheWorld ======
            BraggIon : Emin=    0 eV  Emax=    2 MeV
          BetheBloch : Emin=    2 MeV Emax=  100 TeV

msc:  for alpha  SubType= 10
      ===== EM models for the G4Region  DefaultRegionForTheWorld ======
            UrbanMsc : Emin=    0 eV  Emax=  100 TeV Nbins=84 100 eV  - 100 TeV
              StepLim=Minimal Rfact=0.2 Gfact=2.5 Sfact=0.6 DispFlag:0 Skin=1 Llimit=1

ionIoni:  for alpha  SubType=2
      dE/dx and range tables from 100 eV  to 100 TeV in 84 bins
      Lambda tables from threshold to 100 TeV, 7 bins/decade, spline: 1
      StepFunction=(0.2, 0.1 mm), integ: 1, fluct: 1, linLossLim= 0.02
      ===== EM models for the G4Region  DefaultRegionForTheWorld ======
            BraggIon : Emin=    0 eV  Emax=7.9452 MeV
          BetheBloch : Emin=7.9452 MeV Emax=  100 TeV

msc:  for anti_proton  SubType= 10
      ===== EM models for the G4Region  DefaultRegionForTheWorld ======
        WentzelVIUni : Emin=    0 eV  Emax=  100 TeV Nbins=84 100 eV  - 100 TeV
              StepLim=Minimal Rfact=0.2 Gfact=2.5 Sfact=0.6 DispFlag:0 Skin=1 Llimit=1

hIoni:  for anti_proton  SubType=2
      dE/dx and range tables from 100 eV  to 100 TeV in 84 bins
      Lambda tables from threshold to 100 TeV, 7 bins/decade, spline: 1
      StepFunction=(0.2, 0.1 mm), integ: 1, fluct: 1, linLossLim= 0.01
      ===== EM models for the G4Region  DefaultRegionForTheWorld ======
            ICRU73QO : Emin=    0 eV  Emax=    2 MeV
          BetheBloch : Emin=    2 MeV Emax=  100 TeV

hBrems:  for anti_proton  SubType=3
      dE/dx and range tables from 100 eV  to 100 TeV in 84 bins
      Lambda tables from threshold to 100 TeV, 7 bins/decade, spline: 1
      ===== EM models for the G4Region  DefaultRegionForTheWorld ======
               hBrem : Emin=    0 eV  Emax=  100 TeV

hPairProd:  for anti_proton  SubType=4
      dE/dx and range tables from 100 eV  to 100 TeV in 84 bins
      Lambda tables from threshold to 100 TeV, 7 bins/decade, spline: 1
      Sampling table 17x1001 from 7.50618 GeV to 100 TeV 
      ===== EM models for the G4Region  DefaultRegionForTheWorld ======
           hPairProd : Emin=    0 eV  Emax=  100 TeV

CoulombScat:  for anti_proton, integral:1  SubType=1 BuildTable=1
      Lambda table from threshold  to 100 TeV, 7 bins/decade, spline: 1
      ThetaMin(p) < Theta(degree) < 180 pLimit(GeV^1)= 0.139531
      ===== EM models for the G4Region  DefaultRegionForTheWorld ======
  eCoulombScattering : Emin=    0 eV  Emax=  100 TeV

msc:  for kaon+  SubType= 10
      ===== EM models for the G4Region  DefaultRegionForTheWorld ======
        WentzelVIUni : Emin=    0 eV  Emax=  100 TeV Nbins=84 100 eV  - 100 TeV
              StepLim=Minimal Rfact=0.2 Gfact=2.5 Sfact=0.6 DispFlag:0 Skin=1 Llimit=1

hIoni:  for kaon+  SubType=2
      dE/dx and range tables from 100 eV  to 100 TeV in 84 bins
      Lambda tables from threshold to 100 TeV, 7 bins/decade, spline: 1
      StepFunction=(0.2, 0.1 mm), integ: 1, fluct: 1, linLossLim= 0.01
      ===== EM models for the G4Region  DefaultRegionForTheWorld ======
               Bragg : Emin=    0 eV  Emax=1.05231 MeV
          BetheBloch : Emin=1.05231 MeV Emax=  100 TeV

hBrems:  for kaon+  SubType=3
      dE/dx and range tables from 100 eV  to 100 TeV in 84 bins
      Lambda tables from threshold to 100 TeV, 7 bins/decade, spline: 1
      ===== EM models for the G4Region  DefaultRegionForTheWorld ======
               hBrem : Emin=    0 eV  Emax=  100 TeV

hPairProd:  for kaon+  SubType=4
      dE/dx and range tables from 100 eV  to 100 TeV in 84 bins
      Lambda tables from threshold to 100 TeV, 7 bins/decade, spline: 1
      Sampling table 18x1001 from 3.94942 GeV to 100 TeV 
      ===== EM models for the G4Region  DefaultRegionForTheWorld ======
           hPairProd : Emin=    0 eV  Emax=  100 TeV

CoulombScat:  for kaon+, integral:1  SubType=1 BuildTable=1
      Lambda table from threshold  to 100 TeV, 7 bins/decade, spline: 1
      ThetaMin(p) < Theta(degree) < 180 pLimit(GeV^1)= 0.139531
      ===== EM models for the G4Region  DefaultRegionForTheWorld ======
  eCoulombScattering : Emin=    0 eV  Emax=  100 TeV

msc:  for kaon-  SubType= 10
      ===== EM models for the G4Region  DefaultRegionForTheWorld ======
        WentzelVIUni : Emin=    0 eV  Emax=  100 TeV Nbins=84 100 eV  - 100 TeV
              StepLim=Minimal Rfact=0.2 Gfact=2.5 Sfact=0.6 DispFlag:0 Skin=1 Llimit=1

hIoni:  for kaon-  SubType=2
      dE/dx and range tables from 100 eV  to 100 TeV in 84 bins
      Lambda tables from threshold to 100 TeV, 7 bins/decade, spline: 1
      StepFunction=(0.2, 0.1 mm), integ: 1, fluct: 1, linLossLim= 0.01
      ===== EM models for the G4Region  DefaultRegionForTheWorld ======
            ICRU73QO : Emin=    0 eV  Emax=1.05231 MeV
          BetheBloch : Emin=1.05231 MeV Emax=  100 TeV

hBrems:  for kaon-  SubType=3
      dE/dx and range tables from 100 eV  to 100 TeV in 84 bins
      Lambda tables from threshold to 100 TeV, 7 bins/decade, spline: 1
      ===== EM models for the G4Region  DefaultRegionForTheWorld ======
               hBrem : Emin=    0 eV  Emax=  100 TeV

hPairProd:  for kaon-  SubType=4
      dE/dx and range tables from 100 eV  to 100 TeV in 84 bins
      Lambda tables from threshold to 100 TeV, 7 bins/decade, spline: 1
      Sampling table 18x1001 from 3.94942 GeV to 100 TeV 
      ===== EM models for the G4Region  DefaultRegionForTheWorld ======
           hPairProd : Emin=    0 eV  Emax=  100 TeV

CoulombScat:  for kaon-, integral:1  SubType=1 BuildTable=1
      Used Lambda table of kaon+
      ThetaMin(p) < Theta(degree) < 180 pLimit(GeV^1)= 0.139531
      ===== EM models for the G4Region  DefaultRegionForTheWorld ======
  eCoulombScattering : Emin=    0 eV  Emax=  100 TeV

msc:  for mu+  SubType= 10
      ===== EM models for the G4Region  DefaultRegionForTheWorld ======
        WentzelVIUni : Emin=    0 eV  Emax=  100 TeV Nbins=84 100 eV  - 100 TeV
              StepLim=Minimal Rfact=0.2 Gfact=2.5 Sfact=0.6 DispFlag:0 Skin=1 Llimit=1

muIoni:  for mu+  SubType=2
      dE/dx and range tables from 100 eV  to 100 TeV in 84 bins
      Lambda tables from threshold to 100 TeV, 7 bins/decade, spline: 1
      StepFunction=(0.2, 0.1 mm), integ: 1, fluct: 1, linLossLim= 0.01
      ===== EM models for the G4Region  DefaultRegionForTheWorld ======
               Bragg : Emin=    0 eV  Emax=  200 keV
          BetheBloch : Emin=  200 keV Emax=    1 GeV
        MuBetheBloch : Emin=    1 GeV Emax=  100 TeV

muBrems:  for mu+  SubType=3
      dE/dx and range tables from 100 eV  to 100 TeV in 84 bins
      Lambda tables from threshold to 100 TeV, 7 bins/decade, spline: 1
      ===== EM models for the G4Region  DefaultRegionForTheWorld ======
              MuBrem : Emin=    0 eV  Emax=  100 TeV

muPairProd:  for mu+  SubType=4
      dE/dx and range tables from 100 eV  to 100 TeV in 84 bins
      Lambda tables from threshold to 100 TeV, 7 bins/decade, spline: 1
      Sampling table 21x1001 from 1 GeV to 100 TeV 
      ===== EM models for the G4Region  DefaultRegionForTheWorld ======
          muPairProd : Emin=    0 eV  Emax=  100 TeV

CoulombScat:  for mu+, integral:1  SubType=1 BuildTable=1
      Lambda table from threshold  to 100 TeV, 7 bins/decade, spline: 1
      ThetaMin(p) < Theta(degree) < 180 pLimit(GeV^1)= 0.139531
      ===== EM models for the G4Region  DefaultRegionForTheWorld ======
  eCoulombScattering : Emin=    0 eV  Emax=  100 TeV

msc:  for mu-  SubType= 10
      ===== EM models for the G4Region  DefaultRegionForTheWorld ======
        WentzelVIUni : Emin=    0 eV  Emax=  100 TeV Nbins=84 100 eV  - 100 TeV
              StepLim=Minimal Rfact=0.2 Gfact=2.5 Sfact=0.6 DispFlag:0 Skin=1 Llimit=1

muIoni:  for mu-  SubType=2
      dE/dx and range tables from 100 eV  to 100 TeV in 84 bins
      Lambda tables from threshold to 100 TeV, 7 bins/decade, spline: 1
      StepFunction=(0.2, 0.1 mm), integ: 1, fluct: 1, linLossLim= 0.01
      ===== EM models for the G4Region  DefaultRegionForTheWorld ======
            ICRU73QO : Emin=    0 eV  Emax=  200 keV
          BetheBloch : Emin=  200 keV Emax=    1 GeV
        MuBetheBloch : Emin=    1 GeV Emax=  100 TeV

muBrems:  for mu-  SubType=3
      dE/dx and range tables from 100 eV  to 100 TeV in 84 bins
      Lambda tables from threshold to 100 TeV, 7 bins/decade, spline: 1
      ===== EM models for the G4Region  DefaultRegionForTheWorld ======
              MuBrem : Emin=    0 eV  Emax=  100 TeV

muPairProd:  for mu-  SubType=4
      dE/dx and range tables from 100 eV  to 100 TeV in 84 bins
      Lambda tables from threshold to 100 TeV, 7 bins/decade, spline: 1
      Sampling table 21x1001 from 1 GeV to 100 TeV 
      ===== EM models for the G4Region  DefaultRegionForTheWorld ======
          muPairProd : Emin=    0 eV  Emax=  100 TeV

CoulombScat:  for mu-, integral:1  SubType=1 BuildTable=1
      Used Lambda table of mu+
      ThetaMin(p) < Theta(degree) < 180 pLimit(GeV^1)= 0.139531
      ===== EM models for the G4Region  DefaultRegionForTheWorld ======
  eCoulombScattering : Emin=    0 eV  Emax=  100 TeV

msc:  for pi+  SubType= 10
      ===== EM models for the G4Region  DefaultRegionForTheWorld ======
        WentzelVIUni : Emin=    0 eV  Emax=  100 TeV Nbins=84 100 eV  - 100 TeV
              StepLim=Minimal Rfact=0.2 Gfact=2.5 Sfact=0.6 DispFlag:0 Skin=1 Llimit=1

hIoni:  for pi+  SubType=2
      dE/dx and range tables from 100 eV  to 100 TeV in 84 bins
      Lambda tables from threshold to 100 TeV, 7 bins/decade, spline: 1
      StepFunction=(0.2, 0.1 mm), integ: 1, fluct: 1, linLossLim= 0.01
      ===== EM models for the G4Region  DefaultRegionForTheWorld ======
               Bragg : Emin=    0 eV  Emax=297.505 keV
          BetheBloch : Emin=297.505 keV Emax=  100 TeV

hBrems:  for pi+  SubType=3
      dE/dx and range tables from 100 eV  to 100 TeV in 84 bins
      Lambda tables from threshold to 100 TeV, 7 bins/decade, spline: 1
      ===== EM models for the G4Region  DefaultRegionForTheWorld ======
               hBrem : Emin=    0 eV  Emax=  100 TeV

hPairProd:  for pi+  SubType=4
      dE/dx and range tables from 100 eV  to 100 TeV in 84 bins
      Lambda tables from threshold to 100 TeV, 7 bins/decade, spline: 1
      Sampling table 20x1001 from 1.11656 GeV to 100 TeV 
      ===== EM models for the G4Region  DefaultRegionForTheWorld ======
           hPairProd : Emin=    0 eV  Emax=  100 TeV

CoulombScat:  for pi+, integral:1  SubType=1 BuildTable=1
      Lambda table from threshold  to 100 TeV, 7 bins/decade, spline: 1
      ThetaMin(p) < Theta(degree) < 180 pLimit(GeV^1)= 0.139531
      ===== EM models for the G4Region  DefaultRegionForTheWorld ======
  eCoulombScattering : Emin=    0 eV  Emax=  100 TeV

msc:  for pi-  SubType= 10
      ===== EM models for the G4Region  DefaultRegionForTheWorld ======
        WentzelVIUni : Emin=    0 eV  Emax=  100 TeV Nbins=84 100 eV  - 100 TeV
              StepLim=Minimal Rfact=0.2 Gfact=2.5 Sfact=0.6 DispFlag:0 Skin=1 Llimit=1

hIoni:  for pi-  SubType=2
      dE/dx and range tables from 100 eV  to 100 TeV in 84 bins
      Lambda tables from threshold to 100 TeV, 7 bins/decade, spline: 1
      StepFunction=(0.2, 0.1 mm), integ: 1, fluct: 1, linLossLim= 0.01
      ===== EM models for the G4Region  DefaultRegionForTheWorld ======
            ICRU73QO : Emin=    0 eV  Emax=297.505 keV
          BetheBloch : Emin=297.505 keV Emax=  100 TeV

hBrems:  for pi-  SubType=3
      dE/dx and range tables from 100 eV  to 100 TeV in 84 bins
      Lambda tables from threshold to 100 TeV, 7 bins/decade, spline: 1
      ===== EM models for the G4Region  DefaultRegionForTheWorld ======
               hBrem : Emin=    0 eV  Emax=  100 TeV

hPairProd:  for pi-  SubType=4
      dE/dx and range tables from 100 eV  to 100 TeV in 84 bins
      Lambda tables from threshold to 100 TeV, 7 bins/decade, spline: 1
      Sampling table 20x1001 from 1.11656 GeV to 100 TeV 
      ===== EM models for the G4Region  DefaultRegionForTheWorld ======
           hPairProd : Emin=    0 eV  Emax=  100 TeV

CoulombScat:  for pi-, integral:1  SubType=1 BuildTable=1
      Used Lambda table of pi+
      ThetaMin(p) < Theta(degree) < 180 pLimit(GeV^1)= 0.139531
      ===== EM models for the G4Region  DefaultRegionForTheWorld ======
  eCoulombScattering : Emin=    0 eV  Emax=  100 TeV

====================================================================
                  HADRONIC PROCESSES SUMMARY (verbose level 1)

---------------------------------------------------
                           Hadronic Processes for neutron

  Process: hadElastic
        Model:             hElasticCHIPS: 0 eV  ---> 100 TeV
     Cr_sctns:        G4NeutronElasticXS: 0 eV  ---> 100 TeV

  Process: neutronInelastic
        Model:                      FTFP: 3 GeV ---> 100 TeV
        Model:            BertiniCascade: 0 eV  ---> 6 GeV
     Cr_sctns:      G4NeutronInelasticXS: 0 eV  ---> 100 TeV

  Process: nCapture
        Model:               nRadCapture: 0 eV  ---> 100 TeV
     Cr_sctns:        G4NeutronCaptureXS: 0 eV  ---> 100 TeV

  Process: nKiller

---------------------------------------------------
                           Hadronic Processes for B-

  Process: hadElastic
        Model:              hElasticLHEP: 0 eV  ---> 100 TeV
     Cr_sctns:            Glauber-Gribov: 0 eV  ---> 100 TeV

  Process: B-Inelastic
        Model:                      FTFP: 0 eV  ---> 100 TeV
     Cr_sctns:            Glauber-Gribov: 0 eV  ---> 100 TeV

---------------------------------------------------
                           Hadronic Processes for D-

  Process: hadElastic
        Model:              hElasticLHEP: 0 eV  ---> 100 TeV
     Cr_sctns:            Glauber-Gribov: 0 eV  ---> 100 TeV

  Process: D-Inelastic
        Model:                      FTFP: 0 eV  ---> 100 TeV
     Cr_sctns:            Glauber-Gribov: 0 eV  ---> 100 TeV

---------------------------------------------------
                           Hadronic Processes for GenericIon

  Process: ionInelastic
        Model:  Binary Light Ion Cascade: 0 eV /n ---> 6 GeV/n
        Model:                      FTFP: 3 GeV/n ---> 100 TeV/n
     Cr_sctns:  Glauber-Gribov Nucl-nucl: 0 eV  ---> 25.6 PeV

---------------------------------------------------
                           Hadronic Processes for He3

  Process: hadElastic
        Model:              hElasticLHEP: 0 eV /n ---> 100 TeV/n
     Cr_sctns:  Glauber-Gribov Nucl-nucl: 0 eV  ---> 25.6 PeV

  Process: He3Inelastic
        Model:  Binary Light Ion Cascade: 0 eV /n ---> 6 GeV/n
        Model:                      FTFP: 3 GeV/n ---> 100 TeV/n
     Cr_sctns:  Glauber-Gribov Nucl-nucl: 0 eV  ---> 25.6 PeV

---------------------------------------------------
                           Hadronic Processes for alpha

  Process: hadElastic
        Model:              hElasticLHEP: 0 eV /n ---> 100 TeV/n
     Cr_sctns:  Glauber-Gribov Nucl-nucl: 0 eV  ---> 25.6 PeV

  Process: alphaInelastic
        Model:  Binary Light Ion Cascade: 0 eV /n ---> 6 GeV/n
        Model:                      FTFP: 3 GeV/n ---> 100 TeV/n
     Cr_sctns:  Glauber-Gribov Nucl-nucl: 0 eV  ---> 25.6 PeV

---------------------------------------------------
                           Hadronic Processes for anti_He3

  Process: hadElastic
        Model:              hElasticLHEP: 0 eV /n ---> 100.1 MeV/n
        Model:              AntiAElastic: 100 MeV/n ---> 100 TeV/n
     Cr_sctns:              AntiAGlauber: 0 eV  ---> 25.6 PeV

  Process: anti_He3Inelastic
        Model:                      FTFP: 0 eV /n ---> 100 TeV/n
     Cr_sctns:              AntiAGlauber: 0 eV  ---> 25.6 PeV

  Process: hFritiofCaptureAtRest

---------------------------------------------------
                           Hadronic Processes for anti_alpha

  Process: hadElastic
        Model:              hElasticLHEP: 0 eV /n ---> 100.1 MeV/n
        Model:              AntiAElastic: 100 MeV/n ---> 100 TeV/n
     Cr_sctns:              AntiAGlauber: 0 eV  ---> 25.6 PeV

  Process: anti_alphaInelastic
        Model:                      FTFP: 0 eV /n ---> 100 TeV/n
     Cr_sctns:              AntiAGlauber: 0 eV  ---> 25.6 PeV

  Process: hFritiofCaptureAtRest

---------------------------------------------------
                           Hadronic Processes for anti_deuteron

  Process: hadElastic
        Model:              hElasticLHEP: 0 eV /n ---> 100.1 MeV/n
        Model:              AntiAElastic: 100 MeV/n ---> 100 TeV/n
     Cr_sctns:              AntiAGlauber: 0 eV  ---> 25.6 PeV

  Process: anti_deuteronInelastic
        Model:                      FTFP: 0 eV /n ---> 100 TeV/n
     Cr_sctns:              AntiAGlauber: 0 eV  ---> 25.6 PeV

  Process: hFritiofCaptureAtRest

---------------------------------------------------
                           Hadronic Processes for anti_lambda

  Process: hadElastic
        Model:              hElasticLHEP: 0 eV  ---> 100 TeV
     Cr_sctns:            Glauber-Gribov: 0 eV  ---> 100 TeV

  Process: anti-lambdaInelastic
        Model:                      FTFP: 0 eV  ---> 100 TeV
     Cr_sctns:            Glauber-Gribov: 0 eV  ---> 100 TeV

  Process: hFritiofCaptureAtRest

---------------------------------------------------
                           Hadronic Processes for anti_neutron

  Process: hadElastic
        Model:              hElasticLHEP: 0 eV  ---> 100.1 MeV
        Model:              AntiAElastic: 100 MeV ---> 100 TeV
     Cr_sctns:              AntiAGlauber: 0 eV  ---> 25.6 PeV

  Process: anti_neutronInelastic
        Model:                      FTFP: 0 eV  ---> 100 TeV
     Cr_sctns:              AntiAGlauber: 0 eV  ---> 25.6 PeV

  Process: hFritiofCaptureAtRest

---------------------------------------------------
                           Hadronic Processes for anti_proton

  Process: hadElastic
        Model:              hElasticLHEP: 0 eV  ---> 100.1 MeV
        Model:              AntiAElastic: 100 MeV ---> 100 TeV
     Cr_sctns:              AntiAGlauber: 0 eV  ---> 25.6 PeV

  Process: anti_protonInelastic
        Model:                      FTFP: 0 eV  ---> 100 TeV
     Cr_sctns:              AntiAGlauber: 0 eV  ---> 25.6 PeV

  Process: hFritiofCaptureAtRest

---------------------------------------------------
                           Hadronic Processes for anti_triton

  Process: hadElastic
        Model:              hElasticLHEP: 0 eV /n ---> 100.1 MeV/n
        Model:              AntiAElastic: 100 MeV/n ---> 100 TeV/n
     Cr_sctns:              AntiAGlauber: 0 eV  ---> 25.6 PeV

  Process: anti_tritonInelastic
        Model:                      FTFP: 0 eV /n ---> 100 TeV/n
     Cr_sctns:              AntiAGlauber: 0 eV  ---> 25.6 PeV

  Process: hFritiofCaptureAtRest

---------------------------------------------------
                           Hadronic Processes for deuteron

  Process: hadElastic
        Model:              hElasticLHEP: 0 eV /n ---> 100 TeV/n
     Cr_sctns:  Glauber-Gribov Nucl-nucl: 0 eV  ---> 25.6 PeV

  Process: dInelastic
        Model:  Binary Light Ion Cascade: 0 eV /n ---> 6 GeV/n
        Model:                      FTFP: 3 GeV/n ---> 100 TeV/n
     Cr_sctns:  Glauber-Gribov Nucl-nucl: 0 eV  ---> 25.6 PeV

---------------------------------------------------
                           Hadronic Processes for e+

  Process: electronNuclear
        Model:   G4ElectroVDNuclearModel: 0 eV  ---> 1 PeV
     Cr_sctns:          ElectroNuclearXS: 0 eV  ---> 100 TeV

---------------------------------------------------
                           Hadronic Processes for e-

  Process: electronNuclear
        Model:   G4ElectroVDNuclearModel: 0 eV  ---> 1 PeV
     Cr_sctns:          ElectroNuclearXS: 0 eV  ---> 100 TeV

---------------------------------------------------
                           Hadronic Processes for gamma

  Process: photonNuclear
        Model:               GammaNPreco: 0 eV  ---> 200 MeV
        Model:            BertiniCascade: 199 MeV ---> 6 GeV
        Model:           TheoFSGenerator: 3 GeV ---> 100 TeV
     Cr_sctns:            PhotoNuclearXS: 0 eV  ---> 100 TeV

---------------------------------------------------
                           Hadronic Processes for kaon+

  Process: hadElastic
        Model:              hElasticLHEP: 0 eV  ---> 100 TeV
     Cr_sctns:            Glauber-Gribov: 0 eV  ---> 100 TeV

  Process: kaon+Inelastic
        Model:                      FTFP: 3 GeV ---> 100 TeV
        Model:            BertiniCascade: 0 eV  ---> 6 GeV
     Cr_sctns:            Glauber-Gribov: 0 eV  ---> 100 TeV

---------------------------------------------------
                           Hadronic Processes for kaon-

  Process: hadElastic
        Model:              hElasticLHEP: 0 eV  ---> 100 TeV
     Cr_sctns:            Glauber-Gribov: 0 eV  ---> 100 TeV

  Process: kaon-Inelastic
        Model:                      FTFP: 3 GeV ---> 100 TeV
        Model:            BertiniCascade: 0 eV  ---> 6 GeV
     Cr_sctns:            Glauber-Gribov: 0 eV  ---> 100 TeV

  Process: hBertiniCaptureAtRest

---------------------------------------------------
                           Hadronic Processes for lambda

  Process: hadElastic
        Model:              hElasticLHEP: 0 eV  ---> 100 TeV
     Cr_sctns:            Glauber-Gribov: 0 eV  ---> 100 TeV

  Process: lambdaInelastic
        Model:            BertiniCascade: 0 eV  ---> 6 GeV
        Model:                      FTFP: 3 GeV ---> 100 TeV
     Cr_sctns:            Glauber-Gribov: 0 eV  ---> 100 TeV

---------------------------------------------------
                           Hadronic Processes for mu+

  Process: muonNuclear
        Model:      G4MuonVDNuclearModel: 0 eV  ---> 1 PeV
     Cr_sctns:     KokoulinMuonNuclearXS: 0 eV  ---> 100 TeV

---------------------------------------------------
                           Hadronic Processes for mu-

  Process: muonNuclear
        Model:      G4MuonVDNuclearModel: 0 eV  ---> 1 PeV
     Cr_sctns:     KokoulinMuonNuclearXS: 0 eV  ---> 100 TeV

  Process: muMinusCaptureAtRest

---------------------------------------------------
                           Hadronic Processes for pi+

  Process: hadElastic
        Model:           hElasticGlauber: 0 eV  ---> 100 TeV
     Cr_sctns:  BarashenkovGlauberGribov: 0 eV  ---> 100 TeV

  Process: pi+Inelastic
        Model:                      FTFP: 3 GeV ---> 100 TeV
        Model:            BertiniCascade: 0 eV  ---> 6 GeV
     Cr_sctns:  BarashenkovGlauberGribov: 0 eV  ---> 100 TeV

---------------------------------------------------
                           Hadronic Processes for pi-

  Process: hadElastic
        Model:           hElasticGlauber: 0 eV  ---> 100 TeV
     Cr_sctns:  BarashenkovGlauberGribov: 0 eV  ---> 100 TeV

  Process: pi-Inelastic
        Model:                      FTFP: 3 GeV ---> 100 TeV
        Model:            BertiniCascade: 0 eV  ---> 6 GeV
     Cr_sctns:  BarashenkovGlauberGribov: 0 eV  ---> 100 TeV

  Process: hBertiniCaptureAtRest

---------------------------------------------------
                           Hadronic Processes for proton

  Process: hadElastic
        Model:             hElasticCHIPS: 0 eV  ---> 100 TeV
     Cr_sctns:  BarashenkovGlauberGribov: 0 eV  ---> 100 TeV

  Process: protonInelastic
        Model:                      FTFP: 3 GeV ---> 100 TeV
        Model:            BertiniCascade: 0 eV  ---> 6 GeV
     Cr_sctns:  BarashenkovGlauberGribov: 0 eV  ---> 100 TeV

---------------------------------------------------
                           Hadronic Processes for sigma-

  Process: hadElastic
        Model:              hElasticLHEP: 0 eV  ---> 100 TeV
     Cr_sctns:            Glauber-Gribov: 0 eV  ---> 100 TeV

  Process: sigma-Inelastic
        Model:            BertiniCascade: 0 eV  ---> 6 GeV
        Model:                      FTFP: 3 GeV ---> 100 TeV
     Cr_sctns:            Glauber-Gribov: 0 eV  ---> 100 TeV

  Process: hBertiniCaptureAtRest

---------------------------------------------------
                           Hadronic Processes for triton

  Process: hadElastic
        Model:              hElasticLHEP: 0 eV /n ---> 100 TeV/n
     Cr_sctns:  Glauber-Gribov Nucl-nucl: 0 eV  ---> 25.6 PeV

  Process: tInelastic
        Model:  Binary Light Ion Cascade: 0 eV /n ---> 6 GeV/n
        Model:                      FTFP: 3 GeV/n ---> 100 TeV/n
     Cr_sctns:  Glauber-Gribov Nucl-nucl: 0 eV  ---> 25.6 PeV

================================================================
=======================================================================
======       Pre-compound/De-excitation Physics Parameters     ========
=======================================================================
Type of pre-compound inverse x-section              3
Pre-compound model active                           1
Pre-compound excitation low energy (MeV)            0.1
Pre-compound excitation high energy (MeV)           30
Type of de-excitation inverse x-section             3
Type of de-excitation factory                       Evaporation+GEM
Number of de-excitation channels                    68
Min excitation energy (keV)                         0.01
Min energy per nucleon for multifragmentation (MeV) 2e+05
Limit excitation energy for Fermi BreakUp (MeV)     20
Level density (1/MeV)                               0.075
Use simple level density model                      1
Use discrete excitation energy of the residual      0
Time limit for long lived isomeres (ns)             1000
Isomer production flag                              1
Internal e- conversion flag                         1
Store e- internal conversion data                   0
Electron internal conversion ID                     2
Correlated gamma emission flag                      0
Max 2J for sampling of angular correlations         10
=======================================================================
G4VisManager: Using G4TrajectoryDrawByCharge as fallback trajectory model.
See commands in /vis/modeling/trajectories/ for other options.
       neutron, kinetic energy (MeV) =      4397.64, position (cm) = (-13.162,3.7646,200),	 weight = 1
       neutron, kinetic energy (MeV) =      250.159, position (cm) = (-5.40914,-25.2113,200),	 weight = 1
       neutron, kinetic energy (MeV) =      169.802, position (cm) = (-9.70698,19.6239,200),	 weight = 2
           pi+, kinetic energy (MeV) =      322.183, position (cm) = (-5.40576,15.1214,200),	 weight = 1
         gamma, kinetic energy (MeV) =        15.71, position (cm) = (-84.9492,-66.2867,200),	 weight = 2
         gamma, kinetic energy (MeV) =     0.157612, position (cm) = (-13.9175,10.9869,200),	 weight = 1
         gamma, kinetic energy (MeV) =     0.745275, position (cm) = (-16.6853,4.47662,200),	 weight = 1
         gamma, kinetic energy (MeV) =     0.510999, position (cm) = (-8.9447,18.0083,200),	 weight = 1
         gamma, kinetic energy (MeV) =      12.8544, position (cm) = (-9.06153,16.0752,200),	 weight = 1
         gamma, kinetic energy (MeV) =       13.976, position (cm) = (-9.63753,15.9368,200),	 weight = 1
         gamma, kinetic energy (MeV) =      6.18401, position (cm) = (-9.22514,15.7798,200),	 weight = 1
         gamma, kinetic energy (MeV) =      4.02767, position (cm) = (-8.01678,16.7813,200),	 weight = 1
         gamma, kinetic energy (MeV) =      14.0671, position (cm) = (-8.6468,16.5834,200),	 weight = 1
         gamma, kinetic energy (MeV) =     0.120629, position (cm) = (-12.3309,17.3141,200),	 weight = 1
         gamma, kinetic energy (MeV) =     0.787836, position (cm) = (-9.36383,17.1473,200),	 weight = 1
         gamma, kinetic energy (MeV) =     0.174872, position (cm) = (-9.72903,16.438,200),	 weight = 1
         gamma, kinetic energy (MeV) =      2.30024, position (cm) = (-9.4918,16.1119,200),	 weight = 1
         gamma, kinetic energy (MeV) =     0.133937, position (cm) = (-11.1324,18.4468,200),	 weight = 1
         gamma, kinetic energy (MeV) =     0.873565, position (cm) = (9.36034,4.99464,200),	 weight = 10
       neutron, kinetic energy (MeV) =     0.797921, position (cm) = (34.3117,6.08041,200),	 weight = 5
         gamma, kinetic energy (MeV) =      6.16233, position (cm) = (48.2595,26.5228,200),	 weight = 1
         gamma, kinetic energy (MeV) =       4.2776, position (cm) = (24.0188,-7.46582,200),	 weight = 2
         gamma, kinetic energy (MeV) =     0.208719, position (cm) = (21.9381,-3.09366,200),	 weight = 4
         gamma, kinetic energy (MeV) =     0.649875, position (cm) = (25.2815,-3.29613,200),	 weight = 2
       neutron, kinetic energy (MeV) =      5.93162, position (cm) = (22.6984,-0.527825,200),	 weight = 4
       neutron, kinetic energy (MeV) =      43.0863, position (cm) = (25.3138,-4.64055,200),	 weight = 2
         gamma, kinetic energy (MeV) =     0.173983, position (cm) = (53.694,14.7298,200),	 weight = 3
       neutron, kinetic energy (MeV) =      2.48062, position (cm) = (33.8138,30.1255,200),	 weight = 1
         gamma, kinetic energy (MeV) =       10.801, position (cm) = (79.5369,6.94271,200),	 weight = 1
       neutron, kinetic energy (MeV) =      71.1471, position (cm) = (55.0984,4.02355,200),	 weight = 1
    anti_nu_mu, kinetic energy (MeV) =      49.7292, position (cm) = (56.7322,36.101,200),	 weight = 1
         gamma, kinetic energy (MeV) =      4.57624, position (cm) = (-51.1248,-42.4594,200),	 weight = 1
         gamma, kinetic energy (MeV) =    0.0350573, position (cm) = (-51.3069,-41.7059,200),	 weight = 1
         gamma, kinetic energy (MeV) =     0.123222, position (cm) = (-62.1102,-14.9523,200),	 weight = 1
         gamma, kinetic energy (MeV) =       0.1928, position (cm) = (-5.87539,-22.2179,200),	 weight = 2
         gamma, kinetic energy (MeV) =     0.424942, position (cm) = (10.2451,-32.5733,200),	 weight = 2
         gamma, kinetic energy (MeV) =    0.0937251, position (cm) = (0.245411,36.7947,200),	 weight = 6
         gamma, kinetic energy (MeV) =      7.60205, position (cm) = (37.6857,20.7414,200),	 weight = 6
        proton, kinetic energy (MeV) =      75.9551, position (cm) = (11.3179,14.1113,200),	 weight = 2
            e-, kinetic energy (MeV) =      49.0603, position (cm) = (-6.28031,21.2166,200),	 weight = 1
         gamma, kinetic energy (MeV) =    0.0678464, position (cm) = (-6.22923,21.3374,200),	 weight = 1
         gamma, kinetic energy (MeV) =      33.6125, position (cm) = (-6.299,21.3167,200),	 weight = 1
         gamma, kinetic energy (MeV) =      25.8711, position (cm) = (-6.29427,21.4561,200),	 weight = 1
         gamma, kinetic energy (MeV) =       2.6002, position (cm) = (-5.93025,21.5132,200),	 weight = 1
         gamma, kinetic energy (MeV) =      14.5903, position (cm) = (-5.90551,21.5085,200),	 weight = 1
         gamma, kinetic energy (MeV) =      105.038, position (cm) = (-5.82699,21.6635,200),	 weight = 1
         gamma, kinetic energy (MeV) =      8.36491, position (cm) = (-5.76083,21.6796,200),	 weight = 1
         gamma, kinetic energy (MeV) =     0.969007, position (cm) = (-5.32221,21.5035,200),	 weight = 1
           mu+, kinetic energy (MeV) =      483.958, position (cm) = (-25.1051,12.3214,200),	 weight = 1
         gamma, kinetic energy (MeV) =     0.509746, position (cm) = (-21.4964,15.8236,200),	 weight = 1
         nu_mu, kinetic energy (MeV) =      128.598, position (cm) = (-17.7217,5.16815,200),	 weight = 1
    anti_nu_mu, kinetic energy (MeV) =       38.163, position (cm) = (-25.7154,-28.2412,200),	 weight = 1
           pi+, kinetic energy (MeV) =      506.618, position (cm) = (12.8094,-41.7394,200),	 weight = 1
            e-, kinetic energy (MeV) =     0.634014, position (cm) = (12.8712,-41.1069,200),	 weight = 1
           mu+, kinetic energy (MeV) =      140.543, position (cm) = (40.948,51.1432,200),	 weight = 1
         gamma, kinetic energy (MeV) =    0.0579749, position (cm) = (40.8745,50.9031,200),	 weight = 1
         nu_mu, kinetic energy (MeV) =      38.3887, position (cm) = (47.8299,-16.1803,200),	 weight = 1
         gamma, kinetic energy (MeV) =     0.291359, position (cm) = (28.767,13.6622,200),	 weight = 2
       neutron, kinetic energy (MeV) =     0.184528, position (cm) = (-6.97943,-11.9843,200),	 weight = 1
        proton, kinetic energy (MeV) =       411.12, position (cm) = (-25.1643,21.8487,200),	 weight = 1
         gamma, kinetic energy (MeV) =    0.0989056, position (cm) = (21.7477,29.2013,200),	 weight = 3
         gamma, kinetic energy (MeV) =     0.415098, position (cm) = (21.2155,34.8346,200),	 weight = 3
            e-, kinetic energy (MeV) =      114.292, position (cm) = (21.366,34.5504,200),	 weight = 1
         gamma, kinetic energy (MeV) =     0.630544, position (cm) = (21.1851,34.0254,200),	 weight = 1
         gamma, kinetic energy (MeV) =      1.63664, position (cm) = (21.3911,34.4675,200),	 weight = 1
         gamma, kinetic energy (MeV) =      1.81566, position (cm) = (21.4541,34.6328,200),	 weight = 1
         gamma, kinetic energy (MeV) =      5.31422, position (cm) = (21.4741,34.5813,200),	 weight = 1
         gamma, kinetic energy (MeV) =     0.255266, position (cm) = (21.2073,34.8712,200),	 weight = 1
         gamma, kinetic energy (MeV) =      12.7756, position (cm) = (21.3129,34.9479,200),	 weight = 1
         gamma, kinetic energy (MeV) =      1.91251, position (cm) = (22.9649,33.3465,200),	 weight = 1
         gamma, kinetic energy (MeV) =      2.07963, position (cm) = (21.2901,34.9977,200),	 weight = 1
         gamma, kinetic energy (MeV) =      10.0442, position (cm) = (21.0686,34.8847,200),	 weight = 1
         gamma, kinetic energy (MeV) =      8.57456, position (cm) = (20.9753,35.012,200),	 weight = 1
         gamma, kinetic energy (MeV) =      3.73026, position (cm) = (20.7445,35.1666,200),	 weight = 1
         gamma, kinetic energy (MeV) =      18.6716, position (cm) = (21.0283,34.4284,200),	 weight = 1
         gamma, kinetic energy (MeV) =      9.41248, position (cm) = (20.8025,34.4018,200),	 weight = 1
         gamma, kinetic energy (MeV) =     0.189049, position (cm) = (33.099,43.589,200),	 weight = 1
         gamma, kinetic energy (MeV) =     0.407503, position (cm) = (26.4226,31.6065,200),	 weight = 1
         gamma, kinetic energy (MeV) =      9.83487, position (cm) = (29.3338,35.9695,200),	 weight = 1
         gamma, kinetic energy (MeV) =      1.32812, position (cm) = (23.2292,31.2594,200),	 weight = 1
         gamma, kinetic energy (MeV) =      5.92871, position (cm) = (18.7263,37.6683,200),	 weight = 1
         gamma, kinetic energy (MeV) =     0.534163, position (cm) = (20.2754,34.1291,200),	 weight = 1
         gamma, kinetic energy (MeV) =     0.145739, position (cm) = (19.3955,32.927,200),	 weight = 1
         gamma, kinetic energy (MeV) =      1.36728, position (cm) = (20.1725,34.2815,200),	 weight = 1
         gamma, kinetic energy (MeV) =      13.9028, position (cm) = (19.8731,34.2961,200),	 weight = 1
            e-, kinetic energy (MeV) =      6.85766, position (cm) = (19.8521,34.7141,200),	 weight = 1
         gamma, kinetic energy (MeV) =      6.47592, position (cm) = (28.8459,33.2759,200),	 weight = 1
         gamma, kinetic energy (MeV) =     0.260156, position (cm) = (17.6793,36.6317,200),	 weight = 3
         gamma, kinetic energy (MeV) =      3.14388, position (cm) = (22.3146,46.9087,200),	 weight = 3
         gamma, kinetic energy (MeV) =     0.189216, position (cm) = (19.3744,39.8084,200),	 weight = 3
            e-, kinetic energy (MeV) =      3.26908, position (cm) = (19.8667,38.4407,200),	 weight = 3
         gamma, kinetic energy (MeV) =     0.992286, position (cm) = (26.3151,40.9593,200),	 weight = 3
    anti_nu_mu, kinetic energy (MeV) =      57.5637, position (cm) = (-6.22152,-61.958,200),	 weight = 3
    anti_nu_mu, kinetic energy (MeV) =      9.49987, position (cm) = (13.5488,87.4216,200),	 weight = 1
         gamma, kinetic energy (MeV) =      1893.38, position (cm) = (16.7203,18.2137,200),	 weight = 1
         gamma, kinetic energy (MeV) =      1.54288, position (cm) = (18.9653,10.2876,200),	 weight = 1
       neutron, kinetic energy (MeV) =     0.928385, position (cm) = (14.4115,18.4347,200),	 weight = 2
         gamma, kinetic energy (MeV) =      6.09078, position (cm) = (14.2186,18.1851,200),	 weight = 4
        proton, kinetic energy (MeV) =      16.6324, position (cm) = (14.1963,18.1432,200),	 weight = 4
       neutron, kinetic energy (MeV) =      1524.13, position (cm) = (14.1717,18.1366,200),	 weight = 2
           pi-, kinetic energy (MeV) =      2419.39, position (cm) = (3.25929,2.81441,200),	 weight = 1
         gamma, kinetic energy (MeV) =     0.547453, position (cm) = (-1.8257,11.1553,200),	 weight = 1
           pi-, kinetic energy (MeV) =      220.279, position (cm) = (3.60497,-11.6194,200),	 weight = 1
        proton, kinetic energy (MeV) =      897.514, position (cm) = (-6.10866,-20.107,200),	 weight = 1
         nu_mu, kinetic energy (MeV) =      29.7919, position (cm) = (-37.5059,18.8454,200),	 weight = 5
          nu_e, kinetic energy (MeV) =      37.6175, position (cm) = (-86.8083,74.5871,200),	 weight = 1
        proton, kinetic energy (MeV) =      1661.35, position (cm) = (8.96482,17.5634,200),	 weight = 1
         gamma, kinetic energy (MeV) =     0.620864, position (cm) = (-39.2389,23.2535,200),	 weight = 2
       neutron, kinetic energy (MeV) =      36.0576, position (cm) = (27.8163,10.4665,200),	 weight = 10
           pi+, kinetic energy (MeV) =      268.863, position (cm) = (15.4311,6.711,200),	 weight = 5
         gamma, kinetic energy (MeV) =      1.70275, position (cm) = (-20.0448,25.614,200),	 weight = 4
       neutron, kinetic energy (MeV) =  6.62793e-08, position (cm) = (4.76154,11.8831,200),	 weight = 2
         gamma, kinetic energy (MeV) =     0.136645, position (cm) = (26.0057,14.4679,200),	 weight = 2
         gamma, kinetic energy (MeV) =     0.402282, position (cm) = (49.659,42.4968,200),	 weight = 1
       neutron, kinetic energy (MeV) =      746.092, position (cm) = (26.9331,10.2669,200),	 weight = 1
        proton, kinetic energy (MeV) =       3114.6, position (cm) = (25.5816,21.3565,200),	 weight = 1
          nu_e, kinetic energy (MeV) =      28.2267, position (cm) = (-46.5361,-84.0544,200),	 weight = 3
         gamma, kinetic energy (MeV) =      9.59042, position (cm) = (20.0126,18.235,200),	 weight = 1
         gamma, kinetic energy (MeV) =     0.169521, position (cm) = (0.140571,30.4402,200),	 weight = 2
         gamma, kinetic energy (MeV) =     0.403747, position (cm) = (-47.0626,21.9411,200),	 weight = 18
         gamma, kinetic energy (MeV) =     0.122178, position (cm) = (-62.9662,62.7782,200),	 weight = 18
         gamma, kinetic energy (MeV) =      0.15033, position (cm) = (-70.7238,51.7573,200),	 weight = 18
         gamma, kinetic energy (MeV) =      2.54929, position (cm) = (-45.6552,21.7197,200),	 weight = 12
         gamma, kinetic energy (MeV) =     0.557577, position (cm) = (-42.2565,27.3704,200),	 weight = 12
           pi+, kinetic energy (MeV) =      386.265, position (cm) = (-45.5531,22.9819,200),	 weight = 6
    anti_nu_mu, kinetic energy (MeV) =      80.5794, position (cm) = (88.0909,53.0495,200),	 weight = 1
    anti_nu_mu, kinetic energy (MeV) =      48.1437, position (cm) = (-23.2211,-63.5842,200),	 weight = 5
         gamma, kinetic energy (MeV) =     0.266908, position (cm) = (24.1495,-16.9456,200),	 weight = 1
         gamma, kinetic energy (MeV) =     0.130963, position (cm) = (-18.6387,25.7296,200),	 weight = 1
         gamma, kinetic energy (MeV) =      4.13415, position (cm) = (2.03662,-0.60868,200),	 weight = 1
         gamma, kinetic energy (MeV) =      5.94552, position (cm) = (0.382553,-2.86097,200),	 weight = 1
         gamma, kinetic energy (MeV) =       4.5057, position (cm) = (0.307452,-9.2236,200),	 weight = 1
         gamma, kinetic energy (MeV) =      30.2471, position (cm) = (0.539406,-3.23474,200),	 weight = 1
         gamma, kinetic energy (MeV) =      20.7658, position (cm) = (3.66086,1.36096,200),	 weight = 1
         gamma, kinetic energy (MeV) =      46.1098, position (cm) = (3.60048,6.56667,200),	 weight = 1
         gamma, kinetic energy (MeV) =      8.22733, position (cm) = (3.53823,7.39917,200),	 weight = 3
         gamma, kinetic energy (MeV) =      1.22018, position (cm) = (-2.29625,4.01543,200),	 weight = 3
         gamma, kinetic energy (MeV) =     0.227012, position (cm) = (-7.8989,-1.77749,200),	 weight = 3
         gamma, kinetic energy (MeV) =      1.60448, position (cm) = (-6.28382,-1.30337,200),	 weight = 3
         gamma, kinetic energy (MeV) =      7.13318, position (cm) = (-19.2582,19.1284,200),	 weight = 3
         gamma, kinetic energy (MeV) =      23.2011, position (cm) = (-23.2436,-2.21793,200),	 weight = 3
         gamma, kinetic energy (MeV) =      30.2435, position (cm) = (-6.86031,6.44449,200),	 weight = 3
         gamma, kinetic energy (MeV) =     0.356925, position (cm) = (14.8538,9.55599,200),	 weight = 3
         gamma, kinetic energy (MeV) =     0.109457, position (cm) = (-4.86593,-3.79479,200),	 weight = 1
         gamma, kinetic energy (MeV) =      9.83437, position (cm) = (-36.1383,-26.1075,200),	 weight = 1
         gamma, kinetic energy (MeV) =      0.15255, position (cm) = (15.131,-0.000567409,200),	 weight = 1
         gamma, kinetic energy (MeV) =       1.4934, position (cm) = (-2.58937,3.23142,200),	 weight = 1
         gamma, kinetic energy (MeV) =      12.6863, position (cm) = (19.6378,28.191,200),	 weight = 1
         gamma, kinetic energy (MeV) =     0.420182, position (cm) = (14.657,8.13812,200),	 weight = 3
         gamma, kinetic energy (MeV) =      1.50628, position (cm) = (-15.4607,3.68176,200),	 weight = 1
         gamma, kinetic energy (MeV) =     0.883542, position (cm) = (-19.1597,-9.24572,200),	 weight = 3
         gamma, kinetic energy (MeV) =      1.14165, position (cm) = (-16.4608,-30.1072,200),	 weight = 9
            e-, kinetic energy (MeV) =      23.2853, position (cm) = (-15.7737,-30.0509,200),	 weight = 9
         gamma, kinetic energy (MeV) =    0.0901857, position (cm) = (-5.07487,-4.61104,200),	 weight = 9
         gamma, kinetic energy (MeV) =     0.317117, position (cm) = (2.99245,-8.10844,200),	 weight = 3
         gamma, kinetic energy (MeV) =    0.0754714, position (cm) = (-2.6311,-8.45547,200),	 weight = 3
            e-, kinetic energy (MeV) =      4.82352, position (cm) = (-2.81323,-2.02977,200),	 weight = 3
         gamma, kinetic energy (MeV) =       5.4012, position (cm) = (-2.81579,-2.03397,200),	 weight = 3
         gamma, kinetic energy (MeV) =      27.1817, position (cm) = (-2.78314,-2.16873,200),	 weight = 3
         gamma, kinetic energy (MeV) =     0.121654, position (cm) = (8.89589,-3.49606,200),	 weight = 3
            e+, kinetic energy (MeV) =      5.56257, position (cm) = (-3.18595,-4.04882,200),	 weight = 3
         gamma, kinetic energy (MeV) =     0.106203, position (cm) = (-3.24903,-3.70512,200),	 weight = 3
         gamma, kinetic energy (MeV) =     0.685156, position (cm) = (-2.48778,-4.11568,200),	 weight = 3
         gamma, kinetic energy (MeV) =       7.5819, position (cm) = (14.2517,13.936,200),	 weight = 9
         gamma, kinetic energy (MeV) =    0.0884871, position (cm) = (-39.4028,-18.6977,200),	 weight = 1
         gamma, kinetic energy (MeV) =     0.195818, position (cm) = (-15.1642,-5.04887,200),	 weight = 3
         gamma, kinetic energy (MeV) =     0.229162, position (cm) = (7.79844,-18.3687,200),	 weight = 1
            e-, kinetic energy (MeV) =       6.6246, position (cm) = (-8.73011,3.77348,200),	 weight = 1
         gamma, kinetic energy (MeV) =    0.0622929, position (cm) = (-9.04736,3.88762,200),	 weight = 1
         gamma, kinetic energy (MeV) =     0.106417, position (cm) = (-8.57741,3.34604,200),	 weight = 1
         gamma, kinetic energy (MeV) =     0.235636, position (cm) = (-7.98326,1.93999,200),	 weight = 1
         gamma, kinetic energy (MeV) =      11.5506, position (cm) = (-7.86749,1.93512,200),	 weight = 1
         gamma, kinetic energy (MeV) =      13.3015, position (cm) = (19.2264,9.0091,200),	 weight = 1
         gamma, kinetic energy (MeV) =     0.367678, position (cm) = (-33.2103,-39.435,200),	 weight = 3
         gamma, kinetic energy (MeV) =      1.93118, position (cm) = (-3.94718,-7.40756,200),	 weight = 3
         gamma, kinetic energy (MeV) =      9.13751, position (cm) = (-13.1642,19.6769,200),	 weight = 1
         gamma, kinetic energy (MeV) =     0.152503, position (cm) = (-12.0982,14.312,200),	 weight = 1
         gamma, kinetic energy (MeV) =     0.428354, position (cm) = (2.68847,-8.804,200),	 weight = 9
         gamma, kinetic energy (MeV) =      28.6905, position (cm) = (3.16823,-1.23597,200),	 weight = 1
         gamma, kinetic energy (MeV) =      0.25533, position (cm) = (10.1166,5.03783,200),	 weight = 1
         gamma, kinetic energy (MeV) =      12.6843, position (cm) = (-2.20406,13.2274,200),	 weight = 1
         gamma, kinetic energy (MeV) =       5.2334, position (cm) = (-28.5514,-37.0137,200),	 weight = 1
         gamma, kinetic energy (MeV) =    0.0525103, position (cm) = (-9.05587,-10.4469,200),	 weight = 3
         gamma, kinetic energy (MeV) =    0.0845843, position (cm) = (-4.83092,-12.9692,200),	 weight = 3
         gamma, kinetic energy (MeV) =      2.75152, position (cm) = (-2.12407,-0.352368,200),	 weight = 1
         gamma, kinetic energy (MeV) =      3.46913, position (cm) = (-10.9985,-1.98839,200),	 weight = 1
         gamma, kinetic energy (MeV) =      3.94221, position (cm) = (3.70142,-40.9754,200),	 weight = 1
         gamma, kinetic energy (MeV) =      5.75492, position (cm) = (24.7628,29.1504,200),	 weight = 1
         gamma, kinetic energy (MeV) =    0.0595385, position (cm) = (5.86038,16.0997,200),	 weight = 1
         gamma, kinetic energy (MeV) =        3.418, position (cm) = (9.56706,-6.19786,200),	 weight = 1
         gamma, kinetic energy (MeV) =      13.7766, position (cm) = (7.14559,10.675,200),	 weight = 1
         gamma, kinetic energy (MeV) =      13.6625, position (cm) = (-20.4354,-10.7706,200),	 weight = 1
         gamma, kinetic energy (MeV) =     0.240421, position (cm) = (1.25007,-17.9293,200),	 weight = 1
         gamma, kinetic energy (MeV) =     0.162415, position (cm) = (-13.0145,32.1925,200),	 weight = 1
         gamma, kinetic energy (MeV) =     0.915365, position (cm) = (12.699,7.22455,200),	 weight = 1
         gamma, kinetic energy (MeV) =    0.0567651, position (cm) = (-7.10973,5.74039,200),	 weight = 1
         gamma, kinetic energy (MeV) =     0.510999, position (cm) = (-7.87135,-22.519,200),	 weight = 1
         gamma, kinetic energy (MeV) =      2.45316, position (cm) = (16.0501,12.5569,200),	 weight = 3
            e-, kinetic energy (MeV) =       22.441, position (cm) = (16.051,12.5553,200),	 weight = 3
         gamma, kinetic energy (MeV) =      2.09198, position (cm) = (5.22271,13.2473,200),	 weight = 9
         gamma, kinetic energy (MeV) =      44.5159, position (cm) = (-3.74331,-5.69669,200),	 weight = 1
            e-, kinetic energy (MeV) =      11.2513, position (cm) = (0.893053,-0.0208719,200),	 weight = 1
         gamma, kinetic energy (MeV) =      25.5681, position (cm) = (0.893619,-0.015139,200),	 weight = 1
         gamma, kinetic energy (MeV) =      3.96764, position (cm) = (0.888538,-0.00479151,200),	 weight = 1
         gamma, kinetic energy (MeV) =    0.0264947, position (cm) = (0.891088,0.00271222,200),	 weight = 1
         gamma, kinetic energy (MeV) =     0.275867, position (cm) = (0.672161,-0.0563587,200),	 weight = 1
         gamma, kinetic energy (MeV) =      0.84391, position (cm) = (0.59958,-0.0190646,200),	 weight = 1
         gamma, kinetic energy (MeV) =      156.188, position (cm) = (0.454271,-0.1196,200),	 weight = 1
         gamma, kinetic energy (MeV) =       7.8131, position (cm) = (2.60849,9.42284,200),	 weight = 1
         gamma, kinetic energy (MeV) =      1.59449, position (cm) = (0.675401,-4.103,200),	 weight = 1
         gamma, kinetic energy (MeV) =     0.440486, position (cm) = (-0.235838,-11.2652,200),	 weight = 1
         gamma, kinetic energy (MeV) =    0.0936359, position (cm) = (4.35003,1.39362,200),	 weight = 1
         gamma, kinetic energy (MeV) =      2.31829, position (cm) = (0.542396,-1.87267,200),	 weight = 1
         gamma, kinetic energy (MeV) =     0.890162, position (cm) = (1.23219,-8.07803,200),	 weight = 1
         gamma, kinetic energy (MeV) =     0.866271, position (cm) = (-5.41326,0.280858,200),	 weight = 3
         gamma, kinetic energy (MeV) =      4.08692, position (cm) = (0.589162,12.278,200),	 weight = 1
         gamma, kinetic energy (MeV) =      2.70054, position (cm) = (-7.27201,7.14917,200),	 weight = 1
         gamma, kinetic energy (MeV) =      4.07514, position (cm) = (-3.66741,3.88452,200),	 weight = 1
         gamma, kinetic energy (MeV) =    0.0576726, position (cm) = (2.71293,3.0195,200),	 weight = 1
         gamma, kinetic energy (MeV) =     0.192766, position (cm) = (-6.03536,-1.36649,200),	 weight = 1
            e-, kinetic energy (MeV) =       29.231, position (cm) = (-1.24423,-0.905088,200),	 weight = 1
         gamma, kinetic energy (MeV) =    0.0266436, position (cm) = (-1.24073,-0.905893,200),	 weight = 1
         gamma, kinetic energy (MeV) =      4.22638, position (cm) = (-1.30426,-0.909614,200),	 weight = 1
         gamma, kinetic energy (MeV) =     0.325086, position (cm) = (-1.34217,-0.95855,200),	 weight = 1
         gamma, kinetic energy (MeV) =     0.493245, position (cm) = (-9.58365,-1.26023,200),	 weight = 1
         gamma, kinetic energy (MeV) =      4.32156, position (cm) = (4.27331,24.7848,200),	 weight = 1
         gamma, kinetic energy (MeV) =      12.6459, position (cm) = (-0.159868,1.20552,200),	 weight = 1
         gamma, kinetic energy (MeV) =     0.100155, position (cm) = (-17.809,21.2496,200),	 weight = 1
         gamma, kinetic energy (MeV) =      1.42935, position (cm) = (8.5422,-6.85074,200),	 weight = 1
         gamma, kinetic energy (MeV) =      49.1305, position (cm) = (-0.0492274,3.63913,200),	 weight = 1
         gamma, kinetic energy (MeV) =      26.6842, position (cm) = (1.22025,-3.1887,200),	 weight = 1
         gamma, kinetic energy (MeV) =      7.03871, position (cm) = (-4.76788,3.83941,200),	 weight = 1
         gamma, kinetic energy (MeV) =      3.32308, position (cm) = (0.851121,-5.79422,200),	 weight = 1
         gamma, kinetic energy (MeV) =      4.19121, position (cm) = (0.701779,2.86346,200),	 weight = 3
         gamma, kinetic energy (MeV) =     0.129355, position (cm) = (-14.48,1.22033,200),	 weight = 1
         gamma, kinetic energy (MeV) =     0.486771, position (cm) = (8.05997,-1.13565,200),	 weight = 1
         gamma, kinetic energy (MeV) =       3.2671, position (cm) = (-0.047203,-1.25777,200),	 weight = 1
Graphics systems deleted.
Visualization Manager deleting...
