
        ############################################
        !!! WARNING - FPE detection is activated !!!
        ############################################

*************************************************************
 Geant4 version Name: geant4-10-03-ref-10    (31-October-2017)
                      Copyright : Geant4 Collaboration
                      Reference : NIM A 506 (2003), 250-303
                            WWW : http://cern.ch/geant4
*************************************************************

Visualization Manager instantiating with verbosity "warnings (3)"...
Visualization Manager initialising...
Registering graphics systems...

You have successfully registered the following graphics systems.
Current available graphics systems are:
ASCIITree (ATree)
DAWNFILE (DAWNFILE)
G4HepRep (HepRepXML)
G4HepRepFile (HepRepFile)
RayTracer (RayTracer)
VRML1FILE (VRML1FILE)
VRML2FILE (VRML2FILE)
gMocrenFile (gMocrenFile)
OpenGLImmediateQt (OGLIQt, OGLI)
OpenGLStoredQt (OGLSQt, OGL, OGLS)
OpenGLImmediateXm (OGLIXm, OGLIQt_FALLBACK)
OpenGLStoredXm (OGLSXm, OGLSQt_FALLBACK)
OpenGLImmediateX (OGLIX, OGLIQt_FALLBACK, OGLIXm_FALLBACK)
OpenGLStoredX (OGLSX, OGLSQt_FALLBACK, OGLSXm_FALLBACK)
RayTracerX (RayTracerX)

Registering model factories...

You have successfully registered the following model factories.
Registered model factories:
  generic
  drawByAttribute
  drawByCharge
  drawByOriginVolume
  drawByParticleID
  drawByEncounteredVolume

Registered filter factories:
  attributeFilter
  chargeFilter
  originVolumeFilter
  particleFilter
  encounteredVolumeFilter

You have successfully registered the following user vis actions.
Run Duration User Vis Actions: none
End of Event User Vis Actions: none
End of Run User Vis Actions: none

Some /vis commands (optionally) take a string to specify colour.
"/vis/list" to see available colours.

### ===  Deexcitation model UAtomDeexcitation is activated for 1 region:
          DefaultRegionForTheWorld  1  1  0
### ===  Auger cascade flag: 1
### ===  Ignore cuts flag:   0

phot:   for  gamma    SubType= 12  BuildTable= 0
      LambdaPrime table from 200 keV to 100 TeV in 61 bins 
      ===== EM models for the G4Region  DefaultRegionForTheWorld ======
 LivermorePhElectric :  Emin=        0 eV    Emax=      100 TeV   AngularGenSauterGavrila  FluoActive

compt:   for  gamma    SubType= 13  BuildTable= 1
      Lambda table from 100 eV  to 1 MeV, 7 bins per decade, spline: 1
      LambdaPrime table from 1 MeV to 100 TeV in 56 bins 
      ===== EM models for the G4Region  DefaultRegionForTheWorld ======
    LivermoreCompton :  Emin=        0 eV    Emax=      100 TeV  FluoActive

conv:   for  gamma    SubType= 14  BuildTable= 1
      Lambda table from 1.022 MeV to 100 TeV, 18 bins per decade, spline: 1
      ===== EM models for the G4Region  DefaultRegionForTheWorld ======
 LivermoreConversion :  Emin=        0 eV    Emax=       80 GeV
     BetheHeitlerLPM :  Emin=       80 GeV   Emax=      100 TeV

Rayl:   for  gamma    SubType= 11  BuildTable= 1
      Lambda table from 100 eV  to 100 keV, 7 bins per decade, spline: 0
      LambdaPrime table from 100 keV to 100 TeV in 63 bins 
      ===== EM models for the G4Region  DefaultRegionForTheWorld ======
   LivermoreRayleigh :  Emin=        0 eV    Emax=      100 TeV   CullenGenerator

e-_G4DNAElectronSolvation:   for  e-    SubType= 58  BuildTable= 0
      ===== EM models for the G4Region  DefaultRegionForTheWorld ======
DNAOneStepThermalizationModel :  Emin=        0 eV    Emax=      7.4 eV 

e-_G4DNAElastic:   for  e-    SubType= 51  BuildTable= 0
      ===== EM models for the G4Region  DefaultRegionForTheWorld ======
DNAChampionElasticModel :  Emin=        0 eV    Emax=        1 MeV

e-_G4DNAExcitation:   for  e-    SubType= 52  BuildTable= 0
      ===== EM models for the G4Region  DefaultRegionForTheWorld ======
DNABornExcitationModel :  Emin=        0 eV    Emax=        1 MeV

e-_G4DNAIonisation:   for  e-    SubType= 53  BuildTable= 0
      ===== EM models for the G4Region  DefaultRegionForTheWorld ======
DNABornIonisationModel :  Emin=        0 eV    Emax=        1 MeV   deltaBorn  FluoActive

e-_G4DNAVibExcitation:   for  e-    SubType= 54  BuildTable= 0
      ===== EM models for the G4Region  DefaultRegionForTheWorld ======
DNASancheExcitationModel :  Emin=        0 eV    Emax=      100 eV 

e-_G4DNAAttachment:   for  e-    SubType= 55  BuildTable= 0
      ===== EM models for the G4Region  DefaultRegionForTheWorld ======
DNAMeltonAttachmentModel :  Emin=        0 eV    Emax=       13 eV 

msc:   for e+    SubType= 10
      RangeFactor= 0.04, stepLimitType: 3, latDisplacement: 1, skin= 1, geomFactor= 2.5
      ===== EM models for the G4Region  DefaultRegionForTheWorld ======
            UrbanMsc :  Emin=        0 eV    Emax=      100 TeV  Table with 84 bins Emin=    100 eV    Emax=    100 TeV

eIoni:   for  e+    SubType= 2
      dE/dx and range tables from 100 eV  to 100 TeV in 84 bins
      Lambda tables from threshold to 100 TeV, 7 bins per decade, spline: 1
      finalRange(mm)= 0.1, dRoverRange= 0.2, integral: 1, fluct: 1, linLossLimit= 0.01
      ===== EM models for the G4Region  DefaultRegionForTheWorld ======
        MollerBhabha :  Emin=        0 eV    Emax=      100 TeV

eBrem:   for  e+    SubType= 3
      dE/dx and range tables from 100 eV  to 100 TeV in 84 bins
      Lambda tables from threshold to 100 TeV, 7 bins per decade, spline: 1
      LPM flag: 1 for E > 1 GeV,  VertexHighEnergyTh(GeV)= 100000
      ===== EM models for the G4Region  DefaultRegionForTheWorld ======
             eBremSB :  Emin=        0 eV    Emax=        1 GeV   DipBustGen
            eBremLPM :  Emin=        1 GeV   Emax=      100 TeV   DipBustGen

annihil:   for  e+, integral: 1     SubType= 5  BuildTable= 0
      ===== EM models for the G4Region  DefaultRegionForTheWorld ======
            eplus2gg :  Emin=        0 eV    Emax=      100 TeV

proton_G4DNAElastic:   for  proton    SubType= 51  BuildTable= 0
      ===== EM models for the G4Region  DefaultRegionForTheWorld ======
  DNAIonElasticModel :  Emin=        0 eV    Emax=        1 MeV

proton_G4DNAExcitation:   for  proton    SubType= 52  BuildTable= 0
      ===== EM models for the G4Region  DefaultRegionForTheWorld ======
DNAMillerGreenExcitationModel :  Emin=        0 eV    Emax=      500 keV
DNABornExcitationModel :  Emin=      500 keV   Emax=      100 MeV

proton_G4DNAIonisation:   for  proton    SubType= 53  BuildTable= 0
      ===== EM models for the G4Region  DefaultRegionForTheWorld ======
DNARuddIonisationModel :  Emin=        0 eV    Emax=      500 keV   deltaRudd  FluoActive
DNABornIonisationModel :  Emin=      500 keV   Emax=      100 MeV   deltaBorn  FluoActive

proton_G4DNAChargeDecrease:   for  proton    SubType= 56  BuildTable= 0
      ===== EM models for the G4Region  DefaultRegionForTheWorld ======
DNADingfelderChargeDecreaseModel :  Emin=        0 eV    Emax=      100 MeV

GenericIon_G4DNAIonisation:   for  GenericIon    SubType= 53  BuildTable= 0
      ===== EM models for the G4Region  DefaultRegionForTheWorld ======
DNARuddIonisationExtendedModel :  Emin=        0 eV    Emax=        1 TeV   deltaRudd  FluoActive

alpha_G4DNAElastic:   for  alpha    SubType= 51  BuildTable= 0
      ===== EM models for the G4Region  DefaultRegionForTheWorld ======
  DNAIonElasticModel :  Emin=        0 eV    Emax=        1 MeV

alpha_G4DNAExcitation:   for  alpha    SubType= 52  BuildTable= 0
      ===== EM models for the G4Region  DefaultRegionForTheWorld ======
DNAMillerGreenExcitationModel :  Emin=        0 eV    Emax=      400 MeV

alpha_G4DNAIonisation:   for  alpha    SubType= 53  BuildTable= 0
      ===== EM models for the G4Region  DefaultRegionForTheWorld ======
DNARuddIonisationModel :  Emin=        0 eV    Emax=      400 MeV   deltaRudd  FluoActive

alpha_G4DNAChargeDecrease:   for  alpha    SubType= 56  BuildTable= 0
      ===== EM models for the G4Region  DefaultRegionForTheWorld ======
DNADingfelderChargeDecreaseModel :  Emin=        0 eV    Emax=      400 MeV

alpha+_G4DNAElastic:   for  alpha+    SubType= 51  BuildTable= 0
      ===== EM models for the G4Region  DefaultRegionForTheWorld ======
  DNAIonElasticModel :  Emin=        0 eV    Emax=        1 MeV

alpha+_G4DNAExcitation:   for  alpha+    SubType= 52  BuildTable= 0
      ===== EM models for the G4Region  DefaultRegionForTheWorld ======
DNAMillerGreenExcitationModel :  Emin=        0 eV    Emax=      400 MeV

alpha+_G4DNAIonisation:   for  alpha+    SubType= 53  BuildTable= 0
      ===== EM models for the G4Region  DefaultRegionForTheWorld ======
DNARuddIonisationModel :  Emin=        0 eV    Emax=      400 MeV   deltaRudd  FluoActive

alpha+_G4DNAChargeDecrease:   for  alpha+    SubType= 56  BuildTable= 0
      ===== EM models for the G4Region  DefaultRegionForTheWorld ======
DNADingfelderChargeDecreaseModel :  Emin=        0 eV    Emax=      400 MeV

alpha+_G4DNAChargeIncrease:   for  alpha+    SubType= 57  BuildTable= 0
      ===== EM models for the G4Region  DefaultRegionForTheWorld ======
DNADingfelderChargeIncreaseModel :  Emin=        0 eV    Emax=      400 MeV

helium_G4DNAElastic:   for  helium    SubType= 51  BuildTable= 0
      ===== EM models for the G4Region  DefaultRegionForTheWorld ======
  DNAIonElasticModel :  Emin=        0 eV    Emax=        1 MeV

helium_G4DNAExcitation:   for  helium    SubType= 52  BuildTable= 0
      ===== EM models for the G4Region  DefaultRegionForTheWorld ======
DNAMillerGreenExcitationModel :  Emin=        0 eV    Emax=      400 MeV

helium_G4DNAIonisation:   for  helium    SubType= 53  BuildTable= 0
      ===== EM models for the G4Region  DefaultRegionForTheWorld ======
DNARuddIonisationModel :  Emin=        0 eV    Emax=      400 MeV   deltaRudd  FluoActive

helium_G4DNAChargeIncrease:   for  helium    SubType= 57  BuildTable= 0
      ===== EM models for the G4Region  DefaultRegionForTheWorld ======
DNADingfelderChargeIncreaseModel :  Emin=        0 eV    Emax=      400 MeV

hydrogen_G4DNAElastic:   for  hydrogen    SubType= 51  BuildTable= 0
      ===== EM models for the G4Region  DefaultRegionForTheWorld ======
  DNAIonElasticModel :  Emin=        0 eV    Emax=        1 MeV

hydrogen_G4DNAExcitation:   for  hydrogen    SubType= 52  BuildTable= 0
      ===== EM models for the G4Region  DefaultRegionForTheWorld ======
DNAMillerGreenExcitationModel :  Emin=        0 eV    Emax=      500 keV

hydrogen_G4DNAIonisation:   for  hydrogen    SubType= 53  BuildTable= 0
      ===== EM models for the G4Region  DefaultRegionForTheWorld ======
DNARuddIonisationModel :  Emin=        0 eV    Emax=      100 MeV   deltaRudd  FluoActive

hydrogen_G4DNAChargeIncrease:   for  hydrogen    SubType= 57  BuildTable= 0
      ===== EM models for the G4Region  DefaultRegionForTheWorld ======
DNADingfelderChargeIncreaseModel :  Emin=        0 eV    Emax=      100 MeV
Physics stage ends
Number of chemical species involved in reactions = 6
Reaction                                    Reaction Rate [dm3/(mol*s)]   Interaction Range for chosen reaction model [nm]
------------------------------------------------------------------------------------------------------------------------------
H3O^1 + e_aq^-1 -> H^0                      2.11e+10                      0.200589
------------------------------------------------------------------------------------------------------------------------------
H3O^1 + OH^-1 -> No product                 1.43e+11                      1.34973
------------------------------------------------------------------------------------------------------------------------------
OH^0 + e_aq^-1 -> OH^-1                     2.95e+10                      0.506256
------------------------------------------------------------------------------------------------------------------------------
OH^0 + OH^0 -> H2O2^0                       4.4e+09                       0.207651
------------------------------------------------------------------------------------------------------------------------------
OH^0 + H^0 -> No product                    1.44e+10                      0.194167
------------------------------------------------------------------------------------------------------------------------------
e_aq^-1 + e_aq^-1 -> OH^-1 + OH^-1 + H_2^0  5e+09                         0.134838
------------------------------------------------------------------------------------------------------------------------------
e_aq^-1 + H^0 -> OH^-1 + H_2^0              2.65e+10                      0.294265
------------------------------------------------------------------------------------------------------------------------------
e_aq^-1 + H2O2^0 -> OH^-1 + OH^0            1.41e+10                      0.295745
------------------------------------------------------------------------------------------------------------------------------
H^0 + H^0 -> H_2^0                          1.2e+10                       0.226528
------------------------------------------------------------------------------------------------------------------------------
DNAMolecularStepByStepModel will be used
*** G4Scheduler starts processing 
At time :       1 ps Reaction : OH^0 (-790) + OH^0 (-996) -> H2O2^0 (-1299)
At time :  2.9466 ps Reaction : OH^0 (-1160) + OH^0 (-1206) -> H2O2^0 (-1300)
At time :  6.2077 ps Reaction : OH^0 (-772) + OH^0 (-960) -> H2O2^0 (-1301)
At time :  7.2077 ps Reaction : H^0 (-1229) + OH^0 (-1050) -> No product
At time :  8.5804 ps Reaction : H^0 (-1222) + OH^0 (-1122) -> No product
At time :  27.078 ps Reaction : OH^0 (-1130) + OH^0 (-876) -> H2O2^0 (-1302)
At time :  30.078 ps Reaction : OH^0 (-1145) + OH^0 (-1146) -> H2O2^0 (-1303)
At time :  36.078 ps Reaction : OH^0 (-1156) + OH^0 (-966) -> H2O2^0 (-1304)
At time :  40.078 ps Reaction : OH^0 (-890) + OH^0 (-1110) -> H2O2^0 (-1305)
At time :  68.078 ps Reaction : H^0 (-1210) + OH^0 (-878) -> No product
At time :  69.078 ps Reaction : H^0 (-1216) + OH^0 (-657) -> No product
At time :  78.078 ps Reaction : OH^0 (-1246) + OH^0 (-1170) -> H2O2^0 (-1306)
At time :  82.078 ps Reaction : OH^0 (-930) + H^0 (-1125) -> No product
At time :  89.078 ps Reaction : OH^0 (-1248) + H^0 (-1143) -> No product
At time :  92.078 ps Reaction : OH^0 (-1257) + OH^0 (-970) -> H2O2^0 (-1307)
At time :  111.08 ps Reaction : OH^0 (-1295) + OH^0 (-1256) -> H2O2^0 (-1308)
At time :  141.08 ps Reaction : e_aq^-1 (-154) + H3O^1 (-795) -> H^0 (-1309)
At time :  151.08 ps Reaction : OH^0 (-740) + OH^0 (-1092) -> H2O2^0 (-1310)
At time :  151.08 ps Reaction : e_aq^-1 (-120) + OH^0 (-1026) -> OH^-1 (-1311)
At time :  161.08 ps Reaction : OH^0 (-1167) + OH^0 (-840) -> H2O2^0 (-1312)
At time :  171.08 ps Reaction : e_aq^-1 (-644) + H3O^1 (-861) -> H^0 (-1313)
At time :  181.08 ps Reaction : e_aq^-1 (-413) + OH^0 (-956) -> OH^-1 (-1314)
At time :  191.08 ps Reaction : e_aq^-1 (-294) + H^0 (-1296) -> OH^-1 (-1315) + H_2^0 (-1316)
At time :  201.08 ps Reaction : OH^-1 (-656) + H3O^1 (-839) -> No product
At time :  211.08 ps Reaction : e_aq^-1 (-517) + H3O^1 (-903) -> H^0 (-1317)
At time :  231.08 ps Reaction : e_aq^-1 (-443) + OH^0 (-1115) -> OH^-1 (-1318)
At time :  271.08 ps Reaction : OH^0 (-1197) + OH^0 (-724) -> H2O2^0 (-1319)
At time :  271.08 ps Reaction : e_aq^-1 (-620) + OH^0 (-1080) -> OH^-1 (-1320)
At time :  281.08 ps Reaction : OH^0 (-1149) + OH^0 (-990) -> H2O2^0 (-1321)
At time :  321.08 ps Reaction : OH^0 (-1218) + OH^0 (-736) -> H2O2^0 (-1322)
At time :  321.08 ps Reaction : e_aq^-1 (-270) + H3O^1 (-827) -> H^0 (-1323)
At time :  351.08 ps Reaction : OH^0 (-1264) + OH^0 (-1133) -> H2O2^0 (-1324)
At time :  371.08 ps Reaction : OH^0 (-1200) + OH^0 (-884) -> H2O2^0 (-1325)
At time :  381.08 ps Reaction : OH^0 (-988) + OH^0 (-1044) -> H2O2^0 (-1326)
At time :  391.08 ps Reaction : H^0 (-1269) + H^0 (-1150) -> H_2^0 (-1327)
At time :  391.08 ps Reaction : OH^0 (-1221) + e_aq^-1 (-495) -> OH^-1 (-1328)
At time :  391.08 ps Reaction : OH^0 (-1179) + OH^0 (-1012) -> H2O2^0 (-1329)
At time :  441.08 ps Reaction : H^0 (-1250) + OH^0 (-1142) -> No product
At time :  481.08 ps Reaction : e_aq^-1 (-376) + H3O^1 (-751) -> H^0 (-1330)
At time :  491.08 ps Reaction : H3O^1 (-1266) + e_aq^-1 (-251) -> H^0 (-1331)
At time :  501.08 ps Reaction : e_aq^-1 (-111) + OH^0 (-1032) -> OH^-1 (-1332)
At time :  541.08 ps Reaction : OH^0 (-1006) + H^0 (-1129) -> No product
At time :  551.08 ps Reaction : OH^-1 (-1332) + H3O^1 (-1023) -> No product
At time :  551.08 ps Reaction : H^0 (-1163) + OH^0 (-886) -> No product
At time :  571.08 ps Reaction : OH^0 (-754) + OH^0 (-944) -> H2O2^0 (-1333)
At time :  601.08 ps Reaction : OH^-1 (-1318) + H3O^1 (-925) -> No product
At time :  621.08 ps Reaction : e_aq^-1 (-400) + H3O^1 (-945) -> H^0 (-1334)
At time :  631.08 ps Reaction : OH^0 (-802) + OH^0 (-804) -> H2O2^0 (-1335)
At time :  641.08 ps Reaction : e_aq^-1 (-577) + H3O^1 (-885) -> H^0 (-1336)
At time :  651.08 ps Reaction : OH^0 (-1147) + OH^0 (-1000) -> H2O2^0 (-1337)
At time :  661.08 ps Reaction : OH^0 (-920) + OH^0 (-926) -> H2O2^0 (-1338)
At time :  751.08 ps Reaction : OH^0 (-750) + OH^0 (-760) -> H2O2^0 (-1339)
At time :  801.08 ps Reaction : OH^0 (-730) + OH^0 (-888) -> H2O2^0 (-1340)
At time :  821.08 ps Reaction : H3O^1 (-759) + OH^-1 (-1315) -> No product
At time :  831.08 ps Reaction : OH^0 (-1140) + OH^0 (-958) -> H2O2^0 (-1341)
At time :  831.08 ps Reaction : e_aq^-1 (-172) + OH^0 (-1008) -> OH^-1 (-1342)
At time :  841.08 ps Reaction : OH^-1 (-1342) + H3O^1 (-805) -> No product
At time :  911.08 ps Reaction : OH^-1 (-1328) + H3O^1 (-1090) -> No product
At time :  941.08 ps Reaction : OH^0 (-978) + OH^0 (-980) -> H2O2^0 (-1343)
At time :  951.08 ps Reaction : e_aq^-1 (-349) + H3O^1 (-761) -> H^0 (-1344)
At time :  1.1011 ns Reaction : H^0 (-1252) + OH^0 (-774) -> No product
At time :  1.1011 ns Reaction : e_aq^-1 (-168) + OH^0 (-1004) -> OH^-1 (-1345)
At time :  1.2011 ns Reaction : OH^-1 (-1320) + H3O^1 (-867) -> No product
At time :  1.3011 ns Reaction : H^0 (-1203) + OH^0 (-726) -> No product
At time :  1.3011 ns Reaction : e_aq^-1 (-116) + H3O^1 (-1035) -> H^0 (-1346)
At time :  1.3011 ns Reaction : e_aq^-1 (-199) + H3O^1 (-813) -> H^0 (-1347)
At time :  1.5011 ns Reaction : e_aq^-1 (-466) + H2O2^0 (-1338) -> OH^-1 (-1348) + OH^0 (-1349)
At time :  1.5011 ns Reaction : OH^-1 (-1311) + H3O^1 (-793) -> No product
At time :  1.6011 ns Reaction : H^0 (-1184) + OH^0 (-1183) -> No product
At time :  1.6011 ns Reaction : e_aq^-1 (-397) + OH^0 (-976) -> OH^-1 (-1350)
At time :  2.0011 ns Reaction : OH^0 (-748) + OH^0 (-952) -> H2O2^0 (-1351)
At time :  2.1011 ns Reaction : OH^-1 (-1314) + H3O^1 (-971) -> No product
At time :  2.1011 ns Reaction : OH^0 (-1152) + OH^0 (-816) -> H2O2^0 (-1352)
At time :  2.3011 ns Reaction : e_aq^-1 (-107) + H3O^1 (-807) -> H^0 (-1353)
At time :  2.3011 ns Reaction : e_aq^-1 (-492) + OH^0 (-680) -> OH^-1 (-1354)
At time :  2.4011 ns Reaction : e_aq^-1 (-615) + H3O^1 (-873) -> H^0 (-1355)
At time :  2.5011 ns Reaction : OH^0 (-766) + OH^0 (-1101) -> H2O2^0 (-1356)
At time :  2.6011 ns Reaction : e_aq^-1 (-385) + H^0 (-1334) -> OH^-1 (-1357) + H_2^0 (-1358)
At time :  2.6011 ns Reaction : OH^0 (-894) + OH^0 (-1083) -> H2O2^0 (-1359)
At time :  2.7011 ns Reaction : OH^0 (-1155) + e_aq^-1 (-407) -> OH^-1 (-1360)
At time :  2.9011 ns Reaction : e_aq^-1 (-575) + H3O^1 (-889) -> H^0 (-1361)
At time :  2.9011 ns Reaction : OH^0 (-728) + OH^0 (-872) -> H2O2^0 (-1362)
At time :  3.0011 ns Reaction : H^0 (-1284) + OH^0 (-1178) -> No product
At time :  3.1011 ns Reaction : H3O^1 (-935) + OH^-1 (-1360) -> No product
At time :  3.2011 ns Reaction : e_aq^-1 (-628) + H2O2^0 (-1359) -> OH^-1 (-1363) + OH^0 (-1364)
At time :  3.3011 ns Reaction : OH^0 (-1194) + OH^0 (-722) -> H2O2^0 (-1365)
At time :  3.5011 ns Reaction : e_aq^-1 (-399) + H3O^1 (-743) -> H^0 (-1366)
At time :  3.6011 ns Reaction : e_aq^-1 (-155) + H3O^1 (-1011) -> H^0 (-1367)
At time :  3.6011 ns Reaction : OH^-1 (-659) + H3O^1 (-799) -> No product
At time :  3.7011 ns Reaction : e_aq^-1 (-117) + OH^0 (-1016) -> OH^-1 (-1368)
At time :  3.9011 ns Reaction : e_aq^-1 (-539) + OH^0 (-900) -> OH^-1 (-1369)
At time :  4.0011 ns Reaction : OH^0 (-756) + OH^0 (-954) -> H2O2^0 (-1370)
At time :  4.2011 ns Reaction : OH^0 (-1190) + OH^0 (-1158) -> H2O2^0 (-1371)
At time :  4.5011 ns Reaction : e_aq^-1 (-355) + H3O^1 (-941) -> H^0 (-1372)
At time :  4.6011 ns Reaction : e_aq^-1 (-521) + H3O^1 (-843) -> H^0 (-1373)
At time :  4.6011 ns Reaction : OH^0 (-668) + OH^0 (-746) -> H2O2^0 (-1374)
At time :  4.7011 ns Reaction : H^0 (-1347) + OH^0 (-812) -> No product
At time :  4.7011 ns Reaction : e_aq^-1 (-241) + H3O^1 (-697) -> H^0 (-1375)
At time :  4.8011 ns Reaction : H^0 (-1372) + OH^0 (-744) -> No product
At time :  4.8011 ns Reaction : H^0 (-1361) + OH^0 (-882) -> No product
At time :  5.0011 ns Reaction : e_aq^-1 (-106) + OH^0 (-1020) -> OH^-1 (-1376)
At time :  5.2011 ns Reaction : e_aq^-1 (-354) + H^0 (-1366) -> OH^-1 (-1377) + H_2^0 (-1378)
At time :  5.3011 ns Reaction : OH^-1 (-1368) + H3O^1 (-1033) -> No product
At time :  5.5011 ns Reaction : OH^0 (-1231) + OH^0 (-702) -> H2O2^0 (-1379)
At time :  5.5011 ns Reaction : H^0 (-1168) + OH^0 (-906) -> No product
At time :  5.5011 ns Reaction : e_aq^-1 (-588) + H3O^1 (-715) -> H^0 (-1380)
At time :  5.6011 ns Reaction : e_aq^-1 (-295) + OH^0 (-762) -> OH^-1 (-1381)
At time :  5.8011 ns Reaction : H^0 (-1254) + e_aq^-1 (-351) -> OH^-1 (-1382) + H_2^0 (-1383)
At time :  6.2011 ns Reaction : OH^-1 (-1345) + H3O^1 (-803) -> No product
At time :  6.4011 ns Reaction : H^0 (-1141) + e_aq^-1 (-384) -> OH^-1 (-1384) + H_2^0 (-1385)
At time :  6.4011 ns Reaction : e_aq^-1 (-301) + OH^0 (-1048) -> OH^-1 (-1386)
At time :  7.1011 ns Reaction : OH^0 (-1233) + e_aq^-1 (-396) -> OH^-1 (-1387)
At time :  7.1011 ns Reaction : OH^0 (-696) + OH^0 (-1042) -> H2O2^0 (-1388)
At time :  7.1011 ns Reaction : H3O^1 (-951) + OH^-1 (-1387) -> No product
At time :  7.2011 ns Reaction : e_aq^-1 (-158) + H3O^1 (-693) -> H^0 (-1389)
At time :  7.3011 ns Reaction : H3O^1 (-1232) + OH^-1 (-1382) -> No product
At time :  7.5011 ns Reaction : OH^0 (-1030) + OH^0 (-1034) -> H2O2^0 (-1390)
At time :  7.5011 ns Reaction : e_aq^-1 (-387) + H3O^1 (-829) -> H^0 (-1391)
At time :  7.6011 ns Reaction : H3O^1 (-965) + OH^-1 (-1377) -> No product
At time :  7.7011 ns Reaction : H3O^1 (-683) + OH^-1 (-1350) -> No product
At time :  7.8011 ns Reaction : OH^-1 (-1354) + H3O^1 (-913) -> No product
At time :  7.8011 ns Reaction : OH^0 (-1282) + H^0 (-1353) -> No product
At time :  8.2011 ns Reaction : e_aq^-1 (-356) + H3O^1 (-1236) -> H^0 (-1392)
At time :  8.3011 ns Reaction : OH^-1 (-1386) + H3O^1 (-771) -> No product
At time :  8.3011 ns Reaction : e_aq^-1 (-275) + H3O^1 (-749) -> H^0 (-1393)
At time :  8.4011 ns Reaction : OH^0 (-1261) + e_aq^-1 (-277) -> OH^-1 (-1394)
At time :  8.7639 ns Reaction : H^0 (-1220) + e_aq^-1 (-509) -> OH^-1 (-1395) + H_2^0 (-1396)
At time :  8.7639 ns Reaction : OH^0 (-938) + OH^0 (-942) -> H2O2^0 (-1397)
At time :  8.8639 ns Reaction : e_aq^-1 (-202) + H^0 (-1286) -> OH^-1 (-1398) + H_2^0 (-1399)
At time :  9.0639 ns Reaction : e_aq^-1 (-189) + OH^0 (-994) -> OH^-1 (-1400)
At time :  9.4639 ns Reaction : e_aq^-1 (-233) + H3O^1 (-1270) -> H^0 (-1401)
At time :  9.4639 ns Reaction : OH^0 (-806) + OH^0 (-1104) -> H2O2^0 (-1402)
At time :  9.5639 ns Reaction : H2O2^0 (-1307) + e_aq^-1 (-334) -> OH^-1 (-1403) + OH^0 (-1404)
At time :  9.5639 ns Reaction : OH^0 (-1028) + e_aq^-1 (-1109) -> OH^-1 (-1405)
At time :  9.7639 ns Reaction : OH^0 (-1235) + H^0 (-1393) -> No product
At time :  9.9639 ns Reaction : OH^0 (-1271) + OH^0 (-1273) -> H2O2^0 (-1406)
At time :  11.064 ns Reaction : OH^-1 (-1381) + H3O^1 (-961) -> No product
At time :  11.064 ns Reaction : e_aq^-1 (-379) + H2O2^0 (-1370) -> OH^-1 (-1407) + OH^0 (-1408)
At time :  11.064 ns Reaction : OH^0 (-1219) + OH^0 (-682) -> H2O2^0 (-1409)
At time :  11.064 ns Reaction : OH^0 (-1215) + e_aq^-1 (-510) -> OH^-1 (-1410)
At time :  11.064 ns Reaction : H^0 (-1176) + e_aq^-1 (-175) -> OH^-1 (-1411) + H_2^0 (-1412)
At time :  11.064 ns Reaction : e_aq^-1 (-264) + OH^0 (-822) -> OH^-1 (-1413)
At time :  12.064 ns Reaction : OH^-1 (-1407) + H3O^1 (-943) -> No product
At time :  12.064 ns Reaction : e_aq^-1 (-322) + H3O^1 (-1117) -> H^0 (-1414)
At time :  13.064 ns Reaction : OH^0 (-1214) + OH^0 (-898) -> H2O2^0 (-1415)
At time :  14.064 ns Reaction : e_aq^-1 (-610) + H^0 (-1355) -> OH^-1 (-1416) + H_2^0 (-1417)
At time :  14.064 ns Reaction : H^0 (-1309) + OH^0 (-690) -> No product
At time :  14.064 ns Reaction : OH^0 (-1283) + OH^0 (-1022) -> H2O2^0 (-1418)
At time :  14.064 ns Reaction : e_aq^-1 (-511) + OH^0 (-914) -> OH^-1 (-1419)
At time :  14.064 ns Reaction : e_aq^-1 (-201) + e_aq^-1 (-215) -> OH^-1 (-1420) + OH^-1 (-1421) + H_2^0 (-1422)
At time :  15.064 ns Reaction : e_aq^-1 (-342) + H2O2^0 (-1306) -> OH^-1 (-1423) + OH^0 (-1424)
At time :  15.064 ns Reaction : H3O^1 (-1242) + e_aq^-1 (-339) -> H^0 (-1425)
At time :  16.064 ns Reaction : H3O^1 (-701) + OH^-1 (-1384) -> No product
At time :  16.064 ns Reaction : OH^0 (-672) + H^0 (-1123) -> No product
At time :  17.064 ns Reaction : H3O^1 (-1003) + OH^-1 (-1411) -> No product
At time :  17.064 ns Reaction : e_aq^-1 (-557) + H^0 (-1161) -> OH^-1 (-1426) + H_2^0 (-1427)
At time :  17.064 ns Reaction : e_aq^-1 (-501) + OH^0 (-910) -> OH^-1 (-1428)
At time :  17.064 ns Reaction : e_aq^-1 (-604) + H3O^1 (-891) -> H^0 (-1429)
At time :  17.064 ns Reaction : e_aq^-1 (-433) + H3O^1 (-741) -> H^0 (-1430)
At time :  18.064 ns Reaction : OH^-1 (-1376) + H3O^1 (-1027) -> No product
At time :  18.064 ns Reaction : e_aq^-1 (-518) + OH^0 (-842) -> OH^-1 (-1431)
At time :  19.064 ns Reaction : e_aq^-1 (-204) + H2O2^0 (-1388) -> OH^-1 (-1432) + OH^0 (-1433)
At time :  19.064 ns Reaction : e_aq^-1 (-475) + OH^0 (-734) -> OH^-1 (-1434)
At time :  19.064 ns Reaction : e_aq^-1 (-516) + H3O^1 (-677) -> H^0 (-1435)
At time :  20.064 ns Reaction : e_aq^-1 (-271) + H3O^1 (-975) -> H^0 (-1436)
At time :  22.064 ns Reaction : H3O^1 (-937) + OH^-1 (-1357) -> No product
At time :  22.064 ns Reaction : e_aq^-1 (-404) + OH^0 (-962) -> OH^-1 (-1437)
At time :  23.064 ns Reaction : H^0 (-1414) + e_aq^-1 (-1103) -> OH^-1 (-1438) + H_2^0 (-1439)
At time :  24.064 ns Reaction : H3O^1 (-707) + OH^-1 (-1395) -> No product
At time :  24.064 ns Reaction : OH^0 (-1227) + OH^0 (-924) -> H2O2^0 (-1440)
At time :  24.064 ns Reaction : e_aq^-1 (-219) + e_aq^-1 (-236) -> OH^-1 (-1441) + OH^-1 (-1442) + H_2^0 (-1443)
At time :  25.064 ns Reaction : e_aq^-1 (-437) + H^0 (-1430) -> OH^-1 (-1444) + H_2^0 (-1445)
At time :  25.064 ns Reaction : e_aq^-1 (-344) + H2O2^0 (-1301) -> OH^-1 (-1446) + OH^0 (-1447)
At time :  26.064 ns Reaction : H3O^1 (-1276) + OH^-1 (-1400) -> No product
At time :  26.064 ns Reaction : e_aq^-1 (-263) + OH^0 (-986) -> OH^-1 (-1448)
At time :  26.064 ns Reaction : e_aq^-1 (-459) + OH^0 (-918) -> OH^-1 (-1449)
At time :  29.064 ns Reaction : OH^0 (-1263) + OH^0 (-820) -> H2O2^0 (-1450)
At time :  29.064 ns Reaction : e_aq^-1 (-473) + e_aq^-1 (-1091) -> OH^-1 (-1451) + OH^-1 (-1452) + H_2^0 (-1453)
At time :  30.064 ns Reaction : e_aq^-1 (-498) + H3O^1 (-917) -> H^0 (-1454)
At time :  32.064 ns Reaction : OH^-1 (-1420) + H3O^1 (-811) -> No product
At time :  32.064 ns Reaction : OH^0 (-1172) + e_aq^-1 (-401) -> OH^-1 (-1455)
At time :  32.064 ns Reaction : e_aq^-1 (-380) + H3O^1 (-959) -> H^0 (-1456)
At time :  34.064 ns Reaction : H3O^1 (-735) + OH^-1 (-1431) -> No product
At time :  34.064 ns Reaction : e_aq^-1 (-113) + H2O2^0 (-1418) -> OH^-1 (-1457) + OH^0 (-1458)
At time :  36.064 ns Reaction : e_aq^-1 (-582) + e_aq^-1 (-618) -> OH^-1 (-1459) + OH^-1 (-1460) + H_2^0 (-1461)
At time :  38.064 ns Reaction : e_aq^-1 (-394) + OH^0 (-828) -> OH^-1 (-1462)
At time :  39.064 ns Reaction : e_aq^-1 (-425) + OH^0 (-834) -> OH^-1 (-1463)
At time :  40.064 ns Reaction : e_aq^-1 (-240) + H3O^1 (-977) -> H^0 (-1464)
At time :  41.064 ns Reaction : e_aq^-1 (-1094) + H2O2^0 (-1440) -> OH^-1 (-1465) + OH^0 (-1466)
At time :  41.064 ns Reaction : H3O^1 (-1223) + OH^-1 (-1428) -> No product
At time :  41.064 ns Reaction : e_aq^-1 (-389) + OH^0 (-946) -> OH^-1 (-1467)
At time :  43.064 ns Reaction : e_aq^-1 (-601) + H3O^1 (-883) -> H^0 (-1468)
At time :  44.064 ns Reaction : OH^0 (-1119) + e_aq^-1 (-1121) -> OH^-1 (-1469)
At time :  44.064 ns Reaction : e_aq^-1 (-142) + H3O^1 (-1001) -> H^0 (-1470)
At time :  44.064 ns Reaction : e_aq^-1 (-386) + OH^0 (-832) -> OH^-1 (-1471)
At time :  45.064 ns Reaction : H3O^1 (-1238) + e_aq^-1 (-333) -> H^0 (-1472)
At time :  45.064 ns Reaction : OH^0 (-1060) + OH^0 (-1062) -> H2O2^0 (-1473)
At time :  45.064 ns Reaction : e_aq^-1 (-262) + OH^0 (-698) -> OH^-1 (-1474)
At time :  46.064 ns Reaction : H3O^1 (-1037) + OH^-1 (-1442) -> No product
At time :  46.064 ns Reaction : e_aq^-1 (-145) + H^0 (-1180) -> OH^-1 (-1475) + H_2^0 (-1476)
At time :  47.064 ns Reaction : OH^-1 (-1467) + H3O^1 (-979) -> No product
At time :  47.064 ns Reaction : OH^0 (-1466) + OH^0 (-1349) -> H2O2^0 (-1477)
At time :  48.064 ns Reaction : e_aq^-1 (-207) + H3O^1 (-1025) -> H^0 (-1478)
At time :  48.064 ns Reaction : OH^0 (-768) + OH^0 (-972) -> H2O2^0 (-1479)
At time :  49.064 ns Reaction : OH^0 (-892) + H^0 (-1468) -> No product
At time :  49.064 ns Reaction : OH^-1 (-1459) + H3O^1 (-887) -> No product
At time :  49.064 ns Reaction : e_aq^-1 (-103) + OH^0 (-1458) -> OH^-1 (-1480)
At time :  50.064 ns Reaction : OH^0 (-770) + e_aq^-1 (-1100) -> OH^-1 (-1481)
At time :  50.064 ns Reaction : e_aq^-1 (-526) + OH^0 (-1054) -> OH^-1 (-1482)
At time :  52.064 ns Reaction : e_aq^-1 (-1097) + H^0 (-1127) -> OH^-1 (-1483) + H_2^0 (-1484)
At time :  55.064 ns Reaction : e_aq^-1 (-229) + H3O^1 (-997) -> H^0 (-1485)
At time :  55.064 ns Reaction : e_aq^-1 (-331) + OH^0 (-776) -> OH^-1 (-1486)
At time :  57.064 ns Reaction : e_aq^-1 (-531) + OH^0 (-848) -> OH^-1 (-1487)
At time :  59.064 ns Reaction : e_aq^-1 (-1088) + H2O2^0 (-1302) -> OH^-1 (-1488) + OH^0 (-1489)
At time :  59.064 ns Reaction : OH^0 (-1293) + e_aq^-1 (-408) -> OH^-1 (-1490)
At time :  60.064 ns Reaction : e_aq^-1 (-457) + H3O^1 (-841) -> H^0 (-1491)
At time :  61.064 ns Reaction : H3O^1 (-957) + OH^-1 (-1486) -> No product
At time :  61.064 ns Reaction : OH^-1 (-1413) + H3O^1 (-779) -> No product
At time :  65.064 ns Reaction : H3O^1 (-685) + OH^-1 (-1437) -> No product
At time :  66.064 ns Reaction : H^0 (-1330) + e_aq^-1 (-402) -> OH^-1 (-1492) + H_2^0 (-1493)
At time :  66.064 ns Reaction : e_aq^-1 (-162) + H3O^1 (-1013) -> H^0 (-1494)
At time :  67.064 ns Reaction : e_aq^-1 (-287) + e_aq^-1 (-267) -> OH^-1 (-1495) + OH^-1 (-1496) + H_2^0 (-1497)
At time :  68.064 ns Reaction : e_aq^-1 (-258) + H^0 (-1331) -> OH^-1 (-1498) + H_2^0 (-1499)
At time :  68.064 ns Reaction : e_aq^-1 (-442) + H3O^1 (-909) -> H^0 (-1500)
At time :  68.064 ns Reaction : e_aq^-1 (-613) + H3O^1 (-893) -> H^0 (-1501)
At time :  69.064 ns Reaction : H3O^1 (-933) + OH^-1 (-1452) -> No product
At time :  69.064 ns Reaction : OH^0 (-1433) + OH^0 (-788) -> H2O2^0 (-1502)
At time :  69.064 ns Reaction : OH^0 (-1241) + OH^0 (-752) -> H2O2^0 (-1503)
At time :  69.064 ns Reaction : OH^0 (-1239) + e_aq^-1 (-415) -> OH^-1 (-1504)
At time :  71.064 ns Reaction : e_aq^-1 (-652) + OH^0 (-1159) -> OH^-1 (-1505)
At time :  74.064 ns Reaction : OH^-1 (-1490) + H3O^1 (-949) -> No product
At time :  74.064 ns Reaction : OH^-1 (-1421) + H3O^1 (-791) -> No product
At time :  82.064 ns Reaction : OH^-1 (-1438) + H3O^1 (-1099) -> No product
At time :  84.064 ns Reaction : e_aq^-1 (-152) + OH^0 (-1107) -> OH^-1 (-1506)
At time :  84.064 ns Reaction : e_aq^-1 (-350) + OH^0 (-1098) -> OH^-1 (-1507)
At time :  85.064 ns Reaction : OH^0 (-1135) + H^0 (-1375) -> No product
At time :  86.064 ns Reaction : OH^-1 (-1496) + H3O^1 (-823) -> No product
At time :  87.064 ns Reaction : e_aq^-1 (-462) + e_aq^-1 (-467) -> OH^-1 (-1508) + OH^-1 (-1509) + H_2^0 (-1510)
At time :  89.064 ns Reaction : e_aq^-1 (-434) + H3O^1 (-767) -> H^0 (-1511)
At time :  90.064 ns Reaction : H3O^1 (-763) + OH^-1 (-1455) -> No product
At time :  93.064 ns Reaction : OH^-1 (-1475) + H3O^1 (-999) -> No product
At time :  94.064 ns Reaction : OH^-1 (-1487) + H3O^1 (-897) -> No product
At time :  97.064 ns Reaction : OH^0 (-660) + OH^0 (-1014) -> H2O2^0 (-1512)
At time :  99.064 ns Reaction : e_aq^-1 (-421) + H3O^1 (-947) -> H^0 (-1513)
At time :  103.06 ns Reaction : OH^-1 (-1444) + H3O^1 (-753) -> No product
At time :  103.06 ns Reaction : e_aq^-1 (-203) + e_aq^-1 (-122) -> OH^-1 (-1514) + OH^-1 (-1515) + H_2^0 (-1516)
At time :  107.06 ns Reaction : OH^0 (-1162) + e_aq^-1 (-593) -> OH^-1 (-1517)
At time :  110.06 ns Reaction : H^0 (-1186) + e_aq^-1 (-499) -> OH^-1 (-1518) + H_2^0 (-1519)
At time :  110.06 ns Reaction : e_aq^-1 (-631) + e_aq^-1 (-642) -> OH^-1 (-1520) + OH^-1 (-1521) + H_2^0 (-1522)
At time :  111.06 ns Reaction : e_aq^-1 (-286) + OH^0 (-1447) -> OH^-1 (-1523)
At time :  112.06 ns Reaction : H^0 (-1500) + e_aq^-1 (-436) -> OH^-1 (-1524) + H_2^0 (-1525)
At time :  113.06 ns Reaction : H^0 (-1511) + H^0 (-1425) -> H_2^0 (-1526)
At time :  114.06 ns Reaction : e_aq^-1 (-194) + H2O2^0 (-1303) -> OH^-1 (-1527) + OH^0 (-1528)
At time :  115.06 ns Reaction : OH^0 (-1251) + OH^0 (-764) -> H2O2^0 (-1529)
At time :  116.06 ns Reaction : e_aq^-1 (-390) + OH^0 (-968) -> OH^-1 (-1530)
At time :  117.06 ns Reaction : H3O^1 (-1255) + OH^-1 (-1423) -> No product
At time :  117.06 ns Reaction : H^0 (-1292) + OH^0 (-782) -> No product
At time :  122.09 ns Reaction : e_aq^-1 (-243) + H3O^1 (-699) -> H^0 (-1531)
At time :  123.09 ns Reaction : OH^0 (-1205) + OH^0 (-868) -> H2O2^0 (-1532)
At time :  125.09 ns Reaction : H3O^1 (-939) + OH^-1 (-1495) -> No product
At time :  127.09 ns Reaction : OH^-1 (-1457) + H3O^1 (-1015) -> No product
At time :  127.09 ns Reaction : OH^0 (-1201) + e_aq^-1 (-581) -> OH^-1 (-1533)
At time :  129.09 ns Reaction : e_aq^-1 (-237) + H3O^1 (-969) -> H^0 (-1534)
At time :  131.09 ns Reaction : e_aq^-1 (-156) + e_aq^-1 (-228) -> OH^-1 (-1535) + OH^-1 (-1536) + H_2^0 (-1537)
At time :  134.09 ns Reaction : H3O^1 (-831) + OH^-1 (-1469) -> No product
At time :  135.09 ns Reaction : OH^0 (-1285) + OH^0 (-694) -> H2O2^0 (-1538)
At time :  140.09 ns Reaction : H^0 (-1148) + H^0 (-1485) -> H_2^0 (-1539)
At time :  153.09 ns Reaction : OH^-1 (-1523) + H3O^1 (-929) -> No product
At time :   166.5 ns Reaction : OH^0 (-1208) + H^0 (-1196) -> No product
At time :  183.94 ns Reaction : OH^0 (-998) + OH^0 (-1040) -> H2O2^0 (-1540)
At time :  187.94 ns Reaction : OH^0 (-1528) + OH^0 (-814) -> H2O2^0 (-1541)
At time :  189.94 ns Reaction : e_aq^-1 (-426) + OH^0 (-778) -> OH^-1 (-1542)
At time :  192.94 ns Reaction : H^0 (-1192) + H^0 (-1380) -> H_2^0 (-1543)
At time :  206.94 ns Reaction : e_aq^-1 (-328) + H3O^1 (-769) -> H^0 (-1544)
At time :  213.37 ns Reaction : OH^0 (-1237) + OH^0 (-982) -> H2O2^0 (-1545)
At time :  223.37 ns Reaction : e_aq^-1 (-115) + e_aq^-1 (-200) -> OH^-1 (-1546) + OH^-1 (-1547) + H_2^0 (-1548)
At time :  227.37 ns Reaction : H3O^1 (-789) + OH^-1 (-1535) -> No product
At time :  234.37 ns Reaction : H^0 (-1429) + OH^0 (-714) -> No product
At time :  235.37 ns Reaction : H3O^1 (-973) + OH^-1 (-1492) -> No product
At time :  242.37 ns Reaction : H3O^1 (-733) + OH^-1 (-1410) -> No product
At time :  259.37 ns Reaction : e_aq^-1 (-578) + OH^0 (-874) -> OH^-1 (-1549)
At time :  281.37 ns Reaction : OH^0 (-684) + H^0 (-1344) -> No product
At time :  294.37 ns Reaction : OH^0 (-1268) + OH^0 (-792) -> H2O2^0 (-1550)
At time :  298.37 ns Reaction : e_aq^-1 (-419) + H3O^1 (-1051) -> H^0 (-1551)
At time :  301.37 ns Reaction : H3O^1 (-691) + OH^-1 (-1480) -> No product
At time :  301.37 ns Reaction : OH^-1 (-1394) + H3O^1 (-783) -> No product
At time :  308.37 ns Reaction : e_aq^-1 (-187) + H2O2^0 (-1324) -> OH^-1 (-1552) + OH^0 (-1553)
At time :  317.37 ns Reaction : e_aq^-1 (-234) + e_aq^-1 (-238) -> OH^-1 (-1554) + OH^-1 (-1555) + H_2^0 (-1556)
At time :  329.37 ns Reaction : e_aq^-1 (-252) + H^0 (-1290) -> OH^-1 (-1557) + H_2^0 (-1558)
At time :  330.37 ns Reaction : OH^-1 (-1536) + H3O^1 (-809) -> No product
At time :  334.37 ns Reaction : H3O^1 (-981) + e_aq^-1 (-1106) -> H^0 (-1559)
At time :  334.37 ns Reaction : e_aq^-1 (-523) + H3O^1 (-731) -> H^0 (-1560)
At time :  335.37 ns Reaction : H3O^1 (-835) + e_aq^-1 (-1118) -> H^0 (-1561)
At time :  340.37 ns Reaction : OH^-1 (-1448) + H3O^1 (-953) -> No product
At time :  357.37 ns Reaction : OH^0 (-826) + OH^0 (-1095) -> H2O2^0 (-1562)
At time :  358.37 ns Reaction : H3O^1 (-1171) + OH^-1 (-1462) -> No product
At time :  368.37 ns Reaction : OH^-1 (-1530) + H3O^1 (-773) -> No product
At time :  378.37 ns Reaction : OH^0 (-860) + OH^0 (-864) -> H2O2^0 (-1563)
At time :  381.37 ns Reaction : e_aq^-1 (-288) + H3O^1 (-985) -> H^0 (-1564)
At time :  411.72 ns Reaction : e_aq^-1 (-191) + OH^0 (-796) -> OH^-1 (-1565)
At time :  416.72 ns Reaction : e_aq^-1 (-646) + H3O^1 (-865) -> H^0 (-1566)
At time :  427.76 ns Reaction : e_aq^-1 (-279) + e_aq^-1 (-428) -> OH^-1 (-1567) + OH^-1 (-1568) + H_2^0 (-1569)
At time :  467.76 ns Reaction : e_aq^-1 (-554) + H3O^1 (-1067) -> H^0 (-1570)
At time :  485.76 ns Reaction : OH^0 (-1139) + OH^0 (-1291) -> H2O2^0 (-1571)
At time :  491.76 ns Reaction : H3O^1 (-845) + OH^-1 (-1419) -> No product
At time :  515.76 ns Reaction : OH^0 (-1249) + e_aq^-1 (-321) -> OH^-1 (-1572)
At time :  575.76 ns Reaction : OH^-1 (-1451) + H3O^1 (-837) -> No product
At time :  583.76 ns Reaction : e_aq^-1 (-293) + H3O^1 (-1049) -> H^0 (-1573)
At time :  603.14 ns Reaction : OH^-1 (-1481) + H3O^1 (-955) -> No product
At time :  612.05 ns Reaction : e_aq^-1 (-144) + H^0 (-1494) -> OH^-1 (-1574) + H_2^0 (-1575)
At time :  615.05 ns Reaction : H^0 (-1573) + OH^0 (-908) -> No product
At time :  622.05 ns Reaction : OH^0 (-950) + H^0 (-1401) -> No product
At time :   650.2 ns Reaction : OH^-1 (-1555) + H3O^1 (-1102) -> No product
At time :  664.52 ns Reaction : H^0 (-1367) + H^0 (-1346) -> H_2^0 (-1576)
At time :  667.52 ns Reaction : e_aq^-1 (-150) + OH^0 (-780) -> OH^-1 (-1577)
At time :  683.92 ns Reaction : OH^0 (-1228) + OH^0 (-836) -> H2O2^0 (-1578)
At time :  712.92 ns Reaction : OH^-1 (-1405) + H3O^1 (-815) -> No product
At time :  724.92 ns Reaction : e_aq^-1 (-167) + OH^0 (-1116) -> OH^-1 (-1579)
At time :  731.92 ns Reaction : OH^0 (-1209) + OH^0 (-1070) -> H2O2^0 (-1580)
At time :  740.12 ns Reaction : OH^-1 (-1554) + H3O^1 (-1105) -> No product
At time :  747.12 ns Reaction : OH^0 (-1245) + H^0 (-1561) -> No product
At time :  793.36 ns Reaction : OH^0 (-1187) + H^0 (-1491) -> No product
At time :  798.41 ns Reaction : OH^-1 (-1471) + H3O^1 (-801) -> No product
At time :  811.41 ns Reaction : e_aq^-1 (-410) + H2O2^0 (-1356) -> OH^-1 (-1581) + OH^0 (-1582)
At time :  978.56 ns Reaction : OH^0 (-1280) + e_aq^-1 (-211) -> OH^-1 (-1583)
*** G4Scheduler ends at time : 1 us
___________________________________
Graphics systems deleted.
Visualization Manager deleting...
