
        ############################################
        !!! WARNING - FPE detection is activated !!!
        ############################################


          ################################
          !!! G4Backtrace is activated !!!
          ################################


**************************************************************
 Geant4 version Name: geant4-10-06-ref-10    (31-October-2020)
                       Copyright : Geant4 Collaboration
                      References : NIM A 506 (2003), 250-303
                                 : IEEE-TNS 53 (2006), 270-278
                                 : NIM A 835 (2016), 186-225
                             WWW : http://geant4.org/
**************************************************************

LDMPhoton is created: m(GeV)= 0.5
Visualization Manager instantiating with verbosity "warnings (3)"...
Visualization Manager initialising...
Registering graphics systems...

You have successfully registered the following graphics systems.
Registered graphics systems are:
  ASCIITree (ATree)
  DAWNFILE (DAWNFILE)
  G4HepRep (HepRepXML)
  G4HepRepFile (HepRepFile)
  RayTracer (RayTracer)
  VRML1FILE (VRML1FILE)
  VRML2FILE (VRML2FILE)
  gMocrenFile (gMocrenFile)
  OpenGLImmediateXm (OGLIXm, OGLI)
  OpenGLStoredXm (OGLSXm, OGL, OGLS)
  OpenGLImmediateX (OGLIX, OGLIXm_FALLBACK)
  OpenGLStoredX (OGLSX, OGLSXm_FALLBACK)
  RayTracerX (RayTracerX)

Registering model factories...

You have successfully registered the following model factories.
Registered model factories:
  generic
  drawByAttribute
  drawByCharge
  drawByOriginVolume
  drawByParticleID
  drawByEncounteredVolume

Registered models:
  None

Registered filter factories:
  attributeFilter
  chargeFilter
  originVolumeFilter
  particleFilter
  encounteredVolumeFilter

Registered filters:
  None

You have successfully registered the following user vis actions.
Run Duration User Vis Actions: none
End of Event User Vis Actions: none
End of Run User Vis Actions: none

Some /vis commands (optionally) take a string to specify colour.
"/vis/list" to see available colours.
/run/verbose 1
/tracking/verbose 0
/testex/det/setMat G4_W
/testex/det/setSizeZ 130 cm
/testex/det/setSizeXY 30 cm
/process/em/verbose 1
/run/physicsModified
/testex/phys/addPhysics emstandard_opt0
/run/initialize

---------------------------------------------------------
---> The Absorber is 1.3 m   of G4_W

---------------------------------------------------------
 PhysicsList::AddDarkMatter: 1
/run/printProgress 10
/gun/particle proton
/run/beamOn 100

phot:  for gamma SubType=12 BuildTable=0
      LambdaPrime table from 200 keV to 100 TeV in 61 bins 
      ===== EM models for the G4Region  DefaultRegionForTheWorld ======
 LivermorePhElectric : Emin=    0 eV  Emax=  100 TeV  SauterGavrila Fluo

compt:  for gamma SubType=13 BuildTable=1
      Lambda table from 100 eV  to 1 MeV, 7 bins/decade, spline: 1
      LambdaPrime table from 1 MeV to 100 TeV in 56 bins 
      ===== EM models for the G4Region  DefaultRegionForTheWorld ======
       Klein-Nishina : Emin=    0 eV  Emax=  100 TeV

conv:  for gamma SubType=14 BuildTable=1
      Lambda table from 1.022 MeV to 100 TeV, 18 bins/decade, spline: 1
      ===== EM models for the G4Region  DefaultRegionForTheWorld ======
     BetheHeitlerLPM : Emin=    0 eV  Emax=  100 TeV  ModifiedTsai

Rayl:  for gamma SubType=11 BuildTable=1
      Lambda table from 100 eV  to 100 keV, 7 bins/decade, spline: 0
      LambdaPrime table from 100 keV to 100 TeV in 63 bins 
      ===== EM models for the G4Region  DefaultRegionForTheWorld ======
   LivermoreRayleigh : Emin=    0 eV  Emax=  100 TeV  CullenGenerator

msc:  for e-  SubType= 10
      ===== EM models for the G4Region  DefaultRegionForTheWorld ======
            UrbanMsc : Emin=    0 eV  Emax=  100 MeV Nbins=42 100 eV  - 100 MeV
              StepLim=UseSafety Rfact=0.04 Gfact=2.5 Sfact=0.6 DispFlag:1 Skin=1 Llimit=1
        WentzelVIUni : Emin=  100 MeV Emax=  100 TeV Nbins=42 100 MeV - 100 TeV
              StepLim=UseSafety Rfact=0.04 Gfact=2.5 Sfact=0.6 DispFlag:1 Skin=1 Llimit=1

eIoni:  for e-  SubType=2
      dE/dx and range tables from 100 eV  to 100 TeV in 84 bins
      Lambda tables from threshold to 100 TeV, 7 bins/decade, spline: 1
      StepFunction=(0.2, 1 mm), integ: 1, fluct: 1, linLossLim= 0.01
      ===== EM models for the G4Region  DefaultRegionForTheWorld ======
        MollerBhabha : Emin=    0 eV  Emax=  100 TeV

eBrem:  for e-  SubType=3
      dE/dx and range tables from 100 eV  to 100 TeV in 84 bins
      Lambda tables from threshold to 100 TeV, 7 bins/decade, spline: 1
      LPM flag: 1 for E > 1 GeV,  VertexHighEnergyTh(GeV)= 100000
      ===== EM models for the G4Region  DefaultRegionForTheWorld ======
             eBremSB : Emin=    0 eV  Emax=    1 GeV  ModifiedTsai
            eBremLPM : Emin=    1 GeV Emax=  100 TeV  ModifiedTsai

CoulombScat:  for e-, integral:1  SubType=1 BuildTable=1
      Lambda table from 100 MeV to 100 TeV, 7 bins/decade, spline: 1
      ThetaMin(p) < Theta(degree) < 180 pLimit(GeV^1)= 0.139531
      ===== EM models for the G4Region  DefaultRegionForTheWorld ======
  eCoulombScattering : Emin=  100 MeV Emax=  100 TeV

msc:  for e+  SubType= 10
      ===== EM models for the G4Region  DefaultRegionForTheWorld ======
            UrbanMsc : Emin=    0 eV  Emax=  100 MeV Nbins=42 100 eV  - 100 MeV
              StepLim=UseSafety Rfact=0.04 Gfact=2.5 Sfact=0.6 DispFlag:1 Skin=1 Llimit=1
        WentzelVIUni : Emin=  100 MeV Emax=  100 TeV Nbins=42 100 MeV - 100 TeV
              StepLim=UseSafety Rfact=0.04 Gfact=2.5 Sfact=0.6 DispFlag:1 Skin=1 Llimit=1

eIoni:  for e+  SubType=2
      dE/dx and range tables from 100 eV  to 100 TeV in 84 bins
      Lambda tables from threshold to 100 TeV, 7 bins/decade, spline: 1
      StepFunction=(0.2, 1 mm), integ: 1, fluct: 1, linLossLim= 0.01
      ===== EM models for the G4Region  DefaultRegionForTheWorld ======
        MollerBhabha : Emin=    0 eV  Emax=  100 TeV

eBrem:  for e+  SubType=3
      dE/dx and range tables from 100 eV  to 100 TeV in 84 bins
      Lambda tables from threshold to 100 TeV, 7 bins/decade, spline: 1
      LPM flag: 1 for E > 1 GeV,  VertexHighEnergyTh(GeV)= 100000
      ===== EM models for the G4Region  DefaultRegionForTheWorld ======
             eBremSB : Emin=    0 eV  Emax=    1 GeV  ModifiedTsai
            eBremLPM : Emin=    1 GeV Emax=  100 TeV  ModifiedTsai

annihil:  for e+, integral:1  SubType=5 BuildTable=0
      ===== EM models for the G4Region  DefaultRegionForTheWorld ======
            eplus2gg : Emin=    0 eV  Emax=  100 TeV

CoulombScat:  for e+, integral:1  SubType=1 BuildTable=1
      Lambda table from 100 MeV to 100 TeV, 7 bins/decade, spline: 1
      ThetaMin(p) < Theta(degree) < 180 pLimit(GeV^1)= 0.139531
      ===== EM models for the G4Region  DefaultRegionForTheWorld ======
  eCoulombScattering : Emin=  100 MeV Emax=  100 TeV

msc:  for proton  SubType= 10
      ===== EM models for the G4Region  DefaultRegionForTheWorld ======
        WentzelVIUni : Emin=    0 eV  Emax=  100 TeV Nbins=84 100 eV  - 100 TeV
              StepLim=Minimal Rfact=0.2 Gfact=2.5 Sfact=0.6 DispFlag:0 Skin=1 Llimit=1

hIoni:  for proton  SubType=2
      dE/dx and range tables from 100 eV  to 100 TeV in 84 bins
      Lambda tables from threshold to 100 TeV, 7 bins/decade, spline: 1
      StepFunction=(0.2, 0.1 mm), integ: 1, fluct: 1, linLossLim= 0.01
      ===== EM models for the G4Region  DefaultRegionForTheWorld ======
               Bragg : Emin=    0 eV  Emax=    2 MeV
          BetheBloch : Emin=    2 MeV Emax=  100 TeV

hBrems:  for proton  SubType=3
      dE/dx and range tables from 100 eV  to 100 TeV in 84 bins
      Lambda tables from threshold to 100 TeV, 7 bins/decade, spline: 1
      ===== EM models for the G4Region  DefaultRegionForTheWorld ======
               hBrem : Emin=    0 eV  Emax=  100 TeV
      ===== Limit on energy threshold has been applied 

hPairProd:  for proton  SubType=4
      dE/dx and range tables from 100 eV  to 100 TeV in 84 bins
      Lambda tables from threshold to 100 TeV, 7 bins/decade, spline: 1
      Sampling table 17x1001 from 7.50618 GeV to 100 TeV 
      ===== EM models for the G4Region  DefaultRegionForTheWorld ======
           hPairProd : Emin=    0 eV  Emax=  100 TeV

CoulombScat:  for proton, integral:1  SubType=1 BuildTable=1
      Lambda table from threshold  to 100 TeV, 7 bins/decade, spline: 1
      ThetaMin(p) < Theta(degree) < 180 pLimit(GeV^1)= 0.139531
      ===== EM models for the G4Region  DefaultRegionForTheWorld ======
  eCoulombScattering : Emin=    0 eV  Emax=  100 TeV

ldmBrems:  for proton  SubType=3
      dE/dx and range tables from 100 eV  to 100 TeV in 84 bins
      Lambda tables from threshold to 100 TeV, 7 bins/decade, spline: 1
      ===== EM models for the G4Region  DefaultRegionForTheWorld ======
             ldmBrem : Emin=    0 eV  Emax=  100 TeV
      ===== Limit on energy threshold has been applied 

msc:  for GenericIon  SubType= 10
      ===== EM models for the G4Region  DefaultRegionForTheWorld ======
            UrbanMsc : Emin=    0 eV  Emax=  100 TeV
              StepLim=Minimal Rfact=0.2 Gfact=2.5 Sfact=0.6 DispFlag:0 Skin=1 Llimit=1

ionIoni:  for GenericIon  SubType=2
      dE/dx and range tables from 100 eV  to 100 TeV in 84 bins
      Lambda tables from threshold to 100 TeV, 7 bins/decade, spline: 1
      StepFunction=(0.2, 0.1 mm), integ: 1, fluct: 1, linLossLim= 0.02
      Stopping Power data for 17 ion/material pairs
      ===== EM models for the G4Region  DefaultRegionForTheWorld ======
            BraggIon : Emin=    0 eV  Emax=    2 MeV
          BetheBloch : Emin=    2 MeV Emax=  100 TeV

msc:  for alpha  SubType= 10
      ===== EM models for the G4Region  DefaultRegionForTheWorld ======
            UrbanMsc : Emin=    0 eV  Emax=  100 TeV Nbins=84 100 eV  - 100 TeV
              StepLim=Minimal Rfact=0.2 Gfact=2.5 Sfact=0.6 DispFlag:0 Skin=1 Llimit=1

ionIoni:  for alpha  SubType=2
      dE/dx and range tables from 100 eV  to 100 TeV in 84 bins
      Lambda tables from threshold to 100 TeV, 7 bins/decade, spline: 1
      StepFunction=(0.2, 0.1 mm), integ: 1, fluct: 1, linLossLim= 0.02
      ===== EM models for the G4Region  DefaultRegionForTheWorld ======
            BraggIon : Emin=    0 eV  Emax=7.9452 MeV
          BetheBloch : Emin=7.9452 MeV Emax=  100 TeV

msc:  for anti_proton  SubType= 10
      ===== EM models for the G4Region  DefaultRegionForTheWorld ======
        WentzelVIUni : Emin=    0 eV  Emax=  100 TeV Nbins=84 100 eV  - 100 TeV
              StepLim=Minimal Rfact=0.2 Gfact=2.5 Sfact=0.6 DispFlag:0 Skin=1 Llimit=1

hIoni:  for anti_proton  SubType=2
      dE/dx and range tables from 100 eV  to 100 TeV in 84 bins
      Lambda tables from threshold to 100 TeV, 7 bins/decade, spline: 1
      StepFunction=(0.2, 0.1 mm), integ: 1, fluct: 1, linLossLim= 0.01
      ===== EM models for the G4Region  DefaultRegionForTheWorld ======
            ICRU73QO : Emin=    0 eV  Emax=    2 MeV
          BetheBloch : Emin=    2 MeV Emax=  100 TeV

hBrems:  for anti_proton  SubType=3
      dE/dx and range tables from 100 eV  to 100 TeV in 84 bins
      Lambda tables from threshold to 100 TeV, 7 bins/decade, spline: 1
      ===== EM models for the G4Region  DefaultRegionForTheWorld ======
               hBrem : Emin=    0 eV  Emax=  100 TeV
      ===== Limit on energy threshold has been applied 

hPairProd:  for anti_proton  SubType=4
      dE/dx and range tables from 100 eV  to 100 TeV in 84 bins
      Lambda tables from threshold to 100 TeV, 7 bins/decade, spline: 1
      Sampling table 17x1001 from 7.50618 GeV to 100 TeV 
      ===== EM models for the G4Region  DefaultRegionForTheWorld ======
           hPairProd : Emin=    0 eV  Emax=  100 TeV

CoulombScat:  for anti_proton, integral:1  SubType=1 BuildTable=1
      Lambda table from threshold  to 100 TeV, 7 bins/decade, spline: 1
      ThetaMin(p) < Theta(degree) < 180 pLimit(GeV^1)= 0.139531
      ===== EM models for the G4Region  DefaultRegionForTheWorld ======
  eCoulombScattering : Emin=    0 eV  Emax=  100 TeV

msc:  for kaon+  SubType= 10
      ===== EM models for the G4Region  DefaultRegionForTheWorld ======
        WentzelVIUni : Emin=    0 eV  Emax=  100 TeV Nbins=84 100 eV  - 100 TeV
              StepLim=Minimal Rfact=0.2 Gfact=2.5 Sfact=0.6 DispFlag:0 Skin=1 Llimit=1

hIoni:  for kaon+  SubType=2
      dE/dx and range tables from 100 eV  to 100 TeV in 84 bins
      Lambda tables from threshold to 100 TeV, 7 bins/decade, spline: 1
      StepFunction=(0.2, 0.1 mm), integ: 1, fluct: 1, linLossLim= 0.01
      ===== EM models for the G4Region  DefaultRegionForTheWorld ======
               Bragg : Emin=    0 eV  Emax=1.05231 MeV
          BetheBloch : Emin=1.05231 MeV Emax=  100 TeV

hBrems:  for kaon+  SubType=3
      dE/dx and range tables from 100 eV  to 100 TeV in 84 bins
      Lambda tables from threshold to 100 TeV, 7 bins/decade, spline: 1
      ===== EM models for the G4Region  DefaultRegionForTheWorld ======
               hBrem : Emin=    0 eV  Emax=  100 TeV
      ===== Limit on energy threshold has been applied 

hPairProd:  for kaon+  SubType=4
      dE/dx and range tables from 100 eV  to 100 TeV in 84 bins
      Lambda tables from threshold to 100 TeV, 7 bins/decade, spline: 1
      Sampling table 18x1001 from 3.94942 GeV to 100 TeV 
      ===== EM models for the G4Region  DefaultRegionForTheWorld ======
           hPairProd : Emin=    0 eV  Emax=  100 TeV

CoulombScat:  for kaon+, integral:1  SubType=1 BuildTable=1
      Lambda table from threshold  to 100 TeV, 7 bins/decade, spline: 1
      ThetaMin(p) < Theta(degree) < 180 pLimit(GeV^1)= 0.139531
      ===== EM models for the G4Region  DefaultRegionForTheWorld ======
  eCoulombScattering : Emin=    0 eV  Emax=  100 TeV

msc:  for kaon-  SubType= 10
      ===== EM models for the G4Region  DefaultRegionForTheWorld ======
        WentzelVIUni : Emin=    0 eV  Emax=  100 TeV Nbins=84 100 eV  - 100 TeV
              StepLim=Minimal Rfact=0.2 Gfact=2.5 Sfact=0.6 DispFlag:0 Skin=1 Llimit=1

hIoni:  for kaon-  SubType=2
      dE/dx and range tables from 100 eV  to 100 TeV in 84 bins
      Lambda tables from threshold to 100 TeV, 7 bins/decade, spline: 1
      StepFunction=(0.2, 0.1 mm), integ: 1, fluct: 1, linLossLim= 0.01
      ===== EM models for the G4Region  DefaultRegionForTheWorld ======
            ICRU73QO : Emin=    0 eV  Emax=1.05231 MeV
          BetheBloch : Emin=1.05231 MeV Emax=  100 TeV

hBrems:  for kaon-  SubType=3
      dE/dx and range tables from 100 eV  to 100 TeV in 84 bins
      Lambda tables from threshold to 100 TeV, 7 bins/decade, spline: 1
      ===== EM models for the G4Region  DefaultRegionForTheWorld ======
               hBrem : Emin=    0 eV  Emax=  100 TeV
      ===== Limit on energy threshold has been applied 

hPairProd:  for kaon-  SubType=4
      dE/dx and range tables from 100 eV  to 100 TeV in 84 bins
      Lambda tables from threshold to 100 TeV, 7 bins/decade, spline: 1
      Sampling table 18x1001 from 3.94942 GeV to 100 TeV 
      ===== EM models for the G4Region  DefaultRegionForTheWorld ======
           hPairProd : Emin=    0 eV  Emax=  100 TeV

CoulombScat:  for kaon-, integral:1  SubType=1 BuildTable=1
      Used Lambda table of kaon+
      ThetaMin(p) < Theta(degree) < 180 pLimit(GeV^1)= 0.139531
      ===== EM models for the G4Region  DefaultRegionForTheWorld ======
  eCoulombScattering : Emin=    0 eV  Emax=  100 TeV

msc:  for mu+  SubType= 10
      ===== EM models for the G4Region  DefaultRegionForTheWorld ======
        WentzelVIUni : Emin=    0 eV  Emax=  100 TeV Nbins=84 100 eV  - 100 TeV
              StepLim=Minimal Rfact=0.2 Gfact=2.5 Sfact=0.6 DispFlag:0 Skin=1 Llimit=1

muIoni:  for mu+  SubType=2
      dE/dx and range tables from 100 eV  to 100 TeV in 84 bins
      Lambda tables from threshold to 100 TeV, 7 bins/decade, spline: 1
      StepFunction=(0.2, 0.1 mm), integ: 1, fluct: 1, linLossLim= 0.01
      ===== EM models for the G4Region  DefaultRegionForTheWorld ======
               Bragg : Emin=    0 eV  Emax=  200 keV
          BetheBloch : Emin=  200 keV Emax=    1 GeV
        MuBetheBloch : Emin=    1 GeV Emax=  100 TeV

muBrems:  for mu+  SubType=3
      dE/dx and range tables from 100 eV  to 100 TeV in 84 bins
      Lambda tables from threshold to 100 TeV, 7 bins/decade, spline: 1
      ===== EM models for the G4Region  DefaultRegionForTheWorld ======
              MuBrem : Emin=    0 eV  Emax=  100 TeV
      ===== Limit on energy threshold has been applied 

muPairProd:  for mu+  SubType=4
      dE/dx and range tables from 100 eV  to 100 TeV in 84 bins
      Lambda tables from threshold to 100 TeV, 7 bins/decade, spline: 1
      Sampling table 21x1001 from 1 GeV to 100 TeV 
      ===== EM models for the G4Region  DefaultRegionForTheWorld ======
          muPairProd : Emin=    0 eV  Emax=  100 TeV

CoulombScat:  for mu+, integral:1  SubType=1 BuildTable=1
      Lambda table from threshold  to 100 TeV, 7 bins/decade, spline: 1
      ThetaMin(p) < Theta(degree) < 180 pLimit(GeV^1)= 0.139531
      ===== EM models for the G4Region  DefaultRegionForTheWorld ======
  eCoulombScattering : Emin=    0 eV  Emax=  100 TeV

msc:  for mu-  SubType= 10
      ===== EM models for the G4Region  DefaultRegionForTheWorld ======
        WentzelVIUni : Emin=    0 eV  Emax=  100 TeV Nbins=84 100 eV  - 100 TeV
              StepLim=Minimal Rfact=0.2 Gfact=2.5 Sfact=0.6 DispFlag:0 Skin=1 Llimit=1

muIoni:  for mu-  SubType=2
      dE/dx and range tables from 100 eV  to 100 TeV in 84 bins
      Lambda tables from threshold to 100 TeV, 7 bins/decade, spline: 1
      StepFunction=(0.2, 0.1 mm), integ: 1, fluct: 1, linLossLim= 0.01
      ===== EM models for the G4Region  DefaultRegionForTheWorld ======
            ICRU73QO : Emin=    0 eV  Emax=  200 keV
          BetheBloch : Emin=  200 keV Emax=    1 GeV
        MuBetheBloch : Emin=    1 GeV Emax=  100 TeV

muBrems:  for mu-  SubType=3
      dE/dx and range tables from 100 eV  to 100 TeV in 84 bins
      Lambda tables from threshold to 100 TeV, 7 bins/decade, spline: 1
      ===== EM models for the G4Region  DefaultRegionForTheWorld ======
              MuBrem : Emin=    0 eV  Emax=  100 TeV
      ===== Limit on energy threshold has been applied 

muPairProd:  for mu-  SubType=4
      dE/dx and range tables from 100 eV  to 100 TeV in 84 bins
      Lambda tables from threshold to 100 TeV, 7 bins/decade, spline: 1
      Sampling table 21x1001 from 1 GeV to 100 TeV 
      ===== EM models for the G4Region  DefaultRegionForTheWorld ======
          muPairProd : Emin=    0 eV  Emax=  100 TeV

CoulombScat:  for mu-, integral:1  SubType=1 BuildTable=1
      Used Lambda table of mu+
      ThetaMin(p) < Theta(degree) < 180 pLimit(GeV^1)= 0.139531
      ===== EM models for the G4Region  DefaultRegionForTheWorld ======
  eCoulombScattering : Emin=    0 eV  Emax=  100 TeV

msc:  for pi+  SubType= 10
      ===== EM models for the G4Region  DefaultRegionForTheWorld ======
        WentzelVIUni : Emin=    0 eV  Emax=  100 TeV Nbins=84 100 eV  - 100 TeV
              StepLim=Minimal Rfact=0.2 Gfact=2.5 Sfact=0.6 DispFlag:0 Skin=1 Llimit=1

hIoni:  for pi+  SubType=2
      dE/dx and range tables from 100 eV  to 100 TeV in 84 bins
      Lambda tables from threshold to 100 TeV, 7 bins/decade, spline: 1
      StepFunction=(0.2, 0.1 mm), integ: 1, fluct: 1, linLossLim= 0.01
      ===== EM models for the G4Region  DefaultRegionForTheWorld ======
               Bragg : Emin=    0 eV  Emax=297.505 keV
          BetheBloch : Emin=297.505 keV Emax=  100 TeV

hBrems:  for pi+  SubType=3
      dE/dx and range tables from 100 eV  to 100 TeV in 84 bins
      Lambda tables from threshold to 100 TeV, 7 bins/decade, spline: 1
      ===== EM models for the G4Region  DefaultRegionForTheWorld ======
               hBrem : Emin=    0 eV  Emax=  100 TeV
      ===== Limit on energy threshold has been applied 

hPairProd:  for pi+  SubType=4
      dE/dx and range tables from 100 eV  to 100 TeV in 84 bins
      Lambda tables from threshold to 100 TeV, 7 bins/decade, spline: 1
      Sampling table 20x1001 from 1.11656 GeV to 100 TeV 
      ===== EM models for the G4Region  DefaultRegionForTheWorld ======
           hPairProd : Emin=    0 eV  Emax=  100 TeV

CoulombScat:  for pi+, integral:1  SubType=1 BuildTable=1
      Lambda table from threshold  to 100 TeV, 7 bins/decade, spline: 1
      ThetaMin(p) < Theta(degree) < 180 pLimit(GeV^1)= 0.139531
      ===== EM models for the G4Region  DefaultRegionForTheWorld ======
  eCoulombScattering : Emin=    0 eV  Emax=  100 TeV

msc:  for pi-  SubType= 10
      ===== EM models for the G4Region  DefaultRegionForTheWorld ======
        WentzelVIUni : Emin=    0 eV  Emax=  100 TeV Nbins=84 100 eV  - 100 TeV
              StepLim=Minimal Rfact=0.2 Gfact=2.5 Sfact=0.6 DispFlag:0 Skin=1 Llimit=1

hIoni:  for pi-  SubType=2
      dE/dx and range tables from 100 eV  to 100 TeV in 84 bins
      Lambda tables from threshold to 100 TeV, 7 bins/decade, spline: 1
      StepFunction=(0.2, 0.1 mm), integ: 1, fluct: 1, linLossLim= 0.01
      ===== EM models for the G4Region  DefaultRegionForTheWorld ======
            ICRU73QO : Emin=    0 eV  Emax=297.505 keV
          BetheBloch : Emin=297.505 keV Emax=  100 TeV

hBrems:  for pi-  SubType=3
      dE/dx and range tables from 100 eV  to 100 TeV in 84 bins
      Lambda tables from threshold to 100 TeV, 7 bins/decade, spline: 1
      ===== EM models for the G4Region  DefaultRegionForTheWorld ======
               hBrem : Emin=    0 eV  Emax=  100 TeV
      ===== Limit on energy threshold has been applied 

hPairProd:  for pi-  SubType=4
      dE/dx and range tables from 100 eV  to 100 TeV in 84 bins
      Lambda tables from threshold to 100 TeV, 7 bins/decade, spline: 1
      Sampling table 20x1001 from 1.11656 GeV to 100 TeV 
      ===== EM models for the G4Region  DefaultRegionForTheWorld ======
           hPairProd : Emin=    0 eV  Emax=  100 TeV

CoulombScat:  for pi-, integral:1  SubType=1 BuildTable=1
      Used Lambda table of pi+
      ThetaMin(p) < Theta(degree) < 180 pLimit(GeV^1)= 0.139531
      ===== EM models for the G4Region  DefaultRegionForTheWorld ======
  eCoulombScattering : Emin=    0 eV  Emax=  100 TeV

========= Table of registered couples ============================

Index : 0     used in the geometry : Yes
 Material : G4_Galactic
 Range cuts        :  gamma  1 mm     e-  1 mm     e+  1 mm  proton 1 mm 
 Energy thresholds :  gamma  100 eV     e-  100 eV     e+  100 eV  proton 100 keV
 Region(s) which use this couple : 
    DefaultRegionForTheWorld

Index : 1     used in the geometry : Yes
 Material : G4_W
 Range cuts        :  gamma  1 mm     e-  1 mm     e+  1 mm  proton 1 mm 
 Energy thresholds :  gamma  106.333 keV    e-  2.29087 MeV    e+  2.15443 MeV proton 100 keV
 Region(s) which use this couple : 
    DefaultRegionForTheWorld

==================================================================

G4VisManager: Using G4TrajectoryDrawByCharge as fallback trajectory model.
See commands in /vis/modeling/trajectories/ for other options.
### Run 0 starts.
### Run 0 start analysis activation: 
    BinsE= 100   Emax(keV)= 1e+08
... create file : dmp.root - done
... open analysis file : dmp.root - done
--> Event 0 starts.
Event = 0 z0 = -779.999  Primary direction = (0,0,1)
### New exotic particle produced: ldmphoton Ekin(GeV)= 1.28053 Mass(GeV)= 0.5 TrackId= 3
### New exotic particle produced: ldmphoton Ekin(GeV)= 0.660779 Mass(GeV)= 0.5 TrackId= 29
### New exotic particle produced: ldmphoton Ekin(GeV)= 14.0788 Mass(GeV)= 0.5 TrackId= 40
### New exotic particle produced: ldmphoton Ekin(GeV)= 0.769501 Mass(GeV)= 0.5 TrackId= 74
### New exotic particle produced: ldmphoton Ekin(GeV)= 1.8919 Mass(GeV)= 0.5 TrackId= 15
### New exotic particle produced: ldmphoton Ekin(GeV)= 5.47996 Mass(GeV)= 0.5 TrackId= 19
### New exotic particle produced: ldmphoton Ekin(GeV)= 5.44493 Mass(GeV)= 0.5 TrackId= 33
### New exotic particle produced: ldmphoton Ekin(GeV)= 3.34272 Mass(GeV)= 0.5 TrackId= 57
### New exotic particle produced: ldmphoton Ekin(GeV)= 31.5854 Mass(GeV)= 0.5 TrackId= 5
### New exotic particle produced: ldmphoton Ekin(GeV)= 3.04373 Mass(GeV)= 0.5 TrackId= 42
### New exotic particle produced: ldmphoton Ekin(GeV)= 15.2993 Mass(GeV)= 0.5 TrackId= 43
### New exotic particle produced: ldmphoton Ekin(GeV)= 1.19243 Mass(GeV)= 0.5 TrackId= 52
### New exotic particle produced: ldmphoton Ekin(GeV)= 1.09855 Mass(GeV)= 0.5 TrackId= 59
### New exotic particle produced: ldmphoton Ekin(GeV)= 2.87555 Mass(GeV)= 0.5 TrackId= 9
### New exotic particle produced: ldmphoton Ekin(GeV)= 2.4398 Mass(GeV)= 0.5 TrackId= 61
### New exotic particle produced: ldmphoton Ekin(GeV)= 1.58047 Mass(GeV)= 0.5 TrackId= 71
### New exotic particle produced: ldmphoton Ekin(GeV)= 28.3524 Mass(GeV)= 0.5 TrackId= 72
### New exotic particle produced: ldmphoton Ekin(GeV)= 5.25323 Mass(GeV)= 0.5 TrackId= 12
### New exotic particle produced: ldmphoton Ekin(GeV)= 2.56451 Mass(GeV)= 0.5 TrackId= 35
### New exotic particle produced: ldmphoton Ekin(GeV)= 7.63956 Mass(GeV)= 0.5 TrackId= 38
### New exotic particle produced: ldmphoton Ekin(GeV)= 0.636967 Mass(GeV)= 0.5 TrackId= 61
### New exotic particle produced: ldmphoton Ekin(GeV)= 46.8483 Mass(GeV)= 0.5 TrackId= 62
### New exotic particle produced: ldmphoton Ekin(GeV)= 1.21048 Mass(GeV)= 0.5 TrackId= 68
### New exotic particle produced: ldmphoton Ekin(GeV)= 10.1567 Mass(GeV)= 0.5 TrackId= 78
### New exotic particle produced: ldmphoton Ekin(GeV)= 0.806897 Mass(GeV)= 0.5 TrackId= 14
### New exotic particle produced: ldmphoton Ekin(GeV)= 0.694668 Mass(GeV)= 0.5 TrackId= 59
### New exotic particle produced: ldmphoton Ekin(GeV)= 1.01164 Mass(GeV)= 0.5 TrackId= 14
### New exotic particle produced: ldmphoton Ekin(GeV)= 38.9426 Mass(GeV)= 0.5 TrackId= 19
### New exotic particle produced: ldmphoton Ekin(GeV)= 2.07654 Mass(GeV)= 0.5 TrackId= 20
### New exotic particle produced: ldmphoton Ekin(GeV)= 0.794298 Mass(GeV)= 0.5 TrackId= 48
### New exotic particle produced: ldmphoton Ekin(GeV)= 8.56461 Mass(GeV)= 0.5 TrackId= 56
### New exotic particle produced: ldmphoton Ekin(GeV)= 1.95526 Mass(GeV)= 0.5 TrackId= 64
### New exotic particle produced: ldmphoton Ekin(GeV)= 3.93923 Mass(GeV)= 0.5 TrackId= 8
### New exotic particle produced: ldmphoton Ekin(GeV)= 5.68919 Mass(GeV)= 0.5 TrackId= 21
### New exotic particle produced: ldmphoton Ekin(GeV)= 0.675475 Mass(GeV)= 0.5 TrackId= 22
### New exotic particle produced: ldmphoton Ekin(GeV)= 0.717826 Mass(GeV)= 0.5 TrackId= 25
### New exotic particle produced: ldmphoton Ekin(GeV)= 0.604074 Mass(GeV)= 0.5 TrackId= 26
### New exotic particle produced: ldmphoton Ekin(GeV)= 0.993281 Mass(GeV)= 0.5 TrackId= 28
### New exotic particle produced: ldmphoton Ekin(GeV)= 0.748574 Mass(GeV)= 0.5 TrackId= 30
### New exotic particle produced: ldmphoton Ekin(GeV)= 1.72213 Mass(GeV)= 0.5 TrackId= 42
### New exotic particle produced: ldmphoton Ekin(GeV)= 11.2566 Mass(GeV)= 0.5 TrackId= 54
### New exotic particle produced: ldmphoton Ekin(GeV)= 0.795059 Mass(GeV)= 0.5 TrackId= 60
### New exotic particle produced: ldmphoton Ekin(GeV)= 4.10491 Mass(GeV)= 0.5 TrackId= 66
### New exotic particle produced: ldmphoton Ekin(GeV)= 1.01148 Mass(GeV)= 0.5 TrackId= 10
### New exotic particle produced: ldmphoton Ekin(GeV)= 1.26381 Mass(GeV)= 0.5 TrackId= 17
### New exotic particle produced: ldmphoton Ekin(GeV)= 1.00054 Mass(GeV)= 0.5 TrackId= 29
### New exotic particle produced: ldmphoton Ekin(GeV)= 3.89054 Mass(GeV)= 0.5 TrackId= 33
### New exotic particle produced: ldmphoton Ekin(GeV)= 6.98031 Mass(GeV)= 0.5 TrackId= 47
### New exotic particle produced: ldmphoton Ekin(GeV)= 4.02838 Mass(GeV)= 0.5 TrackId= 61
### New exotic particle produced: ldmphoton Ekin(GeV)= 18.7261 Mass(GeV)= 0.5 TrackId= 62
### New exotic particle produced: ldmphoton Ekin(GeV)= 55.5522 Mass(GeV)= 0.5 TrackId= 11
### New exotic particle produced: ldmphoton Ekin(GeV)= 0.648754 Mass(GeV)= 0.5 TrackId= 41
### New exotic particle produced: ldmphoton Ekin(GeV)= 14.8478 Mass(GeV)= 0.5 TrackId= 73
--> Event 10 starts.
### New exotic particle produced: ldmphoton Ekin(GeV)= 0.94714 Mass(GeV)= 0.5 TrackId= 23
### New exotic particle produced: ldmphoton Ekin(GeV)= 7.33668 Mass(GeV)= 0.5 TrackId= 25
### New exotic particle produced: ldmphoton Ekin(GeV)= 35.1284 Mass(GeV)= 0.5 TrackId= 28
### New exotic particle produced: ldmphoton Ekin(GeV)= 5.34189 Mass(GeV)= 0.5 TrackId= 45
### New exotic particle produced: ldmphoton Ekin(GeV)= 5.04281 Mass(GeV)= 0.5 TrackId= 13
### New exotic particle produced: ldmphoton Ekin(GeV)= 14.7107 Mass(GeV)= 0.5 TrackId= 17
### New exotic particle produced: ldmphoton Ekin(GeV)= 15.1509 Mass(GeV)= 0.5 TrackId= 26
### New exotic particle produced: ldmphoton Ekin(GeV)= 6.28518 Mass(GeV)= 0.5 TrackId= 43
### New exotic particle produced: ldmphoton Ekin(GeV)= 1.00274 Mass(GeV)= 0.5 TrackId= 72
### New exotic particle produced: ldmphoton Ekin(GeV)= 1.67252 Mass(GeV)= 0.5 TrackId= 19
### New exotic particle produced: ldmphoton Ekin(GeV)= 0.872767 Mass(GeV)= 0.5 TrackId= 23
### New exotic particle produced: ldmphoton Ekin(GeV)= 4.37611 Mass(GeV)= 0.5 TrackId= 39
### New exotic particle produced: ldmphoton Ekin(GeV)= 3.55803 Mass(GeV)= 0.5 TrackId= 60
### New exotic particle produced: ldmphoton Ekin(GeV)= 3.27435 Mass(GeV)= 0.5 TrackId= 71
### New exotic particle produced: ldmphoton Ekin(GeV)= 3.37484 Mass(GeV)= 0.5 TrackId= 4
### New exotic particle produced: ldmphoton Ekin(GeV)= 21.3933 Mass(GeV)= 0.5 TrackId= 19
### New exotic particle produced: ldmphoton Ekin(GeV)= 6.80287 Mass(GeV)= 0.5 TrackId= 49
### New exotic particle produced: ldmphoton Ekin(GeV)= 0.618129 Mass(GeV)= 0.5 TrackId= 7
### New exotic particle produced: ldmphoton Ekin(GeV)= 1.9542 Mass(GeV)= 0.5 TrackId= 11
### New exotic particle produced: ldmphoton Ekin(GeV)= 7.20376 Mass(GeV)= 0.5 TrackId= 14
### New exotic particle produced: ldmphoton Ekin(GeV)= 4.16941 Mass(GeV)= 0.5 TrackId= 34
### New exotic particle produced: ldmphoton Ekin(GeV)= 9.50792 Mass(GeV)= 0.5 TrackId= 37
### New exotic particle produced: ldmphoton Ekin(GeV)= 2.62835 Mass(GeV)= 0.5 TrackId= 38
### New exotic particle produced: ldmphoton Ekin(GeV)= 1.72221 Mass(GeV)= 0.5 TrackId= 61
### New exotic particle produced: ldmphoton Ekin(GeV)= 7.18651 Mass(GeV)= 0.5 TrackId= 65
### New exotic particle produced: ldmphoton Ekin(GeV)= 4.59445 Mass(GeV)= 0.5 TrackId= 27
### New exotic particle produced: ldmphoton Ekin(GeV)= 18.3721 Mass(GeV)= 0.5 TrackId= 28
### New exotic particle produced: ldmphoton Ekin(GeV)= 0.605364 Mass(GeV)= 0.5 TrackId= 45
### New exotic particle produced: ldmphoton Ekin(GeV)= 17.1372 Mass(GeV)= 0.5 TrackId= 48
### New exotic particle produced: ldmphoton Ekin(GeV)= 6.63631 Mass(GeV)= 0.5 TrackId= 2
### New exotic particle produced: ldmphoton Ekin(GeV)= 1.70123 Mass(GeV)= 0.5 TrackId= 9
### New exotic particle produced: ldmphoton Ekin(GeV)= 1.17821 Mass(GeV)= 0.5 TrackId= 27
### New exotic particle produced: ldmphoton Ekin(GeV)= 3.58932 Mass(GeV)= 0.5 TrackId= 29
### New exotic particle produced: ldmphoton Ekin(GeV)= 11.5252 Mass(GeV)= 0.5 TrackId= 33
### New exotic particle produced: ldmphoton Ekin(GeV)= 1.48242 Mass(GeV)= 0.5 TrackId= 38
### New exotic particle produced: ldmphoton Ekin(GeV)= 0.745392 Mass(GeV)= 0.5 TrackId= 46
### New exotic particle produced: ldmphoton Ekin(GeV)= 1.76724 Mass(GeV)= 0.5 TrackId= 48
### New exotic particle produced: ldmphoton Ekin(GeV)= 0.741215 Mass(GeV)= 0.5 TrackId= 78
### New exotic particle produced: ldmphoton Ekin(GeV)= 0.644657 Mass(GeV)= 0.5 TrackId= 51
### New exotic particle produced: ldmphoton Ekin(GeV)= 1.50472 Mass(GeV)= 0.5 TrackId= 73
### New exotic particle produced: ldmphoton Ekin(GeV)= 0.968932 Mass(GeV)= 0.5 TrackId= 84
### New exotic particle produced: ldmphoton Ekin(GeV)= 9.83541 Mass(GeV)= 0.5 TrackId= 8
### New exotic particle produced: ldmphoton Ekin(GeV)= 7.08802 Mass(GeV)= 0.5 TrackId= 16
### New exotic particle produced: ldmphoton Ekin(GeV)= 1.19521 Mass(GeV)= 0.5 TrackId= 31
### New exotic particle produced: ldmphoton Ekin(GeV)= 8.33422 Mass(GeV)= 0.5 TrackId= 33
--> Event 20 starts.
### New exotic particle produced: ldmphoton Ekin(GeV)= 9.76299 Mass(GeV)= 0.5 TrackId= 24
### New exotic particle produced: ldmphoton Ekin(GeV)= 30.6187 Mass(GeV)= 0.5 TrackId= 32
### New exotic particle produced: ldmphoton Ekin(GeV)= 0.841969 Mass(GeV)= 0.5 TrackId= 36
### New exotic particle produced: ldmphoton Ekin(GeV)= 6.92193 Mass(GeV)= 0.5 TrackId= 51
### New exotic particle produced: ldmphoton Ekin(GeV)= 1.06333 Mass(GeV)= 0.5 TrackId= 21
### New exotic particle produced: ldmphoton Ekin(GeV)= 2.42311 Mass(GeV)= 0.5 TrackId= 24
### New exotic particle produced: ldmphoton Ekin(GeV)= 0.988649 Mass(GeV)= 0.5 TrackId= 37
### New exotic particle produced: ldmphoton Ekin(GeV)= 26.4628 Mass(GeV)= 0.5 TrackId= 62
### New exotic particle produced: ldmphoton Ekin(GeV)= 0.645808 Mass(GeV)= 0.5 TrackId= 69
### New exotic particle produced: ldmphoton Ekin(GeV)= 7.0628 Mass(GeV)= 0.5 TrackId= 35
### New exotic particle produced: ldmphoton Ekin(GeV)= 1.18312 Mass(GeV)= 0.5 TrackId= 43
### New exotic particle produced: ldmphoton Ekin(GeV)= 15.2036 Mass(GeV)= 0.5 TrackId= 66
### New exotic particle produced: ldmphoton Ekin(GeV)= 0.854809 Mass(GeV)= 0.5 TrackId= 74
### New exotic particle produced: ldmphoton Ekin(GeV)= 2.40614 Mass(GeV)= 0.5 TrackId= 29
### New exotic particle produced: ldmphoton Ekin(GeV)= 2.93266 Mass(GeV)= 0.5 TrackId= 33
### New exotic particle produced: ldmphoton Ekin(GeV)= 4.96008 Mass(GeV)= 0.5 TrackId= 42
### New exotic particle produced: ldmphoton Ekin(GeV)= 2.96669 Mass(GeV)= 0.5 TrackId= 11
### New exotic particle produced: ldmphoton Ekin(GeV)= 1.76911 Mass(GeV)= 0.5 TrackId= 26
### New exotic particle produced: ldmphoton Ekin(GeV)= 9.08483 Mass(GeV)= 0.5 TrackId= 29
### New exotic particle produced: ldmphoton Ekin(GeV)= 17.1803 Mass(GeV)= 0.5 TrackId= 37
### New exotic particle produced: ldmphoton Ekin(GeV)= 28.59 Mass(GeV)= 0.5 TrackId= 51
### New exotic particle produced: ldmphoton Ekin(GeV)= 3.89069 Mass(GeV)= 0.5 TrackId= 62
### New exotic particle produced: ldmphoton Ekin(GeV)= 0.733078 Mass(GeV)= 0.5 TrackId= 71
### New exotic particle produced: ldmphoton Ekin(GeV)= 13.5546 Mass(GeV)= 0.5 TrackId= 72
### New exotic particle produced: ldmphoton Ekin(GeV)= 1.53013 Mass(GeV)= 0.5 TrackId= 3
### New exotic particle produced: ldmphoton Ekin(GeV)= 2.82745 Mass(GeV)= 0.5 TrackId= 13
### New exotic particle produced: ldmphoton Ekin(GeV)= 4.52288 Mass(GeV)= 0.5 TrackId= 14
### New exotic particle produced: ldmphoton Ekin(GeV)= 10.2995 Mass(GeV)= 0.5 TrackId= 30
### New exotic particle produced: ldmphoton Ekin(GeV)= 3.88832 Mass(GeV)= 0.5 TrackId= 43
### New exotic particle produced: ldmphoton Ekin(GeV)= 1.32419 Mass(GeV)= 0.5 TrackId= 49
### New exotic particle produced: ldmphoton Ekin(GeV)= 54.3327 Mass(GeV)= 0.5 TrackId= 70
### New exotic particle produced: ldmphoton Ekin(GeV)= 3.69596 Mass(GeV)= 0.5 TrackId= 3
### New exotic particle produced: ldmphoton Ekin(GeV)= 0.752355 Mass(GeV)= 0.5 TrackId= 4
### New exotic particle produced: ldmphoton Ekin(GeV)= 4.66329 Mass(GeV)= 0.5 TrackId= 6
### New exotic particle produced: ldmphoton Ekin(GeV)= 0.830327 Mass(GeV)= 0.5 TrackId= 7
### New exotic particle produced: ldmphoton Ekin(GeV)= 1.53196 Mass(GeV)= 0.5 TrackId= 21
### New exotic particle produced: ldmphoton Ekin(GeV)= 49.5836 Mass(GeV)= 0.5 TrackId= 22
### New exotic particle produced: ldmphoton Ekin(GeV)= 7.60126 Mass(GeV)= 0.5 TrackId= 34
### New exotic particle produced: ldmphoton Ekin(GeV)= 6.52661 Mass(GeV)= 0.5 TrackId= 52
### New exotic particle produced: ldmphoton Ekin(GeV)= 0.766052 Mass(GeV)= 0.5 TrackId= 18
### New exotic particle produced: ldmphoton Ekin(GeV)= 9.69691 Mass(GeV)= 0.5 TrackId= 53
### New exotic particle produced: ldmphoton Ekin(GeV)= 10.5388 Mass(GeV)= 0.5 TrackId= 56
### New exotic particle produced: ldmphoton Ekin(GeV)= 0.885799 Mass(GeV)= 0.5 TrackId= 61
### New exotic particle produced: ldmphoton Ekin(GeV)= 0.652564 Mass(GeV)= 0.5 TrackId= 74
### New exotic particle produced: ldmphoton Ekin(GeV)= 0.736107 Mass(GeV)= 0.5 TrackId= 36
### New exotic particle produced: ldmphoton Ekin(GeV)= 3.35425 Mass(GeV)= 0.5 TrackId= 38
### New exotic particle produced: ldmphoton Ekin(GeV)= 7.57464 Mass(GeV)= 0.5 TrackId= 50
### New exotic particle produced: ldmphoton Ekin(GeV)= 0.648446 Mass(GeV)= 0.5 TrackId= 62
### New exotic particle produced: ldmphoton Ekin(GeV)= 27.6112 Mass(GeV)= 0.5 TrackId= 10
### New exotic particle produced: ldmphoton Ekin(GeV)= 2.0096 Mass(GeV)= 0.5 TrackId= 12
### New exotic particle produced: ldmphoton Ekin(GeV)= 5.92062 Mass(GeV)= 0.5 TrackId= 13
### New exotic particle produced: ldmphoton Ekin(GeV)= 1.82765 Mass(GeV)= 0.5 TrackId= 17
### New exotic particle produced: ldmphoton Ekin(GeV)= 1.27582 Mass(GeV)= 0.5 TrackId= 24
### New exotic particle produced: ldmphoton Ekin(GeV)= 9.35437 Mass(GeV)= 0.5 TrackId= 44
### New exotic particle produced: ldmphoton Ekin(GeV)= 3.13782 Mass(GeV)= 0.5 TrackId= 76
--> Event 30 starts.
### New exotic particle produced: ldmphoton Ekin(GeV)= 25.5762 Mass(GeV)= 0.5 TrackId= 52
### New exotic particle produced: ldmphoton Ekin(GeV)= 0.706905 Mass(GeV)= 0.5 TrackId= 15
### New exotic particle produced: ldmphoton Ekin(GeV)= 9.14492 Mass(GeV)= 0.5 TrackId= 21
### New exotic particle produced: ldmphoton Ekin(GeV)= 1.10114 Mass(GeV)= 0.5 TrackId= 36
### New exotic particle produced: ldmphoton Ekin(GeV)= 62.1618 Mass(GeV)= 0.5 TrackId= 61
### New exotic particle produced: ldmphoton Ekin(GeV)= 2.74752 Mass(GeV)= 0.5 TrackId= 45
### New exotic particle produced: ldmphoton Ekin(GeV)= 3.21207 Mass(GeV)= 0.5 TrackId= 61
### New exotic particle produced: ldmphoton Ekin(GeV)= 1.57582 Mass(GeV)= 0.5 TrackId= 63
### New exotic particle produced: ldmphoton Ekin(GeV)= 2.85758 Mass(GeV)= 0.5 TrackId= 68
### New exotic particle produced: ldmphoton Ekin(GeV)= 0.771247 Mass(GeV)= 0.5 TrackId= 70
### New exotic particle produced: ldmphoton Ekin(GeV)= 1.54617 Mass(GeV)= 0.5 TrackId= 5
### New exotic particle produced: ldmphoton Ekin(GeV)= 35.0061 Mass(GeV)= 0.5 TrackId= 6
### New exotic particle produced: ldmphoton Ekin(GeV)= 3.66246 Mass(GeV)= 0.5 TrackId= 13
### New exotic particle produced: ldmphoton Ekin(GeV)= 1.40616 Mass(GeV)= 0.5 TrackId= 21
### New exotic particle produced: ldmphoton Ekin(GeV)= 16.712 Mass(GeV)= 0.5 TrackId= 22
### New exotic particle produced: ldmphoton Ekin(GeV)= 0.680965 Mass(GeV)= 0.5 TrackId= 3
### New exotic particle produced: ldmphoton Ekin(GeV)= 5.69358 Mass(GeV)= 0.5 TrackId= 20
### New exotic particle produced: ldmphoton Ekin(GeV)= 0.627335 Mass(GeV)= 0.5 TrackId= 35
### New exotic particle produced: ldmphoton Ekin(GeV)= 6.29639 Mass(GeV)= 0.5 TrackId= 38
### New exotic particle produced: ldmphoton Ekin(GeV)= 3.38932 Mass(GeV)= 0.5 TrackId= 47
### New exotic particle produced: ldmphoton Ekin(GeV)= 1.95248 Mass(GeV)= 0.5 TrackId= 50
### New exotic particle produced: ldmphoton Ekin(GeV)= 2.03134 Mass(GeV)= 0.5 TrackId= 71
### New exotic particle produced: ldmphoton Ekin(GeV)= 2.89098 Mass(GeV)= 0.5 TrackId= 82
### New exotic particle produced: ldmphoton Ekin(GeV)= 0.622351 Mass(GeV)= 0.5 TrackId= 2
### New exotic particle produced: ldmphoton Ekin(GeV)= 11.6773 Mass(GeV)= 0.5 TrackId= 23
### New exotic particle produced: ldmphoton Ekin(GeV)= 1.11419 Mass(GeV)= 0.5 TrackId= 41
### New exotic particle produced: ldmphoton Ekin(GeV)= 1.18928 Mass(GeV)= 0.5 TrackId= 44
### New exotic particle produced: ldmphoton Ekin(GeV)= 4.31275 Mass(GeV)= 0.5 TrackId= 49
### New exotic particle produced: ldmphoton Ekin(GeV)= 9.36675 Mass(GeV)= 0.5 TrackId= 23
### New exotic particle produced: ldmphoton Ekin(GeV)= 39.6959 Mass(GeV)= 0.5 TrackId= 30
### New exotic particle produced: ldmphoton Ekin(GeV)= 5.08743 Mass(GeV)= 0.5 TrackId= 33
### New exotic particle produced: ldmphoton Ekin(GeV)= 1.60334 Mass(GeV)= 0.5 TrackId= 59
### New exotic particle produced: ldmphoton Ekin(GeV)= 1.53982 Mass(GeV)= 0.5 TrackId= 72
### New exotic particle produced: ldmphoton Ekin(GeV)= 1.8615 Mass(GeV)= 0.5 TrackId= 4
### New exotic particle produced: ldmphoton Ekin(GeV)= 1.47843 Mass(GeV)= 0.5 TrackId= 5
### New exotic particle produced: ldmphoton Ekin(GeV)= 1.00906 Mass(GeV)= 0.5 TrackId= 9
### New exotic particle produced: ldmphoton Ekin(GeV)= 7.64154 Mass(GeV)= 0.5 TrackId= 32
### New exotic particle produced: ldmphoton Ekin(GeV)= 0.984746 Mass(GeV)= 0.5 TrackId= 40
### New exotic particle produced: ldmphoton Ekin(GeV)= 1.46433 Mass(GeV)= 0.5 TrackId= 44
### New exotic particle produced: ldmphoton Ekin(GeV)= 3.05654 Mass(GeV)= 0.5 TrackId= 52
### New exotic particle produced: ldmphoton Ekin(GeV)= 1.99489 Mass(GeV)= 0.5 TrackId= 58
### New exotic particle produced: ldmphoton Ekin(GeV)= 16.6077 Mass(GeV)= 0.5 TrackId= 27
### New exotic particle produced: ldmphoton Ekin(GeV)= 16.6158 Mass(GeV)= 0.5 TrackId= 43
### New exotic particle produced: ldmphoton Ekin(GeV)= 4.33689 Mass(GeV)= 0.5 TrackId= 57
### New exotic particle produced: ldmphoton Ekin(GeV)= 2.17009 Mass(GeV)= 0.5 TrackId= 62
### New exotic particle produced: ldmphoton Ekin(GeV)= 10.5432 Mass(GeV)= 0.5 TrackId= 13
### New exotic particle produced: ldmphoton Ekin(GeV)= 4.72725 Mass(GeV)= 0.5 TrackId= 20
### New exotic particle produced: ldmphoton Ekin(GeV)= 4.81335 Mass(GeV)= 0.5 TrackId= 35
### New exotic particle produced: ldmphoton Ekin(GeV)= 3.13767 Mass(GeV)= 0.5 TrackId= 36
### New exotic particle produced: ldmphoton Ekin(GeV)= 2.22994 Mass(GeV)= 0.5 TrackId= 52
--> Event 40 starts.
### New exotic particle produced: ldmphoton Ekin(GeV)= 8.74826 Mass(GeV)= 0.5 TrackId= 15
### New exotic particle produced: ldmphoton Ekin(GeV)= 3.56272 Mass(GeV)= 0.5 TrackId= 21
### New exotic particle produced: ldmphoton Ekin(GeV)= 0.964756 Mass(GeV)= 0.5 TrackId= 4
### New exotic particle produced: ldmphoton Ekin(GeV)= 10.87 Mass(GeV)= 0.5 TrackId= 20
### New exotic particle produced: ldmphoton Ekin(GeV)= 1.971 Mass(GeV)= 0.5 TrackId= 23
### New exotic particle produced: ldmphoton Ekin(GeV)= 5.05686 Mass(GeV)= 0.5 TrackId= 24
### New exotic particle produced: ldmphoton Ekin(GeV)= 0.785574 Mass(GeV)= 0.5 TrackId= 26
### New exotic particle produced: ldmphoton Ekin(GeV)= 0.609399 Mass(GeV)= 0.5 TrackId= 27
### New exotic particle produced: ldmphoton Ekin(GeV)= 3.95447 Mass(GeV)= 0.5 TrackId= 32
### New exotic particle produced: ldmphoton Ekin(GeV)= 6.46161 Mass(GeV)= 0.5 TrackId= 39
### New exotic particle produced: ldmphoton Ekin(GeV)= 1.17729 Mass(GeV)= 0.5 TrackId= 47
### New exotic particle produced: ldmphoton Ekin(GeV)= 2.29973 Mass(GeV)= 0.5 TrackId= 4
### New exotic particle produced: ldmphoton Ekin(GeV)= 0.867508 Mass(GeV)= 0.5 TrackId= 11
### New exotic particle produced: ldmphoton Ekin(GeV)= 1.01381 Mass(GeV)= 0.5 TrackId= 44
### New exotic particle produced: ldmphoton Ekin(GeV)= 1.15805 Mass(GeV)= 0.5 TrackId= 49
### New exotic particle produced: ldmphoton Ekin(GeV)= 0.762971 Mass(GeV)= 0.5 TrackId= 51
### New exotic particle produced: ldmphoton Ekin(GeV)= 0.688023 Mass(GeV)= 0.5 TrackId= 89
### New exotic particle produced: ldmphoton Ekin(GeV)= 5.699 Mass(GeV)= 0.5 TrackId= 93
### New exotic particle produced: ldmphoton Ekin(GeV)= 1.33153 Mass(GeV)= 0.5 TrackId= 95
### New exotic particle produced: ldmphoton Ekin(GeV)= 1.01963 Mass(GeV)= 0.5 TrackId= 8
### New exotic particle produced: ldmphoton Ekin(GeV)= 5.11754 Mass(GeV)= 0.5 TrackId= 18
### New exotic particle produced: ldmphoton Ekin(GeV)= 40.577 Mass(GeV)= 0.5 TrackId= 26
### New exotic particle produced: ldmphoton Ekin(GeV)= 2.25536 Mass(GeV)= 0.5 TrackId= 70
### New exotic particle produced: ldmphoton Ekin(GeV)= 29.1981 Mass(GeV)= 0.5 TrackId= 23
### New exotic particle produced: ldmphoton Ekin(GeV)= 0.710718 Mass(GeV)= 0.5 TrackId= 44
### New exotic particle produced: ldmphoton Ekin(GeV)= 0.640779 Mass(GeV)= 0.5 TrackId= 50
### New exotic particle produced: ldmphoton Ekin(GeV)= 4.02046 Mass(GeV)= 0.5 TrackId= 71
### New exotic particle produced: ldmphoton Ekin(GeV)= 2.70063 Mass(GeV)= 0.5 TrackId= 9
### New exotic particle produced: ldmphoton Ekin(GeV)= 6.94325 Mass(GeV)= 0.5 TrackId= 24
### New exotic particle produced: ldmphoton Ekin(GeV)= 3.36905 Mass(GeV)= 0.5 TrackId= 28
### New exotic particle produced: ldmphoton Ekin(GeV)= 3.58046 Mass(GeV)= 0.5 TrackId= 30
### New exotic particle produced: ldmphoton Ekin(GeV)= 1.2797 Mass(GeV)= 0.5 TrackId= 31
### New exotic particle produced: ldmphoton Ekin(GeV)= 5.80239 Mass(GeV)= 0.5 TrackId= 32
### New exotic particle produced: ldmphoton Ekin(GeV)= 8.57247 Mass(GeV)= 0.5 TrackId= 66
### New exotic particle produced: ldmphoton Ekin(GeV)= 1.7065 Mass(GeV)= 0.5 TrackId= 69
### New exotic particle produced: ldmphoton Ekin(GeV)= 1.49399 Mass(GeV)= 0.5 TrackId= 33
### New exotic particle produced: ldmphoton Ekin(GeV)= 59.615 Mass(GeV)= 0.5 TrackId= 36
### New exotic particle produced: ldmphoton Ekin(GeV)= 0.919064 Mass(GeV)= 0.5 TrackId= 61
### New exotic particle produced: ldmphoton Ekin(GeV)= 3.99389 Mass(GeV)= 0.5 TrackId= 3
### New exotic particle produced: ldmphoton Ekin(GeV)= 5.13689 Mass(GeV)= 0.5 TrackId= 13
### New exotic particle produced: ldmphoton Ekin(GeV)= 4.94806 Mass(GeV)= 0.5 TrackId= 29
### New exotic particle produced: ldmphoton Ekin(GeV)= 0.84644 Mass(GeV)= 0.5 TrackId= 37
### New exotic particle produced: ldmphoton Ekin(GeV)= 1.17933 Mass(GeV)= 0.5 TrackId= 39
### New exotic particle produced: ldmphoton Ekin(GeV)= 4.68493 Mass(GeV)= 0.5 TrackId= 40
### New exotic particle produced: ldmphoton Ekin(GeV)= 1.05064 Mass(GeV)= 0.5 TrackId= 44
### New exotic particle produced: ldmphoton Ekin(GeV)= 7.94392 Mass(GeV)= 0.5 TrackId= 47
### New exotic particle produced: ldmphoton Ekin(GeV)= 3.78814 Mass(GeV)= 0.5 TrackId= 56
### New exotic particle produced: ldmphoton Ekin(GeV)= 2.67143 Mass(GeV)= 0.5 TrackId= 70
### New exotic particle produced: ldmphoton Ekin(GeV)= 1.16232 Mass(GeV)= 0.5 TrackId= 72
### New exotic particle produced: ldmphoton Ekin(GeV)= 2.75817 Mass(GeV)= 0.5 TrackId= 84
### New exotic particle produced: ldmphoton Ekin(GeV)= 6.09117 Mass(GeV)= 0.5 TrackId= 16
### New exotic particle produced: ldmphoton Ekin(GeV)= 18.175 Mass(GeV)= 0.5 TrackId= 36
### New exotic particle produced: ldmphoton Ekin(GeV)= 39.292 Mass(GeV)= 0.5 TrackId= 55
### New exotic particle produced: ldmphoton Ekin(GeV)= 3.55686 Mass(GeV)= 0.5 TrackId= 5
### New exotic particle produced: ldmphoton Ekin(GeV)= 1.42685 Mass(GeV)= 0.5 TrackId= 6
### New exotic particle produced: ldmphoton Ekin(GeV)= 0.813453 Mass(GeV)= 0.5 TrackId= 16
### New exotic particle produced: ldmphoton Ekin(GeV)= 4.24811 Mass(GeV)= 0.5 TrackId= 38
### New exotic particle produced: ldmphoton Ekin(GeV)= 1.22476 Mass(GeV)= 0.5 TrackId= 55
### New exotic particle produced: ldmphoton Ekin(GeV)= 0.745122 Mass(GeV)= 0.5 TrackId= 63
### New exotic particle produced: ldmphoton Ekin(GeV)= 7.18242 Mass(GeV)= 0.5 TrackId= 70
--> Event 50 starts.
### New exotic particle produced: ldmphoton Ekin(GeV)= 0.79875 Mass(GeV)= 0.5 TrackId= 10
### New exotic particle produced: ldmphoton Ekin(GeV)= 2.43065 Mass(GeV)= 0.5 TrackId= 11
### New exotic particle produced: ldmphoton Ekin(GeV)= 2.48641 Mass(GeV)= 0.5 TrackId= 12
### New exotic particle produced: ldmphoton Ekin(GeV)= 7.16936 Mass(GeV)= 0.5 TrackId= 14
### New exotic particle produced: ldmphoton Ekin(GeV)= 7.79145 Mass(GeV)= 0.5 TrackId= 15
### New exotic particle produced: ldmphoton Ekin(GeV)= 4.21417 Mass(GeV)= 0.5 TrackId= 53
### New exotic particle produced: ldmphoton Ekin(GeV)= 1.56018 Mass(GeV)= 0.5 TrackId= 64
### New exotic particle produced: ldmphoton Ekin(GeV)= 1.14516 Mass(GeV)= 0.5 TrackId= 65
### New exotic particle produced: ldmphoton Ekin(GeV)= 11.0336 Mass(GeV)= 0.5 TrackId= 80
### New exotic particle produced: ldmphoton Ekin(GeV)= 54.4077 Mass(GeV)= 0.5 TrackId= 2
### New exotic particle produced: ldmphoton Ekin(GeV)= 1.1328 Mass(GeV)= 0.5 TrackId= 4
### New exotic particle produced: ldmphoton Ekin(GeV)= 0.933324 Mass(GeV)= 0.5 TrackId= 6
### New exotic particle produced: ldmphoton Ekin(GeV)= 2.02738 Mass(GeV)= 0.5 TrackId= 23
### New exotic particle produced: ldmphoton Ekin(GeV)= 3.80506 Mass(GeV)= 0.5 TrackId= 66
### New exotic particle produced: ldmphoton Ekin(GeV)= 4.29977 Mass(GeV)= 0.5 TrackId= 75
### New exotic particle produced: ldmphoton Ekin(GeV)= 0.63562 Mass(GeV)= 0.5 TrackId= 4
### New exotic particle produced: ldmphoton Ekin(GeV)= 5.34772 Mass(GeV)= 0.5 TrackId= 6
### New exotic particle produced: ldmphoton Ekin(GeV)= 29.8362 Mass(GeV)= 0.5 TrackId= 15
### New exotic particle produced: ldmphoton Ekin(GeV)= 3.89435 Mass(GeV)= 0.5 TrackId= 23
### New exotic particle produced: ldmphoton Ekin(GeV)= 2.94399 Mass(GeV)= 0.5 TrackId= 32
### New exotic particle produced: ldmphoton Ekin(GeV)= 0.804507 Mass(GeV)= 0.5 TrackId= 35
### New exotic particle produced: ldmphoton Ekin(GeV)= 13.7985 Mass(GeV)= 0.5 TrackId= 42
### New exotic particle produced: ldmphoton Ekin(GeV)= 1.48149 Mass(GeV)= 0.5 TrackId= 50
### New exotic particle produced: ldmphoton Ekin(GeV)= 4.51349 Mass(GeV)= 0.5 TrackId= 52
### New exotic particle produced: ldmphoton Ekin(GeV)= 6.6452 Mass(GeV)= 0.5 TrackId= 8
### New exotic particle produced: ldmphoton Ekin(GeV)= 22.9836 Mass(GeV)= 0.5 TrackId= 10
### New exotic particle produced: ldmphoton Ekin(GeV)= 0.787452 Mass(GeV)= 0.5 TrackId= 15
### New exotic particle produced: ldmphoton Ekin(GeV)= 10.5188 Mass(GeV)= 0.5 TrackId= 24
### New exotic particle produced: ldmphoton Ekin(GeV)= 10.532 Mass(GeV)= 0.5 TrackId= 34
### New exotic particle produced: ldmphoton Ekin(GeV)= 1.2157 Mass(GeV)= 0.5 TrackId= 42
### New exotic particle produced: ldmphoton Ekin(GeV)= 21.3049 Mass(GeV)= 0.5 TrackId= 17
### New exotic particle produced: ldmphoton Ekin(GeV)= 20.35 Mass(GeV)= 0.5 TrackId= 23
### New exotic particle produced: ldmphoton Ekin(GeV)= 1.57243 Mass(GeV)= 0.5 TrackId= 29
### New exotic particle produced: ldmphoton Ekin(GeV)= 1.00948 Mass(GeV)= 0.5 TrackId= 11
### New exotic particle produced: ldmphoton Ekin(GeV)= 1.28168 Mass(GeV)= 0.5 TrackId= 31
### New exotic particle produced: ldmphoton Ekin(GeV)= 1.59519 Mass(GeV)= 0.5 TrackId= 44
### New exotic particle produced: ldmphoton Ekin(GeV)= 10.911 Mass(GeV)= 0.5 TrackId= 11
### New exotic particle produced: ldmphoton Ekin(GeV)= 1.44994 Mass(GeV)= 0.5 TrackId= 58
### New exotic particle produced: ldmphoton Ekin(GeV)= 7.66568 Mass(GeV)= 0.5 TrackId= 3
### New exotic particle produced: ldmphoton Ekin(GeV)= 1.25159 Mass(GeV)= 0.5 TrackId= 13
### New exotic particle produced: ldmphoton Ekin(GeV)= 9.49899 Mass(GeV)= 0.5 TrackId= 27
### New exotic particle produced: ldmphoton Ekin(GeV)= 1.19736 Mass(GeV)= 0.5 TrackId= 35
### New exotic particle produced: ldmphoton Ekin(GeV)= 2.43541 Mass(GeV)= 0.5 TrackId= 58
### New exotic particle produced: ldmphoton Ekin(GeV)= 1.98925 Mass(GeV)= 0.5 TrackId= 60
### New exotic particle produced: ldmphoton Ekin(GeV)= 30.891 Mass(GeV)= 0.5 TrackId= 71
### New exotic particle produced: ldmphoton Ekin(GeV)= 2.93706 Mass(GeV)= 0.5 TrackId= 6
### New exotic particle produced: ldmphoton Ekin(GeV)= 3.65342 Mass(GeV)= 0.5 TrackId= 12
### New exotic particle produced: ldmphoton Ekin(GeV)= 4.66278 Mass(GeV)= 0.5 TrackId= 44
### New exotic particle produced: ldmphoton Ekin(GeV)= 1.02491 Mass(GeV)= 0.5 TrackId= 45
### New exotic particle produced: ldmphoton Ekin(GeV)= 1.25768 Mass(GeV)= 0.5 TrackId= 63
### New exotic particle produced: ldmphoton Ekin(GeV)= 19.9967 Mass(GeV)= 0.5 TrackId= 72
### New exotic particle produced: ldmphoton Ekin(GeV)= 7.35715 Mass(GeV)= 0.5 TrackId= 32
### New exotic particle produced: ldmphoton Ekin(GeV)= 2.90589 Mass(GeV)= 0.5 TrackId= 34
### New exotic particle produced: ldmphoton Ekin(GeV)= 0.763531 Mass(GeV)= 0.5 TrackId= 49
### New exotic particle produced: ldmphoton Ekin(GeV)= 0.776464 Mass(GeV)= 0.5 TrackId= 54
### New exotic particle produced: ldmphoton Ekin(GeV)= 66.8124 Mass(GeV)= 0.5 TrackId= 72
--> Event 60 starts.
### New exotic particle produced: ldmphoton Ekin(GeV)= 31.2581 Mass(GeV)= 0.5 TrackId= 5
### New exotic particle produced: ldmphoton Ekin(GeV)= 2.00152 Mass(GeV)= 0.5 TrackId= 11
### New exotic particle produced: ldmphoton Ekin(GeV)= 1.35573 Mass(GeV)= 0.5 TrackId= 18
### New exotic particle produced: ldmphoton Ekin(GeV)= 10.5218 Mass(GeV)= 0.5 TrackId= 6
### New exotic particle produced: ldmphoton Ekin(GeV)= 58.7676 Mass(GeV)= 0.5 TrackId= 20
### New exotic particle produced: ldmphoton Ekin(GeV)= 3.07951 Mass(GeV)= 0.5 TrackId= 5
### New exotic particle produced: ldmphoton Ekin(GeV)= 0.646656 Mass(GeV)= 0.5 TrackId= 43
### New exotic particle produced: ldmphoton Ekin(GeV)= 8.18933 Mass(GeV)= 0.5 TrackId= 44
### New exotic particle produced: ldmphoton Ekin(GeV)= 1.30225 Mass(GeV)= 0.5 TrackId= 45
### New exotic particle produced: ldmphoton Ekin(GeV)= 1.40988 Mass(GeV)= 0.5 TrackId= 75
### New exotic particle produced: ldmphoton Ekin(GeV)= 1.3153 Mass(GeV)= 0.5 TrackId= 15
### New exotic particle produced: ldmphoton Ekin(GeV)= 1.14098 Mass(GeV)= 0.5 TrackId= 41
### New exotic particle produced: ldmphoton Ekin(GeV)= 3.39953 Mass(GeV)= 0.5 TrackId= 44
### New exotic particle produced: ldmphoton Ekin(GeV)= 2.92859 Mass(GeV)= 0.5 TrackId= 63
### New exotic particle produced: ldmphoton Ekin(GeV)= 0.608156 Mass(GeV)= 0.5 TrackId= 3
### New exotic particle produced: ldmphoton Ekin(GeV)= 7.34254 Mass(GeV)= 0.5 TrackId= 23
### New exotic particle produced: ldmphoton Ekin(GeV)= 4.0024 Mass(GeV)= 0.5 TrackId= 26
### New exotic particle produced: ldmphoton Ekin(GeV)= 3.83205 Mass(GeV)= 0.5 TrackId= 30
### New exotic particle produced: ldmphoton Ekin(GeV)= 1.08928 Mass(GeV)= 0.5 TrackId= 31
### New exotic particle produced: ldmphoton Ekin(GeV)= 1.02496 Mass(GeV)= 0.5 TrackId= 40
### New exotic particle produced: ldmphoton Ekin(GeV)= 1.46101 Mass(GeV)= 0.5 TrackId= 46
### New exotic particle produced: ldmphoton Ekin(GeV)= 1.27944 Mass(GeV)= 0.5 TrackId= 49
### New exotic particle produced: ldmphoton Ekin(GeV)= 1.04538 Mass(GeV)= 0.5 TrackId= 50
### New exotic particle produced: ldmphoton Ekin(GeV)= 6.14771 Mass(GeV)= 0.5 TrackId= 54
### New exotic particle produced: ldmphoton Ekin(GeV)= 1.23708 Mass(GeV)= 0.5 TrackId= 20
### New exotic particle produced: ldmphoton Ekin(GeV)= 9.80905 Mass(GeV)= 0.5 TrackId= 21
### New exotic particle produced: ldmphoton Ekin(GeV)= 2.94244 Mass(GeV)= 0.5 TrackId= 54
### New exotic particle produced: ldmphoton Ekin(GeV)= 0.852184 Mass(GeV)= 0.5 TrackId= 57
### New exotic particle produced: ldmphoton Ekin(GeV)= 7.67585 Mass(GeV)= 0.5 TrackId= 66
### New exotic particle produced: ldmphoton Ekin(GeV)= 2.68794 Mass(GeV)= 0.5 TrackId= 22
### New exotic particle produced: ldmphoton Ekin(GeV)= 24.688 Mass(GeV)= 0.5 TrackId= 23
### New exotic particle produced: ldmphoton Ekin(GeV)= 7.04318 Mass(GeV)= 0.5 TrackId= 70
### New exotic particle produced: ldmphoton Ekin(GeV)= 0.93653 Mass(GeV)= 0.5 TrackId= 78
### New exotic particle produced: ldmphoton Ekin(GeV)= 1.5638 Mass(GeV)= 0.5 TrackId= 2
### New exotic particle produced: ldmphoton Ekin(GeV)= 0.898988 Mass(GeV)= 0.5 TrackId= 6
### New exotic particle produced: ldmphoton Ekin(GeV)= 19.5926 Mass(GeV)= 0.5 TrackId= 13
### New exotic particle produced: ldmphoton Ekin(GeV)= 0.89031 Mass(GeV)= 0.5 TrackId= 14
### New exotic particle produced: ldmphoton Ekin(GeV)= 0.867311 Mass(GeV)= 0.5 TrackId= 16
### New exotic particle produced: ldmphoton Ekin(GeV)= 0.774819 Mass(GeV)= 0.5 TrackId= 20
### New exotic particle produced: ldmphoton Ekin(GeV)= 0.874717 Mass(GeV)= 0.5 TrackId= 40
### New exotic particle produced: ldmphoton Ekin(GeV)= 1.32171 Mass(GeV)= 0.5 TrackId= 51
### New exotic particle produced: ldmphoton Ekin(GeV)= 0.737791 Mass(GeV)= 0.5 TrackId= 75
### New exotic particle produced: ldmphoton Ekin(GeV)= 5.14724 Mass(GeV)= 0.5 TrackId= 14
### New exotic particle produced: ldmphoton Ekin(GeV)= 25.7101 Mass(GeV)= 0.5 TrackId= 31
### New exotic particle produced: ldmphoton Ekin(GeV)= 0.69652 Mass(GeV)= 0.5 TrackId= 37
### New exotic particle produced: ldmphoton Ekin(GeV)= 0.728208 Mass(GeV)= 0.5 TrackId= 39
### New exotic particle produced: ldmphoton Ekin(GeV)= 43.8032 Mass(GeV)= 0.5 TrackId= 40
### New exotic particle produced: ldmphoton Ekin(GeV)= 0.782471 Mass(GeV)= 0.5 TrackId= 4
### New exotic particle produced: ldmphoton Ekin(GeV)= 12.895 Mass(GeV)= 0.5 TrackId= 14
### New exotic particle produced: ldmphoton Ekin(GeV)= 50.0658 Mass(GeV)= 0.5 TrackId= 29
### New exotic particle produced: ldmphoton Ekin(GeV)= 0.681275 Mass(GeV)= 0.5 TrackId= 30
### New exotic particle produced: ldmphoton Ekin(GeV)= 0.882702 Mass(GeV)= 0.5 TrackId= 53
--> Event 70 starts.
### New exotic particle produced: ldmphoton Ekin(GeV)= 6.87628 Mass(GeV)= 0.5 TrackId= 9
### New exotic particle produced: ldmphoton Ekin(GeV)= 0.761029 Mass(GeV)= 0.5 TrackId= 16
### New exotic particle produced: ldmphoton Ekin(GeV)= 0.971683 Mass(GeV)= 0.5 TrackId= 17
### New exotic particle produced: ldmphoton Ekin(GeV)= 0.665611 Mass(GeV)= 0.5 TrackId= 20
### New exotic particle produced: ldmphoton Ekin(GeV)= 19.5603 Mass(GeV)= 0.5 TrackId= 26
### New exotic particle produced: ldmphoton Ekin(GeV)= 0.674701 Mass(GeV)= 0.5 TrackId= 44
### New exotic particle produced: ldmphoton Ekin(GeV)= 0.652108 Mass(GeV)= 0.5 TrackId= 66
### New exotic particle produced: ldmphoton Ekin(GeV)= 38.5583 Mass(GeV)= 0.5 TrackId= 70
### New exotic particle produced: ldmphoton Ekin(GeV)= 5.92507 Mass(GeV)= 0.5 TrackId= 3
### New exotic particle produced: ldmphoton Ekin(GeV)= 2.3584 Mass(GeV)= 0.5 TrackId= 22
### New exotic particle produced: ldmphoton Ekin(GeV)= 0.867356 Mass(GeV)= 0.5 TrackId= 33
### New exotic particle produced: ldmphoton Ekin(GeV)= 10.0097 Mass(GeV)= 0.5 TrackId= 37
### New exotic particle produced: ldmphoton Ekin(GeV)= 0.864198 Mass(GeV)= 0.5 TrackId= 48
### New exotic particle produced: ldmphoton Ekin(GeV)= 12.5564 Mass(GeV)= 0.5 TrackId= 50
### New exotic particle produced: ldmphoton Ekin(GeV)= 5.29113 Mass(GeV)= 0.5 TrackId= 83
### New exotic particle produced: ldmphoton Ekin(GeV)= 3.42419 Mass(GeV)= 0.5 TrackId= 4
### New exotic particle produced: ldmphoton Ekin(GeV)= 1.17626 Mass(GeV)= 0.5 TrackId= 12
### New exotic particle produced: ldmphoton Ekin(GeV)= 6.03287 Mass(GeV)= 0.5 TrackId= 31
### New exotic particle produced: ldmphoton Ekin(GeV)= 1.17355 Mass(GeV)= 0.5 TrackId= 41
### New exotic particle produced: ldmphoton Ekin(GeV)= 2.74916 Mass(GeV)= 0.5 TrackId= 62
### New exotic particle produced: ldmphoton Ekin(GeV)= 1.18938 Mass(GeV)= 0.5 TrackId= 63
### New exotic particle produced: ldmphoton Ekin(GeV)= 4.71425 Mass(GeV)= 0.5 TrackId= 5
### New exotic particle produced: ldmphoton Ekin(GeV)= 1.93661 Mass(GeV)= 0.5 TrackId= 45
### New exotic particle produced: ldmphoton Ekin(GeV)= 0.600518 Mass(GeV)= 0.5 TrackId= 52
### New exotic particle produced: ldmphoton Ekin(GeV)= 3.47945 Mass(GeV)= 0.5 TrackId= 70
### New exotic particle produced: ldmphoton Ekin(GeV)= 1.01889 Mass(GeV)= 0.5 TrackId= 4
### New exotic particle produced: ldmphoton Ekin(GeV)= 1.6163 Mass(GeV)= 0.5 TrackId= 10
### New exotic particle produced: ldmphoton Ekin(GeV)= 4.24046 Mass(GeV)= 0.5 TrackId= 11
### New exotic particle produced: ldmphoton Ekin(GeV)= 1.00353 Mass(GeV)= 0.5 TrackId= 21
### New exotic particle produced: ldmphoton Ekin(GeV)= 0.868712 Mass(GeV)= 0.5 TrackId= 23
### New exotic particle produced: ldmphoton Ekin(GeV)= 25.3276 Mass(GeV)= 0.5 TrackId= 26
### New exotic particle produced: ldmphoton Ekin(GeV)= 3.16528 Mass(GeV)= 0.5 TrackId= 27
### New exotic particle produced: ldmphoton Ekin(GeV)= 1.55504 Mass(GeV)= 0.5 TrackId= 42
### New exotic particle produced: ldmphoton Ekin(GeV)= 9.2056 Mass(GeV)= 0.5 TrackId= 48
### New exotic particle produced: ldmphoton Ekin(GeV)= 1.50448 Mass(GeV)= 0.5 TrackId= 51
### New exotic particle produced: ldmphoton Ekin(GeV)= 1.14374 Mass(GeV)= 0.5 TrackId= 52
### New exotic particle produced: ldmphoton Ekin(GeV)= 2.3887 Mass(GeV)= 0.5 TrackId= 5
### New exotic particle produced: ldmphoton Ekin(GeV)= 15.3931 Mass(GeV)= 0.5 TrackId= 13
### New exotic particle produced: ldmphoton Ekin(GeV)= 3.30238 Mass(GeV)= 0.5 TrackId= 32
### New exotic particle produced: ldmphoton Ekin(GeV)= 1.41651 Mass(GeV)= 0.5 TrackId= 38
### New exotic particle produced: ldmphoton Ekin(GeV)= 0.704089 Mass(GeV)= 0.5 TrackId= 63
### New exotic particle produced: ldmphoton Ekin(GeV)= 1.16836 Mass(GeV)= 0.5 TrackId= 27
### New exotic particle produced: ldmphoton Ekin(GeV)= 11.5778 Mass(GeV)= 0.5 TrackId= 31
### New exotic particle produced: ldmphoton Ekin(GeV)= 4.91002 Mass(GeV)= 0.5 TrackId= 36
### New exotic particle produced: ldmphoton Ekin(GeV)= 5.38754 Mass(GeV)= 0.5 TrackId= 39
### New exotic particle produced: ldmphoton Ekin(GeV)= 2.57788 Mass(GeV)= 0.5 TrackId= 51
### New exotic particle produced: ldmphoton Ekin(GeV)= 15.2623 Mass(GeV)= 0.5 TrackId= 55
### New exotic particle produced: ldmphoton Ekin(GeV)= 20.4294 Mass(GeV)= 0.5 TrackId= 71
### New exotic particle produced: ldmphoton Ekin(GeV)= 5.02211 Mass(GeV)= 0.5 TrackId= 76
### New exotic particle produced: ldmphoton Ekin(GeV)= 0.74414 Mass(GeV)= 0.5 TrackId= 77
### New exotic particle produced: ldmphoton Ekin(GeV)= 1.69791 Mass(GeV)= 0.5 TrackId= 33
### New exotic particle produced: ldmphoton Ekin(GeV)= 0.631548 Mass(GeV)= 0.5 TrackId= 35
### New exotic particle produced: ldmphoton Ekin(GeV)= 3.25027 Mass(GeV)= 0.5 TrackId= 38
### New exotic particle produced: ldmphoton Ekin(GeV)= 0.945184 Mass(GeV)= 0.5 TrackId= 44
### New exotic particle produced: ldmphoton Ekin(GeV)= 2.08237 Mass(GeV)= 0.5 TrackId= 47
### New exotic particle produced: ldmphoton Ekin(GeV)= 2.71696 Mass(GeV)= 0.5 TrackId= 8
### New exotic particle produced: ldmphoton Ekin(GeV)= 0.616093 Mass(GeV)= 0.5 TrackId= 50
### New exotic particle produced: ldmphoton Ekin(GeV)= 1.38531 Mass(GeV)= 0.5 TrackId= 56
### New exotic particle produced: ldmphoton Ekin(GeV)= 1.93717 Mass(GeV)= 0.5 TrackId= 77
### New exotic particle produced: ldmphoton Ekin(GeV)= 0.827416 Mass(GeV)= 0.5 TrackId= 42
### New exotic particle produced: ldmphoton Ekin(GeV)= 1.00591 Mass(GeV)= 0.5 TrackId= 51
### New exotic particle produced: ldmphoton Ekin(GeV)= 5.1515 Mass(GeV)= 0.5 TrackId= 54
### New exotic particle produced: ldmphoton Ekin(GeV)= 0.675466 Mass(GeV)= 0.5 TrackId= 58
### New exotic particle produced: ldmphoton Ekin(GeV)= 8.67283 Mass(GeV)= 0.5 TrackId= 66
### New exotic particle produced: ldmphoton Ekin(GeV)= 3.29407 Mass(GeV)= 0.5 TrackId= 70
### New exotic particle produced: ldmphoton Ekin(GeV)= 1.33105 Mass(GeV)= 0.5 TrackId= 77
--> Event 80 starts.
### New exotic particle produced: ldmphoton Ekin(GeV)= 1.49376 Mass(GeV)= 0.5 TrackId= 21
### New exotic particle produced: ldmphoton Ekin(GeV)= 4.37826 Mass(GeV)= 0.5 TrackId= 31
### New exotic particle produced: ldmphoton Ekin(GeV)= 3.91595 Mass(GeV)= 0.5 TrackId= 46
### New exotic particle produced: ldmphoton Ekin(GeV)= 3.21757 Mass(GeV)= 0.5 TrackId= 3
### New exotic particle produced: ldmphoton Ekin(GeV)= 1.52075 Mass(GeV)= 0.5 TrackId= 16
### New exotic particle produced: ldmphoton Ekin(GeV)= 2.50066 Mass(GeV)= 0.5 TrackId= 25
### New exotic particle produced: ldmphoton Ekin(GeV)= 1.68674 Mass(GeV)= 0.5 TrackId= 32
### New exotic particle produced: ldmphoton Ekin(GeV)= 0.968608 Mass(GeV)= 0.5 TrackId= 33
### New exotic particle produced: ldmphoton Ekin(GeV)= 12.3136 Mass(GeV)= 0.5 TrackId= 40
### New exotic particle produced: ldmphoton Ekin(GeV)= 2.42054 Mass(GeV)= 0.5 TrackId= 46
### New exotic particle produced: ldmphoton Ekin(GeV)= 2.87539 Mass(GeV)= 0.5 TrackId= 56
### New exotic particle produced: ldmphoton Ekin(GeV)= 1.52767 Mass(GeV)= 0.5 TrackId= 58
### New exotic particle produced: ldmphoton Ekin(GeV)= 1.77524 Mass(GeV)= 0.5 TrackId= 67
### New exotic particle produced: ldmphoton Ekin(GeV)= 1.35127 Mass(GeV)= 0.5 TrackId= 2
### New exotic particle produced: ldmphoton Ekin(GeV)= 2.08998 Mass(GeV)= 0.5 TrackId= 7
### New exotic particle produced: ldmphoton Ekin(GeV)= 6.11672 Mass(GeV)= 0.5 TrackId= 10
### New exotic particle produced: ldmphoton Ekin(GeV)= 0.843289 Mass(GeV)= 0.5 TrackId= 14
### New exotic particle produced: ldmphoton Ekin(GeV)= 1.24659 Mass(GeV)= 0.5 TrackId= 21
### New exotic particle produced: ldmphoton Ekin(GeV)= 0.830892 Mass(GeV)= 0.5 TrackId= 44
### New exotic particle produced: ldmphoton Ekin(GeV)= 3.1869 Mass(GeV)= 0.5 TrackId= 47
### New exotic particle produced: ldmphoton Ekin(GeV)= 2.07196 Mass(GeV)= 0.5 TrackId= 50
### New exotic particle produced: ldmphoton Ekin(GeV)= 1.02597 Mass(GeV)= 0.5 TrackId= 60
### New exotic particle produced: ldmphoton Ekin(GeV)= 58.6 Mass(GeV)= 0.5 TrackId= 62
### New exotic particle produced: ldmphoton Ekin(GeV)= 8.14191 Mass(GeV)= 0.5 TrackId= 30
### New exotic particle produced: ldmphoton Ekin(GeV)= 3.23704 Mass(GeV)= 0.5 TrackId= 31
### New exotic particle produced: ldmphoton Ekin(GeV)= 34.972 Mass(GeV)= 0.5 TrackId= 14
### New exotic particle produced: ldmphoton Ekin(GeV)= 3.22597 Mass(GeV)= 0.5 TrackId= 43
### New exotic particle produced: ldmphoton Ekin(GeV)= 5.19816 Mass(GeV)= 0.5 TrackId= 54
### New exotic particle produced: ldmphoton Ekin(GeV)= 32.4252 Mass(GeV)= 0.5 TrackId= 59
### New exotic particle produced: ldmphoton Ekin(GeV)= 1.87442 Mass(GeV)= 0.5 TrackId= 17
### New exotic particle produced: ldmphoton Ekin(GeV)= 1.14169 Mass(GeV)= 0.5 TrackId= 27
### New exotic particle produced: ldmphoton Ekin(GeV)= 2.7608 Mass(GeV)= 0.5 TrackId= 43
### New exotic particle produced: ldmphoton Ekin(GeV)= 1.42099 Mass(GeV)= 0.5 TrackId= 12
### New exotic particle produced: ldmphoton Ekin(GeV)= 0.645406 Mass(GeV)= 0.5 TrackId= 29
### New exotic particle produced: ldmphoton Ekin(GeV)= 1.4873 Mass(GeV)= 0.5 TrackId= 50
### New exotic particle produced: ldmphoton Ekin(GeV)= 3.76668 Mass(GeV)= 0.5 TrackId= 52
### New exotic particle produced: ldmphoton Ekin(GeV)= 1.45393 Mass(GeV)= 0.5 TrackId= 60
### New exotic particle produced: ldmphoton Ekin(GeV)= 2.50765 Mass(GeV)= 0.5 TrackId= 2
### New exotic particle produced: ldmphoton Ekin(GeV)= 1.41891 Mass(GeV)= 0.5 TrackId= 7
### New exotic particle produced: ldmphoton Ekin(GeV)= 0.613258 Mass(GeV)= 0.5 TrackId= 8
### New exotic particle produced: ldmphoton Ekin(GeV)= 2.13963 Mass(GeV)= 0.5 TrackId= 10
### New exotic particle produced: ldmphoton Ekin(GeV)= 1.8449 Mass(GeV)= 0.5 TrackId= 18
### New exotic particle produced: ldmphoton Ekin(GeV)= 4.98265 Mass(GeV)= 0.5 TrackId= 20
### New exotic particle produced: ldmphoton Ekin(GeV)= 48.5107 Mass(GeV)= 0.5 TrackId= 30
### New exotic particle produced: ldmphoton Ekin(GeV)= 24.0531 Mass(GeV)= 0.5 TrackId= 36
### New exotic particle produced: ldmphoton Ekin(GeV)= 0.724179 Mass(GeV)= 0.5 TrackId= 3
### New exotic particle produced: ldmphoton Ekin(GeV)= 2.01572 Mass(GeV)= 0.5 TrackId= 34
### New exotic particle produced: ldmphoton Ekin(GeV)= 2.91629 Mass(GeV)= 0.5 TrackId= 59
### New exotic particle produced: ldmphoton Ekin(GeV)= 6.0762 Mass(GeV)= 0.5 TrackId= 64
### New exotic particle produced: ldmphoton Ekin(GeV)= 2.74578 Mass(GeV)= 0.5 TrackId= 68
### New exotic particle produced: ldmphoton Ekin(GeV)= 4.04205 Mass(GeV)= 0.5 TrackId= 75
### New exotic particle produced: ldmphoton Ekin(GeV)= 4.86132 Mass(GeV)= 0.5 TrackId= 26
### New exotic particle produced: ldmphoton Ekin(GeV)= 8.95844 Mass(GeV)= 0.5 TrackId= 31
### New exotic particle produced: ldmphoton Ekin(GeV)= 1.16895 Mass(GeV)= 0.5 TrackId= 38
### New exotic particle produced: ldmphoton Ekin(GeV)= 1.42157 Mass(GeV)= 0.5 TrackId= 41
### New exotic particle produced: ldmphoton Ekin(GeV)= 0.850869 Mass(GeV)= 0.5 TrackId= 48
--> Event 90 starts.
### New exotic particle produced: ldmphoton Ekin(GeV)= 0.665597 Mass(GeV)= 0.5 TrackId= 4
### New exotic particle produced: ldmphoton Ekin(GeV)= 2.61932 Mass(GeV)= 0.5 TrackId= 10
### New exotic particle produced: ldmphoton Ekin(GeV)= 1.77728 Mass(GeV)= 0.5 TrackId= 25
### New exotic particle produced: ldmphoton Ekin(GeV)= 2.77535 Mass(GeV)= 0.5 TrackId= 44
### New exotic particle produced: ldmphoton Ekin(GeV)= 5.58179 Mass(GeV)= 0.5 TrackId= 56
### New exotic particle produced: ldmphoton Ekin(GeV)= 40.9172 Mass(GeV)= 0.5 TrackId= 65
### New exotic particle produced: ldmphoton Ekin(GeV)= 3.96538 Mass(GeV)= 0.5 TrackId= 12
### New exotic particle produced: ldmphoton Ekin(GeV)= 0.94406 Mass(GeV)= 0.5 TrackId= 15
### New exotic particle produced: ldmphoton Ekin(GeV)= 2.16022 Mass(GeV)= 0.5 TrackId= 43
### New exotic particle produced: ldmphoton Ekin(GeV)= 1.5806 Mass(GeV)= 0.5 TrackId= 82
### New exotic particle produced: ldmphoton Ekin(GeV)= 1.61226 Mass(GeV)= 0.5 TrackId= 3
### New exotic particle produced: ldmphoton Ekin(GeV)= 8.47979 Mass(GeV)= 0.5 TrackId= 15
### New exotic particle produced: ldmphoton Ekin(GeV)= 17.1095 Mass(GeV)= 0.5 TrackId= 16
### New exotic particle produced: ldmphoton Ekin(GeV)= 0.979999 Mass(GeV)= 0.5 TrackId= 46
### New exotic particle produced: ldmphoton Ekin(GeV)= 58.9781 Mass(GeV)= 0.5 TrackId= 3
### New exotic particle produced: ldmphoton Ekin(GeV)= 0.923107 Mass(GeV)= 0.5 TrackId= 21
### New exotic particle produced: ldmphoton Ekin(GeV)= 2.54751 Mass(GeV)= 0.5 TrackId= 44
### New exotic particle produced: ldmphoton Ekin(GeV)= 0.791559 Mass(GeV)= 0.5 TrackId= 50
### New exotic particle produced: ldmphoton Ekin(GeV)= 0.646699 Mass(GeV)= 0.5 TrackId= 63
### New exotic particle produced: ldmphoton Ekin(GeV)= 46.5831 Mass(GeV)= 0.5 TrackId= 10
### New exotic particle produced: ldmphoton Ekin(GeV)= 1.29577 Mass(GeV)= 0.5 TrackId= 19
### New exotic particle produced: ldmphoton Ekin(GeV)= 0.712865 Mass(GeV)= 0.5 TrackId= 34
### New exotic particle produced: ldmphoton Ekin(GeV)= 3.01443 Mass(GeV)= 0.5 TrackId= 22
### New exotic particle produced: ldmphoton Ekin(GeV)= 5.00929 Mass(GeV)= 0.5 TrackId= 88
### New exotic particle produced: ldmphoton Ekin(GeV)= 3.2244 Mass(GeV)= 0.5 TrackId= 10
### New exotic particle produced: ldmphoton Ekin(GeV)= 0.904954 Mass(GeV)= 0.5 TrackId= 37
### New exotic particle produced: ldmphoton Ekin(GeV)= 5.20199 Mass(GeV)= 0.5 TrackId= 45
### New exotic particle produced: ldmphoton Ekin(GeV)= 1.95459 Mass(GeV)= 0.5 TrackId= 68
### New exotic particle produced: ldmphoton Ekin(GeV)= 0.824199 Mass(GeV)= 0.5 TrackId= 79
### New exotic particle produced: ldmphoton Ekin(GeV)= 5.55474 Mass(GeV)= 0.5 TrackId= 5
### New exotic particle produced: ldmphoton Ekin(GeV)= 0.688907 Mass(GeV)= 0.5 TrackId= 10
### New exotic particle produced: ldmphoton Ekin(GeV)= 1.68628 Mass(GeV)= 0.5 TrackId= 14
### New exotic particle produced: ldmphoton Ekin(GeV)= 2.70956 Mass(GeV)= 0.5 TrackId= 20
### New exotic particle produced: ldmphoton Ekin(GeV)= 1.04167 Mass(GeV)= 0.5 TrackId= 24
### New exotic particle produced: ldmphoton Ekin(GeV)= 3.19763 Mass(GeV)= 0.5 TrackId= 33
### New exotic particle produced: ldmphoton Ekin(GeV)= 4.10562 Mass(GeV)= 0.5 TrackId= 41
### New exotic particle produced: ldmphoton Ekin(GeV)= 3.23262 Mass(GeV)= 0.5 TrackId= 53
### New exotic particle produced: ldmphoton Ekin(GeV)= 1.62735 Mass(GeV)= 0.5 TrackId= 56
### New exotic particle produced: ldmphoton Ekin(GeV)= 0.872158 Mass(GeV)= 0.5 TrackId= 69
### New exotic particle produced: ldmphoton Ekin(GeV)= 2.39453 Mass(GeV)= 0.5 TrackId= 11
### New exotic particle produced: ldmphoton Ekin(GeV)= 3.09118 Mass(GeV)= 0.5 TrackId= 12
### New exotic particle produced: ldmphoton Ekin(GeV)= 6.19477 Mass(GeV)= 0.5 TrackId= 20
### New exotic particle produced: ldmphoton Ekin(GeV)= 0.770217 Mass(GeV)= 0.5 TrackId= 21
### New exotic particle produced: ldmphoton Ekin(GeV)= 0.811121 Mass(GeV)= 0.5 TrackId= 36
### New exotic particle produced: ldmphoton Ekin(GeV)= 1.78711 Mass(GeV)= 0.5 TrackId= 44
### New exotic particle produced: ldmphoton Ekin(GeV)= 4.1312 Mass(GeV)= 0.5 TrackId= 48
### New exotic particle produced: ldmphoton Ekin(GeV)= 1.15496 Mass(GeV)= 0.5 TrackId= 64
### New exotic particle produced: ldmphoton Ekin(GeV)= 17.6296 Mass(GeV)= 0.5 TrackId= 68
### New exotic particle produced: ldmphoton Ekin(GeV)= 1.57295 Mass(GeV)= 0.5 TrackId= 2
### New exotic particle produced: ldmphoton Ekin(GeV)= 1.25302 Mass(GeV)= 0.5 TrackId= 19
### New exotic particle produced: ldmphoton Ekin(GeV)= 12.9888 Mass(GeV)= 0.5 TrackId= 31
### New exotic particle produced: ldmphoton Ekin(GeV)= 0.935395 Mass(GeV)= 0.5 TrackId= 44
### New exotic particle produced: ldmphoton Ekin(GeV)= 6.2321 Mass(GeV)= 0.5 TrackId= 55
### New exotic particle produced: ldmphoton Ekin(GeV)= 1.86564 Mass(GeV)= 0.5 TrackId= 60
### New exotic particle produced: ldmphoton Ekin(GeV)= 4.13195 Mass(GeV)= 0.5 TrackId= 74
 Run terminated.
Run Summary
  Number of events processed : 100
  User=0.490000s Real=0.520546s Sys=0.000000s
RunAction: End of run actions are started 1  Nevt=  100  Edep= 3704.58
 ====================================================
   Beam Particle: proton
   Ekin(GeV)    = 100
   Z(mm)        = -779.999
 ================== run summary =====================
   End of Run TotNbofEvents    = 100

   Mean energy deposit in absorber = 3.7046 +- 0.022597 GeV    RMS/Emean = 0.060997
   Mean number of steps in absorber= 85.81

 ================== run end ==========================
... write file : dmp.root - done
... write file : dmp.root - done
... close file : dmp.root - done
0 events have been kept for refreshing and/or reviewing.
  "/vis/reviewKeptEvents" to review them one by one.
  "/vis/enable", then "/vis/viewer/flush" or "/vis/viewer/rebuild" to see them accumulated.
Graphics systems deleted.
Visualization Manager deleting...
G4 kernel has come to Quit state.
================== Deleting memory pools ===================
Number of memory pools allocated: 10 of which, static: 0
Dynamic pools deleted: 10 / Total memory freed: 0.068 MB
============================================================
RunManagerKernel is deleted. Good bye :)
