
        ############################################
        !!! WARNING - FPE detection is activated !!!
        ############################################

**************************************************************
 Geant4 version Name: geant4-10-05-ref-10 [MT]   (31-October-2019)
  << in Multi-threaded mode >> 
                       Copyright : Geant4 Collaboration
                      References : NIM A 506 (2003), 250-303
                                 : IEEE-TNS 53 (2006), 270-278
                                 : NIM A 835 (2016), 186-225
                             WWW : http://geant4.org/
**************************************************************

##### Hadr00 started for 2 threads #####
G4PhysListFactory::GetReferencePhysList <FTFP_BERT>  EMoption= 0
<<< Geant4 Physics List simulation engine: FTFP_BERT

<<< Reference Physics List FTFP_BERT is built

/run/verbose 1
/tracking/verbose 0
/testhadr/TargetMat G4_Al
/testhadr/targetElm Al
/testhadr/TargetRadius 1 cm
/testhadr/TargetLength 10 cm
/run/printProgress 10
/run/initialize
### Target consist of G4_Al disks with R(mm)= 10  fLength(mm)= 100  ###

***** Table : Nb of materials = 2 *****

 Material:    G4_Al    density:  2.699 g/cm3   RadL:   8.896 cm   Nucl.Int.Length:  38.894 cm 
                       Imean: 166.000 eV   temperature: 293.15 K  pressure:   1.00 atm

   --->  Element: Al (Al)   Z = 13.0   N =    27   A = 26.982 g/mole
         --->  Isotope:  Al27   Z = 13   N =  27   A =  26.98 g/mole   abundance: 100.000 %
          ElmMassFraction: 100.00 %  ElmAbundance 100.00 % 


 Material: G4_Galactic    density:  0.000 kg/m3   RadL: 204310101.835 pc   Nucl.Int.Length: 113427275.267 pc 
                       Imean:  21.800 eV   temperature:   2.73 K  pressure:   0.00 atm

   --->  Element: H (H)   Z =  1.0   N =     1   A =  1.008 g/mole
         --->  Isotope:    H1   Z =  1   N =   1   A =   1.01 g/mole   abundance: 99.989 %
         --->  Isotope:    H2   Z =  1   N =   2   A =   2.01 g/mole   abundance:  0.011 %
          ElmMassFraction: 100.00 %  ElmAbundance 100.00 % 




 FTFP_BERT : new threshold between BERT and FTFP is over the interval 
 for pions :   3 to 6 GeV
 for kaons :   3 to 6 GeV
 for proton :  3 to 6 GeV
 for neutron : 3 to 6 GeV

### Adding tracking cuts for neutron  TimeCut(ns)= 10000  KinEnergyCut(MeV)= 0
/run/physicsModified

phot:  for gamma SubType=12 BuildTable=0
      LambdaPrime table from 200 keV to 100 TeV in 61 bins 
      ===== EM models for the G4Region  DefaultRegionForTheWorld ======
 LivermorePhElectric : Emin=    0 eV  Emax=  100 TeV  SauterGavrila Fluo

compt:  for gamma SubType=13 BuildTable=1
      Lambda table from 100 eV  to 1 MeV, 7 bins/decade, spline: 1
      LambdaPrime table from 1 MeV to 100 TeV in 56 bins 
      ===== EM models for the G4Region  DefaultRegionForTheWorld ======
       Klein-Nishina : Emin=    0 eV  Emax=  100 TeV

conv:  for gamma SubType=14 BuildTable=1
      Lambda table from 1.022 MeV to 100 TeV, 18 bins/decade, spline: 1
      ===== EM models for the G4Region  DefaultRegionForTheWorld ======
     BetheHeitlerLPM : Emin=    0 eV  Emax=  100 TeV  ModifiedTsai

Rayl:  for gamma SubType=11 BuildTable=1
      Lambda table from 100 eV  to 100 keV, 7 bins/decade, spline: 0
      LambdaPrime table from 100 keV to 100 TeV in 63 bins 
      ===== EM models for the G4Region  DefaultRegionForTheWorld ======
   LivermoreRayleigh : Emin=    0 eV  Emax=  100 TeV  CullenGenerator

msc:  for e-  SubType= 10
      RangeFactor= 0.04, stepLimType: 1, latDisp: 1
      ===== EM models for the G4Region  DefaultRegionForTheWorld ======
            UrbanMsc : Emin=    0 eV  Emax=  100 MeV Nbins=42 100 eV  - 100 MeV
        WentzelVIUni : Emin=  100 MeV Emax=  100 TeV Nbins=42 100 MeV - 100 TeV

eIoni:  for e-  SubType=2
      dE/dx and range tables from 100 eV  to 100 TeV in 84 bins
      Lambda tables from threshold to 100 TeV, 7 bins/decade, spline: 1
      StepFunction=(0.2, 1 mm), integ: 1, fluct: 1, linLossLim= 0.01
      ===== EM models for the G4Region  DefaultRegionForTheWorld ======
        MollerBhabha : Emin=    0 eV  Emax=  100 TeV

eBrem:  for e-  SubType=3
      dE/dx and range tables from 100 eV  to 100 TeV in 84 bins
      Lambda tables from threshold to 100 TeV, 7 bins/decade, spline: 1
      LPM flag: 1 for E > 1 GeV,  VertexHighEnergyTh(GeV)= 100000
      ===== EM models for the G4Region  DefaultRegionForTheWorld ======
             eBremSB : Emin=    0 eV  Emax=    1 GeV  ModifiedTsai
            eBremLPM : Emin=    1 GeV Emax=  100 TeV  ModifiedTsai

CoulombScat:  for e-, integral:1  SubType=1 BuildTable=1
      Lambda table from 100 MeV to 100 TeV, 7 bins/decade, spline: 1
      ThetaMin(p) < Theta(degree) < 180; pLimit(GeV^1)= 0.139531
      ===== EM models for the G4Region  DefaultRegionForTheWorld ======
  eCoulombScattering : Emin=  100 MeV Emax=  100 TeV

msc:  for e+  SubType= 10
      RangeFactor= 0.04, stepLimType: 1, latDisp: 1
      ===== EM models for the G4Region  DefaultRegionForTheWorld ======
            UrbanMsc : Emin=    0 eV  Emax=  100 MeV Nbins=42 100 eV  - 100 MeV
        WentzelVIUni : Emin=  100 MeV Emax=  100 TeV Nbins=42 100 MeV - 100 TeV

eIoni:  for e+  SubType=2
      dE/dx and range tables from 100 eV  to 100 TeV in 84 bins
      Lambda tables from threshold to 100 TeV, 7 bins/decade, spline: 1
      StepFunction=(0.2, 1 mm), integ: 1, fluct: 1, linLossLim= 0.01
      ===== EM models for the G4Region  DefaultRegionForTheWorld ======
        MollerBhabha : Emin=    0 eV  Emax=  100 TeV

eBrem:  for e+  SubType=3
      dE/dx and range tables from 100 eV  to 100 TeV in 84 bins
      Lambda tables from threshold to 100 TeV, 7 bins/decade, spline: 1
      LPM flag: 1 for E > 1 GeV,  VertexHighEnergyTh(GeV)= 100000
      ===== EM models for the G4Region  DefaultRegionForTheWorld ======
             eBremSB : Emin=    0 eV  Emax=    1 GeV  ModifiedTsai
            eBremLPM : Emin=    1 GeV Emax=  100 TeV  ModifiedTsai

annihil:  for e+, integral:1  SubType=5 BuildTable=0
      ===== EM models for the G4Region  DefaultRegionForTheWorld ======
            eplus2gg : Emin=    0 eV  Emax=  100 TeV

CoulombScat:  for e+, integral:1  SubType=1 BuildTable=1
      Lambda table from 100 MeV to 100 TeV, 7 bins/decade, spline: 1
      ThetaMin(p) < Theta(degree) < 180; pLimit(GeV^1)= 0.139531
      ===== EM models for the G4Region  DefaultRegionForTheWorld ======
  eCoulombScattering : Emin=  100 MeV Emax=  100 TeV

msc:  for proton  SubType= 10
      RangeFactor= 0.2, stepLimType: 0, latDisp: 0
      ===== EM models for the G4Region  DefaultRegionForTheWorld ======
        WentzelVIUni : Emin=    0 eV  Emax=  100 TeV Nbins=84 100 eV  - 100 TeV

hIoni:  for proton  SubType=2
      dE/dx and range tables from 100 eV  to 100 TeV in 84 bins
      Lambda tables from threshold to 100 TeV, 7 bins/decade, spline: 1
      StepFunction=(0.2, 0.1 mm), integ: 1, fluct: 1, linLossLim= 0.01
      ===== EM models for the G4Region  DefaultRegionForTheWorld ======
               Bragg : Emin=    0 eV  Emax=    2 MeV
          BetheBloch : Emin=    2 MeV Emax=  100 TeV

hBrems:  for proton  SubType=3
      dE/dx and range tables from 100 eV  to 100 TeV in 84 bins
      Lambda tables from threshold to 100 TeV, 7 bins/decade, spline: 1
      ===== EM models for the G4Region  DefaultRegionForTheWorld ======
               hBrem : Emin=    0 eV  Emax=  100 TeV

hPairProd:  for proton  SubType=4
      dE/dx and range tables from 100 eV  to 100 TeV in 84 bins
      Lambda tables from threshold to 100 TeV, 7 bins/decade, spline: 1
      Sampling table 17x1001; from 7.50618 GeV to 100 TeV 
      ===== EM models for the G4Region  DefaultRegionForTheWorld ======
           hPairProd : Emin=    0 eV  Emax=  100 TeV

CoulombScat:  for proton, integral:1  SubType=1 BuildTable=1
      Lambda table from threshold  to 100 TeV, 7 bins/decade, spline: 1
      ThetaMin(p) < Theta(degree) < 180; pLimit(GeV^1)= 0.139531
      ===== EM models for the G4Region  DefaultRegionForTheWorld ======
  eCoulombScattering : Emin=    0 eV  Emax=  100 TeV

msc:  for GenericIon  SubType= 10
      RangeFactor= 0.2, stepLimType: 0, latDisp: 0
      ===== EM models for the G4Region  DefaultRegionForTheWorld ======
            UrbanMsc : Emin=    0 eV  Emax=  100 TeV

ionIoni:  for GenericIon  SubType=2
      dE/dx and range tables from 100 eV  to 100 TeV in 84 bins
      Lambda tables from threshold to 100 TeV, 7 bins/decade, spline: 1
      StepFunction=(0.2, 0.1 mm), integ: 1, fluct: 1, linLossLim= 0.02
      Stopping Power data for 17 ion/material pairs
      ===== EM models for the G4Region  DefaultRegionForTheWorld ======
            BraggIon : Emin=    0 eV  Emax=    2 MeV
          BetheBloch : Emin=    2 MeV Emax=  100 TeV

msc:  for alpha  SubType= 10
      RangeFactor= 0.2, stepLimType: 0, latDisp: 0
      ===== EM models for the G4Region  DefaultRegionForTheWorld ======
            UrbanMsc : Emin=    0 eV  Emax=  100 TeV Nbins=84 100 eV  - 100 TeV

ionIoni:  for alpha  SubType=2
      dE/dx and range tables from 100 eV  to 100 TeV in 84 bins
      Lambda tables from threshold to 100 TeV, 7 bins/decade, spline: 1
      StepFunction=(0.2, 0.1 mm), integ: 1, fluct: 1, linLossLim= 0.02
      ===== EM models for the G4Region  DefaultRegionForTheWorld ======
            BraggIon : Emin=    0 eV  Emax=7.9452 MeV
          BetheBloch : Emin=7.9452 MeV Emax=  100 TeV

msc:  for anti_proton  SubType= 10
      RangeFactor= 0.2, stepLimType: 0, latDisp: 0
      ===== EM models for the G4Region  DefaultRegionForTheWorld ======
        WentzelVIUni : Emin=    0 eV  Emax=  100 TeV Nbins=84 100 eV  - 100 TeV

hIoni:  for anti_proton  SubType=2
      dE/dx and range tables from 100 eV  to 100 TeV in 84 bins
      Lambda tables from threshold to 100 TeV, 7 bins/decade, spline: 1
      StepFunction=(0.2, 0.1 mm), integ: 1, fluct: 1, linLossLim= 0.01
      ===== EM models for the G4Region  DefaultRegionForTheWorld ======
            ICRU73QO : Emin=    0 eV  Emax=    2 MeV
          BetheBloch : Emin=    2 MeV Emax=  100 TeV

hBrems:  for anti_proton  SubType=3
      dE/dx and range tables from 100 eV  to 100 TeV in 84 bins
      Lambda tables from threshold to 100 TeV, 7 bins/decade, spline: 1
      ===== EM models for the G4Region  DefaultRegionForTheWorld ======
               hBrem : Emin=    0 eV  Emax=  100 TeV

hPairProd:  for anti_proton  SubType=4
      dE/dx and range tables from 100 eV  to 100 TeV in 84 bins
      Lambda tables from threshold to 100 TeV, 7 bins/decade, spline: 1
      Sampling table 17x1001; from 7.50618 GeV to 100 TeV 
      ===== EM models for the G4Region  DefaultRegionForTheWorld ======
           hPairProd : Emin=    0 eV  Emax=  100 TeV

CoulombScat:  for anti_proton, integral:1  SubType=1 BuildTable=1
      Lambda table from threshold  to 100 TeV, 7 bins/decade, spline: 1
      ThetaMin(p) < Theta(degree) < 180; pLimit(GeV^1)= 0.139531
      ===== EM models for the G4Region  DefaultRegionForTheWorld ======
  eCoulombScattering : Emin=    0 eV  Emax=  100 TeV

msc:  for kaon+  SubType= 10
      RangeFactor= 0.2, stepLimType: 0, latDisp: 0
      ===== EM models for the G4Region  DefaultRegionForTheWorld ======
        WentzelVIUni : Emin=    0 eV  Emax=  100 TeV Nbins=84 100 eV  - 100 TeV

hIoni:  for kaon+  SubType=2
      dE/dx and range tables from 100 eV  to 100 TeV in 84 bins
      Lambda tables from threshold to 100 TeV, 7 bins/decade, spline: 1
      StepFunction=(0.2, 0.1 mm), integ: 1, fluct: 1, linLossLim= 0.01
      ===== EM models for the G4Region  DefaultRegionForTheWorld ======
               Bragg : Emin=    0 eV  Emax=1.05231 MeV
          BetheBloch : Emin=1.05231 MeV Emax=  100 TeV

hBrems:  for kaon+  SubType=3
      dE/dx and range tables from 100 eV  to 100 TeV in 84 bins
      Lambda tables from threshold to 100 TeV, 7 bins/decade, spline: 1
      ===== EM models for the G4Region  DefaultRegionForTheWorld ======
               hBrem : Emin=    0 eV  Emax=  100 TeV

hPairProd:  for kaon+  SubType=4
      dE/dx and range tables from 100 eV  to 100 TeV in 84 bins
      Lambda tables from threshold to 100 TeV, 7 bins/decade, spline: 1
      Sampling table 18x1001; from 3.94942 GeV to 100 TeV 
      ===== EM models for the G4Region  DefaultRegionForTheWorld ======
           hPairProd : Emin=    0 eV  Emax=  100 TeV

CoulombScat:  for kaon+, integral:1  SubType=1 BuildTable=1
      Lambda table from threshold  to 100 TeV, 7 bins/decade, spline: 1
      ThetaMin(p) < Theta(degree) < 180; pLimit(GeV^1)= 0.139531
      ===== EM models for the G4Region  DefaultRegionForTheWorld ======
  eCoulombScattering : Emin=    0 eV  Emax=  100 TeV

msc:  for kaon-  SubType= 10
      RangeFactor= 0.2, stepLimType: 0, latDisp: 0
      ===== EM models for the G4Region  DefaultRegionForTheWorld ======
        WentzelVIUni : Emin=    0 eV  Emax=  100 TeV Nbins=84 100 eV  - 100 TeV

hIoni:  for kaon-  SubType=2
      dE/dx and range tables from 100 eV  to 100 TeV in 84 bins
      Lambda tables from threshold to 100 TeV, 7 bins/decade, spline: 1
      StepFunction=(0.2, 0.1 mm), integ: 1, fluct: 1, linLossLim= 0.01
      ===== EM models for the G4Region  DefaultRegionForTheWorld ======
            ICRU73QO : Emin=    0 eV  Emax=1.05231 MeV
          BetheBloch : Emin=1.05231 MeV Emax=  100 TeV

hBrems:  for kaon-  SubType=3
      dE/dx and range tables from 100 eV  to 100 TeV in 84 bins
      Lambda tables from threshold to 100 TeV, 7 bins/decade, spline: 1
      ===== EM models for the G4Region  DefaultRegionForTheWorld ======
               hBrem : Emin=    0 eV  Emax=  100 TeV

hPairProd:  for kaon-  SubType=4
      dE/dx and range tables from 100 eV  to 100 TeV in 84 bins
      Lambda tables from threshold to 100 TeV, 7 bins/decade, spline: 1
      Sampling table 18x1001; from 3.94942 GeV to 100 TeV 
      ===== EM models for the G4Region  DefaultRegionForTheWorld ======
           hPairProd : Emin=    0 eV  Emax=  100 TeV

CoulombScat:  for kaon-, integral:1  SubType=1 BuildTable=1
      Used Lambda table of kaon+
      ThetaMin(p) < Theta(degree) < 180; pLimit(GeV^1)= 0.139531
      ===== EM models for the G4Region  DefaultRegionForTheWorld ======
  eCoulombScattering : Emin=    0 eV  Emax=  100 TeV

msc:  for mu+  SubType= 10
      RangeFactor= 0.2, stepLimType: 0, latDisp: 0, polarAngLim(deg)= 180
      ===== EM models for the G4Region  DefaultRegionForTheWorld ======
        WentzelVIUni : Emin=    0 eV  Emax=  100 TeV Nbins=84 100 eV  - 100 TeV

muIoni:  for mu+  SubType=2
      dE/dx and range tables from 100 eV  to 100 TeV in 84 bins
      Lambda tables from threshold to 100 TeV, 7 bins/decade, spline: 1
      StepFunction=(0.2, 0.1 mm), integ: 1, fluct: 1, linLossLim= 0.01
      ===== EM models for the G4Region  DefaultRegionForTheWorld ======
               Bragg : Emin=    0 eV  Emax=  200 keV
          BetheBloch : Emin=  200 keV Emax=    1 GeV
        MuBetheBloch : Emin=    1 GeV Emax=  100 TeV

muBrems:  for mu+  SubType=3
      dE/dx and range tables from 100 eV  to 100 TeV in 84 bins
      Lambda tables from threshold to 100 TeV, 7 bins/decade, spline: 1
      ===== EM models for the G4Region  DefaultRegionForTheWorld ======
              MuBrem : Emin=    0 eV  Emax=  100 TeV

muPairProd:  for mu+  SubType=4
      dE/dx and range tables from 100 eV  to 100 TeV in 84 bins
      Lambda tables from threshold to 100 TeV, 7 bins/decade, spline: 1
      Sampling table 21x1001; from 1 GeV to 100 TeV 
      ===== EM models for the G4Region  DefaultRegionForTheWorld ======
          muPairProd : Emin=    0 eV  Emax=  100 TeV

CoulombScat:  for mu+, integral:1  SubType=1 BuildTable=1
      Lambda table from threshold  to 100 TeV, 7 bins/decade, spline: 1
      ThetaMin(p) < Theta(degree) < 180; pLimit(GeV^1)= 0.139531
      ===== EM models for the G4Region  DefaultRegionForTheWorld ======
  eCoulombScattering : Emin=    0 eV  Emax=  100 TeV

msc:  for mu-  SubType= 10
      RangeFactor= 0.2, stepLimType: 0, latDisp: 0, polarAngLim(deg)= 180
      ===== EM models for the G4Region  DefaultRegionForTheWorld ======
        WentzelVIUni : Emin=    0 eV  Emax=  100 TeV Nbins=84 100 eV  - 100 TeV

muIoni:  for mu-  SubType=2
      dE/dx and range tables from 100 eV  to 100 TeV in 84 bins
      Lambda tables from threshold to 100 TeV, 7 bins/decade, spline: 1
      StepFunction=(0.2, 0.1 mm), integ: 1, fluct: 1, linLossLim= 0.01
      ===== EM models for the G4Region  DefaultRegionForTheWorld ======
            ICRU73QO : Emin=    0 eV  Emax=  200 keV
          BetheBloch : Emin=  200 keV Emax=    1 GeV
        MuBetheBloch : Emin=    1 GeV Emax=  100 TeV

muBrems:  for mu-  SubType=3
      dE/dx and range tables from 100 eV  to 100 TeV in 84 bins
      Lambda tables from threshold to 100 TeV, 7 bins/decade, spline: 1
      ===== EM models for the G4Region  DefaultRegionForTheWorld ======
              MuBrem : Emin=    0 eV  Emax=  100 TeV

muPairProd:  for mu-  SubType=4
      dE/dx and range tables from 100 eV  to 100 TeV in 84 bins
      Lambda tables from threshold to 100 TeV, 7 bins/decade, spline: 1
      Sampling table 21x1001; from 1 GeV to 100 TeV 
      ===== EM models for the G4Region  DefaultRegionForTheWorld ======
          muPairProd : Emin=    0 eV  Emax=  100 TeV

CoulombScat:  for mu-, integral:1  SubType=1 BuildTable=1
      Used Lambda table of mu+
      ThetaMin(p) < Theta(degree) < 180; pLimit(GeV^1)= 0.139531
      ===== EM models for the G4Region  DefaultRegionForTheWorld ======
  eCoulombScattering : Emin=    0 eV  Emax=  100 TeV

msc:  for pi+  SubType= 10
      RangeFactor= 0.2, stepLimType: 0, latDisp: 0
      ===== EM models for the G4Region  DefaultRegionForTheWorld ======
        WentzelVIUni : Emin=    0 eV  Emax=  100 TeV Nbins=84 100 eV  - 100 TeV

hIoni:  for pi+  SubType=2
      dE/dx and range tables from 100 eV  to 100 TeV in 84 bins
      Lambda tables from threshold to 100 TeV, 7 bins/decade, spline: 1
      StepFunction=(0.2, 0.1 mm), integ: 1, fluct: 1, linLossLim= 0.01
      ===== EM models for the G4Region  DefaultRegionForTheWorld ======
               Bragg : Emin=    0 eV  Emax=297.505 keV
          BetheBloch : Emin=297.505 keV Emax=  100 TeV

hBrems:  for pi+  SubType=3
      dE/dx and range tables from 100 eV  to 100 TeV in 84 bins
      Lambda tables from threshold to 100 TeV, 7 bins/decade, spline: 1
      ===== EM models for the G4Region  DefaultRegionForTheWorld ======
               hBrem : Emin=    0 eV  Emax=  100 TeV

hPairProd:  for pi+  SubType=4
      dE/dx and range tables from 100 eV  to 100 TeV in 84 bins
      Lambda tables from threshold to 100 TeV, 7 bins/decade, spline: 1
      Sampling table 20x1001; from 1.11656 GeV to 100 TeV 
      ===== EM models for the G4Region  DefaultRegionForTheWorld ======
           hPairProd : Emin=    0 eV  Emax=  100 TeV

CoulombScat:  for pi+, integral:1  SubType=1 BuildTable=1
      Lambda table from threshold  to 100 TeV, 7 bins/decade, spline: 1
      ThetaMin(p) < Theta(degree) < 180; pLimit(GeV^1)= 0.139531
      ===== EM models for the G4Region  DefaultRegionForTheWorld ======
  eCoulombScattering : Emin=    0 eV  Emax=  100 TeV

msc:  for pi-  SubType= 10
      RangeFactor= 0.2, stepLimType: 0, latDisp: 0
      ===== EM models for the G4Region  DefaultRegionForTheWorld ======
        WentzelVIUni : Emin=    0 eV  Emax=  100 TeV Nbins=84 100 eV  - 100 TeV

hIoni:  for pi-  SubType=2
      dE/dx and range tables from 100 eV  to 100 TeV in 84 bins
      Lambda tables from threshold to 100 TeV, 7 bins/decade, spline: 1
      StepFunction=(0.2, 0.1 mm), integ: 1, fluct: 1, linLossLim= 0.01
      ===== EM models for the G4Region  DefaultRegionForTheWorld ======
            ICRU73QO : Emin=    0 eV  Emax=297.505 keV
          BetheBloch : Emin=297.505 keV Emax=  100 TeV

hBrems:  for pi-  SubType=3
      dE/dx and range tables from 100 eV  to 100 TeV in 84 bins
      Lambda tables from threshold to 100 TeV, 7 bins/decade, spline: 1
      ===== EM models for the G4Region  DefaultRegionForTheWorld ======
               hBrem : Emin=    0 eV  Emax=  100 TeV

hPairProd:  for pi-  SubType=4
      dE/dx and range tables from 100 eV  to 100 TeV in 84 bins
      Lambda tables from threshold to 100 TeV, 7 bins/decade, spline: 1
      Sampling table 20x1001; from 1.11656 GeV to 100 TeV 
      ===== EM models for the G4Region  DefaultRegionForTheWorld ======
           hPairProd : Emin=    0 eV  Emax=  100 TeV

CoulombScat:  for pi-, integral:1  SubType=1 BuildTable=1
      Used Lambda table of pi+
      ThetaMin(p) < Theta(degree) < 180; pLimit(GeV^1)= 0.139531
      ===== EM models for the G4Region  DefaultRegionForTheWorld ======
  eCoulombScattering : Emin=    0 eV  Emax=  100 TeV

====================================================================
                  HADRONIC PROCESSES SUMMARY (verbose level 1)

---------------------------------------------------
                           Hadronic Processes for neutron

  Process: hadElastic
        Model:             hElasticCHIPS: 0 eV  ---> 100 TeV
     Cr_sctns:        G4NeutronElasticXS: 0 eV  ---> 100 TeV

  Process: neutronInelastic
        Model:                      FTFP: 3 GeV ---> 100 TeV
        Model:            BertiniCascade: 0 eV  ---> 6 GeV
     Cr_sctns:      G4NeutronInelasticXS: 0 eV  ---> 100 TeV

  Process: nCapture
        Model:               nRadCapture: 0 eV  ---> 100 TeV
     Cr_sctns:        G4NeutronCaptureXS: 0 eV  ---> 100 TeV

  Process: nKiller

---------------------------------------------------
                           Hadronic Processes for GenericIon

  Process: ionInelastic
        Model:  Binary Light Ion Cascade: 0 eV /n ---> 6 GeV/n
        Model:                      FTFP: 3 GeV/n ---> 100 TeV/n
     Cr_sctns:  Glauber-Gribov Nucl-nucl: 0 eV  ---> 100 TeV

---------------------------------------------------
                           Hadronic Processes for He3

  Process: hadElastic
        Model:              hElasticLHEP: 0 eV /n ---> 100 TeV/n
     Cr_sctns:  Glauber-Gribov Nucl-nucl: 0 eV  ---> 100 TeV

  Process: He3Inelastic
        Model:  Binary Light Ion Cascade: 0 eV /n ---> 6 GeV/n
        Model:                      FTFP: 3 GeV/n ---> 100 TeV/n
     Cr_sctns:  Glauber-Gribov Nucl-nucl: 0 eV  ---> 100 TeV

---------------------------------------------------
                           Hadronic Processes for alpha

  Process: hadElastic
        Model:              hElasticLHEP: 0 eV /n ---> 100 TeV/n
     Cr_sctns:  Glauber-Gribov Nucl-nucl: 0 eV  ---> 100 TeV

  Process: alphaInelastic
        Model:  Binary Light Ion Cascade: 0 eV /n ---> 6 GeV/n
        Model:                      FTFP: 3 GeV/n ---> 100 TeV/n
     Cr_sctns:  Glauber-Gribov Nucl-nucl: 0 eV  ---> 100 TeV

---------------------------------------------------
                           Hadronic Processes for anti_He3

  Process: hadElastic
        Model:              hElasticLHEP: 0 eV /n ---> 100.1 MeV/n
        Model:              AntiAElastic: 100 MeV/n ---> 100 TeV/n
     Cr_sctns:              AntiAGlauber: 0 eV  ---> 100 TeV

  Process: anti_He3Inelastic
        Model:                      FTFP: 0 eV /n ---> 100 TeV/n
     Cr_sctns:              AntiAGlauber: 0 eV  ---> 100 TeV

  Process: hFritiofCaptureAtRest

---------------------------------------------------
                           Hadronic Processes for anti_alpha

  Process: hadElastic
        Model:              hElasticLHEP: 0 eV /n ---> 100.1 MeV/n
        Model:              AntiAElastic: 100 MeV/n ---> 100 TeV/n
     Cr_sctns:              AntiAGlauber: 0 eV  ---> 100 TeV

  Process: anti_alphaInelastic
        Model:                      FTFP: 0 eV /n ---> 100 TeV/n
     Cr_sctns:              AntiAGlauber: 0 eV  ---> 100 TeV

  Process: hFritiofCaptureAtRest

---------------------------------------------------
                           Hadronic Processes for anti_deuteron

  Process: hadElastic
        Model:              hElasticLHEP: 0 eV /n ---> 100.1 MeV/n
        Model:              AntiAElastic: 100 MeV/n ---> 100 TeV/n
     Cr_sctns:              AntiAGlauber: 0 eV  ---> 100 TeV

  Process: anti_deuteronInelastic
        Model:                      FTFP: 0 eV /n ---> 100 TeV/n
     Cr_sctns:              AntiAGlauber: 0 eV  ---> 100 TeV

  Process: hFritiofCaptureAtRest

---------------------------------------------------
                           Hadronic Processes for anti_neutron

  Process: hadElastic
        Model:              hElasticLHEP: 0 eV  ---> 100.1 MeV
        Model:              AntiAElastic: 100 MeV ---> 100 TeV
     Cr_sctns:              AntiAGlauber: 0 eV  ---> 100 TeV

  Process: anti_neutronInelastic
        Model:                      FTFP: 0 eV  ---> 100 TeV
     Cr_sctns:              AntiAGlauber: 0 eV  ---> 100 TeV

  Process: hFritiofCaptureAtRest

---------------------------------------------------
                           Hadronic Processes for anti_proton

  Process: hadElastic
        Model:              hElasticLHEP: 0 eV  ---> 100.1 MeV
        Model:              AntiAElastic: 100 MeV ---> 100 TeV
     Cr_sctns:              AntiAGlauber: 0 eV  ---> 100 TeV

  Process: anti_protonInelastic
        Model:                      FTFP: 0 eV  ---> 100 TeV
     Cr_sctns:              AntiAGlauber: 0 eV  ---> 100 TeV

  Process: hFritiofCaptureAtRest

---------------------------------------------------
                           Hadronic Processes for anti_triton

  Process: hadElastic
        Model:              hElasticLHEP: 0 eV /n ---> 100.1 MeV/n
        Model:              AntiAElastic: 100 MeV/n ---> 100 TeV/n
     Cr_sctns:              AntiAGlauber: 0 eV  ---> 100 TeV

  Process: anti_tritonInelastic
        Model:                      FTFP: 0 eV /n ---> 100 TeV/n
     Cr_sctns:              AntiAGlauber: 0 eV  ---> 100 TeV

  Process: hFritiofCaptureAtRest

---------------------------------------------------
                           Hadronic Processes for deuteron

  Process: hadElastic
        Model:              hElasticLHEP: 0 eV /n ---> 100 TeV/n
     Cr_sctns:  Glauber-Gribov Nucl-nucl: 0 eV  ---> 100 TeV

  Process: dInelastic
        Model:  Binary Light Ion Cascade: 0 eV /n ---> 6 GeV/n
        Model:                      FTFP: 3 GeV/n ---> 100 TeV/n
     Cr_sctns:  Glauber-Gribov Nucl-nucl: 0 eV  ---> 100 TeV

---------------------------------------------------
                           Hadronic Processes for e+

  Process: positronNuclear
        Model:   G4ElectroVDNuclearModel: 0 eV  ---> 1 PeV
     Cr_sctns:          ElectroNuclearXS: 0 eV  ---> 100 TeV

---------------------------------------------------
                           Hadronic Processes for e-

  Process: electronNuclear
        Model:   G4ElectroVDNuclearModel: 0 eV  ---> 1 PeV
     Cr_sctns:          ElectroNuclearXS: 0 eV  ---> 100 TeV

---------------------------------------------------
                           Hadronic Processes for gamma

  Process: photonNuclear
        Model:            BertiniCascade: 0 eV  ---> 3.5 GeV
        Model:           TheoFSGenerator: 3 GeV ---> 100 TeV
     Cr_sctns:            PhotoNuclearXS: 0 eV  ---> 100 TeV

---------------------------------------------------
                           Hadronic Processes for kaon+

  Process: hadElastic
        Model:              hElasticLHEP: 0 eV  ---> 100 TeV
     Cr_sctns:            Glauber-Gribov: 0 eV  ---> 100 TeV

  Process: kaon+Inelastic
        Model:                      FTFP: 3 GeV ---> 100 TeV
        Model:            BertiniCascade: 0 eV  ---> 6 GeV
     Cr_sctns:            Glauber-Gribov: 0 eV  ---> 100 TeV

---------------------------------------------------
                           Hadronic Processes for kaon-

  Process: hadElastic
        Model:              hElasticLHEP: 0 eV  ---> 100 TeV
     Cr_sctns:            Glauber-Gribov: 0 eV  ---> 100 TeV

  Process: kaon-Inelastic
        Model:                      FTFP: 3 GeV ---> 100 TeV
        Model:            BertiniCascade: 0 eV  ---> 6 GeV
     Cr_sctns:            Glauber-Gribov: 0 eV  ---> 100 TeV

  Process: hBertiniCaptureAtRest

---------------------------------------------------
                           Hadronic Processes for lambda

  Process: hadElastic
        Model:              hElasticLHEP: 0 eV  ---> 100 TeV
     Cr_sctns:            Glauber-Gribov: 0 eV  ---> 100 TeV

  Process: lambdaInelastic
        Model:            BertiniCascade: 0 eV  ---> 6 GeV
        Model:                      FTFP: 3 GeV ---> 100 TeV
     Cr_sctns:            Glauber-Gribov: 0 eV  ---> 100 TeV

---------------------------------------------------
                           Hadronic Processes for mu+

  Process: muonNuclear
        Model:      G4MuonVDNuclearModel: 0 eV  ---> 1 PeV
     Cr_sctns:     KokoulinMuonNuclearXS: 0 eV  ---> 100 TeV

---------------------------------------------------
                           Hadronic Processes for mu-

  Process: muonNuclear
        Model:      G4MuonVDNuclearModel: 0 eV  ---> 1 PeV
     Cr_sctns:     KokoulinMuonNuclearXS: 0 eV  ---> 100 TeV

  Process: muMinusCaptureAtRest

---------------------------------------------------
                           Hadronic Processes for pi+

  Process: hadElastic
        Model:           hElasticGlauber: 0 eV  ---> 100 TeV
     Cr_sctns:  BarashenkovGlauberGribov: 0 eV  ---> 100 TeV

  Process: pi+Inelastic
        Model:                      FTFP: 3 GeV ---> 100 TeV
        Model:            BertiniCascade: 0 eV  ---> 6 GeV
     Cr_sctns:  BarashenkovGlauberGribov: 0 eV  ---> 100 TeV

---------------------------------------------------
                           Hadronic Processes for pi-

  Process: hadElastic
        Model:           hElasticGlauber: 0 eV  ---> 100 TeV
     Cr_sctns:  BarashenkovGlauberGribov: 0 eV  ---> 100 TeV

  Process: pi-Inelastic
        Model:                      FTFP: 3 GeV ---> 100 TeV
        Model:            BertiniCascade: 0 eV  ---> 6 GeV
     Cr_sctns:  BarashenkovGlauberGribov: 0 eV  ---> 100 TeV

  Process: hBertiniCaptureAtRest

---------------------------------------------------
                           Hadronic Processes for proton

  Process: hadElastic
        Model:             hElasticCHIPS: 0 eV  ---> 100 TeV
     Cr_sctns:  BarashenkovGlauberGribov: 0 eV  ---> 100 TeV

  Process: protonInelastic
        Model:                      FTFP: 3 GeV ---> 100 TeV
        Model:            BertiniCascade: 0 eV  ---> 6 GeV
     Cr_sctns:  BarashenkovGlauberGribov: 0 eV  ---> 100 TeV

---------------------------------------------------
                           Hadronic Processes for triton

  Process: hadElastic
        Model:              hElasticLHEP: 0 eV /n ---> 100 TeV/n
     Cr_sctns:  Glauber-Gribov Nucl-nucl: 0 eV  ---> 100 TeV

  Process: tInelastic
        Model:  Binary Light Ion Cascade: 0 eV /n ---> 6 GeV/n
        Model:                      FTFP: 3 GeV/n ---> 100 TeV/n
     Cr_sctns:  Glauber-Gribov Nucl-nucl: 0 eV  ---> 100 TeV

================================================================
G4WT0 > /run/verbose 1
G4WT1 > /run/verbose 1
G4WT0 > /tracking/verbose 0
G4WT1 > /tracking/verbose 0
G4WT0 > /testhadr/targetElm Al
G4WT1 > /testhadr/targetElm Al
G4WT0 > /run/printProgress 10
G4WT1 > /run/printProgress 10
G4WT0 > /run/initialize 
G4WT1 > /run/initialize 
G4WT0 > /run/physicsModified 
G4WT1 > /run/physicsModified 
=======================================================================
======       Pre-compound/De-excitation Physics Parameters     ========
=======================================================================
Type of pre-compound inverse x-section              3
Pre-compound model active                           1
Pre-compound excitation low energy (MeV)            0.1
Pre-compound excitation high energy (MeV)           100
Type of de-excitation inverse x-section             3
Type of de-excitation factory                       Evaporation+GEM
Number of de-excitation channels                    68
Min excitation energy (keV)                         0.01
Min energy per nucleon for multifragmentation (MeV) 2e+05
Limit excitation energy for Fermi BreakUp (MeV)     20
Level density (1/MeV)                               0.075
Use simple level density model                      1
Use discrete excitation energy of the residual      0
Time limit for long lived isomeres (ns)             1e+12
Internal e- conversion flag                         1
Store e- internal conversion data                   0
Electron internal conversion ID                     2
Correlated gamma emission flag                      0
Max 2J for sampling of angular correlations         10
Upload data before 1st event for                Z < 9
=======================================================================
/process/em/workerVerbose 0
/run/physicsModified
/process/em/verbose 0
/run/physicsModified
/gun/particle kaon-
/gun/energy 100. MeV
/testhadr/particle kaon0L
/testhadr/verbose 1
/run/beamOn 1
/run/physicsModified

========= Table of registered couples ==============================

Index : 0     used in the geometry : Yes
 Material : G4_Galactic
 Range cuts        :  gamma  700 um     e-  700 um     e+  700 um  proton 700 um 
 Energy thresholds :  gamma  990 eV     e-  990 eV     e+  990 eV  proton 70 keV
 Region(s) which use this couple : 
    DefaultRegionForTheWorld

Index : 1     used in the geometry : Yes
 Material : G4_Al
 Range cuts        :  gamma  700 um     e-  700 um     e+  700 um  proton 700 um 
 Energy thresholds :  gamma  5.85564 keV    e-  460.395 keV    e+  442.201 keV proton 70 keV
 Region(s) which use this couple : 
    DefaultRegionForTheWorld

====================================================================

### Run 0 starts.
### Run 0 start
G4WT1 > /process/em/workerVerbose 0
G4WT1 > /run/physicsModified 
G4WT1 > /process/em/verbose 0
G4WT0 > /process/em/workerVerbose 0
G4WT1 > /run/physicsModified 
G4WT0 > /run/physicsModified 
G4WT1 > /gun/particle kaon-
G4WT0 > /process/em/verbose 0
G4WT0 > /run/physicsModified 
G4WT0 > /gun/particle kaon-
G4WT1 > /gun/energy 100. MeV
G4WT0 > /gun/energy 100. MeV
G4WT1 > /testhadr/particle kaon0L
G4WT1 > /testhadr/verbose 1
G4WT0 > /testhadr/particle kaon0L
G4WT1 > /run/physicsModified 
G4WT0 > /testhadr/verbose 1
G4WT0 > /run/physicsModified 
G4WT1 > ### Run 0 starts on worker thread 1.
G4WT0 > ### Run 0 starts on worker thread 0.
G4WT0 > Thread-local run terminated.
G4WT0 > Run Summary
G4WT0 >   Number of events processed : 0
G4WT0 >   User=0.000000s Real=0.000002s Sys=0.000000s [Cpu=0.0%]
G4WT1 > --> Event 0 starts with initial seeds (13049039,61775110).
G4WT1 > EventAction: Event # 0 started
G4WT1 > Thread-local run terminated.
G4WT1 > Run Summary
G4WT1 >   Number of events processed : 1
G4WT1 >   User=0.000000s Real=0.000451s Sys=0.000000s [Cpu=0.0%]
 Run terminated.
Run Summary
  Number of events processed : 1
  User=0.000000s Real=0.001838s Sys=0.000000s [Cpu=0.0%]
RunAction: End of run actions are started
HistoManager: End of run actions are started
### Fill Cross Sections for kaon0L off Al
-------------------------------------------------------------
    N     E(MeV)   Elastic(b)   Inelastic(b)   Total(b)
-------------------------------------------------------------
    0      0.1012       2.043        2.326        4.369
    1      0.1035       2.034        2.318        4.352
    2      0.1059       2.025        2.311        4.336
    3      0.1084       2.016        2.304         4.32
    4      0.1109       2.008        2.296        4.304
    5      0.1135       1.999        2.289        4.287
    6      0.1161        1.99        2.281        4.271
    7      0.1189       1.981        2.274        4.255
    8      0.1216       1.972        2.266        4.239
    9      0.1245       1.963        2.259        4.222
   10      0.1274       1.955        2.251        4.206
   11      0.1303       1.946        2.244         4.19
   12      0.1334       1.937        2.237        4.174
   13      0.1365       1.928        2.229        4.157
   14      0.1396       1.919        2.222        4.141
   15      0.1429       1.911        2.214        4.125
   16      0.1462       1.902        2.207        4.109
   17      0.1496       1.893        2.199        4.093
   18      0.1531       1.884        2.192        4.076
   19      0.1567       1.876        2.185         4.06
   20      0.1603       1.867        2.177        4.044
   21      0.1641       1.858         2.17        4.028
   22      0.1679       1.849        2.162        4.012
   23      0.1718        1.84        2.155        3.995
   24      0.1758       1.832        2.148        3.979
   25      0.1799       1.823         2.14        3.963
   26      0.1841       1.814        2.133        3.947
   27      0.1884       1.805        2.125        3.931
   28      0.1928       1.797        2.118        3.915
   29      0.1972       1.788        2.111        3.899
   30      0.2018       1.779        2.103        3.882
   31      0.2065       1.771        2.096        3.866
   32      0.2113       1.762        2.088         3.85
   33      0.2163       1.753        2.081        3.834
   34      0.2213       1.744        2.074        3.818
   35      0.2265       1.736        2.066        3.802
   36      0.2317       1.727        2.059        3.786
   37      0.2371       1.718        2.051         3.77
   38      0.2427        1.71        2.044        3.754
   39      0.2483       1.701        2.037        3.738
   40      0.2541       1.692        2.029        3.721
   41        0.26       1.684        2.022        3.705
   42      0.2661       1.675        2.014        3.689
   43      0.2723       1.666        2.007        3.673
   44      0.2786       1.658            2        3.657
   45      0.2851       1.649        1.992        3.641
   46      0.2917        1.64        1.985        3.625
   47      0.2985       1.632        1.978        3.609
   48      0.3055       1.623         1.97        3.593
   49      0.3126       1.614        1.963        3.577
   50      0.3199       1.606        1.955        3.561
   51      0.3273       1.597        1.948        3.545
   52       0.335       1.588        1.941        3.529
   53      0.3428        1.58        1.933        3.513
   54      0.3508       1.571        1.926        3.497
   55      0.3589       1.563        1.919        3.481
   56      0.3673       1.554        1.911        3.465
   57      0.3758       1.546        1.904         3.45
   58      0.3846       1.537        1.897        3.434
   59      0.3936       1.528        1.889        3.418
   60      0.4027        1.52        1.882        3.402
   61      0.4121       1.511        1.875        3.386
   62      0.4217       1.503        1.867         3.37
   63      0.4315       1.494         1.86        3.354
   64      0.4416       1.486        1.853        3.338
   65      0.4519       1.477        1.845        3.322
   66      0.4624       1.469        1.838        3.307
   67      0.4732        1.46        1.831        3.291
   68      0.4842       1.452        1.823        3.275
   69      0.4955       1.443        1.816        3.259
   70       0.507       1.435        1.809        3.243
   71      0.5188       1.426        1.801        3.228
   72      0.5309       1.418        1.794        3.212
   73      0.5433       1.409        1.787        3.196
   74      0.5559       1.401         1.78         3.18
   75      0.5689       1.392        1.772        3.165
   76      0.5821       1.384        1.765        3.149
   77      0.5957       1.376        1.758        3.133
   78      0.6095       1.367         1.75        3.117
   79      0.6237       1.359        1.743        3.102
   80      0.6383        1.35        1.736        3.086
   81      0.6531       1.342        1.729         3.07
   82      0.6683       1.334        1.721        3.055
   83      0.6839       1.325        1.714        3.039
   84      0.6998       1.317        1.707        3.024
   85      0.7161       1.309        1.699        3.008
   86      0.7328         1.3        1.692        2.992
   87      0.7499       1.292        1.685        2.977
   88      0.7674       1.284        1.678        2.961
   89      0.7852       1.275         1.67        2.946
   90      0.8035       1.267        1.663         2.93
   91      0.8222       1.259        1.656        2.915
   92      0.8414        1.25        1.649        2.899
   93       0.861       1.242        1.642        2.884
   94       0.881       1.234        1.634        2.868
   95      0.9016       1.226        1.627        2.853
   96      0.9226       1.218         1.62        2.838
   97      0.9441       1.209        1.613        2.822
   98      0.9661       1.201        1.606        2.807
   99      0.9886       1.193        1.598        2.792
  100       1.012       1.185        1.591        2.776
  101       1.035       1.177        1.584        2.761
  102       1.059       1.169        1.577        2.746
  103       1.084       1.161         1.57        2.731
  104       1.109       1.153        1.563        2.716
  105       1.135       1.145        1.556          2.7
  106       1.161       1.137        1.549        2.685
  107       1.189       1.129        1.541         2.67
  108       1.216       1.121        1.534        2.655
  109       1.245       1.113        1.527         2.64
  110       1.274       1.105         1.52        2.625
  111       1.303       1.097        1.513         2.61
  112       1.334       1.089        1.506        2.595
  113       1.365       1.081        1.499         2.58
  114       1.396       1.073        1.492        2.565
  115       1.429       1.065        1.485         2.55
  116       1.462       1.057        1.478        2.535
  117       1.496       1.049        1.471         2.52
  118       1.531       1.042        1.464        2.505
  119       1.567       1.034        1.457         2.49
  120       1.603       1.026         1.45        2.476
  121       1.641       1.018        1.443        2.461
  122       1.679        1.01        1.436        2.446
  123       1.718       1.003        1.429        2.431
  124       1.758      0.9949        1.422        2.417
  125       1.799      0.9872        1.415        2.402
  126       1.841      0.9795        1.408        2.387
  127       1.884      0.9719        1.401        2.373
  128       1.928      0.9642        1.394        2.358
  129       1.972      0.9566        1.387        2.343
  130       2.018       0.949         1.38        2.329
  131       2.065      0.9414        1.373        2.314
  132       2.113      0.9338        1.366          2.3
  133       2.163      0.9263        1.359        2.285
  134       2.213      0.9187        1.352        2.271
  135       2.265      0.9112        1.345        2.256
  136       2.317      0.9037        1.338        2.242
  137       2.371      0.8963        1.331        2.228
  138       2.427      0.8888        1.325        2.213
  139       2.483      0.8814        1.318        2.199
  140       2.541       0.874        1.311        2.185
  141         2.6      0.8666        1.304        2.171
  142       2.661      0.8593        1.297        2.156
  143       2.723       0.852         1.29        2.142
  144       2.786      0.8447        1.284        2.128
  145       2.851      0.8374        1.277        2.114
  146       2.917      0.8301         1.27          2.1
  147       2.985      0.8229        1.263        2.086
  148       3.055      0.8157        1.256        2.072
  149       3.126      0.8085         1.25        2.058
  150       3.199      0.8014        1.243        2.044
  151       3.273      0.7942        1.236         2.03
  152        3.35      0.7871        1.229        2.017
  153       3.428      0.7801        1.223        2.003
  154       3.508       0.773        1.216        1.989
  155       3.589       0.766        1.209        1.975
  156       3.673       0.759        1.203        1.962
  157       3.758       0.752        1.196        1.948
  158       3.846      0.7451        1.189        1.934
  159       3.936      0.7382        1.183        1.921
  160       4.027      0.7313        1.176        1.907
  161       4.121      0.7244        1.169        1.894
  162       4.217      0.7176        1.163         1.88
  163       4.315      0.7108        1.156        1.867
  164       4.416       0.704         1.15        1.854
  165       4.519      0.6973        1.143         1.84
  166       4.624      0.6906        1.136        1.827
  167       4.732      0.6839         1.13        1.814
  168       4.842      0.6772        1.123        1.801
  169       4.955      0.6706        1.117        1.787
  170        5.07       0.664         1.11        1.774
  171       5.188      0.6575        1.104        1.761
  172       5.309      0.6509        1.097        1.748
  173       5.433      0.6444        1.091        1.735
  174       5.559       0.638        1.085        1.722
  175       5.689      0.6316        1.078         1.71
  176       5.821      0.6252        1.072        1.697
  177       5.957      0.6188        1.065        1.684
  178       6.095      0.6125        1.059        1.671
  179       6.237      0.6062        1.053        1.659
  180       6.383      0.5999        1.046        1.646
  181       6.531      0.5937         1.04        1.634
  182       6.683      0.5875        1.034        1.621
  183       6.839      0.5813        1.027        1.609
  184       6.998      0.5752        1.021        1.596
  185       7.161      0.5691        1.015        1.584
  186       7.328       0.563        1.008        1.571
  187       7.499       0.557        1.002        1.559
  188       7.674       0.551        0.996        1.547
  189       7.852      0.5451       0.9898        1.535
  190       8.035      0.5392       0.9836        1.523
  191       8.222      0.5333       0.9775        1.511
  192       8.414      0.5274       0.9713        1.499
  193        8.61      0.5216       0.9652        1.487
  194        8.81      0.5159       0.9591        1.475
  195       9.016      0.5101        0.953        1.463
  196       9.226      0.5044        0.947        1.451
  197       9.441      0.4988       0.9409         1.44
  198       9.661      0.4932       0.9349        1.428
  199       9.886      0.4876       0.9289        1.416
  200       10.12      0.4826       0.9235        1.406
  201       10.35      0.4771       0.9175        1.395
  202       10.59      0.4716       0.9116        1.383
  203       10.84      0.4662       0.9057        1.372
  204       11.09      0.4608       0.8998        1.361
  205       11.35      0.4555       0.8939        1.349
  206       11.61      0.4502        0.888        1.338
  207       11.89      0.4449       0.8822        1.327
  208       12.16      0.4397       0.8764        1.316
  209       12.45      0.4345       0.8706        1.305
  210       12.74      0.4294       0.8649        1.294
  211       13.03      0.4242       0.8591        1.283
  212       13.34      0.4192       0.8534        1.273
  213       13.65      0.4142       0.8477        1.262
  214       13.96      0.4092        0.842        1.251
  215       14.29      0.4042       0.8364        1.241
  216       14.62      0.3993       0.8307         1.23
  217       14.96      0.3945       0.8251         1.22
  218       15.31      0.3897       0.8196        1.209
  219       15.67      0.3849        0.814        1.199
  220       16.03      0.3802       0.8085        1.189
  221       16.41      0.3755        0.803        1.178
  222       16.79      0.3708       0.7975        1.168
  223       17.18      0.3662        0.792        1.158
  224       17.58      0.3616       0.7866        1.148
  225       17.99      0.3571       0.7812        1.138
  226       18.41      0.3526       0.7758        1.128
  227       18.84      0.3482       0.7704        1.119
  228       19.28      0.3438       0.7651        1.109
  229       19.72      0.3394       0.7598        1.099
  230       20.18      0.3351       0.7545         1.09
  231       20.65      0.3308       0.7493         1.08
  232       21.13      0.3266        0.744        1.071
  233       21.63      0.3224       0.7388        1.061
  234       22.13      0.3182       0.7337        1.052
  235       22.65      0.3141       0.7285        1.043
  236       23.17        0.31       0.7234        1.033
  237       23.71       0.306       0.7183        1.024
  238       24.27       0.302       0.7132        1.015
  239       24.83      0.2981       0.7082        1.006
  240       25.41      0.2942       0.7032       0.9974
  241          26      0.2903       0.6982       0.9885
  242       26.61      0.2865       0.6933       0.9797
  243       27.23      0.2827       0.6883        0.971
  244       27.86       0.279       0.6834       0.9624
  245       28.51      0.2753       0.6786       0.9538
  246       29.17      0.2716       0.6737       0.9454
  247       29.85       0.268       0.6689       0.9369
  248       30.55      0.2644       0.6641       0.9286
  249       31.26      0.2609       0.6594       0.9203
  250       31.99      0.2574       0.6547       0.9121
  251       32.73       0.254         0.65        0.904
  252        33.5      0.2506       0.6453       0.8959
  253       34.28      0.2472       0.6407       0.8879
  254       35.08      0.2439       0.6361         0.88
  255       35.89      0.2406       0.6315       0.8721
  256       36.73      0.2373        0.627       0.8643
  257       37.58      0.2341       0.6225       0.8566
  258       38.46      0.2309        0.618        0.849
  259       39.36      0.2278       0.6136       0.8414
  260       40.27      0.2247       0.6092       0.8339
  261       41.21      0.2217       0.6048       0.8265
  262       42.17      0.2187       0.6005       0.8191
  263       43.15      0.2157       0.5961       0.8118
  264       44.16      0.2128       0.5919       0.8046
  265       45.19      0.2099       0.5876       0.7975
  266       46.24       0.207       0.5834       0.7904
  267       47.32      0.2042       0.5792       0.7834
  268       48.42      0.2014       0.5751       0.7765
  269       49.55      0.1987       0.5709       0.7696
  270        50.7       0.196       0.5669       0.7628
  271       51.88      0.1933       0.5628       0.7561
  272       53.09      0.1907       0.5588       0.7495
  273       54.33      0.1881       0.5548       0.7429
  274       55.59      0.1855       0.5509       0.7364
  275       56.89       0.183       0.5469         0.73
  276       58.21      0.1805       0.5431       0.7236
  277       59.57      0.1781       0.5392       0.7173
  278       60.95      0.1757       0.5354       0.7111
  279       62.37      0.1733       0.5316       0.7049
  280       63.83       0.171       0.5279       0.6989
  281       65.31      0.1687       0.5242       0.6929
  282       66.83      0.1664       0.5205       0.6869
  283       68.39      0.1642       0.5169       0.6811
  284       69.98       0.162       0.5133       0.6753
  285       71.61      0.1598       0.5097       0.6695
  286       73.28      0.1577       0.5062       0.6639
  287       74.99      0.1556       0.5027       0.6583
  288       76.74      0.1536       0.4992       0.6528
  289       78.52      0.1515       0.4958       0.6474
  290       80.35      0.1495       0.4925        0.642
  291       82.22      0.1476       0.4891       0.6367
  292       84.14      0.1457       0.4858       0.6315
  293        86.1      0.1438       0.4825       0.6263
  294        88.1      0.1419       0.4793       0.6213
  295       90.16      0.1401       0.4761       0.6162
  296       92.26      0.1383        0.473       0.6113
  297       94.41      0.1366       0.4699       0.6065
  298       96.61      0.1348       0.4668       0.6017
  299       98.86      0.1331       0.4638        0.597
  300       101.2      0.1315       0.4608       0.5923
  301       103.5      0.1299       0.4579       0.5877
  302       105.9      0.1283        0.455       0.5833
  303       108.4      0.1267       0.4521       0.5788
  304       110.9      0.1252       0.4493       0.5745
  305       113.5      0.1237       0.4465       0.5702
  306       116.1      0.1222       0.4438        0.566
  307       118.9      0.1208       0.4411       0.5619
  308       121.6      0.1194       0.4385       0.5579
  309       124.5       0.118       0.4359       0.5539
  310       127.4      0.1167       0.4334         0.55
  311       130.3      0.1154       0.4309       0.5462
  312       133.4      0.1141       0.4284       0.5425
  313       136.5      0.1128        0.426       0.5389
  314       139.6      0.1116       0.4237       0.5353
  315       142.9      0.1105       0.4214       0.5318
  316       146.2      0.1093       0.4191       0.5284
  317       149.6      0.1082       0.4169       0.5251
  318       153.1      0.1071       0.4148       0.5219
  319       156.7      0.1061       0.4127       0.5188
  320       160.3       0.105       0.4107       0.5157
  321       164.1      0.1041       0.4087       0.5128
  322       167.9      0.1031       0.4068       0.5099
  323       171.8      0.1022        0.405       0.5071
  324       175.8      0.1013       0.4032       0.5045
  325       179.9      0.1005       0.4014       0.5019
  326       184.1     0.09964       0.3998       0.4994
  327       188.4     0.09886       0.3982        0.497
  328       192.8     0.09812       0.3966       0.4948
  329       197.2     0.09741       0.3952       0.4926
  330       201.8     0.09674       0.3938       0.4905
  331       206.5     0.09611       0.3925       0.4886
  332       211.3     0.09551       0.3912       0.4867
  333       216.3     0.09496       0.3901        0.485
  334       221.3     0.09444        0.389       0.4834
  335       226.5     0.09396        0.388       0.4819
  336       231.7     0.09352       0.3871       0.4806
  337       237.1     0.09313       0.3862       0.4794
  338       242.7     0.09278       0.3855       0.4783
  339       248.3     0.09247       0.3848       0.4773
  340       254.1     0.09221       0.3843       0.4765
  341         260       0.092       0.3838       0.4758
  342       266.1     0.09183       0.3835       0.4753
  343       272.3     0.09172       0.3832       0.4749
  344       278.6     0.09165       0.3831       0.4747
  345       285.1     0.09164       0.3831       0.4747
  346       291.7     0.09169       0.3832       0.4749
  347       298.5     0.09179       0.3834       0.4752
  348       305.5     0.09195       0.3837       0.4757
  349       312.6     0.09219       0.3842       0.4764
  350       319.9     0.09249       0.3849       0.4774
  351       327.3     0.09287       0.3857       0.4785
  352         335     0.09334       0.3867         0.48
  353       342.8     0.09389       0.3878       0.4817
  354       350.8     0.09454       0.3892       0.4837
  355       358.9     0.09529       0.3908       0.4861
  356       367.3     0.09614       0.3925       0.4887
  357       375.8     0.09711       0.3946       0.4917
  358       384.6      0.0982       0.3968        0.495
  359       393.6     0.09943       0.3993       0.4987
  360       402.7      0.1008       0.4021       0.5029
  361       412.1      0.1023       0.4052       0.5075
  362       421.7       0.104       0.4086       0.5126
  363       431.5      0.1059       0.4124       0.5183
  364       441.6       0.108       0.4165       0.5245
  365       451.9      0.1103       0.4211       0.5314
  366       462.4      0.1129       0.4261       0.5391
  367       473.2      0.1158       0.4317       0.5475
  368       484.2      0.1191       0.4379       0.5569
  369       495.5      0.1227       0.4447       0.5674
  370         507      0.1268       0.4522        0.579
  371       518.8      0.1314       0.4606        0.592
  372       530.9      0.1365       0.4699       0.6064
  373       543.3      0.1423         0.48       0.6223
  374       555.9      0.1487        0.491       0.6397
  375       568.9      0.1555       0.5026       0.6581
  376       582.1      0.1626       0.5142       0.6768
  377       595.7      0.1692        0.525       0.6942
  378       609.5      0.1745       0.5336       0.7081
  379       623.7      0.1776       0.5385       0.7161
  380       638.3      0.1776       0.5385       0.7162
  381       653.1      0.1745       0.5335       0.7079
  382       668.3      0.1687       0.5243        0.693
  383       683.9      0.1615       0.5125        0.674
  384       699.8      0.1539       0.4998       0.6536
  385       716.1      0.1465       0.4873       0.6338
  386       732.8      0.1399       0.4758       0.6157
  387       749.9      0.1341       0.4655       0.5996
  388       767.4      0.1292       0.4566       0.5857
  389       785.2      0.1249       0.4488       0.5738
  390       803.5      0.1213       0.4422       0.5635
  391       822.2      0.1183       0.4364       0.5546
  392       841.4      0.1156       0.4314        0.547
  393         861      0.1133        0.427       0.5403
  394         881      0.1113       0.4231       0.5344
  395       901.6      0.1096       0.4197       0.5292
  396       922.6       0.108       0.4166       0.5246
  397       944.1      0.1066       0.4138       0.5204
  398       966.1      0.1053       0.4113       0.5166
  399       988.6      0.1042       0.4089       0.5131
  400        1012      0.1031       0.4068       0.5099
  401        1035      0.1021       0.4048       0.5068
  402        1059      0.1012       0.4029        0.504
  403        1084      0.1003       0.4011       0.5014
  404        1109     0.09946       0.3994       0.4988
  405        1135     0.09867       0.3978       0.4964
  406        1161     0.09792       0.3962       0.4941
  407        1189      0.0972       0.3947       0.4919
  408        1216     0.09652       0.3933       0.4898
  409        1245     0.09586       0.3919       0.4878
  410        1274     0.09522       0.3906       0.4858
  411        1303     0.09461       0.3893       0.4839
  412        1334     0.09401       0.3881       0.4821
  413        1365     0.09344       0.3869       0.4803
  414        1396     0.09288       0.3857       0.4786
  415        1429     0.09234       0.3846       0.4769
  416        1462     0.09182       0.3835       0.4753
  417        1496     0.09131       0.3824       0.4737
  418        1531     0.09082       0.3813       0.4721
  419        1567     0.09034       0.3803       0.4706
  420        1603     0.08987       0.3793       0.4692
  421        1641     0.08942       0.3783       0.4677
  422        1679     0.08898       0.3774       0.4663
  423        1718     0.08855       0.3764        0.465
  424        1758     0.08813       0.3755       0.4637
  425        1799     0.08772       0.3746       0.4624
  426        1841     0.08732       0.3738       0.4611
  427        1884     0.08693       0.3729       0.4599
  428        1928     0.08655       0.3721       0.4586
  429        1972     0.08618       0.3713       0.4575
  430        2018     0.08582       0.3705       0.4563
  431        2065     0.08547       0.3697       0.4552
  432        2113     0.08513        0.369       0.4541
  433        2163     0.08479       0.3682        0.453
  434        2213     0.08446       0.3675        0.452
  435        2265     0.08414       0.3668       0.4509
  436        2317     0.08383       0.3661       0.4499
  437        2371     0.08352       0.3654       0.4489
  438        2427     0.08322       0.3647        0.448
  439        2483     0.08293       0.3641        0.447
  440        2541     0.08265       0.3635       0.4461
  441        2600     0.08237       0.3628       0.4452
  442        2661     0.08209       0.3622       0.4443
  443        2723     0.08183       0.3616       0.4434
  444        2786     0.08157        0.361       0.4426
  445        2851     0.08131       0.3605       0.4418
  446        2917     0.08106       0.3599        0.441
  447        2985     0.08082       0.3594       0.4402
  448        3055     0.08058       0.3588       0.4394
  449        3126     0.08035       0.3583       0.4386
  450        3199     0.08012       0.3578       0.4379
  451        3273     0.07989       0.3573       0.4372
  452        3350     0.07968       0.3568       0.4364
  453        3428     0.07946       0.3563       0.4357
  454        3508     0.07925       0.3558       0.4351
  455        3589     0.07905       0.3553       0.4344
  456        3673     0.07885       0.3549       0.4337
  457        3758     0.07865       0.3544       0.4331
  458        3846     0.07846        0.354       0.4325
  459        3936     0.07827       0.3536       0.4318
  460        4027     0.07809       0.3531       0.4312
  461        4121     0.07791       0.3527       0.4306
  462        4217     0.07774       0.3523       0.4301
  463        4315     0.07757       0.3519       0.4295
  464        4416      0.0774       0.3516       0.4289
  465        4519     0.07723       0.3512       0.4284
  466        4624     0.07707       0.3508       0.4279
  467        4732     0.07692       0.3504       0.4274
  468        4842     0.07676       0.3501       0.4268
  469        4955     0.07661       0.3497       0.4263
  470        5070     0.07647       0.3494       0.4259
  471        5188     0.07632       0.3491       0.4254
  472        5309     0.07618       0.3487       0.4249
  473        5433     0.07604       0.3484       0.4245
  474        5559     0.07591       0.3481        0.424
  475        5689     0.07578       0.3478       0.4236
  476        5821     0.07565       0.3475       0.4231
  477        5957     0.07552       0.3472       0.4227
  478        6095      0.0754       0.3469       0.4223
  479        6237     0.07528       0.3466       0.4219
  480        6383     0.07516       0.3464       0.4215
  481        6531     0.07505       0.3461       0.4211
  482        6683     0.07494       0.3458       0.4208
  483        6839     0.07483       0.3456       0.4204
  484        6998     0.07472       0.3453         0.42
  485        7161     0.07462       0.3451       0.4197
  486        7328     0.07451       0.3448       0.4194
  487        7499     0.07441       0.3446        0.419
  488        7674     0.07432       0.3444       0.4187
  489        7852     0.07422       0.3442       0.4184
  490        8035     0.07413       0.3439       0.4181
  491        8222     0.07404       0.3437       0.4178
  492        8414     0.07395       0.3435       0.4175
  493        8610     0.07387       0.3433       0.4172
  494        8810     0.07378       0.3431       0.4169
  495        9016      0.0737       0.3429       0.4166
  496        9226     0.07362       0.3427       0.4164
  497        9441     0.07354       0.3426       0.4161
  498        9661     0.07347       0.3424       0.4159
  499        9886      0.0734       0.3422       0.4156
  500   1.012e+04     0.07333        0.342       0.4154
  501   1.035e+04     0.07326       0.3419       0.4151
  502   1.059e+04     0.07319       0.3417       0.4149
  503   1.084e+04     0.07312       0.3416       0.4147
  504   1.109e+04     0.07306       0.3414       0.4145
  505   1.135e+04       0.073       0.3413       0.4143
  506   1.161e+04     0.07294       0.3411       0.4141
  507   1.189e+04     0.07288        0.341       0.4139
  508   1.216e+04     0.07283       0.3409       0.4137
  509   1.245e+04     0.07278       0.3407       0.4135
  510   1.274e+04     0.07272       0.3406       0.4133
  511   1.303e+04     0.07267       0.3405       0.4132
  512   1.334e+04     0.07263       0.3404        0.413
  513   1.365e+04     0.07258       0.3403       0.4129
  514   1.396e+04     0.07254       0.3402       0.4127
  515   1.429e+04     0.07249       0.3401       0.4126
  516   1.462e+04     0.07245         0.34       0.4124
  517   1.496e+04     0.07241       0.3399       0.4123
  518   1.531e+04     0.07238       0.3398       0.4122
  519   1.567e+04     0.07234       0.3397        0.412
  520   1.603e+04     0.07231       0.3396       0.4119
  521   1.641e+04     0.07227       0.3396       0.4118
  522   1.679e+04     0.07224       0.3395       0.4117
  523   1.718e+04     0.07221       0.3394       0.4116
  524   1.758e+04     0.07219       0.3393       0.4115
  525   1.799e+04     0.07216       0.3393       0.4114
  526   1.841e+04     0.07214       0.3392       0.4114
  527   1.884e+04     0.07212       0.3392       0.4113
  528   1.928e+04      0.0721       0.3391       0.4112
  529   1.972e+04     0.07208       0.3391       0.4112
  530   2.018e+04     0.07206        0.339       0.4111
  531   2.065e+04     0.07204        0.339       0.4111
  532   2.113e+04     0.07203        0.339        0.411
  533   2.163e+04     0.07202       0.3389        0.411
  534   2.213e+04     0.07201       0.3389       0.4109
  535   2.265e+04       0.072       0.3389       0.4109
  536   2.317e+04     0.07199       0.3389       0.4109
  537   2.371e+04     0.07199       0.3389       0.4109
  538   2.427e+04     0.07198       0.3389       0.4108
  539   2.483e+04     0.07198       0.3389       0.4108
  540   2.541e+04     0.07198       0.3389       0.4108
  541     2.6e+04     0.07198       0.3389       0.4108
  542   2.661e+04     0.07198       0.3389       0.4108
  543   2.723e+04     0.07199       0.3389       0.4109
  544   2.786e+04     0.07199       0.3389       0.4109
  545   2.851e+04       0.072       0.3389       0.4109
  546   2.917e+04     0.07201       0.3389       0.4109
  547   2.985e+04     0.07202       0.3389        0.411
  548   3.055e+04     0.07203        0.339        0.411
  549   3.126e+04     0.07205        0.339       0.4111
  550   3.199e+04     0.07206        0.339       0.4111
  551   3.273e+04     0.07208       0.3391       0.4112
  552    3.35e+04      0.0721       0.3391       0.4112
  553   3.428e+04     0.07212       0.3392       0.4113
  554   3.508e+04     0.07214       0.3392       0.4114
  555   3.589e+04     0.07216       0.3393       0.4114
  556   3.673e+04     0.07219       0.3393       0.4115
  557   3.758e+04     0.07221       0.3394       0.4116
  558   3.846e+04     0.07224       0.3395       0.4117
  559   3.936e+04     0.07227       0.3395       0.4118
  560   4.027e+04      0.0723       0.3396       0.4119
  561   4.121e+04     0.07234       0.3397        0.412
  562   4.217e+04     0.07237       0.3398       0.4122
  563   4.315e+04     0.07241       0.3399       0.4123
  564   4.416e+04     0.07244         0.34       0.4124
  565   4.519e+04     0.07248       0.3401       0.4125
  566   4.624e+04     0.07252       0.3401       0.4127
  567   4.732e+04     0.07257       0.3402       0.4128
  568   4.842e+04     0.07261       0.3404        0.413
  569   4.955e+04     0.07266       0.3405       0.4131
  570    5.07e+04      0.0727       0.3406       0.4133
  571   5.188e+04     0.07275       0.3407       0.4134
  572   5.309e+04      0.0728       0.3408       0.4136
  573   5.433e+04     0.07286       0.3409       0.4138
  574   5.559e+04     0.07291       0.3411        0.414
  575   5.689e+04     0.07296       0.3412       0.4142
  576   5.821e+04     0.07302       0.3413       0.4144
  577   5.957e+04     0.07308       0.3415       0.4145
  578   6.095e+04     0.07314       0.3416       0.4148
  579   6.237e+04      0.0732       0.3418        0.415
  580   6.383e+04     0.07327       0.3419       0.4152
  581   6.531e+04     0.07333       0.3421       0.4154
  582   6.683e+04      0.0734       0.3422       0.4156
  583   6.839e+04     0.07347       0.3424       0.4158
  584   6.998e+04     0.07354       0.3425       0.4161
  585   7.161e+04     0.07361       0.3427       0.4163
  586   7.328e+04     0.07368       0.3429       0.4166
  587   7.499e+04     0.07375       0.3431       0.4168
  588   7.674e+04     0.07383       0.3432       0.4171
  589   7.852e+04     0.07391       0.3434       0.4173
  590   8.035e+04     0.07399       0.3436       0.4176
  591   8.222e+04     0.07407       0.3438       0.4179
  592   8.414e+04     0.07415        0.344       0.4182
  593    8.61e+04     0.07424       0.3442       0.4184
  594    8.81e+04     0.07432       0.3444       0.4187
  595   9.016e+04     0.07441       0.3446        0.419
  596   9.226e+04      0.0745       0.3448       0.4193
  597   9.441e+04     0.07459        0.345       0.4196
  598   9.661e+04     0.07469       0.3452       0.4199
  599   9.886e+04     0.07478       0.3455       0.4202
  600   1.012e+05     0.07488       0.3457       0.4206
  601   1.035e+05     0.07497       0.3459       0.4209
  602   1.059e+05     0.07507       0.3462       0.4212
  603   1.084e+05     0.07517       0.3464       0.4216
  604   1.109e+05     0.07528       0.3466       0.4219
  605   1.135e+05     0.07538       0.3469       0.4223
  606   1.161e+05     0.07549       0.3471       0.4226
  607   1.189e+05     0.07559       0.3474        0.423
  608   1.216e+05      0.0757       0.3476       0.4233
  609   1.245e+05     0.07582       0.3479       0.4237
  610   1.274e+05     0.07593       0.3481       0.4241
  611   1.303e+05     0.07604       0.3484       0.4245
  612   1.334e+05     0.07616       0.3487       0.4248
  613   1.365e+05     0.07628        0.349       0.4252
  614   1.396e+05      0.0764       0.3492       0.4256
  615   1.429e+05     0.07652       0.3495        0.426
  616   1.462e+05     0.07664       0.3498       0.4264
  617   1.496e+05     0.07676       0.3501       0.4269
  618   1.531e+05     0.07689       0.3504       0.4273
  619   1.567e+05     0.07702       0.3507       0.4277
  620   1.603e+05     0.07715        0.351       0.4281
  621   1.641e+05     0.07728       0.3513       0.4286
  622   1.679e+05     0.07741       0.3516        0.429
  623   1.718e+05     0.07755       0.3519       0.4294
  624   1.758e+05     0.07768       0.3522       0.4299
  625   1.799e+05     0.07782       0.3525       0.4303
  626   1.841e+05     0.07796       0.3528       0.4308
  627   1.884e+05      0.0781       0.3532       0.4313
  628   1.928e+05     0.07824       0.3535       0.4317
  629   1.972e+05     0.07839       0.3538       0.4322
  630   2.018e+05     0.07853       0.3542       0.4327
  631   2.065e+05     0.07868       0.3545       0.4332
  632   2.113e+05     0.07883       0.3548       0.4337
  633   2.163e+05     0.07898       0.3552       0.4342
  634   2.213e+05     0.07914       0.3555       0.4347
  635   2.265e+05     0.07929       0.3559       0.4352
  636   2.317e+05     0.07945       0.3562       0.4357
  637   2.371e+05     0.07961       0.3566       0.4362
  638   2.427e+05     0.07977        0.357       0.4367
  639   2.483e+05     0.07993       0.3573       0.4373
  640   2.541e+05     0.08009       0.3577       0.4378
  641     2.6e+05     0.08026       0.3581       0.4383
  642   2.661e+05     0.08043       0.3585       0.4389
  643   2.723e+05     0.08059       0.3588       0.4394
  644   2.786e+05     0.08076       0.3592         0.44
  645   2.851e+05     0.08094       0.3596       0.4406
  646   2.917e+05     0.08111         0.36       0.4411
  647   2.985e+05     0.08129       0.3604       0.4417
  648   3.055e+05     0.08146       0.3608       0.4423
  649   3.126e+05     0.08164       0.3612       0.4429
  650   3.199e+05     0.08182       0.3616       0.4434
  651   3.273e+05     0.08201        0.362        0.444
  652    3.35e+05     0.08219       0.3624       0.4446
  653   3.428e+05     0.08238       0.3629       0.4452
  654   3.508e+05     0.08256       0.3633       0.4458
  655   3.589e+05     0.08275       0.3637       0.4465
  656   3.673e+05     0.08294       0.3641       0.4471
  657   3.758e+05     0.08314       0.3646       0.4477
  658   3.846e+05     0.08333        0.365       0.4483
  659   3.936e+05     0.08353       0.3654        0.449
  660   4.027e+05     0.08373       0.3659       0.4496
  661   4.121e+05     0.08393       0.3663       0.4502
  662   4.217e+05     0.08413       0.3668       0.4509
  663   4.315e+05     0.08433       0.3672       0.4515
  664   4.416e+05     0.08454       0.3677       0.4522
  665   4.519e+05     0.08475       0.3681       0.4529
  666   4.624e+05     0.08495       0.3686       0.4535
  667   4.732e+05     0.08516        0.369       0.4542
  668   4.842e+05     0.08538       0.3695       0.4549
  669   4.955e+05     0.08559         0.37       0.4556
  670    5.07e+05     0.08581       0.3705       0.4563
  671   5.188e+05     0.08602       0.3709        0.457
  672   5.309e+05     0.08624       0.3714       0.4577
  673   5.433e+05     0.08646       0.3719       0.4584
  674   5.559e+05     0.08669       0.3724       0.4591
  675   5.689e+05     0.08691       0.3729       0.4598
  676   5.821e+05     0.08714       0.3734       0.4605
  677   5.957e+05     0.08737       0.3739       0.4612
  678   6.095e+05      0.0876       0.3744        0.462
  679   6.237e+05     0.08783       0.3749       0.4627
  680   6.383e+05     0.08806       0.3754       0.4634
  681   6.531e+05      0.0883       0.3759       0.4642
  682   6.683e+05     0.08853       0.3764       0.4649
  683   6.839e+05     0.08877       0.3769       0.4657
  684   6.998e+05     0.08901       0.3774       0.4664
  685   7.161e+05     0.08926        0.378       0.4672
  686   7.328e+05      0.0895       0.3785        0.468
  687   7.499e+05     0.08975        0.379       0.4688
  688   7.674e+05     0.08999       0.3795       0.4695
  689   7.852e+05     0.09024       0.3801       0.4703
  690   8.035e+05     0.09049       0.3806       0.4711
  691   8.222e+05     0.09075       0.3812       0.4719
  692   8.414e+05       0.091       0.3817       0.4727
  693    8.61e+05     0.09126       0.3822       0.4735
  694    8.81e+05     0.09152       0.3828       0.4743
  695   9.016e+05     0.09178       0.3834       0.4751
  696   9.226e+05     0.09204       0.3839       0.4759
  697   9.441e+05      0.0923       0.3845       0.4768
  698   9.661e+05     0.09257        0.385       0.4776
  699   9.886e+05     0.09283       0.3856       0.4784
  700   1.012e+06     0.09355       0.3871       0.4807
  701   1.035e+06     0.09381       0.3877       0.4815
  702   1.059e+06     0.09407       0.3882       0.4823
  703   1.084e+06     0.09434       0.3888       0.4831
  704   1.109e+06      0.0946       0.3893       0.4839
  705   1.135e+06     0.09487       0.3899       0.4848
  706   1.161e+06     0.09514       0.3905       0.4856
  707   1.189e+06     0.09541        0.391       0.4864
  708   1.216e+06     0.09569       0.3916       0.4873
  709   1.245e+06     0.09596       0.3922       0.4881
  710   1.274e+06     0.09624       0.3927        0.489
  711   1.303e+06     0.09652       0.3933       0.4898
  712   1.334e+06      0.0968       0.3939       0.4907
  713   1.365e+06     0.09708       0.3945       0.4916
  714   1.396e+06     0.09737       0.3951       0.4924
  715   1.429e+06     0.09765       0.3957       0.4933
  716   1.462e+06     0.09794       0.3963       0.4942
  717   1.496e+06     0.09823       0.3969       0.4951
  718   1.531e+06     0.09852       0.3975        0.496
  719   1.567e+06     0.09881       0.3981       0.4969
  720   1.603e+06     0.09911       0.3987       0.4978
  721   1.641e+06      0.0994       0.3993       0.4987
  722   1.679e+06      0.0997       0.3999       0.4996
  723   1.718e+06         0.1       0.4005       0.5005
  724   1.758e+06      0.1003       0.4011       0.5014
  725   1.799e+06      0.1006       0.4017       0.5023
  726   1.841e+06      0.1009       0.4024       0.5033
  727   1.884e+06      0.1012        0.403       0.5042
  728   1.928e+06      0.1015       0.4036       0.5051
  729   1.972e+06      0.1018       0.4042       0.5061
  730   2.018e+06      0.1022       0.4049        0.507
  731   2.065e+06      0.1025       0.4055        0.508
  732   2.113e+06      0.1028       0.4061       0.5089
  733   2.163e+06      0.1031       0.4068       0.5099
  734   2.213e+06      0.1034       0.4074       0.5108
  735   2.265e+06      0.1037       0.4081       0.5118
  736   2.317e+06      0.1041       0.4087       0.5128
  737   2.371e+06      0.1044       0.4094       0.5138
  738   2.427e+06      0.1047         0.41       0.5147
  739   2.483e+06       0.105       0.4107       0.5157
  740   2.541e+06      0.1054       0.4113       0.5167
  741     2.6e+06      0.1057        0.412       0.5177
  742   2.661e+06       0.106       0.4127       0.5187
  743   2.723e+06      0.1064       0.4133       0.5197
  744   2.786e+06      0.1067        0.414       0.5207
  745   2.851e+06       0.107       0.4147       0.5217
  746   2.917e+06      0.1074       0.4153       0.5227
  747   2.985e+06      0.1077        0.416       0.5237
  748   3.055e+06      0.1081       0.4167       0.5248
  749   3.126e+06      0.1084       0.4174       0.5258
  750   3.199e+06      0.1088       0.4181       0.5268
  751   3.273e+06      0.1091       0.4187       0.5279
  752    3.35e+06      0.1095       0.4194       0.5289
  753   3.428e+06      0.1098       0.4201       0.5299
  754   3.508e+06      0.1102       0.4208        0.531
  755   3.589e+06      0.1105       0.4215        0.532
  756   3.673e+06      0.1109       0.4222       0.5331
  757   3.758e+06      0.1112       0.4229       0.5341
  758   3.846e+06      0.1116       0.4236       0.5352
  759   3.936e+06       0.112       0.4243       0.5363
  760   4.027e+06      0.1123        0.425       0.5373
  761   4.121e+06      0.1127       0.4257       0.5384
  762   4.217e+06      0.1131       0.4264       0.5395
  763   4.315e+06      0.1134       0.4271       0.5406
  764   4.416e+06      0.1138       0.4279       0.5417
  765   4.519e+06      0.1142       0.4286       0.5427
  766   4.624e+06      0.1145       0.4293       0.5438
  767   4.732e+06      0.1149         0.43       0.5449
  768   4.842e+06      0.1153       0.4307        0.546
  769   4.955e+06      0.1157       0.4315       0.5471
  770    5.07e+06      0.1161       0.4322       0.5482
  771   5.188e+06      0.1164       0.4329       0.5494
  772   5.309e+06      0.1168       0.4337       0.5505
  773   5.433e+06      0.1172       0.4344       0.5516
  774   5.559e+06      0.1176       0.4351       0.5527
  775   5.689e+06       0.118       0.4359       0.5538
  776   5.821e+06      0.1184       0.4366        0.555
  777   5.957e+06      0.1188       0.4373       0.5561
  778   6.095e+06      0.1192       0.4381       0.5572
  779   6.237e+06      0.1196       0.4388       0.5584
  780   6.383e+06        0.12       0.4396       0.5595
  781   6.531e+06      0.1204       0.4403       0.5607
  782   6.683e+06      0.1208       0.4411       0.5618
  783   6.839e+06      0.1212       0.4418        0.563
  784   6.998e+06      0.1216       0.4426       0.5642
  785   7.161e+06       0.122       0.4433       0.5653
  786   7.328e+06      0.1224       0.4441       0.5665
  787   7.499e+06      0.1228       0.4449       0.5677
  788   7.674e+06      0.1232       0.4456       0.5688
  789   7.852e+06      0.1236       0.4464         0.57
  790   8.035e+06       0.124       0.4472       0.5712
  791   8.222e+06      0.1244       0.4479       0.5724
  792   8.414e+06      0.1249       0.4487       0.5736
  793    8.61e+06      0.1253       0.4495       0.5748
  794    8.81e+06      0.1257       0.4503       0.5759
  795   9.016e+06      0.1261        0.451       0.5771
  796   9.226e+06      0.1265       0.4518       0.5783
  797   9.441e+06       0.127       0.4526       0.5796
  798   9.661e+06      0.1274       0.4534       0.5808
  799   9.886e+06      0.1278       0.4542        0.582
-------------------------------------------------------------
### kaon0L 5 GeV on G4_Al xs/X0= 5.3374
G4WT1 > Destroying WorkerRunManager (0x7f065c03ecd0)
G4WT1 > G4 kernel has come to Quit state.
G4WT0 > Destroying WorkerRunManager (0x7f066403ecd0)
G4WT0 > G4 kernel has come to Quit state.
G4WT1 > ================== Deleting memory pools ===================
G4WT1 > Number of memory pools allocated: 9; of which, static: 0
G4WT1 > Dynamic pools deleted: 9 / Total memory freed: 0.013 MB
G4WT1 > ============================================================
G4WT1 > Thread-local UImanager is to be deleted.
G4WT1 > There should not be any thread-local G4cout/G4cerr hereafter.
G4WT0 > ================== Deleting memory pools ===================
G4WT0 > Number of memory pools allocated: 4; of which, static: 0
G4WT0 > Dynamic pools deleted: 4 / Total memory freed: 0.0058 MB
G4WT0 > ============================================================
G4WT0 > Thread-local UImanager is to be deleted.
G4WT0 > There should not be any thread-local G4cout/G4cerr hereafter.
G4 kernel has come to Quit state.
================== Deleting memory pools ===================
Number of memory pools allocated: 3; of which, static: 0
Dynamic pools deleted: 3 / Total memory freed: 0.0048 MB
============================================================
RunManagerKernel is deleted. Good bye :)
