
        ############################################
        !!! WARNING - FPE detection is activated !!!
        ############################################

**************************************************************
 Geant4 version Name: geant4-10-05-ref-10 [MT]   (31-October-2019)
  << in Multi-threaded mode >> 
                       Copyright : Geant4 Collaboration
                      References : NIM A 506 (2003), 250-303
                                 : IEEE-TNS 53 (2006), 270-278
                                 : NIM A 835 (2016), 186-225
                             WWW : http://geant4.org/
**************************************************************

##### Hadr00 started for 2 threads #####
G4PhysListFactory::GetReferencePhysList <FTFP_BERT>  EMoption= 0
<<< Geant4 Physics List simulation engine: FTFP_BERT

<<< Reference Physics List FTFP_BERT is built

/run/verbose 1
/tracking/verbose 0
/testhadr/TargetMat G4_Al
/testhadr/targetElm Al
/testhadr/TargetRadius 1 cm
/testhadr/TargetLength 10 cm
/run/printProgress 10
/run/initialize
### Target consist of G4_Al disks with R(mm)= 10  fLength(mm)= 100  ###

***** Table : Nb of materials = 2 *****

 Material:    G4_Al    density:  2.699 g/cm3   RadL:   8.896 cm   Nucl.Int.Length:  38.894 cm 
                       Imean: 166.000 eV   temperature: 293.15 K  pressure:   1.00 atm

   --->  Element: Al (Al)   Z = 13.0   N =    27   A = 26.982 g/mole
         --->  Isotope:  Al27   Z = 13   N =  27   A =  26.98 g/mole   abundance: 100.000 %
          ElmMassFraction: 100.00 %  ElmAbundance 100.00 % 


 Material: G4_Galactic    density:  0.000 kg/m3   RadL: 204310101.835 pc   Nucl.Int.Length: 113427275.267 pc 
                       Imean:  21.800 eV   temperature:   2.73 K  pressure:   0.00 atm

   --->  Element: H (H)   Z =  1.0   N =     1   A =  1.008 g/mole
         --->  Isotope:    H1   Z =  1   N =   1   A =   1.01 g/mole   abundance: 99.989 %
         --->  Isotope:    H2   Z =  1   N =   2   A =   2.01 g/mole   abundance:  0.011 %
          ElmMassFraction: 100.00 %  ElmAbundance 100.00 % 




 FTFP_BERT : new threshold between BERT and FTFP is over the interval 
 for pions :   3 to 6 GeV
 for kaons :   3 to 6 GeV
 for proton :  3 to 6 GeV
 for neutron : 3 to 6 GeV

### Adding tracking cuts for neutron  TimeCut(ns)= 10000  KinEnergyCut(MeV)= 0
/run/physicsModified

phot:  for gamma SubType=12 BuildTable=0
      LambdaPrime table from 200 keV to 100 TeV in 61 bins 
      ===== EM models for the G4Region  DefaultRegionForTheWorld ======
 LivermorePhElectric : Emin=    0 eV  Emax=  100 TeV  SauterGavrila Fluo

compt:  for gamma SubType=13 BuildTable=1
      Lambda table from 100 eV  to 1 MeV, 7 bins/decade, spline: 1
      LambdaPrime table from 1 MeV to 100 TeV in 56 bins 
      ===== EM models for the G4Region  DefaultRegionForTheWorld ======
       Klein-Nishina : Emin=    0 eV  Emax=  100 TeV

conv:  for gamma SubType=14 BuildTable=1
      Lambda table from 1.022 MeV to 100 TeV, 18 bins/decade, spline: 1
      ===== EM models for the G4Region  DefaultRegionForTheWorld ======
     BetheHeitlerLPM : Emin=    0 eV  Emax=  100 TeV  ModifiedTsai

Rayl:  for gamma SubType=11 BuildTable=1
      Lambda table from 100 eV  to 100 keV, 7 bins/decade, spline: 0
      LambdaPrime table from 100 keV to 100 TeV in 63 bins 
      ===== EM models for the G4Region  DefaultRegionForTheWorld ======
   LivermoreRayleigh : Emin=    0 eV  Emax=  100 TeV  CullenGenerator

msc:  for e-  SubType= 10
      RangeFactor= 0.04, stepLimType: 1, latDisp: 1
      ===== EM models for the G4Region  DefaultRegionForTheWorld ======
            UrbanMsc : Emin=    0 eV  Emax=  100 MeV Nbins=42 100 eV  - 100 MeV
        WentzelVIUni : Emin=  100 MeV Emax=  100 TeV Nbins=42 100 MeV - 100 TeV

eIoni:  for e-  SubType=2
      dE/dx and range tables from 100 eV  to 100 TeV in 84 bins
      Lambda tables from threshold to 100 TeV, 7 bins/decade, spline: 1
      StepFunction=(0.2, 1 mm), integ: 1, fluct: 1, linLossLim= 0.01
      ===== EM models for the G4Region  DefaultRegionForTheWorld ======
        MollerBhabha : Emin=    0 eV  Emax=  100 TeV

eBrem:  for e-  SubType=3
      dE/dx and range tables from 100 eV  to 100 TeV in 84 bins
      Lambda tables from threshold to 100 TeV, 7 bins/decade, spline: 1
      LPM flag: 1 for E > 1 GeV,  VertexHighEnergyTh(GeV)= 100000
      ===== EM models for the G4Region  DefaultRegionForTheWorld ======
             eBremSB : Emin=    0 eV  Emax=    1 GeV  ModifiedTsai
            eBremLPM : Emin=    1 GeV Emax=  100 TeV  ModifiedTsai

CoulombScat:  for e-, integral:1  SubType=1 BuildTable=1
      Lambda table from 100 MeV to 100 TeV, 7 bins/decade, spline: 1
      ThetaMin(p) < Theta(degree) < 180; pLimit(GeV^1)= 0.139531
      ===== EM models for the G4Region  DefaultRegionForTheWorld ======
  eCoulombScattering : Emin=  100 MeV Emax=  100 TeV

msc:  for e+  SubType= 10
      RangeFactor= 0.04, stepLimType: 1, latDisp: 1
      ===== EM models for the G4Region  DefaultRegionForTheWorld ======
            UrbanMsc : Emin=    0 eV  Emax=  100 MeV Nbins=42 100 eV  - 100 MeV
        WentzelVIUni : Emin=  100 MeV Emax=  100 TeV Nbins=42 100 MeV - 100 TeV

eIoni:  for e+  SubType=2
      dE/dx and range tables from 100 eV  to 100 TeV in 84 bins
      Lambda tables from threshold to 100 TeV, 7 bins/decade, spline: 1
      StepFunction=(0.2, 1 mm), integ: 1, fluct: 1, linLossLim= 0.01
      ===== EM models for the G4Region  DefaultRegionForTheWorld ======
        MollerBhabha : Emin=    0 eV  Emax=  100 TeV

eBrem:  for e+  SubType=3
      dE/dx and range tables from 100 eV  to 100 TeV in 84 bins
      Lambda tables from threshold to 100 TeV, 7 bins/decade, spline: 1
      LPM flag: 1 for E > 1 GeV,  VertexHighEnergyTh(GeV)= 100000
      ===== EM models for the G4Region  DefaultRegionForTheWorld ======
             eBremSB : Emin=    0 eV  Emax=    1 GeV  ModifiedTsai
            eBremLPM : Emin=    1 GeV Emax=  100 TeV  ModifiedTsai

annihil:  for e+, integral:1  SubType=5 BuildTable=0
      ===== EM models for the G4Region  DefaultRegionForTheWorld ======
            eplus2gg : Emin=    0 eV  Emax=  100 TeV

CoulombScat:  for e+, integral:1  SubType=1 BuildTable=1
      Lambda table from 100 MeV to 100 TeV, 7 bins/decade, spline: 1
      ThetaMin(p) < Theta(degree) < 180; pLimit(GeV^1)= 0.139531
      ===== EM models for the G4Region  DefaultRegionForTheWorld ======
  eCoulombScattering : Emin=  100 MeV Emax=  100 TeV

msc:  for proton  SubType= 10
      RangeFactor= 0.2, stepLimType: 0, latDisp: 0
      ===== EM models for the G4Region  DefaultRegionForTheWorld ======
        WentzelVIUni : Emin=    0 eV  Emax=  100 TeV Nbins=84 100 eV  - 100 TeV

hIoni:  for proton  SubType=2
      dE/dx and range tables from 100 eV  to 100 TeV in 84 bins
      Lambda tables from threshold to 100 TeV, 7 bins/decade, spline: 1
      StepFunction=(0.2, 0.1 mm), integ: 1, fluct: 1, linLossLim= 0.01
      ===== EM models for the G4Region  DefaultRegionForTheWorld ======
               Bragg : Emin=    0 eV  Emax=    2 MeV
          BetheBloch : Emin=    2 MeV Emax=  100 TeV

hBrems:  for proton  SubType=3
      dE/dx and range tables from 100 eV  to 100 TeV in 84 bins
      Lambda tables from threshold to 100 TeV, 7 bins/decade, spline: 1
      ===== EM models for the G4Region  DefaultRegionForTheWorld ======
               hBrem : Emin=    0 eV  Emax=  100 TeV

hPairProd:  for proton  SubType=4
      dE/dx and range tables from 100 eV  to 100 TeV in 84 bins
      Lambda tables from threshold to 100 TeV, 7 bins/decade, spline: 1
      Sampling table 17x1001; from 7.50618 GeV to 100 TeV 
      ===== EM models for the G4Region  DefaultRegionForTheWorld ======
           hPairProd : Emin=    0 eV  Emax=  100 TeV

CoulombScat:  for proton, integral:1  SubType=1 BuildTable=1
      Lambda table from threshold  to 100 TeV, 7 bins/decade, spline: 1
      ThetaMin(p) < Theta(degree) < 180; pLimit(GeV^1)= 0.139531
      ===== EM models for the G4Region  DefaultRegionForTheWorld ======
  eCoulombScattering : Emin=    0 eV  Emax=  100 TeV

msc:  for GenericIon  SubType= 10
      RangeFactor= 0.2, stepLimType: 0, latDisp: 0
      ===== EM models for the G4Region  DefaultRegionForTheWorld ======
            UrbanMsc : Emin=    0 eV  Emax=  100 TeV

ionIoni:  for GenericIon  SubType=2
      dE/dx and range tables from 100 eV  to 100 TeV in 84 bins
      Lambda tables from threshold to 100 TeV, 7 bins/decade, spline: 1
      StepFunction=(0.2, 0.1 mm), integ: 1, fluct: 1, linLossLim= 0.02
      Stopping Power data for 17 ion/material pairs
      ===== EM models for the G4Region  DefaultRegionForTheWorld ======
            BraggIon : Emin=    0 eV  Emax=    2 MeV
          BetheBloch : Emin=    2 MeV Emax=  100 TeV

msc:  for alpha  SubType= 10
      RangeFactor= 0.2, stepLimType: 0, latDisp: 0
      ===== EM models for the G4Region  DefaultRegionForTheWorld ======
            UrbanMsc : Emin=    0 eV  Emax=  100 TeV Nbins=84 100 eV  - 100 TeV

ionIoni:  for alpha  SubType=2
      dE/dx and range tables from 100 eV  to 100 TeV in 84 bins
      Lambda tables from threshold to 100 TeV, 7 bins/decade, spline: 1
      StepFunction=(0.2, 0.1 mm), integ: 1, fluct: 1, linLossLim= 0.02
      ===== EM models for the G4Region  DefaultRegionForTheWorld ======
            BraggIon : Emin=    0 eV  Emax=7.9452 MeV
          BetheBloch : Emin=7.9452 MeV Emax=  100 TeV

msc:  for anti_proton  SubType= 10
      RangeFactor= 0.2, stepLimType: 0, latDisp: 0
      ===== EM models for the G4Region  DefaultRegionForTheWorld ======
        WentzelVIUni : Emin=    0 eV  Emax=  100 TeV Nbins=84 100 eV  - 100 TeV

hIoni:  for anti_proton  SubType=2
      dE/dx and range tables from 100 eV  to 100 TeV in 84 bins
      Lambda tables from threshold to 100 TeV, 7 bins/decade, spline: 1
      StepFunction=(0.2, 0.1 mm), integ: 1, fluct: 1, linLossLim= 0.01
      ===== EM models for the G4Region  DefaultRegionForTheWorld ======
            ICRU73QO : Emin=    0 eV  Emax=    2 MeV
          BetheBloch : Emin=    2 MeV Emax=  100 TeV

hBrems:  for anti_proton  SubType=3
      dE/dx and range tables from 100 eV  to 100 TeV in 84 bins
      Lambda tables from threshold to 100 TeV, 7 bins/decade, spline: 1
      ===== EM models for the G4Region  DefaultRegionForTheWorld ======
               hBrem : Emin=    0 eV  Emax=  100 TeV

hPairProd:  for anti_proton  SubType=4
      dE/dx and range tables from 100 eV  to 100 TeV in 84 bins
      Lambda tables from threshold to 100 TeV, 7 bins/decade, spline: 1
      Sampling table 17x1001; from 7.50618 GeV to 100 TeV 
      ===== EM models for the G4Region  DefaultRegionForTheWorld ======
           hPairProd : Emin=    0 eV  Emax=  100 TeV

CoulombScat:  for anti_proton, integral:1  SubType=1 BuildTable=1
      Lambda table from threshold  to 100 TeV, 7 bins/decade, spline: 1
      ThetaMin(p) < Theta(degree) < 180; pLimit(GeV^1)= 0.139531
      ===== EM models for the G4Region  DefaultRegionForTheWorld ======
  eCoulombScattering : Emin=    0 eV  Emax=  100 TeV

msc:  for kaon+  SubType= 10
      RangeFactor= 0.2, stepLimType: 0, latDisp: 0
      ===== EM models for the G4Region  DefaultRegionForTheWorld ======
        WentzelVIUni : Emin=    0 eV  Emax=  100 TeV Nbins=84 100 eV  - 100 TeV

hIoni:  for kaon+  SubType=2
      dE/dx and range tables from 100 eV  to 100 TeV in 84 bins
      Lambda tables from threshold to 100 TeV, 7 bins/decade, spline: 1
      StepFunction=(0.2, 0.1 mm), integ: 1, fluct: 1, linLossLim= 0.01
      ===== EM models for the G4Region  DefaultRegionForTheWorld ======
               Bragg : Emin=    0 eV  Emax=1.05231 MeV
          BetheBloch : Emin=1.05231 MeV Emax=  100 TeV

hBrems:  for kaon+  SubType=3
      dE/dx and range tables from 100 eV  to 100 TeV in 84 bins
      Lambda tables from threshold to 100 TeV, 7 bins/decade, spline: 1
      ===== EM models for the G4Region  DefaultRegionForTheWorld ======
               hBrem : Emin=    0 eV  Emax=  100 TeV

hPairProd:  for kaon+  SubType=4
      dE/dx and range tables from 100 eV  to 100 TeV in 84 bins
      Lambda tables from threshold to 100 TeV, 7 bins/decade, spline: 1
      Sampling table 18x1001; from 3.94942 GeV to 100 TeV 
      ===== EM models for the G4Region  DefaultRegionForTheWorld ======
           hPairProd : Emin=    0 eV  Emax=  100 TeV

CoulombScat:  for kaon+, integral:1  SubType=1 BuildTable=1
      Lambda table from threshold  to 100 TeV, 7 bins/decade, spline: 1
      ThetaMin(p) < Theta(degree) < 180; pLimit(GeV^1)= 0.139531
      ===== EM models for the G4Region  DefaultRegionForTheWorld ======
  eCoulombScattering : Emin=    0 eV  Emax=  100 TeV

msc:  for kaon-  SubType= 10
      RangeFactor= 0.2, stepLimType: 0, latDisp: 0
      ===== EM models for the G4Region  DefaultRegionForTheWorld ======
        WentzelVIUni : Emin=    0 eV  Emax=  100 TeV Nbins=84 100 eV  - 100 TeV

hIoni:  for kaon-  SubType=2
      dE/dx and range tables from 100 eV  to 100 TeV in 84 bins
      Lambda tables from threshold to 100 TeV, 7 bins/decade, spline: 1
      StepFunction=(0.2, 0.1 mm), integ: 1, fluct: 1, linLossLim= 0.01
      ===== EM models for the G4Region  DefaultRegionForTheWorld ======
            ICRU73QO : Emin=    0 eV  Emax=1.05231 MeV
          BetheBloch : Emin=1.05231 MeV Emax=  100 TeV

hBrems:  for kaon-  SubType=3
      dE/dx and range tables from 100 eV  to 100 TeV in 84 bins
      Lambda tables from threshold to 100 TeV, 7 bins/decade, spline: 1
      ===== EM models for the G4Region  DefaultRegionForTheWorld ======
               hBrem : Emin=    0 eV  Emax=  100 TeV

hPairProd:  for kaon-  SubType=4
      dE/dx and range tables from 100 eV  to 100 TeV in 84 bins
      Lambda tables from threshold to 100 TeV, 7 bins/decade, spline: 1
      Sampling table 18x1001; from 3.94942 GeV to 100 TeV 
      ===== EM models for the G4Region  DefaultRegionForTheWorld ======
           hPairProd : Emin=    0 eV  Emax=  100 TeV

CoulombScat:  for kaon-, integral:1  SubType=1 BuildTable=1
      Used Lambda table of kaon+
      ThetaMin(p) < Theta(degree) < 180; pLimit(GeV^1)= 0.139531
      ===== EM models for the G4Region  DefaultRegionForTheWorld ======
  eCoulombScattering : Emin=    0 eV  Emax=  100 TeV

msc:  for mu+  SubType= 10
      RangeFactor= 0.2, stepLimType: 0, latDisp: 0, polarAngLim(deg)= 180
      ===== EM models for the G4Region  DefaultRegionForTheWorld ======
        WentzelVIUni : Emin=    0 eV  Emax=  100 TeV Nbins=84 100 eV  - 100 TeV

muIoni:  for mu+  SubType=2
      dE/dx and range tables from 100 eV  to 100 TeV in 84 bins
      Lambda tables from threshold to 100 TeV, 7 bins/decade, spline: 1
      StepFunction=(0.2, 0.1 mm), integ: 1, fluct: 1, linLossLim= 0.01
      ===== EM models for the G4Region  DefaultRegionForTheWorld ======
               Bragg : Emin=    0 eV  Emax=  200 keV
          BetheBloch : Emin=  200 keV Emax=    1 GeV
        MuBetheBloch : Emin=    1 GeV Emax=  100 TeV

muBrems:  for mu+  SubType=3
      dE/dx and range tables from 100 eV  to 100 TeV in 84 bins
      Lambda tables from threshold to 100 TeV, 7 bins/decade, spline: 1
      ===== EM models for the G4Region  DefaultRegionForTheWorld ======
              MuBrem : Emin=    0 eV  Emax=  100 TeV

muPairProd:  for mu+  SubType=4
      dE/dx and range tables from 100 eV  to 100 TeV in 84 bins
      Lambda tables from threshold to 100 TeV, 7 bins/decade, spline: 1
      Sampling table 21x1001; from 1 GeV to 100 TeV 
      ===== EM models for the G4Region  DefaultRegionForTheWorld ======
          muPairProd : Emin=    0 eV  Emax=  100 TeV

CoulombScat:  for mu+, integral:1  SubType=1 BuildTable=1
      Lambda table from threshold  to 100 TeV, 7 bins/decade, spline: 1
      ThetaMin(p) < Theta(degree) < 180; pLimit(GeV^1)= 0.139531
      ===== EM models for the G4Region  DefaultRegionForTheWorld ======
  eCoulombScattering : Emin=    0 eV  Emax=  100 TeV

msc:  for mu-  SubType= 10
      RangeFactor= 0.2, stepLimType: 0, latDisp: 0, polarAngLim(deg)= 180
      ===== EM models for the G4Region  DefaultRegionForTheWorld ======
        WentzelVIUni : Emin=    0 eV  Emax=  100 TeV Nbins=84 100 eV  - 100 TeV

muIoni:  for mu-  SubType=2
      dE/dx and range tables from 100 eV  to 100 TeV in 84 bins
      Lambda tables from threshold to 100 TeV, 7 bins/decade, spline: 1
      StepFunction=(0.2, 0.1 mm), integ: 1, fluct: 1, linLossLim= 0.01
      ===== EM models for the G4Region  DefaultRegionForTheWorld ======
            ICRU73QO : Emin=    0 eV  Emax=  200 keV
          BetheBloch : Emin=  200 keV Emax=    1 GeV
        MuBetheBloch : Emin=    1 GeV Emax=  100 TeV

muBrems:  for mu-  SubType=3
      dE/dx and range tables from 100 eV  to 100 TeV in 84 bins
      Lambda tables from threshold to 100 TeV, 7 bins/decade, spline: 1
      ===== EM models for the G4Region  DefaultRegionForTheWorld ======
              MuBrem : Emin=    0 eV  Emax=  100 TeV

muPairProd:  for mu-  SubType=4
      dE/dx and range tables from 100 eV  to 100 TeV in 84 bins
      Lambda tables from threshold to 100 TeV, 7 bins/decade, spline: 1
      Sampling table 21x1001; from 1 GeV to 100 TeV 
      ===== EM models for the G4Region  DefaultRegionForTheWorld ======
          muPairProd : Emin=    0 eV  Emax=  100 TeV

CoulombScat:  for mu-, integral:1  SubType=1 BuildTable=1
      Used Lambda table of mu+
      ThetaMin(p) < Theta(degree) < 180; pLimit(GeV^1)= 0.139531
      ===== EM models for the G4Region  DefaultRegionForTheWorld ======
  eCoulombScattering : Emin=    0 eV  Emax=  100 TeV

msc:  for pi+  SubType= 10
      RangeFactor= 0.2, stepLimType: 0, latDisp: 0
      ===== EM models for the G4Region  DefaultRegionForTheWorld ======
        WentzelVIUni : Emin=    0 eV  Emax=  100 TeV Nbins=84 100 eV  - 100 TeV

hIoni:  for pi+  SubType=2
      dE/dx and range tables from 100 eV  to 100 TeV in 84 bins
      Lambda tables from threshold to 100 TeV, 7 bins/decade, spline: 1
      StepFunction=(0.2, 0.1 mm), integ: 1, fluct: 1, linLossLim= 0.01
      ===== EM models for the G4Region  DefaultRegionForTheWorld ======
               Bragg : Emin=    0 eV  Emax=297.505 keV
          BetheBloch : Emin=297.505 keV Emax=  100 TeV

hBrems:  for pi+  SubType=3
      dE/dx and range tables from 100 eV  to 100 TeV in 84 bins
      Lambda tables from threshold to 100 TeV, 7 bins/decade, spline: 1
      ===== EM models for the G4Region  DefaultRegionForTheWorld ======
               hBrem : Emin=    0 eV  Emax=  100 TeV

hPairProd:  for pi+  SubType=4
      dE/dx and range tables from 100 eV  to 100 TeV in 84 bins
      Lambda tables from threshold to 100 TeV, 7 bins/decade, spline: 1
      Sampling table 20x1001; from 1.11656 GeV to 100 TeV 
      ===== EM models for the G4Region  DefaultRegionForTheWorld ======
           hPairProd : Emin=    0 eV  Emax=  100 TeV

CoulombScat:  for pi+, integral:1  SubType=1 BuildTable=1
      Lambda table from threshold  to 100 TeV, 7 bins/decade, spline: 1
      ThetaMin(p) < Theta(degree) < 180; pLimit(GeV^1)= 0.139531
      ===== EM models for the G4Region  DefaultRegionForTheWorld ======
  eCoulombScattering : Emin=    0 eV  Emax=  100 TeV

msc:  for pi-  SubType= 10
      RangeFactor= 0.2, stepLimType: 0, latDisp: 0
      ===== EM models for the G4Region  DefaultRegionForTheWorld ======
        WentzelVIUni : Emin=    0 eV  Emax=  100 TeV Nbins=84 100 eV  - 100 TeV

hIoni:  for pi-  SubType=2
      dE/dx and range tables from 100 eV  to 100 TeV in 84 bins
      Lambda tables from threshold to 100 TeV, 7 bins/decade, spline: 1
      StepFunction=(0.2, 0.1 mm), integ: 1, fluct: 1, linLossLim= 0.01
      ===== EM models for the G4Region  DefaultRegionForTheWorld ======
            ICRU73QO : Emin=    0 eV  Emax=297.505 keV
          BetheBloch : Emin=297.505 keV Emax=  100 TeV

hBrems:  for pi-  SubType=3
      dE/dx and range tables from 100 eV  to 100 TeV in 84 bins
      Lambda tables from threshold to 100 TeV, 7 bins/decade, spline: 1
      ===== EM models for the G4Region  DefaultRegionForTheWorld ======
               hBrem : Emin=    0 eV  Emax=  100 TeV

hPairProd:  for pi-  SubType=4
      dE/dx and range tables from 100 eV  to 100 TeV in 84 bins
      Lambda tables from threshold to 100 TeV, 7 bins/decade, spline: 1
      Sampling table 20x1001; from 1.11656 GeV to 100 TeV 
      ===== EM models for the G4Region  DefaultRegionForTheWorld ======
           hPairProd : Emin=    0 eV  Emax=  100 TeV

CoulombScat:  for pi-, integral:1  SubType=1 BuildTable=1
      Used Lambda table of pi+
      ThetaMin(p) < Theta(degree) < 180; pLimit(GeV^1)= 0.139531
      ===== EM models for the G4Region  DefaultRegionForTheWorld ======
  eCoulombScattering : Emin=    0 eV  Emax=  100 TeV

====================================================================
                  HADRONIC PROCESSES SUMMARY (verbose level 1)

---------------------------------------------------
                           Hadronic Processes for neutron

  Process: hadElastic
        Model:             hElasticCHIPS: 0 eV  ---> 100 TeV
     Cr_sctns:        G4NeutronElasticXS: 0 eV  ---> 100 TeV

  Process: neutronInelastic
        Model:                      FTFP: 3 GeV ---> 100 TeV
        Model:            BertiniCascade: 0 eV  ---> 6 GeV
     Cr_sctns:      G4NeutronInelasticXS: 0 eV  ---> 100 TeV

  Process: nCapture
        Model:               nRadCapture: 0 eV  ---> 100 TeV
     Cr_sctns:        G4NeutronCaptureXS: 0 eV  ---> 100 TeV

  Process: nKiller

---------------------------------------------------
                           Hadronic Processes for GenericIon

  Process: ionInelastic
        Model:  Binary Light Ion Cascade: 0 eV /n ---> 6 GeV/n
        Model:                      FTFP: 3 GeV/n ---> 100 TeV/n
     Cr_sctns:  Glauber-Gribov Nucl-nucl: 0 eV  ---> 100 TeV

---------------------------------------------------
                           Hadronic Processes for He3

  Process: hadElastic
        Model:              hElasticLHEP: 0 eV /n ---> 100 TeV/n
     Cr_sctns:  Glauber-Gribov Nucl-nucl: 0 eV  ---> 100 TeV

  Process: He3Inelastic
        Model:  Binary Light Ion Cascade: 0 eV /n ---> 6 GeV/n
        Model:                      FTFP: 3 GeV/n ---> 100 TeV/n
     Cr_sctns:  Glauber-Gribov Nucl-nucl: 0 eV  ---> 100 TeV

---------------------------------------------------
                           Hadronic Processes for alpha

  Process: hadElastic
        Model:              hElasticLHEP: 0 eV /n ---> 100 TeV/n
     Cr_sctns:  Glauber-Gribov Nucl-nucl: 0 eV  ---> 100 TeV

  Process: alphaInelastic
        Model:  Binary Light Ion Cascade: 0 eV /n ---> 6 GeV/n
        Model:                      FTFP: 3 GeV/n ---> 100 TeV/n
     Cr_sctns:  Glauber-Gribov Nucl-nucl: 0 eV  ---> 100 TeV

---------------------------------------------------
                           Hadronic Processes for anti_He3

  Process: hadElastic
        Model:              hElasticLHEP: 0 eV /n ---> 100.1 MeV/n
        Model:              AntiAElastic: 100 MeV/n ---> 100 TeV/n
     Cr_sctns:              AntiAGlauber: 0 eV  ---> 100 TeV

  Process: anti_He3Inelastic
        Model:                      FTFP: 0 eV /n ---> 100 TeV/n
     Cr_sctns:              AntiAGlauber: 0 eV  ---> 100 TeV

  Process: hFritiofCaptureAtRest

---------------------------------------------------
                           Hadronic Processes for anti_alpha

  Process: hadElastic
        Model:              hElasticLHEP: 0 eV /n ---> 100.1 MeV/n
        Model:              AntiAElastic: 100 MeV/n ---> 100 TeV/n
     Cr_sctns:              AntiAGlauber: 0 eV  ---> 100 TeV

  Process: anti_alphaInelastic
        Model:                      FTFP: 0 eV /n ---> 100 TeV/n
     Cr_sctns:              AntiAGlauber: 0 eV  ---> 100 TeV

  Process: hFritiofCaptureAtRest

---------------------------------------------------
                           Hadronic Processes for anti_deuteron

  Process: hadElastic
        Model:              hElasticLHEP: 0 eV /n ---> 100.1 MeV/n
        Model:              AntiAElastic: 100 MeV/n ---> 100 TeV/n
     Cr_sctns:              AntiAGlauber: 0 eV  ---> 100 TeV

  Process: anti_deuteronInelastic
        Model:                      FTFP: 0 eV /n ---> 100 TeV/n
     Cr_sctns:              AntiAGlauber: 0 eV  ---> 100 TeV

  Process: hFritiofCaptureAtRest

---------------------------------------------------
                           Hadronic Processes for anti_neutron

  Process: hadElastic
        Model:              hElasticLHEP: 0 eV  ---> 100.1 MeV
        Model:              AntiAElastic: 100 MeV ---> 100 TeV
     Cr_sctns:              AntiAGlauber: 0 eV  ---> 100 TeV

  Process: anti_neutronInelastic
        Model:                      FTFP: 0 eV  ---> 100 TeV
     Cr_sctns:              AntiAGlauber: 0 eV  ---> 100 TeV

  Process: hFritiofCaptureAtRest

---------------------------------------------------
                           Hadronic Processes for anti_proton

  Process: hadElastic
        Model:              hElasticLHEP: 0 eV  ---> 100.1 MeV
        Model:              AntiAElastic: 100 MeV ---> 100 TeV
     Cr_sctns:              AntiAGlauber: 0 eV  ---> 100 TeV

  Process: anti_protonInelastic
        Model:                      FTFP: 0 eV  ---> 100 TeV
     Cr_sctns:              AntiAGlauber: 0 eV  ---> 100 TeV

  Process: hFritiofCaptureAtRest

---------------------------------------------------
                           Hadronic Processes for anti_triton

  Process: hadElastic
        Model:              hElasticLHEP: 0 eV /n ---> 100.1 MeV/n
        Model:              AntiAElastic: 100 MeV/n ---> 100 TeV/n
     Cr_sctns:              AntiAGlauber: 0 eV  ---> 100 TeV

  Process: anti_tritonInelastic
        Model:                      FTFP: 0 eV /n ---> 100 TeV/n
     Cr_sctns:              AntiAGlauber: 0 eV  ---> 100 TeV

  Process: hFritiofCaptureAtRest

---------------------------------------------------
                           Hadronic Processes for deuteron

  Process: hadElastic
        Model:              hElasticLHEP: 0 eV /n ---> 100 TeV/n
     Cr_sctns:  Glauber-Gribov Nucl-nucl: 0 eV  ---> 100 TeV

  Process: dInelastic
        Model:  Binary Light Ion Cascade: 0 eV /n ---> 6 GeV/n
        Model:                      FTFP: 3 GeV/n ---> 100 TeV/n
     Cr_sctns:  Glauber-Gribov Nucl-nucl: 0 eV  ---> 100 TeV

---------------------------------------------------
                           Hadronic Processes for e+

  Process: positronNuclear
        Model:   G4ElectroVDNuclearModel: 0 eV  ---> 1 PeV
     Cr_sctns:          ElectroNuclearXS: 0 eV  ---> 100 TeV

---------------------------------------------------
                           Hadronic Processes for e-

  Process: electronNuclear
        Model:   G4ElectroVDNuclearModel: 0 eV  ---> 1 PeV
     Cr_sctns:          ElectroNuclearXS: 0 eV  ---> 100 TeV

---------------------------------------------------
                           Hadronic Processes for gamma

  Process: photonNuclear
        Model:            BertiniCascade: 0 eV  ---> 3.5 GeV
        Model:           TheoFSGenerator: 3 GeV ---> 100 TeV
     Cr_sctns:            PhotoNuclearXS: 0 eV  ---> 100 TeV

---------------------------------------------------
                           Hadronic Processes for kaon+

  Process: hadElastic
        Model:              hElasticLHEP: 0 eV  ---> 100 TeV
     Cr_sctns:            Glauber-Gribov: 0 eV  ---> 100 TeV

  Process: kaon+Inelastic
        Model:                      FTFP: 3 GeV ---> 100 TeV
        Model:            BertiniCascade: 0 eV  ---> 6 GeV
     Cr_sctns:            Glauber-Gribov: 0 eV  ---> 100 TeV

---------------------------------------------------
                           Hadronic Processes for kaon-

  Process: hadElastic
        Model:              hElasticLHEP: 0 eV  ---> 100 TeV
     Cr_sctns:            Glauber-Gribov: 0 eV  ---> 100 TeV

  Process: kaon-Inelastic
        Model:                      FTFP: 3 GeV ---> 100 TeV
        Model:            BertiniCascade: 0 eV  ---> 6 GeV
     Cr_sctns:            Glauber-Gribov: 0 eV  ---> 100 TeV

  Process: hBertiniCaptureAtRest

---------------------------------------------------
                           Hadronic Processes for lambda

  Process: hadElastic
        Model:              hElasticLHEP: 0 eV  ---> 100 TeV
     Cr_sctns:            Glauber-Gribov: 0 eV  ---> 100 TeV

  Process: lambdaInelastic
        Model:            BertiniCascade: 0 eV  ---> 6 GeV
        Model:                      FTFP: 3 GeV ---> 100 TeV
     Cr_sctns:            Glauber-Gribov: 0 eV  ---> 100 TeV

---------------------------------------------------
                           Hadronic Processes for mu+

  Process: muonNuclear
        Model:      G4MuonVDNuclearModel: 0 eV  ---> 1 PeV
     Cr_sctns:     KokoulinMuonNuclearXS: 0 eV  ---> 100 TeV

---------------------------------------------------
                           Hadronic Processes for mu-

  Process: muonNuclear
        Model:      G4MuonVDNuclearModel: 0 eV  ---> 1 PeV
     Cr_sctns:     KokoulinMuonNuclearXS: 0 eV  ---> 100 TeV

  Process: muMinusCaptureAtRest

---------------------------------------------------
                           Hadronic Processes for pi+

  Process: hadElastic
        Model:           hElasticGlauber: 0 eV  ---> 100 TeV
     Cr_sctns:  BarashenkovGlauberGribov: 0 eV  ---> 100 TeV

  Process: pi+Inelastic
        Model:                      FTFP: 3 GeV ---> 100 TeV
        Model:            BertiniCascade: 0 eV  ---> 6 GeV
     Cr_sctns:  BarashenkovGlauberGribov: 0 eV  ---> 100 TeV

---------------------------------------------------
                           Hadronic Processes for pi-

  Process: hadElastic
        Model:           hElasticGlauber: 0 eV  ---> 100 TeV
     Cr_sctns:  BarashenkovGlauberGribov: 0 eV  ---> 100 TeV

  Process: pi-Inelastic
        Model:                      FTFP: 3 GeV ---> 100 TeV
        Model:            BertiniCascade: 0 eV  ---> 6 GeV
     Cr_sctns:  BarashenkovGlauberGribov: 0 eV  ---> 100 TeV

  Process: hBertiniCaptureAtRest

---------------------------------------------------
                           Hadronic Processes for proton

  Process: hadElastic
        Model:             hElasticCHIPS: 0 eV  ---> 100 TeV
     Cr_sctns:  BarashenkovGlauberGribov: 0 eV  ---> 100 TeV

  Process: protonInelastic
        Model:                      FTFP: 3 GeV ---> 100 TeV
        Model:            BertiniCascade: 0 eV  ---> 6 GeV
     Cr_sctns:  BarashenkovGlauberGribov: 0 eV  ---> 100 TeV

---------------------------------------------------
                           Hadronic Processes for triton

  Process: hadElastic
        Model:              hElasticLHEP: 0 eV /n ---> 100 TeV/n
     Cr_sctns:  Glauber-Gribov Nucl-nucl: 0 eV  ---> 100 TeV

  Process: tInelastic
        Model:  Binary Light Ion Cascade: 0 eV /n ---> 6 GeV/n
        Model:                      FTFP: 3 GeV/n ---> 100 TeV/n
     Cr_sctns:  Glauber-Gribov Nucl-nucl: 0 eV  ---> 100 TeV

================================================================
G4WT0 > /run/verbose 1
G4WT1 > /run/verbose 1
G4WT1 > /tracking/verbose 0
G4WT0 > /tracking/verbose 0
G4WT1 > /testhadr/targetElm Al
G4WT0 > /testhadr/targetElm Al
G4WT1 > /run/printProgress 10
G4WT0 > /run/printProgress 10
G4WT1 > /run/initialize 
G4WT1 > /run/physicsModified 
G4WT0 > /run/initialize 
G4WT0 > /run/physicsModified 
=======================================================================
======       Pre-compound/De-excitation Physics Parameters     ========
=======================================================================
Type of pre-compound inverse x-section              3
Pre-compound model active                           1
Pre-compound excitation low energy (MeV)            0.1
Pre-compound excitation high energy (MeV)           100
Type of de-excitation inverse x-section             3
Type of de-excitation factory                       Evaporation+GEM
Number of de-excitation channels                    68
Min excitation energy (keV)                         0.01
Min energy per nucleon for multifragmentation (MeV) 2e+05
Limit excitation energy for Fermi BreakUp (MeV)     20
Level density (1/MeV)                               0.075
Use simple level density model                      1
Use discrete excitation energy of the residual      0
Time limit for long lived isomeres (ns)             1e+12
Internal e- conversion flag                         1
Store e- internal conversion data                   0
Electron internal conversion ID                     2
Correlated gamma emission flag                      0
Max 2J for sampling of angular correlations         10
Upload data before 1st event for                Z < 9
=======================================================================
/process/em/workerVerbose 0
/run/physicsModified
/process/em/verbose 0
/run/physicsModified
/gun/particle kaon+
/gun/energy 100. MeV
/testhadr/particle kaon+
/testhadr/verbose 1
/run/beamOn 1
/run/physicsModified

========= Table of registered couples ==============================

Index : 0     used in the geometry : Yes
 Material : G4_Galactic
 Range cuts        :  gamma  700 um     e-  700 um     e+  700 um  proton 700 um 
 Energy thresholds :  gamma  990 eV     e-  990 eV     e+  990 eV  proton 70 keV
 Region(s) which use this couple : 
    DefaultRegionForTheWorld

Index : 1     used in the geometry : Yes
 Material : G4_Al
 Range cuts        :  gamma  700 um     e-  700 um     e+  700 um  proton 700 um 
 Energy thresholds :  gamma  5.85564 keV    e-  460.395 keV    e+  442.201 keV proton 70 keV
 Region(s) which use this couple : 
    DefaultRegionForTheWorld

====================================================================

### Run 0 starts.
### Run 0 start
G4WT0 > /process/em/workerVerbose 0
G4WT1 > /process/em/workerVerbose 0
G4WT1 > /run/physicsModified 
G4WT1 > /process/em/verbose 0
G4WT0 > /run/physicsModified 
G4WT0 > /process/em/verbose 0
G4WT0 > /run/physicsModified 
G4WT1 > /run/physicsModified 
G4WT0 > /gun/particle kaon+
G4WT1 > /gun/particle kaon+
G4WT0 > /gun/energy 100. MeV
G4WT1 > /gun/energy 100. MeV
G4WT0 > /testhadr/particle kaon+
G4WT1 > /testhadr/particle kaon+
G4WT1 > /testhadr/verbose 1
G4WT0 > /testhadr/verbose 1
G4WT1 > /run/physicsModified 
G4WT0 > /run/physicsModified 
G4WT0 > ### Run 0 starts on worker thread 0.
G4WT1 > ### Run 0 starts on worker thread 1.
G4WT1 > Thread-local run terminated.
G4WT1 > Run Summary
G4WT1 >   Number of events processed : 0
G4WT0 > --> Event 0 starts with initial seeds (13049039,61775110).
G4WT1 >   User=0.000000s Real=0.000002s Sys=0.000000s [Cpu=0.0%]
G4WT0 > EventAction: Event # 0 started
G4WT0 > Thread-local run terminated.
G4WT0 > Run Summary
G4WT0 >   Number of events processed : 1
G4WT0 >   User=0.010000s Real=0.000429s Sys=0.000000s [Cpu=2330.7%]
 Run terminated.
Run Summary
  Number of events processed : 1
  User=0.010000s Real=0.001923s Sys=0.000000s [Cpu=520.0%]
RunAction: End of run actions are started
HistoManager: End of run actions are started
### Fill Cross Sections for kaon+ off Al
-------------------------------------------------------------
    N     E(MeV)   Elastic(b)   Inelastic(b)   Total(b)
-------------------------------------------------------------
    0      0.1012    0.001477      0.04843      0.04991
    1      0.1035    0.001477      0.04844      0.04992
    2      0.1059    0.001478      0.04845      0.04993
    3      0.1084    0.001478      0.04846      0.04994
    4      0.1109    0.001479      0.04847      0.04994
    5      0.1135    0.001479      0.04847      0.04995
    6      0.1161     0.00148      0.04848      0.04996
    7      0.1189     0.00148      0.04849      0.04997
    8      0.1216    0.001481       0.0485      0.04998
    9      0.1245    0.001482      0.04851      0.04999
   10      0.1274    0.001482      0.04852         0.05
   11      0.1303    0.001483      0.04853      0.05001
   12      0.1334    0.001483      0.04853      0.05002
   13      0.1365    0.001484      0.04854      0.05003
   14      0.1396    0.001484      0.04855      0.05004
   15      0.1429    0.001485      0.04856      0.05005
   16      0.1462    0.001485      0.04857      0.05006
   17      0.1496    0.001486      0.04858      0.05007
   18      0.1531    0.001487      0.04859      0.05008
   19      0.1567    0.001487       0.0486      0.05009
   20      0.1603    0.001488      0.04861       0.0501
   21      0.1641    0.001488      0.04862      0.05011
   22      0.1679    0.001489      0.04863      0.05012
   23      0.1718     0.00149      0.04864      0.05013
   24      0.1758     0.00149      0.04865      0.05014
   25      0.1799    0.001491      0.04866      0.05015
   26      0.1841    0.001492      0.04867      0.05016
   27      0.1884    0.001492      0.04868      0.05017
   28      0.1928    0.001493      0.04869      0.05019
   29      0.1972    0.001494       0.0487       0.0502
   30      0.2018    0.001494      0.04871      0.05021
   31      0.2065    0.001495      0.04873      0.05022
   32      0.2113    0.001496      0.04874      0.05023
   33      0.2163    0.001496      0.04875      0.05024
   34      0.2213    0.001497      0.04876      0.05026
   35      0.2265    0.001498      0.04877      0.05027
   36      0.2317    0.001498      0.04878      0.05028
   37      0.2371    0.001499       0.0488      0.05029
   38      0.2427      0.0015      0.04881      0.05031
   39      0.2483    0.001501      0.04882      0.05032
   40      0.2541    0.001501      0.04883      0.05033
   41        0.26    0.001502      0.04884      0.05035
   42      0.2661    0.001503      0.04886      0.05036
   43      0.2723    0.001504      0.04887      0.05037
   44      0.2786    0.001505      0.04888      0.05039
   45      0.2851    0.001505       0.0489       0.0504
   46      0.2917    0.001506      0.04891      0.05042
   47      0.2985    0.001507      0.04892      0.05043
   48      0.3055    0.001508      0.04894      0.05044
   49      0.3126    0.001509      0.04895      0.05046
   50      0.3199     0.00151      0.04896      0.05047
   51      0.3273     0.00151      0.04898      0.05049
   52       0.335    0.001511      0.04899       0.0505
   53      0.3428    0.001512      0.04901      0.05052
   54      0.3508    0.001513      0.04902      0.05054
   55      0.3589    0.001514      0.04904      0.05055
   56      0.3673    0.001515      0.04905      0.05057
   57      0.3758    0.001516      0.04907      0.05058
   58      0.3846    0.001517      0.04908       0.0506
   59      0.3936    0.001518       0.0491      0.05062
   60      0.4027    0.001519      0.04911      0.05063
   61      0.4121     0.00152      0.04913      0.05065
   62      0.4217    0.001521      0.04915      0.05067
   63      0.4315    0.001522      0.04916      0.05068
   64      0.4416    0.001523      0.04918       0.0507
   65      0.4519    0.001524       0.0492      0.05072
   66      0.4624    0.001525      0.04921      0.05074
   67      0.4732    0.001526      0.04923      0.05076
   68      0.4842    0.001527      0.04925      0.05077
   69      0.4955    0.001528      0.04926      0.05079
   70       0.507    0.001529      0.04928      0.05081
   71      0.5188     0.00153       0.0493      0.05083
   72      0.5309    0.001532      0.04932      0.05085
   73      0.5433    0.001533      0.04934      0.05087
   74      0.5559    0.001534      0.04936      0.05089
   75      0.5689    0.001535      0.04937      0.05091
   76      0.5821    0.001536      0.04939      0.05093
   77      0.5957    0.001537      0.04941      0.05095
   78      0.6095    0.001539      0.04943      0.05097
   79      0.6237     0.00154      0.04945      0.05099
   80      0.6383    0.001541      0.04947      0.05101
   81      0.6531    0.001542      0.04949      0.05103
   82      0.6683    0.001544      0.04951      0.05106
   83      0.6839    0.001545      0.04953      0.05108
   84      0.6998    0.001546      0.04955       0.0511
   85      0.7161    0.001548      0.04958      0.05112
   86      0.7328    0.001549       0.0496      0.05115
   87      0.7499     0.00155      0.04962      0.05117
   88      0.7674    0.001552      0.04964      0.05119
   89      0.7852    0.001553      0.04966      0.05122
   90      0.8035    0.001554      0.04969      0.05124
   91      0.8222    0.001556      0.04971      0.05127
   92      0.8414    0.001557      0.04973      0.05129
   93       0.861    0.001559      0.04976      0.05131
   94       0.881     0.00156      0.04978      0.05134
   95      0.9016    0.001677       0.0516      0.05328
   96      0.9226    0.001887      0.05474      0.05662
   97      0.9441    0.002103      0.05778      0.05988
   98      0.9661    0.002323      0.06073      0.06305
   99      0.9886    0.002548      0.06359      0.06614
  100       1.012    0.002776      0.06638      0.06915
  101       1.035    0.003008      0.06908      0.07209
  102       1.059    0.003241      0.07171      0.07495
  103       1.084    0.003476      0.07426      0.07774
  104       1.109    0.003713      0.07674      0.08046
  105       1.135     0.00395      0.07915       0.0831
  106       1.161    0.004188       0.0815      0.08569
  107       1.189    0.004426      0.08378      0.08821
  108       1.216    0.004664        0.086      0.09066
  109       1.245    0.004901      0.08815      0.09306
  110       1.274    0.005137      0.09025      0.09539
  111       1.303    0.005373       0.0923      0.09767
  112       1.334    0.005607      0.09428      0.09989
  113       1.365     0.00584      0.09622       0.1021
  114       1.396    0.006071       0.0981       0.1042
  115       1.429      0.0063      0.09993       0.1062
  116       1.462    0.006527       0.1017       0.1082
  117       1.496    0.006753       0.1035       0.1102
  118       1.531    0.006976       0.1052       0.1121
  119       1.567    0.007197       0.1068        0.114
  120       1.603    0.007415       0.1084       0.1158
  121       1.641    0.007631         0.11       0.1176
  122       1.679    0.007844       0.1115       0.1193
  123       1.718    0.008055        0.113        0.121
  124       1.758    0.008263       0.1144       0.1227
  125       1.799    0.008469       0.1158       0.1243
  126       1.841    0.008671       0.1172       0.1259
  127       1.884    0.008871       0.1186       0.1274
  128       1.928    0.009069       0.1199       0.1289
  129       1.972    0.009263       0.1211       0.1304
  130       2.018    0.009454       0.1224       0.1318
  131       2.065    0.009643       0.1236       0.1332
  132       2.113    0.009829       0.1248       0.1346
  133       2.163     0.01001       0.1259        0.136
  134       2.213     0.01019       0.1271       0.1373
  135       2.265     0.01037       0.1282       0.1385
  136       2.317     0.01054       0.1292       0.1398
  137       2.371     0.01072       0.1303        0.141
  138       2.427     0.01088       0.1313       0.1422
  139       2.483     0.01105       0.1323       0.1434
  140       2.541     0.01121       0.1333       0.1445
  141         2.6     0.01137       0.1342       0.1456
  142       2.661     0.01153       0.1352       0.1467
  143       2.723     0.01169       0.1361       0.1478
  144       2.786     0.01184        0.137       0.1488
  145       2.851     0.01199       0.1378       0.1498
  146       2.917     0.01214       0.1387       0.1508
  147       2.985     0.01228       0.1395       0.1518
  148       3.055     0.01243       0.1403       0.1527
  149       3.126     0.01257       0.1411       0.1537
  150       3.199      0.0127       0.1419       0.1546
  151       3.273     0.01284       0.1426       0.1555
  152        3.35     0.01297       0.1433       0.1563
  153       3.428      0.0131       0.1441       0.1572
  154       3.508     0.01323       0.1448        0.158
  155       3.589     0.01336       0.1455       0.1588
  156       3.673     0.01348       0.1461       0.1596
  157       3.758      0.0136       0.1468       0.1604
  158       3.846     0.01372       0.1474       0.1612
  159       3.936     0.01384       0.1481       0.1619
  160       4.027     0.01395       0.1487       0.1626
  161       4.121     0.01407       0.1493       0.1633
  162       4.217     0.01418       0.1499        0.164
  163       4.315     0.01429       0.1504       0.1647
  164       4.416      0.0144        0.151       0.1654
  165       4.519      0.0145       0.1516       0.1661
  166       4.624      0.0146       0.1521       0.1667
  167       4.732     0.01471       0.1526       0.1673
  168       4.842     0.01481       0.1531        0.168
  169       4.955      0.0149       0.1537       0.1686
  170        5.07       0.015       0.1542       0.1692
  171       5.188      0.0151       0.1546       0.1697
  172       5.309     0.01519       0.1551       0.1703
  173       5.433     0.01528       0.1556       0.1709
  174       5.559     0.01537        0.156       0.1714
  175       5.689     0.01546       0.1565        0.172
  176       5.821     0.01555       0.1569       0.1725
  177       5.957     0.01563       0.1574        0.173
  178       6.095     0.01572       0.1578       0.1735
  179       6.237      0.0158       0.1582        0.174
  180       6.383     0.01588       0.1586       0.1745
  181       6.531     0.01596        0.159        0.175
  182       6.683     0.01604       0.1594       0.1754
  183       6.839     0.01612       0.1598       0.1759
  184       6.998      0.0162       0.1602       0.1764
  185       7.161     0.01627       0.1605       0.1768
  186       7.328     0.01634       0.1609       0.1772
  187       7.499     0.01642       0.1613       0.1777
  188       7.674     0.01649       0.1616       0.1781
  189       7.852     0.01656        0.162       0.1785
  190       8.035     0.01663       0.1623       0.1789
  191       8.222      0.0167       0.1626       0.1793
  192       8.414     0.01677        0.163       0.1797
  193        8.61     0.01683       0.1633       0.1801
  194        8.81      0.0169       0.1636       0.1805
  195       9.016     0.01696       0.1639       0.1809
  196       9.226     0.01703       0.1642       0.1813
  197       9.441     0.01709       0.1645       0.1816
  198       9.661     0.01715       0.1648        0.182
  199       9.886     0.01721       0.1651       0.1823
  200       10.12     0.01728       0.1654       0.1827
  201       10.35     0.01734       0.1657       0.1831
  202       10.59      0.0174        0.166       0.1834
  203       10.84     0.01746       0.1663       0.1837
  204       11.09     0.01751       0.1666       0.1841
  205       11.35     0.01757       0.1668       0.1844
  206       11.61     0.01763       0.1671       0.1847
  207       11.89     0.01768       0.1674        0.185
  208       12.16     0.01774       0.1676       0.1854
  209       12.45     0.01779       0.1679       0.1857
  210       12.74     0.01785       0.1681        0.186
  211       13.03      0.0179       0.1684       0.1863
  212       13.34     0.01795       0.1686       0.1866
  213       13.65     0.01801       0.1689       0.1869
  214       13.96     0.01806       0.1691       0.1872
  215       14.29     0.01811       0.1694       0.1875
  216       14.62     0.01816       0.1696       0.1878
  217       14.96     0.01821       0.1699       0.1881
  218       15.31     0.01826       0.1701       0.1884
  219       15.67     0.01831       0.1703       0.1886
  220       16.03     0.01836       0.1706       0.1889
  221       16.41     0.01841       0.1708       0.1892
  222       16.79     0.01846        0.171       0.1895
  223       17.18     0.01851       0.1712       0.1898
  224       17.58     0.01856       0.1715         0.19
  225       17.99     0.01861       0.1717       0.1903
  226       18.41     0.01866       0.1719       0.1906
  227       18.84     0.01871       0.1721       0.1908
  228       19.28     0.01875       0.1724       0.1911
  229       19.72      0.0188       0.1726       0.1914
  230       20.18     0.01885       0.1728       0.1917
  231       20.65      0.0189        0.173       0.1919
  232       21.13     0.01895       0.1732       0.1922
  233       21.63     0.01899       0.1735       0.1925
  234       22.13     0.01904       0.1737       0.1927
  235       22.65     0.01909       0.1739        0.193
  236       23.17     0.01914       0.1741       0.1932
  237       23.71     0.01918       0.1743       0.1935
  238       24.27     0.01923       0.1745       0.1938
  239       24.83     0.01928       0.1748        0.194
  240       25.41     0.01933        0.175       0.1943
  241          26     0.01937       0.1752       0.1946
  242       26.61     0.01942       0.1754       0.1948
  243       27.23     0.01947       0.1756       0.1951
  244       27.86     0.01952       0.1758       0.1954
  245       28.51     0.01957       0.1761       0.1956
  246       29.17     0.01962       0.1763       0.1959
  247       29.85     0.01966       0.1765       0.1962
  248       30.55     0.01971       0.1767       0.1964
  249       31.26     0.01976       0.1769       0.1967
  250       31.99     0.01981       0.1772        0.197
  251       32.73     0.01986       0.1774       0.1972
  252        33.5     0.01991       0.1776       0.1975
  253       34.28     0.01996       0.1778       0.1978
  254       35.08     0.02002       0.1781       0.1981
  255       35.89     0.02007       0.1783       0.1984
  256       36.73     0.02012       0.1785       0.1986
  257       37.58     0.02017       0.1788       0.1989
  258       38.46     0.02022        0.179       0.1992
  259       39.36     0.02028       0.1792       0.1995
  260       40.27     0.02033       0.1795       0.1998
  261       41.21     0.02039       0.1797       0.2001
  262       42.17     0.02044         0.18       0.2004
  263       43.15      0.0205       0.1802       0.2007
  264       44.16     0.02055       0.1804        0.201
  265       45.19     0.02061       0.1807       0.2013
  266       46.24     0.02067        0.181       0.2016
  267       47.32     0.02073       0.1812       0.2019
  268       48.42     0.02079       0.1815       0.2023
  269       49.55     0.02085       0.1817       0.2026
  270        50.7     0.02091        0.182       0.2029
  271       51.88     0.02097       0.1823       0.2032
  272       53.09     0.02104       0.1825       0.2036
  273       54.33      0.0211       0.1828       0.2039
  274       55.59     0.02116       0.1831       0.2043
  275       56.89     0.02123       0.1834       0.2046
  276       58.21      0.0213       0.1837        0.205
  277       59.57     0.02137        0.184       0.2053
  278       60.95     0.02144       0.1843       0.2057
  279       62.37     0.02151       0.1846       0.2061
  280       63.83     0.02158       0.1849       0.2065
  281       65.31     0.02165       0.1852       0.2069
  282       66.83     0.02173       0.1855       0.2073
  283       68.39      0.0218       0.1859       0.2077
  284       69.98     0.02188       0.1862       0.2081
  285       71.61     0.02196       0.1865       0.2085
  286       73.28     0.02204       0.1869       0.2089
  287       74.99     0.02213       0.1872       0.2093
  288       76.74     0.02221       0.1876       0.2098
  289       78.52      0.0223       0.1879       0.2102
  290       80.35     0.02238       0.1883       0.2107
  291       82.22     0.02247       0.1887       0.2112
  292       84.14     0.02257       0.1891       0.2117
  293        86.1     0.02266       0.1895       0.2121
  294        88.1     0.02276       0.1899       0.2126
  295       90.16     0.02286       0.1903       0.2132
  296       92.26     0.02296       0.1907       0.2137
  297       94.41     0.02306       0.1911       0.2142
  298       96.61     0.02317       0.1916       0.2148
  299       98.86     0.02328        0.192       0.2153
  300       101.2     0.02339       0.1925       0.2159
  301       103.5      0.0235        0.193       0.2165
  302       105.9     0.02362       0.1935       0.2171
  303       108.4     0.02374       0.1939       0.2177
  304       110.9     0.02386       0.1945       0.2183
  305       113.5     0.02399        0.195        0.219
  306       116.1     0.02412       0.1955       0.2196
  307       118.9     0.02426        0.196       0.2203
  308       121.6      0.0244       0.1966        0.221
  309       124.5     0.02454       0.1972       0.2217
  310       127.4     0.02468       0.1978       0.2225
  311       130.3     0.02483       0.1984       0.2232
  312       133.4     0.02499        0.199        0.224
  313       136.5     0.02515       0.1996       0.2248
  314       139.6     0.02531       0.2003       0.2256
  315       142.9     0.02548       0.2009       0.2264
  316       146.2     0.02566       0.2016       0.2273
  317       149.6     0.02583       0.2023       0.2282
  318       153.1     0.02602       0.2031       0.2291
  319       156.7     0.02621       0.2038         0.23
  320       160.3     0.02641       0.2046        0.231
  321       164.1     0.02661       0.2054        0.232
  322       167.9     0.02682       0.2062        0.233
  323       171.8     0.02704        0.207        0.234
  324       175.8     0.02726       0.2079       0.2351
  325       179.9     0.02749       0.2087       0.2362
  326       184.1     0.02773       0.2096       0.2374
  327       188.4     0.02798       0.2106       0.2386
  328       192.8     0.02823       0.2115       0.2398
  329       197.2      0.0285       0.2125        0.241
  330       201.8     0.02877       0.2135       0.2423
  331       206.5     0.02905       0.2146       0.2436
  332       211.3     0.02934       0.2157        0.245
  333       216.3     0.02964       0.2168       0.2464
  334       221.3     0.02995       0.2179       0.2479
  335       226.5     0.03027       0.2191       0.2493
  336       231.7     0.03061       0.2203       0.2509
  337       237.1     0.03095       0.2215       0.2525
  338       242.7     0.03131       0.2228       0.2541
  339       248.3     0.03167       0.2241       0.2558
  340       254.1     0.03206       0.2254       0.2575
  341         260     0.03245       0.2268       0.2593
  342       266.1     0.03285       0.2282       0.2611
  343       272.3     0.03327       0.2297        0.263
  344       278.6     0.03371       0.2312       0.2649
  345       285.1     0.03416       0.2327       0.2669
  346       291.7     0.03462       0.2343       0.2689
  347       298.5      0.0351       0.2359        0.271
  348       305.5     0.03559       0.2376       0.2732
  349       312.6      0.0361       0.2393       0.2754
  350       319.9     0.03664       0.2411       0.2777
  351       327.3     0.03722        0.243       0.2802
  352         335     0.03783        0.245       0.2828
  353       342.8     0.03847       0.2471       0.2855
  354       350.8     0.03915       0.2492       0.2884
  355       358.9     0.03987       0.2515       0.2914
  356       367.3     0.04062       0.2539       0.2945
  357       375.8     0.04141       0.2564       0.2978
  358       384.6     0.04224       0.2589       0.3012
  359       393.6      0.0431       0.2616       0.3047
  360       402.7       0.044       0.2643       0.3083
  361       412.1     0.04494       0.2671       0.3121
  362       421.7      0.0459         0.27       0.3159
  363       431.5      0.0469        0.273       0.3199
  364       441.6     0.04793        0.276       0.3239
  365       451.9     0.04899        0.279        0.328
  366       462.4     0.05006       0.2821       0.3321
  367       473.2     0.05117       0.2852       0.3363
  368       484.2     0.05228       0.2883       0.3406
  369       495.5     0.05341       0.2914       0.3449
  370         507     0.05456       0.2946       0.3491
  371       518.8      0.0557       0.2977       0.3534
  372       530.9     0.05685       0.3007       0.3576
  373       543.3     0.05799       0.3038       0.3618
  374       555.9     0.05912       0.3067       0.3659
  375       568.9     0.06023       0.3097       0.3699
  376       582.1     0.06133       0.3125       0.3738
  377       595.7     0.06239       0.3152       0.3776
  378       609.5     0.06342       0.3178       0.3812
  379       623.7     0.06441       0.3203       0.3847
  380       638.3     0.06536       0.3227       0.3881
  381       653.1     0.06626       0.3249       0.3912
  382       668.3     0.06711        0.327       0.3941
  383       683.9     0.06789        0.329       0.3969
  384       699.8     0.06862       0.3307       0.3994
  385       716.1     0.06928       0.3324       0.4016
  386       732.8     0.06987       0.3338       0.4037
  387       749.9      0.0704       0.3351       0.4055
  388       767.4     0.07086       0.3362        0.407
  389       785.2     0.07125       0.3371       0.4083
  390       803.5     0.07157       0.3379       0.4094
  391       822.2     0.07182       0.3385       0.4103
  392       841.4     0.07201       0.3389       0.4109
  393         861     0.07214       0.3392       0.4114
  394         881     0.07221       0.3394       0.4116
  395       901.6     0.07222       0.3394       0.4117
  396       922.6     0.07219       0.3393       0.4115
  397       944.1     0.07211       0.3392       0.4113
  398       966.1     0.07198       0.3389       0.4108
  399       988.6     0.07182       0.3385       0.4103
  400        1012     0.07163        0.338       0.4097
  401        1035     0.07141       0.3375       0.4089
  402        1059     0.07117       0.3369       0.4081
  403        1084     0.07091       0.3363       0.4072
  404        1109     0.07063       0.3356       0.4063
  405        1135     0.07034       0.3349       0.4053
  406        1161     0.07005       0.3342       0.4043
  407        1189     0.06975       0.3335       0.4032
  408        1216     0.06944       0.3327       0.4022
  409        1245     0.06914        0.332       0.4011
  410        1274     0.06883       0.3313       0.4001
  411        1303     0.06853       0.3305       0.3991
  412        1334     0.06824       0.3298       0.3981
  413        1365     0.06795       0.3291       0.3971
  414        1396     0.06767       0.3284       0.3961
  415        1429      0.0674       0.3278       0.3951
  416        1462     0.06713       0.3271       0.3942
  417        1496     0.06688       0.3265       0.3934
  418        1531     0.06663       0.3259       0.3925
  419        1567      0.0664       0.3253       0.3917
  420        1603     0.06617       0.3247       0.3909
  421        1641     0.06596       0.3242       0.3902
  422        1679     0.06575       0.3237       0.3894
  423        1718     0.06556       0.3232       0.3888
  424        1758     0.06537       0.3227       0.3881
  425        1799     0.06519       0.3223       0.3875
  426        1841     0.06503       0.3219       0.3869
  427        1884     0.06487       0.3215       0.3863
  428        1928     0.06472       0.3211       0.3858
  429        1972     0.06457       0.3207       0.3853
  430        2018     0.06444       0.3204       0.3848
  431        2065     0.06431       0.3201       0.3844
  432        2113     0.06419       0.3198        0.384
  433        2163     0.06408       0.3195       0.3836
  434        2213     0.06398       0.3192       0.3832
  435        2265     0.06388        0.319       0.3829
  436        2317     0.06379       0.3188       0.3825
  437        2371      0.0637       0.3185       0.3822
  438        2427     0.06362       0.3183       0.3819
  439        2483     0.06354       0.3181       0.3817
  440        2541     0.06348        0.318       0.3814
  441        2600     0.06341       0.3178       0.3812
  442        2661     0.06335       0.3176        0.381
  443        2723      0.0633       0.3175       0.3808
  444        2786     0.06324       0.3174       0.3806
  445        2851      0.0632       0.3173       0.3805
  446        2917     0.06316       0.3172       0.3803
  447        2985     0.06312       0.3171       0.3802
  448        3055     0.06308        0.317       0.3801
  449        3126     0.06305       0.3169       0.3799
  450        3199     0.06302       0.3168       0.3798
  451        3273       0.063       0.3168       0.3798
  452        3350     0.06298       0.3167       0.3797
  453        3428     0.06296       0.3167       0.3796
  454        3508     0.06294       0.3166       0.3796
  455        3589     0.06293       0.3166       0.3795
  456        3673     0.06292       0.3166       0.3795
  457        3758     0.06291       0.3165       0.3795
  458        3846     0.06291       0.3165       0.3794
  459        3936     0.06291       0.3165       0.3794
  460        4027     0.06291       0.3165       0.3794
  461        4121     0.06291       0.3165       0.3794
  462        4217     0.06291       0.3165       0.3794
  463        4315     0.06292       0.3165       0.3795
  464        4416     0.06292       0.3166       0.3795
  465        4519     0.06293       0.3166       0.3795
  466        4624     0.06294       0.3166       0.3796
  467        4732     0.06296       0.3166       0.3796
  468        4842     0.06297       0.3167       0.3797
  469        4955     0.06299       0.3167       0.3797
  470        5070       0.063       0.3168       0.3798
  471        5188     0.06302       0.3168       0.3798
  472        5309     0.06304       0.3169       0.3799
  473        5433     0.06306       0.3169         0.38
  474        5559     0.06309        0.317       0.3801
  475        5689     0.06311        0.317       0.3802
  476        5821     0.06314       0.3171       0.3802
  477        5957     0.06316       0.3172       0.3803
  478        6095     0.06319       0.3172       0.3804
  479        6237     0.06322       0.3173       0.3805
  480        6383     0.06325       0.3174       0.3806
  481        6531     0.06328       0.3175       0.3807
  482        6683     0.06331       0.3175       0.3809
  483        6839     0.06334       0.3176        0.381
  484        6998     0.06337       0.3177       0.3811
  485        7161     0.06341       0.3178       0.3812
  486        7328     0.06344       0.3179       0.3813
  487        7499     0.06348        0.318       0.3814
  488        7674     0.06351       0.3181       0.3816
  489        7852     0.06355       0.3182       0.3817
  490        8035     0.06359       0.3183       0.3818
  491        8222     0.06363       0.3183        0.382
  492        8414     0.06367       0.3184       0.3821
  493        8610     0.06371       0.3186       0.3823
  494        8810     0.06375       0.3187       0.3824
  495        9016     0.06379       0.3188       0.3825
  496        9226     0.06383       0.3189       0.3827
  497        9441     0.06387        0.319       0.3828
  498        9661     0.06392       0.3191        0.383
  499        9886     0.06396       0.3192       0.3832
  500   1.012e+04     0.06401       0.3193       0.3833
  501   1.035e+04     0.06405       0.3194       0.3835
  502   1.059e+04      0.0641       0.3195       0.3836
  503   1.084e+04     0.06414       0.3196       0.3838
  504   1.109e+04     0.06419       0.3198        0.384
  505   1.135e+04     0.06424       0.3199       0.3841
  506   1.161e+04     0.06428         0.32       0.3843
  507   1.189e+04     0.06433       0.3201       0.3845
  508   1.216e+04     0.06438       0.3203       0.3846
  509   1.245e+04     0.06443       0.3204       0.3848
  510   1.274e+04     0.06448       0.3205        0.385
  511   1.303e+04     0.06453       0.3206       0.3852
  512   1.334e+04     0.06458       0.3208       0.3853
  513   1.365e+04     0.06464       0.3209       0.3855
  514   1.396e+04     0.06469        0.321       0.3857
  515   1.429e+04     0.06474       0.3212       0.3859
  516   1.462e+04      0.0648       0.3213       0.3861
  517   1.496e+04     0.06485       0.3214       0.3863
  518   1.531e+04      0.0649       0.3216       0.3865
  519   1.567e+04     0.06496       0.3217       0.3867
  520   1.603e+04     0.06502       0.3218       0.3869
  521   1.641e+04     0.06507        0.322       0.3871
  522   1.679e+04     0.06513       0.3221       0.3873
  523   1.718e+04     0.06519       0.3223       0.3875
  524   1.758e+04     0.06525       0.3224       0.3877
  525   1.799e+04     0.06531       0.3226       0.3879
  526   1.841e+04     0.06536       0.3227       0.3881
  527   1.884e+04     0.06543       0.3229       0.3883
  528   1.928e+04     0.06549        0.323       0.3885
  529   1.972e+04     0.06555       0.3232       0.3887
  530   2.018e+04     0.06561       0.3233       0.3889
  531   2.065e+04     0.06567       0.3235       0.3892
  532   2.113e+04     0.06574       0.3236       0.3894
  533   2.163e+04      0.0658       0.3238       0.3896
  534   2.213e+04     0.06586        0.324       0.3898
  535   2.265e+04     0.06593       0.3241       0.3901
  536   2.317e+04       0.066       0.3243       0.3903
  537   2.371e+04     0.06606       0.3245       0.3905
  538   2.427e+04     0.06613       0.3246       0.3908
  539   2.483e+04      0.0662       0.3248        0.391
  540   2.541e+04     0.06627        0.325       0.3912
  541     2.6e+04     0.06634       0.3251       0.3915
  542   2.661e+04     0.06641       0.3253       0.3917
  543   2.723e+04     0.06648       0.3255        0.392
  544   2.786e+04     0.06655       0.3257       0.3922
  545   2.851e+04     0.06662       0.3258       0.3925
  546   2.917e+04     0.06669        0.326       0.3927
  547   2.985e+04     0.06677       0.3262        0.393
  548   3.055e+04     0.06684       0.3264       0.3932
  549   3.126e+04     0.06692       0.3266       0.3935
  550   3.199e+04       0.067       0.3268       0.3938
  551   3.273e+04     0.06707        0.327        0.394
  552    3.35e+04     0.06715       0.3271       0.3943
  553   3.428e+04     0.06723       0.3273       0.3946
  554   3.508e+04     0.06731       0.3275       0.3948
  555   3.589e+04     0.06739       0.3277       0.3951
  556   3.673e+04     0.06747       0.3279       0.3954
  557   3.758e+04     0.06755       0.3281       0.3957
  558   3.846e+04     0.06763       0.3283        0.396
  559   3.936e+04     0.06772       0.3285       0.3963
  560   4.027e+04      0.0678       0.3287       0.3966
  561   4.121e+04     0.06789        0.329       0.3968
  562   4.217e+04     0.06797       0.3292       0.3971
  563   4.315e+04     0.06806       0.3294       0.3974
  564   4.416e+04     0.06815       0.3296       0.3977
  565   4.519e+04     0.06824       0.3298       0.3981
  566   4.624e+04     0.06833         0.33       0.3984
  567   4.732e+04     0.06842       0.3303       0.3987
  568   4.842e+04     0.06851       0.3305        0.399
  569   4.955e+04      0.0686       0.3307       0.3993
  570    5.07e+04      0.0687       0.3309       0.3996
  571   5.188e+04     0.06879       0.3312          0.4
  572   5.309e+04     0.06889       0.3314       0.4003
  573   5.433e+04     0.06898       0.3316       0.4006
  574   5.559e+04     0.06908       0.3319        0.401
  575   5.689e+04     0.06918       0.3321       0.4013
  576   5.821e+04     0.06928       0.3324       0.4016
  577   5.957e+04     0.06938       0.3326        0.402
  578   6.095e+04     0.06948       0.3328       0.4023
  579   6.237e+04     0.06958       0.3331       0.4027
  580   6.383e+04     0.06969       0.3333        0.403
  581   6.531e+04     0.06979       0.3336       0.4034
  582   6.683e+04      0.0699       0.3338       0.4037
  583   6.839e+04        0.07       0.3341       0.4041
  584   6.998e+04     0.07011       0.3344       0.4045
  585   7.161e+04     0.07022       0.3346       0.4048
  586   7.328e+04     0.07033       0.3349       0.4052
  587   7.499e+04     0.07044       0.3352       0.4056
  588   7.674e+04     0.07055       0.3354        0.406
  589   7.852e+04     0.07066       0.3357       0.4064
  590   8.035e+04     0.07078        0.336       0.4068
  591   8.222e+04     0.07089       0.3362       0.4071
  592   8.414e+04     0.07101       0.3365       0.4075
  593    8.61e+04     0.07113       0.3368       0.4079
  594    8.81e+04     0.07124       0.3371       0.4083
  595   9.016e+04     0.07136       0.3374       0.4087
  596   9.226e+04     0.07148       0.3377       0.4092
  597   9.441e+04     0.07161        0.338       0.4096
  598   9.661e+04     0.07173       0.3383         0.41
  599   9.886e+04     0.07185       0.3385       0.4104
  600   1.012e+05     0.07198       0.3388       0.4108
  601   1.035e+05      0.0721       0.3391       0.4113
  602   1.059e+05     0.07223       0.3395       0.4117
  603   1.084e+05     0.07236       0.3398       0.4121
  604   1.109e+05     0.07249       0.3401       0.4126
  605   1.135e+05     0.07262       0.3404        0.413
  606   1.161e+05     0.07275       0.3407       0.4134
  607   1.189e+05     0.07289        0.341       0.4139
  608   1.216e+05     0.07302       0.3413       0.4144
  609   1.245e+05     0.07316       0.3417       0.4148
  610   1.274e+05      0.0733        0.342       0.4153
  611   1.303e+05     0.07343       0.3423       0.4157
  612   1.334e+05     0.07357       0.3426       0.4162
  613   1.365e+05     0.07371        0.343       0.4167
  614   1.396e+05     0.07386       0.3433       0.4172
  615   1.429e+05       0.074       0.3436       0.4176
  616   1.462e+05     0.07414        0.344       0.4181
  617   1.496e+05     0.07429       0.3443       0.4186
  618   1.531e+05     0.07444       0.3447       0.4191
  619   1.567e+05     0.07458        0.345       0.4196
  620   1.603e+05     0.07473       0.3454       0.4201
  621   1.641e+05     0.07488       0.3457       0.4206
  622   1.679e+05     0.07504       0.3461       0.4211
  623   1.718e+05     0.07519       0.3464       0.4216
  624   1.758e+05     0.07534       0.3468       0.4221
  625   1.799e+05      0.0755       0.3472       0.4227
  626   1.841e+05     0.07566       0.3475       0.4232
  627   1.884e+05     0.07582       0.3479       0.4237
  628   1.928e+05     0.07598       0.3483       0.4242
  629   1.972e+05     0.07614       0.3486       0.4248
  630   2.018e+05      0.0763        0.349       0.4253
  631   2.065e+05     0.07646       0.3494       0.4259
  632   2.113e+05     0.07663       0.3498       0.4264
  633   2.163e+05     0.07679       0.3502        0.427
  634   2.213e+05     0.07696       0.3505       0.4275
  635   2.265e+05     0.07713       0.3509       0.4281
  636   2.317e+05      0.0773       0.3513       0.4286
  637   2.371e+05     0.07747       0.3517       0.4292
  638   2.427e+05     0.07765       0.3521       0.4298
  639   2.483e+05     0.07782       0.3525       0.4303
  640   2.541e+05       0.078       0.3529       0.4309
  641     2.6e+05     0.07817       0.3533       0.4315
  642   2.661e+05     0.07835       0.3537       0.4321
  643   2.723e+05     0.07853       0.3542       0.4327
  644   2.786e+05     0.07871       0.3546       0.4333
  645   2.851e+05      0.0789        0.355       0.4339
  646   2.917e+05     0.07908       0.3554       0.4345
  647   2.985e+05     0.07927       0.3558       0.4351
  648   3.055e+05     0.07945       0.3563       0.4357
  649   3.126e+05     0.07964       0.3567       0.4363
  650   3.199e+05     0.07983       0.3571        0.437
  651   3.273e+05     0.08002       0.3576       0.4376
  652    3.35e+05     0.08022        0.358       0.4382
  653   3.428e+05     0.08041       0.3584       0.4388
  654   3.508e+05      0.0806       0.3589       0.4395
  655   3.589e+05      0.0808       0.3593       0.4401
  656   3.673e+05       0.081       0.3598       0.4408
  657   3.758e+05      0.0812       0.3602       0.4414
  658   3.846e+05      0.0814       0.3607       0.4421
  659   3.936e+05      0.0816       0.3611       0.4427
  660   4.027e+05     0.08181       0.3616       0.4434
  661   4.121e+05     0.08201        0.362        0.444
  662   4.217e+05     0.08222       0.3625       0.4447
  663   4.315e+05     0.08243        0.363       0.4454
  664   4.416e+05     0.08264       0.3634       0.4461
  665   4.519e+05     0.08285       0.3639       0.4468
  666   4.624e+05     0.08306       0.3644       0.4474
  667   4.732e+05     0.08327       0.3649       0.4481
  668   4.842e+05     0.08349       0.3653       0.4488
  669   4.955e+05     0.08371       0.3658       0.4495
  670    5.07e+05     0.08392       0.3663       0.4502
  671   5.188e+05     0.08414       0.3668       0.4509
  672   5.309e+05     0.08437       0.3673       0.4516
  673   5.433e+05     0.08459       0.3678       0.4524
  674   5.559e+05     0.08481       0.3683       0.4531
  675   5.689e+05     0.08504       0.3688       0.4538
  676   5.821e+05     0.08526       0.3693       0.4545
  677   5.957e+05     0.08549       0.3698       0.4553
  678   6.095e+05     0.08572       0.3703        0.456
  679   6.237e+05     0.08596       0.3708       0.4567
  680   6.383e+05     0.08619       0.3713       0.4575
  681   6.531e+05     0.08642       0.3718       0.4582
  682   6.683e+05     0.08666       0.3723        0.459
  683   6.839e+05      0.0869       0.3728       0.4597
  684   6.998e+05     0.08714       0.3734       0.4605
  685   7.161e+05     0.08738       0.3739       0.4613
  686   7.328e+05     0.08762       0.3744        0.462
  687   7.499e+05     0.08786       0.3749       0.4628
  688   7.674e+05     0.08811       0.3755       0.4636
  689   7.852e+05     0.08835        0.376       0.4644
  690   8.035e+05      0.0886       0.3765       0.4651
  691   8.222e+05     0.08885       0.3771       0.4659
  692   8.414e+05      0.0891       0.3776       0.4667
  693    8.61e+05     0.08935       0.3782       0.4675
  694    8.81e+05     0.08961       0.3787       0.4683
  695   9.016e+05     0.08986       0.3793       0.4691
  696   9.226e+05     0.09012       0.3798       0.4699
  697   9.441e+05     0.09038       0.3804       0.4708
  698   9.661e+05     0.09064       0.3809       0.4716
  699   9.886e+05      0.0909       0.3815       0.4724
  700   1.012e+06     0.09131       0.3824       0.4737
  701   1.035e+06     0.09156       0.3829       0.4745
  702   1.059e+06     0.09181       0.3834       0.4752
  703   1.084e+06     0.09206        0.384        0.476
  704   1.109e+06     0.09232       0.3845       0.4768
  705   1.135e+06     0.09257        0.385       0.4776
  706   1.161e+06     0.09283       0.3856       0.4784
  707   1.189e+06     0.09309       0.3861       0.4792
  708   1.216e+06     0.09335       0.3867         0.48
  709   1.245e+06     0.09361       0.3872       0.4809
  710   1.274e+06     0.09388       0.3878       0.4817
  711   1.303e+06     0.09414       0.3884       0.4825
  712   1.334e+06     0.09441       0.3889       0.4833
  713   1.365e+06     0.09468       0.3895       0.4842
  714   1.396e+06     0.09495         0.39        0.485
  715   1.429e+06     0.09522       0.3906       0.4858
  716   1.462e+06     0.09549       0.3912       0.4867
  717   1.496e+06     0.09577       0.3918       0.4875
  718   1.531e+06     0.09605       0.3923       0.4884
  719   1.567e+06     0.09633       0.3929       0.4893
  720   1.603e+06     0.09661       0.3935       0.4901
  721   1.641e+06     0.09689       0.3941        0.491
  722   1.679e+06     0.09717       0.3947       0.4919
  723   1.718e+06     0.09746       0.3953       0.4927
  724   1.758e+06     0.09775       0.3959       0.4936
  725   1.799e+06     0.09804       0.3965       0.4945
  726   1.841e+06     0.09833       0.3971       0.4954
  727   1.884e+06     0.09862       0.3977       0.4963
  728   1.928e+06     0.09891       0.3983       0.4972
  729   1.972e+06     0.09921       0.3989       0.4981
  730   2.018e+06     0.09951       0.3995        0.499
  731   2.065e+06     0.09981       0.4001       0.4999
  732   2.113e+06      0.1001       0.4007       0.5008
  733   2.163e+06      0.1004       0.4013       0.5017
  734   2.213e+06      0.1007        0.402       0.5027
  735   2.265e+06       0.101       0.4026       0.5036
  736   2.317e+06      0.1013       0.4032       0.5045
  737   2.371e+06      0.1016       0.4038       0.5055
  738   2.427e+06      0.1019       0.4045       0.5064
  739   2.483e+06      0.1023       0.4051       0.5074
  740   2.541e+06      0.1026       0.4057       0.5083
  741     2.6e+06      0.1029       0.4064       0.5093
  742   2.661e+06      0.1032        0.407       0.5102
  743   2.723e+06      0.1035       0.4076       0.5112
  744   2.786e+06      0.1038       0.4083       0.5121
  745   2.851e+06      0.1042       0.4089       0.5131
  746   2.917e+06      0.1045       0.4096       0.5141
  747   2.985e+06      0.1048       0.4102       0.5151
  748   3.055e+06      0.1051       0.4109        0.516
  749   3.126e+06      0.1055       0.4116        0.517
  750   3.199e+06      0.1058       0.4122        0.518
  751   3.273e+06      0.1061       0.4129        0.519
  752    3.35e+06      0.1065       0.4135         0.52
  753   3.428e+06      0.1068       0.4142        0.521
  754   3.508e+06      0.1071       0.4149        0.522
  755   3.589e+06      0.1075       0.4155        0.523
  756   3.673e+06      0.1078       0.4162        0.524
  757   3.758e+06      0.1082       0.4169        0.525
  758   3.846e+06      0.1085       0.4176       0.5261
  759   3.936e+06      0.1089       0.4182       0.5271
  760   4.027e+06      0.1092       0.4189       0.5281
  761   4.121e+06      0.1095       0.4196       0.5292
  762   4.217e+06      0.1099       0.4203       0.5302
  763   4.315e+06      0.1103        0.421       0.5312
  764   4.416e+06      0.1106       0.4217       0.5323
  765   4.519e+06       0.111       0.4224       0.5333
  766   4.624e+06      0.1113       0.4231       0.5344
  767   4.732e+06      0.1117       0.4238       0.5354
  768   4.842e+06       0.112       0.4245       0.5365
  769   4.955e+06      0.1124       0.4252       0.5376
  770    5.07e+06      0.1128       0.4259       0.5386
  771   5.188e+06      0.1131       0.4266       0.5397
  772   5.309e+06      0.1135       0.4273       0.5408
  773   5.433e+06      0.1139        0.428       0.5418
  774   5.559e+06      0.1142       0.4287       0.5429
  775   5.689e+06      0.1146       0.4294        0.544
  776   5.821e+06       0.115       0.4301       0.5451
  777   5.957e+06      0.1153       0.4308       0.5462
  778   6.095e+06      0.1157       0.4316       0.5473
  779   6.237e+06      0.1161       0.4323       0.5484
  780   6.383e+06      0.1165        0.433       0.5495
  781   6.531e+06      0.1169       0.4337       0.5506
  782   6.683e+06      0.1172       0.4345       0.5517
  783   6.839e+06      0.1176       0.4352       0.5528
  784   6.998e+06       0.118       0.4359       0.5539
  785   7.161e+06      0.1184       0.4366        0.555
  786   7.328e+06      0.1188       0.4374       0.5562
  787   7.499e+06      0.1192       0.4381       0.5573
  788   7.674e+06      0.1196       0.4389       0.5584
  789   7.852e+06        0.12       0.4396       0.5596
  790   8.035e+06      0.1204       0.4403       0.5607
  791   8.222e+06      0.1208       0.4411       0.5618
  792   8.414e+06      0.1212       0.4418        0.563
  793    8.61e+06      0.1216       0.4426       0.5641
  794    8.81e+06       0.122       0.4433       0.5653
  795   9.016e+06      0.1224       0.4441       0.5664
  796   9.226e+06      0.1228       0.4448       0.5676
  797   9.441e+06      0.1232       0.4456       0.5688
  798   9.661e+06      0.1236       0.4463       0.5699
  799   9.886e+06       0.124       0.4471       0.5711
-------------------------------------------------------------
### kaon+ 5 GeV on G4_Al xs/X0= 5.8911
G4WT0 > Destroying WorkerRunManager (0x7fefb803ecd0)
G4WT0 > G4 kernel has come to Quit state.
G4WT0 > ================== Deleting memory pools ===================
G4WT0 > Number of memory pools allocated: 9; of which, static: 0
G4WT0 > Dynamic pools deleted: 9 / Total memory freed: 0.013 MB
G4WT0 > ============================================================
G4WT0 > Thread-local UImanager is to be deleted.
G4WT0 > There should not be any thread-local G4cout/G4cerr hereafter.
G4WT1 > Destroying WorkerRunManager (0x7fefb003ecd0)
G4WT1 > G4 kernel has come to Quit state.
G4WT1 > ================== Deleting memory pools ===================
G4WT1 > Number of memory pools allocated: 4; of which, static: 0
G4WT1 > Dynamic pools deleted: 4 / Total memory freed: 0.0058 MB
G4WT1 > ============================================================
G4WT1 > Thread-local UImanager is to be deleted.
G4WT1 > There should not be any thread-local G4cout/G4cerr hereafter.
G4 kernel has come to Quit state.
================== Deleting memory pools ===================
Number of memory pools allocated: 3; of which, static: 0
Dynamic pools deleted: 3 / Total memory freed: 0.0048 MB
============================================================
RunManagerKernel is deleted. Good bye :)
