Environment variable "G4FORCE_RUN_MANAGER_TYPE" enabled with value == Serial. Forcing G4RunManager type...

        ############################################
        !!! WARNING - FPE detection is activated !!!
        ############################################


          ################################
          !!! G4Backtrace is activated !!!
          ################################


**************************************************************
 Geant4 version Name: geant4-11-00-ref-07    (31-August-2022)
                       Copyright : Geant4 Collaboration
                      References : NIM A 506 (2003), 250-303
                                 : IEEE-TNS 53 (2006), 270-278
                                 : NIM A 835 (2016), 186-225
                             WWW : http://geant4.org/
**************************************************************

### G4PhysListFactory WARNING:  environment variable PHYSLIST is not defined
    Default Physics Lists FTFP_BERT is instantiated
G4PhysListFactory::GetReferencePhysList <FTFP_BERT>  EMoption= 0
<<< Geant4 Physics List simulation engine: FTFP_BERT


Opening output file  ...  done
Visualization Manager instantiating with verbosity "warnings (3)"...
Visualization Manager initialising...
Registering graphics systems...

You have successfully registered the following graphics systems.
Registered graphics systems are:
  ASCIITree (ATree)
  DAWNFILE (DAWNFILE)
  G4HepRepFile (HepRepFile)
  RayTracer (RayTracer)
  VRML2FILE (VRML2FILE)
  gMocrenFile (gMocrenFile)
  OpenGLImmediateQt (OGLIQt, OGLI)
  OpenGLStoredQt (OGLSQt, OGL, OGLS)
  OpenGLImmediateXm (OGLIXm, OGLIQt_FALLBACK)
  OpenGLStoredXm (OGLSXm, OGLSQt_FALLBACK)
  OpenGLImmediateX (OGLIX, OGLIQt_FALLBACK, OGLIXm_FALLBACK)
  OpenGLStoredX (OGLSX, OGLSQt_FALLBACK, OGLSXm_FALLBACK)
  RayTracerX (RayTracerX)
  Qt3D (Qt3D)
  TOOLSSG_X11_GLES (TSG_X11_GLES, TSGX11, TSG_XT_GLES_FALLBACK)
  TOOLSSG_XT_GLES (TSG_XT_GLES, TSGXt, TSG_QT_GLES_FALLBACK)
  TOOLSSG_QT_GLES (TSG_QT_GLES, TSGQt, TSG)

Registering model factories...

You have successfully registered the following model factories.
Registered model factories:
  generic
  drawByAttribute
  drawByCharge
  drawByOriginVolume
  drawByParticleID
  drawByEncounteredVolume

Registered models:
  None

Registered filter factories:
  attributeFilter
  chargeFilter
  originVolumeFilter
  particleFilter
  encounteredVolumeFilter

Registered filters:
  None

You have successfully registered the following user vis actions.
Run Duration User Vis Actions: none
End of Event User Vis Actions: none
End of Run User Vis Actions: none

Some /vis commands (optionally) take a string to specify colour.
"/vis/list" to see available colours.
*** /run/numberOfThreads command is issued in sequential mode.
Command is ignored.
Constructing materials...... done
******** Number of Rods in FCAL1 : 2351
********* Number of Rods in FCAL2 : 2546
TBSetupSD is not found in /FCALTB/

 hInelastic FTFP_BERT : threshold between BERT and FTFP is over the interval 
 for pions :   3 to 6 GeV
 for kaons :   3 to 6 GeV
 for proton :  3 to 6 GeV
 for neutron : 3 to 6 GeV

### Adding tracking cuts for neutron  TimeCut(ns)= 10000  KinEnergyCut(MeV)= 0
=======================================================================
======                 Electromagnetic Physics Parameters      ========
=======================================================================
LPM effect enabled                                 1
Enable creation and use of sampling tables         0
Apply cuts on all EM processes                     0
Use combined TransportationWithMsc                 Disabled
Use general process                                1
Enable linear polarisation for gamma               0
Enable photoeffect sampling below K-shell          1
Enable sampling of quantum entanglement            0
X-section factor for integral approach             0.8
Min kinetic energy for tables                      100 eV 
Max kinetic energy for tables                      100 TeV
Number of bins per decade of a table               7
Verbose level                                      1
Verbose level for worker thread                    0
Bremsstrahlung energy threshold above which 
  primary e+- is added to the list of secondary    100 TeV
Bremsstrahlung energy threshold above which primary
  muon/hadron is added to the list of secondary    100 TeV
Lowest triplet kinetic energy                      1 MeV
Enable sampling of gamma linear polarisation       0
5D gamma conversion model type                     0
5D gamma conversion model on isolated ion          0
Livermore data directory                           epics_2017
=======================================================================
======                 Ionisation Parameters                   ========
=======================================================================
Step function for e+-                              (0.2, 1 mm)
Step function for muons/hadrons                    (0.2, 0.1 mm)
Step function for light ions                       (0.2, 0.1 mm)
Step function for general ions                     (0.2, 0.1 mm)
Lowest e+e- kinetic energy                         1 keV
Lowest muon/hadron kinetic energy                  1 keV
Use ICRU90 data                                    0
Fluctuations of dE/dx are enabled                  1
Type of fluctuation model                          2
Use built-in Birks satuaration                     0
Build CSDA range enabled                           0
Use cut as a final range enabled                   0
Enable angular generator interface                 0
Max kinetic energy for CSDA tables                 1 GeV
Max kinetic energy for NIEL computation            0 eV 
Linear loss limit                                  0.01
Read data from file for e+e- pair production by mu 0
=======================================================================
======                 Multiple Scattering Parameters          ========
=======================================================================
Type of msc step limit algorithm for e+-           1
Type of msc step limit algorithm for muons/hadrons 0
Msc lateral displacement for e+- enabled           1
Msc lateral displacement for muons and hadrons     0
Urban msc model lateral displacement alg96         1
Range factor for msc step limit for e+-            0.04
Range factor for msc step limit for muons/hadrons  0.2
Geometry factor for msc step limitation of e+-     2.5
Safety factor for msc step limit for e+-           0.6
Skin parameter for msc step limitation of e+-      1
Lambda limit for msc step limit for e+-            1 mm
Use Mott correction for e- scattering              0
Factor used for dynamic computation of angular 
  limit between single and multiple scattering     1
Fixed angular limit between single 
  and multiple scattering                          3.1416 rad
Upper energy limit for e+- multiple scattering     100 MeV
Type of electron single scattering model           0
Type of nuclear form-factor                        1
Screening factor                                   1
=======================================================================

phot:  for gamma SubType=12 BuildTable=0
      LambdaPrime table from 200 keV to 100 TeV in 61 bins 
      ===== EM models for the G4Region  DefaultRegionForTheWorld ======
 LivermorePhElectric : Emin=    0 eV  Emax=  100 TeV  SauterGavrila Fluo

compt:  for gamma SubType=13 BuildTable=1
      Lambda table from 100 eV  to 1 MeV, 7 bins/decade, spline: 1
      LambdaPrime table from 1 MeV to 100 TeV in 56 bins 
      ===== EM models for the G4Region  DefaultRegionForTheWorld ======
       Klein-Nishina : Emin=    0 eV  Emax=  100 TeV

conv:  for gamma SubType=14 BuildTable=1
      Lambda table from 1.022 MeV to 100 TeV, 18 bins/decade, spline: 1
      ===== EM models for the G4Region  DefaultRegionForTheWorld ======
     BetheHeitlerLPM : Emin=    0 eV  Emax=  100 TeV  ModifiedTsai

Rayl:  for gamma SubType=11 BuildTable=1
      Lambda table from 100 eV  to 150 keV, 7 bins/decade, spline: 0
      LambdaPrime table from 150 keV to 100 TeV in 62 bins 
      ===== EM models for the G4Region  DefaultRegionForTheWorld ======
   LivermoreRayleigh : Emin=    0 eV  Emax=  100 TeV  CullenGenerator

msc:  for e-  SubType= 10
      ===== EM models for the G4Region  DefaultRegionForTheWorld ======
            UrbanMsc : Emin=    0 eV  Emax=  100 MeV Nbins=42 100 eV  - 100 MeV
          StepLim=UseSafety Rfact=0.04 Gfact=2.5 Sfact=0.6 DispFlag:1 Skin=1 Llim=1 mm
        WentzelVIUni : Emin=  100 MeV Emax=  100 TeV Nbins=42 100 MeV - 100 TeV
          StepLim=UseSafety Rfact=0.04 Gfact=2.5 Sfact=0.6 DispFlag:1 Skin=1 Llim=1 mm

eIoni:  for e-  XStype:3  SubType=2
      dE/dx and range tables from 100 eV  to 100 TeV in 84 bins
      Lambda tables from threshold to 100 TeV, 7 bins/decade, spline: 1
      StepFunction=(0.2, 1 mm), integ: 3, fluct: 1, linLossLim= 0.01
      ===== EM models for the G4Region  DefaultRegionForTheWorld ======
        MollerBhabha : Emin=    0 eV  Emax=  100 TeV

eBrem:  for e-  XStype:4  SubType=3
      dE/dx and range tables from 100 eV  to 100 TeV in 84 bins
      Lambda tables from threshold to 100 TeV, 7 bins/decade, spline: 1
      LPM flag: 1 for E > 1 GeV,  VertexHighEnergyTh(GeV)= 100000
      ===== EM models for the G4Region  DefaultRegionForTheWorld ======
             eBremSB : Emin=    0 eV  Emax=    1 GeV  ModifiedTsai
            eBremLPM : Emin=    1 GeV Emax=  100 TeV  ModifiedTsai

CoulombScat:  for e- XStype:1 SubType=1 BuildTable=1
      Lambda table from 100 MeV to 100 TeV, 7 bins/decade, spline: 0
      ThetaMin(p) < Theta(degree) < 180 pLimit(GeV^1)= 0.139531
      ===== EM models for the G4Region  DefaultRegionForTheWorld ======
  eCoulombScattering : Emin=  100 MeV Emax=  100 TeV

msc:  for e+  SubType= 10
      ===== EM models for the G4Region  DefaultRegionForTheWorld ======
            UrbanMsc : Emin=    0 eV  Emax=  100 MeV Nbins=42 100 eV  - 100 MeV
          StepLim=UseSafety Rfact=0.04 Gfact=2.5 Sfact=0.6 DispFlag:1 Skin=1 Llim=1 mm
        WentzelVIUni : Emin=  100 MeV Emax=  100 TeV Nbins=42 100 MeV - 100 TeV
          StepLim=UseSafety Rfact=0.04 Gfact=2.5 Sfact=0.6 DispFlag:1 Skin=1 Llim=1 mm

eIoni:  for e+  XStype:3  SubType=2
      dE/dx and range tables from 100 eV  to 100 TeV in 84 bins
      Lambda tables from threshold to 100 TeV, 7 bins/decade, spline: 1
      StepFunction=(0.2, 1 mm), integ: 3, fluct: 1, linLossLim= 0.01
      ===== EM models for the G4Region  DefaultRegionForTheWorld ======
        MollerBhabha : Emin=    0 eV  Emax=  100 TeV

eBrem:  for e+  XStype:4  SubType=3
      dE/dx and range tables from 100 eV  to 100 TeV in 84 bins
      Lambda tables from threshold to 100 TeV, 7 bins/decade, spline: 1
      LPM flag: 1 for E > 1 GeV,  VertexHighEnergyTh(GeV)= 100000
      ===== EM models for the G4Region  DefaultRegionForTheWorld ======
             eBremSB : Emin=    0 eV  Emax=    1 GeV  ModifiedTsai
            eBremLPM : Emin=    1 GeV Emax=  100 TeV  ModifiedTsai

annihil:  for e+ XStype:2 SubType=5 BuildTable=0
      ===== EM models for the G4Region  DefaultRegionForTheWorld ======
            eplus2gg : Emin=    0 eV  Emax=  100 TeV

CoulombScat:  for e+ XStype:1 SubType=1 BuildTable=1
      Lambda table from 100 MeV to 100 TeV, 7 bins/decade, spline: 0
      ThetaMin(p) < Theta(degree) < 180 pLimit(GeV^1)= 0.139531
      ===== EM models for the G4Region  DefaultRegionForTheWorld ======
  eCoulombScattering : Emin=  100 MeV Emax=  100 TeV

msc:  for proton  SubType= 10
      ===== EM models for the G4Region  DefaultRegionForTheWorld ======
        WentzelVIUni : Emin=    0 eV  Emax=  100 TeV Nbins=84 100 eV  - 100 TeV
          StepLim=Minimal Rfact=0.2 Gfact=2.5 Sfact=0.6 DispFlag:0 Skin=1 Llim=1 mm

hIoni:  for proton  XStype:3  SubType=2
      dE/dx and range tables from 100 eV  to 100 TeV in 84 bins
      Lambda tables from threshold to 100 TeV, 7 bins/decade, spline: 1
      StepFunction=(0.2, 0.1 mm), integ: 3, fluct: 1, linLossLim= 0.01
      ===== EM models for the G4Region  DefaultRegionForTheWorld ======
               Bragg : Emin=    0 eV  Emax=    2 MeV
          BetheBloch : Emin=    2 MeV Emax=  100 TeV

hBrems:  for proton  XStype:1  SubType=3
      dE/dx and range tables from 100 eV  to 100 TeV in 84 bins
      Lambda tables from threshold to 100 TeV, 7 bins/decade, spline: 0
      ===== EM models for the G4Region  DefaultRegionForTheWorld ======
               hBrem : Emin=    0 eV  Emax=  100 TeV  ModifiedMephi

hPairProd:  for proton  XStype:1  SubType=4
      dE/dx and range tables from 100 eV  to 100 TeV in 84 bins
      Lambda tables from threshold to 100 TeV, 7 bins/decade, spline: 0
      Sampling table 17x1001 from 7.50618 GeV to 100 TeV 
      ===== EM models for the G4Region  DefaultRegionForTheWorld ======
           hPairProd : Emin=    0 eV  Emax=  100 TeV  ModifiedMephi

CoulombScat:  for proton XStype:1 SubType=1 BuildTable=1
      Lambda table from threshold  to 100 TeV, 7 bins/decade, spline: 0
      ThetaMin(p) < Theta(degree) < 180 pLimit(GeV^1)= 0.139531
      ===== EM models for the G4Region  DefaultRegionForTheWorld ======
  eCoulombScattering : Emin=    0 eV  Emax=  100 TeV

msc:  for GenericIon  SubType= 10
      ===== EM models for the G4Region  DefaultRegionForTheWorld ======
            UrbanMsc : Emin=    0 eV  Emax=  100 TeV
          StepLim=Minimal Rfact=0.2 Gfact=2.5 Sfact=0.6 DispFlag:0 Skin=1 Llim=1 mm

ionIoni:  for GenericIon  XStype:3  SubType=2
      dE/dx and range tables from 100 eV  to 100 TeV in 84 bins
      Lambda tables from threshold to 100 TeV, 7 bins/decade, spline: 1
      StepFunction=(0.2, 0.1 mm), integ: 3, fluct: 1, linLossLim= 0.02
      Stopping Power data for 17 ion/material pairs
      ===== EM models for the G4Region  DefaultRegionForTheWorld ======
            BraggIon : Emin=    0 eV  Emax=    2 MeV
          BetheBloch : Emin=    2 MeV Emax=  100 TeV

msc:  for alpha  SubType= 10
      ===== EM models for the G4Region  DefaultRegionForTheWorld ======
            UrbanMsc : Emin=    0 eV  Emax=  100 TeV
          StepLim=Minimal Rfact=0.2 Gfact=2.5 Sfact=0.6 DispFlag:0 Skin=1 Llim=1 mm

ionIoni:  for alpha  XStype:3  SubType=2
      dE/dx and range tables from 100 eV  to 100 TeV in 84 bins
      Lambda tables from threshold to 100 TeV, 7 bins/decade, spline: 1
      StepFunction=(0.2, 0.1 mm), integ: 3, fluct: 1, linLossLim= 0.02
      ===== EM models for the G4Region  DefaultRegionForTheWorld ======
            BraggIon : Emin=    0 eV  Emax=7.9452 MeV
          BetheBloch : Emin=7.9452 MeV Emax=  100 TeV

msc:  for anti_proton  SubType= 10
      ===== EM models for the G4Region  DefaultRegionForTheWorld ======
        WentzelVIUni : Emin=    0 eV  Emax=  100 TeV Nbins=84 100 eV  - 100 TeV
          StepLim=Minimal Rfact=0.2 Gfact=2.5 Sfact=0.6 DispFlag:0 Skin=1 Llim=1 mm

hIoni:  for anti_proton  XStype:3  SubType=2
      dE/dx and range tables from 100 eV  to 100 TeV in 84 bins
      Lambda tables from threshold to 100 TeV, 7 bins/decade, spline: 1
      StepFunction=(0.2, 0.1 mm), integ: 3, fluct: 1, linLossLim= 0.01
      ===== EM models for the G4Region  DefaultRegionForTheWorld ======
            ICRU73QO : Emin=    0 eV  Emax=    2 MeV
          BetheBloch : Emin=    2 MeV Emax=  100 TeV

hBrems:  for anti_proton  XStype:1  SubType=3
      dE/dx and range tables from 100 eV  to 100 TeV in 84 bins
      Lambda tables from threshold to 100 TeV, 7 bins/decade, spline: 0
      ===== EM models for the G4Region  DefaultRegionForTheWorld ======
               hBrem : Emin=    0 eV  Emax=  100 TeV  ModifiedMephi

hPairProd:  for anti_proton  XStype:1  SubType=4
      dE/dx and range tables from 100 eV  to 100 TeV in 84 bins
      Lambda tables from threshold to 100 TeV, 7 bins/decade, spline: 0
      Sampling table 17x1001 from 7.50618 GeV to 100 TeV 
      ===== EM models for the G4Region  DefaultRegionForTheWorld ======
           hPairProd : Emin=    0 eV  Emax=  100 TeV  ModifiedMephi

CoulombScat:  for anti_proton XStype:1 SubType=1 BuildTable=1
      Lambda table from threshold  to 100 TeV, 7 bins/decade, spline: 0
      ThetaMin(p) < Theta(degree) < 180 pLimit(GeV^1)= 0.139531
      ===== EM models for the G4Region  DefaultRegionForTheWorld ======
  eCoulombScattering : Emin=    0 eV  Emax=  100 TeV

msc:  for kaon+  SubType= 10
      ===== EM models for the G4Region  DefaultRegionForTheWorld ======
        WentzelVIUni : Emin=    0 eV  Emax=  100 TeV Nbins=84 100 eV  - 100 TeV
          StepLim=Minimal Rfact=0.2 Gfact=2.5 Sfact=0.6 DispFlag:0 Skin=1 Llim=1 mm

hIoni:  for kaon+  XStype:3  SubType=2
      dE/dx and range tables from 100 eV  to 100 TeV in 84 bins
      Lambda tables from threshold to 100 TeV, 7 bins/decade, spline: 1
      StepFunction=(0.2, 0.1 mm), integ: 3, fluct: 1, linLossLim= 0.01
      ===== EM models for the G4Region  DefaultRegionForTheWorld ======
               Bragg : Emin=    0 eV  Emax=1.05231 MeV
          BetheBloch : Emin=1.05231 MeV Emax=  100 TeV

hBrems:  for kaon+  XStype:1  SubType=3
      dE/dx and range tables from 100 eV  to 100 TeV in 84 bins
      Lambda tables from threshold to 100 TeV, 7 bins/decade, spline: 0
      ===== EM models for the G4Region  DefaultRegionForTheWorld ======
               hBrem : Emin=    0 eV  Emax=  100 TeV  ModifiedMephi

hPairProd:  for kaon+  XStype:1  SubType=4
      dE/dx and range tables from 100 eV  to 100 TeV in 84 bins
      Lambda tables from threshold to 100 TeV, 7 bins/decade, spline: 0
      Sampling table 18x1001 from 3.94942 GeV to 100 TeV 
      ===== EM models for the G4Region  DefaultRegionForTheWorld ======
           hPairProd : Emin=    0 eV  Emax=  100 TeV  ModifiedMephi

CoulombScat:  for kaon+ XStype:1 SubType=1 BuildTable=1
      Lambda table from threshold  to 100 TeV, 7 bins/decade, spline: 0
      ThetaMin(p) < Theta(degree) < 180 pLimit(GeV^1)= 0.139531
      ===== EM models for the G4Region  DefaultRegionForTheWorld ======
  eCoulombScattering : Emin=    0 eV  Emax=  100 TeV

msc:  for kaon-  SubType= 10
      ===== EM models for the G4Region  DefaultRegionForTheWorld ======
        WentzelVIUni : Emin=    0 eV  Emax=  100 TeV Nbins=84 100 eV  - 100 TeV
          StepLim=Minimal Rfact=0.2 Gfact=2.5 Sfact=0.6 DispFlag:0 Skin=1 Llim=1 mm

hIoni:  for kaon-  XStype:3  SubType=2
      dE/dx and range tables from 100 eV  to 100 TeV in 84 bins
      Lambda tables from threshold to 100 TeV, 7 bins/decade, spline: 1
      StepFunction=(0.2, 0.1 mm), integ: 3, fluct: 1, linLossLim= 0.01
      ===== EM models for the G4Region  DefaultRegionForTheWorld ======
            ICRU73QO : Emin=    0 eV  Emax=1.05231 MeV
          BetheBloch : Emin=1.05231 MeV Emax=  100 TeV

hBrems:  for kaon-  XStype:1  SubType=3
      dE/dx and range tables from 100 eV  to 100 TeV in 84 bins
      Lambda tables from threshold to 100 TeV, 7 bins/decade, spline: 0
      ===== EM models for the G4Region  DefaultRegionForTheWorld ======
               hBrem : Emin=    0 eV  Emax=  100 TeV  ModifiedMephi

hPairProd:  for kaon-  XStype:1  SubType=4
      dE/dx and range tables from 100 eV  to 100 TeV in 84 bins
      Lambda tables from threshold to 100 TeV, 7 bins/decade, spline: 0
      Sampling table 18x1001 from 3.94942 GeV to 100 TeV 
      ===== EM models for the G4Region  DefaultRegionForTheWorld ======
           hPairProd : Emin=    0 eV  Emax=  100 TeV  ModifiedMephi

CoulombScat:  for kaon- XStype:1 SubType=1 BuildTable=1
      Used Lambda table of kaon+
      ThetaMin(p) < Theta(degree) < 180 pLimit(GeV^1)= 0.139531
      ===== EM models for the G4Region  DefaultRegionForTheWorld ======
  eCoulombScattering : Emin=    0 eV  Emax=  100 TeV

msc:  for mu+  SubType= 10
      ===== EM models for the G4Region  DefaultRegionForTheWorld ======
        WentzelVIUni : Emin=    0 eV  Emax=  100 TeV Nbins=84 100 eV  - 100 TeV
          StepLim=Minimal Rfact=0.2 Gfact=2.5 Sfact=0.6 DispFlag:0 Skin=1 Llim=1 mm

muIoni:  for mu+  XStype:3  SubType=2
      dE/dx and range tables from 100 eV  to 100 TeV in 84 bins
      Lambda tables from threshold to 100 TeV, 7 bins/decade, spline: 1
      StepFunction=(0.2, 0.1 mm), integ: 3, fluct: 1, linLossLim= 0.01
      ===== EM models for the G4Region  DefaultRegionForTheWorld ======
               Bragg : Emin=    0 eV  Emax=  200 keV
        MuBetheBloch : Emin=  200 keV Emax=  100 TeV

muBrems:  for mu+  XStype:1  SubType=3
      dE/dx and range tables from 100 eV  to 100 TeV in 84 bins
      Lambda tables from threshold to 100 TeV, 7 bins/decade, spline: 0
      ===== EM models for the G4Region  DefaultRegionForTheWorld ======
              MuBrem : Emin=    0 eV  Emax=  100 TeV  ModifiedMephi

muPairProd:  for mu+  XStype:1  SubType=4
      dE/dx and range tables from 100 eV  to 100 TeV in 84 bins
      Lambda tables from threshold to 100 TeV, 7 bins/decade, spline: 0
      Sampling table 21x1001 from 0.85 GeV to 100 TeV 
      ===== EM models for the G4Region  DefaultRegionForTheWorld ======
          muPairProd : Emin=    0 eV  Emax=  100 TeV  ModifiedMephi

CoulombScat:  for mu+ XStype:1 SubType=1 BuildTable=1
      Lambda table from threshold  to 100 TeV, 7 bins/decade, spline: 0
      ThetaMin(p) < Theta(degree) < 180 pLimit(GeV^1)= 0.139531
      ===== EM models for the G4Region  DefaultRegionForTheWorld ======
  eCoulombScattering : Emin=    0 eV  Emax=  100 TeV

msc:  for mu-  SubType= 10
      ===== EM models for the G4Region  DefaultRegionForTheWorld ======
        WentzelVIUni : Emin=    0 eV  Emax=  100 TeV Nbins=84 100 eV  - 100 TeV
          StepLim=Minimal Rfact=0.2 Gfact=2.5 Sfact=0.6 DispFlag:0 Skin=1 Llim=1 mm

muIoni:  for mu-  XStype:3  SubType=2
      dE/dx and range tables from 100 eV  to 100 TeV in 84 bins
      Lambda tables from threshold to 100 TeV, 7 bins/decade, spline: 1
      StepFunction=(0.2, 0.1 mm), integ: 3, fluct: 1, linLossLim= 0.01
      ===== EM models for the G4Region  DefaultRegionForTheWorld ======
            ICRU73QO : Emin=    0 eV  Emax=  200 keV
        MuBetheBloch : Emin=  200 keV Emax=  100 TeV

muBrems:  for mu-  XStype:1  SubType=3
      dE/dx and range tables from 100 eV  to 100 TeV in 84 bins
      Lambda tables from threshold to 100 TeV, 7 bins/decade, spline: 0
      ===== EM models for the G4Region  DefaultRegionForTheWorld ======
              MuBrem : Emin=    0 eV  Emax=  100 TeV  ModifiedMephi

muPairProd:  for mu-  XStype:1  SubType=4
      dE/dx and range tables from 100 eV  to 100 TeV in 84 bins
      Lambda tables from threshold to 100 TeV, 7 bins/decade, spline: 0
      Sampling table 21x1001 from 0.85 GeV to 100 TeV 
      ===== EM models for the G4Region  DefaultRegionForTheWorld ======
          muPairProd : Emin=    0 eV  Emax=  100 TeV  ModifiedMephi

CoulombScat:  for mu- XStype:1 SubType=1 BuildTable=1
      Used Lambda table of mu+
      ThetaMin(p) < Theta(degree) < 180 pLimit(GeV^1)= 0.139531
      ===== EM models for the G4Region  DefaultRegionForTheWorld ======
  eCoulombScattering : Emin=    0 eV  Emax=  100 TeV

msc:  for pi+  SubType= 10
      ===== EM models for the G4Region  DefaultRegionForTheWorld ======
        WentzelVIUni : Emin=    0 eV  Emax=  100 TeV Nbins=84 100 eV  - 100 TeV
          StepLim=Minimal Rfact=0.2 Gfact=2.5 Sfact=0.6 DispFlag:0 Skin=1 Llim=1 mm

hIoni:  for pi+  XStype:3  SubType=2
      dE/dx and range tables from 100 eV  to 100 TeV in 84 bins
      Lambda tables from threshold to 100 TeV, 7 bins/decade, spline: 1
      StepFunction=(0.2, 0.1 mm), integ: 3, fluct: 1, linLossLim= 0.01
      ===== EM models for the G4Region  DefaultRegionForTheWorld ======
               Bragg : Emin=    0 eV  Emax=297.505 keV
          BetheBloch : Emin=297.505 keV Emax=  100 TeV

hBrems:  for pi+  XStype:1  SubType=3
      dE/dx and range tables from 100 eV  to 100 TeV in 84 bins
      Lambda tables from threshold to 100 TeV, 7 bins/decade, spline: 0
      ===== EM models for the G4Region  DefaultRegionForTheWorld ======
               hBrem : Emin=    0 eV  Emax=  100 TeV  ModifiedMephi

hPairProd:  for pi+  XStype:1  SubType=4
      dE/dx and range tables from 100 eV  to 100 TeV in 84 bins
      Lambda tables from threshold to 100 TeV, 7 bins/decade, spline: 0
      Sampling table 20x1001 from 1.11656 GeV to 100 TeV 
      ===== EM models for the G4Region  DefaultRegionForTheWorld ======
           hPairProd : Emin=    0 eV  Emax=  100 TeV  ModifiedMephi

CoulombScat:  for pi+ XStype:1 SubType=1 BuildTable=1
      Lambda table from threshold  to 100 TeV, 7 bins/decade, spline: 0
      ThetaMin(p) < Theta(degree) < 180 pLimit(GeV^1)= 0.139531
      ===== EM models for the G4Region  DefaultRegionForTheWorld ======
  eCoulombScattering : Emin=    0 eV  Emax=  100 TeV

msc:  for pi-  SubType= 10
      ===== EM models for the G4Region  DefaultRegionForTheWorld ======
        WentzelVIUni : Emin=    0 eV  Emax=  100 TeV Nbins=84 100 eV  - 100 TeV
          StepLim=Minimal Rfact=0.2 Gfact=2.5 Sfact=0.6 DispFlag:0 Skin=1 Llim=1 mm

hIoni:  for pi-  XStype:3  SubType=2
      dE/dx and range tables from 100 eV  to 100 TeV in 84 bins
      Lambda tables from threshold to 100 TeV, 7 bins/decade, spline: 1
      StepFunction=(0.2, 0.1 mm), integ: 3, fluct: 1, linLossLim= 0.01
      ===== EM models for the G4Region  DefaultRegionForTheWorld ======
            ICRU73QO : Emin=    0 eV  Emax=297.505 keV
          BetheBloch : Emin=297.505 keV Emax=  100 TeV

hBrems:  for pi-  XStype:1  SubType=3
      dE/dx and range tables from 100 eV  to 100 TeV in 84 bins
      Lambda tables from threshold to 100 TeV, 7 bins/decade, spline: 0
      ===== EM models for the G4Region  DefaultRegionForTheWorld ======
               hBrem : Emin=    0 eV  Emax=  100 TeV  ModifiedMephi

hPairProd:  for pi-  XStype:1  SubType=4
      dE/dx and range tables from 100 eV  to 100 TeV in 84 bins
      Lambda tables from threshold to 100 TeV, 7 bins/decade, spline: 0
      Sampling table 20x1001 from 1.11656 GeV to 100 TeV 
      ===== EM models for the G4Region  DefaultRegionForTheWorld ======
           hPairProd : Emin=    0 eV  Emax=  100 TeV  ModifiedMephi

CoulombScat:  for pi- XStype:1 SubType=1 BuildTable=1
      Used Lambda table of pi+
      ThetaMin(p) < Theta(degree) < 180 pLimit(GeV^1)= 0.139531
      ===== EM models for the G4Region  DefaultRegionForTheWorld ======
  eCoulombScattering : Emin=    0 eV  Emax=  100 TeV

====================================================================
                  HADRONIC PROCESSES SUMMARY (verbose level 1)

---------------------------------------------------
                           Hadronic Processes for neutron

  Process: hadElastic
        Model:             hElasticCHIPS: 0 eV  ---> 100 TeV
     Cr_sctns:        G4NeutronElasticXS: 0 eV  ---> 100 TeV


  Process: neutronInelastic
        Model:                      FTFP: 3 GeV ---> 100 TeV
        Model:            BertiniCascade: 0 eV  ---> 6 GeV
     Cr_sctns:      G4NeutronInelasticXS: 0 eV  ---> 100 TeV


  Process: nCapture
        Model:               nRadCapture: 0 eV  ---> 100 TeV
     Cr_sctns:        G4NeutronCaptureXS: 0 eV  ---> 100 TeV


  Process: nKiller

---------------------------------------------------
                           Hadronic Processes for B-

  Process: hadElastic
        Model:              hElasticLHEP: 0 eV  ---> 100 TeV
     Cr_sctns:            Glauber-Gribov: 0 eV  ---> 100 TeV


  Process: B-Inelastic
        Model:                      FTFP: 0 eV  ---> 100 TeV
     Cr_sctns:            Glauber-Gribov: 0 eV  ---> 100 TeV


---------------------------------------------------
                           Hadronic Processes for D-

  Process: hadElastic
        Model:              hElasticLHEP: 0 eV  ---> 100 TeV
     Cr_sctns:            Glauber-Gribov: 0 eV  ---> 100 TeV


  Process: D-Inelastic
        Model:                      FTFP: 0 eV  ---> 100 TeV
     Cr_sctns:            Glauber-Gribov: 0 eV  ---> 100 TeV


---------------------------------------------------
                           Hadronic Processes for GenericIon

  Process: ionInelastic
        Model:  Binary Light Ion Cascade: 0 eV /n ---> 6 GeV/n
        Model:                      FTFP: 3 GeV/n ---> 100 TeV/n
     Cr_sctns:  Glauber-Gribov Nucl-nucl: 0 eV  ---> 25.6 PeV


---------------------------------------------------
                           Hadronic Processes for He3

  Process: hadElastic
        Model:              hElasticLHEP: 0 eV /n ---> 100 TeV/n
     Cr_sctns:  Glauber-Gribov Nucl-nucl: 0 eV  ---> 25.6 PeV


  Process: He3Inelastic
        Model:  Binary Light Ion Cascade: 0 eV /n ---> 6 GeV/n
        Model:                      FTFP: 3 GeV/n ---> 100 TeV/n
     Cr_sctns:  Glauber-Gribov Nucl-nucl: 0 eV  ---> 25.6 PeV


---------------------------------------------------
                           Hadronic Processes for alpha

  Process: hadElastic
        Model:              hElasticLHEP: 0 eV /n ---> 100 TeV/n
     Cr_sctns:  Glauber-Gribov Nucl-nucl: 0 eV  ---> 25.6 PeV


  Process: alphaInelastic
        Model:  Binary Light Ion Cascade: 0 eV /n ---> 6 GeV/n
        Model:                      FTFP: 3 GeV/n ---> 100 TeV/n
     Cr_sctns:  Glauber-Gribov Nucl-nucl: 0 eV  ---> 25.6 PeV


---------------------------------------------------
                           Hadronic Processes for anti_He3

  Process: hadElastic
        Model:              hElasticLHEP: 0 eV /n ---> 100.1 MeV/n
        Model:              AntiAElastic: 100 MeV/n ---> 100 TeV/n
     Cr_sctns:              AntiAGlauber: 0 eV  ---> 25.6 PeV


  Process: anti_He3Inelastic
        Model:                      FTFP: 0 eV /n ---> 100 TeV/n
     Cr_sctns:              AntiAGlauber: 0 eV  ---> 25.6 PeV


  Process: hFritiofCaptureAtRest

---------------------------------------------------
                           Hadronic Processes for anti_alpha

  Process: hadElastic
        Model:              hElasticLHEP: 0 eV /n ---> 100.1 MeV/n
        Model:              AntiAElastic: 100 MeV/n ---> 100 TeV/n
     Cr_sctns:              AntiAGlauber: 0 eV  ---> 25.6 PeV


  Process: anti_alphaInelastic
        Model:                      FTFP: 0 eV /n ---> 100 TeV/n
     Cr_sctns:              AntiAGlauber: 0 eV  ---> 25.6 PeV


  Process: hFritiofCaptureAtRest

---------------------------------------------------
                           Hadronic Processes for anti_deuteron

  Process: hadElastic
        Model:              hElasticLHEP: 0 eV /n ---> 100.1 MeV/n
        Model:              AntiAElastic: 100 MeV/n ---> 100 TeV/n
     Cr_sctns:              AntiAGlauber: 0 eV  ---> 25.6 PeV


  Process: anti_deuteronInelastic
        Model:                      FTFP: 0 eV /n ---> 100 TeV/n
     Cr_sctns:              AntiAGlauber: 0 eV  ---> 25.6 PeV


  Process: hFritiofCaptureAtRest

---------------------------------------------------
                           Hadronic Processes for anti_lambda

  Process: hadElastic
        Model:              hElasticLHEP: 0 eV  ---> 100 TeV
     Cr_sctns:            Glauber-Gribov: 0 eV  ---> 100 TeV


  Process: anti_lambdaInelastic
        Model:                      FTFP: 0 eV  ---> 100 TeV
     Cr_sctns:            Glauber-Gribov: 0 eV  ---> 100 TeV


  Process: hFritiofCaptureAtRest

---------------------------------------------------
                           Hadronic Processes for anti_neutron

  Process: hadElastic
        Model:              hElasticLHEP: 0 eV  ---> 100.1 MeV
        Model:              AntiAElastic: 100 MeV ---> 100 TeV
     Cr_sctns:              AntiAGlauber: 0 eV  ---> 25.6 PeV


  Process: anti_neutronInelastic
        Model:                      FTFP: 0 eV  ---> 100 TeV
     Cr_sctns:              AntiAGlauber: 0 eV  ---> 25.6 PeV


  Process: hFritiofCaptureAtRest

---------------------------------------------------
                           Hadronic Processes for anti_proton

  Process: hadElastic
        Model:              hElasticLHEP: 0 eV  ---> 100.1 MeV
        Model:              AntiAElastic: 100 MeV ---> 100 TeV
     Cr_sctns:              AntiAGlauber: 0 eV  ---> 25.6 PeV


  Process: anti_protonInelastic
        Model:                      FTFP: 0 eV  ---> 100 TeV
     Cr_sctns:              AntiAGlauber: 0 eV  ---> 25.6 PeV


  Process: hFritiofCaptureAtRest

---------------------------------------------------
                           Hadronic Processes for anti_triton

  Process: hadElastic
        Model:              hElasticLHEP: 0 eV /n ---> 100.1 MeV/n
        Model:              AntiAElastic: 100 MeV/n ---> 100 TeV/n
     Cr_sctns:              AntiAGlauber: 0 eV  ---> 25.6 PeV


  Process: anti_tritonInelastic
        Model:                      FTFP: 0 eV /n ---> 100 TeV/n
     Cr_sctns:              AntiAGlauber: 0 eV  ---> 25.6 PeV


  Process: hFritiofCaptureAtRest

---------------------------------------------------
                           Hadronic Processes for deuteron

  Process: hadElastic
        Model:              hElasticLHEP: 0 eV /n ---> 100 TeV/n
     Cr_sctns:  Glauber-Gribov Nucl-nucl: 0 eV  ---> 25.6 PeV


  Process: dInelastic
        Model:  Binary Light Ion Cascade: 0 eV /n ---> 6 GeV/n
        Model:                      FTFP: 3 GeV/n ---> 100 TeV/n
     Cr_sctns:  Glauber-Gribov Nucl-nucl: 0 eV  ---> 25.6 PeV


---------------------------------------------------
                           Hadronic Processes for e+

  Process: positronNuclear
        Model:   G4ElectroVDNuclearModel: 0 eV  ---> 1 PeV
     Cr_sctns:          ElectroNuclearXS: 0 eV  ---> 100 TeV


---------------------------------------------------
                           Hadronic Processes for e-

  Process: electronNuclear
        Model:   G4ElectroVDNuclearModel: 0 eV  ---> 1 PeV
     Cr_sctns:          ElectroNuclearXS: 0 eV  ---> 100 TeV


---------------------------------------------------
                           Hadronic Processes for gamma

  Process: photonNuclear
        Model:               GammaNPreco: 0 eV  ---> 200 MeV
        Model:            BertiniCascade: 199 MeV ---> 6 GeV
        Model:           TheoFSGenerator: 3 GeV ---> 100 TeV
     Cr_sctns:            GammaNuclearXS: 0 eV  ---> 100 TeV


---------------------------------------------------
                           Hadronic Processes for kaon+

  Process: hadElastic
        Model:              hElasticLHEP: 0 eV  ---> 100 TeV
     Cr_sctns:            Glauber-Gribov: 0 eV  ---> 100 TeV


  Process: kaon+Inelastic
        Model:                      FTFP: 3 GeV ---> 100 TeV
        Model:            BertiniCascade: 0 eV  ---> 6 GeV
     Cr_sctns:            Glauber-Gribov: 0 eV  ---> 100 TeV


---------------------------------------------------
                           Hadronic Processes for kaon-

  Process: hadElastic
        Model:              hElasticLHEP: 0 eV  ---> 100 TeV
     Cr_sctns:            Glauber-Gribov: 0 eV  ---> 100 TeV


  Process: kaon-Inelastic
        Model:                      FTFP: 3 GeV ---> 100 TeV
        Model:            BertiniCascade: 0 eV  ---> 6 GeV
     Cr_sctns:            Glauber-Gribov: 0 eV  ---> 100 TeV


  Process: hBertiniCaptureAtRest

---------------------------------------------------
                           Hadronic Processes for lambda

  Process: hadElastic
        Model:              hElasticLHEP: 0 eV  ---> 100 TeV
     Cr_sctns:            Glauber-Gribov: 0 eV  ---> 100 TeV


  Process: lambdaInelastic
        Model:                      FTFP: 3 GeV ---> 100 TeV
        Model:            BertiniCascade: 0 eV  ---> 6 GeV
     Cr_sctns:            Glauber-Gribov: 0 eV  ---> 100 TeV


---------------------------------------------------
                           Hadronic Processes for mu+

  Process: muonNuclear
        Model:      G4MuonVDNuclearModel: 0 eV  ---> 1 PeV
     Cr_sctns:     KokoulinMuonNuclearXS: 0 eV  ---> 100 TeV


---------------------------------------------------
                           Hadronic Processes for mu-

  Process: muonNuclear
        Model:      G4MuonVDNuclearModel: 0 eV  ---> 1 PeV
     Cr_sctns:     KokoulinMuonNuclearXS: 0 eV  ---> 100 TeV


  Process: muMinusCaptureAtRest

---------------------------------------------------
                           Hadronic Processes for pi+

  Process: hadElastic
        Model:           hElasticGlauber: 0 eV  ---> 100 TeV
     Cr_sctns:  BarashenkovGlauberGribov: 0 eV  ---> 100 TeV


  Process: pi+Inelastic
        Model:                      FTFP: 3 GeV ---> 100 TeV
        Model:            BertiniCascade: 0 eV  ---> 6 GeV
     Cr_sctns:  BarashenkovGlauberGribov: 0 eV  ---> 100 TeV


---------------------------------------------------
                           Hadronic Processes for pi-

  Process: hadElastic
        Model:           hElasticGlauber: 0 eV  ---> 100 TeV
     Cr_sctns:  BarashenkovGlauberGribov: 0 eV  ---> 100 TeV


  Process: pi-Inelastic
        Model:                      FTFP: 3 GeV ---> 100 TeV
        Model:            BertiniCascade: 0 eV  ---> 6 GeV
     Cr_sctns:  BarashenkovGlauberGribov: 0 eV  ---> 100 TeV


  Process: hBertiniCaptureAtRest

---------------------------------------------------
                           Hadronic Processes for proton

  Process: hadElastic
        Model:             hElasticCHIPS: 0 eV  ---> 100 TeV
     Cr_sctns:  BarashenkovGlauberGribov: 0 eV  ---> 100 TeV


  Process: protonInelastic
        Model:                      FTFP: 3 GeV ---> 100 TeV
        Model:            BertiniCascade: 0 eV  ---> 6 GeV
     Cr_sctns:  BarashenkovGlauberGribov: 0 eV  ---> 100 TeV


---------------------------------------------------
                           Hadronic Processes for sigma-

  Process: hadElastic
        Model:              hElasticLHEP: 0 eV  ---> 100 TeV
     Cr_sctns:            Glauber-Gribov: 0 eV  ---> 100 TeV


  Process: sigma-Inelastic
        Model:                      FTFP: 3 GeV ---> 100 TeV
        Model:            BertiniCascade: 0 eV  ---> 6 GeV
     Cr_sctns:            Glauber-Gribov: 0 eV  ---> 100 TeV


  Process: hBertiniCaptureAtRest

---------------------------------------------------
                           Hadronic Processes for triton

  Process: hadElastic
        Model:              hElasticLHEP: 0 eV /n ---> 100 TeV/n
     Cr_sctns:  Glauber-Gribov Nucl-nucl: 0 eV  ---> 25.6 PeV


  Process: tInelastic
        Model:  Binary Light Ion Cascade: 0 eV /n ---> 6 GeV/n
        Model:                      FTFP: 3 GeV/n ---> 100 TeV/n
     Cr_sctns:  Glauber-Gribov Nucl-nucl: 0 eV  ---> 25.6 PeV


================================================================
### G4LevelReader: broken transition 0 from level 24 to 24 for isotope Z= 89 A= 219 - use ground level
=======================================================================
======       Pre-compound/De-excitation Physics Parameters     ========
=======================================================================
Type of pre-compound inverse x-section              3
Pre-compound model active                           1
Pre-compound excitation low energy                  100 keV
Pre-compound excitation high energy                 30 MeV
Type of de-excitation inverse x-section             3
Type of de-excitation factory                       Evaporation+GEM
Number of de-excitation channels                    68
Min excitation energy                               10 eV 
Min energy per nucleon for multifragmentation       200 GeV
Limit excitation energy for Fermi BreakUp           20 MeV
Level density (1/MeV)                               0.075
Use simple level density model                      1
Use discrete excitation energy of the residual      1
Time limit for long lived isomeres                  1 ns 
Isomer production flag                              1
Internal e- conversion flag                         1
Store e- internal conversion data                   0
Correlated gamma emission flag                      0
Max 2J for sampling of angular correlations         10
=======================================================================

Region <DefaultRegionForTheWorld> --  -- appears in <Mother> world volume
 This region is in the mass world.
 Root logical volume(s) : Mother 
 Pointers : G4VUserRegionInformation[0], G4UserLimits[0], G4FastSimulationManager[0], G4UserSteppingAction[0]
 Materials : Air Polystyrene MWPCArCO2 Lead Aluminium Iron ShieldingConcrete LiquidArgon Copper FCAL1CuArKap FCAL2WFeNi FCAL2CuArKap Tungsten 
 Production cuts :   gamma 700 um      e- 700 um      e+ 700 um  proton 700 um 

Region <DefaultRegionForParallelWorld> --  -- is not associated to any world.
 Root logical volume(s) : 
 Pointers : G4VUserRegionInformation[0], G4UserLimits[0], G4FastSimulationManager[0], G4UserSteppingAction[0]
 Materials : 
 Production cuts :   gamma 700 um      e- 700 um      e+ 700 um  proton 700 um 

========= Table of registered couples ============================

Index : 0     used in the geometry : Yes
 Material : Air
 Range cuts        :  gamma  700 um     e-  700 um     e+  700 um  proton 700 um 
 Energy thresholds :  gamma  990 eV     e-  990 eV     e+  990 eV  proton 70 keV
 Region(s) which use this couple : 
    DefaultRegionForTheWorld

Index : 1     used in the geometry : Yes
 Material : Polystyrene
 Range cuts        :  gamma  700 um     e-  700 um     e+  700 um  proton 700 um 
 Energy thresholds :  gamma  2.10372 keV    e-  280.077 keV    e+  273.297 keV proton 70 keV
 Region(s) which use this couple : 
    DefaultRegionForTheWorld

Index : 2     used in the geometry : Yes
 Material : MWPCArCO2
 Range cuts        :  gamma  700 um     e-  700 um     e+  700 um  proton 700 um 
 Energy thresholds :  gamma  990 eV     e-  990 eV     e+  990 eV  proton 70 keV
 Region(s) which use this couple : 
    DefaultRegionForTheWorld

Index : 3     used in the geometry : Yes
 Material : Lead
 Range cuts        :  gamma  700 um     e-  700 um     e+  700 um  proton 700 um 
 Energy thresholds :  gamma  94.6952 keV    e-  1.00699 MeV    e+  946.936 keV proton 70 keV
 Region(s) which use this couple : 
    DefaultRegionForTheWorld

Index : 4     used in the geometry : Yes
 Material : Aluminium
 Range cuts        :  gamma  700 um     e-  700 um     e+  700 um  proton 700 um 
 Energy thresholds :  gamma  5.84809 keV    e-  461.311 keV    e+  445.215 keV proton 70 keV
 Region(s) which use this couple : 
    DefaultRegionForTheWorld

Index : 5     used in the geometry : Yes
 Material : Iron
 Range cuts        :  gamma  700 um     e-  700 um     e+  700 um  proton 700 um 
 Energy thresholds :  gamma  17.2442 keV    e-  954.245 keV    e+  906.142 keV proton 70 keV
 Region(s) which use this couple : 
    DefaultRegionForTheWorld

Index : 6     used in the geometry : Yes
 Material : ShieldingConcrete
 Range cuts        :  gamma  700 um     e-  700 um     e+  700 um  proton 700 um 
 Energy thresholds :  gamma  5.29399 keV    e-  453.161 keV    e+  437.804 keV proton 70 keV
 Region(s) which use this couple : 
    DefaultRegionForTheWorld

Index : 7     used in the geometry : Yes
 Material : LiquidArgon
 Range cuts        :  gamma  700 um     e-  700 um     e+  700 um  proton 700 um 
 Energy thresholds :  gamma  5.2122 keV    e-  274.487 keV    e+  266.671 keV proton 70 keV
 Region(s) which use this couple : 
    DefaultRegionForTheWorld

Index : 8     used in the geometry : Yes
 Material : Copper
 Range cuts        :  gamma  700 um     e-  700 um     e+  700 um  proton 700 um 
 Energy thresholds :  gamma  20.5458 keV    e-  1.03403 MeV    e+  979.823 keV proton 70 keV
 Region(s) which use this couple : 
    DefaultRegionForTheWorld

Index : 9     used in the geometry : Yes
 Material : FCAL1CuArKap
 Range cuts        :  gamma  700 um     e-  700 um     e+  700 um  proton 700 um 
 Energy thresholds :  gamma  14.5031 keV    e-  681.761 keV    e+  651.432 keV proton 70 keV
 Region(s) which use this couple : 
    DefaultRegionForTheWorld

Index : 10     used in the geometry : Yes
 Material : FCAL2WFeNi
 Range cuts        :  gamma  700 um     e-  700 um     e+  700 um  proton 700 um 
 Energy thresholds :  gamma  96.3071 keV    e-  1.60789 MeV    e+  1.50159 MeV proton 70 keV
 Region(s) which use this couple : 
    DefaultRegionForTheWorld

Index : 11     used in the geometry : Yes
 Material : FCAL2CuArKap
 Range cuts        :  gamma  700 um     e-  700 um     e+  700 um  proton 700 um 
 Energy thresholds :  gamma  14.5031 keV    e-  681.761 keV    e+  651.432 keV proton 70 keV
 Region(s) which use this couple : 
    DefaultRegionForTheWorld

Index : 12     used in the geometry : Yes
 Material : Tungsten
 Range cuts        :  gamma  700 um     e-  700 um     e+  700 um  proton 700 um 
 Energy thresholds :  gamma  97.7189 keV    e-  1.64904 MeV    e+  1.53897 MeV proton 70 keV
 Region(s) which use this couple : 
    DefaultRegionForTheWorld

==================================================================

Start closing geometry.
G4GeometryManager::ReportVoxelStats -- Voxel Statistics

    Total memory consumed for geometry optimisation:   395 kByte
    Total CPU time elapsed for geometry optimisation: 0.34 seconds

    Voxelisation: top CPU users:
    Percent   Total CPU    System CPU       Memory  Volume
    -------   ----------   ----------     --------  ----------
      50.00         0.17         0.00          152k EmModuleLogical
      50.00         0.17         0.00          238k HadModuleLogical
       0.00         0.00         0.00            4k Mother
       0.00         0.00         0.00            0k CryostatLogical
       0.00         0.00         0.00            0k LArgLogical
       0.00         0.00         0.00            0k FCALEnvelopeLogical
       0.00         0.00         0.00            0k SolidWLogical
       0.00         0.00         0.00            0k CuPlateLogical

    Voxelisation: top memory users:
    Percent     Memory      Heads    Nodes   Pointers    Total CPU    Volume
    -------   --------     ------   ------   --------   ----------    ----------
      60.17        238k      1385     2370       3792         0.17    HadModuleLogical
      38.50        152k      1129     1152       2426         0.17    EmModuleLogical
       0.93          3k         8       42        146         0.00    Mother
       0.12          0k         1        7          8         0.00    SolidWLogical
       0.12          0k         1        7          8         0.00    CuPlateLogical
       0.08          0k         1        4          6         0.00    LArgLogical
       0.05          0k         1        2          4         0.00    CryostatLogical
       0.05          0k         1        2          4         0.00    FCALEnvelopeLogical
G4VisManager: Using G4TrajectoryDrawByCharge as fallback trajectory model.
See commands in /vis/modeling/trajectories/ for other options.
### Run 0 starts.
### Run 0 start.
Read 2001 events from file data-tracks/tracks-20GeV.dat
******** Number of Rods in FCAL1 : 2351
********* Number of Rods in FCAL2 : 2546

---> Begin of event: 1
 ****  Primary : 1
 Vertex : (5.55552,7.16569,32740)
Number of F1 Tiles with Positive energy : 46
Number of F2 tiles with Positive energy : 0
 Visisble Energy in S1 , S2 , S3 in (MeV)
1.61853 1.68111 1.78227 
 Visible Energy in Hole Counter  (MeV) 
0 0
 Visible Energy in Upstream Dead Materials 
2.98111
 Visible Energy in Tail Catcher Scintillator
0 0 0 0 0 0 0 
 Visible Energy in Tail Catcher Absorber
0 0 0 0 0 0 
N Tracks out of world 5
N Secondaries 123
EmEdep is=19862.2 MeV 
HadEdep is=7.19914 MeV
Edep in FCAL1 FCAl2 : 19862.2 7.19914
 ****  Primary : 2
 Vertex : (-3.76032,10.9751,32740)
Number of F1 Tiles with Positive energy : 42
Number of F2 tiles with Positive energy : 0
 Visisble Energy in S1 , S2 , S3 in (MeV)
1.63088 3.32665 4.24502 
 Visible Energy in Hole Counter  (MeV) 
0 3.15943
 Visible Energy in Upstream Dead Materials 
7.11604
 Visible Energy in Tail Catcher Scintillator
0 0 0 0 0 0 0 
 Visible Energy in Tail Catcher Absorber
0 0 0 0 0 0 
N Tracks out of world 7
N Secondaries 221
EmEdep is=19636.9 MeV 
HadEdep is=0 MeV
Edep in FCAL1 FCAl2 : 19636.9 0
 ****  Primary : 3
 Vertex : (13.1951,2.677,32740)
Number of F1 Tiles with Positive energy : 43
Number of F2 tiles with Positive energy : 0
 Visisble Energy in S1 , S2 , S3 in (MeV)
1.50767 1.6978 1.8246 
 Visible Energy in Hole Counter  (MeV) 
0 0
 Visible Energy in Upstream Dead Materials 
42.8397
 Visible Energy in Tail Catcher Scintillator
0 0 0 0 0 0 0 
 Visible Energy in Tail Catcher Absorber
0 0 0 0 0 0 
N Tracks out of world 6
N Secondaries 341
EmEdep is=19772.5 MeV 
HadEdep is=0 MeV
Edep in FCAL1 FCAl2 : 19772.5 0
 ****  Primary : 4
 Vertex : (-8.66148,-8.80731,32740)
Number of F1 Tiles with Positive energy : 42
Number of F2 tiles with Positive energy : 0
 Visisble Energy in S1 , S2 , S3 in (MeV)
1.64729 1.49594 2.34331 
 Visible Energy in Hole Counter  (MeV) 
0 0
 Visible Energy in Upstream Dead Materials 
6.89159
 Visible Energy in Tail Catcher Scintillator
0 0 0 0 0 0 0 
 Visible Energy in Tail Catcher Absorber
0 0 0 0 0 0 
N Tracks out of world 2
N Secondaries 111
EmEdep is=19824.9 MeV 
HadEdep is=0.617055 MeV
Edep in FCAL1 FCAl2 : 19824.9 0.617055
 ****  Primary : 5
 Vertex : (4.75859,7.01622,32740)
Number of F1 Tiles with Positive energy : 50
Number of F2 tiles with Positive energy : 0
 Visisble Energy in S1 , S2 , S3 in (MeV)
1.56727 3.01797 1.83831 
 Visible Energy in Hole Counter  (MeV) 
0 2.58138
 Visible Energy in Upstream Dead Materials 
20.2641
 Visible Energy in Tail Catcher Scintillator
0 0 0 0 0 0 0 
 Visible Energy in Tail Catcher Absorber
0 0 0 0 0 0 
N Tracks out of world 3
N Secondaries 113
EmEdep is=19755.8 MeV 
HadEdep is=6.67262 MeV
Edep in FCAL1 FCAl2 : 19755.8 6.67262
 ****  Primary : 6
 Vertex : (1.94335,14.9228,32740)
Number of F1 Tiles with Positive energy : 60
Number of F2 tiles with Positive energy : 0
 Visisble Energy in S1 , S2 , S3 in (MeV)
1.71377 1.70237 1.62375 
 Visible Energy in Hole Counter  (MeV) 
0 164.686
 Visible Energy in Upstream Dead Materials 
1572.87
 Visible Energy in Tail Catcher Scintillator
0 0 0 0 0 0 0 
 Visible Energy in Tail Catcher Absorber
0 0 0 0 0 0 
N Tracks out of world 72
N Secondaries 204
EmEdep is=17010.5 MeV 
HadEdep is=2.15191 MeV
Edep in FCAL1 FCAl2 : 17010.5 2.15191
 ****  Primary : 7
 Vertex : (-10.9878,-6.7949,32740)
Number of F1 Tiles with Positive energy : 45
Number of F2 tiles with Positive energy : 0
 Visisble Energy in S1 , S2 , S3 in (MeV)
2.40239 1.68653 1.77153 
 Visible Energy in Hole Counter  (MeV) 
0 0
 Visible Energy in Upstream Dead Materials 
7.91894
 Visible Energy in Tail Catcher Scintillator
0 0 0 0 0 0 0 
 Visible Energy in Tail Catcher Absorber
0 0 0 0 0 0 
N Tracks out of world 4
N Secondaries 153
EmEdep is=19643 MeV 
HadEdep is=4.01212 MeV
Edep in FCAL1 FCAl2 : 19643 4.01212
 ****  Primary : 8
 Vertex : (10.9757,-1.49585,32740)
Number of F1 Tiles with Positive energy : 45
Number of F2 tiles with Positive energy : 0
 Visisble Energy in S1 , S2 , S3 in (MeV)
1.83046 1.6289 2.18014 
 Visible Energy in Hole Counter  (MeV) 
0 0
 Visible Energy in Upstream Dead Materials 
7.93749
 Visible Energy in Tail Catcher Scintillator
0 0 0 0 0 0 0 
 Visible Energy in Tail Catcher Absorber
0 0 0 0 0 0 
N Tracks out of world 5
N Secondaries 245
EmEdep is=19767.5 MeV 
HadEdep is=0 MeV
Edep in FCAL1 FCAl2 : 19767.5 0
 ****  Primary : 9
 Vertex : (-27.7734,3.36444,32740)
Number of F1 Tiles with Positive energy : 68
Number of F2 tiles with Positive energy : 0
 Visisble Energy in S1 , S2 , S3 in (MeV)
1.75381 1.86841 2.02426 
 Visible Energy in Hole Counter  (MeV) 
0 161.638
 Visible Energy in Upstream Dead Materials 
7899.33
 Visible Energy in Tail Catcher Scintillator
0 0 0 0 0 0 0 
 Visible Energy in Tail Catcher Absorber
0 0 0 0 0 0 
N Tracks out of world 224
N Secondaries 146
EmEdep is=9717.48 MeV 
HadEdep is=1.29952 MeV
Edep in FCAL1 FCAl2 : 9717.48 1.29952
 ****  Primary : 10
 Vertex : (-22.5474,4.1006,32740)
Number of F1 Tiles with Positive energy : 52
Number of F2 tiles with Positive energy : 0
 Visisble Energy in S1 , S2 , S3 in (MeV)
2.15805 1.73186 1.73679 
 Visible Energy in Hole Counter  (MeV) 
0 0
 Visible Energy in Upstream Dead Materials 
10.1959
 Visible Energy in Tail Catcher Scintillator
0 0 0 0 0 0 0 
 Visible Energy in Tail Catcher Absorber
0 0 0 0 0 0 
N Tracks out of world 0
N Secondaries 144
EmEdep is=19909.7 MeV 
HadEdep is=15.175 MeV
Edep in FCAL1 FCAl2 : 19909.7 15.175

---> Begin of event: 11
 ****  Primary : 11
 Vertex : (-6.31939,21.5056,32740)
Number of F1 Tiles with Positive energy : 46
Number of F2 tiles with Positive energy : 0
 Visisble Energy in S1 , S2 , S3 in (MeV)
1.74192 1.59579 1.71405 
 Visible Energy in Hole Counter  (MeV) 
0 11.3731
 Visible Energy in Upstream Dead Materials 
119.017
 Visible Energy in Tail Catcher Scintillator
0 0 0 0 0 0 0 
 Visible Energy in Tail Catcher Absorber
0 0 0 0 0 0 
N Tracks out of world 10
N Secondaries 223
EmEdep is=19567.5 MeV 
HadEdep is=0 MeV
Edep in FCAL1 FCAl2 : 19567.5 0
 ****  Primary : 12
 Vertex : (17.1015,6.30557,32740)
Number of F1 Tiles with Positive energy : 48
Number of F2 tiles with Positive energy : 0
 Visisble Energy in S1 , S2 , S3 in (MeV)
1.94506 1.65155 1.87899 
 Visible Energy in Hole Counter  (MeV) 
0 0
 Visible Energy in Upstream Dead Materials 
8.54853
 Visible Energy in Tail Catcher Scintillator
0 0 0 0 0 0 0 
 Visible Energy in Tail Catcher Absorber
0 0 0 0 0 0 
N Tracks out of world 3
N Secondaries 199
EmEdep is=19786.4 MeV 
HadEdep is=0 MeV
Edep in FCAL1 FCAl2 : 19786.4 0
 ****  Primary : 13
 Vertex : (-24.9484,11.8659,32740)
Number of F1 Tiles with Positive energy : 38
Number of F2 tiles with Positive energy : 0
 Visisble Energy in S1 , S2 , S3 in (MeV)
2.0096 2.08323 1.55249 
 Visible Energy in Hole Counter  (MeV) 
0 52.7867
 Visible Energy in Upstream Dead Materials 
17747.2
 Visible Energy in Tail Catcher Scintillator
0 0 0 0 0 0 0 
 Visible Energy in Tail Catcher Absorber
0 0 0 0 0 0 
N Tracks out of world 186
N Secondaries 192
EmEdep is=1124.7 MeV 
HadEdep is=0 MeV
Edep in FCAL1 FCAl2 : 1124.7 0
 ****  Primary : 14
 Vertex : (-0.133696,18.3151,32740)
Number of F1 Tiles with Positive energy : 42
Number of F2 tiles with Positive energy : 0
 Visisble Energy in S1 , S2 , S3 in (MeV)
1.7539 2.42215 2.12413 
 Visible Energy in Hole Counter  (MeV) 
0 0
 Visible Energy in Upstream Dead Materials 
8.74118
 Visible Energy in Tail Catcher Scintillator
0 0 0 0 0 0 0 
 Visible Energy in Tail Catcher Absorber
0 0 0 0 0 0 
N Tracks out of world 4
N Secondaries 224
EmEdep is=19704.4 MeV 
HadEdep is=3.28498 MeV
Edep in FCAL1 FCAl2 : 19704.4 3.28498
 ****  Primary : 15
 Vertex : (17.3196,17.6617,32740)
Number of F1 Tiles with Positive energy : 43
Number of F2 tiles with Positive energy : 0
 Visisble Energy in S1 , S2 , S3 in (MeV)
1.65994 2.36038 4.77333 
 Visible Energy in Hole Counter  (MeV) 
0 0
 Visible Energy in Upstream Dead Materials 
2.56258
 Visible Energy in Tail Catcher Scintillator
0 0 0 0 0 0 0 
 Visible Energy in Tail Catcher Absorber
0 0 0 0 0 0 
N Tracks out of world 3
N Secondaries 217
EmEdep is=19830.5 MeV 
HadEdep is=1.81426 MeV
Edep in FCAL1 FCAl2 : 19830.5 1.81426
 ****  Primary : 16
 Vertex : (-20.8489,10.8988,32740)
Number of F1 Tiles with Positive energy : 64
Number of F2 tiles with Positive energy : 0
 Visisble Energy in S1 , S2 , S3 in (MeV)
1.5373 1.73314 1.78202 
 Visible Energy in Hole Counter  (MeV) 
0 23.5355
 Visible Energy in Upstream Dead Materials 
3300.44
 Visible Energy in Tail Catcher Scintillator
0 0 0 0 0 0 0 
 Visible Energy in Tail Catcher Absorber
0 0 0 0 0 0 
N Tracks out of world 78
N Secondaries 197
EmEdep is=15236.9 MeV 
HadEdep is=0.25603 MeV
Edep in FCAL1 FCAl2 : 15236.9 0.25603
 ****  Primary : 17
 Vertex : (-9.96316,-9.33478,32740)
Number of F1 Tiles with Positive energy : 62
Number of F2 tiles with Positive energy : 0
 Visisble Energy in S1 , S2 , S3 in (MeV)
1.62607 1.89165 3.77095 
 Visible Energy in Hole Counter  (MeV) 
0 52.5647
 Visible Energy in Upstream Dead Materials 
3574.2
 Visible Energy in Tail Catcher Scintillator
0 0 0 0 0 0 0 
 Visible Energy in Tail Catcher Absorber
0 0 0 0 0 0 
N Tracks out of world 112
N Secondaries 192
EmEdep is=14901.9 MeV 
HadEdep is=0.000666208 MeV
Edep in FCAL1 FCAl2 : 14901.9 0.000666208
 ****  Primary : 18
 Vertex : (-9.96316,-9.33478,32740)
Number of F1 Tiles with Positive energy : 47
Number of F2 tiles with Positive energy : 0
 Visisble Energy in S1 , S2 , S3 in (MeV)
1.91817 1.64517 2.07853 
 Visible Energy in Hole Counter  (MeV) 
0 53.953
 Visible Energy in Upstream Dead Materials 
2239.45
 Visible Energy in Tail Catcher Scintillator
0 0 0 0 0 0 0 
 Visible Energy in Tail Catcher Absorber
0 0 0 0 0 0 
N Tracks out of world 46
N Secondaries 125
EmEdep is=16630.3 MeV 
HadEdep is=8.685 MeV
Edep in FCAL1 FCAl2 : 16630.3 8.685
 Run terminated.
Run Summary
  Number of events processed : 18
  User=7.850000s Real=45.098111s Sys=0.000000s
There are 4 h1 histograms
  0 with      0 entries: Number of Out Of World
  1 with      0 entries: Number of Secondaries
  2 with      0 entries: Electromagnetic Energy/MeV
  3 with      0 entries: hadronic Energy/MeV
List them with "/analysis/list".
View them with "/vis/plot" or "/vis/reviewPlots".
Graphics systems deleted.
Visualization Manager deleting...
G4 kernel has come to Quit state.
UserDetectorConstruction deleted.
UserPhysicsList deleted.
UserActionInitialization deleted.
UserWorkerInitialization deleted.
UserWorkerThreadInitialization deleted.
UserRunAction deleted.
UserPrimaryGenerator deleted.
RunManager is deleting RunManagerKernel.
G4SDManager deleted.
EventManager deleted.
Units table cleared.
TransportationManager deleted.
Total navigation history collections cleaned: 45
G4RNGHelper object is deleted.
================== Deleting memory pools ===================
Pool ID '20G4NavigationLevelRep', size : 0.0644 MB
Pool ID '24G4ReferenceCountedHandleIvE', size : 0.000961 MB
Pool ID '17G4DynamicParticle', size : 0.1 MB
Pool ID '16G4SmartVoxelNode', size : 0.112 MB
Pool ID '17G4SmartVoxelProxy', size : 0.0942 MB
Pool ID '7G4Event', size : 0.000961 MB
Pool ID '15G4PrimaryVertex', size : 0.000961 MB
Pool ID '17G4PrimaryParticle', size : 0.000961 MB
Pool ID '15G4HCofThisEvent', size : 0.000961 MB
Pool ID '7G4Track', size : 0.199 MB
Pool ID '18G4TouchableHistory', size : 0.00577 MB
Pool ID '15G4CountedObjectIvE', size : 0.000961 MB
Pool ID '10G4Fragment', size : 0.00192 MB
Pool ID '17G4ReactionProduct', size : 0.00192 MB
Number of memory pools allocated: 14 of which, static: 0
Dynamic pools deleted: 14 / Total memory freed: 0.58 MB
============================================================
G4Allocator objects are deleted.
UImanager deleted.
StateManager deleted.
RunManagerKernel is deleted. Good bye :)
RunManager is deleted.
