Environment variable "G4FORCE_RUN_MANAGER_TYPE" enabled with value == Serial. Forcing G4RunManager type...

        ############################################
        !!! WARNING - FPE detection is activated !!!
        ############################################

**************************************************************
 Geant4 version Name: geant4-10-06-ref-07    (31-July-2020)
                       Copyright : Geant4 Collaboration
                      References : NIM A 506 (2003), 250-303
                                 : IEEE-TNS 53 (2006), 270-278
                                 : NIM A 835 (2016), 186-225
                             WWW : http://geant4.org/
**************************************************************

<<< Geant4 Physics List simulation engine: FTFP_BERT

Using Root
Visualization Manager instantiating with verbosity "warnings (3)"...
Visualization Manager initialising...
Registering graphics systems...

You have successfully registered the following graphics systems.
Registered graphics systems are:
  ASCIITree (ATree)
  DAWNFILE (DAWNFILE)
  G4HepRep (HepRepXML)
  G4HepRepFile (HepRepFile)
  RayTracer (RayTracer)
  VRML1FILE (VRML1FILE)
  VRML2FILE (VRML2FILE)
  gMocrenFile (gMocrenFile)
  OpenGLImmediateXm (OGLIXm, OGLI)
  OpenGLStoredXm (OGLSXm, OGL, OGLS)
  OpenGLImmediateX (OGLIX, OGLIXm_FALLBACK)
  OpenGLStoredX (OGLSX, OGLSXm_FALLBACK)
  RayTracerX (RayTracerX)

Registering model factories...

You have successfully registered the following model factories.
Registered model factories:
  generic
  drawByAttribute
  drawByCharge
  drawByOriginVolume
  drawByParticleID
  drawByEncounteredVolume

Registered models:
  None

Registered filter factories:
  attributeFilter
  chargeFilter
  originVolumeFilter
  particleFilter
  encounteredVolumeFilter

Registered filters:
  None

You have successfully registered the following user vis actions.
Run Duration User Vis Actions: none
End of Event User Vis Actions: none
End of Run User Vis Actions: none

Some /vis commands (optionally) take a string to specify colour.
"/vis/list" to see available colours.

The materials defined are : 


***** Table : Nb of materials = 5 *****

 Material:   G4_AIR    density:  1.205 mg/cm3  RadL: 303.921 m    Nucl.Int.Length: 710.095 m  
                       Imean:  85.700 eV   temperature: 293.15 K  pressure:   1.00 atm

   --->  Element: C (C)   Z =  6.0   N =    12   A = 12.011 g/mole
         --->  Isotope:   C12   Z =  6   N =  12   A =  12.00 g/mole   abundance: 98.930 %
         --->  Isotope:   C13   Z =  6   N =  13   A =  13.00 g/mole   abundance:  1.070 %
          ElmMassFraction:   0.01 %  ElmAbundance   0.02 % 

   --->  Element: N (N)   Z =  7.0   N =    14   A = 14.007 g/mole
         --->  Isotope:   N14   Z =  7   N =  14   A =  14.00 g/mole   abundance: 99.632 %
         --->  Isotope:   N15   Z =  7   N =  15   A =  15.00 g/mole   abundance:  0.368 %
          ElmMassFraction:  75.53 %  ElmAbundance  78.44 % 

   --->  Element: O (O)   Z =  8.0   N =    16   A = 15.999 g/mole
         --->  Isotope:   O16   Z =  8   N =  16   A =  15.99 g/mole   abundance: 99.757 %
         --->  Isotope:   O17   Z =  8   N =  17   A =  17.00 g/mole   abundance:  0.038 %
         --->  Isotope:   O18   Z =  8   N =  18   A =  18.00 g/mole   abundance:  0.205 %
          ElmMassFraction:  23.18 %  ElmAbundance  21.07 % 

   --->  Element: Ar (Ar)   Z = 18.0   N =    40   A = 39.948 g/mole
         --->  Isotope:  Ar36   Z = 18   N =  36   A =  35.97 g/mole   abundance:  0.337 %
         --->  Isotope:  Ar38   Z = 18   N =  38   A =  37.96 g/mole   abundance:  0.063 %
         --->  Isotope:  Ar40   Z = 18   N =  40   A =  39.96 g/mole   abundance: 99.600 %
          ElmMassFraction:   1.28 %  ElmAbundance   0.47 % 


 Material:    G4_Ar    density:  1.662 mg/cm3  RadL: 117.621 m    Nucl.Int.Length: 719.888 m  
                       Imean: 188.000 eV   temperature: 293.15 K  pressure:   1.00 atm

   --->  Element: Ar (Ar)   Z = 18.0   N =    40   A = 39.948 g/mole
         --->  Isotope:  Ar36   Z = 18   N =  36   A =  35.97 g/mole   abundance:  0.337 %
         --->  Isotope:  Ar38   Z = 18   N =  38   A =  37.96 g/mole   abundance:  0.063 %
         --->  Isotope:  Ar40   Z = 18   N =  40   A =  39.96 g/mole   abundance: 99.600 %
          ElmMassFraction: 100.00 %  ElmAbundance 100.00 % 


 Material: G4_PLASTIC_SC_VINYLTOLUENE    density:  1.032 g/cm3   RadL:  42.544 cm   Nucl.Int.Length:  69.969 cm 
                       Imean:  64.700 eV   temperature: 293.15 K  pressure:   1.00 atm

   --->  Element: C (C)   Z =  6.0   N =    12   A = 12.011 g/mole
         --->  Isotope:   C12   Z =  6   N =  12   A =  12.00 g/mole   abundance: 98.930 %
         --->  Isotope:   C13   Z =  6   N =  13   A =  13.00 g/mole   abundance:  1.070 %
          ElmMassFraction:  91.47 %  ElmAbundance  47.37 % 

   --->  Element: H (H)   Z =  1.0   N =     1   A =  1.008 g/mole
         --->  Isotope:    H1   Z =  1   N =   1   A =   1.01 g/mole   abundance: 99.989 %
         --->  Isotope:    H2   Z =  1   N =   2   A =   2.01 g/mole   abundance:  0.011 %
          ElmMassFraction:   8.53 %  ElmAbundance  52.63 % 


 Material: G4_CESIUM_IODIDE    density:  4.510 g/cm3   RadL:   1.860 cm   Nucl.Int.Length:  39.306 cm 
                       Imean: 553.100 eV   temperature: 293.15 K  pressure:   1.00 atm

   --->  Element: Cs (Cs)   Z = 55.0   N =   133   A = 132.905 g/mole
         --->  Isotope: Cs133   Z = 55   N = 133   A = 132.91 g/mole   abundance: 100.000 %
          ElmMassFraction:  51.15 %  ElmAbundance  50.00 % 

   --->  Element: I (I)   Z = 53.0   N =   127   A = 126.904 g/mole
         --->  Isotope:  I127   Z = 53   N = 127   A = 126.90 g/mole   abundance: 100.000 %
          ElmMassFraction:  48.85 %  ElmAbundance  50.00 % 


 Material:    G4_Pb    density: 11.350 g/cm3   RadL:   5.613 mm   Nucl.Int.Length:  18.248 cm 
                       Imean: 823.000 eV   temperature: 293.15 K  pressure:   1.00 atm

   --->  Element: Pb (Pb)   Z = 82.0   N =   207   A = 207.217 g/mole
         --->  Isotope: Pb204   Z = 82   N = 204   A = 203.97 g/mole   abundance:  1.400 %
         --->  Isotope: Pb206   Z = 82   N = 206   A = 205.97 g/mole   abundance: 24.100 %
         --->  Isotope: Pb207   Z = 82   N = 207   A = 206.98 g/mole   abundance: 22.100 %
         --->  Isotope: Pb208   Z = 82   N = 208   A = 207.98 g/mole   abundance: 52.400 %
          ElmMassFraction: 100.00 %  ElmAbundance 100.00 % 



Checking overlaps for volume magneticPhysical (G4Tubs) ... OK! 
Checking overlaps for volume firstArmPhysical (G4Box) ... OK! 
Checking overlaps for volume fSecondArmPhys (G4Box) ... OK! 
Checking overlaps for volume hodoscope1Physical (G4Box) ... OK! 
Checking overlaps for volume hodoscope1Physical (G4Box) ... OK! 
Checking overlaps for volume hodoscope1Physical (G4Box) ... OK! 
Checking overlaps for volume hodoscope1Physical (G4Box) ... OK! 
Checking overlaps for volume hodoscope1Physical (G4Box) ... OK! 
Checking overlaps for volume hodoscope1Physical (G4Box) ... OK! 
Checking overlaps for volume hodoscope1Physical (G4Box) ... OK! 
Checking overlaps for volume hodoscope1Physical (G4Box) ... OK! 
Checking overlaps for volume hodoscope1Physical (G4Box) ... OK! 
Checking overlaps for volume hodoscope1Physical (G4Box) ... OK! 
Checking overlaps for volume hodoscope1Physical (G4Box) ... OK! 
Checking overlaps for volume hodoscope1Physical (G4Box) ... OK! 
Checking overlaps for volume hodoscope1Physical (G4Box) ... OK! 
Checking overlaps for volume hodoscope1Physical (G4Box) ... OK! 
Checking overlaps for volume hodoscope1Physical (G4Box) ... OK! 
Checking overlaps for volume chamber1Physical (G4Box) ... OK! 
Checking overlaps for volume chamber1Physical (G4Box) ... OK! 
Checking overlaps for volume chamber1Physical (G4Box) ... OK! 
Checking overlaps for volume chamber1Physical (G4Box) ... OK! 
Checking overlaps for volume chamber1Physical (G4Box) ... OK! 
Checking overlaps for volume wirePlane1Physical (G4Box) ... OK! 
Checking overlaps for volume hodoscope2Physical (G4Box) ... OK! 
Checking overlaps for volume hodoscope2Physical (G4Box) ... OK! 
Checking overlaps for volume hodoscope2Physical (G4Box) ... OK! 
Checking overlaps for volume hodoscope2Physical (G4Box) ... OK! 
Checking overlaps for volume hodoscope2Physical (G4Box) ... OK! 
Checking overlaps for volume hodoscope2Physical (G4Box) ... OK! 
Checking overlaps for volume hodoscope2Physical (G4Box) ... OK! 
Checking overlaps for volume hodoscope2Physical (G4Box) ... OK! 
Checking overlaps for volume hodoscope2Physical (G4Box) ... OK! 
Checking overlaps for volume hodoscope2Physical (G4Box) ... OK! 
Checking overlaps for volume hodoscope2Physical (G4Box) ... OK! 
Checking overlaps for volume hodoscope2Physical (G4Box) ... OK! 
Checking overlaps for volume hodoscope2Physical (G4Box) ... OK! 
Checking overlaps for volume hodoscope2Physical (G4Box) ... OK! 
Checking overlaps for volume hodoscope2Physical (G4Box) ... OK! 
Checking overlaps for volume hodoscope2Physical (G4Box) ... OK! 
Checking overlaps for volume hodoscope2Physical (G4Box) ... OK! 
Checking overlaps for volume hodoscope2Physical (G4Box) ... OK! 
Checking overlaps for volume hodoscope2Physical (G4Box) ... OK! 
Checking overlaps for volume hodoscope2Physical (G4Box) ... OK! 
Checking overlaps for volume hodoscope2Physical (G4Box) ... OK! 
Checking overlaps for volume hodoscope2Physical (G4Box) ... OK! 
Checking overlaps for volume hodoscope2Physical (G4Box) ... OK! 
Checking overlaps for volume hodoscope2Physical (G4Box) ... OK! 
Checking overlaps for volume hodoscope2Physical (G4Box) ... OK! 
Checking overlaps for volume chamber2Physical (G4Box) ... OK! 
Checking overlaps for volume chamber2Physical (G4Box) ... OK! 
Checking overlaps for volume chamber2Physical (G4Box) ... OK! 
Checking overlaps for volume chamber2Physical (G4Box) ... OK! 
Checking overlaps for volume chamber2Physical (G4Box) ... OK! 
Checking overlaps for volume wirePlane2Physical (G4Box) ... OK! 
Checking overlaps for volume EMcalorimeterPhysical (G4Box) ... OK! 
Checking overlaps for volume HadCalorimeterPhysical (G4Box) ... OK! 
Checking overlaps for volume HadCalScintiPhysical (G4Box) ... OK! 

 FTFP_BERT : new threshold between BERT and FTFP is over the interval 
 for pions :   3 to 6 GeV
 for kaons :   3 to 6 GeV
 for proton :  3 to 6 GeV
 for neutron : 3 to 6 GeV

### Adding tracking cuts for neutron  TimeCut(ns)= 10000  KinEnergyCut(MeV)= 0

phot:  for gamma SubType=12 BuildTable=0
      LambdaPrime table from 200 keV to 100 TeV in 61 bins 
      ===== EM models for the G4Region  DefaultRegionForTheWorld ======
 LivermorePhElectric : Emin=    0 eV  Emax=  100 TeV  SauterGavrila Fluo

compt:  for gamma SubType=13 BuildTable=1
      Lambda table from 100 eV  to 1 MeV, 7 bins/decade, spline: 1
      LambdaPrime table from 1 MeV to 100 TeV in 56 bins 
      ===== EM models for the G4Region  DefaultRegionForTheWorld ======
       Klein-Nishina : Emin=    0 eV  Emax=  100 TeV

conv:  for gamma SubType=14 BuildTable=1
      Lambda table from 1.022 MeV to 100 TeV, 18 bins/decade, spline: 1
      ===== EM models for the G4Region  DefaultRegionForTheWorld ======
     BetheHeitlerLPM : Emin=    0 eV  Emax=  100 TeV  ModifiedTsai

Rayl:  for gamma SubType=11 BuildTable=1
      Lambda table from 100 eV  to 100 keV, 7 bins/decade, spline: 0
      LambdaPrime table from 100 keV to 100 TeV in 63 bins 
      ===== EM models for the G4Region  DefaultRegionForTheWorld ======
   LivermoreRayleigh : Emin=    0 eV  Emax=  100 TeV  CullenGenerator

msc:  for e-  SubType= 10
      ===== EM models for the G4Region  DefaultRegionForTheWorld ======
            UrbanMsc : Emin=    0 eV  Emax=  100 MeV Nbins=42 100 eV  - 100 MeV
              StepLim=UseSafety Rfact=0.04 Gfact=2.5 Sfact=0.6 DispFlag:1 Skin=1 Llimit=1
        WentzelVIUni : Emin=  100 MeV Emax=  100 TeV Nbins=42 100 MeV - 100 TeV
              StepLim=UseSafety Rfact=0.04 Gfact=2.5 Sfact=0.6 DispFlag:1 Skin=1 Llimit=1

eIoni:  for e-  SubType=2
      dE/dx and range tables from 100 eV  to 100 TeV in 84 bins
      Lambda tables from threshold to 100 TeV, 7 bins/decade, spline: 1
      StepFunction=(0.2, 1 mm), integ: 1, fluct: 1, linLossLim= 0.01
      ===== EM models for the G4Region  DefaultRegionForTheWorld ======
        MollerBhabha : Emin=    0 eV  Emax=  100 TeV

eBrem:  for e-  SubType=3
      dE/dx and range tables from 100 eV  to 100 TeV in 84 bins
      Lambda tables from threshold to 100 TeV, 7 bins/decade, spline: 1
      LPM flag: 1 for E > 1 GeV,  VertexHighEnergyTh(GeV)= 100000
      ===== EM models for the G4Region  DefaultRegionForTheWorld ======
             eBremSB : Emin=    0 eV  Emax=    1 GeV  ModifiedTsai
            eBremLPM : Emin=    1 GeV Emax=  100 TeV  ModifiedTsai

CoulombScat:  for e-, integral:1  SubType=1 BuildTable=1
      Lambda table from 100 MeV to 100 TeV, 7 bins/decade, spline: 1
      ThetaMin(p) < Theta(degree) < 180 pLimit(GeV^1)= 0.139531
      ===== EM models for the G4Region  DefaultRegionForTheWorld ======
  eCoulombScattering : Emin=  100 MeV Emax=  100 TeV

msc:  for e+  SubType= 10
      ===== EM models for the G4Region  DefaultRegionForTheWorld ======
            UrbanMsc : Emin=    0 eV  Emax=  100 MeV Nbins=42 100 eV  - 100 MeV
              StepLim=UseSafety Rfact=0.04 Gfact=2.5 Sfact=0.6 DispFlag:1 Skin=1 Llimit=1
        WentzelVIUni : Emin=  100 MeV Emax=  100 TeV Nbins=42 100 MeV - 100 TeV
              StepLim=UseSafety Rfact=0.04 Gfact=2.5 Sfact=0.6 DispFlag:1 Skin=1 Llimit=1

eIoni:  for e+  SubType=2
      dE/dx and range tables from 100 eV  to 100 TeV in 84 bins
      Lambda tables from threshold to 100 TeV, 7 bins/decade, spline: 1
      StepFunction=(0.2, 1 mm), integ: 1, fluct: 1, linLossLim= 0.01
      ===== EM models for the G4Region  DefaultRegionForTheWorld ======
        MollerBhabha : Emin=    0 eV  Emax=  100 TeV

eBrem:  for e+  SubType=3
      dE/dx and range tables from 100 eV  to 100 TeV in 84 bins
      Lambda tables from threshold to 100 TeV, 7 bins/decade, spline: 1
      LPM flag: 1 for E > 1 GeV,  VertexHighEnergyTh(GeV)= 100000
      ===== EM models for the G4Region  DefaultRegionForTheWorld ======
             eBremSB : Emin=    0 eV  Emax=    1 GeV  ModifiedTsai
            eBremLPM : Emin=    1 GeV Emax=  100 TeV  ModifiedTsai

annihil:  for e+, integral:1  SubType=5 BuildTable=0
      ===== EM models for the G4Region  DefaultRegionForTheWorld ======
            eplus2gg : Emin=    0 eV  Emax=  100 TeV

CoulombScat:  for e+, integral:1  SubType=1 BuildTable=1
      Lambda table from 100 MeV to 100 TeV, 7 bins/decade, spline: 1
      ThetaMin(p) < Theta(degree) < 180 pLimit(GeV^1)= 0.139531
      ===== EM models for the G4Region  DefaultRegionForTheWorld ======
  eCoulombScattering : Emin=  100 MeV Emax=  100 TeV

msc:  for proton  SubType= 10
      ===== EM models for the G4Region  DefaultRegionForTheWorld ======
        WentzelVIUni : Emin=    0 eV  Emax=  100 TeV Nbins=84 100 eV  - 100 TeV
              StepLim=Minimal Rfact=0.2 Gfact=2.5 Sfact=0.6 DispFlag:0 Skin=1 Llimit=1

hIoni:  for proton  SubType=2
      dE/dx and range tables from 100 eV  to 100 TeV in 84 bins
      Lambda tables from threshold to 100 TeV, 7 bins/decade, spline: 1
      StepFunction=(0.2, 0.1 mm), integ: 1, fluct: 1, linLossLim= 0.01
      ===== EM models for the G4Region  DefaultRegionForTheWorld ======
               Bragg : Emin=    0 eV  Emax=    2 MeV
          BetheBloch : Emin=    2 MeV Emax=  100 TeV

hBrems:  for proton  SubType=3
      dE/dx and range tables from 100 eV  to 100 TeV in 84 bins
      Lambda tables from threshold to 100 TeV, 7 bins/decade, spline: 1
      ===== EM models for the G4Region  DefaultRegionForTheWorld ======
               hBrem : Emin=    0 eV  Emax=  100 TeV

hPairProd:  for proton  SubType=4
      dE/dx and range tables from 100 eV  to 100 TeV in 84 bins
      Lambda tables from threshold to 100 TeV, 7 bins/decade, spline: 1
      Sampling table 17x1001 from 7.50618 GeV to 100 TeV 
      ===== EM models for the G4Region  DefaultRegionForTheWorld ======
           hPairProd : Emin=    0 eV  Emax=  100 TeV

CoulombScat:  for proton, integral:1  SubType=1 BuildTable=1
      Lambda table from threshold  to 100 TeV, 7 bins/decade, spline: 1
      ThetaMin(p) < Theta(degree) < 180 pLimit(GeV^1)= 0.139531
      ===== EM models for the G4Region  DefaultRegionForTheWorld ======
  eCoulombScattering : Emin=    0 eV  Emax=  100 TeV

msc:  for GenericIon  SubType= 10
      ===== EM models for the G4Region  DefaultRegionForTheWorld ======
            UrbanMsc : Emin=    0 eV  Emax=  100 TeV
              StepLim=Minimal Rfact=0.2 Gfact=2.5 Sfact=0.6 DispFlag:0 Skin=1 Llimit=1

ionIoni:  for GenericIon  SubType=2
      dE/dx and range tables from 100 eV  to 100 TeV in 84 bins
      Lambda tables from threshold to 100 TeV, 7 bins/decade, spline: 1
      StepFunction=(0.2, 0.1 mm), integ: 1, fluct: 1, linLossLim= 0.02
      Stopping Power data for 17 ion/material pairs
      ===== EM models for the G4Region  DefaultRegionForTheWorld ======
            BraggIon : Emin=    0 eV  Emax=    2 MeV
          BetheBloch : Emin=    2 MeV Emax=  100 TeV

msc:  for alpha  SubType= 10
      ===== EM models for the G4Region  DefaultRegionForTheWorld ======
            UrbanMsc : Emin=    0 eV  Emax=  100 TeV Nbins=84 100 eV  - 100 TeV
              StepLim=Minimal Rfact=0.2 Gfact=2.5 Sfact=0.6 DispFlag:0 Skin=1 Llimit=1

ionIoni:  for alpha  SubType=2
      dE/dx and range tables from 100 eV  to 100 TeV in 84 bins
      Lambda tables from threshold to 100 TeV, 7 bins/decade, spline: 1
      StepFunction=(0.2, 0.1 mm), integ: 1, fluct: 1, linLossLim= 0.02
      ===== EM models for the G4Region  DefaultRegionForTheWorld ======
            BraggIon : Emin=    0 eV  Emax=7.9452 MeV
          BetheBloch : Emin=7.9452 MeV Emax=  100 TeV

msc:  for anti_proton  SubType= 10
      ===== EM models for the G4Region  DefaultRegionForTheWorld ======
        WentzelVIUni : Emin=    0 eV  Emax=  100 TeV Nbins=84 100 eV  - 100 TeV
              StepLim=Minimal Rfact=0.2 Gfact=2.5 Sfact=0.6 DispFlag:0 Skin=1 Llimit=1

hIoni:  for anti_proton  SubType=2
      dE/dx and range tables from 100 eV  to 100 TeV in 84 bins
      Lambda tables from threshold to 100 TeV, 7 bins/decade, spline: 1
      StepFunction=(0.2, 0.1 mm), integ: 1, fluct: 1, linLossLim= 0.01
      ===== EM models for the G4Region  DefaultRegionForTheWorld ======
            ICRU73QO : Emin=    0 eV  Emax=    2 MeV
          BetheBloch : Emin=    2 MeV Emax=  100 TeV

hBrems:  for anti_proton  SubType=3
      dE/dx and range tables from 100 eV  to 100 TeV in 84 bins
      Lambda tables from threshold to 100 TeV, 7 bins/decade, spline: 1
      ===== EM models for the G4Region  DefaultRegionForTheWorld ======
               hBrem : Emin=    0 eV  Emax=  100 TeV

hPairProd:  for anti_proton  SubType=4
      dE/dx and range tables from 100 eV  to 100 TeV in 84 bins
      Lambda tables from threshold to 100 TeV, 7 bins/decade, spline: 1
      Sampling table 17x1001 from 7.50618 GeV to 100 TeV 
      ===== EM models for the G4Region  DefaultRegionForTheWorld ======
           hPairProd : Emin=    0 eV  Emax=  100 TeV

CoulombScat:  for anti_proton, integral:1  SubType=1 BuildTable=1
      Lambda table from threshold  to 100 TeV, 7 bins/decade, spline: 1
      ThetaMin(p) < Theta(degree) < 180 pLimit(GeV^1)= 0.139531
      ===== EM models for the G4Region  DefaultRegionForTheWorld ======
  eCoulombScattering : Emin=    0 eV  Emax=  100 TeV

msc:  for kaon+  SubType= 10
      ===== EM models for the G4Region  DefaultRegionForTheWorld ======
        WentzelVIUni : Emin=    0 eV  Emax=  100 TeV Nbins=84 100 eV  - 100 TeV
              StepLim=Minimal Rfact=0.2 Gfact=2.5 Sfact=0.6 DispFlag:0 Skin=1 Llimit=1

hIoni:  for kaon+  SubType=2
      dE/dx and range tables from 100 eV  to 100 TeV in 84 bins
      Lambda tables from threshold to 100 TeV, 7 bins/decade, spline: 1
      StepFunction=(0.2, 0.1 mm), integ: 1, fluct: 1, linLossLim= 0.01
      ===== EM models for the G4Region  DefaultRegionForTheWorld ======
               Bragg : Emin=    0 eV  Emax=1.05231 MeV
          BetheBloch : Emin=1.05231 MeV Emax=  100 TeV

hBrems:  for kaon+  SubType=3
      dE/dx and range tables from 100 eV  to 100 TeV in 84 bins
      Lambda tables from threshold to 100 TeV, 7 bins/decade, spline: 1
      ===== EM models for the G4Region  DefaultRegionForTheWorld ======
               hBrem : Emin=    0 eV  Emax=  100 TeV

hPairProd:  for kaon+  SubType=4
      dE/dx and range tables from 100 eV  to 100 TeV in 84 bins
      Lambda tables from threshold to 100 TeV, 7 bins/decade, spline: 1
      Sampling table 18x1001 from 3.94942 GeV to 100 TeV 
      ===== EM models for the G4Region  DefaultRegionForTheWorld ======
           hPairProd : Emin=    0 eV  Emax=  100 TeV

CoulombScat:  for kaon+, integral:1  SubType=1 BuildTable=1
      Lambda table from threshold  to 100 TeV, 7 bins/decade, spline: 1
      ThetaMin(p) < Theta(degree) < 180 pLimit(GeV^1)= 0.139531
      ===== EM models for the G4Region  DefaultRegionForTheWorld ======
  eCoulombScattering : Emin=    0 eV  Emax=  100 TeV

msc:  for kaon-  SubType= 10
      ===== EM models for the G4Region  DefaultRegionForTheWorld ======
        WentzelVIUni : Emin=    0 eV  Emax=  100 TeV Nbins=84 100 eV  - 100 TeV
              StepLim=Minimal Rfact=0.2 Gfact=2.5 Sfact=0.6 DispFlag:0 Skin=1 Llimit=1

hIoni:  for kaon-  SubType=2
      dE/dx and range tables from 100 eV  to 100 TeV in 84 bins
      Lambda tables from threshold to 100 TeV, 7 bins/decade, spline: 1
      StepFunction=(0.2, 0.1 mm), integ: 1, fluct: 1, linLossLim= 0.01
      ===== EM models for the G4Region  DefaultRegionForTheWorld ======
            ICRU73QO : Emin=    0 eV  Emax=1.05231 MeV
          BetheBloch : Emin=1.05231 MeV Emax=  100 TeV

hBrems:  for kaon-  SubType=3
      dE/dx and range tables from 100 eV  to 100 TeV in 84 bins
      Lambda tables from threshold to 100 TeV, 7 bins/decade, spline: 1
      ===== EM models for the G4Region  DefaultRegionForTheWorld ======
               hBrem : Emin=    0 eV  Emax=  100 TeV

hPairProd:  for kaon-  SubType=4
      dE/dx and range tables from 100 eV  to 100 TeV in 84 bins
      Lambda tables from threshold to 100 TeV, 7 bins/decade, spline: 1
      Sampling table 18x1001 from 3.94942 GeV to 100 TeV 
      ===== EM models for the G4Region  DefaultRegionForTheWorld ======
           hPairProd : Emin=    0 eV  Emax=  100 TeV

CoulombScat:  for kaon-, integral:1  SubType=1 BuildTable=1
      Used Lambda table of kaon+
      ThetaMin(p) < Theta(degree) < 180 pLimit(GeV^1)= 0.139531
      ===== EM models for the G4Region  DefaultRegionForTheWorld ======
  eCoulombScattering : Emin=    0 eV  Emax=  100 TeV

msc:  for mu+  SubType= 10
      ===== EM models for the G4Region  DefaultRegionForTheWorld ======
        WentzelVIUni : Emin=    0 eV  Emax=  100 TeV Nbins=84 100 eV  - 100 TeV
              StepLim=Minimal Rfact=0.2 Gfact=2.5 Sfact=0.6 DispFlag:0 Skin=1 Llimit=1

muIoni:  for mu+  SubType=2
      dE/dx and range tables from 100 eV  to 100 TeV in 84 bins
      Lambda tables from threshold to 100 TeV, 7 bins/decade, spline: 1
      StepFunction=(0.2, 0.1 mm), integ: 1, fluct: 1, linLossLim= 0.01
      ===== EM models for the G4Region  DefaultRegionForTheWorld ======
               Bragg : Emin=    0 eV  Emax=  200 keV
          BetheBloch : Emin=  200 keV Emax=    1 GeV
        MuBetheBloch : Emin=    1 GeV Emax=  100 TeV

muBrems:  for mu+  SubType=3
      dE/dx and range tables from 100 eV  to 100 TeV in 84 bins
      Lambda tables from threshold to 100 TeV, 7 bins/decade, spline: 1
      ===== EM models for the G4Region  DefaultRegionForTheWorld ======
              MuBrem : Emin=    0 eV  Emax=  100 TeV

muPairProd:  for mu+  SubType=4
      dE/dx and range tables from 100 eV  to 100 TeV in 84 bins
      Lambda tables from threshold to 100 TeV, 7 bins/decade, spline: 1
      Sampling table 21x1001 from 1 GeV to 100 TeV 
      ===== EM models for the G4Region  DefaultRegionForTheWorld ======
          muPairProd : Emin=    0 eV  Emax=  100 TeV

CoulombScat:  for mu+, integral:1  SubType=1 BuildTable=1
      Lambda table from threshold  to 100 TeV, 7 bins/decade, spline: 1
      ThetaMin(p) < Theta(degree) < 180 pLimit(GeV^1)= 0.139531
      ===== EM models for the G4Region  DefaultRegionForTheWorld ======
  eCoulombScattering : Emin=    0 eV  Emax=  100 TeV

msc:  for mu-  SubType= 10
      ===== EM models for the G4Region  DefaultRegionForTheWorld ======
        WentzelVIUni : Emin=    0 eV  Emax=  100 TeV Nbins=84 100 eV  - 100 TeV
              StepLim=Minimal Rfact=0.2 Gfact=2.5 Sfact=0.6 DispFlag:0 Skin=1 Llimit=1

muIoni:  for mu-  SubType=2
      dE/dx and range tables from 100 eV  to 100 TeV in 84 bins
      Lambda tables from threshold to 100 TeV, 7 bins/decade, spline: 1
      StepFunction=(0.2, 0.1 mm), integ: 1, fluct: 1, linLossLim= 0.01
      ===== EM models for the G4Region  DefaultRegionForTheWorld ======
            ICRU73QO : Emin=    0 eV  Emax=  200 keV
          BetheBloch : Emin=  200 keV Emax=    1 GeV
        MuBetheBloch : Emin=    1 GeV Emax=  100 TeV

muBrems:  for mu-  SubType=3
      dE/dx and range tables from 100 eV  to 100 TeV in 84 bins
      Lambda tables from threshold to 100 TeV, 7 bins/decade, spline: 1
      ===== EM models for the G4Region  DefaultRegionForTheWorld ======
              MuBrem : Emin=    0 eV  Emax=  100 TeV

muPairProd:  for mu-  SubType=4
      dE/dx and range tables from 100 eV  to 100 TeV in 84 bins
      Lambda tables from threshold to 100 TeV, 7 bins/decade, spline: 1
      Sampling table 21x1001 from 1 GeV to 100 TeV 
      ===== EM models for the G4Region  DefaultRegionForTheWorld ======
          muPairProd : Emin=    0 eV  Emax=  100 TeV

CoulombScat:  for mu-, integral:1  SubType=1 BuildTable=1
      Used Lambda table of mu+
      ThetaMin(p) < Theta(degree) < 180 pLimit(GeV^1)= 0.139531
      ===== EM models for the G4Region  DefaultRegionForTheWorld ======
  eCoulombScattering : Emin=    0 eV  Emax=  100 TeV

msc:  for pi+  SubType= 10
      ===== EM models for the G4Region  DefaultRegionForTheWorld ======
        WentzelVIUni : Emin=    0 eV  Emax=  100 TeV Nbins=84 100 eV  - 100 TeV
              StepLim=Minimal Rfact=0.2 Gfact=2.5 Sfact=0.6 DispFlag:0 Skin=1 Llimit=1

hIoni:  for pi+  SubType=2
      dE/dx and range tables from 100 eV  to 100 TeV in 84 bins
      Lambda tables from threshold to 100 TeV, 7 bins/decade, spline: 1
      StepFunction=(0.2, 0.1 mm), integ: 1, fluct: 1, linLossLim= 0.01
      ===== EM models for the G4Region  DefaultRegionForTheWorld ======
               Bragg : Emin=    0 eV  Emax=297.505 keV
          BetheBloch : Emin=297.505 keV Emax=  100 TeV

hBrems:  for pi+  SubType=3
      dE/dx and range tables from 100 eV  to 100 TeV in 84 bins
      Lambda tables from threshold to 100 TeV, 7 bins/decade, spline: 1
      ===== EM models for the G4Region  DefaultRegionForTheWorld ======
               hBrem : Emin=    0 eV  Emax=  100 TeV

hPairProd:  for pi+  SubType=4
      dE/dx and range tables from 100 eV  to 100 TeV in 84 bins
      Lambda tables from threshold to 100 TeV, 7 bins/decade, spline: 1
      Sampling table 20x1001 from 1.11656 GeV to 100 TeV 
      ===== EM models for the G4Region  DefaultRegionForTheWorld ======
           hPairProd : Emin=    0 eV  Emax=  100 TeV

CoulombScat:  for pi+, integral:1  SubType=1 BuildTable=1
      Lambda table from threshold  to 100 TeV, 7 bins/decade, spline: 1
      ThetaMin(p) < Theta(degree) < 180 pLimit(GeV^1)= 0.139531
      ===== EM models for the G4Region  DefaultRegionForTheWorld ======
  eCoulombScattering : Emin=    0 eV  Emax=  100 TeV

msc:  for pi-  SubType= 10
      ===== EM models for the G4Region  DefaultRegionForTheWorld ======
        WentzelVIUni : Emin=    0 eV  Emax=  100 TeV Nbins=84 100 eV  - 100 TeV
              StepLim=Minimal Rfact=0.2 Gfact=2.5 Sfact=0.6 DispFlag:0 Skin=1 Llimit=1

hIoni:  for pi-  SubType=2
      dE/dx and range tables from 100 eV  to 100 TeV in 84 bins
      Lambda tables from threshold to 100 TeV, 7 bins/decade, spline: 1
      StepFunction=(0.2, 0.1 mm), integ: 1, fluct: 1, linLossLim= 0.01
      ===== EM models for the G4Region  DefaultRegionForTheWorld ======
            ICRU73QO : Emin=    0 eV  Emax=297.505 keV
          BetheBloch : Emin=297.505 keV Emax=  100 TeV

hBrems:  for pi-  SubType=3
      dE/dx and range tables from 100 eV  to 100 TeV in 84 bins
      Lambda tables from threshold to 100 TeV, 7 bins/decade, spline: 1
      ===== EM models for the G4Region  DefaultRegionForTheWorld ======
               hBrem : Emin=    0 eV  Emax=  100 TeV

hPairProd:  for pi-  SubType=4
      dE/dx and range tables from 100 eV  to 100 TeV in 84 bins
      Lambda tables from threshold to 100 TeV, 7 bins/decade, spline: 1
      Sampling table 20x1001 from 1.11656 GeV to 100 TeV 
      ===== EM models for the G4Region  DefaultRegionForTheWorld ======
           hPairProd : Emin=    0 eV  Emax=  100 TeV

CoulombScat:  for pi-, integral:1  SubType=1 BuildTable=1
      Used Lambda table of pi+
      ThetaMin(p) < Theta(degree) < 180 pLimit(GeV^1)= 0.139531
      ===== EM models for the G4Region  DefaultRegionForTheWorld ======
  eCoulombScattering : Emin=    0 eV  Emax=  100 TeV

====================================================================
                  HADRONIC PROCESSES SUMMARY (verbose level 1)

---------------------------------------------------
                           Hadronic Processes for neutron

  Process: hadElastic
        Model:             hElasticCHIPS: 0 eV  ---> 100 TeV
     Cr_sctns:        G4NeutronElasticXS: 0 eV  ---> 100 TeV

  Process: neutronInelastic
        Model:                      FTFP: 3 GeV ---> 100 TeV
        Model:            BertiniCascade: 0 eV  ---> 6 GeV
     Cr_sctns:      G4NeutronInelasticXS: 0 eV  ---> 100 TeV

  Process: nCapture
        Model:               nRadCapture: 0 eV  ---> 100 TeV
     Cr_sctns:        G4NeutronCaptureXS: 0 eV  ---> 100 TeV

  Process: nKiller

---------------------------------------------------
                           Hadronic Processes for B-

  Process: hadElastic
        Model:              hElasticLHEP: 0 eV  ---> 100 TeV
     Cr_sctns:            Glauber-Gribov: 0 eV  ---> 100 TeV

  Process: B-Inelastic
        Model:                      FTFP: 0 eV  ---> 100 TeV
     Cr_sctns:            Glauber-Gribov: 0 eV  ---> 100 TeV

---------------------------------------------------
                           Hadronic Processes for D-

  Process: hadElastic
        Model:              hElasticLHEP: 0 eV  ---> 100 TeV
     Cr_sctns:            Glauber-Gribov: 0 eV  ---> 100 TeV

  Process: D-Inelastic
        Model:                      FTFP: 0 eV  ---> 100 TeV
     Cr_sctns:            Glauber-Gribov: 0 eV  ---> 100 TeV

---------------------------------------------------
                           Hadronic Processes for GenericIon

  Process: ionInelastic
        Model:  Binary Light Ion Cascade: 0 eV /n ---> 6 GeV/n
        Model:                      FTFP: 3 GeV/n ---> 100 TeV/n
     Cr_sctns:  Glauber-Gribov Nucl-nucl: 0 eV  ---> 25.6 PeV

---------------------------------------------------
                           Hadronic Processes for He3

  Process: hadElastic
        Model:              hElasticLHEP: 0 eV /n ---> 100 TeV/n
     Cr_sctns:  Glauber-Gribov Nucl-nucl: 0 eV  ---> 25.6 PeV

  Process: He3Inelastic
        Model:  Binary Light Ion Cascade: 0 eV /n ---> 6 GeV/n
        Model:                      FTFP: 3 GeV/n ---> 100 TeV/n
     Cr_sctns:  Glauber-Gribov Nucl-nucl: 0 eV  ---> 25.6 PeV

---------------------------------------------------
                           Hadronic Processes for alpha

  Process: hadElastic
        Model:              hElasticLHEP: 0 eV /n ---> 100 TeV/n
     Cr_sctns:  Glauber-Gribov Nucl-nucl: 0 eV  ---> 25.6 PeV

  Process: alphaInelastic
        Model:  Binary Light Ion Cascade: 0 eV /n ---> 6 GeV/n
        Model:                      FTFP: 3 GeV/n ---> 100 TeV/n
     Cr_sctns:  Glauber-Gribov Nucl-nucl: 0 eV  ---> 25.6 PeV

---------------------------------------------------
                           Hadronic Processes for anti_He3

  Process: hadElastic
        Model:              hElasticLHEP: 0 eV /n ---> 100.1 MeV/n
        Model:              AntiAElastic: 100 MeV/n ---> 100 TeV/n
     Cr_sctns:              AntiAGlauber: 0 eV  ---> 25.6 PeV

  Process: anti_He3Inelastic
        Model:                      FTFP: 0 eV /n ---> 100 TeV/n
     Cr_sctns:              AntiAGlauber: 0 eV  ---> 25.6 PeV

  Process: hFritiofCaptureAtRest

---------------------------------------------------
                           Hadronic Processes for anti_alpha

  Process: hadElastic
        Model:              hElasticLHEP: 0 eV /n ---> 100.1 MeV/n
        Model:              AntiAElastic: 100 MeV/n ---> 100 TeV/n
     Cr_sctns:              AntiAGlauber: 0 eV  ---> 25.6 PeV

  Process: anti_alphaInelastic
        Model:                      FTFP: 0 eV /n ---> 100 TeV/n
     Cr_sctns:              AntiAGlauber: 0 eV  ---> 25.6 PeV

  Process: hFritiofCaptureAtRest

---------------------------------------------------
                           Hadronic Processes for anti_deuteron

  Process: hadElastic
        Model:              hElasticLHEP: 0 eV /n ---> 100.1 MeV/n
        Model:              AntiAElastic: 100 MeV/n ---> 100 TeV/n
     Cr_sctns:              AntiAGlauber: 0 eV  ---> 25.6 PeV

  Process: anti_deuteronInelastic
        Model:                      FTFP: 0 eV /n ---> 100 TeV/n
     Cr_sctns:              AntiAGlauber: 0 eV  ---> 25.6 PeV

  Process: hFritiofCaptureAtRest

---------------------------------------------------
                           Hadronic Processes for anti_lambda

  Process: hadElastic
        Model:              hElasticLHEP: 0 eV  ---> 100 TeV
     Cr_sctns:            Glauber-Gribov: 0 eV  ---> 100 TeV

  Process: anti-lambdaInelastic
        Model:                      FTFP: 0 eV  ---> 100 TeV
     Cr_sctns:            Glauber-Gribov: 0 eV  ---> 100 TeV

  Process: hFritiofCaptureAtRest

---------------------------------------------------
                           Hadronic Processes for anti_neutron

  Process: hadElastic
        Model:              hElasticLHEP: 0 eV  ---> 100.1 MeV
        Model:              AntiAElastic: 100 MeV ---> 100 TeV
     Cr_sctns:              AntiAGlauber: 0 eV  ---> 25.6 PeV

  Process: anti_neutronInelastic
        Model:                      FTFP: 0 eV  ---> 100 TeV
     Cr_sctns:              AntiAGlauber: 0 eV  ---> 25.6 PeV

  Process: hFritiofCaptureAtRest

---------------------------------------------------
                           Hadronic Processes for anti_proton

  Process: hadElastic
        Model:              hElasticLHEP: 0 eV  ---> 100.1 MeV
        Model:              AntiAElastic: 100 MeV ---> 100 TeV
     Cr_sctns:              AntiAGlauber: 0 eV  ---> 25.6 PeV

  Process: anti_protonInelastic
        Model:                      FTFP: 0 eV  ---> 100 TeV
     Cr_sctns:              AntiAGlauber: 0 eV  ---> 25.6 PeV

  Process: hFritiofCaptureAtRest

---------------------------------------------------
                           Hadronic Processes for anti_triton

  Process: hadElastic
        Model:              hElasticLHEP: 0 eV /n ---> 100.1 MeV/n
        Model:              AntiAElastic: 100 MeV/n ---> 100 TeV/n
     Cr_sctns:              AntiAGlauber: 0 eV  ---> 25.6 PeV

  Process: anti_tritonInelastic
        Model:                      FTFP: 0 eV /n ---> 100 TeV/n
     Cr_sctns:              AntiAGlauber: 0 eV  ---> 25.6 PeV

  Process: hFritiofCaptureAtRest

---------------------------------------------------
                           Hadronic Processes for deuteron

  Process: hadElastic
        Model:              hElasticLHEP: 0 eV /n ---> 100 TeV/n
     Cr_sctns:  Glauber-Gribov Nucl-nucl: 0 eV  ---> 25.6 PeV

  Process: dInelastic
        Model:  Binary Light Ion Cascade: 0 eV /n ---> 6 GeV/n
        Model:                      FTFP: 3 GeV/n ---> 100 TeV/n
     Cr_sctns:  Glauber-Gribov Nucl-nucl: 0 eV  ---> 25.6 PeV

---------------------------------------------------
                           Hadronic Processes for e+

  Process: electronNuclear
        Model:   G4ElectroVDNuclearModel: 0 eV  ---> 1 PeV
     Cr_sctns:          ElectroNuclearXS: 0 eV  ---> 100 TeV

---------------------------------------------------
                           Hadronic Processes for e-

  Process: electronNuclear
        Model:   G4ElectroVDNuclearModel: 0 eV  ---> 1 PeV
     Cr_sctns:          ElectroNuclearXS: 0 eV  ---> 100 TeV

---------------------------------------------------
                           Hadronic Processes for gamma

  Process: photonNuclear
        Model:               GammaNPreco: 0 eV  ---> 200 MeV
        Model:            BertiniCascade: 199 MeV ---> 6 GeV
        Model:           TheoFSGenerator: 3 GeV ---> 100 TeV
     Cr_sctns:            PhotoNuclearXS: 0 eV  ---> 100 TeV

---------------------------------------------------
                           Hadronic Processes for kaon+

  Process: hadElastic
        Model:              hElasticLHEP: 0 eV  ---> 100 TeV
     Cr_sctns:            Glauber-Gribov: 0 eV  ---> 100 TeV

  Process: kaon+Inelastic
        Model:                      FTFP: 3 GeV ---> 100 TeV
        Model:            BertiniCascade: 0 eV  ---> 6 GeV
     Cr_sctns:            Glauber-Gribov: 0 eV  ---> 100 TeV

---------------------------------------------------
                           Hadronic Processes for kaon-

  Process: hadElastic
        Model:              hElasticLHEP: 0 eV  ---> 100 TeV
     Cr_sctns:            Glauber-Gribov: 0 eV  ---> 100 TeV

  Process: kaon-Inelastic
        Model:                      FTFP: 3 GeV ---> 100 TeV
        Model:            BertiniCascade: 0 eV  ---> 6 GeV
     Cr_sctns:            Glauber-Gribov: 0 eV  ---> 100 TeV

  Process: hBertiniCaptureAtRest

---------------------------------------------------
                           Hadronic Processes for lambda

  Process: hadElastic
        Model:              hElasticLHEP: 0 eV  ---> 100 TeV
     Cr_sctns:            Glauber-Gribov: 0 eV  ---> 100 TeV

  Process: lambdaInelastic
        Model:            BertiniCascade: 0 eV  ---> 6 GeV
        Model:                      FTFP: 3 GeV ---> 100 TeV
     Cr_sctns:            Glauber-Gribov: 0 eV  ---> 100 TeV

---------------------------------------------------
                           Hadronic Processes for mu+

  Process: muonNuclear
        Model:      G4MuonVDNuclearModel: 0 eV  ---> 1 PeV
     Cr_sctns:     KokoulinMuonNuclearXS: 0 eV  ---> 100 TeV

---------------------------------------------------
                           Hadronic Processes for mu-

  Process: muonNuclear
        Model:      G4MuonVDNuclearModel: 0 eV  ---> 1 PeV
     Cr_sctns:     KokoulinMuonNuclearXS: 0 eV  ---> 100 TeV

  Process: muMinusCaptureAtRest

---------------------------------------------------
                           Hadronic Processes for pi+

  Process: hadElastic
        Model:           hElasticGlauber: 0 eV  ---> 100 TeV
     Cr_sctns:  BarashenkovGlauberGribov: 0 eV  ---> 100 TeV

  Process: pi+Inelastic
        Model:                      FTFP: 3 GeV ---> 100 TeV
        Model:            BertiniCascade: 0 eV  ---> 6 GeV
     Cr_sctns:  BarashenkovGlauberGribov: 0 eV  ---> 100 TeV

---------------------------------------------------
                           Hadronic Processes for pi-

  Process: hadElastic
        Model:           hElasticGlauber: 0 eV  ---> 100 TeV
     Cr_sctns:  BarashenkovGlauberGribov: 0 eV  ---> 100 TeV

  Process: pi-Inelastic
        Model:                      FTFP: 3 GeV ---> 100 TeV
        Model:            BertiniCascade: 0 eV  ---> 6 GeV
     Cr_sctns:  BarashenkovGlauberGribov: 0 eV  ---> 100 TeV

  Process: hBertiniCaptureAtRest

---------------------------------------------------
                           Hadronic Processes for proton

  Process: hadElastic
        Model:             hElasticCHIPS: 0 eV  ---> 100 TeV
     Cr_sctns:  BarashenkovGlauberGribov: 0 eV  ---> 100 TeV

  Process: protonInelastic
        Model:                      FTFP: 3 GeV ---> 100 TeV
        Model:            BertiniCascade: 0 eV  ---> 6 GeV
     Cr_sctns:  BarashenkovGlauberGribov: 0 eV  ---> 100 TeV

---------------------------------------------------
                           Hadronic Processes for sigma-

  Process: hadElastic
        Model:              hElasticLHEP: 0 eV  ---> 100 TeV
     Cr_sctns:            Glauber-Gribov: 0 eV  ---> 100 TeV

  Process: sigma-Inelastic
        Model:            BertiniCascade: 0 eV  ---> 6 GeV
        Model:                      FTFP: 3 GeV ---> 100 TeV
     Cr_sctns:            Glauber-Gribov: 0 eV  ---> 100 TeV

  Process: hBertiniCaptureAtRest

---------------------------------------------------
                           Hadronic Processes for triton

  Process: hadElastic
        Model:              hElasticLHEP: 0 eV /n ---> 100 TeV/n
     Cr_sctns:  Glauber-Gribov Nucl-nucl: 0 eV  ---> 25.6 PeV

  Process: tInelastic
        Model:  Binary Light Ion Cascade: 0 eV /n ---> 6 GeV/n
        Model:                      FTFP: 3 GeV/n ---> 100 TeV/n
     Cr_sctns:  Glauber-Gribov Nucl-nucl: 0 eV  ---> 25.6 PeV

================================================================
=======================================================================
======       Pre-compound/De-excitation Physics Parameters     ========
=======================================================================
Type of pre-compound inverse x-section              3
Pre-compound model active                           1
Pre-compound excitation low energy (MeV)            0.1
Pre-compound excitation high energy (MeV)           30
Type of de-excitation inverse x-section             3
Type of de-excitation factory                       Evaporation+GEM
Number of de-excitation channels                    68
Min excitation energy (keV)                         0.01
Min energy per nucleon for multifragmentation (MeV) 2e+05
Limit excitation energy for Fermi BreakUp (MeV)     20
Level density (1/MeV)                               0.075
Use simple level density model                      1
Use discrete excitation energy of the residual      0
Time limit for long lived isomeres (ns)             1000
Isomer production flag                              1
Internal e- conversion flag                         1
Store e- internal conversion data                   0
Electron internal conversion ID                     2
Correlated gamma emission flag                      0
Max 2J for sampling of angular correlations         10
=======================================================================
G4VisManager: Using G4TrajectoryDrawByCharge as fallback trajectory model.
See commands in /vis/modeling/trajectories/ for other options.
### Run 0 starts.
... open Root analysis file : B5.root - done
--> Event 0 starts.

>>> Event 0 >>> Simulation truth : proton (-0,0,100000)
Hodoscope 1 has 1 hits.
  Hodoscope[7] 4.9870027261557 (nsec)
Hodoscope 2 has 1 hits.
  Hodoscope[9] 43.187767429165 (nsec)
Drift Chamber 1 has 5 hits.
  Layer[0] : time 6.6712419780455 (nsec) --- local (x,y) -5.3815905154595e-06, 0.029469950972734
  Layer[1] : time 8.3391358702888 (nsec) --- local (x,y) 0.0039403032164005, 0.045850255377225
  Layer[2] : time 10.007029762659 (nsec) --- local (x,y) 0.0061594313151679, 0.062257753368342
  Layer[3] : time 11.674923655205 (nsec) --- local (x,y) 0.0085005624338505, 0.078703962574789
  Layer[4] : time 13.342817548482 (nsec) --- local (x,y) 0.0095267932271372, 0.10003616273571
Drift Chamber 2 has 5 hits.
  Layer[0] : time 34.850155213981 (nsec) --- local (x,y) -147.62778847895, 0.31765148451409
  Layer[1] : time 36.520953307845 (nsec) --- local (x,y) -177.14687642107, 0.33322779547658
  Layer[2] : time 38.191750421043 (nsec) --- local (x,y) -206.66097568364, 0.34727480723468
  Layer[3] : time 39.86254748361 (nsec) --- local (x,y) -236.17481578435, 0.36283841740268
  Layer[4] : time 41.533344489851 (nsec) --- local (x,y) -265.68836749443, 0.38038390694907
EM Calorimeter has 57 hits. Total Edep is 849.06968653899 (MeV)
Hadron Calorimeter has 13 hits. Total Edep is 3972.7004426992 (MeV)
... write Root file : B5.root - done
... close Root file : B5.root - done
### Run 1 starts.
... open Root analysis file : B5.root - done
--> Event 0 starts.

>>> Event 0 >>> Simulation truth : pi+ (0,0,100000)
Hodoscope 1 has 1 hits.
  Hodoscope[7] 4.9867880804969 (nsec)
Hodoscope 2 has 1 hits.
  Hodoscope[10] 42.693249502298 (nsec)
Drift Chamber 1 has 5 hits.
  Layer[0] : time 6.6709548387924 (nsec) --- local (x,y) -0.029893495168817, -0.0048374660590131
  Layer[1] : time 8.3387769403663 (nsec) --- local (x,y) -0.047617155888974, -0.0035428783653712
  Layer[2] : time 10.006599041851 (nsec) --- local (x,y) -0.064622607106458, -0.0038425778386243
  Layer[3] : time 11.674421142967 (nsec) --- local (x,y) -0.077922747607499, -0.0032159987759772
  Layer[4] : time 13.342243244139 (nsec) --- local (x,y) -0.09182808192583, -0.0034008768569724
Drift Chamber 2 has 5 hits.
  Layer[0] : time 34.365953791967 (nsec) --- local (x,y) -82.75580098562, -0.0020018628957771
  Layer[1] : time 36.03468362781 (nsec) --- local (x,y) -99.254465698429, 0.0041145156633825
  Layer[2] : time 37.703413342746 (nsec) --- local (x,y) -115.75203107823, 0.010661256848771
  Layer[3] : time 39.372143045742 (nsec) --- local (x,y) -132.24948749213, 0.018154881978338
  Layer[4] : time 41.040872954302 (nsec) --- local (x,y) -148.74880909546, 0.031204290790681
EM Calorimeter has 30 hits. Total Edep is 290.07290430077 (MeV)
Hadron Calorimeter has 15 hits. Total Edep is 4033.6266836988 (MeV)
... write Root file : B5.root - done
... close Root file : B5.root - done
### Run 2 starts.
... open Root analysis file : B5.root - done
--> Event 0 starts.

>>> Event 0 >>> Simulation truth : e+ (0,0,100000)
Hodoscope 1 has 1 hits.
  Hodoscope[7] 4.986783223248 (nsec)
Hodoscope 2 has 2 hits.
  Hodoscope[9] 43.188604159436 (nsec)
  Hodoscope[5] 598.75777425327 (nsec)
Drift Chamber 1 has 11 hits.
  Layer[0] : time 6.6709483449722 (nsec) --- local (x,y) 0.034752263928253, 0.0042627248488716
  Layer[0] : time 6.8364257497164 (nsec) --- local (x,y) -223.64570181707, 39.579470302592
  Layer[1] : time 8.3387688263134 (nsec) --- local (x,y) 0.074102065751488, 0.011702772448791
  Layer[1] : time 8.6732065523797 (nsec) --- local (x,y) -449.66838116256, 75.743111222286
  Layer[2] : time 10.006589307216 (nsec) --- local (x,y) 0.11199840120337, 0.017672214589439
  Layer[2] : time 21.426323466424 (nsec) --- local (x,y) 656.23193228257, -172.65843122532
  Layer[2] : time 10.500070885052 (nsec) --- local (x,y) -668.05322974197, 112.22265955536
  Layer[3] : time 11.674409787606 (nsec) --- local (x,y) 0.14784504917416, 0.023480444641791
  Layer[3] : time 19.130445862617 (nsec) --- local (x,y) 687.43616572025, 30.595464738922
  Layer[3] : time 12.389301589969 (nsec) --- local (x,y) -924.53990808618, 171.99734687877
  Layer[4] : time 13.342230267782 (nsec) --- local (x,y) 0.18262922278408, 0.030144110804999
Drift Chamber 2 has 5 hits.
  Layer[0] : time 34.848593117443 (nsec) --- local (x,y) -160.59778476524, 0.18281552801999
  Layer[1] : time 36.519870912618 (nsec) --- local (x,y) -192.80884114844, 0.20138380446207
  Layer[2] : time 38.191148914653 (nsec) --- local (x,y) -225.02086362755, 0.21732638129302
  Layer[3] : time 39.862426992152 (nsec) --- local (x,y) -257.2332375226, 0.23421205041728
  Layer[4] : time 41.53370500257 (nsec) --- local (x,y) -289.44529952071, 0.24925234417235
EM Calorimeter has 43 hits. Total Edep is 90616.911811763 (MeV)
Hadron Calorimeter has 6 hits. Total Edep is 37.584489168766 (MeV)
... write Root file : B5.root - done
... close Root file : B5.root - done
### Run 3 starts.
... open Root analysis file : B5.root - done
--> Event 0 starts.

>>> Event 0 >>> Simulation truth : proton (-0,0,10000)
Hodoscope 1 has 1 hits.
  Hodoscope[7] 5.0086864290636 (nsec)
Hodoscope 2 has 1 hits.
  Hodoscope[9] 43.375910237191 (nsec)
Drift Chamber 1 has 5 hits.
  Layer[0] : time 6.7002520350756 (nsec) --- local (x,y) -0.043434225524779, -0.024554160063501
  Layer[1] : time 8.3754013834788 (nsec) --- local (x,y) -0.055428969250913, 0.010266580628822
  Layer[2] : time 10.050551004107 (nsec) --- local (x,y) -0.081173118904036, 0.047867464981924
  Layer[3] : time 11.725700781943 (nsec) --- local (x,y) -0.10004715959605, 0.082343526867626
  Layer[4] : time 13.400850684463 (nsec) --- local (x,y) -0.10271379307609, 0.11929808156159
Drift Chamber 2 has 17 hits.
  Layer[0] : time 35.002052781311 (nsec) --- local (x,y) -147.35968232019, 0.35648443428698
  Layer[1] : time 36.680114995925 (nsec) --- local (x,y) -176.84608337049, 0.37601993227043
  Layer[2] : time 38.358171174921 (nsec) --- local (x,y) -206.30123019411, 0.37733709750409
  Layer[3] : time 40.036226512103 (nsec) --- local (x,y) -235.75151479482, 0.37070834912379
  Layer[3] : time 40.03641149708 (nsec) --- local (x,y) -235.75476389087, 0.37071056755718
  Layer[3] : time 40.03641149708 (nsec) --- local (x,y) -235.75476389087, 0.37071056755718
  Layer[3] : time 40.03730760067 (nsec) --- local (x,y) -235.73226763726, 0.3888495574536
  Layer[3] : time 40.038070073506 (nsec) --- local (x,y) -235.71171535572, 0.39618285758621
  Layer[3] : time 40.038772612673 (nsec) --- local (x,y) -235.6905207402, 0.393255564809
  Layer[3] : time 40.039483164925 (nsec) --- local (x,y) -235.66858092304, 0.39278280730341
  Layer[3] : time 40.040197630248 (nsec) --- local (x,y) -235.65737111791, 0.41128282735534
  Layer[3] : time 40.040915547373 (nsec) --- local (x,y) -235.64531350935, 0.42303474784896
  Layer[3] : time 40.041744030175 (nsec) --- local (x,y) -235.62192723374, 0.43129744398917
  Layer[3] : time 40.042633466859 (nsec) --- local (x,y) -235.60082488869, 0.42732762737435
  Layer[3] : time 40.043707703788 (nsec) --- local (x,y) -235.58070012781, 0.40893166676169
  Layer[3] : time 40.044982668219 (nsec) --- local (x,y) -235.5924499572, 0.37659336071637
  Layer[4] : time 41.714289424531 (nsec) --- local (x,y) -265.23946999543, 0.39227925477656
EM Calorimeter has 32 hits. Total Edep is 228.44748900563 (MeV)
Hadron Calorimeter has 11 hits. Total Edep is 605.28476659599 (MeV)
... write Root file : B5.root - done
... close Root file : B5.root - done
### Run 4 starts.
... open Root analysis file : B5.root - done
--> Event 0 starts.

>>> Event 0 >>> Simulation truth : pi+ (0,0,10000)
Hodoscope 1 has 1 hits.
  Hodoscope[7] 4.9872689266571 (nsec)
Hodoscope 2 has 2 hits.
  Hodoscope[10] 42.70720667111 (nsec)
  Hodoscope[17] 727.24281349847 (nsec)
Drift Chamber 1 has 5 hits.
  Layer[0] : time 6.6715983995018 (nsec) --- local (x,y) 0.26615521036942, 0.19557546529906
  Layer[1] : time 8.3395816627177 (nsec) --- local (x,y) 0.51017904062784, 0.34619706539221
  Layer[2] : time 10.007564950898 (nsec) --- local (x,y) 0.76946912904566, 0.49276236478179
  Layer[3] : time 11.675548280127 (nsec) --- local (x,y) 1.0479302324937, 0.64250849121158
  Layer[4] : time 13.343531597784 (nsec) --- local (x,y) 1.3115101099974, 0.80354445048647
Drift Chamber 2 has 5 hits.
  Layer[0] : time 34.378715238073 (nsec) --- local (x,y) -83.470933729785, 3.0565811016335
  Layer[1] : time 36.047692680364 (nsec) --- local (x,y) -100.73549790414, 3.3294869838706
  Layer[2] : time 37.716668017539 (nsec) --- local (x,y) -117.98256679049, 3.5443803259524
  Layer[3] : time 39.385638235549 (nsec) --- local (x,y) -135.18530943259, 3.7357295065098
  Layer[4] : time 41.054607557684 (nsec) --- local (x,y) -152.38032604308, 3.914744694639
EM Calorimeter has 34 hits. Total Edep is 380.82797142992 (MeV)
Hadron Calorimeter has 10 hits. Total Edep is 343.676722213 (MeV)
... write Root file : B5.root - done
... close Root file : B5.root - done
### Run 5 starts.
... open Root analysis file : B5.root - done
--> Event 0 starts.

>>> Event 0 >>> Simulation truth : e+ (-0,0,10000)
Hodoscope 1 has 1 hits.
  Hodoscope[7] 4.9867832273546 (nsec)
Hodoscope 2 has 2 hits.
  Hodoscope[9] 43.187565736862 (nsec)
  Hodoscope[11] 56.122751557271 (nsec)
Drift Chamber 1 has 5 hits.
  Layer[0] : time 6.6709483557365 (nsec) --- local (x,y) 0.063278996807541, 0.071458203940135
  Layer[1] : time 8.3387688537946 (nsec) --- local (x,y) 0.13779113485649, 0.10211206973909
  Layer[2] : time 10.006589339146 (nsec) --- local (x,y) 0.18983445192034, 0.10489644314072
  Layer[3] : time 11.674409838791 (nsec) --- local (x,y) 0.25562176818381, 0.052883090461602
  Layer[4] : time 13.342230345734 (nsec) --- local (x,y) 0.32071903809142, -0.017501217153908
Drift Chamber 2 has 5 hits.
  Layer[0] : time 34.850231145666 (nsec) --- local (x,y) -147.31079172339, -0.25178423876042
  Layer[1] : time 36.520980371639 (nsec) --- local (x,y) -176.95506487541, -0.32323110408865
  Layer[2] : time 38.19172486049 (nsec) --- local (x,y) -206.57529506956, -0.40755466350599
  Layer[3] : time 39.862464418033 (nsec) --- local (x,y) -236.17056633984, -0.47346324786212
  Layer[4] : time 41.533202215633 (nsec) --- local (x,y) -265.75690988017, -0.53721801963815
EM Calorimeter has 20 hits. Total Edep is 9589.4051156878 (MeV)
Hadron Calorimeter has 2 hits. Total Edep is 2.517608046458 (MeV)
... write Root file : B5.root - done
... close Root file : B5.root - done
### Run 6 starts.
... open Root analysis file : B5.root - done
--> Event 0 starts.

>>> Event 0 >>> Simulation truth : proton (-0,0,1000)
Hodoscope 1 has 1 hits.
  Hodoscope[7] 6.8390146197163 (nsec)
Hodoscope 2 has 1 hits.
  Hodoscope[9] 59.416904312932 (nsec)
Drift Chamber 1 has 5 hits.
  Layer[0] : time 9.1533804102342 (nsec) --- local (x,y) 0.61038073646366, -2.0836283805756
  Layer[1] : time 11.445589727922 (nsec) --- local (x,y) 1.1758715038165, -3.3469421716313
  Layer[2] : time 13.738002897093 (nsec) --- local (x,y) 2.034003970008, -4.7242909950053
  Layer[3] : time 16.030634332962 (nsec) --- local (x,y) 2.4496968338328, -5.8311993472344
  Layer[4] : time 18.32345101099 (nsec) --- local (x,y) 2.6250769097865, -6.8347737953027
Drift Chamber 2 has 5 hits.
  Layer[0] : time 47.935064837406 (nsec) --- local (x,y) -143.97634604549, -37.456853445267
  Layer[1] : time 50.235616123136 (nsec) --- local (x,y) -175.14843969021, -40.093864370739
  Layer[2] : time 52.536378359918 (nsec) --- local (x,y) -206.34828432045, -42.615026314835
  Layer[3] : time 54.837327331283 (nsec) --- local (x,y) -237.4490809309, -45.365718692651
  Layer[4] : time 57.138340206776 (nsec) --- local (x,y) -267.99342493964, -48.429168275177
EM Calorimeter has 11 hits. Total Edep is 352.00952687143 (MeV)
Hadron Calorimeter has 1 hits. Total Edep is 0.5858705331076 (MeV)
... write Root file : B5.root - done
... close Root file : B5.root - done
### Run 7 starts.
... open Root analysis file : B5.root - done
--> Event 0 starts.

>>> Event 0 >>> Simulation truth : pi+ (-0,0,1000)
Hodoscope 1 has 1 hits.
  Hodoscope[7] 5.035130536125 (nsec)
Hodoscope 2 has 0 hits.
Drift Chamber 1 has 5 hits.
  Layer[0] : time 6.735683406882 (nsec) --- local (x,y) 0.77191201224164, -0.66440900600166
  Layer[1] : time 8.4197392111566 (nsec) --- local (x,y) 1.5772926275571, -0.34764825018821
  Layer[2] : time 10.103798261719 (nsec) --- local (x,y) 2.428065509233, 0.14452220530534
  Layer[3] : time 11.787860427839 (nsec) --- local (x,y) 3.134147547482, 0.85482191009426
  Layer[4] : time 13.471925215509 (nsec) --- local (x,y) 3.6779198698358, 1.6448869889504
Drift Chamber 2 has 5 hits.
  Layer[0] : time 34.731268895821 (nsec) --- local (x,y) -91.269108312776, -1.4492122308431
  Layer[1] : time 36.417932891179 (nsec) --- local (x,y) -98.769630908518, 17.445951740608
  Layer[2] : time 38.100148371156 (nsec) --- local (x,y) -50.850775655471, 62.56250915491
  Layer[3] : time 39.782095766995 (nsec) --- local (x,y) -4.315542610595, 108.22688919308
  Layer[4] : time 41.463949907047 (nsec) --- local (x,y) 41.165710313064, 154.63701764447
EM Calorimeter has 0 hits. Total Edep is 0 (MeV)
Hadron Calorimeter has 0 hits. Total Edep is 0 (MeV)
... write Root file : B5.root - done
... close Root file : B5.root - done
### Run 8 starts.
... open Root analysis file : B5.root - done
--> Event 0 starts.

>>> Event 0 >>> Simulation truth : e+ (0,0,1000)
Hodoscope 1 has 1 hits.
  Hodoscope[7] 4.9867850751543 (nsec)
Hodoscope 2 has 1 hits.
  Hodoscope[9] 43.160656294401 (nsec)
Drift Chamber 1 has 5 hits.
  Layer[0] : time 6.6709625776328 (nsec) --- local (x,y) -2.2297694185374, 2.1699216153144
  Layer[1] : time 8.3387966668902 (nsec) --- local (x,y) -3.8393649638188, 3.3900014618445
  Layer[2] : time 10.006626111899 (nsec) --- local (x,y) -5.2315987404882, 4.252847974138
  Layer[3] : time 11.674454453264 (nsec) --- local (x,y) -6.5020662086712, 5.1152109209683
  Layer[4] : time 13.342279329386 (nsec) --- local (x,y) -7.4787844846233, 5.7126284937287
Drift Chamber 2 has 5 hits.
  Layer[0] : time 34.823446048611 (nsec) --- local (x,y) -163.53250682173, 18.218389031834
  Layer[1] : time 36.494205012332 (nsec) --- local (x,y) -193.20831638062, 19.245754251858
  Layer[2] : time 38.164930117198 (nsec) --- local (x,y) -222.71206600153, 20.27774727006
  Layer[3] : time 39.835638302467 (nsec) --- local (x,y) -252.13566410541, 21.121584781457
  Layer[4] : time 41.506349850717 (nsec) --- local (x,y) -281.57265080069, 22.089126526685
EM Calorimeter has 10 hits. Total Edep is 968.4405133888 (MeV)
Hadron Calorimeter has 0 hits. Total Edep is 0 (MeV)
... write Root file : B5.root - done
... close Root file : B5.root - done
Graphics systems deleted.
Visualization Manager deleting...
