Starting run with
Macro File    : /geant4/examples/extended/medical/electronScattering2/electronScattering2.in
Starting Seed : 1
Output File   : output.csv
Environment variable "G4FORCE_RUN_MANAGER_TYPE" enabled with value == Serial. Forcing G4RunManager type...

        ############################################
        !!! WARNING - FPE detection is activated !!!
        ############################################


          ################################
          !!! G4Backtrace is activated !!!
          ################################


**************************************************************
 Geant4 version Name: geant4-11-00-ref-04    (30-April-2022)
                       Copyright : Geant4 Collaboration
                      References : NIM A 506 (2003), 250-303
                                 : IEEE-TNS 53 (2006), 270-278
                                 : NIM A 835 (2016), 186-225
                             WWW : http://geant4.org/
**************************************************************


***** Table : Nb of materials = 11 *****

 Material:    G4_He    density:  0.166 mg/cm3  RadL:   5.671 km   Nucl.Int.Length:   3.341 km 
                       Imean:  41.800 eV   temperature: 293.15 K  pressure:   1.00 atm

   --->  Element: He (He)   Z =  2.0   N =     4   A =  4.003 g/mole
         --->  Isotope:   He3   Z =  2   N =   3   A =   3.02 g/mole   abundance:  0.000 %
         --->  Isotope:   He4   Z =  2   N =   4   A =   4.00 g/mole   abundance: 100.000 %
          ElmMassFraction: 100.00 %  ElmAbundance 100.00 % 


 Material:    G4_Be    density:  1.848 g/cm3   RadL:  35.276 cm   Nucl.Int.Length:  39.413 cm 
                       Imean:  63.700 eV   temperature: 293.15 K  pressure:   1.00 atm

   --->  Element: Be (Be)   Z =  4.0   N =     9   A =  9.012 g/mole
         --->  Isotope:   Be9   Z =  4   N =   9   A =   9.01 g/mole   abundance: 100.000 %
          ElmMassFraction: 100.00 %  ElmAbundance 100.00 % 


 Material:    G4_Al    density:  2.699 g/cm3   RadL:   8.896 cm   Nucl.Int.Length:  38.894 cm 
                       Imean: 166.000 eV   temperature: 293.15 K  pressure:   1.00 atm

   --->  Element: Al (Al)   Z = 13.0   N =    27   A = 26.982 g/mole
         --->  Isotope:  Al27   Z = 13   N =  27   A =  26.98 g/mole   abundance: 100.000 %
          ElmMassFraction: 100.00 %  ElmAbundance 100.00 % 


 Material:    G4_Ti    density:  4.540 g/cm3   RadL:   3.560 cm   Nucl.Int.Length:  27.991 cm 
                       Imean: 233.000 eV   temperature: 293.15 K  pressure:   1.00 atm

   --->  Element: Ti (Ti)   Z = 22.0   N =    48   A = 47.867 g/mole
         --->  Isotope:  Ti46   Z = 22   N =  46   A =  45.95 g/mole   abundance:  8.250 %
         --->  Isotope:  Ti47   Z = 22   N =  47   A =  46.95 g/mole   abundance:  7.440 %
         --->  Isotope:  Ti48   Z = 22   N =  48   A =  47.95 g/mole   abundance: 73.720 %
         --->  Isotope:  Ti49   Z = 22   N =  49   A =  48.95 g/mole   abundance:  5.410 %
         --->  Isotope:  Ti50   Z = 22   N =  50   A =  49.94 g/mole   abundance:  5.180 %
          ElmMassFraction: 100.00 %  ElmAbundance 100.00 % 


 Material:    G4_Ta    density: 16.654 g/cm3   RadL:   4.094 mm   Nucl.Int.Length:  11.887 cm 
                       Imean: 718.000 eV   temperature: 293.15 K  pressure:   1.00 atm

   --->  Element: Ta (Ta)   Z = 73.0   N =   181   A = 180.948 g/mole
         --->  Isotope: Ta180   Z = 73   N = 180   A = 179.95 g/mole   abundance:  0.012 %
         --->  Isotope: Ta181   Z = 73   N = 181   A = 180.95 g/mole   abundance: 99.988 %
          ElmMassFraction: 100.00 %  ElmAbundance 100.00 % 


 Material:   G4_AIR    density:  1.205 mg/cm3  RadL: 303.921 m    Nucl.Int.Length: 710.095 m  
                       Imean:  85.700 eV   temperature: 293.15 K  pressure:   1.00 atm

   --->  Element: C (C)   Z =  6.0   N =    12   A = 12.011 g/mole
         --->  Isotope:   C12   Z =  6   N =  12   A =  12.00 g/mole   abundance: 98.930 %
         --->  Isotope:   C13   Z =  6   N =  13   A =  13.00 g/mole   abundance:  1.070 %
          ElmMassFraction:   0.01 %  ElmAbundance   0.02 % 

   --->  Element: N (N)   Z =  7.0   N =    14   A = 14.007 g/mole
         --->  Isotope:   N14   Z =  7   N =  14   A =  14.00 g/mole   abundance: 99.632 %
         --->  Isotope:   N15   Z =  7   N =  15   A =  15.00 g/mole   abundance:  0.368 %
          ElmMassFraction:  75.53 %  ElmAbundance  78.44 % 

   --->  Element: O (O)   Z =  8.0   N =    16   A = 15.999 g/mole
         --->  Isotope:   O16   Z =  8   N =  16   A =  15.99 g/mole   abundance: 99.757 %
         --->  Isotope:   O17   Z =  8   N =  17   A =  17.00 g/mole   abundance:  0.038 %
         --->  Isotope:   O18   Z =  8   N =  18   A =  18.00 g/mole   abundance:  0.205 %
          ElmMassFraction:  23.18 %  ElmAbundance  21.07 % 

   --->  Element: Ar (Ar)   Z = 18.0   N =    40   A = 39.948 g/mole
         --->  Isotope:  Ar36   Z = 18   N =  36   A =  35.97 g/mole   abundance:  0.337 %
         --->  Isotope:  Ar38   Z = 18   N =  38   A =  37.96 g/mole   abundance:  0.063 %
         --->  Isotope:  Ar40   Z = 18   N =  40   A =  39.96 g/mole   abundance: 99.600 %
          ElmMassFraction:   1.28 %  ElmAbundance   0.47 % 


 Material: G4_MYLAR    density:  1.400 g/cm3   RadL:  28.536 cm   Nucl.Int.Length:  55.923 cm 
                       Imean:  78.700 eV   temperature: 293.15 K  pressure:   1.00 atm

   --->  Element: C (C)   Z =  6.0   N =    12   A = 12.011 g/mole
         --->  Isotope:   C12   Z =  6   N =  12   A =  12.00 g/mole   abundance: 98.930 %
         --->  Isotope:   C13   Z =  6   N =  13   A =  13.00 g/mole   abundance:  1.070 %
          ElmMassFraction:  62.50 %  ElmAbundance  45.45 % 

   --->  Element: H (H)   Z =  1.0   N =     1   A =  1.008 g/mole
         --->  Isotope:    H1   Z =  1   N =   1   A =   1.01 g/mole   abundance: 99.989 %
         --->  Isotope:    H2   Z =  1   N =   2   A =   2.01 g/mole   abundance:  0.011 %
          ElmMassFraction:   4.20 %  ElmAbundance  36.36 % 

   --->  Element: O (O)   Z =  8.0   N =    16   A = 15.999 g/mole
         --->  Isotope:   O16   Z =  8   N =  16   A =  15.99 g/mole   abundance: 99.757 %
         --->  Isotope:   O17   Z =  8   N =  17   A =  17.00 g/mole   abundance:  0.038 %
         --->  Isotope:   O18   Z =  8   N =  18   A =  18.00 g/mole   abundance:  0.205 %
          ElmMassFraction:  33.30 %  ElmAbundance  18.18 % 


 Material:     G4_C    density:  2.180 g/cm3   RadL:  19.586 cm   Nucl.Int.Length:  36.768 cm 
                       Imean:  78.000 eV   temperature: 293.15 K  pressure:   1.00 atm

   --->  Element: C (C)   Z =  6.0   N =    12   A = 12.011 g/mole
         --->  Isotope:   C12   Z =  6   N =  12   A =  12.00 g/mole   abundance: 98.930 %
         --->  Isotope:   C13   Z =  6   N =  13   A =  13.00 g/mole   abundance:  1.070 %
          ElmMassFraction: 100.00 %  ElmAbundance 100.00 % 


 Material:    G4_Cu    density:  8.920 g/cm3   RadL:   1.442 cm   Nucl.Int.Length:  15.658 cm 
                       Imean: 322.000 eV   temperature: 293.15 K  pressure:   1.00 atm

   --->  Element: Cu (Cu)   Z = 29.0   N =    64   A = 63.546 g/mole
         --->  Isotope:  Cu63   Z = 29   N =  63   A =  62.93 g/mole   abundance: 69.170 %
         --->  Isotope:  Cu65   Z = 29   N =  65   A =  64.93 g/mole   abundance: 30.830 %
          ElmMassFraction: 100.00 %  ElmAbundance 100.00 % 


 Material:    G4_Au    density: 19.300 g/cm3   RadL:   3.348 mm   Nucl.Int.Length:  10.551 cm 
                       Imean: 790.000 eV   temperature: 293.15 K  pressure:   1.00 atm

   --->  Element: Au (Au)   Z = 79.0   N =   197   A = 196.967 g/mole
         --->  Isotope: Au197   Z = 79   N = 197   A = 196.97 g/mole   abundance: 100.000 %
          ElmMassFraction: 100.00 %  ElmAbundance 100.00 % 


 Material:  TiAlloy    density:  4.420 g/cm3   RadL:   3.727 cm   Nucl.Int.Length:  28.416 cm 
                       Imean: 228.544 eV   temperature: 293.15 K  pressure:   1.00 atm

   --->  Element: Ti (Ti)   Z = 22.0   N =    48   A = 47.867 g/mole
         --->  Isotope:  Ti46   Z = 22   N =  46   A =  45.95 g/mole   abundance:  8.250 %
         --->  Isotope:  Ti47   Z = 22   N =  47   A =  46.95 g/mole   abundance:  7.440 %
         --->  Isotope:  Ti48   Z = 22   N =  48   A =  47.95 g/mole   abundance: 73.720 %
         --->  Isotope:  Ti49   Z = 22   N =  49   A =  48.95 g/mole   abundance:  5.410 %
         --->  Isotope:  Ti50   Z = 22   N =  50   A =  49.94 g/mole   abundance:  5.180 %
          ElmMassFraction:  90.00 %  ElmAbundance  86.20 % 

   --->  Element: Al (Al)   Z = 13.0   N =    27   A = 26.982 g/mole
         --->  Isotope:  Al27   Z = 13   N =  27   A =  26.98 g/mole   abundance: 100.000 %
          ElmMassFraction:   6.00 %  ElmAbundance  10.20 % 

   --->  Element: V (V)   Z = 23.0   N =    51   A = 50.942 g/mole
         --->  Isotope:   V50   Z = 23   N =  50   A =  49.95 g/mole   abundance:  0.250 %
         --->  Isotope:   V51   Z = 23   N =  51   A =  50.94 g/mole   abundance: 99.750 %
          ElmMassFraction:   4.00 %  ElmAbundance   3.60 % 



PhysicsList::Constructor with default list: <emstandard_opt4>
PhysicsList::AddPhysicsList: <emstandard_opt0>
G4SDManager::AddNewCollection : the collection <MyDetector/cell flux> is registered at 1
G4SDManager::AddNewCollection : the collection <MyDetector/e cell flux> is registered at 2
G4SDManager::AddNewCollection : the collection <MyDetector/population> is registered at 3
G4SDManager::AddNewCollection : the collection <MyDetector/e population> is registered at 4
New sensitive detector <MyDetector> is registered at /
=======================================================================
======                 Electromagnetic Physics Parameters      ========
=======================================================================
LPM effect enabled                                 1
Enable creation and use of sampling tables         0
Apply cuts on all EM processes                     0
Use combined TransportationWithMsc                 0
Use general process                                0
Enable linear polarisation for gamma               0
Enable sampling of quantum entanglement            0
X-section factor for integral approach             0.8
Min kinetic energy for tables                      100 eV 
Max kinetic energy for tables                      100 TeV
Number of bins per decade of a table               7
Verbose level                                      1
Verbose level for worker thread                    0
Bremsstrahlung energy threshold above which 
  primary e+- is added to the list of secondary    100 TeV
Bremsstrahlung energy threshold above which primary
  muon/hadron is added to the list of secondary    100 TeV
Lowest triplet kinetic energy                      1 MeV
Enable sampling of gamma linear polarisation       0
5D gamma conversion model type                     0
5D gamma conversion model on isolated ion          0
Livermore data directory                           livermore
=======================================================================
======                 Ionisation Parameters                   ========
=======================================================================
Step function for e+-                              (0.2, 1 mm)
Step function for muons/hadrons                    (0.2, 0.1 mm)
Step function for light ions                       (0.2, 0.1 mm)
Step function for general ions                     (0.2, 0.1 mm)
Lowest e+e- kinetic energy                         1 keV
Lowest muon/hadron kinetic energy                  1 keV
Fluctuations of dE/dx are enabled                  1
Use ICRU90 data                                    0
Use built-in Birks satuaration                     0
Build CSDA range enabled                           0
Use cut as a final range enabled                   0
Enable angular generator interface                 0
Max kinetic energy for CSDA tables                 1 GeV
Max kinetic energy for NIEL computation            0 eV 
Linear loss limit                                  0.01
Read data from file for e+e- pair production by mu 0
=======================================================================
======                 Multiple Scattering Parameters          ========
=======================================================================
Type of msc step limit algorithm for e+-           1
Type of msc step limit algorithm for muons/hadrons 0
Msc lateral displacement for e+- enabled           1
Msc lateral displacement for muons and hadrons     0
Urban msc model lateral displacement alg96         1
Range factor for msc step limit for e+-            0.04
Range factor for msc step limit for muons/hadrons  0.2
Geometry factor for msc step limitation of e+-     2.5
Safety factor for msc step limit for e+-           0.6
Skin parameter for msc step limitation of e+-      1
Lambda limit for msc step limit for e+-            1 mm
Use Mott correction for e- scattering              0
Factor used for dynamic computation of angular 
  limit between single and multiple scattering     1
Fixed angular limit between single 
  and multiple scattering                          3.1416 rad
Upper energy limit for e+- multiple scattering     100 MeV
Type of electron single scattering model           0
Type of nuclear form-factor                        1
Screening factor                                   1
=======================================================================

phot:  for gamma SubType=12 BuildTable=0
      LambdaPrime table from 200 keV to 100 TeV in 61 bins 
      ===== EM models for the G4Region  DefaultRegionForTheWorld ======
 LivermorePhElectric : Emin=    0 eV  Emax=  100 TeV  SauterGavrila Fluo

compt:  for gamma SubType=13 BuildTable=1
      Lambda table from 100 eV  to 1 MeV, 7 bins/decade, spline: 1
      LambdaPrime table from 1 MeV to 100 TeV in 56 bins 
      ===== EM models for the G4Region  DefaultRegionForTheWorld ======
       Klein-Nishina : Emin=    0 eV  Emax=  100 TeV

conv:  for gamma SubType=14 BuildTable=1
      Lambda table from 1.022 MeV to 100 TeV, 18 bins/decade, spline: 1
      ===== EM models for the G4Region  DefaultRegionForTheWorld ======
     BetheHeitlerLPM : Emin=    0 eV  Emax=  100 TeV  ModifiedTsai

Rayl:  for gamma SubType=11 BuildTable=1
      Lambda table from 100 eV  to 100 keV, 7 bins/decade, spline: 0
      LambdaPrime table from 100 keV to 100 TeV in 63 bins 
      ===== EM models for the G4Region  DefaultRegionForTheWorld ======
   LivermoreRayleigh : Emin=    0 eV  Emax=  100 TeV  CullenGenerator

msc:  for e-  SubType= 10
      ===== EM models for the G4Region  DefaultRegionForTheWorld ======
            UrbanMsc : Emin=    0 eV  Emax=  100 MeV Nbins=42 100 eV  - 100 MeV
          StepLim=UseSafety Rfact=0.04 Gfact=2.5 Sfact=0.6 DispFlag:1 Skin=1 Llim=1 mm
        WentzelVIUni : Emin=  100 MeV Emax=  100 TeV Nbins=42 100 MeV - 100 TeV
          StepLim=UseSafety Rfact=0.04 Gfact=2.5 Sfact=0.6 DispFlag:1 Skin=1 Llim=1 mm

eIoni:  for e-  XStype:3  SubType=2
      dE/dx and range tables from 100 eV  to 100 TeV in 84 bins
      Lambda tables from threshold to 100 TeV, 7 bins/decade, spline: 1
      StepFunction=(0.2, 1 mm), integ: 3, fluct: 1, linLossLim= 0.01
      ===== EM models for the G4Region  DefaultRegionForTheWorld ======
        MollerBhabha : Emin=    0 eV  Emax=  100 TeV

eBrem:  for e-  XStype:4  SubType=3
      dE/dx and range tables from 100 eV  to 100 TeV in 84 bins
      Lambda tables from threshold to 100 TeV, 7 bins/decade, spline: 1
      LPM flag: 1 for E > 1 GeV,  VertexHighEnergyTh(GeV)= 100000
      ===== EM models for the G4Region  DefaultRegionForTheWorld ======
             eBremSB : Emin=    0 eV  Emax=    1 GeV  ModifiedTsai
            eBremLPM : Emin=    1 GeV Emax=  100 TeV  ModifiedTsai

CoulombScat:  for e- XStype:1 SubType=1 BuildTable=1
      Lambda table from 100 MeV to 100 TeV, 7 bins/decade, spline: 0
      ThetaMin(p) < Theta(degree) < 180 pLimit(GeV^1)= 0.139531
      ===== EM models for the G4Region  DefaultRegionForTheWorld ======
  eCoulombScattering : Emin=  100 MeV Emax=  100 TeV

msc:  for e+  SubType= 10
      ===== EM models for the G4Region  DefaultRegionForTheWorld ======
            UrbanMsc : Emin=    0 eV  Emax=  100 MeV Nbins=42 100 eV  - 100 MeV
          StepLim=UseSafety Rfact=0.04 Gfact=2.5 Sfact=0.6 DispFlag:1 Skin=1 Llim=1 mm
        WentzelVIUni : Emin=  100 MeV Emax=  100 TeV Nbins=42 100 MeV - 100 TeV
          StepLim=UseSafety Rfact=0.04 Gfact=2.5 Sfact=0.6 DispFlag:1 Skin=1 Llim=1 mm

eIoni:  for e+  XStype:3  SubType=2
      dE/dx and range tables from 100 eV  to 100 TeV in 84 bins
      Lambda tables from threshold to 100 TeV, 7 bins/decade, spline: 1
      StepFunction=(0.2, 1 mm), integ: 3, fluct: 1, linLossLim= 0.01
      ===== EM models for the G4Region  DefaultRegionForTheWorld ======
        MollerBhabha : Emin=    0 eV  Emax=  100 TeV

eBrem:  for e+  XStype:4  SubType=3
      dE/dx and range tables from 100 eV  to 100 TeV in 84 bins
      Lambda tables from threshold to 100 TeV, 7 bins/decade, spline: 1
      LPM flag: 1 for E > 1 GeV,  VertexHighEnergyTh(GeV)= 100000
      ===== EM models for the G4Region  DefaultRegionForTheWorld ======
             eBremSB : Emin=    0 eV  Emax=    1 GeV  ModifiedTsai
            eBremLPM : Emin=    1 GeV Emax=  100 TeV  ModifiedTsai

annihil:  for e+ XStype:2 SubType=5 BuildTable=0
      ===== EM models for the G4Region  DefaultRegionForTheWorld ======
            eplus2gg : Emin=    0 eV  Emax=  100 TeV

CoulombScat:  for e+ XStype:1 SubType=1 BuildTable=1
      Lambda table from 100 MeV to 100 TeV, 7 bins/decade, spline: 0
      ThetaMin(p) < Theta(degree) < 180 pLimit(GeV^1)= 0.139531
      ===== EM models for the G4Region  DefaultRegionForTheWorld ======
  eCoulombScattering : Emin=  100 MeV Emax=  100 TeV

msc:  for proton  SubType= 10
      ===== EM models for the G4Region  DefaultRegionForTheWorld ======
        WentzelVIUni : Emin=    0 eV  Emax=  100 TeV Nbins=84 100 eV  - 100 TeV
          StepLim=Minimal Rfact=0.2 Gfact=2.5 Sfact=0.6 DispFlag:0 Skin=1 Llim=1 mm

hIoni:  for proton  XStype:3  SubType=2
      dE/dx and range tables from 100 eV  to 100 TeV in 84 bins
      Lambda tables from threshold to 100 TeV, 7 bins/decade, spline: 1
      StepFunction=(0.2, 0.1 mm), integ: 3, fluct: 1, linLossLim= 0.01
      ===== EM models for the G4Region  DefaultRegionForTheWorld ======
               Bragg : Emin=    0 eV  Emax=    2 MeV
          BetheBloch : Emin=    2 MeV Emax=  100 TeV

hBrems:  for proton  XStype:1  SubType=3
      dE/dx and range tables from 100 eV  to 100 TeV in 84 bins
      Lambda tables from threshold to 100 TeV, 7 bins/decade, spline: 0
      ===== EM models for the G4Region  DefaultRegionForTheWorld ======
               hBrem : Emin=    0 eV  Emax=  100 TeV  ModifiedMephi

hPairProd:  for proton  XStype:1  SubType=4
      dE/dx and range tables from 100 eV  to 100 TeV in 84 bins
      Lambda tables from threshold to 100 TeV, 7 bins/decade, spline: 0
      Sampling table 17x1001 from 7.50618 GeV to 100 TeV 
      ===== EM models for the G4Region  DefaultRegionForTheWorld ======
           hPairProd : Emin=    0 eV  Emax=  100 TeV  ModifiedMephi

CoulombScat:  for proton XStype:1 SubType=1 BuildTable=1
      Lambda table from threshold  to 100 TeV, 7 bins/decade, spline: 0
      ThetaMin(p) < Theta(degree) < 180 pLimit(GeV^1)= 0.139531
      ===== EM models for the G4Region  DefaultRegionForTheWorld ======
  eCoulombScattering : Emin=    0 eV  Emax=  100 TeV

msc:  for GenericIon  SubType= 10
      ===== EM models for the G4Region  DefaultRegionForTheWorld ======
            UrbanMsc : Emin=    0 eV  Emax=  100 TeV
          StepLim=Minimal Rfact=0.2 Gfact=2.5 Sfact=0.6 DispFlag:0 Skin=1 Llim=1 mm

ionIoni:  for GenericIon  XStype:3  SubType=2
      dE/dx and range tables from 100 eV  to 100 TeV in 84 bins
      Lambda tables from threshold to 100 TeV, 7 bins/decade, spline: 1
      StepFunction=(0.2, 0.1 mm), integ: 3, fluct: 1, linLossLim= 0.02
      Stopping Power data for 17 ion/material pairs
      ===== EM models for the G4Region  DefaultRegionForTheWorld ======
            BraggIon : Emin=    0 eV  Emax=    2 MeV
          BetheBloch : Emin=    2 MeV Emax=  100 TeV

msc:  for alpha  SubType= 10
      ===== EM models for the G4Region  DefaultRegionForTheWorld ======
            UrbanMsc : Emin=    0 eV  Emax=  100 TeV
          StepLim=Minimal Rfact=0.2 Gfact=2.5 Sfact=0.6 DispFlag:0 Skin=1 Llim=1 mm

ionIoni:  for alpha  XStype:3  SubType=2
      dE/dx and range tables from 100 eV  to 100 TeV in 84 bins
      Lambda tables from threshold to 100 TeV, 7 bins/decade, spline: 1
      StepFunction=(0.2, 0.1 mm), integ: 3, fluct: 1, linLossLim= 0.02
      ===== EM models for the G4Region  DefaultRegionForTheWorld ======
            BraggIon : Emin=    0 eV  Emax=7.9452 MeV
          BetheBloch : Emin=7.9452 MeV Emax=  100 TeV

msc:  for anti_proton  SubType= 10
      ===== EM models for the G4Region  DefaultRegionForTheWorld ======
        WentzelVIUni : Emin=    0 eV  Emax=  100 TeV Nbins=84 100 eV  - 100 TeV
          StepLim=Minimal Rfact=0.2 Gfact=2.5 Sfact=0.6 DispFlag:0 Skin=1 Llim=1 mm

hIoni:  for anti_proton  XStype:3  SubType=2
      dE/dx and range tables from 100 eV  to 100 TeV in 84 bins
      Lambda tables from threshold to 100 TeV, 7 bins/decade, spline: 1
      StepFunction=(0.2, 0.1 mm), integ: 3, fluct: 1, linLossLim= 0.01
      ===== EM models for the G4Region  DefaultRegionForTheWorld ======
            ICRU73QO : Emin=    0 eV  Emax=    2 MeV
          BetheBloch : Emin=    2 MeV Emax=  100 TeV

hBrems:  for anti_proton  XStype:1  SubType=3
      dE/dx and range tables from 100 eV  to 100 TeV in 84 bins
      Lambda tables from threshold to 100 TeV, 7 bins/decade, spline: 0
      ===== EM models for the G4Region  DefaultRegionForTheWorld ======
               hBrem : Emin=    0 eV  Emax=  100 TeV  ModifiedMephi

hPairProd:  for anti_proton  XStype:1  SubType=4
      dE/dx and range tables from 100 eV  to 100 TeV in 84 bins
      Lambda tables from threshold to 100 TeV, 7 bins/decade, spline: 0
      Sampling table 17x1001 from 7.50618 GeV to 100 TeV 
      ===== EM models for the G4Region  DefaultRegionForTheWorld ======
           hPairProd : Emin=    0 eV  Emax=  100 TeV  ModifiedMephi

CoulombScat:  for anti_proton XStype:1 SubType=1 BuildTable=1
      Lambda table from threshold  to 100 TeV, 7 bins/decade, spline: 0
      ThetaMin(p) < Theta(degree) < 180 pLimit(GeV^1)= 0.139531
      ===== EM models for the G4Region  DefaultRegionForTheWorld ======
  eCoulombScattering : Emin=    0 eV  Emax=  100 TeV

msc:  for kaon+  SubType= 10
      ===== EM models for the G4Region  DefaultRegionForTheWorld ======
        WentzelVIUni : Emin=    0 eV  Emax=  100 TeV Nbins=84 100 eV  - 100 TeV
          StepLim=Minimal Rfact=0.2 Gfact=2.5 Sfact=0.6 DispFlag:0 Skin=1 Llim=1 mm

hIoni:  for kaon+  XStype:3  SubType=2
      dE/dx and range tables from 100 eV  to 100 TeV in 84 bins
      Lambda tables from threshold to 100 TeV, 7 bins/decade, spline: 1
      StepFunction=(0.2, 0.1 mm), integ: 3, fluct: 1, linLossLim= 0.01
      ===== EM models for the G4Region  DefaultRegionForTheWorld ======
               Bragg : Emin=    0 eV  Emax=1.05231 MeV
          BetheBloch : Emin=1.05231 MeV Emax=  100 TeV

hBrems:  for kaon+  XStype:1  SubType=3
      dE/dx and range tables from 100 eV  to 100 TeV in 84 bins
      Lambda tables from threshold to 100 TeV, 7 bins/decade, spline: 0
      ===== EM models for the G4Region  DefaultRegionForTheWorld ======
               hBrem : Emin=    0 eV  Emax=  100 TeV  ModifiedMephi

hPairProd:  for kaon+  XStype:1  SubType=4
      dE/dx and range tables from 100 eV  to 100 TeV in 84 bins
      Lambda tables from threshold to 100 TeV, 7 bins/decade, spline: 0
      Sampling table 18x1001 from 3.94942 GeV to 100 TeV 
      ===== EM models for the G4Region  DefaultRegionForTheWorld ======
           hPairProd : Emin=    0 eV  Emax=  100 TeV  ModifiedMephi

CoulombScat:  for kaon+ XStype:1 SubType=1 BuildTable=1
      Lambda table from threshold  to 100 TeV, 7 bins/decade, spline: 0
      ThetaMin(p) < Theta(degree) < 180 pLimit(GeV^1)= 0.139531
      ===== EM models for the G4Region  DefaultRegionForTheWorld ======
  eCoulombScattering : Emin=    0 eV  Emax=  100 TeV

msc:  for kaon-  SubType= 10
      ===== EM models for the G4Region  DefaultRegionForTheWorld ======
        WentzelVIUni : Emin=    0 eV  Emax=  100 TeV Nbins=84 100 eV  - 100 TeV
          StepLim=Minimal Rfact=0.2 Gfact=2.5 Sfact=0.6 DispFlag:0 Skin=1 Llim=1 mm

hIoni:  for kaon-  XStype:3  SubType=2
      dE/dx and range tables from 100 eV  to 100 TeV in 84 bins
      Lambda tables from threshold to 100 TeV, 7 bins/decade, spline: 1
      StepFunction=(0.2, 0.1 mm), integ: 3, fluct: 1, linLossLim= 0.01
      ===== EM models for the G4Region  DefaultRegionForTheWorld ======
            ICRU73QO : Emin=    0 eV  Emax=1.05231 MeV
          BetheBloch : Emin=1.05231 MeV Emax=  100 TeV

hBrems:  for kaon-  XStype:1  SubType=3
      dE/dx and range tables from 100 eV  to 100 TeV in 84 bins
      Lambda tables from threshold to 100 TeV, 7 bins/decade, spline: 0
      ===== EM models for the G4Region  DefaultRegionForTheWorld ======
               hBrem : Emin=    0 eV  Emax=  100 TeV  ModifiedMephi

hPairProd:  for kaon-  XStype:1  SubType=4
      dE/dx and range tables from 100 eV  to 100 TeV in 84 bins
      Lambda tables from threshold to 100 TeV, 7 bins/decade, spline: 0
      Sampling table 18x1001 from 3.94942 GeV to 100 TeV 
      ===== EM models for the G4Region  DefaultRegionForTheWorld ======
           hPairProd : Emin=    0 eV  Emax=  100 TeV  ModifiedMephi

CoulombScat:  for kaon- XStype:1 SubType=1 BuildTable=1
      Used Lambda table of kaon+
      ThetaMin(p) < Theta(degree) < 180 pLimit(GeV^1)= 0.139531
      ===== EM models for the G4Region  DefaultRegionForTheWorld ======
  eCoulombScattering : Emin=    0 eV  Emax=  100 TeV

msc:  for mu+  SubType= 10
      ===== EM models for the G4Region  DefaultRegionForTheWorld ======
        WentzelVIUni : Emin=    0 eV  Emax=  100 TeV Nbins=84 100 eV  - 100 TeV
          StepLim=Minimal Rfact=0.2 Gfact=2.5 Sfact=0.6 DispFlag:0 Skin=1 Llim=1 mm

muIoni:  for mu+  XStype:3  SubType=2
      dE/dx and range tables from 100 eV  to 100 TeV in 84 bins
      Lambda tables from threshold to 100 TeV, 7 bins/decade, spline: 1
      StepFunction=(0.2, 0.1 mm), integ: 3, fluct: 1, linLossLim= 0.01
      ===== EM models for the G4Region  DefaultRegionForTheWorld ======
               Bragg : Emin=    0 eV  Emax=  200 keV
          BetheBloch : Emin=  200 keV Emax=    1 GeV
        MuBetheBloch : Emin=    1 GeV Emax=  100 TeV

muBrems:  for mu+  XStype:1  SubType=3
      dE/dx and range tables from 100 eV  to 100 TeV in 84 bins
      Lambda tables from threshold to 100 TeV, 7 bins/decade, spline: 0
      ===== EM models for the G4Region  DefaultRegionForTheWorld ======
              MuBrem : Emin=    0 eV  Emax=  100 TeV  ModifiedMephi

muPairProd:  for mu+  XStype:1  SubType=4
      dE/dx and range tables from 100 eV  to 100 TeV in 84 bins
      Lambda tables from threshold to 100 TeV, 7 bins/decade, spline: 0
      Sampling table 21x1001 from 1 GeV to 100 TeV 
      ===== EM models for the G4Region  DefaultRegionForTheWorld ======
          muPairProd : Emin=    0 eV  Emax=  100 TeV  ModifiedMephi

CoulombScat:  for mu+ XStype:1 SubType=1 BuildTable=1
      Lambda table from threshold  to 100 TeV, 7 bins/decade, spline: 0
      ThetaMin(p) < Theta(degree) < 180 pLimit(GeV^1)= 0.139531
      ===== EM models for the G4Region  DefaultRegionForTheWorld ======
  eCoulombScattering : Emin=    0 eV  Emax=  100 TeV

msc:  for mu-  SubType= 10
      ===== EM models for the G4Region  DefaultRegionForTheWorld ======
        WentzelVIUni : Emin=    0 eV  Emax=  100 TeV Nbins=84 100 eV  - 100 TeV
          StepLim=Minimal Rfact=0.2 Gfact=2.5 Sfact=0.6 DispFlag:0 Skin=1 Llim=1 mm

muIoni:  for mu-  XStype:3  SubType=2
      dE/dx and range tables from 100 eV  to 100 TeV in 84 bins
      Lambda tables from threshold to 100 TeV, 7 bins/decade, spline: 1
      StepFunction=(0.2, 0.1 mm), integ: 3, fluct: 1, linLossLim= 0.01
      ===== EM models for the G4Region  DefaultRegionForTheWorld ======
            ICRU73QO : Emin=    0 eV  Emax=  200 keV
          BetheBloch : Emin=  200 keV Emax=    1 GeV
        MuBetheBloch : Emin=    1 GeV Emax=  100 TeV

muBrems:  for mu-  XStype:1  SubType=3
      dE/dx and range tables from 100 eV  to 100 TeV in 84 bins
      Lambda tables from threshold to 100 TeV, 7 bins/decade, spline: 0
      ===== EM models for the G4Region  DefaultRegionForTheWorld ======
              MuBrem : Emin=    0 eV  Emax=  100 TeV  ModifiedMephi

muPairProd:  for mu-  XStype:1  SubType=4
      dE/dx and range tables from 100 eV  to 100 TeV in 84 bins
      Lambda tables from threshold to 100 TeV, 7 bins/decade, spline: 0
      Sampling table 21x1001 from 1 GeV to 100 TeV 
      ===== EM models for the G4Region  DefaultRegionForTheWorld ======
          muPairProd : Emin=    0 eV  Emax=  100 TeV  ModifiedMephi

CoulombScat:  for mu- XStype:1 SubType=1 BuildTable=1
      Used Lambda table of mu+
      ThetaMin(p) < Theta(degree) < 180 pLimit(GeV^1)= 0.139531
      ===== EM models for the G4Region  DefaultRegionForTheWorld ======
  eCoulombScattering : Emin=    0 eV  Emax=  100 TeV

msc:  for pi+  SubType= 10
      ===== EM models for the G4Region  DefaultRegionForTheWorld ======
        WentzelVIUni : Emin=    0 eV  Emax=  100 TeV Nbins=84 100 eV  - 100 TeV
          StepLim=Minimal Rfact=0.2 Gfact=2.5 Sfact=0.6 DispFlag:0 Skin=1 Llim=1 mm

hIoni:  for pi+  XStype:3  SubType=2
      dE/dx and range tables from 100 eV  to 100 TeV in 84 bins
      Lambda tables from threshold to 100 TeV, 7 bins/decade, spline: 1
      StepFunction=(0.2, 0.1 mm), integ: 3, fluct: 1, linLossLim= 0.01
      ===== EM models for the G4Region  DefaultRegionForTheWorld ======
               Bragg : Emin=    0 eV  Emax=297.505 keV
          BetheBloch : Emin=297.505 keV Emax=  100 TeV

hBrems:  for pi+  XStype:1  SubType=3
      dE/dx and range tables from 100 eV  to 100 TeV in 84 bins
      Lambda tables from threshold to 100 TeV, 7 bins/decade, spline: 0
      ===== EM models for the G4Region  DefaultRegionForTheWorld ======
               hBrem : Emin=    0 eV  Emax=  100 TeV  ModifiedMephi

hPairProd:  for pi+  XStype:1  SubType=4
      dE/dx and range tables from 100 eV  to 100 TeV in 84 bins
      Lambda tables from threshold to 100 TeV, 7 bins/decade, spline: 0
      Sampling table 20x1001 from 1.11656 GeV to 100 TeV 
      ===== EM models for the G4Region  DefaultRegionForTheWorld ======
           hPairProd : Emin=    0 eV  Emax=  100 TeV  ModifiedMephi

CoulombScat:  for pi+ XStype:1 SubType=1 BuildTable=1
      Lambda table from threshold  to 100 TeV, 7 bins/decade, spline: 0
      ThetaMin(p) < Theta(degree) < 180 pLimit(GeV^1)= 0.139531
      ===== EM models for the G4Region  DefaultRegionForTheWorld ======
  eCoulombScattering : Emin=    0 eV  Emax=  100 TeV

msc:  for pi-  SubType= 10
      ===== EM models for the G4Region  DefaultRegionForTheWorld ======
        WentzelVIUni : Emin=    0 eV  Emax=  100 TeV Nbins=84 100 eV  - 100 TeV
          StepLim=Minimal Rfact=0.2 Gfact=2.5 Sfact=0.6 DispFlag:0 Skin=1 Llim=1 mm

hIoni:  for pi-  XStype:3  SubType=2
      dE/dx and range tables from 100 eV  to 100 TeV in 84 bins
      Lambda tables from threshold to 100 TeV, 7 bins/decade, spline: 1
      StepFunction=(0.2, 0.1 mm), integ: 3, fluct: 1, linLossLim= 0.01
      ===== EM models for the G4Region  DefaultRegionForTheWorld ======
            ICRU73QO : Emin=    0 eV  Emax=297.505 keV
          BetheBloch : Emin=297.505 keV Emax=  100 TeV

hBrems:  for pi-  XStype:1  SubType=3
      dE/dx and range tables from 100 eV  to 100 TeV in 84 bins
      Lambda tables from threshold to 100 TeV, 7 bins/decade, spline: 0
      ===== EM models for the G4Region  DefaultRegionForTheWorld ======
               hBrem : Emin=    0 eV  Emax=  100 TeV  ModifiedMephi

hPairProd:  for pi-  XStype:1  SubType=4
      dE/dx and range tables from 100 eV  to 100 TeV in 84 bins
      Lambda tables from threshold to 100 TeV, 7 bins/decade, spline: 0
      Sampling table 20x1001 from 1.11656 GeV to 100 TeV 
      ===== EM models for the G4Region  DefaultRegionForTheWorld ======
           hPairProd : Emin=    0 eV  Emax=  100 TeV  ModifiedMephi

CoulombScat:  for pi- XStype:1 SubType=1 BuildTable=1
      Used Lambda table of pi+
      ThetaMin(p) < Theta(degree) < 180 pLimit(GeV^1)= 0.139531
      ===== EM models for the G4Region  DefaultRegionForTheWorld ======
  eCoulombScattering : Emin=    0 eV  Emax=  100 TeV
### Run 0 starts.
--> Event 0 starts.
Number of Events Processed:20000
  Radius cell flux e cell flux population e population 
       0     1.2734     1.2734          4          4 
       1    0.95505    0.95505          9          9 
       2    0.95524    0.89158         15         14 
       3      1.046     1.0005         23         22 
       4    0.56602    0.56602         16         16 
       5    0.92612    0.92612         32         32 
       6      1.004    0.93055         41         38 
       7     0.7353    0.67163         35         32 
       8    0.75628     0.7001         41         38 
       9    0.97473    0.90772         56         52 
      10    0.97025    0.93993         64         62 
      11    0.96898    0.92745         70         67 
      12     1.0443     1.0189         82         80 
      13    0.87258    0.82542         74         70 
      14    0.70261    0.69163         64         63 
      15    0.82678    0.78571         80         76 
      16    0.96633     0.8988         98         91 
      17    0.78235    0.72778         86         80 
      18    0.61965    0.59384         72         69 
      19    0.87811     0.8373        100         95 
      20    0.80283    0.77953        103        100 
      21    0.82418    0.77975        110        104 
      22     1.0303    0.99497        119        114 
      23     0.8688    0.82815        128        122 
      24    0.82262    0.76413        123        114 
      25     0.7677    0.74897        122        119 
      26    0.89542    0.85337        149        142 
      27     0.6939    0.68232        119        117 
      28    0.75224    0.71872        130        124 
      29    0.89904    0.87205        165        160 
      30    0.78087    0.74433        149        142 
      31    0.68442    0.65406        134        128 
      32    0.89083    0.84674        179        170 
      33    0.78185    0.73906        164        155 
      34    0.75242    0.72934        163        158 
      35    0.66409    0.65063        148        145 
      36    0.80468    0.77849        184        178 
      37    0.70869    0.68321        166        160 
      38    0.68261    0.66193        165        160 
      39    0.59597    0.56775        147        140 
      40    0.78756    0.74982        198        188 
      41    0.73308    0.69699        190        180 
      42    0.86171    0.82799        204        195 
      43    0.70349    0.68884        190        186 
      44     0.6503    0.64672        167        166 
      45    0.64534    0.63134        184        180 
      46    0.65757    0.63702        191        185 
      47    0.64398    0.62721        192        187 
      48     0.6432    0.61364        195        186 
      49    0.63211    0.61603        197        192 
      50    0.71156    0.68002        225        215 
      51    0.51052    0.47649        165        154 
      52    0.63733    0.61912        206        200 
      53    0.59896    0.56322        201        189 
      54     0.5646    0.54121        191        183 
      55    0.61819    0.58374        204        192 
      56    0.52876     0.5203        186        183 
      57    0.70158    0.67941        177        169 
      58    0.53782    0.51603        197        189 
      59    0.57106    0.55499        213        207 
      60    0.57379    0.56324        212        208 
      61     0.5365    0.52873        204        201 
      62    0.49484    0.45914        194        180 
      63    0.48025    0.46017        187        179 
      64    0.47332     0.4486        191        181 
      65    0.52626    0.50191        211        201 
      66    0.45075    0.42676        188        178 
      67    0.49287    0.47397        208        200 
      68    0.53302    0.51208        224        215 
      69    0.44666    0.42602        193        184 
      70     0.4215    0.40793        185        179 
      71    0.41326    0.40657        178        175 
      72    0.40874    0.38674        171        161 
      73     0.3969    0.38822        182        178 
      74    0.37684    0.36186        176        169 
      75    0.38169     0.3584        180        169 
      76    0.32742    0.31283        157        150 
      77    0.38379    0.36938        185        178 
      78    0.36794    0.33945        181        167 
      79    0.34828    0.34025        173        169 
      80    0.35204    0.34412        176        172 
      81    0.31959    0.31176        163        159 
      82    0.32834    0.31867        167        162 
      83    0.32323    0.30794        169        161 
      84    0.32263    0.30563        169        160 
      85    0.30244    0.30057        162        161 
      86    0.23989    0.22698        130        123 
      87    0.26413    0.25501        141        136 
      88     0.3439    0.33489        185        180 
      89     0.2839     0.2732        159        153 
      90    0.30144    0.29438        164        160 
      91    0.22844    0.22495        130        128 
      92    0.25029    0.24338        143        139 
      93    0.30383    0.29016        170        162 
      94    0.28214    0.26524        165        155 
      95    0.22806    0.22304        135        132 
      96    0.26649    0.25325        161        153 
      97     0.2242    0.22092        132        130 
      98    0.21528    0.21204        133        131 
      99    0.21591    0.20789        133        128 
     100     0.2213    0.20699        138        129 
     101    0.22817    0.22659        142        141 
     102    0.19097    0.18318        120        115 
     103     0.1972    0.19102        128        124 
     104    0.17948    0.17335        118        114 
     105    0.16064     0.1561        106        103 
     106    0.17235    0.16485        111        106 
     107    0.15023    0.14577        101         98 
     108    0.13557    0.13115         92         89 
     109    0.17944    0.17652        122        120 
     110    0.17324    0.16456        118        112 
     111    0.13265    0.12548         93         88 
     112     0.1791    0.17341        126        122 
     113    0.16248    0.15685        115        111 
     114    0.16352    0.15793        117        113 
     115    0.14681     0.1385        106        100 
     116     0.1207    0.11521         86         82 
     117    0.12343    0.11799         90         86 
     118    0.11745    0.11475         87         85 
     119    0.12349     0.1168         92         87 
     120     0.1222    0.11821         92         89 
     121    0.10639    0.10376         80         78 
     122    0.13108    0.11933         98         89 
     123    0.11115    0.10986         83         82 
     124    0.11057    0.10928         86         85 
     125    0.10822    0.10567         84         82 
     126    0.10797    0.10164         85         80 
     127    0.10192   0.096895         81         77 
     128   0.082276   0.078537         66         63 
     129    0.09895   0.091529         80         74 
     130   0.084692   0.083465         69         68 
     131    0.10003   0.096362         81         78 
     132   0.084984   0.080148         69         65 
     133   0.078017   0.074417         65         62 
     134   0.069092    0.06552         58         55 
     135    0.08145   0.079089         68         66 
     136   0.083488   0.082314         71         70 
     137   0.064409   0.062078         53         51 
     138   0.075526   0.069463         63         60 
     139   0.071866   0.067269         58         54 
     140   0.083004    0.08072         68         66 
     141    0.05894    0.05894         52         52 
     142   0.064156   0.063031         55         54 
     143   0.053693   0.050316         48         45 
     144   0.084388   0.082168         76         74 
     145   0.056974   0.053666         52         49 
     146   0.068693   0.067572         59         58 
     147   0.052233   0.051145         48         47 
     148   0.053087   0.047676         49         44 
     149   0.044012   0.040791         41         38 
     150   0.051481   0.047215         47         43 
     151   0.055209   0.053093         48         46 
     152   0.040186   0.039134         36         35 
     153   0.032413   0.030321         31         29 
     154   0.044059   0.043019         42         41 
     155   0.048613   0.048613         47         47 
     156   0.043106    0.04208         42         41 
     157   0.038951   0.037931         38         37 
     158   0.036497    0.03447         36         34 
     159    0.02519   0.023175         25         23 
     160   0.027032    0.02503         27         25 
     161   0.033787   0.033787         33         33 
     162   0.029696   0.027718         30         28 
     163   0.027722   0.026739         28         27 
     164   0.033217   0.031263         34         32 
     165   0.033039   0.030125         34         31 
     166   0.025117   0.025117         26         26 
     167   0.034057   0.032137         35         33 
     168   0.038416   0.034598         38         34 
     169   0.028573   0.024775         29         25 
     170   0.023949   0.023949         23         23 
     171   0.035572   0.033696         37         35 
     172   0.028655   0.024257         28         26 
     173   0.026592   0.025664         27         26 
     174    0.01845   0.016605         20         18 
     175   0.027426   0.025591         30         28 
     176   0.015607   0.012871         18         15 
     177   0.025474   0.024566         28         27 
     178    0.01625   0.013543         18         15 
     179   0.027077   0.025282         30         28 
     180   0.020878   0.015159         19         17 
     181   0.021326   0.019551         24         22 
     182   0.028176   0.027293         31         30 
     183   0.024389   0.023511         26         25 
     184   0.023219   0.020423         26         23 
     185   0.018563   0.016826         19         17 
     186   0.020824   0.019632         23         22 
     187   0.010648  0.0097886         12         11 
     188    0.01646   0.015403         19         18 
     189   0.018412   0.017561         21         20 
     190   0.008883  0.0069248         10          8 
     191    0.02456   0.019407         27         22 
     192   0.011951  0.0094362         13         10 
     193   0.016335   0.013706         19         16 
     194   0.027528   0.012776         18         14 
     195   0.020409   0.018754         23         21 
     196   0.013298   0.013298         16         16 
     197   0.020782   0.019954         23         22 
     198   0.019118   0.014751         22         17 
     199    0.02133   0.018338         24         22 
     200   0.010593  0.0081305         13         10 
     201   0.024237   0.017977         28         21 
     202   0.020606   0.014892         25         18 
     203  0.0091313  0.0058702         11          7 
     204   0.017043  0.0062552         20          7 
     205  0.0088637  0.0055423         10          6 
     206  0.0090285   0.006695         10          7 
     207  0.0074187  0.0040923          9          5 
     208   0.013185  0.0062841         15          7 
     209   0.014988  0.0051115         17          5 
     210  0.0080435  0.0016363         10          2 
     211   0.012327   0.008153         13          8 
     212   0.012616  0.0074336         14          8 
     213   0.010539  0.0041941         12          4 
     214  0.0086617  0.0033491         11          4 
     215   0.014136  0.0033322         18          4 
     216   0.011157  0.0073961         13          8 
     217   0.013892  0.0066673         17          8 
     218  0.0091545  0.0023923         11          3 
     219  0.0088159  0.0057403          9          5 
     220  0.0088912  0.0040866         11          5 
     221  0.0088414  0.0073678         10          8 
     222   0.011087  0.0025164         12          3 
     223   0.013182  0.0061629         14          5 
     224   0.011199  0.0017351         10          2 
     225  0.0071939  0.0034419          7          3 
     226   0.011964  0.0056379         12          5 
     227   0.010562  0.0045249         14          5 
     228  0.0070059  0.0035579          9          4 
     229  0.0094192  0.0034136         11          4 
     230   0.011154  0.0051168         13          6 
     231   0.010464  0.0052852         13          6 
     232   0.014118   0.011865         13         10 
### deleting electronFilter 0x1591920
