
        ############################################
        !!! WARNING - FPE detection is activated !!!
        ############################################


          ################################
          !!! G4Backtrace is activated !!!
          ################################


**************************************************************
 Geant4 version Name: geant4-10-06-ref-10    (31-October-2020)
                       Copyright : Geant4 Collaboration
                      References : NIM A 506 (2003), 250-303
                                 : IEEE-TNS 53 (2006), 270-278
                                 : NIM A 835 (2016), 186-225
                             WWW : http://geant4.org/
**************************************************************


***** Table : Nb of materials = 8 *****

 Material:    Water    density:  1.000 g/cm3   RadL:  36.092 cm   Nucl.Int.Length:  75.356 cm 
                       Imean:  78.000 eV   temperature: 293.15 K  pressure:   1.00 atm

   --->  Element: Hydrogen (H)   Z =  1.0   N =     1   A =  1.010 g/mole
         --->  Isotope:    H1   Z =  1   N =   1   A =   1.01 g/mole   abundance: 99.989 %
         --->  Isotope:    H2   Z =  1   N =   2   A =   2.01 g/mole   abundance:  0.011 %
          ElmMassFraction:  11.21 %  ElmAbundance  66.67 % 

   --->  Element: Oxygen (O)   Z =  8.0   N =    16   A = 16.000 g/mole
         --->  Isotope:   O16   Z =  8   N =  16   A =  15.99 g/mole   abundance: 99.757 %
         --->  Isotope:   O17   Z =  8   N =  17   A =  17.00 g/mole   abundance:  0.038 %
         --->  Isotope:   O18   Z =  8   N =  18   A =  18.00 g/mole   abundance:  0.205 %
          ElmMassFraction:  88.79 %  ElmAbundance  33.33 % 


 Material: Water_gas    density:  1.000 mg/cm3  RadL: 360.924 m    Nucl.Int.Length: 753.560 m  
                       Imean:  78.000 eV   temperature: 293.15 K  pressure:   1.00 atm

   --->  Element: Hydrogen (H)   Z =  1.0   N =     1   A =  1.010 g/mole
         --->  Isotope:    H1   Z =  1   N =   1   A =   1.01 g/mole   abundance: 99.989 %
         --->  Isotope:    H2   Z =  1   N =   2   A =   2.01 g/mole   abundance:  0.011 %
          ElmMassFraction:  11.21 %  ElmAbundance  66.67 % 

   --->  Element: Oxygen (O)   Z =  8.0   N =    16   A = 16.000 g/mole
         --->  Isotope:   O16   Z =  8   N =  16   A =  15.99 g/mole   abundance: 99.757 %
         --->  Isotope:   O17   Z =  8   N =  17   A =  17.00 g/mole   abundance:  0.038 %
         --->  Isotope:   O18   Z =  8   N =  18   A =  18.00 g/mole   abundance:  0.205 %
          ElmMassFraction:  88.79 %  ElmAbundance  33.33 % 


 Material: Graphite    density:  2.265 g/cm3   RadL:  18.851 cm   Nucl.Int.Length:  35.388 cm 
                       Imean:  81.000 eV   temperature: 293.15 K  pressure:   1.00 atm

   --->  Element: C (C)   Z =  6.0   N =    12   A = 12.011 g/mole
         --->  Isotope:   C12   Z =  6   N =  12   A =  12.00 g/mole   abundance: 98.930 %
         --->  Isotope:   C13   Z =  6   N =  13   A =  13.00 g/mole   abundance:  1.070 %
          ElmMassFraction: 100.00 %  ElmAbundance 100.00 % 


 Material: Graphite_gas    density:  2.265 mg/cm3  RadL: 188.508 m    Nucl.Int.Length: 353.880 m  
                       Imean:  81.000 eV   temperature: 293.15 K  pressure:   1.00 atm

   --->  Element: C (C)   Z =  6.0   N =    12   A = 12.011 g/mole
         --->  Isotope:   C12   Z =  6   N =  12   A =  12.00 g/mole   abundance: 98.930 %
         --->  Isotope:   C13   Z =  6   N =  13   A =  13.00 g/mole   abundance:  1.070 %
          ElmMassFraction: 100.00 %  ElmAbundance 100.00 % 


 Material: Aluminium    density:  2.700 g/cm3   RadL:   8.893 cm   Nucl.Int.Length:  38.880 cm 
                       Imean: 166.000 eV   temperature: 293.15 K  pressure:   1.00 atm

   --->  Element: Al (Al)   Z = 13.0   N =    27   A = 26.982 g/mole
         --->  Isotope:  Al27   Z = 13   N =  27   A =  26.98 g/mole   abundance: 100.000 %
          ElmMassFraction: 100.00 %  ElmAbundance 100.00 % 


 Material: Aluminium_gas    density:  2.700 mg/cm3  RadL:  88.930 m    Nucl.Int.Length: 388.800 m  
                       Imean: 166.000 eV   temperature: 293.15 K  pressure:   1.00 atm

   --->  Element: Al (Al)   Z = 13.0   N =    27   A = 26.982 g/mole
         --->  Isotope:  Al27   Z = 13   N =  27   A =  26.98 g/mole   abundance: 100.000 %
          ElmMassFraction: 100.00 %  ElmAbundance 100.00 % 


 Material: G4_WATER H_2O   density:  1.000 g/cm3   RadL:  36.083 cm   Nucl.Int.Length:  75.375 cm 
                       Imean:  78.000 eV   temperature: 293.15 K  pressure:   1.00 atm

   --->  Element: H (H)   Z =  1.0   N =     1   A =  1.008 g/mole
         --->  Isotope:    H1   Z =  1   N =   1   A =   1.01 g/mole   abundance: 99.989 %
         --->  Isotope:    H2   Z =  1   N =   2   A =   2.01 g/mole   abundance:  0.011 %
          ElmMassFraction:  11.19 %  ElmAbundance  66.67 % 

   --->  Element: O (O)   Z =  8.0   N =    16   A = 15.999 g/mole
         --->  Isotope:   O16   Z =  8   N =  16   A =  15.99 g/mole   abundance: 99.757 %
         --->  Isotope:   O17   Z =  8   N =  17   A =  17.00 g/mole   abundance:  0.038 %
         --->  Isotope:   O18   Z =  8   N =  18   A =  18.00 g/mole   abundance:  0.205 %
          ElmMassFraction:  88.81 %  ElmAbundance  33.33 % 


 Material: g4Water_gas H_2O   density:  1.000 mg/cm3  RadL: 360.830 m    Nucl.Int.Length: 753.748 m  
                       Imean:  78.000 eV   temperature: 293.15 K  pressure:   1.00 atm

   --->  Element: H (H)   Z =  1.0   N =     1   A =  1.008 g/mole
         --->  Isotope:    H1   Z =  1   N =   1   A =   1.01 g/mole   abundance: 99.989 %
         --->  Isotope:    H2   Z =  1   N =   2   A =   2.01 g/mole   abundance:  0.011 %
          ElmMassFraction:  11.19 %  ElmAbundance  66.67 % 

   --->  Element: O (O)   Z =  8.0   N =    16   A = 15.999 g/mole
         --->  Isotope:   O16   Z =  8   N =  16   A =  15.99 g/mole   abundance: 99.757 %
         --->  Isotope:   O17   Z =  8   N =  17   A =  17.00 g/mole   abundance:  0.038 %
         --->  Isotope:   O18   Z =  8   N =  18   A =  18.00 g/mole   abundance:  0.205 %
          ElmMassFraction:  88.81 %  ElmAbundance  33.33 % 



/control/cout/ignoreThreadsExcept 0
/run/verbose 1
/testem/phys/addPhysics standard_opt3
PhysicsList::AddPhysicsList: <standard_opt3>
/run/initialize

---------------------------------------------------------
---> The Wall is 5 cm  of G4_WATER ( 1 g/cm3  )
     The Cavity is 2 mm  of g4Water_gas ( 1 mg/cm3 )
---------------------------------------------------------

/gun/energy 1 MeV
/run/printProgress 10000
/run/beamOn 40000

phot:  for gamma SubType=12 BuildTable=0
      LambdaPrime table from 200 keV to 10 GeV in 94 bins 
      ===== EM models for the G4Region  DefaultRegionForTheWorld ======
       PhotoElectric : Emin=    0 eV  Emax=   10 GeV  SauterGavrila

compt:  for gamma SubType=13 BuildTable=1
      Lambda table from 10 eV  to 1 MeV, 20 bins/decade, spline: 1
      LambdaPrime table from 1 MeV to 10 GeV in 80 bins 
      ===== EM models for the G4Region  DefaultRegionForTheWorld ======
       Klein-Nishina : Emin=    0 eV  Emax=   10 GeV

conv:  for gamma SubType=14 BuildTable=1
      Lambda table from 1.022 MeV to 10 GeV, 25 bins/decade, spline: 1
      ===== EM models for the G4Region  DefaultRegionForTheWorld ======
     BetheHeitlerLPM : Emin=    0 eV  Emax=   10 GeV  ModifiedTsai

msc:  for e-  SubType= 10
      ===== EM models for the G4Region  DefaultRegionForTheWorld ======
            UrbanMsc : Emin=    0 eV  Emax=   10 GeV Nbins=160 100 eV  -  10 GeV
              StepLim=DistanceToBoundary Rfact=0.04 Gfact=2.5 Sfact=0.6 DispFlag:1 Skin=1 Llimit=1

eIoni:  for e-  SubType=2
      dE/dx and range tables from 10 eV  to 10 GeV in 180 bins
      Lambda tables from threshold to 10 GeV, 20 bins/decade, spline: 1
      StepFunction=(0.2, 0.1 mm), integ: 1, fluct: 1, linLossLim= 0.01
      ===== EM models for the G4Region  DefaultRegionForTheWorld ======
      myMollerBhabha : Emin=    0 eV  Emax=   10 GeV
      CSDA range table up to 10 GeV in 180 bins

msc:  for e+  SubType= 10
      ===== EM models for the G4Region  DefaultRegionForTheWorld ======
            UrbanMsc : Emin=    0 eV  Emax=   10 GeV Nbins=160 100 eV  -  10 GeV
              StepLim=DistanceToBoundary Rfact=0.04 Gfact=2.5 Sfact=0.6 DispFlag:1 Skin=1 Llimit=1

eIoni:  for e+  SubType=2
      dE/dx and range tables from 10 eV  to 10 GeV in 180 bins
      Lambda tables from threshold to 10 GeV, 20 bins/decade, spline: 1
      StepFunction=(0.2, 0.1 mm), integ: 1, fluct: 1, linLossLim= 0.01
      ===== EM models for the G4Region  DefaultRegionForTheWorld ======
      myMollerBhabha : Emin=    0 eV  Emax=   10 GeV
      CSDA range table up to 10 GeV in 180 bins

annihil:  for e+, integral:1  SubType=5 BuildTable=0
      ===== EM models for the G4Region  DefaultRegionForTheWorld ======
            eplus2gg : Emin=    0 eV  Emax=   10 GeV

msc:  for proton  SubType= 10
      ===== EM models for the G4Region  DefaultRegionForTheWorld ======
            UrbanMsc : Emin=    0 eV  Emax=   10 GeV Nbins=160 100 eV  -  10 GeV
              StepLim=Minimal Rfact=0.2 Gfact=2.5 Sfact=0.6 DispFlag:0 Skin=1 Llimit=1

hIoni:  for proton  SubType=2
      dE/dx and range tables from 10 eV  to 10 GeV in 180 bins
      Lambda tables from threshold to 10 GeV, 20 bins/decade, spline: 1
      StepFunction=(0.2, 0.1 mm), integ: 1, fluct: 1, linLossLim= 0.01
      ===== EM models for the G4Region  DefaultRegionForTheWorld ======
               Bragg : Emin=    0 eV  Emax=    2 MeV
          BetheBloch : Emin=    2 MeV Emax=   10 GeV
      CSDA range table up to 10 GeV in 180 bins

========= Table of registered couples ============================

Index : 0     used in the geometry : Yes
 Material : G4_WATER
 Range cuts        :  gamma  10 km     e-  10 km     e+  10 km  proton 10 km 
 Energy thresholds :  gamma  10 GeV    e-  10 GeV    e+  10 GeV proton 1 TeV
 Region(s) which use this couple : 
    DefaultRegionForTheWorld

Index : 1     used in the geometry : Yes
 Material : g4Water_gas
 Range cuts        :  gamma  10 km     e-  10 km     e+  10 km  proton 10 km 
 Energy thresholds :  gamma  10 GeV    e-  10 GeV    e+  10 GeV proton 1 TeV
 Region(s) which use this couple : 
    DefaultRegionForTheWorld

==================================================================


 ===================== run conditions =====================

 The run will be 0 e- of 1.000 MeV through 2*5.268 mm  of G4_WATER (density: 1.000 g/cm3 ) Mass/cm2 = 1.054 g 
 csdaRange: 4.390 mm 

 the cavity is 2.000 mm  of g4Water_gas (density: 1.000 mg/cm3) Mass/cm2 = 0.200 mg --> massRatio = 0.000190
 Wall radius: 10.000 m   range in cavity: 4.390 m  

 ==========================================================

 StoppingPower in wall   = 1.8649 MeV*cm2/g
               in cavity = 1.8649 MeV*cm2/g
### Run 0 starts.

--------- Ranecu engine status ---------
 Initial seed (index) = 0
 Current couple of seeds = 9876, 54321
----------------------------------------
### Run 0 start.
--> Event 0 starts.
--> Event 10000 starts.
--->evntNb= 10000 Nwall= 10000 Ncav= 1 Ic/Iw= 0.52676 Ne-_cav= 2728 doseCavity/Ebeam= 1.13448  (100*(ratio-1) = 13.44770 %) 

--> Event 20000 starts.
--->evntNb= 20000 Nwall= 19998 Ncav= 3 Ic/Iw= 0.79022 Ne-_cav= 5459 doseCavity/Ebeam= 1.04481  (100*(ratio-1) = 4.48086 %) 

--> Event 30000 starts.
--->evntNb= 30000 Nwall= 29997 Ncav= 4 Ic/Iw= 0.70242 Ne-_cav= 8178 doseCavity/Ebeam= 1.02540  (100*(ratio-1) = 2.53958 %) 

 Run terminated.
Run Summary
  Number of events processed : 40000
  User=1.370000s Real=1.634551s Sys=0.000000s

 Process calls frequency --->  eIoni= 330951  msc= 197608  Transportation= 21869

 Charged particle flow in cavity :
      Enter --> nbParticles = 10933	 Energy = 7.058 GeV
      Exit  --> nbParticles = 10936	 Energy = 7.058 GeV

 beamFluence in wall = 39992	 in cavity = 8	 Icav/Iwall = 1.05373	 energyFluence = 37.96066 MeV*cm2/mg

 Total edep in cavity = 7.69449 MeV +- 5.13603 %
 Total dose in cavity = 38.47245 MeV*cm2/mg +- 5.13603 %

 DoseCavity/EnergyFluence = 1.01348 +- 0.05205

 Total charged trackLength in cavity = 34.1190 m     (mean value = 3.1207 mm )

 StepSize of ch. tracks in wall   = 349.5852 um  +- 288.3557 um 	 (nbSteps/track = 12.6356)
 StepSize of ch. tracks in cavity = 756.4352 um  +- 1.2612 mm 	 (nbSteps/track = 4.1256)

--------- Ranecu engine status ---------
 Initial seed (index) = 0
 Current couple of seeds = 1367316676, 1211619239
----------------------------------------

--------- Ranecu engine status ---------
 Initial seed (index) = 0
 Current couple of seeds = 1367316676, 1211619239
----------------------------------------
G4 kernel has come to Quit state.
================== Deleting memory pools ===================
Number of memory pools allocated: 9 of which, static: 0
Dynamic pools deleted: 9 / Total memory freed: 0.014 MB
============================================================
RunManagerKernel is deleted. Good bye :)
