
        ############################################
        !!! WARNING - FPE detection is activated !!!
        ############################################

*************************************************************
 Geant4 version Name: geant4-10-03-ref-08    (31-August-2017)
                      Copyright : Geant4 Collaboration
                      Reference : NIM A 506 (2003), 250-303
                            WWW : http://cern.ch/geant4
*************************************************************



	--> Running in serial mode


Checking overlaps for volume Target_0_0_0 ... OK! 
Checking overlaps for volume Target_1_0_0 ... OK! 
Checking overlaps for volume Target_2_0_0 ... OK! 
Checking overlaps for volume Target_3_0_0 ... OK! 
Checking overlaps for volume Target_4_0_0 ... OK! 
Checking overlaps for volume Target_0_1_0 ... OK! 
Checking overlaps for volume Target_1_1_0 ... OK! 
Checking overlaps for volume Target_2_1_0 ... OK! 
Checking overlaps for volume Target_3_1_0 ... OK! 
Checking overlaps for volume Target_4_1_0 ... OK! 
Checking overlaps for volume Target_0_2_0 ... OK! 
Checking overlaps for volume Target_1_2_0 ... OK! 
Checking overlaps for volume Target_2_2_0 ... OK! 
Checking overlaps for volume Target_3_2_0 ... OK! 
Checking overlaps for volume Target_4_2_0 ... OK! 
Checking overlaps for volume Target_0_3_0 ... OK! 
Checking overlaps for volume Target_1_3_0 ... OK! 
Checking overlaps for volume Target_2_3_0 ... OK! 
Checking overlaps for volume Target_3_3_0 ... OK! 
Checking overlaps for volume Target_4_3_0 ... OK! 
Checking overlaps for volume Target_0_4_0 ... OK! 
Checking overlaps for volume Target_1_4_0 ... OK! 
Checking overlaps for volume Target_2_4_0 ... OK! 
Checking overlaps for volume Target_3_4_0 ... OK! 
Checking overlaps for volume Target_4_4_0 ... OK! 
Checking overlaps for volume Target_0_0_1 ... OK! 
Checking overlaps for volume Target_1_0_1 ... OK! 
Checking overlaps for volume Target_2_0_1 ... OK! 
Checking overlaps for volume Target_3_0_1 ... OK! 
Checking overlaps for volume Target_4_0_1 ... OK! 
Checking overlaps for volume Target_0_1_1 ... OK! 
Checking overlaps for volume Target_1_1_1 ... OK! 
Checking overlaps for volume Target_2_1_1 ... OK! 
Checking overlaps for volume Target_3_1_1 ... OK! 
Checking overlaps for volume Target_4_1_1 ... OK! 
Checking overlaps for volume Target_0_2_1 ... OK! 
Checking overlaps for volume Target_1_2_1 ... OK! 
Checking overlaps for volume Target_2_2_1 ... OK! 
Checking overlaps for volume Target_3_2_1 ... OK! 
Checking overlaps for volume Target_4_2_1 ... OK! 
Checking overlaps for volume Target_0_3_1 ... OK! 
Checking overlaps for volume Target_1_3_1 ... OK! 
Checking overlaps for volume Target_2_3_1 ... OK! 
Checking overlaps for volume Target_3_3_1 ... OK! 
Checking overlaps for volume Target_4_3_1 ... OK! 
Checking overlaps for volume Target_0_4_1 ... OK! 
Checking overlaps for volume Target_1_4_1 ... OK! 
Checking overlaps for volume Target_2_4_1 ... OK! 
Checking overlaps for volume Target_3_4_1 ... OK! 
Checking overlaps for volume Target_4_4_1 ... OK! 
Checking overlaps for volume Target_0_0_2 ... OK! 
Checking overlaps for volume Target_1_0_2 ... OK! 
Checking overlaps for volume Target_2_0_2 ... OK! 
Checking overlaps for volume Target_3_0_2 ... OK! 
Checking overlaps for volume Target_4_0_2 ... OK! 
Checking overlaps for volume Target_0_1_2 ... OK! 
Checking overlaps for volume Target_1_1_2 ... OK! 
Checking overlaps for volume Target_2_1_2 ... OK! 
Checking overlaps for volume Target_3_1_2 ... OK! 
Checking overlaps for volume Target_4_1_2 ... OK! 
Checking overlaps for volume Target_0_2_2 ... OK! 
Checking overlaps for volume Target_1_2_2 ... OK! 
Checking overlaps for volume Target_2_2_2 ... OK! 
Checking overlaps for volume Target_3_2_2 ... OK! 
Checking overlaps for volume Target_4_2_2 ... OK! 
Checking overlaps for volume Target_0_3_2 ... OK! 
Checking overlaps for volume Target_1_3_2 ... OK! 
Checking overlaps for volume Target_2_3_2 ... OK! 
Checking overlaps for volume Target_3_3_2 ... OK! 
Checking overlaps for volume Target_4_3_2 ... OK! 
Checking overlaps for volume Target_0_4_2 ... OK! 
Checking overlaps for volume Target_1_4_2 ... OK! 
Checking overlaps for volume Target_2_4_2 ... OK! 
Checking overlaps for volume Target_3_4_2 ... OK! 
Checking overlaps for volume Target_4_4_2 ... OK! 
Checking overlaps for volume Target_0_0_3 ... OK! 
Checking overlaps for volume Target_1_0_3 ... OK! 
Checking overlaps for volume Target_2_0_3 ... OK! 
Checking overlaps for volume Target_3_0_3 ... OK! 
Checking overlaps for volume Target_4_0_3 ... OK! 
Checking overlaps for volume Target_0_1_3 ... OK! 
Checking overlaps for volume Target_1_1_3 ... OK! 
Checking overlaps for volume Target_2_1_3 ... OK! 
Checking overlaps for volume Target_3_1_3 ... OK! 
Checking overlaps for volume Target_4_1_3 ... OK! 
Checking overlaps for volume Target_0_2_3 ... OK! 
Checking overlaps for volume Target_1_2_3 ... OK! 
Checking overlaps for volume Target_2_2_3 ... OK! 
Checking overlaps for volume Target_3_2_3 ... OK! 
Checking overlaps for volume Target_4_2_3 ... OK! 
Checking overlaps for volume Target_0_3_3 ... OK! 
Checking overlaps for volume Target_1_3_3 ... OK! 
Checking overlaps for volume Target_2_3_3 ... OK! 
Checking overlaps for volume Target_3_3_3 ... OK! 
Checking overlaps for volume Target_4_3_3 ... OK! 
Checking overlaps for volume Target_0_4_3 ... OK! 
Checking overlaps for volume Target_1_4_3 ... OK! 
Checking overlaps for volume Target_2_4_3 ... OK! 
Checking overlaps for volume Target_3_4_3 ... OK! 
Checking overlaps for volume Target_4_4_3 ... OK! 
Checking overlaps for volume Target_0_0_4 ... OK! 
Checking overlaps for volume Target_1_0_4 ... OK! 
Checking overlaps for volume Target_2_0_4 ... OK! 
Checking overlaps for volume Target_3_0_4 ... OK! 
Checking overlaps for volume Target_4_0_4 ... OK! 
Checking overlaps for volume Target_0_1_4 ... OK! 
Checking overlaps for volume Target_1_1_4 ... OK! 
Checking overlaps for volume Target_2_1_4 ... OK! 
Checking overlaps for volume Target_3_1_4 ... OK! 
Checking overlaps for volume Target_4_1_4 ... OK! 
Checking overlaps for volume Target_0_2_4 ... OK! 
Checking overlaps for volume Target_1_2_4 ... OK! 
Checking overlaps for volume Target_2_2_4 ... OK! 
Checking overlaps for volume Target_3_2_4 ... OK! 
Checking overlaps for volume Target_4_2_4 ... OK! 
Checking overlaps for volume Target_0_3_4 ... OK! 
Checking overlaps for volume Target_1_3_4 ... OK! 
Checking overlaps for volume Target_2_3_4 ... OK! 
Checking overlaps for volume Target_3_3_4 ... OK! 
Checking overlaps for volume Target_4_3_4 ... OK! 
Checking overlaps for volume Target_0_4_4 ... OK! 
Checking overlaps for volume Target_1_4_4 ... OK! 
Checking overlaps for volume Target_2_4_4 ... OK! 
Checking overlaps for volume Target_3_4_4 ... OK! 
Checking overlaps for volume Target_4_4_4 ... OK! 
### G4EmStandard_opt4 Construct Processes 
/cvmfs/geant4.cern.ch/share/data/G4NDL4.5
@@@ G4ParticleHPInelastic instantiated for particle neutron data directory variable is G4NEUTRONHPDATA pointing to /cvmfs/geant4.cern.ch/share/data/G4NDL4.5/Inelastic
@@@ G4ParticleHPInelasticData instantiated for particle neutron data directory variable is G4NEUTRONHPDATA pointing to /cvmfs/geant4.cern.ch/share/data/G4NDL4.5
NeutronHP: /Capture file for Z = 8, A = 18 is not found and NeutronHP will use /cvmfs/geant4.cern.ch/share/data/G4NDL4.5/Capture/CrossSection/8_17_Oxygen
NeutronHP: /Elastic file for Z = 8, A = 18 is not found and NeutronHP will use /cvmfs/geant4.cern.ch/share/data/G4NDL4.5/Elastic/CrossSection/8_17_Oxygen
NeutronHP: /Inelastic file for Z = 8, A = 18 is not found and NeutronHP will use /cvmfs/geant4.cern.ch/share/data/G4NDL4.5/Inelastic/CrossSection/8_17_Oxygen
Visualization Manager instantiating with verbosity "warnings (3)"...
Visualization Manager initialising...
Registering graphics systems...

You have successfully registered the following graphics systems.
Current available graphics systems are:
ASCIITree (ATree)
DAWNFILE (DAWNFILE)
G4HepRep (HepRepXML)
G4HepRepFile (HepRepFile)
RayTracer (RayTracer)
VRML1FILE (VRML1FILE)
VRML2FILE (VRML2FILE)
gMocrenFile (gMocrenFile)
OpenGLImmediateQt (OGLIQt, OGLI)
OpenGLStoredQt (OGLSQt, OGL, OGLS)
OpenGLImmediateXm (OGLIXm, OGLIQt_FALLBACK)
OpenGLStoredXm (OGLSXm, OGLSQt_FALLBACK)
OpenGLImmediateX (OGLIX, OGLIQt_FALLBACK, OGLIXm_FALLBACK)
OpenGLStoredX (OGLSX, OGLSQt_FALLBACK, OGLSXm_FALLBACK)
RayTracerX (RayTracerX)

Registering model factories...

You have successfully registered the following model factories.
Registered model factories:
  generic
  drawByAttribute
  drawByCharge
  drawByOriginVolume
  drawByParticleID
  drawByEncounteredVolume

Registered filter factories:
  attributeFilter
  chargeFilter
  originVolumeFilter
  particleFilter
  encounteredVolumeFilter

You have successfully registered the following user vis actions.
Run Duration User Vis Actions: none
End of Event User Vis Actions: none
End of Run User Vis Actions: none

Some /vis commands (optionally) take a string to specify colour.
Available colours:
  black, blue, brown, cyan, gray, green, grey, magenta, red, white, yellow

/tracking/verbose 0
/run/verbose 1
/event/verbose 0
/random/setDirectoryName run_random_seed_info
/random/setSavingFlag 1
/random/saveEachEventFlag 0
/run/beamOn 10000

### ===  Deexcitation model UAtomDeexcitation is activated for 1 region:
          DefaultRegionForTheWorld  1  1  0
### ===  Auger cascade flag: 1
### ===  Ignore cuts flag:   1

phot:   for  gamma    SubType= 12  BuildTable= 0
      LambdaPrime table from 200 keV to 10 TeV in 154 bins 
      ===== EM models for the G4Region  DefaultRegionForTheWorld ======
 LivermorePhElectric :  Emin=        0 eV    Emax=       10 TeV   AngularGenSauterGavrila  FluoActive

compt:   for  gamma    SubType= 13  BuildTable= 1
      Lambda table from 100 eV  to 1 MeV, 20 bins per decade, spline: 1
      LambdaPrime table from 1 MeV to 10 TeV in 140 bins 
      ===== EM models for the G4Region  DefaultRegionForTheWorld ======
   LowEPComptonModel :  Emin=        0 eV    Emax=       20 MeV  FluoActive
        KleinNishina :  Emin=       20 MeV   Emax=       10 TeV  FluoActive

conv:   for  gamma    SubType= 14  BuildTable= 1
      Lambda table from 1.022 MeV to 10 TeV, 20 bins per decade, spline: 1
      ===== EM models for the G4Region  DefaultRegionForTheWorld ======
       PenConversion :  Emin=        0 eV    Emax=       80 GeV
     BetheHeitlerLPM :  Emin=       80 GeV   Emax=       10 TeV

Rayl:   for  gamma    SubType= 11  BuildTable= 1
      Lambda table from 100 eV  to 100 keV, 20 bins per decade, spline: 0
      LambdaPrime table from 100 keV to 10 TeV in 160 bins 
      ===== EM models for the G4Region  DefaultRegionForTheWorld ======
   LivermoreRayleigh :  Emin=        0 eV    Emax=       10 TeV   CullenGenerator

msc:   for e-    SubType= 10
      RangeFactor= 0.02, stepLimitType: 3, latDisplacement: 1, skin= 1, geomFactor= 2.5
      ===== EM models for the G4Region  DefaultRegionForTheWorld ======
            UrbanMsc :  Emin=        0 eV    Emax=      100 MeV  Table with 120 bins Emin=    100 eV    Emax=    100 MeV
        WentzelVIUni :  Emin=      100 MeV   Emax=       10 TeV  Table with 100 bins Emin=    100 MeV   Emax=     10 TeV

eIoni:   for  e-    SubType= 2
      dE/dx and range tables from 100 eV  to 10 TeV in 220 bins
      Lambda tables from threshold to 10 TeV, 20 bins per decade, spline: 1
      finalRange(mm)= 0.01, dRoverRange= 0.2, integral: 1, fluct: 1, linLossLimit= 0.01
      ===== EM models for the G4Region  DefaultRegionForTheWorld ======
             PenIoni :  Emin=        0 eV    Emax=        1 MeV
        MollerBhabha :  Emin=        1 MeV   Emax=       10 TeV   deltaVI

eBrem:   for  e-    SubType= 3
      dE/dx and range tables from 100 eV  to 10 TeV in 220 bins
      Lambda tables from threshold to 10 TeV, 20 bins per decade, spline: 1
      LPM flag: 1 for E > 1 GeV,  VertexHighEnergyTh(GeV)= 100000
      ===== EM models for the G4Region  DefaultRegionForTheWorld ======
             eBremSB :  Emin=        0 eV    Emax=        1 GeV   AngularGen2BS
            eBremLPM :  Emin=        1 GeV   Emax=       10 TeV   AngularGen2BS

ePairProd:   for  e-    SubType= 4
      dE/dx and range tables from 100 eV  to 10 TeV in 220 bins
      Lambda tables from threshold to 10 TeV, 20 bins per decade, spline: 1
      Sampling table 21x1001 from 0.1 GeV to 10 TeV 
      ===== EM models for the G4Region  DefaultRegionForTheWorld ======
          muPairProd :  Emin=        0 eV    Emax=       10 TeV

CoulombScat:   for  e-, integral: 1     SubType= 1  BuildTable= 1
      Lambda table from 100 MeV to 10 TeV, 20 bins per decade, spline: 1
      180 < Theta(degree) < 180 pLimit(GeV^1)= 0.139531
      ===== EM models for the G4Region  DefaultRegionForTheWorld ======
  eCoulombScattering :  Emin=      100 MeV   Emax=       10 TeV

msc:   for e+    SubType= 10
      RangeFactor= 0.02, stepLimitType: 3, latDisplacement: 1, skin= 1, geomFactor= 2.5
      ===== EM models for the G4Region  DefaultRegionForTheWorld ======
            UrbanMsc :  Emin=        0 eV    Emax=      100 MeV  Table with 120 bins Emin=    100 eV    Emax=    100 MeV
        WentzelVIUni :  Emin=      100 MeV   Emax=       10 TeV  Table with 100 bins Emin=    100 MeV   Emax=     10 TeV

eIoni:   for  e+    SubType= 2
      dE/dx and range tables from 100 eV  to 10 TeV in 220 bins
      Lambda tables from threshold to 10 TeV, 20 bins per decade, spline: 1
      finalRange(mm)= 0.01, dRoverRange= 0.2, integral: 1, fluct: 1, linLossLimit= 0.01
      ===== EM models for the G4Region  DefaultRegionForTheWorld ======
             PenIoni :  Emin=        0 eV    Emax=        1 MeV
        MollerBhabha :  Emin=        1 MeV   Emax=       10 TeV   deltaVI

eBrem:   for  e+    SubType= 3
      dE/dx and range tables from 100 eV  to 10 TeV in 220 bins
      Lambda tables from threshold to 10 TeV, 20 bins per decade, spline: 1
      LPM flag: 1 for E > 1 GeV,  VertexHighEnergyTh(GeV)= 100000
      ===== EM models for the G4Region  DefaultRegionForTheWorld ======
             eBremSB :  Emin=        0 eV    Emax=        1 GeV   AngularGen2BS
            eBremLPM :  Emin=        1 GeV   Emax=       10 TeV   AngularGen2BS

ePairProd:   for  e+    SubType= 4
      dE/dx and range tables from 100 eV  to 10 TeV in 220 bins
      Lambda tables from threshold to 10 TeV, 20 bins per decade, spline: 1
      Sampling table 21x1001 from 0.1 GeV to 10 TeV 
      ===== EM models for the G4Region  DefaultRegionForTheWorld ======
          muPairProd :  Emin=        0 eV    Emax=       10 TeV

annihil:   for  e+, integral: 1     SubType= 5  BuildTable= 0
      ===== EM models for the G4Region  DefaultRegionForTheWorld ======
            eplus2gg :  Emin=        0 eV    Emax=       10 TeV

CoulombScat:   for  e+, integral: 1     SubType= 1  BuildTable= 1
      Lambda table from 100 MeV to 10 TeV, 20 bins per decade, spline: 1
      180 < Theta(degree) < 180 pLimit(GeV^1)= 0.139531
      ===== EM models for the G4Region  DefaultRegionForTheWorld ======
  eCoulombScattering :  Emin=      100 MeV   Emax=       10 TeV

msc:   for proton    SubType= 10
      RangeFactor= 0.2, stepLimitType: 0, latDisplacement: 1
      ===== EM models for the G4Region  DefaultRegionForTheWorld ======
        WentzelVIUni :  Emin=        0 eV    Emax=       10 TeV  Table with 220 bins Emin=    100 eV    Emax=     10 TeV

hIoni:   for  proton    SubType= 2
      dE/dx and range tables from 100 eV  to 10 TeV in 220 bins
      Lambda tables from threshold to 10 TeV, 20 bins per decade, spline: 1
      finalRange(mm)= 0.01, dRoverRange= 0.1, integral: 1, fluct: 1, linLossLimit= 0.01
      ===== EM models for the G4Region  DefaultRegionForTheWorld ======
               Bragg :  Emin=        0 eV    Emax=        2 MeV   deltaVI
          BetheBloch :  Emin=        2 MeV   Emax=       10 TeV   deltaVI

hBrems:   for  proton    SubType= 3
      dE/dx and range tables from 100 eV  to 10 TeV in 220 bins
      Lambda tables from threshold to 10 TeV, 20 bins per decade, spline: 1
      ===== EM models for the G4Region  DefaultRegionForTheWorld ======
               hBrem :  Emin=        0 eV    Emax=       10 TeV

hPairProd:   for  proton    SubType= 4
      dE/dx and range tables from 100 eV  to 10 TeV in 220 bins
      Lambda tables from threshold to 10 TeV, 20 bins per decade, spline: 1
      Sampling table 13x1001 from 7.50618 GeV to 10 TeV 
      ===== EM models for the G4Region  DefaultRegionForTheWorld ======
           hPairProd :  Emin=        0 eV    Emax=       10 TeV

CoulombScat:   for  proton, integral: 1     SubType= 1  BuildTable= 1
      Lambda table from threshold  to 10 TeV, 20 bins per decade, spline: 1
      180 < Theta(degree) < 180 pLimit(GeV^1)= 0.139531
      ===== EM models for the G4Region  DefaultRegionForTheWorld ======
  eCoulombScattering :  Emin=        0 eV    Emax=       10 TeV

nuclearStopping:   for  proton    SubType= 8  BuildTable= 0
      ===== EM models for the G4Region  DefaultRegionForTheWorld ======
   ICRU49NucStopping :  Emin=        0 eV    Emax=        1 MeV

msc:   for GenericIon    SubType= 10
      RangeFactor= 0.2, stepLimitType: 0, latDisplacement: 0
      ===== EM models for the G4Region  DefaultRegionForTheWorld ======
            UrbanMsc :  Emin=        0 eV    Emax=       10 TeV

ionIoni:   for  GenericIon    SubType= 2
      dE/dx and range tables from 100 eV  to 10 TeV in 220 bins
      Lambda tables from threshold to 10 TeV, 20 bins per decade, spline: 1
      finalRange(mm)= 0.001, dRoverRange= 0.1, integral: 1, fluct: 1, linLossLimit= 0.02
      ===== EM models for the G4Region  DefaultRegionForTheWorld ======
         ParamICRU73 :  Emin=        0 eV    Emax=       10 TeV   deltaVI

nuclearStopping:   for  GenericIon    SubType= 8  BuildTable= 0
      ===== EM models for the G4Region  DefaultRegionForTheWorld ======
   ICRU49NucStopping :  Emin=        0 eV    Emax=        1 MeV

msc:   for alpha    SubType= 10
      RangeFactor= 0.2, stepLimitType: 0, latDisplacement: 1
      ===== EM models for the G4Region  DefaultRegionForTheWorld ======
            UrbanMsc :  Emin=        0 eV    Emax=       10 TeV  Table with 220 bins Emin=    100 eV    Emax=     10 TeV

ionIoni:   for  alpha    SubType= 2
      dE/dx and range tables from 100 eV  to 10 TeV in 220 bins
      Lambda tables from threshold to 10 TeV, 20 bins per decade, spline: 1
      finalRange(mm)= 0.01, dRoverRange= 0.1, integral: 1, fluct: 1, linLossLimit= 0.02
      ===== EM models for the G4Region  DefaultRegionForTheWorld ======
            BraggIon :  Emin=        0 eV    Emax=   7.9452 MeV   deltaVI
          BetheBloch :  Emin=   7.9452 MeV   Emax=       10 TeV   deltaVI

nuclearStopping:   for  alpha    SubType= 8  BuildTable= 0
      ===== EM models for the G4Region  DefaultRegionForTheWorld ======
   ICRU49NucStopping :  Emin=        0 eV    Emax=        1 MeV

msc:   for anti_proton    SubType= 10
      RangeFactor= 0.2, stepLimitType: 0, latDisplacement: 1
      ===== EM models for the G4Region  DefaultRegionForTheWorld ======
        WentzelVIUni :  Emin=        0 eV    Emax=       10 TeV  Table with 220 bins Emin=    100 eV    Emax=     10 TeV

hIoni:   for  anti_proton    SubType= 2
      dE/dx and range tables from 100 eV  to 10 TeV in 220 bins
      Lambda tables from threshold to 10 TeV, 20 bins per decade, spline: 1
      finalRange(mm)= 0.01, dRoverRange= 0.1, integral: 1, fluct: 1, linLossLimit= 0.01
      ===== EM models for the G4Region  DefaultRegionForTheWorld ======
            ICRU73QO :  Emin=        0 eV    Emax=        2 MeV   deltaVI
          BetheBloch :  Emin=        2 MeV   Emax=       10 TeV   deltaVI

hBrems:   for  anti_proton    SubType= 3
      dE/dx and range tables from 100 eV  to 10 TeV in 220 bins
      Lambda tables from threshold to 10 TeV, 20 bins per decade, spline: 1
      ===== EM models for the G4Region  DefaultRegionForTheWorld ======
               hBrem :  Emin=        0 eV    Emax=       10 TeV

hPairProd:   for  anti_proton    SubType= 4
      dE/dx and range tables from 100 eV  to 10 TeV in 220 bins
      Lambda tables from threshold to 10 TeV, 20 bins per decade, spline: 1
      Sampling table 13x1001 from 7.50618 GeV to 10 TeV 
      ===== EM models for the G4Region  DefaultRegionForTheWorld ======
           hPairProd :  Emin=        0 eV    Emax=       10 TeV

CoulombScat:   for  anti_proton, integral: 1     SubType= 1  BuildTable= 1
      Lambda table from threshold  to 10 TeV, 20 bins per decade, spline: 1
      180 < Theta(degree) < 180 pLimit(GeV^1)= 0.139531
      ===== EM models for the G4Region  DefaultRegionForTheWorld ======
  eCoulombScattering :  Emin=        0 eV    Emax=       10 TeV

nuclearStopping:   for  anti_proton    SubType= 8  BuildTable= 0
      ===== EM models for the G4Region  DefaultRegionForTheWorld ======
   ICRU49NucStopping :  Emin=        0 eV    Emax=        1 MeV

msc:   for kaon+    SubType= 10
      RangeFactor= 0.2, stepLimitType: 0, latDisplacement: 1
      ===== EM models for the G4Region  DefaultRegionForTheWorld ======
        WentzelVIUni :  Emin=        0 eV    Emax=       10 TeV  Table with 220 bins Emin=    100 eV    Emax=     10 TeV

hIoni:   for  kaon+    SubType= 2
      dE/dx and range tables from 100 eV  to 10 TeV in 220 bins
      Lambda tables from threshold to 10 TeV, 20 bins per decade, spline: 1
      finalRange(mm)= 0.01, dRoverRange= 0.2, integral: 1, fluct: 1, linLossLimit= 0.01
      ===== EM models for the G4Region  DefaultRegionForTheWorld ======
               Bragg :  Emin=        0 eV    Emax=  1.05231 MeV   deltaVI
          BetheBloch :  Emin=  1.05231 MeV   Emax=       10 TeV   deltaVI

hBrems:   for  kaon+    SubType= 3
      dE/dx and range tables from 100 eV  to 10 TeV in 220 bins
      Lambda tables from threshold to 10 TeV, 20 bins per decade, spline: 1
      ===== EM models for the G4Region  DefaultRegionForTheWorld ======
               hBrem :  Emin=        0 eV    Emax=       10 TeV

hPairProd:   for  kaon+    SubType= 4
      dE/dx and range tables from 100 eV  to 10 TeV in 220 bins
      Lambda tables from threshold to 10 TeV, 20 bins per decade, spline: 1
      Sampling table 14x1001 from 3.94942 GeV to 10 TeV 
      ===== EM models for the G4Region  DefaultRegionForTheWorld ======
           hPairProd :  Emin=        0 eV    Emax=       10 TeV

CoulombScat:   for  kaon+, integral: 1     SubType= 1  BuildTable= 1
      Lambda table from threshold  to 10 TeV, 20 bins per decade, spline: 1
      180 < Theta(degree) < 180 pLimit(GeV^1)= 0.139531
      ===== EM models for the G4Region  DefaultRegionForTheWorld ======
  eCoulombScattering :  Emin=        0 eV    Emax=       10 TeV

msc:   for kaon-    SubType= 10
      RangeFactor= 0.2, stepLimitType: 0, latDisplacement: 1
      ===== EM models for the G4Region  DefaultRegionForTheWorld ======
        WentzelVIUni :  Emin=        0 eV    Emax=       10 TeV  Table with 220 bins Emin=    100 eV    Emax=     10 TeV

hIoni:   for  kaon-    SubType= 2
      dE/dx and range tables from 100 eV  to 10 TeV in 220 bins
      Lambda tables from threshold to 10 TeV, 20 bins per decade, spline: 1
      finalRange(mm)= 0.01, dRoverRange= 0.2, integral: 1, fluct: 1, linLossLimit= 0.01
      ===== EM models for the G4Region  DefaultRegionForTheWorld ======
            ICRU73QO :  Emin=        0 eV    Emax=  1.05231 MeV   deltaVI
          BetheBloch :  Emin=  1.05231 MeV   Emax=       10 TeV   deltaVI

hBrems:   for  kaon-    SubType= 3
      dE/dx and range tables from 100 eV  to 10 TeV in 220 bins
      Lambda tables from threshold to 10 TeV, 20 bins per decade, spline: 1
      ===== EM models for the G4Region  DefaultRegionForTheWorld ======
               hBrem :  Emin=        0 eV    Emax=       10 TeV

hPairProd:   for  kaon-    SubType= 4
      dE/dx and range tables from 100 eV  to 10 TeV in 220 bins
      Lambda tables from threshold to 10 TeV, 20 bins per decade, spline: 1
      Sampling table 14x1001 from 3.94942 GeV to 10 TeV 
      ===== EM models for the G4Region  DefaultRegionForTheWorld ======
           hPairProd :  Emin=        0 eV    Emax=       10 TeV

CoulombScat:   for  kaon-, integral: 1     SubType= 1  BuildTable= 1
      Used Lambda table of kaon+
      180 < Theta(degree) < 180 pLimit(GeV^1)= 0.139531
      ===== EM models for the G4Region  DefaultRegionForTheWorld ======
  eCoulombScattering :  Emin=        0 eV    Emax=       10 TeV

msc:   for mu+    SubType= 10
      RangeFactor= 0.2, step limit type: 0, lateralDisplacement: 1, polarAngleLimit(deg)= 180
      ===== EM models for the G4Region  DefaultRegionForTheWorld ======
        WentzelVIUni :  Emin=        0 eV    Emax=       10 TeV  Table with 220 bins Emin=    100 eV    Emax=     10 TeV

muIoni:   for  mu+    SubType= 2
      dE/dx and range tables from 100 eV  to 10 TeV in 220 bins
      Lambda tables from threshold to 10 TeV, 20 bins per decade, spline: 1
      finalRange(mm)= 0.01, dRoverRange= 0.2, integral: 1, fluct: 1, linLossLimit= 0.01
      ===== EM models for the G4Region  DefaultRegionForTheWorld ======
               Bragg :  Emin=        0 eV    Emax=      200 keV   deltaVI
          BetheBloch :  Emin=      200 keV   Emax=        1 GeV   deltaVI
        MuBetheBloch :  Emin=        1 GeV   Emax=       10 TeV

muBrems:   for  mu+    SubType= 3
      dE/dx and range tables from 100 eV  to 10 TeV in 220 bins
      Lambda tables from threshold to 10 TeV, 20 bins per decade, spline: 1
      ===== EM models for the G4Region  DefaultRegionForTheWorld ======
              MuBrem :  Emin=        0 eV    Emax=       10 TeV

muPairProd:   for  mu+    SubType= 4
      dE/dx and range tables from 100 eV  to 10 TeV in 220 bins
      Lambda tables from threshold to 10 TeV, 20 bins per decade, spline: 1
      Sampling table 17x1001 from 1 GeV to 10 TeV 
      ===== EM models for the G4Region  DefaultRegionForTheWorld ======
          muPairProd :  Emin=        0 eV    Emax=       10 TeV

CoulombScat:   for  mu+, integral: 1     SubType= 1  BuildTable= 1
      Lambda table from threshold  to 10 TeV, 20 bins per decade, spline: 1
      180 < Theta(degree) < 180 pLimit(GeV^1)= 0.139531
      ===== EM models for the G4Region  DefaultRegionForTheWorld ======
  eCoulombScattering :  Emin=        0 eV    Emax=       10 TeV

msc:   for mu-    SubType= 10
      RangeFactor= 0.2, step limit type: 0, lateralDisplacement: 1, polarAngleLimit(deg)= 180
      ===== EM models for the G4Region  DefaultRegionForTheWorld ======
        WentzelVIUni :  Emin=        0 eV    Emax=       10 TeV  Table with 220 bins Emin=    100 eV    Emax=     10 TeV

muIoni:   for  mu-    SubType= 2
      dE/dx and range tables from 100 eV  to 10 TeV in 220 bins
      Lambda tables from threshold to 10 TeV, 20 bins per decade, spline: 1
      finalRange(mm)= 0.01, dRoverRange= 0.2, integral: 1, fluct: 1, linLossLimit= 0.01
      ===== EM models for the G4Region  DefaultRegionForTheWorld ======
            ICRU73QO :  Emin=        0 eV    Emax=      200 keV   deltaVI
          BetheBloch :  Emin=      200 keV   Emax=        1 GeV   deltaVI
        MuBetheBloch :  Emin=        1 GeV   Emax=       10 TeV

muBrems:   for  mu-    SubType= 3
      dE/dx and range tables from 100 eV  to 10 TeV in 220 bins
      Lambda tables from threshold to 10 TeV, 20 bins per decade, spline: 1
      ===== EM models for the G4Region  DefaultRegionForTheWorld ======
              MuBrem :  Emin=        0 eV    Emax=       10 TeV

muPairProd:   for  mu-    SubType= 4
      dE/dx and range tables from 100 eV  to 10 TeV in 220 bins
      Lambda tables from threshold to 10 TeV, 20 bins per decade, spline: 1
      Sampling table 17x1001 from 1 GeV to 10 TeV 
      ===== EM models for the G4Region  DefaultRegionForTheWorld ======
          muPairProd :  Emin=        0 eV    Emax=       10 TeV

CoulombScat:   for  mu-, integral: 1     SubType= 1  BuildTable= 1
      Used Lambda table of mu+
      180 < Theta(degree) < 180 pLimit(GeV^1)= 0.139531
      ===== EM models for the G4Region  DefaultRegionForTheWorld ======
  eCoulombScattering :  Emin=        0 eV    Emax=       10 TeV
@@@ G4ParticleHPInelastic instantiated for particle neutron data directory variable is G4NEUTRONHPDATA pointing to /cvmfs/geant4.cern.ch/share/data/G4NDL4.5/Inelastic
NeutronHP: /Capture file for Z = 8, A = 18 is not found and NeutronHP will use /cvmfs/geant4.cern.ch/share/data/G4NDL4.5/Capture/CrossSection/8_17_Oxygen
NeutronHP: /Elastic file for Z = 8, A = 18 is not found and NeutronHP will use /cvmfs/geant4.cern.ch/share/data/G4NDL4.5/Elastic/CrossSection/8_17_Oxygen
NeutronHP: /Inelastic file for Z = 8, A = 18 is not found and NeutronHP will use /cvmfs/geant4.cern.ch/share/data/G4NDL4.5/Inelastic/CrossSection/8_17_Oxygen
NeutronHP: /Capture file for Z = 8, A = 18 is not found and NeutronHP will use /cvmfs/geant4.cern.ch/share/data/G4NDL4.5/Capture/CrossSection/8_17_Oxygen
NeutronHP: /Elastic file for Z = 8, A = 18 is not found and NeutronHP will use /cvmfs/geant4.cern.ch/share/data/G4NDL4.5/Elastic/CrossSection/8_17_Oxygen

msc:   for pi+    SubType= 10
      RangeFactor= 0.2, stepLimitType: 0, latDisplacement: 1
      ===== EM models for the G4Region  DefaultRegionForTheWorld ======
        WentzelVIUni :  Emin=        0 eV    Emax=       10 TeV  Table with 220 bins Emin=    100 eV    Emax=     10 TeV

hIoni:   for  pi+    SubType= 2
      dE/dx and range tables from 100 eV  to 10 TeV in 220 bins
      Lambda tables from threshold to 10 TeV, 20 bins per decade, spline: 1
      finalRange(mm)= 0.01, dRoverRange= 0.2, integral: 1, fluct: 1, linLossLimit= 0.01
      ===== EM models for the G4Region  DefaultRegionForTheWorld ======
               Bragg :  Emin=        0 eV    Emax=  297.505 keV   deltaVI
          BetheBloch :  Emin=  297.505 keV   Emax=       10 TeV   deltaVI

hBrems:   for  pi+    SubType= 3
      dE/dx and range tables from 100 eV  to 10 TeV in 220 bins
      Lambda tables from threshold to 10 TeV, 20 bins per decade, spline: 1
      ===== EM models for the G4Region  DefaultRegionForTheWorld ======
               hBrem :  Emin=        0 eV    Emax=       10 TeV

hPairProd:   for  pi+    SubType= 4
      dE/dx and range tables from 100 eV  to 10 TeV in 220 bins
      Lambda tables from threshold to 10 TeV, 20 bins per decade, spline: 1
      Sampling table 16x1001 from 1.11656 GeV to 10 TeV 
      ===== EM models for the G4Region  DefaultRegionForTheWorld ======
           hPairProd :  Emin=        0 eV    Emax=       10 TeV

CoulombScat:   for  pi+, integral: 1     SubType= 1  BuildTable= 1
      Lambda table from threshold  to 10 TeV, 20 bins per decade, spline: 1
      180 < Theta(degree) < 180 pLimit(GeV^1)= 0.139531
      ===== EM models for the G4Region  DefaultRegionForTheWorld ======
  eCoulombScattering :  Emin=        0 eV    Emax=       10 TeV

msc:   for pi-    SubType= 10
      RangeFactor= 0.2, stepLimitType: 0, latDisplacement: 1
      ===== EM models for the G4Region  DefaultRegionForTheWorld ======
        WentzelVIUni :  Emin=        0 eV    Emax=       10 TeV  Table with 220 bins Emin=    100 eV    Emax=     10 TeV

hIoni:   for  pi-    SubType= 2
      dE/dx and range tables from 100 eV  to 10 TeV in 220 bins
      Lambda tables from threshold to 10 TeV, 20 bins per decade, spline: 1
      finalRange(mm)= 0.01, dRoverRange= 0.2, integral: 1, fluct: 1, linLossLimit= 0.01
      ===== EM models for the G4Region  DefaultRegionForTheWorld ======
            ICRU73QO :  Emin=        0 eV    Emax=  297.505 keV   deltaVI
          BetheBloch :  Emin=  297.505 keV   Emax=       10 TeV   deltaVI

hBrems:   for  pi-    SubType= 3
      dE/dx and range tables from 100 eV  to 10 TeV in 220 bins
      Lambda tables from threshold to 10 TeV, 20 bins per decade, spline: 1
      ===== EM models for the G4Region  DefaultRegionForTheWorld ======
               hBrem :  Emin=        0 eV    Emax=       10 TeV

hPairProd:   for  pi-    SubType= 4
      dE/dx and range tables from 100 eV  to 10 TeV in 220 bins
      Lambda tables from threshold to 10 TeV, 20 bins per decade, spline: 1
      Sampling table 16x1001 from 1.11656 GeV to 10 TeV 
      ===== EM models for the G4Region  DefaultRegionForTheWorld ======
           hPairProd :  Emin=        0 eV    Emax=       10 TeV

CoulombScat:   for  pi-, integral: 1     SubType= 1  BuildTable= 1
      Used Lambda table of pi+
      180 < Theta(degree) < 180 pLimit(GeV^1)= 0.139531
      ===== EM models for the G4Region  DefaultRegionForTheWorld ======
  eCoulombScattering :  Emin=        0 eV    Emax=       10 TeV

====================================================================
                  HADRONIC PROCESSES SUMMARY (verbose level 1)

---------------------------------------------------
                           Hadronic Processes for GenericIon

  Process: ionElastic
        Model:          NNDiffuseElastic: 0 eV /n ---> 1 TeV/n
     Cr_sctns: Glauber-Gribov nucleus nucleus: 0 eV  ---> 2.88022e+295 J  
     Cr_sctns:            GheishaElastic: 0 eV  ---> 100 TeV

  Process: ionInelastic
        Model:  Binary Light Ion Cascade: 0 eV /n ---> 4 GeV/n
        Model:                      FTFP: 2 GeV/n ---> 100 TeV/n
     Cr_sctns: Glauber-Gribov nucleus nucleus: 0 eV  ---> 2.88022e+295 J  
     Cr_sctns:          GheishaInelastic: 0 eV  ---> 100 TeV

---------------------------------------------------
                           Hadronic Processes for He3

  Process: hadElastic
        Model:              hElasticLHEP: 0 eV /n ---> 100 TeV/n
     Cr_sctns: Glauber-Gribov nucleus nucleus: 0 eV  ---> 2.88022e+295 J  
     Cr_sctns:            GheishaElastic: 0 eV  ---> 100 TeV

  Process: He3Inelastic
        Model:  Binary Light Ion Cascade: 0 eV /n ---> 4 GeV/n
        Model:                      FTFP: 2 GeV/n ---> 100 TeV/n
     Cr_sctns: Glauber-Gribov nucleus nucleus: 0 eV  ---> 2.88022e+295 J  
     Cr_sctns:          GheishaInelastic: 0 eV  ---> 100 TeV

---------------------------------------------------
                           Hadronic Processes for alpha

  Process: hadElastic
        Model:              hElasticLHEP: 0 eV /n ---> 100 TeV/n
     Cr_sctns:            GheishaElastic: 0 eV  ---> 100 TeV

  Process: alphaInelastic
        Model:  Binary Light Ion Cascade: 0 eV /n ---> 4 GeV/n
        Model:                      FTFP: 2 GeV/n ---> 100 TeV/n
     Cr_sctns: Glauber-Gribov nucleus nucleus: 0 eV  ---> 2.88022e+295 J  
     Cr_sctns:          GheishaInelastic: 0 eV  ---> 100 TeV

---------------------------------------------------
                           Hadronic Processes for anti_He3

  Process: anti_He3Inelastic
        Model:                      FTFP: 0 eV /n ---> 100 TeV/n
     Cr_sctns:              AntiAGlauber: 0 eV  ---> 2.88022e+295 J  
     Cr_sctns:          GheishaInelastic: 0 eV  ---> 100 TeV

  Process: hadElastic
        Model:              hElasticLHEP: 0 eV /n ---> 100.1 MeV/n
        Model:              AntiAElastic: 100 MeV/n ---> 100 TeV/n
     Cr_sctns:              AntiAGlauber: 0 eV  ---> 2.88022e+295 J  
     Cr_sctns:            GheishaElastic: 0 eV  ---> 100 TeV

---------------------------------------------------
                           Hadronic Processes for anti_alpha

  Process: anti_alphaInelastic
        Model:                      FTFP: 0 eV /n ---> 100 TeV/n
     Cr_sctns:              AntiAGlauber: 0 eV  ---> 2.88022e+295 J  
     Cr_sctns:          GheishaInelastic: 0 eV  ---> 100 TeV

  Process: hadElastic
        Model:              hElasticLHEP: 0 eV /n ---> 100.1 MeV/n
        Model:              AntiAElastic: 100 MeV/n ---> 100 TeV/n
     Cr_sctns:              AntiAGlauber: 0 eV  ---> 2.88022e+295 J  
     Cr_sctns:            GheishaElastic: 0 eV  ---> 100 TeV

---------------------------------------------------
                           Hadronic Processes for anti_deuteron

  Process: anti_deuteronInelastic
        Model:                      FTFP: 0 eV /n ---> 100 TeV/n
     Cr_sctns:              AntiAGlauber: 0 eV  ---> 2.88022e+295 J  
     Cr_sctns:          GheishaInelastic: 0 eV  ---> 100 TeV

  Process: hadElastic
        Model:              hElasticLHEP: 0 eV /n ---> 100.1 MeV/n
        Model:              AntiAElastic: 100 MeV/n ---> 100 TeV/n
     Cr_sctns:              AntiAGlauber: 0 eV  ---> 2.88022e+295 J  
     Cr_sctns:            GheishaElastic: 0 eV  ---> 100 TeV

---------------------------------------------------
                           Hadronic Processes for anti_neutron

  Process: anti_neutronInelastic
        Model:                      FTFP: 0 eV  ---> 100 TeV
     Cr_sctns:              AntiAGlauber: 0 eV  ---> 2.88022e+295 J  
     Cr_sctns:          GheishaInelastic: 0 eV  ---> 100 TeV

  Process: hadElastic
        Model:              hElasticLHEP: 0 eV  ---> 100 TeV
     Cr_sctns:            GheishaElastic: 0 eV  ---> 100 TeV

---------------------------------------------------
                           Hadronic Processes for anti_proton

  Process: anti_protonInelastic
        Model:                      FTFP: 0 eV  ---> 100 TeV
     Cr_sctns:              AntiAGlauber: 0 eV  ---> 2.88022e+295 J  
     Cr_sctns:          GheishaInelastic: 0 eV  ---> 100 TeV

  Process: hadElastic
        Model:              hElasticLHEP: 0 eV  ---> 100.1 MeV
        Model:              AntiAElastic: 100 MeV ---> 100 TeV
     Cr_sctns:              AntiAGlauber: 0 eV  ---> 2.88022e+295 J  
     Cr_sctns:            GheishaElastic: 0 eV  ---> 100 TeV

---------------------------------------------------
                           Hadronic Processes for anti_triton

  Process: anti_tritonInelastic
        Model:                      FTFP: 0 eV /n ---> 100 TeV/n
     Cr_sctns:              AntiAGlauber: 0 eV  ---> 2.88022e+295 J  
     Cr_sctns:          GheishaInelastic: 0 eV  ---> 100 TeV

  Process: hadElastic
        Model:              hElasticLHEP: 0 eV /n ---> 100.1 MeV/n
        Model:              AntiAElastic: 100 MeV/n ---> 100 TeV/n
     Cr_sctns:              AntiAGlauber: 0 eV  ---> 2.88022e+295 J  
     Cr_sctns:            GheishaElastic: 0 eV  ---> 100 TeV

---------------------------------------------------
                           Hadronic Processes for deuteron

  Process: hadElastic
        Model:              hElasticLHEP: 0 eV /n ---> 100 TeV/n
     Cr_sctns:            GheishaElastic: 0 eV  ---> 100 TeV

  Process: dInelastic
        Model:  Binary Light Ion Cascade: 0 eV /n ---> 4 GeV/n
        Model:                      FTFP: 2 GeV/n ---> 100 TeV/n
     Cr_sctns: Glauber-Gribov nucleus nucleus: 0 eV  ---> 2.88022e+295 J  
     Cr_sctns:          GheishaInelastic: 0 eV  ---> 100 TeV

---------------------------------------------------
                           Hadronic Processes for kaon+

  Process: kaon+Inelastic
        Model:                      QGSP: 12 GeV ---> 100 TeV
        Model:                      FTFP: 9.5 GeV ---> 25 GeV
        Model:            BertiniCascade: 0 eV  ---> 9.9 GeV
     Cr_sctns:            Glauber-Gribov: 0 eV  ---> 2.88022e+295 J  
     Cr_sctns:  ChipsKaonPlusInelasticXS: 0 eV  ---> 100 TeV
     Cr_sctns:          GheishaInelastic: 0 eV  ---> 100 TeV

  Process: hadElastic
        Model:              hElasticLHEP: 0 eV  ---> 100 TeV
     Cr_sctns:            Glauber-Gribov: 0 eV  ---> 2.88022e+295 J  
     Cr_sctns:            GheishaElastic: 0 eV  ---> 100 TeV

---------------------------------------------------
                           Hadronic Processes for kaon-

  Process: kaon-Inelastic
        Model:                      QGSP: 12 GeV ---> 100 TeV
        Model:                      FTFP: 9.5 GeV ---> 25 GeV
        Model:            BertiniCascade: 0 eV  ---> 9.9 GeV
     Cr_sctns:            Glauber-Gribov: 0 eV  ---> 2.88022e+295 J  
     Cr_sctns: ChipsKaonMinusInelasticXS: 0 eV  ---> 100 TeV
     Cr_sctns:          GheishaInelastic: 0 eV  ---> 100 TeV

  Process: hadElastic
        Model:              hElasticLHEP: 0 eV  ---> 100 TeV
     Cr_sctns:            Glauber-Gribov: 0 eV  ---> 2.88022e+295 J  
     Cr_sctns:            GheishaElastic: 0 eV  ---> 100 TeV

---------------------------------------------------
                           Hadronic Processes for lambda

  Process: lambdaInelastic
        Model:            BertiniCascade: 0 eV  ---> 6 GeV
        Model:                      FTFP: 2 GeV ---> 100 TeV
     Cr_sctns:   ChipsHyperonInelasticXS: 0 eV  ---> 100 TeV
     Cr_sctns:          GheishaInelastic: 0 eV  ---> 100 TeV

  Process: hadElastic
        Model:              hElasticLHEP: 0 eV  ---> 100 TeV
     Cr_sctns:            GheishaElastic: 0 eV  ---> 100 TeV

---------------------------------------------------
                           Hadronic Processes for neutron

  Process: neutronInelastic
        Model:                      QGSP: 12 GeV ---> 100 TeV
        Model:                      FTFP: 9.5 GeV ---> 25 GeV
        Model:            BertiniCascade: 19.9 MeV ---> 9.9 GeV
        Model:        NeutronHPInelastic: 0 eV  ---> 20 MeV
     Cr_sctns:      NeutronHPInelasticXS: 0 eV  ---> 20 MeV
     Cr_sctns:       Barashenkov-Glauber: 0 eV  ---> 100 TeV
     Cr_sctns:       Barashenkov-Glauber: 0 eV  ---> 100 TeV
     Cr_sctns:          GheishaInelastic: 0 eV  ---> 100 TeV

  Process: nCapture
        Model:          NeutronHPCapture: 0 eV  ---> 20 MeV
        Model:               nRadCapture: 19.9 MeV ---> 100 TeV
     Cr_sctns:        NeutronHPCaptureXS: 0 eV  ---> 20 MeV
     Cr_sctns:        G4NeutronCaptureXS: 0 eV  ---> 100 TeV
     Cr_sctns:        NeutronHPCaptureXS: 0 eV  ---> 20 MeV
     Cr_sctns:          GheishaCaptureXS: 0 eV  ---> 100 TeV

  Process: nFission
        Model:          NeutronHPFission: 0 eV  ---> 20 MeV
        Model:                G4LFission: 19.9 MeV ---> 2.88022e+295 J  
     Cr_sctns:        NeutronHPFissionXS: 0 eV  ---> 20 MeV
     Cr_sctns:          GheishaFissionXS: 0 eV  ---> 100 TeV

  Process: hadElastic
        Model:             hElasticCHIPS: 19.5 MeV ---> 100 TeV
        Model:          NeutronHPElastic: 0 eV  ---> 20 MeV
     Cr_sctns:        NeutronHPElasticXS: 0 eV  ---> 20 MeV
     Cr_sctns:        G4NeutronElasticXS: 0 eV  ---> 100 TeV
     Cr_sctns:            GheishaElastic: 0 eV  ---> 100 TeV

---------------------------------------------------
                           Hadronic Processes for pi+

  Process: pi+Inelastic
        Model:                      QGSP: 12 GeV ---> 100 TeV
        Model:                      FTFP: 9.5 GeV ---> 25 GeV
        Model:            BertiniCascade: 0 eV  ---> 9.9 GeV
     Cr_sctns:      G4CrossSectionPairGG: 0 eV  ---> 100 TeV
                         G4CrossSectionPairGG: G4PiNuclearCrossSection cross sections 
                           below 91 GeV, Glauber-Gribov above 
     Cr_sctns:      G4CrossSectionPairGG: 0 eV  ---> 100 TeV
                         G4CrossSectionPairGG: G4PiNuclearCrossSection cross sections 
                           below 91 GeV, Glauber-Gribov above 
     Cr_sctns:          GheishaInelastic: 0 eV  ---> 100 TeV

  Process: hadElastic
        Model:              hElasticLHEP: 0 eV  ---> 1.0001 GeV
        Model:           hElasticGlauber: 1 GeV ---> 100 TeV
     Cr_sctns:       Barashenkov-Glauber: 0 eV  ---> 100 TeV
     Cr_sctns:            GheishaElastic: 0 eV  ---> 100 TeV

---------------------------------------------------
                           Hadronic Processes for pi-

  Process: pi-Inelastic
        Model:                      QGSP: 12 GeV ---> 100 TeV
        Model:                      FTFP: 9.5 GeV ---> 25 GeV
        Model:            BertiniCascade: 0 eV  ---> 9.9 GeV
     Cr_sctns:      G4CrossSectionPairGG: 0 eV  ---> 100 TeV
                         G4CrossSectionPairGG: G4PiNuclearCrossSection cross sections 
                           below 91 GeV, Glauber-Gribov above 
     Cr_sctns:      G4CrossSectionPairGG: 0 eV  ---> 100 TeV
                         G4CrossSectionPairGG: G4PiNuclearCrossSection cross sections 
                           below 91 GeV, Glauber-Gribov above 
     Cr_sctns:          GheishaInelastic: 0 eV  ---> 100 TeV

  Process: hadElastic
        Model:              hElasticLHEP: 0 eV  ---> 1.0001 GeV
        Model:           hElasticGlauber: 1 GeV ---> 100 TeV
     Cr_sctns:       Barashenkov-Glauber: 0 eV  ---> 100 TeV
     Cr_sctns:            GheishaElastic: 0 eV  ---> 100 TeV

---------------------------------------------------
                           Hadronic Processes for proton

  Process: protonInelastic
        Model:                      QGSP: 12 GeV ---> 100 TeV
        Model:                      FTFP: 9.5 GeV ---> 25 GeV
        Model:            BertiniCascade: 0 eV  ---> 9.9 GeV
     Cr_sctns:       Barashenkov-Glauber: 0 eV  ---> 100 TeV
     Cr_sctns:       Barashenkov-Glauber: 0 eV  ---> 100 TeV
     Cr_sctns:          GheishaInelastic: 0 eV  ---> 100 TeV

  Process: hadElastic
        Model:             hElasticCHIPS: 0 eV  ---> 100 TeV
     Cr_sctns:      ChipsProtonElasticXS: 0 eV  ---> 100 TeV
     Cr_sctns:            GheishaElastic: 0 eV  ---> 100 TeV

---------------------------------------------------
                           Hadronic Processes for triton

  Process: hadElastic
        Model:              hElasticLHEP: 0 eV /n ---> 100 TeV/n
     Cr_sctns:            GheishaElastic: 0 eV  ---> 100 TeV

  Process: tInelastic
        Model:  Binary Light Ion Cascade: 0 eV /n ---> 4 GeV/n
        Model:                      FTFP: 2 GeV/n ---> 100 TeV/n
     Cr_sctns: Glauber-Gribov nucleus nucleus: 0 eV  ---> 2.88022e+295 J  
     Cr_sctns:          GheishaInelastic: 0 eV  ---> 100 TeV

================================================================
=======================================================================
======       Pre-compound/De-excitation Physics Parameters     ========
=======================================================================
Type of pre-compound inverse x-section              3
Pre-compound model active                           1
Pre-compound low energy (MeV)                       0.1
Type of de-excitation inverse x-section             3
Type of de-excitation factory                       Evaporation
Number of de-excitation channels                    8
Min excitation energy (keV)                         0.01
Min energy per nucleon for multifragmentation (MeV) 1e+05
Level density (1/MeV)                               0.1
Time limit for long lived isomeres (ns)             1442.7
Store full level data                               1
Correlated gamma emission flag                      1
Correlated gamma emission flag                      1
Electron internal conversion ID                     0
=======================================================================

========= Table of registered couples ==============================

Index : 0     used in the geometry : Yes
 Material : G4_Galactic
 Range cuts        :  gamma  1 mm     e-  1 mm     e+  1 mm  proton 1 mm 
 Energy thresholds :  gamma  990 eV     e-  990 eV     e+  990 eV  proton 100 keV
 Region(s) which use this couple : 
    DefaultRegionForTheWorld

Index : 1     used in the geometry : Yes
 Material : G4_WATER
 Range cuts        :  gamma  1 mm     e-  1 mm     e+  1 mm  proton 1 mm 
 Energy thresholds :  gamma  2.94056 keV    e-  351.877 keV    e+  342.545 keV proton 100 keV
 Region(s) which use this couple : 
    DefaultRegionForTheWorld

Index : 2     used in the geometry : Yes
 Material : G4_B
 Range cuts        :  gamma  1 mm     e-  1 mm     e+  1 mm  proton 1 mm 
 Energy thresholds :  gamma  2.7587 keV    e-  570.85 keV    e+  548.291 keV proton 100 keV
 Region(s) which use this couple : 
    DefaultRegionForTheWorld

====================================================================

++ Target_MFD/EnergyDeposit id 0
++ Target_MFD/NumberOfSteps id 1
### Run 0 starts.
--> Event 0 starts.
--> Event 100 starts.
--> Event 200 starts.
--> Event 300 starts.
--> Event 400 starts.
--> Event 500 starts.
--> Event 600 starts.
--> Event 700 starts.
--> Event 800 starts.
--> Event 900 starts.
--> Event 1000 starts.
--> Event 1100 starts.
--> Event 1200 starts.
--> Event 1300 starts.
--> Event 1400 starts.
--> Event 1500 starts.
--> Event 1600 starts.
--> Event 1700 starts.
--> Event 1800 starts.
--> Event 1900 starts.
--> Event 2000 starts.
--> Event 2100 starts.
--> Event 2200 starts.
--> Event 2300 starts.
--> Event 2400 starts.
--> Event 2500 starts.
--> Event 2600 starts.
--> Event 2700 starts.
--> Event 2800 starts.
--> Event 2900 starts.
--> Event 3000 starts.
--> Event 3100 starts.
--> Event 3200 starts.
--> Event 3300 starts.
--> Event 3400 starts.
--> Event 3500 starts.
--> Event 3600 starts.
--> Event 3700 starts.
--> Event 3800 starts.
--> Event 3900 starts.
--> Event 4000 starts.
--> Event 4100 starts.
--> Event 4200 starts.
--> Event 4300 starts.
--> Event 4400 starts.
--> Event 4500 starts.
--> Event 4600 starts.
--> Event 4700 starts.
--> Event 4800 starts.
--> Event 4900 starts.
--> Event 5000 starts.
--> Event 5100 starts.
--> Event 5200 starts.
--> Event 5300 starts.
--> Event 5400 starts.
--> Event 5500 starts.
--> Event 5600 starts.
--> Event 5700 starts.
--> Event 5800 starts.
--> Event 5900 starts.
--> Event 6000 starts.
--> Event 6100 starts.
--> Event 6200 starts.
--> Event 6300 starts.
--> Event 6400 starts.
--> Event 6500 starts.
--> Event 6600 starts.
--> Event 6700 starts.
--> Event 6800 starts.
--> Event 6900 starts.
--> Event 7000 starts.
--> Event 7100 starts.
--> Event 7200 starts.
--> Event 7300 starts.
--> Event 7400 starts.
WARNING-G4PenelopeIonisationModel::SampleSecondaries - Negative energy deposit
--> Event 7500 starts.
--> Event 7600 starts.
--> Event 7700 starts.
--> Event 7800 starts.
--> Event 7900 starts.
--> Event 8000 starts.
--> Event 8100 starts.
--> Event 8200 starts.
--> Event 8300 starts.
--> Event 8400 starts.
--> Event 8500 starts.
--> Event 8600 starts.
--> Event 8700 starts.
--> Event 8800 starts.
--> Event 8900 starts.
--> Event 9000 starts.
--> Event 9100 starts.
--> Event 9200 starts.
--> Event 9300 starts.
--> Event 9400 starts.
--> Event 9500 starts.
--> Event 9600 starts.
--> Event 9700 starts.
--> Event 9800 starts.
--> Event 9900 starts.
 Run terminated.
Run Summary
  Number of events processed : 10000
  User=37.78s Real=38.36s Sys=0.4s
 ###### EndOfTSRunAction ###### 
============================================================
 opened file mfd_tl_EnergyDeposit.out for output
============================================================
             0          13.771561 keV
             1        1526.856850 keV
             2         106.661353 keV
             3         144.213621 keV
             4         430.032317 keV
             5        1938.346529 keV
             6         308.664872 keV
             7          66.568827 keV
             8         113.378104 keV
             9          94.793305 keV
            10         487.228055 keV
            11         127.065814 keV
            12         125.823435 keV
            13        1417.019743 keV
            14         296.881659 keV
            15        2966.921709 keV
            16        1134.412032 keV
            17        3483.750218 keV
            18        4294.203827 keV
            19         164.712878 keV
            20        2272.351167 keV
            21        1778.502973 keV
            22        2182.090539 keV
            23        1325.262948 keV
            24         125.079091 keV
            25         414.090062 keV
            26        2119.711014 keV
            27        4312.730923 keV
            28        2399.949978 keV
            29        2808.658422 keV
            30        2079.216739 keV
            31        9998.403311 keV
            32        6368.412871 keV
            33        2301.823720 keV
            34        2537.708675 keV
            35        3374.853080 keV
            36        1001.868983 keV
            37        2988.595661 keV
            38        6839.212065 keV
            39         494.525311 keV
            40         999.571470 keV
            41        4039.443087 keV
            42        8623.240238 keV
            43        1482.279759 keV
            44        2160.130438 keV
            45        2058.910196 keV
            46        1672.366108 keV
            47        2501.545736 keV
            48         994.740020 keV
            49        2220.407061 keV
            50        1958.984203 keV
            51        3275.389147 keV
            52        8240.892931 keV
            53        9065.340244 keV
            54        6709.727338 keV
            55        8133.926093 keV
            56       16247.337629 keV
            57       22503.817618 keV
            58       26947.708519 keV
            59        9537.631743 keV
            60       10613.546339 keV
            61       32705.931228 keV
            62       20212.032479 keV
            63       10735.709460 keV
            64       11756.746960 keV
            65        8217.314071 keV
            66       27068.490183 keV
            67       12499.702051 keV
            68       15204.968139 keV
            69        5909.669074 keV
            70        8652.872026 keV
            71        5689.055936 keV
            72        9233.550809 keV
            73       10212.611631 keV
            74       12158.662360 keV
            75       24884.588918 keV
            76       30218.043346 keV
            77       27490.372298 keV
            78       36080.112256 keV
            79       24870.689808 keV
            80       27948.234145 keV
            81      386585.197237 keV
            82      292308.124483 keV
            83      400228.992776 keV
            84       38758.250726 keV
            85       40101.678772 keV
            86      313004.521442 keV
            87      270788.872496 keV
            88      316506.293424 keV
            89       32239.305644 keV
            90       37876.714907 keV
            91      379751.218105 keV
            92      320114.559208 keV
            93      370484.066623 keV
            94       26630.675546 keV
            95       34632.931508 keV
            96       25787.390496 keV
            97       25815.584528 keV
            98       32591.490687 keV
            99       29830.155689 keV
           100      338831.247395 keV
           101      358171.208525 keV
           102      335267.977374 keV
           103      374864.801105 keV
           104      310940.368040 keV
           105      370825.453664 keV
           106      407547.789246 keV
           107      416494.547118 keV
           108      401721.793268 keV
           109      355068.395658 keV
           110      356845.575210 keV
           111      370085.039086 keV
           112      401631.723423 keV
           113      390298.945087 keV
           114      355538.043788 keV
           115      347912.162037 keV
           116      373085.078446 keV
           117      389046.850766 keV
           118      388619.974827 keV
           119      362592.754499 keV
           120      316532.069203 keV
           121      362934.249683 keV
           122      350293.122060 keV
           123      382150.060928 keV
           124      339519.265105 keV
============================================================
 closed file mfd_tl_EnergyDeposit.out for output
============================================================
 opened file mfd_tg_EnergyDeposit.out for output
============================================================
             0          13.771561 keV
             1        1526.856850 keV
             2         106.661353 keV
             3         144.213621 keV
             4         430.032317 keV
             5        1938.346529 keV
             6         308.664872 keV
             7          66.568827 keV
             8         113.378104 keV
             9          94.793305 keV
            10         487.228055 keV
            11         127.065814 keV
            12         125.823435 keV
            13        1417.019743 keV
            14         296.881659 keV
            15        2966.921709 keV
            16        1134.412032 keV
            17        3483.750218 keV
            18        4294.203827 keV
            19         164.712878 keV
            20        2272.351167 keV
            21        1778.502973 keV
            22        2182.090539 keV
            23        1325.262948 keV
            24         125.079091 keV
            25         414.090062 keV
            26        2119.711014 keV
            27        4312.730923 keV
            28        2399.949978 keV
            29        2808.658422 keV
            30        2079.216739 keV
            31        9998.403311 keV
            32        6368.412871 keV
            33        2301.823720 keV
            34        2537.708675 keV
            35        3374.853080 keV
            36        1001.868983 keV
            37        2988.595661 keV
            38        6839.212065 keV
            39         494.525311 keV
            40         999.571470 keV
            41        4039.443087 keV
            42        8623.240238 keV
            43        1482.279759 keV
            44        2160.130438 keV
            45        2058.910196 keV
            46        1672.366108 keV
            47        2501.545736 keV
            48         994.740020 keV
            49        2220.407061 keV
            50        1958.984203 keV
            51        3275.389147 keV
            52        8240.892931 keV
            53        9065.340244 keV
            54        6709.727338 keV
            55        8133.926093 keV
            56       16247.337629 keV
            57       22503.817618 keV
            58       26947.708519 keV
            59        9537.631743 keV
            60       10613.546339 keV
            61       32705.931228 keV
            62       20212.032479 keV
            63       10735.709460 keV
            64       11756.746960 keV
            65        8217.314071 keV
            66       27068.490183 keV
            67       12499.702051 keV
            68       15204.968139 keV
            69        5909.669074 keV
            70        8652.872026 keV
            71        5689.055936 keV
            72        9233.550809 keV
            73       10212.611631 keV
            74       12158.662360 keV
            75       24884.588918 keV
            76       30218.043346 keV
            77       27490.372298 keV
            78       36080.112256 keV
            79       24870.689808 keV
            80       27948.234145 keV
            81      386585.197237 keV
            82      292308.124483 keV
            83      400228.992776 keV
            84       38758.250726 keV
            85       40101.678772 keV
            86      313004.521442 keV
            87      270788.872496 keV
            88      316506.293424 keV
            89       32239.305644 keV
            90       37876.714907 keV
            91      379751.218105 keV
            92      320114.559208 keV
            93      370484.066623 keV
            94       26630.675546 keV
            95       34632.931508 keV
            96       25787.390496 keV
            97       25815.584528 keV
            98       32591.490687 keV
            99       29830.155689 keV
           100      338831.247395 keV
           101      358171.208525 keV
           102      335267.977374 keV
           103      374864.801105 keV
           104      310940.368040 keV
           105      370825.453664 keV
           106      407547.789246 keV
           107      416494.547118 keV
           108      401721.793268 keV
           109      355068.395658 keV
           110      356845.575210 keV
           111      370085.039086 keV
           112      401631.723423 keV
           113      390298.945087 keV
           114      355538.043788 keV
           115      347912.162037 keV
           116      373085.078446 keV
           117      389046.850766 keV
           118      388619.974827 keV
           119      362592.754499 keV
           120      316532.069203 keV
           121      362934.249683 keV
           122      350293.122060 keV
           123      382150.060928 keV
           124      339519.265105 keV
============================================================
 closed file mfd_tg_EnergyDeposit.out for output
============================================================
 opened file mfd_tl_NumberOfSteps.out for output
============================================================
             0          13.000000 steps
             1          82.000000 steps
             2          11.000000 steps
             3          18.000000 steps
             4          46.000000 steps
             5          65.000000 steps
             6          35.000000 steps
             7          13.000000 steps
             8          31.000000 steps
             9          35.000000 steps
            10          55.000000 steps
            11          22.000000 steps
            12          25.000000 steps
            13          82.000000 steps
            14          28.000000 steps
            15         109.000000 steps
            16          97.000000 steps
            17         188.000000 steps
            18         132.000000 steps
            19          21.000000 steps
            20          64.000000 steps
            21          70.000000 steps
            22          62.000000 steps
            23          91.000000 steps
            24          11.000000 steps
            25          53.000000 steps
            26         147.000000 steps
            27         188.000000 steps
            28         136.000000 steps
            29         127.000000 steps
            30         135.000000 steps
            31         324.000000 steps
            32         376.000000 steps
            33         231.000000 steps
            34          89.000000 steps
            35         168.000000 steps
            36         111.000000 steps
            37         308.000000 steps
            38         361.000000 steps
            39          88.000000 steps
            40         186.000000 steps
            41         260.000000 steps
            42         343.000000 steps
            43         214.000000 steps
            44         135.000000 steps
            45         141.000000 steps
            46         118.000000 steps
            47         128.000000 steps
            48         113.000000 steps
            49          88.000000 steps
            50         273.000000 steps
            51         407.000000 steps
            52         624.000000 steps
            53         514.000000 steps
            54         459.000000 steps
            55         396.000000 steps
            56         638.000000 steps
            57         833.000000 steps
            58         822.000000 steps
            59         448.000000 steps
            60         653.000000 steps
            61        1152.000000 steps
            62         889.000000 steps
            63         691.000000 steps
            64         730.000000 steps
            65         671.000000 steps
            66         954.000000 steps
            67         777.000000 steps
            68         798.000000 steps
            69         525.000000 steps
            70         383.000000 steps
            71         423.000000 steps
            72         572.000000 steps
            73         437.000000 steps
            74         589.000000 steps
            75        2862.000000 steps
            76        2862.000000 steps
            77        3902.000000 steps
            78        3915.000000 steps
            79        3132.000000 steps
            80        2912.000000 steps
            81        3656.000000 steps
            82        3579.000000 steps
            83        3932.000000 steps
            84        3856.000000 steps
            85        4285.000000 steps
            86        3855.000000 steps
            87        3603.000000 steps
            88        3608.000000 steps
            89        3991.000000 steps
            90        3803.000000 steps
            91        3659.000000 steps
            92        3425.000000 steps
            93        3339.000000 steps
            94        3787.000000 steps
            95        2844.000000 steps
            96        3053.000000 steps
            97        3792.000000 steps
            98        3583.000000 steps
            99        3113.000000 steps
           100       14067.000000 steps
           101       18395.000000 steps
           102       18152.000000 steps
           103       18539.000000 steps
           104       15271.000000 steps
           105       18611.000000 steps
           106       25333.000000 steps
           107       22986.000000 steps
           108       24096.000000 steps
           109       18349.000000 steps
           110       19470.000000 steps
           111       23275.000000 steps
           112       23350.000000 steps
           113       22132.000000 steps
           114       18026.000000 steps
           115       19292.000000 steps
           116       22242.000000 steps
           117       22249.000000 steps
           118       23351.000000 steps
           119       18092.000000 steps
           120       14538.000000 steps
           121       19793.000000 steps
           122       18776.000000 steps
           123       19888.000000 steps
           124       14525.000000 steps
============================================================
 closed file mfd_tl_NumberOfSteps.out for output
============================================================
 opened file mfd_tg_NumberOfSteps.out for output
============================================================
             0          13.000000 steps
             1          82.000000 steps
             2          11.000000 steps
             3          18.000000 steps
             4          46.000000 steps
             5          65.000000 steps
             6          35.000000 steps
             7          13.000000 steps
             8          31.000000 steps
             9          35.000000 steps
            10          55.000000 steps
            11          22.000000 steps
            12          25.000000 steps
            13          82.000000 steps
            14          28.000000 steps
            15         109.000000 steps
            16          97.000000 steps
            17         188.000000 steps
            18         132.000000 steps
            19          21.000000 steps
            20          64.000000 steps
            21          70.000000 steps
            22          62.000000 steps
            23          91.000000 steps
            24          11.000000 steps
            25          53.000000 steps
            26         147.000000 steps
            27         188.000000 steps
            28         136.000000 steps
            29         127.000000 steps
            30         135.000000 steps
            31         324.000000 steps
            32         376.000000 steps
            33         231.000000 steps
            34          89.000000 steps
            35         168.000000 steps
            36         111.000000 steps
            37         308.000000 steps
            38         361.000000 steps
            39          88.000000 steps
            40         186.000000 steps
            41         260.000000 steps
            42         343.000000 steps
            43         214.000000 steps
            44         135.000000 steps
            45         141.000000 steps
            46         118.000000 steps
            47         128.000000 steps
            48         113.000000 steps
            49          88.000000 steps
            50         273.000000 steps
            51         407.000000 steps
            52         624.000000 steps
            53         514.000000 steps
            54         459.000000 steps
            55         396.000000 steps
            56         638.000000 steps
            57         833.000000 steps
            58         822.000000 steps
            59         448.000000 steps
            60         653.000000 steps
            61        1152.000000 steps
            62         889.000000 steps
            63         691.000000 steps
            64         730.000000 steps
            65         671.000000 steps
            66         954.000000 steps
            67         777.000000 steps
            68         798.000000 steps
            69         525.000000 steps
            70         383.000000 steps
            71         423.000000 steps
            72         572.000000 steps
            73         437.000000 steps
            74         589.000000 steps
            75        2862.000000 steps
            76        2862.000000 steps
            77        3902.000000 steps
            78        3915.000000 steps
            79        3132.000000 steps
            80        2912.000000 steps
            81        3656.000000 steps
            82        3579.000000 steps
            83        3932.000000 steps
            84        3856.000000 steps
            85        4285.000000 steps
            86        3855.000000 steps
            87        3603.000000 steps
            88        3608.000000 steps
            89        3991.000000 steps
            90        3803.000000 steps
            91        3659.000000 steps
            92        3425.000000 steps
            93        3339.000000 steps
            94        3787.000000 steps
            95        2844.000000 steps
            96        3053.000000 steps
            97        3792.000000 steps
            98        3583.000000 steps
            99        3113.000000 steps
           100       14067.000000 steps
           101       18395.000000 steps
           102       18152.000000 steps
           103       18539.000000 steps
           104       15271.000000 steps
           105       18611.000000 steps
           106       25333.000000 steps
           107       22986.000000 steps
           108       24096.000000 steps
           109       18349.000000 steps
           110       19470.000000 steps
           111       23275.000000 steps
           112       23350.000000 steps
           113       22132.000000 steps
           114       18026.000000 steps
           115       19292.000000 steps
           116       22242.000000 steps
           117       22249.000000 steps
           118       23351.000000 steps
           119       18092.000000 steps
           120       14538.000000 steps
           121       19793.000000 steps
           122       18776.000000 steps
           123       19888.000000 steps
           124       14525.000000 steps
============================================================
 closed file mfd_tg_NumberOfSteps.out for output
============================================================
 opened file mfd_diff.out for difference output
============================================================
 closed file mfd_diff.out for difference output
============================================================
Graphics systems deleted.
Visualization Manager deleting...
G4 kernel has come to Quit state.
================== Deleting memory pools ===================
Number of memory pools allocated: 13 of which, static: 0
Dynamic pools deleted: 13 / Total memory freed: 0.061 MB
============================================================
RunManagerKernel is deleted. Good bye :)
