
        ############################################
        !!! WARNING - FPE detection is activated !!!
        ############################################

*************************************************************
 Geant4 version Name: geant4-10-03-ref-07    (31-July-2017)
                      Copyright : Geant4 Collaboration
                      Reference : NIM A 506 (2003), 250-303
                            WWW : http://cern.ch/geant4
*************************************************************



	--> Running in serial mode


Checking overlaps for volume Target_0_0_0 ... OK! 
Checking overlaps for volume Target_1_0_0 ... OK! 
Checking overlaps for volume Target_2_0_0 ... OK! 
Checking overlaps for volume Target_3_0_0 ... OK! 
Checking overlaps for volume Target_4_0_0 ... OK! 
Checking overlaps for volume Target_0_1_0 ... OK! 
Checking overlaps for volume Target_1_1_0 ... OK! 
Checking overlaps for volume Target_2_1_0 ... OK! 
Checking overlaps for volume Target_3_1_0 ... OK! 
Checking overlaps for volume Target_4_1_0 ... OK! 
Checking overlaps for volume Target_0_2_0 ... OK! 
Checking overlaps for volume Target_1_2_0 ... OK! 
Checking overlaps for volume Target_2_2_0 ... OK! 
Checking overlaps for volume Target_3_2_0 ... OK! 
Checking overlaps for volume Target_4_2_0 ... OK! 
Checking overlaps for volume Target_0_3_0 ... OK! 
Checking overlaps for volume Target_1_3_0 ... OK! 
Checking overlaps for volume Target_2_3_0 ... OK! 
Checking overlaps for volume Target_3_3_0 ... OK! 
Checking overlaps for volume Target_4_3_0 ... OK! 
Checking overlaps for volume Target_0_4_0 ... OK! 
Checking overlaps for volume Target_1_4_0 ... OK! 
Checking overlaps for volume Target_2_4_0 ... OK! 
Checking overlaps for volume Target_3_4_0 ... OK! 
Checking overlaps for volume Target_4_4_0 ... OK! 
Checking overlaps for volume Target_0_0_1 ... OK! 
Checking overlaps for volume Target_1_0_1 ... OK! 
Checking overlaps for volume Target_2_0_1 ... OK! 
Checking overlaps for volume Target_3_0_1 ... OK! 
Checking overlaps for volume Target_4_0_1 ... OK! 
Checking overlaps for volume Target_0_1_1 ... OK! 
Checking overlaps for volume Target_1_1_1 ... OK! 
Checking overlaps for volume Target_2_1_1 ... OK! 
Checking overlaps for volume Target_3_1_1 ... OK! 
Checking overlaps for volume Target_4_1_1 ... OK! 
Checking overlaps for volume Target_0_2_1 ... OK! 
Checking overlaps for volume Target_1_2_1 ... OK! 
Checking overlaps for volume Target_2_2_1 ... OK! 
Checking overlaps for volume Target_3_2_1 ... OK! 
Checking overlaps for volume Target_4_2_1 ... OK! 
Checking overlaps for volume Target_0_3_1 ... OK! 
Checking overlaps for volume Target_1_3_1 ... OK! 
Checking overlaps for volume Target_2_3_1 ... OK! 
Checking overlaps for volume Target_3_3_1 ... OK! 
Checking overlaps for volume Target_4_3_1 ... OK! 
Checking overlaps for volume Target_0_4_1 ... OK! 
Checking overlaps for volume Target_1_4_1 ... OK! 
Checking overlaps for volume Target_2_4_1 ... OK! 
Checking overlaps for volume Target_3_4_1 ... OK! 
Checking overlaps for volume Target_4_4_1 ... OK! 
Checking overlaps for volume Target_0_0_2 ... OK! 
Checking overlaps for volume Target_1_0_2 ... OK! 
Checking overlaps for volume Target_2_0_2 ... OK! 
Checking overlaps for volume Target_3_0_2 ... OK! 
Checking overlaps for volume Target_4_0_2 ... OK! 
Checking overlaps for volume Target_0_1_2 ... OK! 
Checking overlaps for volume Target_1_1_2 ... OK! 
Checking overlaps for volume Target_2_1_2 ... OK! 
Checking overlaps for volume Target_3_1_2 ... OK! 
Checking overlaps for volume Target_4_1_2 ... OK! 
Checking overlaps for volume Target_0_2_2 ... OK! 
Checking overlaps for volume Target_1_2_2 ... OK! 
Checking overlaps for volume Target_2_2_2 ... OK! 
Checking overlaps for volume Target_3_2_2 ... OK! 
Checking overlaps for volume Target_4_2_2 ... OK! 
Checking overlaps for volume Target_0_3_2 ... OK! 
Checking overlaps for volume Target_1_3_2 ... OK! 
Checking overlaps for volume Target_2_3_2 ... OK! 
Checking overlaps for volume Target_3_3_2 ... OK! 
Checking overlaps for volume Target_4_3_2 ... OK! 
Checking overlaps for volume Target_0_4_2 ... OK! 
Checking overlaps for volume Target_1_4_2 ... OK! 
Checking overlaps for volume Target_2_4_2 ... OK! 
Checking overlaps for volume Target_3_4_2 ... OK! 
Checking overlaps for volume Target_4_4_2 ... OK! 
Checking overlaps for volume Target_0_0_3 ... OK! 
Checking overlaps for volume Target_1_0_3 ... OK! 
Checking overlaps for volume Target_2_0_3 ... OK! 
Checking overlaps for volume Target_3_0_3 ... OK! 
Checking overlaps for volume Target_4_0_3 ... OK! 
Checking overlaps for volume Target_0_1_3 ... OK! 
Checking overlaps for volume Target_1_1_3 ... OK! 
Checking overlaps for volume Target_2_1_3 ... OK! 
Checking overlaps for volume Target_3_1_3 ... OK! 
Checking overlaps for volume Target_4_1_3 ... OK! 
Checking overlaps for volume Target_0_2_3 ... OK! 
Checking overlaps for volume Target_1_2_3 ... OK! 
Checking overlaps for volume Target_2_2_3 ... OK! 
Checking overlaps for volume Target_3_2_3 ... OK! 
Checking overlaps for volume Target_4_2_3 ... OK! 
Checking overlaps for volume Target_0_3_3 ... OK! 
Checking overlaps for volume Target_1_3_3 ... OK! 
Checking overlaps for volume Target_2_3_3 ... OK! 
Checking overlaps for volume Target_3_3_3 ... OK! 
Checking overlaps for volume Target_4_3_3 ... OK! 
Checking overlaps for volume Target_0_4_3 ... OK! 
Checking overlaps for volume Target_1_4_3 ... OK! 
Checking overlaps for volume Target_2_4_3 ... OK! 
Checking overlaps for volume Target_3_4_3 ... OK! 
Checking overlaps for volume Target_4_4_3 ... OK! 
Checking overlaps for volume Target_0_0_4 ... OK! 
Checking overlaps for volume Target_1_0_4 ... OK! 
Checking overlaps for volume Target_2_0_4 ... OK! 
Checking overlaps for volume Target_3_0_4 ... OK! 
Checking overlaps for volume Target_4_0_4 ... OK! 
Checking overlaps for volume Target_0_1_4 ... OK! 
Checking overlaps for volume Target_1_1_4 ... OK! 
Checking overlaps for volume Target_2_1_4 ... OK! 
Checking overlaps for volume Target_3_1_4 ... OK! 
Checking overlaps for volume Target_4_1_4 ... OK! 
Checking overlaps for volume Target_0_2_4 ... OK! 
Checking overlaps for volume Target_1_2_4 ... OK! 
Checking overlaps for volume Target_2_2_4 ... OK! 
Checking overlaps for volume Target_3_2_4 ... OK! 
Checking overlaps for volume Target_4_2_4 ... OK! 
Checking overlaps for volume Target_0_3_4 ... OK! 
Checking overlaps for volume Target_1_3_4 ... OK! 
Checking overlaps for volume Target_2_3_4 ... OK! 
Checking overlaps for volume Target_3_3_4 ... OK! 
Checking overlaps for volume Target_4_3_4 ... OK! 
Checking overlaps for volume Target_0_4_4 ... OK! 
Checking overlaps for volume Target_1_4_4 ... OK! 
Checking overlaps for volume Target_2_4_4 ... OK! 
Checking overlaps for volume Target_3_4_4 ... OK! 
Checking overlaps for volume Target_4_4_4 ... OK! 
/cvmfs/geant4.cern.ch/share/data/G4NDL4.5
@@@ G4ParticleHPInelastic instantiated for particle neutron data directory variable is G4NEUTRONHPDATA pointing to /cvmfs/geant4.cern.ch/share/data/G4NDL4.5/Inelastic
@@@ G4ParticleHPInelasticData instantiated for particle neutron data directory variable is G4NEUTRONHPDATA pointing to /cvmfs/geant4.cern.ch/share/data/G4NDL4.5
NeutronHP: /Capture file for Z = 8, A = 18 is not found and NeutronHP will use /cvmfs/geant4.cern.ch/share/data/G4NDL4.5/Capture/CrossSection/8_17_Oxygen
NeutronHP: /Elastic file for Z = 8, A = 18 is not found and NeutronHP will use /cvmfs/geant4.cern.ch/share/data/G4NDL4.5/Elastic/CrossSection/8_17_Oxygen
NeutronHP: /Inelastic file for Z = 8, A = 18 is not found and NeutronHP will use /cvmfs/geant4.cern.ch/share/data/G4NDL4.5/Inelastic/CrossSection/8_17_Oxygen
Visualization Manager instantiating with verbosity "warnings (3)"...
Visualization Manager initialising...
Registering graphics systems...

You have successfully registered the following graphics systems.
Current available graphics systems are:
ASCIITree (ATree)
DAWNFILE (DAWNFILE)
G4HepRep (HepRepXML)
G4HepRepFile (HepRepFile)
RayTracer (RayTracer)
VRML1FILE (VRML1FILE)
VRML2FILE (VRML2FILE)
gMocrenFile (gMocrenFile)
OpenGLImmediateQt (OGLIQt, OGLI)
OpenGLStoredQt (OGLSQt, OGL, OGLS)
OpenGLImmediateXm (OGLIXm, OGLIQt_FALLBACK)
OpenGLStoredXm (OGLSXm, OGLSQt_FALLBACK)
OpenGLImmediateX (OGLIX, OGLIQt_FALLBACK, OGLIXm_FALLBACK)
OpenGLStoredX (OGLSX, OGLSQt_FALLBACK, OGLSXm_FALLBACK)
RayTracerX (RayTracerX)

Registering model factories...

You have successfully registered the following model factories.
Registered model factories:
  generic
  drawByAttribute
  drawByCharge
  drawByOriginVolume
  drawByParticleID
  drawByEncounteredVolume

Registered filter factories:
  attributeFilter
  chargeFilter
  originVolumeFilter
  particleFilter
  encounteredVolumeFilter

You have successfully registered the following user vis actions.
Run Duration User Vis Actions: none
End of Event User Vis Actions: none
End of Run User Vis Actions: none

Some /vis commands (optionally) take a string to specify colour.
Available colours:
  black, blue, brown, cyan, gray, green, grey, magenta, red, white, yellow

/tracking/verbose 0
/run/verbose 1
/event/verbose 0
/random/setDirectoryName run_random_seed_info
/random/setSavingFlag 1
/random/saveEachEventFlag 0
/run/beamOn 10000

### ===  Deexcitation model UAtomDeexcitation is activated for 1 region:
          DefaultRegionForTheWorld  1  1  0
### ===  Auger cascade flag: 1
### ===  Ignore cuts flag:   1

phot:   for  gamma    SubType= 12  BuildTable= 0
      LambdaPrime table from 200 keV to 10 TeV in 154 bins 
      ===== EM models for the G4Region  DefaultRegionForTheWorld ======
 LivermorePhElectric :  Emin=        0 eV    Emax=       10 TeV   AngularGenSauterGavrila  FluoActive

compt:   for  gamma    SubType= 13  BuildTable= 1
      Lambda table from 100 eV  to 1 MeV, 20 bins per decade, spline: 1
      LambdaPrime table from 1 MeV to 10 TeV in 140 bins 
      ===== EM models for the G4Region  DefaultRegionForTheWorld ======
   LowEPComptonModel :  Emin=        0 eV    Emax=       20 MeV  FluoActive
        KleinNishina :  Emin=       20 MeV   Emax=       10 TeV  FluoActive

conv:   for  gamma    SubType= 14  BuildTable= 1
      Lambda table from 1.022 MeV to 10 TeV, 20 bins per decade, spline: 1
      ===== EM models for the G4Region  DefaultRegionForTheWorld ======
       PenConversion :  Emin=        0 eV    Emax=       80 GeV
     BetheHeitlerLPM :  Emin=       80 GeV   Emax=       10 TeV

Rayl:   for  gamma    SubType= 11  BuildTable= 1
      Lambda table from 100 eV  to 100 keV, 20 bins per decade, spline: 0
      LambdaPrime table from 100 keV to 10 TeV in 160 bins 
      ===== EM models for the G4Region  DefaultRegionForTheWorld ======
   LivermoreRayleigh :  Emin=        0 eV    Emax=       10 TeV   CullenGenerator

msc:   for e-    SubType= 10
      RangeFactor= 0.02, stepLimitType: 3, latDisplacement: 1, skin= 1, geomFactor= 2.5
      ===== EM models for the G4Region  DefaultRegionForTheWorld ======
            UrbanMsc :  Emin=        0 eV    Emax=      100 MeV  Table with 120 bins Emin=    100 eV    Emax=    100 MeV
        WentzelVIUni :  Emin=      100 MeV   Emax=       10 TeV  Table with 100 bins Emin=    100 MeV   Emax=     10 TeV

eIoni:   for  e-    SubType= 2
      dE/dx and range tables from 100 eV  to 10 TeV in 220 bins
      Lambda tables from threshold to 10 TeV, 20 bins per decade, spline: 1
      finalRange(mm)= 0.01, dRoverRange= 0.2, integral: 1, fluct: 1, linLossLimit= 0.01
      ===== EM models for the G4Region  DefaultRegionForTheWorld ======
             PenIoni :  Emin=        0 eV    Emax=        1 MeV
        MollerBhabha :  Emin=        1 MeV   Emax=       10 TeV   deltaVI

eBrem:   for  e-    SubType= 3
      dE/dx and range tables from 100 eV  to 10 TeV in 220 bins
      Lambda tables from threshold to 10 TeV, 20 bins per decade, spline: 1
      LPM flag: 1 for E > 1 GeV,  VertexHighEnergyTh(GeV)= 100000
      ===== EM models for the G4Region  DefaultRegionForTheWorld ======
             eBremSB :  Emin=        0 eV    Emax=        1 GeV   AngularGen2BS
            eBremLPM :  Emin=        1 GeV   Emax=       10 TeV   AngularGen2BS

ePairProd:   for  e-    SubType= 4
      dE/dx and range tables from 100 eV  to 10 TeV in 220 bins
      Lambda tables from threshold to 10 TeV, 20 bins per decade, spline: 1
      Sampling table 21x1001 from 0.1 GeV to 10 TeV 
      ===== EM models for the G4Region  DefaultRegionForTheWorld ======
          muPairProd :  Emin=        0 eV    Emax=       10 TeV

CoulombScat:   for  e-, integral: 1     SubType= 1  BuildTable= 1
      Lambda table from 100 MeV to 10 TeV, 20 bins per decade, spline: 1
      180 < Theta(degree) < 180 pLimit(GeV^1)= 0.139531
      ===== EM models for the G4Region  DefaultRegionForTheWorld ======
  eCoulombScattering :  Emin=      100 MeV   Emax=       10 TeV

msc:   for e+    SubType= 10
      RangeFactor= 0.02, stepLimitType: 3, latDisplacement: 1, skin= 1, geomFactor= 2.5
      ===== EM models for the G4Region  DefaultRegionForTheWorld ======
            UrbanMsc :  Emin=        0 eV    Emax=      100 MeV  Table with 120 bins Emin=    100 eV    Emax=    100 MeV
        WentzelVIUni :  Emin=      100 MeV   Emax=       10 TeV  Table with 100 bins Emin=    100 MeV   Emax=     10 TeV

eIoni:   for  e+    SubType= 2
      dE/dx and range tables from 100 eV  to 10 TeV in 220 bins
      Lambda tables from threshold to 10 TeV, 20 bins per decade, spline: 1
      finalRange(mm)= 0.01, dRoverRange= 0.2, integral: 1, fluct: 1, linLossLimit= 0.01
      ===== EM models for the G4Region  DefaultRegionForTheWorld ======
             PenIoni :  Emin=        0 eV    Emax=        1 MeV
        MollerBhabha :  Emin=        1 MeV   Emax=       10 TeV   deltaVI

eBrem:   for  e+    SubType= 3
      dE/dx and range tables from 100 eV  to 10 TeV in 220 bins
      Lambda tables from threshold to 10 TeV, 20 bins per decade, spline: 1
      LPM flag: 1 for E > 1 GeV,  VertexHighEnergyTh(GeV)= 100000
      ===== EM models for the G4Region  DefaultRegionForTheWorld ======
             eBremSB :  Emin=        0 eV    Emax=        1 GeV   AngularGen2BS
            eBremLPM :  Emin=        1 GeV   Emax=       10 TeV   AngularGen2BS

ePairProd:   for  e+    SubType= 4
      dE/dx and range tables from 100 eV  to 10 TeV in 220 bins
      Lambda tables from threshold to 10 TeV, 20 bins per decade, spline: 1
      Sampling table 21x1001 from 0.1 GeV to 10 TeV 
      ===== EM models for the G4Region  DefaultRegionForTheWorld ======
          muPairProd :  Emin=        0 eV    Emax=       10 TeV

annihil:   for  e+, integral: 1     SubType= 5  BuildTable= 0
      ===== EM models for the G4Region  DefaultRegionForTheWorld ======
            eplus2gg :  Emin=        0 eV    Emax=       10 TeV

CoulombScat:   for  e+, integral: 1     SubType= 1  BuildTable= 1
      Lambda table from 100 MeV to 10 TeV, 20 bins per decade, spline: 1
      180 < Theta(degree) < 180 pLimit(GeV^1)= 0.139531
      ===== EM models for the G4Region  DefaultRegionForTheWorld ======
  eCoulombScattering :  Emin=      100 MeV   Emax=       10 TeV

msc:   for proton    SubType= 10
      RangeFactor= 0.2, step limit type: 0, lateralDisplacement: 1, polarAngleLimit(deg)= 180
      ===== EM models for the G4Region  DefaultRegionForTheWorld ======
        WentzelVIUni :  Emin=        0 eV    Emax=       10 TeV  Table with 220 bins Emin=    100 eV    Emax=     10 TeV

hIoni:   for  proton    SubType= 2
      dE/dx and range tables from 100 eV  to 10 TeV in 220 bins
      Lambda tables from threshold to 10 TeV, 20 bins per decade, spline: 1
      finalRange(mm)= 0.01, dRoverRange= 0.1, integral: 1, fluct: 1, linLossLimit= 0.01
      ===== EM models for the G4Region  DefaultRegionForTheWorld ======
               Bragg :  Emin=        0 eV    Emax=        2 MeV   deltaVI
          BetheBloch :  Emin=        2 MeV   Emax=       10 TeV   deltaVI

hBrems:   for  proton    SubType= 3
      dE/dx and range tables from 100 eV  to 10 TeV in 220 bins
      Lambda tables from threshold to 10 TeV, 20 bins per decade, spline: 1
      ===== EM models for the G4Region  DefaultRegionForTheWorld ======
               hBrem :  Emin=        0 eV    Emax=       10 TeV

hPairProd:   for  proton    SubType= 4
      dE/dx and range tables from 100 eV  to 10 TeV in 220 bins
      Lambda tables from threshold to 10 TeV, 20 bins per decade, spline: 1
      Sampling table 13x1001 from 7.50618 GeV to 10 TeV 
      ===== EM models for the G4Region  DefaultRegionForTheWorld ======
           hPairProd :  Emin=        0 eV    Emax=       10 TeV

CoulombScat:   for  proton, integral: 1     SubType= 1  BuildTable= 1
      Used Lambda table of anti_proton
      180 < Theta(degree) < 180 pLimit(GeV^1)= 0.139531
      ===== EM models for the G4Region  DefaultRegionForTheWorld ======
  eCoulombScattering :  Emin=        0 eV    Emax=       10 TeV

nuclearStopping:   for  proton    SubType= 8  BuildTable= 0
      ===== EM models for the G4Region  DefaultRegionForTheWorld ======
   ICRU49NucStopping :  Emin=        0 eV    Emax=        1 MeV

msc:   for GenericIon    SubType= 10
      RangeFactor= 0.2, stepLimitType: 0, latDisplacement: 0
      ===== EM models for the G4Region  DefaultRegionForTheWorld ======
            UrbanMsc :  Emin=        0 eV    Emax=       10 TeV

ionIoni:   for  GenericIon    SubType= 2
      dE/dx and range tables from 100 eV  to 10 TeV in 220 bins
      Lambda tables from threshold to 10 TeV, 20 bins per decade, spline: 1
      finalRange(mm)= 0.001, dRoverRange= 0.1, integral: 1, fluct: 1, linLossLimit= 0.02
      ===== EM models for the G4Region  DefaultRegionForTheWorld ======
         ParamICRU73 :  Emin=        0 eV    Emax=       10 TeV   deltaVI

nuclearStopping:   for  GenericIon    SubType= 8  BuildTable= 0
      ===== EM models for the G4Region  DefaultRegionForTheWorld ======
   ICRU49NucStopping :  Emin=        0 eV    Emax=        1 MeV

msc:   for alpha    SubType= 10
      RangeFactor= 0.2, stepLimitType: 0, latDisplacement: 1
      ===== EM models for the G4Region  DefaultRegionForTheWorld ======
            UrbanMsc :  Emin=        0 eV    Emax=       10 TeV  Table with 220 bins Emin=    100 eV    Emax=     10 TeV

ionIoni:   for  alpha    SubType= 2
      dE/dx and range tables from 100 eV  to 10 TeV in 220 bins
      Lambda tables from threshold to 10 TeV, 20 bins per decade, spline: 1
      finalRange(mm)= 0.01, dRoverRange= 0.1, integral: 1, fluct: 1, linLossLimit= 0.02
      ===== EM models for the G4Region  DefaultRegionForTheWorld ======
            BraggIon :  Emin=        0 eV    Emax=   7.9452 MeV   deltaVI
          BetheBloch :  Emin=   7.9452 MeV   Emax=       10 TeV   deltaVI

nuclearStopping:   for  alpha    SubType= 8  BuildTable= 0
      ===== EM models for the G4Region  DefaultRegionForTheWorld ======
   ICRU49NucStopping :  Emin=        0 eV    Emax=        1 MeV

msc:   for anti_proton    SubType= 10
      RangeFactor= 0.2, step limit type: 0, lateralDisplacement: 1, polarAngleLimit(deg)= 180
      ===== EM models for the G4Region  DefaultRegionForTheWorld ======
        WentzelVIUni :  Emin=        0 eV    Emax=       10 TeV  Table with 220 bins Emin=    100 eV    Emax=     10 TeV

hIoni:   for  anti_proton    SubType= 2
      dE/dx and range tables from 100 eV  to 10 TeV in 220 bins
      Lambda tables from threshold to 10 TeV, 20 bins per decade, spline: 1
      finalRange(mm)= 0.01, dRoverRange= 0.1, integral: 1, fluct: 1, linLossLimit= 0.01
      ===== EM models for the G4Region  DefaultRegionForTheWorld ======
            ICRU73QO :  Emin=        0 eV    Emax=        2 MeV   deltaVI
          BetheBloch :  Emin=        2 MeV   Emax=       10 TeV   deltaVI

hBrems:   for  anti_proton    SubType= 3
      dE/dx and range tables from 100 eV  to 10 TeV in 220 bins
      Lambda tables from threshold to 10 TeV, 20 bins per decade, spline: 1
      ===== EM models for the G4Region  DefaultRegionForTheWorld ======
               hBrem :  Emin=        0 eV    Emax=       10 TeV

hPairProd:   for  anti_proton    SubType= 4
      dE/dx and range tables from 100 eV  to 10 TeV in 220 bins
      Lambda tables from threshold to 10 TeV, 20 bins per decade, spline: 1
      Sampling table 13x1001 from 7.50618 GeV to 10 TeV 
      ===== EM models for the G4Region  DefaultRegionForTheWorld ======
           hPairProd :  Emin=        0 eV    Emax=       10 TeV

CoulombScat:   for  anti_proton, integral: 1     SubType= 1  BuildTable= 1
      Lambda table from threshold  to 10 TeV, 20 bins per decade, spline: 1
      180 < Theta(degree) < 180 pLimit(GeV^1)= 0.139531
      ===== EM models for the G4Region  DefaultRegionForTheWorld ======
  eCoulombScattering :  Emin=        0 eV    Emax=       10 TeV

nuclearStopping:   for  anti_proton    SubType= 8  BuildTable= 0
      ===== EM models for the G4Region  DefaultRegionForTheWorld ======
   ICRU49NucStopping :  Emin=        0 eV    Emax=        1 MeV

msc:   for kaon+    SubType= 10
      RangeFactor= 0.2, step limit type: 0, lateralDisplacement: 1, polarAngleLimit(deg)= 180
      ===== EM models for the G4Region  DefaultRegionForTheWorld ======
        WentzelVIUni :  Emin=        0 eV    Emax=       10 TeV  Table with 220 bins Emin=    100 eV    Emax=     10 TeV

hIoni:   for  kaon+    SubType= 2
      dE/dx and range tables from 100 eV  to 10 TeV in 220 bins
      Lambda tables from threshold to 10 TeV, 20 bins per decade, spline: 1
      finalRange(mm)= 0.01, dRoverRange= 0.2, integral: 1, fluct: 1, linLossLimit= 0.01
      ===== EM models for the G4Region  DefaultRegionForTheWorld ======
               Bragg :  Emin=        0 eV    Emax=  1.05231 MeV   deltaVI
          BetheBloch :  Emin=  1.05231 MeV   Emax=       10 TeV   deltaVI

hBrems:   for  kaon+    SubType= 3
      dE/dx and range tables from 100 eV  to 10 TeV in 220 bins
      Lambda tables from threshold to 10 TeV, 20 bins per decade, spline: 1
      ===== EM models for the G4Region  DefaultRegionForTheWorld ======
               hBrem :  Emin=        0 eV    Emax=       10 TeV

hPairProd:   for  kaon+    SubType= 4
      dE/dx and range tables from 100 eV  to 10 TeV in 220 bins
      Lambda tables from threshold to 10 TeV, 20 bins per decade, spline: 1
      Sampling table 14x1001 from 3.94942 GeV to 10 TeV 
      ===== EM models for the G4Region  DefaultRegionForTheWorld ======
           hPairProd :  Emin=        0 eV    Emax=       10 TeV

CoulombScat:   for  kaon+, integral: 1     SubType= 1  BuildTable= 1
      Lambda table from threshold  to 10 TeV, 20 bins per decade, spline: 1
      180 < Theta(degree) < 180 pLimit(GeV^1)= 0.139531
      ===== EM models for the G4Region  DefaultRegionForTheWorld ======
  eCoulombScattering :  Emin=        0 eV    Emax=       10 TeV

msc:   for kaon-    SubType= 10
      RangeFactor= 0.2, step limit type: 0, lateralDisplacement: 1, polarAngleLimit(deg)= 180
      ===== EM models for the G4Region  DefaultRegionForTheWorld ======
        WentzelVIUni :  Emin=        0 eV    Emax=       10 TeV  Table with 220 bins Emin=    100 eV    Emax=     10 TeV

hIoni:   for  kaon-    SubType= 2
      dE/dx and range tables from 100 eV  to 10 TeV in 220 bins
      Lambda tables from threshold to 10 TeV, 20 bins per decade, spline: 1
      finalRange(mm)= 0.01, dRoverRange= 0.2, integral: 1, fluct: 1, linLossLimit= 0.01
      ===== EM models for the G4Region  DefaultRegionForTheWorld ======
            ICRU73QO :  Emin=        0 eV    Emax=  1.05231 MeV   deltaVI
          BetheBloch :  Emin=  1.05231 MeV   Emax=       10 TeV   deltaVI

hBrems:   for  kaon-    SubType= 3
      dE/dx and range tables from 100 eV  to 10 TeV in 220 bins
      Lambda tables from threshold to 10 TeV, 20 bins per decade, spline: 1
      ===== EM models for the G4Region  DefaultRegionForTheWorld ======
               hBrem :  Emin=        0 eV    Emax=       10 TeV

hPairProd:   for  kaon-    SubType= 4
      dE/dx and range tables from 100 eV  to 10 TeV in 220 bins
      Lambda tables from threshold to 10 TeV, 20 bins per decade, spline: 1
      Sampling table 14x1001 from 3.94942 GeV to 10 TeV 
      ===== EM models for the G4Region  DefaultRegionForTheWorld ======
           hPairProd :  Emin=        0 eV    Emax=       10 TeV

CoulombScat:   for  kaon-, integral: 1     SubType= 1  BuildTable= 1
      Used Lambda table of kaon+
      180 < Theta(degree) < 180 pLimit(GeV^1)= 0.139531
      ===== EM models for the G4Region  DefaultRegionForTheWorld ======
  eCoulombScattering :  Emin=        0 eV    Emax=       10 TeV

msc:   for mu+    SubType= 10
      RangeFactor= 0.2, step limit type: 0, lateralDisplacement: 1, polarAngleLimit(deg)= 180
      ===== EM models for the G4Region  DefaultRegionForTheWorld ======
        WentzelVIUni :  Emin=        0 eV    Emax=       10 TeV  Table with 220 bins Emin=    100 eV    Emax=     10 TeV

muIoni:   for  mu+    SubType= 2
      dE/dx and range tables from 100 eV  to 10 TeV in 220 bins
      Lambda tables from threshold to 10 TeV, 20 bins per decade, spline: 1
      finalRange(mm)= 0.01, dRoverRange= 0.2, integral: 1, fluct: 1, linLossLimit= 0.01
      ===== EM models for the G4Region  DefaultRegionForTheWorld ======
               Bragg :  Emin=        0 eV    Emax=      200 keV   deltaVI
          BetheBloch :  Emin=      200 keV   Emax=        1 GeV   deltaVI
        MuBetheBloch :  Emin=        1 GeV   Emax=       10 TeV

muBrems:   for  mu+    SubType= 3
      dE/dx and range tables from 100 eV  to 10 TeV in 220 bins
      Lambda tables from threshold to 10 TeV, 20 bins per decade, spline: 1
      ===== EM models for the G4Region  DefaultRegionForTheWorld ======
              MuBrem :  Emin=        0 eV    Emax=       10 TeV

muPairProd:   for  mu+    SubType= 4
      dE/dx and range tables from 100 eV  to 10 TeV in 220 bins
      Lambda tables from threshold to 10 TeV, 20 bins per decade, spline: 1
      Sampling table 17x1001 from 1 GeV to 10 TeV 
      ===== EM models for the G4Region  DefaultRegionForTheWorld ======
          muPairProd :  Emin=        0 eV    Emax=       10 TeV

CoulombScat:   for  mu+, integral: 1     SubType= 1  BuildTable= 1
      Lambda table from threshold  to 10 TeV, 20 bins per decade, spline: 1
      180 < Theta(degree) < 180 pLimit(GeV^1)= 0.139531
      ===== EM models for the G4Region  DefaultRegionForTheWorld ======
  eCoulombScattering :  Emin=        0 eV    Emax=       10 TeV

msc:   for mu-    SubType= 10
      RangeFactor= 0.2, step limit type: 0, lateralDisplacement: 1, polarAngleLimit(deg)= 180
      ===== EM models for the G4Region  DefaultRegionForTheWorld ======
        WentzelVIUni :  Emin=        0 eV    Emax=       10 TeV  Table with 220 bins Emin=    100 eV    Emax=     10 TeV

muIoni:   for  mu-    SubType= 2
      dE/dx and range tables from 100 eV  to 10 TeV in 220 bins
      Lambda tables from threshold to 10 TeV, 20 bins per decade, spline: 1
      finalRange(mm)= 0.01, dRoverRange= 0.2, integral: 1, fluct: 1, linLossLimit= 0.01
      ===== EM models for the G4Region  DefaultRegionForTheWorld ======
            ICRU73QO :  Emin=        0 eV    Emax=      200 keV   deltaVI
          BetheBloch :  Emin=      200 keV   Emax=        1 GeV   deltaVI
        MuBetheBloch :  Emin=        1 GeV   Emax=       10 TeV

muBrems:   for  mu-    SubType= 3
      dE/dx and range tables from 100 eV  to 10 TeV in 220 bins
      Lambda tables from threshold to 10 TeV, 20 bins per decade, spline: 1
      ===== EM models for the G4Region  DefaultRegionForTheWorld ======
              MuBrem :  Emin=        0 eV    Emax=       10 TeV

muPairProd:   for  mu-    SubType= 4
      dE/dx and range tables from 100 eV  to 10 TeV in 220 bins
      Lambda tables from threshold to 10 TeV, 20 bins per decade, spline: 1
      Sampling table 17x1001 from 1 GeV to 10 TeV 
      ===== EM models for the G4Region  DefaultRegionForTheWorld ======
          muPairProd :  Emin=        0 eV    Emax=       10 TeV

CoulombScat:   for  mu-, integral: 1     SubType= 1  BuildTable= 1
      Used Lambda table of mu+
      180 < Theta(degree) < 180 pLimit(GeV^1)= 0.139531
      ===== EM models for the G4Region  DefaultRegionForTheWorld ======
  eCoulombScattering :  Emin=        0 eV    Emax=       10 TeV
@@@ G4ParticleHPInelastic instantiated for particle neutron data directory variable is G4NEUTRONHPDATA pointing to /cvmfs/geant4.cern.ch/share/data/G4NDL4.5/Inelastic
NeutronHP: /Capture file for Z = 8, A = 18 is not found and NeutronHP will use /cvmfs/geant4.cern.ch/share/data/G4NDL4.5/Capture/CrossSection/8_17_Oxygen
NeutronHP: /Elastic file for Z = 8, A = 18 is not found and NeutronHP will use /cvmfs/geant4.cern.ch/share/data/G4NDL4.5/Elastic/CrossSection/8_17_Oxygen
NeutronHP: /Inelastic file for Z = 8, A = 18 is not found and NeutronHP will use /cvmfs/geant4.cern.ch/share/data/G4NDL4.5/Inelastic/CrossSection/8_17_Oxygen
NeutronHP: /Capture file for Z = 8, A = 18 is not found and NeutronHP will use /cvmfs/geant4.cern.ch/share/data/G4NDL4.5/Capture/CrossSection/8_17_Oxygen
NeutronHP: /Elastic file for Z = 8, A = 18 is not found and NeutronHP will use /cvmfs/geant4.cern.ch/share/data/G4NDL4.5/Elastic/CrossSection/8_17_Oxygen

msc:   for pi+    SubType= 10
      RangeFactor= 0.2, step limit type: 0, lateralDisplacement: 1, polarAngleLimit(deg)= 180
      ===== EM models for the G4Region  DefaultRegionForTheWorld ======
        WentzelVIUni :  Emin=        0 eV    Emax=       10 TeV  Table with 220 bins Emin=    100 eV    Emax=     10 TeV

hIoni:   for  pi+    SubType= 2
      dE/dx and range tables from 100 eV  to 10 TeV in 220 bins
      Lambda tables from threshold to 10 TeV, 20 bins per decade, spline: 1
      finalRange(mm)= 0.01, dRoverRange= 0.2, integral: 1, fluct: 1, linLossLimit= 0.01
      ===== EM models for the G4Region  DefaultRegionForTheWorld ======
               Bragg :  Emin=        0 eV    Emax=  297.505 keV   deltaVI
          BetheBloch :  Emin=  297.505 keV   Emax=       10 TeV   deltaVI

hBrems:   for  pi+    SubType= 3
      dE/dx and range tables from 100 eV  to 10 TeV in 220 bins
      Lambda tables from threshold to 10 TeV, 20 bins per decade, spline: 1
      ===== EM models for the G4Region  DefaultRegionForTheWorld ======
               hBrem :  Emin=        0 eV    Emax=       10 TeV

hPairProd:   for  pi+    SubType= 4
      dE/dx and range tables from 100 eV  to 10 TeV in 220 bins
      Lambda tables from threshold to 10 TeV, 20 bins per decade, spline: 1
      Sampling table 16x1001 from 1.11656 GeV to 10 TeV 
      ===== EM models for the G4Region  DefaultRegionForTheWorld ======
           hPairProd :  Emin=        0 eV    Emax=       10 TeV

CoulombScat:   for  pi+, integral: 1     SubType= 1  BuildTable= 1
      Lambda table from threshold  to 10 TeV, 20 bins per decade, spline: 1
      180 < Theta(degree) < 180 pLimit(GeV^1)= 0.139531
      ===== EM models for the G4Region  DefaultRegionForTheWorld ======
  eCoulombScattering :  Emin=        0 eV    Emax=       10 TeV

msc:   for pi-    SubType= 10
      RangeFactor= 0.2, step limit type: 0, lateralDisplacement: 1, polarAngleLimit(deg)= 180
      ===== EM models for the G4Region  DefaultRegionForTheWorld ======
        WentzelVIUni :  Emin=        0 eV    Emax=       10 TeV  Table with 220 bins Emin=    100 eV    Emax=     10 TeV

hIoni:   for  pi-    SubType= 2
      dE/dx and range tables from 100 eV  to 10 TeV in 220 bins
      Lambda tables from threshold to 10 TeV, 20 bins per decade, spline: 1
      finalRange(mm)= 0.01, dRoverRange= 0.2, integral: 1, fluct: 1, linLossLimit= 0.01
      ===== EM models for the G4Region  DefaultRegionForTheWorld ======
            ICRU73QO :  Emin=        0 eV    Emax=  297.505 keV   deltaVI
          BetheBloch :  Emin=  297.505 keV   Emax=       10 TeV   deltaVI

hBrems:   for  pi-    SubType= 3
      dE/dx and range tables from 100 eV  to 10 TeV in 220 bins
      Lambda tables from threshold to 10 TeV, 20 bins per decade, spline: 1
      ===== EM models for the G4Region  DefaultRegionForTheWorld ======
               hBrem :  Emin=        0 eV    Emax=       10 TeV

hPairProd:   for  pi-    SubType= 4
      dE/dx and range tables from 100 eV  to 10 TeV in 220 bins
      Lambda tables from threshold to 10 TeV, 20 bins per decade, spline: 1
      Sampling table 16x1001 from 1.11656 GeV to 10 TeV 
      ===== EM models for the G4Region  DefaultRegionForTheWorld ======
           hPairProd :  Emin=        0 eV    Emax=       10 TeV

CoulombScat:   for  pi-, integral: 1     SubType= 1  BuildTable= 1
      Used Lambda table of pi+
      180 < Theta(degree) < 180 pLimit(GeV^1)= 0.139531
      ===== EM models for the G4Region  DefaultRegionForTheWorld ======
  eCoulombScattering :  Emin=        0 eV    Emax=       10 TeV

====================================================================
                  HADRONIC PROCESSES SUMMARY (verbose level 1)

---------------------------------------------------
                           Hadronic Processes for GenericIon

  Process: ionElastic
        Model:          NNDiffuseElastic: 0 eV /n ---> 1 TeV/n
     Cr_sctns: Glauber-Gribov nucleus nucleus: 0 eV  ---> 2.88022e+295 J  
     Cr_sctns:            GheishaElastic: 0 eV  ---> 100 TeV

  Process: ionInelastic
        Model:  Binary Light Ion Cascade: 0 eV /n ---> 4 GeV/n
        Model:                      FTFP: 2 GeV/n ---> 100 TeV/n
     Cr_sctns: Glauber-Gribov nucleus nucleus: 0 eV  ---> 2.88022e+295 J  
     Cr_sctns:          GheishaInelastic: 0 eV  ---> 100 TeV

---------------------------------------------------
                           Hadronic Processes for He3

  Process: hadElastic
        Model:              hElasticLHEP: 0 eV /n ---> 100 TeV/n
     Cr_sctns: Glauber-Gribov nucleus nucleus: 0 eV  ---> 2.88022e+295 J  
     Cr_sctns:            GheishaElastic: 0 eV  ---> 100 TeV

  Process: He3Inelastic
        Model:  Binary Light Ion Cascade: 0 eV /n ---> 4 GeV/n
        Model:                      FTFP: 2 GeV/n ---> 100 TeV/n
     Cr_sctns: Glauber-Gribov nucleus nucleus: 0 eV  ---> 2.88022e+295 J  
     Cr_sctns:          GheishaInelastic: 0 eV  ---> 100 TeV

---------------------------------------------------
                           Hadronic Processes for alpha

  Process: hadElastic
        Model:              hElasticLHEP: 0 eV /n ---> 100 TeV/n
     Cr_sctns:            GheishaElastic: 0 eV  ---> 100 TeV

  Process: alphaInelastic
        Model:  Binary Light Ion Cascade: 0 eV /n ---> 4 GeV/n
        Model:                      FTFP: 2 GeV/n ---> 100 TeV/n
     Cr_sctns: Glauber-Gribov nucleus nucleus: 0 eV  ---> 2.88022e+295 J  
     Cr_sctns:          GheishaInelastic: 0 eV  ---> 100 TeV

---------------------------------------------------
                           Hadronic Processes for anti_He3

  Process: anti_He3Inelastic
        Model:                      FTFP: 0 eV /n ---> 100 TeV/n
     Cr_sctns:              AntiAGlauber: 0 eV  ---> 2.88022e+295 J  
     Cr_sctns:          GheishaInelastic: 0 eV  ---> 100 TeV

  Process: hadElastic
        Model:              hElasticLHEP: 0 eV /n ---> 100.1 MeV/n
        Model:              AntiAElastic: 100 MeV/n ---> 100 TeV/n
     Cr_sctns:              AntiAGlauber: 0 eV  ---> 2.88022e+295 J  
     Cr_sctns:            GheishaElastic: 0 eV  ---> 100 TeV

---------------------------------------------------
                           Hadronic Processes for anti_alpha

  Process: anti_alphaInelastic
        Model:                      FTFP: 0 eV /n ---> 100 TeV/n
     Cr_sctns:              AntiAGlauber: 0 eV  ---> 2.88022e+295 J  
     Cr_sctns:          GheishaInelastic: 0 eV  ---> 100 TeV

  Process: hadElastic
        Model:              hElasticLHEP: 0 eV /n ---> 100.1 MeV/n
        Model:              AntiAElastic: 100 MeV/n ---> 100 TeV/n
     Cr_sctns:              AntiAGlauber: 0 eV  ---> 2.88022e+295 J  
     Cr_sctns:            GheishaElastic: 0 eV  ---> 100 TeV

---------------------------------------------------
                           Hadronic Processes for anti_deuteron

  Process: anti_deuteronInelastic
        Model:                      FTFP: 0 eV /n ---> 100 TeV/n
     Cr_sctns:              AntiAGlauber: 0 eV  ---> 2.88022e+295 J  
     Cr_sctns:          GheishaInelastic: 0 eV  ---> 100 TeV

  Process: hadElastic
        Model:              hElasticLHEP: 0 eV /n ---> 100.1 MeV/n
        Model:              AntiAElastic: 100 MeV/n ---> 100 TeV/n
     Cr_sctns:              AntiAGlauber: 0 eV  ---> 2.88022e+295 J  
     Cr_sctns:            GheishaElastic: 0 eV  ---> 100 TeV

---------------------------------------------------
                           Hadronic Processes for anti_neutron

  Process: anti_neutronInelastic
        Model:                      FTFP: 0 eV  ---> 100 TeV
     Cr_sctns:              AntiAGlauber: 0 eV  ---> 2.88022e+295 J  
     Cr_sctns:          GheishaInelastic: 0 eV  ---> 100 TeV

  Process: hadElastic
        Model:              hElasticLHEP: 0 eV  ---> 100 TeV
     Cr_sctns:            GheishaElastic: 0 eV  ---> 100 TeV

---------------------------------------------------
                           Hadronic Processes for anti_proton

  Process: anti_protonInelastic
        Model:                      FTFP: 0 eV  ---> 100 TeV
     Cr_sctns:              AntiAGlauber: 0 eV  ---> 2.88022e+295 J  
     Cr_sctns:          GheishaInelastic: 0 eV  ---> 100 TeV

  Process: hadElastic
        Model:              hElasticLHEP: 0 eV  ---> 100.1 MeV
        Model:              AntiAElastic: 100 MeV ---> 100 TeV
     Cr_sctns:              AntiAGlauber: 0 eV  ---> 2.88022e+295 J  
     Cr_sctns:            GheishaElastic: 0 eV  ---> 100 TeV

---------------------------------------------------
                           Hadronic Processes for anti_triton

  Process: anti_tritonInelastic
        Model:                      FTFP: 0 eV /n ---> 100 TeV/n
     Cr_sctns:              AntiAGlauber: 0 eV  ---> 2.88022e+295 J  
     Cr_sctns:          GheishaInelastic: 0 eV  ---> 100 TeV

  Process: hadElastic
        Model:              hElasticLHEP: 0 eV /n ---> 100.1 MeV/n
        Model:              AntiAElastic: 100 MeV/n ---> 100 TeV/n
     Cr_sctns:              AntiAGlauber: 0 eV  ---> 2.88022e+295 J  
     Cr_sctns:            GheishaElastic: 0 eV  ---> 100 TeV

---------------------------------------------------
                           Hadronic Processes for deuteron

  Process: hadElastic
        Model:              hElasticLHEP: 0 eV /n ---> 100 TeV/n
     Cr_sctns:            GheishaElastic: 0 eV  ---> 100 TeV

  Process: dInelastic
        Model:  Binary Light Ion Cascade: 0 eV /n ---> 4 GeV/n
        Model:                      FTFP: 2 GeV/n ---> 100 TeV/n
     Cr_sctns: Glauber-Gribov nucleus nucleus: 0 eV  ---> 2.88022e+295 J  
     Cr_sctns:          GheishaInelastic: 0 eV  ---> 100 TeV

---------------------------------------------------
                           Hadronic Processes for kaon+

  Process: kaon+Inelastic
        Model:                      QGSP: 12 GeV ---> 100 TeV
        Model:                      FTFP: 9.5 GeV ---> 25 GeV
        Model:            BertiniCascade: 0 eV  ---> 9.9 GeV
     Cr_sctns:            Glauber-Gribov: 0 eV  ---> 2.88022e+295 J  
     Cr_sctns:  ChipsKaonPlusInelasticXS: 0 eV  ---> 100 TeV
     Cr_sctns:          GheishaInelastic: 0 eV  ---> 100 TeV

  Process: hadElastic
        Model:              hElasticLHEP: 0 eV  ---> 100 TeV
     Cr_sctns:            GheishaElastic: 0 eV  ---> 100 TeV

---------------------------------------------------
                           Hadronic Processes for kaon-

  Process: kaon-Inelastic
        Model:                      QGSP: 12 GeV ---> 100 TeV
        Model:                      FTFP: 9.5 GeV ---> 25 GeV
        Model:            BertiniCascade: 0 eV  ---> 9.9 GeV
     Cr_sctns:            Glauber-Gribov: 0 eV  ---> 2.88022e+295 J  
     Cr_sctns: ChipsKaonMinusInelasticXS: 0 eV  ---> 100 TeV
     Cr_sctns:          GheishaInelastic: 0 eV  ---> 100 TeV

  Process: hadElastic
        Model:              hElasticLHEP: 0 eV  ---> 100 TeV
     Cr_sctns:            GheishaElastic: 0 eV  ---> 100 TeV

---------------------------------------------------
                           Hadronic Processes for lambda

  Process: lambdaInelastic
        Model:            BertiniCascade: 0 eV  ---> 6 GeV
        Model:                      FTFP: 2 GeV ---> 100 TeV
     Cr_sctns:   ChipsHyperonInelasticXS: 0 eV  ---> 100 TeV
     Cr_sctns:          GheishaInelastic: 0 eV  ---> 100 TeV

  Process: hadElastic
        Model:              hElasticLHEP: 0 eV  ---> 100 TeV
     Cr_sctns:            GheishaElastic: 0 eV  ---> 100 TeV

---------------------------------------------------
                           Hadronic Processes for neutron

  Process: neutronInelastic
        Model:                      QGSP: 12 GeV ---> 100 TeV
        Model:                      FTFP: 9.5 GeV ---> 25 GeV
        Model:            BertiniCascade: 19.9 MeV ---> 9.9 GeV
        Model:        NeutronHPInelastic: 0 eV  ---> 20 MeV
     Cr_sctns:      NeutronHPInelasticXS: 0 eV  ---> 20 MeV
     Cr_sctns:       Barashenkov-Glauber: 0 eV  ---> 100 TeV
     Cr_sctns:       Barashenkov-Glauber: 0 eV  ---> 100 TeV
     Cr_sctns:          GheishaInelastic: 0 eV  ---> 100 TeV

  Process: nCapture
        Model:          NeutronHPCapture: 0 eV  ---> 20 MeV
        Model:               nRadCapture: 19.9 MeV ---> 100 TeV
     Cr_sctns:        NeutronHPCaptureXS: 0 eV  ---> 20 MeV
     Cr_sctns:        G4NeutronCaptureXS: 0 eV  ---> 100 TeV
     Cr_sctns:        NeutronHPCaptureXS: 0 eV  ---> 20 MeV
     Cr_sctns:          GheishaCaptureXS: 0 eV  ---> 100 TeV

  Process: nFission
        Model:          NeutronHPFission: 0 eV  ---> 20 MeV
        Model:                G4LFission: 19.9 MeV ---> 2.88022e+295 J  
     Cr_sctns:        NeutronHPFissionXS: 0 eV  ---> 20 MeV
     Cr_sctns:          GheishaFissionXS: 0 eV  ---> 100 TeV

  Process: hadElastic
        Model:             hElasticCHIPS: 19.5 MeV ---> 100 TeV
        Model:          NeutronHPElastic: 0 eV  ---> 20 MeV
     Cr_sctns:        NeutronHPElasticXS: 0 eV  ---> 20 MeV
     Cr_sctns:        G4NeutronElasticXS: 0 eV  ---> 100 TeV
     Cr_sctns:            GheishaElastic: 0 eV  ---> 100 TeV

---------------------------------------------------
                           Hadronic Processes for pi+

  Process: pi+Inelastic
        Model:                      QGSP: 12 GeV ---> 100 TeV
        Model:                      FTFP: 9.5 GeV ---> 25 GeV
        Model:            BertiniCascade: 0 eV  ---> 9.9 GeV
     Cr_sctns:      G4CrossSectionPairGG: 0 eV  ---> 100 TeV
                         G4CrossSectionPairGG: G4PiNuclearCrossSection cross sections 
                           below 91 GeV, Glauber-Gribov above 
     Cr_sctns:      G4CrossSectionPairGG: 0 eV  ---> 100 TeV
                         G4CrossSectionPairGG: G4PiNuclearCrossSection cross sections 
                           below 91 GeV, Glauber-Gribov above 
     Cr_sctns:          GheishaInelastic: 0 eV  ---> 100 TeV

  Process: hadElastic
        Model:              hElasticLHEP: 0 eV  ---> 1.0001 GeV
        Model:           hElasticGlauber: 1 GeV ---> 100 TeV
     Cr_sctns:       Barashenkov-Glauber: 0 eV  ---> 100 TeV
     Cr_sctns:            GheishaElastic: 0 eV  ---> 100 TeV

---------------------------------------------------
                           Hadronic Processes for pi-

  Process: pi-Inelastic
        Model:                      QGSP: 12 GeV ---> 100 TeV
        Model:                      FTFP: 9.5 GeV ---> 25 GeV
        Model:            BertiniCascade: 0 eV  ---> 9.9 GeV
     Cr_sctns:      G4CrossSectionPairGG: 0 eV  ---> 100 TeV
                         G4CrossSectionPairGG: G4PiNuclearCrossSection cross sections 
                           below 91 GeV, Glauber-Gribov above 
     Cr_sctns:      G4CrossSectionPairGG: 0 eV  ---> 100 TeV
                         G4CrossSectionPairGG: G4PiNuclearCrossSection cross sections 
                           below 91 GeV, Glauber-Gribov above 
     Cr_sctns:          GheishaInelastic: 0 eV  ---> 100 TeV

  Process: hadElastic
        Model:              hElasticLHEP: 0 eV  ---> 1.0001 GeV
        Model:           hElasticGlauber: 1 GeV ---> 100 TeV
     Cr_sctns:       Barashenkov-Glauber: 0 eV  ---> 100 TeV
     Cr_sctns:            GheishaElastic: 0 eV  ---> 100 TeV

---------------------------------------------------
                           Hadronic Processes for proton

  Process: protonInelastic
        Model:                      QGSP: 12 GeV ---> 100 TeV
        Model:                      FTFP: 9.5 GeV ---> 25 GeV
        Model:            BertiniCascade: 0 eV  ---> 9.9 GeV
     Cr_sctns:       Barashenkov-Glauber: 0 eV  ---> 100 TeV
     Cr_sctns:       Barashenkov-Glauber: 0 eV  ---> 100 TeV
     Cr_sctns:          GheishaInelastic: 0 eV  ---> 100 TeV

  Process: hadElastic
        Model:             hElasticCHIPS: 0 eV  ---> 100 TeV
     Cr_sctns:      ChipsProtonElasticXS: 0 eV  ---> 100 TeV
     Cr_sctns:            GheishaElastic: 0 eV  ---> 100 TeV

---------------------------------------------------
                           Hadronic Processes for triton

  Process: hadElastic
        Model:              hElasticLHEP: 0 eV /n ---> 100 TeV/n
     Cr_sctns:            GheishaElastic: 0 eV  ---> 100 TeV

  Process: tInelastic
        Model:  Binary Light Ion Cascade: 0 eV /n ---> 4 GeV/n
        Model:                      FTFP: 2 GeV/n ---> 100 TeV/n
     Cr_sctns: Glauber-Gribov nucleus nucleus: 0 eV  ---> 2.88022e+295 J  
     Cr_sctns:          GheishaInelastic: 0 eV  ---> 100 TeV

================================================================
=======================================================================
======       Pre-compound/De-excitation Physics Parameters     ========
=======================================================================
Type of pre-compound inverse x-section              3
Pre-compound model active                           1
Pre-compound low energy (MeV)                       0.1
Type of de-excitation inverse x-section             3
Type of de-excitation factory                       Evaporation
Number of de-excitation channels                    8
Min excitation energy (keV)                         0.01
Min energy per nucleon for multifragmentation (MeV) 1e+05
Level density (1/MeV)                               0.1
Time limit for long lived isomeres (ns)             1442.7
Store full level data                               1
Correlated gamma emission flag                      1
Correlated gamma emission flag                      1
Electron internal conversion ID                     0
=======================================================================

========= Table of registered couples ==============================

Index : 0     used in the geometry : Yes
 Material : G4_Galactic
 Range cuts        :  gamma  1 mm     e-  1 mm     e+  1 mm  proton 1 mm 
 Energy thresholds :  gamma  990 eV     e-  990 eV     e+  990 eV  proton 100 keV
 Region(s) which use this couple : 
    DefaultRegionForTheWorld

Index : 1     used in the geometry : Yes
 Material : G4_WATER
 Range cuts        :  gamma  1 mm     e-  1 mm     e+  1 mm  proton 1 mm 
 Energy thresholds :  gamma  2.94056 keV    e-  351.877 keV    e+  342.545 keV proton 100 keV
 Region(s) which use this couple : 
    DefaultRegionForTheWorld

Index : 2     used in the geometry : Yes
 Material : G4_B
 Range cuts        :  gamma  1 mm     e-  1 mm     e+  1 mm  proton 1 mm 
 Energy thresholds :  gamma  2.7587 keV    e-  570.85 keV    e+  548.291 keV proton 100 keV
 Region(s) which use this couple : 
    DefaultRegionForTheWorld

====================================================================

++ Target_MFD/EnergyDeposit id 0
++ Target_MFD/NumberOfSteps id 1
### Run 0 starts.
--> Event 0 starts.
--> Event 100 starts.
--> Event 200 starts.
--> Event 300 starts.
--> Event 400 starts.
--> Event 500 starts.
--> Event 600 starts.
--> Event 700 starts.
--> Event 800 starts.
--> Event 900 starts.
--> Event 1000 starts.
--> Event 1100 starts.
--> Event 1200 starts.
--> Event 1300 starts.
--> Event 1400 starts.
--> Event 1500 starts.
--> Event 1600 starts.
--> Event 1700 starts.
--> Event 1800 starts.
--> Event 1900 starts.
--> Event 2000 starts.
--> Event 2100 starts.
--> Event 2200 starts.
--> Event 2300 starts.
--> Event 2400 starts.
--> Event 2500 starts.
--> Event 2600 starts.
--> Event 2700 starts.
--> Event 2800 starts.
--> Event 2900 starts.
--> Event 3000 starts.
--> Event 3100 starts.
--> Event 3200 starts.
--> Event 3300 starts.
--> Event 3400 starts.
--> Event 3500 starts.
--> Event 3600 starts.
--> Event 3700 starts.
--> Event 3800 starts.
--> Event 3900 starts.
--> Event 4000 starts.
--> Event 4100 starts.
--> Event 4200 starts.
--> Event 4300 starts.
--> Event 4400 starts.
--> Event 4500 starts.
--> Event 4600 starts.
--> Event 4700 starts.
--> Event 4800 starts.
--> Event 4900 starts.
--> Event 5000 starts.
--> Event 5100 starts.
--> Event 5200 starts.
--> Event 5300 starts.
--> Event 5400 starts.
--> Event 5500 starts.
--> Event 5600 starts.
--> Event 5700 starts.
--> Event 5800 starts.
--> Event 5900 starts.
--> Event 6000 starts.
--> Event 6100 starts.
--> Event 6200 starts.
--> Event 6300 starts.
--> Event 6400 starts.
--> Event 6500 starts.
--> Event 6600 starts.
--> Event 6700 starts.
--> Event 6800 starts.
--> Event 6900 starts.
WARNING-G4PenelopeIonisationModel::SampleSecondaries - Negative energy deposit
--> Event 7000 starts.
--> Event 7100 starts.
--> Event 7200 starts.
--> Event 7300 starts.
--> Event 7400 starts.
--> Event 7500 starts.
--> Event 7600 starts.
--> Event 7700 starts.
--> Event 7800 starts.
--> Event 7900 starts.
--> Event 8000 starts.
--> Event 8100 starts.
--> Event 8200 starts.
--> Event 8300 starts.
--> Event 8400 starts.
--> Event 8500 starts.
--> Event 8600 starts.
--> Event 8700 starts.
--> Event 8800 starts.
--> Event 8900 starts.
--> Event 9000 starts.
--> Event 9100 starts.
--> Event 9200 starts.
--> Event 9300 starts.
--> Event 9400 starts.
--> Event 9500 starts.
--> Event 9600 starts.
--> Event 9700 starts.
--> Event 9800 starts.
--> Event 9900 starts.
 Run terminated.
Run Summary
  Number of events processed : 10000
  User=38.06s Real=38.83s Sys=0.48s
 ###### EndOfTSRunAction ###### 
============================================================
 opened file mfd_tl_EnergyDeposit.out for output
============================================================
             0          24.025551 keV
             1        2978.135231 keV
             2          46.640883 keV
             3          70.210472 keV
             4         387.875999 keV
             5          72.103837 keV
             6         579.091197 keV
             7           3.968684 keV
             9         159.664374 keV
            10         183.192385 keV
            11         180.120695 keV
            12        1235.201931 keV
            13         139.676705 keV
            14        2839.363780 keV
            15        1011.462573 keV
            16         921.427896 keV
            17         230.883034 keV
            18        2701.842760 keV
            19          15.628903 keV
            21          97.767747 keV
            22         241.969039 keV
            23         578.549662 keV
            24           0.338847 keV
            25        1623.002817 keV
            26        2273.143319 keV
            27        2932.073613 keV
            28        4714.064677 keV
            29        2245.111320 keV
            30        3380.944480 keV
            31        7074.403239 keV
            32        5039.391996 keV
            33        3520.757595 keV
            34        2963.310980 keV
            35        1529.146260 keV
            36        3266.654487 keV
            37        2475.294683 keV
            38        4501.472143 keV
            39         829.884587 keV
            40         632.136179 keV
            41        2266.900109 keV
            42        3746.490178 keV
            43        1978.675682 keV
            44        1021.219214 keV
            45         401.230937 keV
            46         365.464663 keV
            47        2043.605438 keV
            48        2433.676408 keV
            49        2035.481124 keV
            50        6881.123590 keV
            51        4161.902520 keV
            52       12520.927164 keV
            53       14189.380834 keV
            54        9086.285303 keV
            55        5099.188252 keV
            56       22350.650727 keV
            57       16076.645277 keV
            58       20831.884823 keV
            59        8290.855886 keV
            60       10544.701450 keV
            61       10291.701343 keV
            62       13992.241103 keV
            63       13535.984765 keV
            64        8537.686386 keV
            65        5884.300107 keV
            66       18690.507676 keV
            67       18873.314878 keV
            68       12740.513117 keV
            69        4928.313942 keV
            70        6257.899686 keV
            71        5437.246686 keV
            72        8447.537034 keV
            73        7300.297172 keV
            74        9375.462361 keV
            75       19029.903706 keV
            76       38417.059444 keV
            77       34639.552812 keV
            78       31716.617301 keV
            79       27965.406605 keV
            80       32541.824403 keV
            81      347747.356014 keV
            82      255212.127937 keV
            83      330189.839103 keV
            84       25840.638054 keV
            85       33286.973405 keV
            86      310958.157676 keV
            87      309908.323731 keV
            88      265976.331059 keV
            89       28177.865288 keV
            90       40072.105224 keV
            91      404083.637075 keV
            92      296973.040768 keV
            93      375477.799283 keV
            94       20552.445689 keV
            95       24164.848401 keV
            96       32762.924411 keV
            97       29956.842115 keV
            98       31065.651671 keV
            99       18943.236527 keV
           100      329077.771842 keV
           101      348571.708056 keV
           102      360672.661920 keV
           103      386503.185757 keV
           104      311460.192736 keV
           105      341820.158745 keV
           106      375620.349481 keV
           107      397577.021455 keV
           108      337531.350865 keV
           109      338358.220725 keV
           110      337420.126100 keV
           111      453594.710272 keV
           112      388393.909034 keV
           113      407849.473224 keV
           114      355053.011265 keV
           115      353179.110959 keV
           116      364775.156380 keV
           117      362830.714485 keV
           118      395382.267967 keV
           119      339122.956035 keV
           120      334224.496115 keV
           121      339721.419106 keV
           122      392351.475117 keV
           123      382337.964271 keV
           124      335492.219037 keV
============================================================
 closed file mfd_tl_EnergyDeposit.out for output
============================================================
 opened file mfd_tg_EnergyDeposit.out for output
============================================================
             0          24.025551 keV
             1        2978.135231 keV
             2          46.640883 keV
             3          70.210472 keV
             4         387.875999 keV
             5          72.103837 keV
             6         579.091197 keV
             7           3.968684 keV
             9         159.664374 keV
            10         183.192385 keV
            11         180.120695 keV
            12        1235.201931 keV
            13         139.676705 keV
            14        2839.363780 keV
            15        1011.462573 keV
            16         921.427896 keV
            17         230.883034 keV
            18        2701.842760 keV
            19          15.628903 keV
            21          97.767747 keV
            22         241.969039 keV
            23         578.549662 keV
            24           0.338847 keV
            25        1623.002817 keV
            26        2273.143319 keV
            27        2932.073613 keV
            28        4714.064677 keV
            29        2245.111320 keV
            30        3380.944480 keV
            31        7074.403239 keV
            32        5039.391996 keV
            33        3520.757595 keV
            34        2963.310980 keV
            35        1529.146260 keV
            36        3266.654487 keV
            37        2475.294683 keV
            38        4501.472143 keV
            39         829.884587 keV
            40         632.136179 keV
            41        2266.900109 keV
            42        3746.490178 keV
            43        1978.675682 keV
            44        1021.219214 keV
            45         401.230937 keV
            46         365.464663 keV
            47        2043.605438 keV
            48        2433.676408 keV
            49        2035.481124 keV
            50        6881.123590 keV
            51        4161.902520 keV
            52       12520.927164 keV
            53       14189.380834 keV
            54        9086.285303 keV
            55        5099.188252 keV
            56       22350.650727 keV
            57       16076.645277 keV
            58       20831.884823 keV
            59        8290.855886 keV
            60       10544.701450 keV
            61       10291.701343 keV
            62       13992.241103 keV
            63       13535.984765 keV
            64        8537.686386 keV
            65        5884.300107 keV
            66       18690.507676 keV
            67       18873.314878 keV
            68       12740.513117 keV
            69        4928.313942 keV
            70        6257.899686 keV
            71        5437.246686 keV
            72        8447.537034 keV
            73        7300.297172 keV
            74        9375.462361 keV
            75       19029.903706 keV
            76       38417.059444 keV
            77       34639.552812 keV
            78       31716.617301 keV
            79       27965.406605 keV
            80       32541.824403 keV
            81      347747.356014 keV
            82      255212.127937 keV
            83      330189.839103 keV
            84       25840.638054 keV
            85       33286.973405 keV
            86      310958.157676 keV
            87      309908.323731 keV
            88      265976.331059 keV
            89       28177.865288 keV
            90       40072.105224 keV
            91      404083.637075 keV
            92      296973.040768 keV
            93      375477.799283 keV
            94       20552.445689 keV
            95       24164.848401 keV
            96       32762.924411 keV
            97       29956.842115 keV
            98       31065.651671 keV
            99       18943.236527 keV
           100      329077.771842 keV
           101      348571.708056 keV
           102      360672.661920 keV
           103      386503.185757 keV
           104      311460.192736 keV
           105      341820.158745 keV
           106      375620.349481 keV
           107      397577.021455 keV
           108      337531.350865 keV
           109      338358.220725 keV
           110      337420.126100 keV
           111      453594.710272 keV
           112      388393.909034 keV
           113      407849.473224 keV
           114      355053.011265 keV
           115      353179.110959 keV
           116      364775.156380 keV
           117      362830.714485 keV
           118      395382.267967 keV
           119      339122.956035 keV
           120      334224.496115 keV
           121      339721.419106 keV
           122      392351.475117 keV
           123      382337.964271 keV
           124      335492.219037 keV
============================================================
 closed file mfd_tg_EnergyDeposit.out for output
============================================================
 opened file mfd_tl_NumberOfSteps.out for output
============================================================
             0          10.000000 steps
             1         120.000000 steps
             2          25.000000 steps
             3          29.000000 steps
             4          32.000000 steps
             5          16.000000 steps
             6          64.000000 steps
             7           9.000000 steps
             8           6.000000 steps
             9          26.000000 steps
            10          21.000000 steps
            11          25.000000 steps
            12          56.000000 steps
            13          32.000000 steps
            14         135.000000 steps
            15          39.000000 steps
            16          64.000000 steps
            17          46.000000 steps
            18          70.000000 steps
            19          10.000000 steps
            20           3.000000 steps
            21          31.000000 steps
            22          42.000000 steps
            23          66.000000 steps
            24          10.000000 steps
            25         100.000000 steps
            26         117.000000 steps
            27         123.000000 steps
            28         173.000000 steps
            29         148.000000 steps
            30         231.000000 steps
            31         255.000000 steps
            32         194.000000 steps
            33         219.000000 steps
            34         114.000000 steps
            35         120.000000 steps
            36         119.000000 steps
            37         153.000000 steps
            38         266.000000 steps
            39         140.000000 steps
            40          97.000000 steps
            41         166.000000 steps
            42         296.000000 steps
            43         162.000000 steps
            44          97.000000 steps
            45          55.000000 steps
            46          60.000000 steps
            47          99.000000 steps
            48         199.000000 steps
            49         116.000000 steps
            50         393.000000 steps
            51         423.000000 steps
            52         701.000000 steps
            53         529.000000 steps
            54         537.000000 steps
            55         440.000000 steps
            56         797.000000 steps
            57         859.000000 steps
            58         593.000000 steps
            59         375.000000 steps
            60         679.000000 steps
            61         708.000000 steps
            62         815.000000 steps
            63         691.000000 steps
            64         695.000000 steps
            65         409.000000 steps
            66         672.000000 steps
            67         996.000000 steps
            68         704.000000 steps
            69         451.000000 steps
            70         404.000000 steps
            71         356.000000 steps
            72         499.000000 steps
            73         483.000000 steps
            74         473.000000 steps
            75        2652.000000 steps
            76        3499.000000 steps
            77        3295.000000 steps
            78        3576.000000 steps
            79        3495.000000 steps
            80        3819.000000 steps
            81        3735.000000 steps
            82        3405.000000 steps
            83        3128.000000 steps
            84        3875.000000 steps
            85        4197.000000 steps
            86        3959.000000 steps
            87        3706.000000 steps
            88        3006.000000 steps
            89        3785.000000 steps
            90        4191.000000 steps
            91        3632.000000 steps
            92        3527.000000 steps
            93        3037.000000 steps
            94        2580.000000 steps
            95        2737.000000 steps
            96        3749.000000 steps
            97        3486.000000 steps
            98        3792.000000 steps
            99        2590.000000 steps
           100       13979.000000 steps
           101       18008.000000 steps
           102       17278.000000 steps
           103       17981.000000 steps
           104       14138.000000 steps
           105       17643.000000 steps
           106       22947.000000 steps
           107       21807.000000 steps
           108       20245.000000 steps
           109       18756.000000 steps
           110       18372.000000 steps
           111       25900.000000 steps
           112       22975.000000 steps
           113       23588.000000 steps
           114       18174.000000 steps
           115       18537.000000 steps
           116       22895.000000 steps
           117       21494.000000 steps
           118       23856.000000 steps
           119       17863.000000 steps
           120       14520.000000 steps
           121       18044.000000 steps
           122       19358.000000 steps
           123       19200.000000 steps
           124       13957.000000 steps
============================================================
 closed file mfd_tl_NumberOfSteps.out for output
============================================================
 opened file mfd_tg_NumberOfSteps.out for output
============================================================
             0          10.000000 steps
             1         120.000000 steps
             2          25.000000 steps
             3          29.000000 steps
             4          32.000000 steps
             5          16.000000 steps
             6          64.000000 steps
             7           9.000000 steps
             8           6.000000 steps
             9          26.000000 steps
            10          21.000000 steps
            11          25.000000 steps
            12          56.000000 steps
            13          32.000000 steps
            14         135.000000 steps
            15          39.000000 steps
            16          64.000000 steps
            17          46.000000 steps
            18          70.000000 steps
            19          10.000000 steps
            20           3.000000 steps
            21          31.000000 steps
            22          42.000000 steps
            23          66.000000 steps
            24          10.000000 steps
            25         100.000000 steps
            26         117.000000 steps
            27         123.000000 steps
            28         173.000000 steps
            29         148.000000 steps
            30         231.000000 steps
            31         255.000000 steps
            32         194.000000 steps
            33         219.000000 steps
            34         114.000000 steps
            35         120.000000 steps
            36         119.000000 steps
            37         153.000000 steps
            38         266.000000 steps
            39         140.000000 steps
            40          97.000000 steps
            41         166.000000 steps
            42         296.000000 steps
            43         162.000000 steps
            44          97.000000 steps
            45          55.000000 steps
            46          60.000000 steps
            47          99.000000 steps
            48         199.000000 steps
            49         116.000000 steps
            50         393.000000 steps
            51         423.000000 steps
            52         701.000000 steps
            53         529.000000 steps
            54         537.000000 steps
            55         440.000000 steps
            56         797.000000 steps
            57         859.000000 steps
            58         593.000000 steps
            59         375.000000 steps
            60         679.000000 steps
            61         708.000000 steps
            62         815.000000 steps
            63         691.000000 steps
            64         695.000000 steps
            65         409.000000 steps
            66         672.000000 steps
            67         996.000000 steps
            68         704.000000 steps
            69         451.000000 steps
            70         404.000000 steps
            71         356.000000 steps
            72         499.000000 steps
            73         483.000000 steps
            74         473.000000 steps
            75        2652.000000 steps
            76        3499.000000 steps
            77        3295.000000 steps
            78        3576.000000 steps
            79        3495.000000 steps
            80        3819.000000 steps
            81        3735.000000 steps
            82        3405.000000 steps
            83        3128.000000 steps
            84        3875.000000 steps
            85        4197.000000 steps
            86        3959.000000 steps
            87        3706.000000 steps
            88        3006.000000 steps
            89        3785.000000 steps
            90        4191.000000 steps
            91        3632.000000 steps
            92        3527.000000 steps
            93        3037.000000 steps
            94        2580.000000 steps
            95        2737.000000 steps
            96        3749.000000 steps
            97        3486.000000 steps
            98        3792.000000 steps
            99        2590.000000 steps
           100       13979.000000 steps
           101       18008.000000 steps
           102       17278.000000 steps
           103       17981.000000 steps
           104       14138.000000 steps
           105       17643.000000 steps
           106       22947.000000 steps
           107       21807.000000 steps
           108       20245.000000 steps
           109       18756.000000 steps
           110       18372.000000 steps
           111       25900.000000 steps
           112       22975.000000 steps
           113       23588.000000 steps
           114       18174.000000 steps
           115       18537.000000 steps
           116       22895.000000 steps
           117       21494.000000 steps
           118       23856.000000 steps
           119       17863.000000 steps
           120       14520.000000 steps
           121       18044.000000 steps
           122       19358.000000 steps
           123       19200.000000 steps
           124       13957.000000 steps
============================================================
 closed file mfd_tg_NumberOfSteps.out for output
============================================================
 opened file mfd_diff.out for difference output
============================================================
 closed file mfd_diff.out for difference output
============================================================
Graphics systems deleted.
Visualization Manager deleting...
G4 kernel has come to Quit state.
================== Deleting memory pools ===================
Number of memory pools allocated: 13 of which, static: 0
Dynamic pools deleted: 13 / Total memory freed: 0.056 MB
============================================================
RunManagerKernel is deleted. Good bye :)
