Collection name='THashList', class='THashList', size=4
 TKey Name = Event_1, Title = object title, Cycle = 1
 TKey Name = Event_2, Title = object title, Cycle = 1
 TKey Name = Event_3, Title = object title, Cycle = 1
 TKey Name = Event_4, Title = object title, Cycle = 1
Collection: Event_1
Number of hits: 91
  trackID: 1  chamberNb: 0  energy deposit[MeV]: 0.0172809  position[mm]: (0.625002,1.96566,-1556.39)
  trackID: 1  chamberNb: 0  energy deposit[MeV]: 0.0401209  position[mm]: (0.696156,2.28302,-1447.86)
  trackID: 1  chamberNb: 0  energy deposit[MeV]: 0.012411  position[mm]: (0.732739,2.40332,-1400)
  trackID: 1  chamberNb: 1  energy deposit[MeV]: 0.0688403  position[mm]: (1.24468,4.38777,-600)
  trackID: 1  chamberNb: 2  energy deposit[MeV]: 0.0214917  position[mm]: (1.56897,5.78908,68.8917)
  trackID: 1  chamberNb: 2  energy deposit[MeV]: 0.0117086  position[mm]: (1.59608,5.87332,113.907)
  trackID: 1  chamberNb: 2  energy deposit[MeV]: 0.0194367  position[mm]: (1.62415,5.96212,160.628)
  trackID: 1  chamberNb: 2  energy deposit[MeV]: 0.0076575  position[mm]: (1.63108,6.0058,183.367)
  trackID: 1  chamberNb: 2  energy deposit[MeV]: 0.00094126  position[mm]: (1.63143,6.0124,186.468)
  trackID: 1  chamberNb: 2  energy deposit[MeV]: 0.00224259  position[mm]: (1.63252,6.04087,200)
  trackID: 1  chamberNb: 3  energy deposit[MeV]: 0.0280622  position[mm]: (1.93785,7.36054,879.344)
  trackID: 1  chamberNb: 3  energy deposit[MeV]: 0.0406698  position[mm]: (1.9439,7.63808,1000)
  trackID: 1  chamberNb: 4  energy deposit[MeV]: 0.0093943  position[mm]: (2.20784,9.00687,1627.93)
  trackID: 1  chamberNb: 4  energy deposit[MeV]: 0.0139977  position[mm]: (2.21313,9.11752,1678.54)
  trackID: 1  chamberNb: 4  energy deposit[MeV]: 0.0234516  position[mm]: (2.21096,9.21059,1722.23)
  trackID: 1  chamberNb: 4  energy deposit[MeV]: 0.0151531  position[mm]: (2.21721,9.28826,1758.79)
  trackID: 1  chamberNb: 4  energy deposit[MeV]: 0.0150432  position[mm]: (2.22892,9.36256,1800)
  trackID: 49  chamberNb: 4  energy deposit[MeV]: 0.00472861  position[mm]: (2.20017,9.32849,1758.79)
  trackID: 48  chamberNb: 4  energy deposit[MeV]: 0.00163189  position[mm]: (2.20525,9.20164,1722.24)
  trackID: 47  chamberNb: 4  energy deposit[MeV]: 0.00155786  position[mm]: (2.20356,9.11437,1678.54)
  trackID: 42  chamberNb: 3  energy deposit[MeV]: 0.003351  position[mm]: (1.9605,7.34571,879.346)
  trackID: 38  chamberNb: 3  energy deposit[MeV]: 0.0025269  position[mm]: (46.9345,-213.235,802.363)
  trackID: 38  chamberNb: 3  energy deposit[MeV]: 0.000237841  position[mm]: (46.9946,-213.672,803.196)
  trackID: 38  chamberNb: 3  energy deposit[MeV]: 0.0102717  position[mm]: (53.3772,-215.378,811.306)
  trackID: 38  chamberNb: 3  energy deposit[MeV]: 0.00111084  position[mm]: (55.7245,-215.397,812.766)
  trackID: 38  chamberNb: 3  energy deposit[MeV]: 0.000307  position[mm]: (56.2735,-215.611,813.528)
  trackID: 38  chamberNb: 3  energy deposit[MeV]: 0.00146572  position[mm]: (57.6485,-215.599,814.914)
  trackID: 38  chamberNb: 3  energy deposit[MeV]: 0.014998  position[mm]: (71.2046,-226.333,821.853)
  trackID: 38  chamberNb: 3  energy deposit[MeV]: 0.0190692  position[mm]: (82.6227,-214.556,815.499)
  trackID: 38  chamberNb: 3  energy deposit[MeV]: 0.00542897  position[mm]: (83.8412,-210.123,817.523)
  trackID: 38  chamberNb: 3  energy deposit[MeV]: 0.00229365  position[mm]: (84.2445,-209.242,818.699)
  trackID: 38  chamberNb: 3  energy deposit[MeV]: 0.0182175  position[mm]: (86.7972,-196.289,818.921)
  trackID: 38  chamberNb: 3  energy deposit[MeV]: 0.00528751  position[mm]: (88.8618,-192.267,821.344)
  trackID: 38  chamberNb: 3  energy deposit[MeV]: 0.00630825  position[mm]: (88.6733,-189.7,821.137)
  trackID: 38  chamberNb: 3  energy deposit[MeV]: 0.00694572  position[mm]: (89.4844,-189.053,819.501)
  trackID: 38  chamberNb: 3  energy deposit[MeV]: 0.00596983  position[mm]: (90.3186,-189.646,820.666)
  trackID: 38  chamberNb: 3  energy deposit[MeV]: 0.00631842  position[mm]: (89.6958,-188.996,820.191)
  trackID: 38  chamberNb: 3  energy deposit[MeV]: 0.00641589  position[mm]: (89.5833,-188.385,820.293)
  trackID: 38  chamberNb: 3  energy deposit[MeV]: 0.00128387  position[mm]: (89.7945,-188.154,820.412)
  trackID: 38  chamberNb: 3  energy deposit[MeV]: 1.8128e-05  position[mm]: (89.7686,-188.123,820.338)
  trackID: 38  chamberNb: 3  energy deposit[MeV]: 0.00817885  position[mm]: (89.9265,-187.984,820.289)
  trackID: 38  chamberNb: 3  energy deposit[MeV]: 0.00543851  position[mm]: (89.9104,-188.006,820.242)
  trackID: 92  chamberNb: 3  energy deposit[MeV]: 0.00421701  position[mm]: (89.7641,-188.176,820.413)
  trackID: 91  chamberNb: 3  energy deposit[MeV]: 0.00177824  position[mm]: (89.5905,-188.387,820.284)
  trackID: 90  chamberNb: 3  energy deposit[MeV]: 0.00602869  position[mm]: (89.6847,-189.008,820.251)
  trackID: 89  chamberNb: 3  energy deposit[MeV]: 0.00270515  position[mm]: (90.3132,-189.66,820.652)
  trackID: 88  chamberNb: 3  energy deposit[MeV]: 0.00165452  position[mm]: (89.4819,-189.063,819.498)
  trackID: 87  chamberNb: 3  energy deposit[MeV]: 0.00378312  position[mm]: (88.6945,-189.683,821.154)
  trackID: 86  chamberNb: 3  energy deposit[MeV]: 0.00704477  position[mm]: (88.9782,-192.245,821.463)
  trackID: 86  chamberNb: 3  energy deposit[MeV]: 0.00460817  position[mm]: (88.9621,-192.223,821.495)
  trackID: 85  chamberNb: 3  energy deposit[MeV]: 0.00739884  position[mm]: (83.7922,-210.084,817.469)
  trackID: 84  chamberNb: 3  energy deposit[MeV]: 0.00251892  position[mm]: (82.6376,-214.565,815.506)
  trackID: 83  chamberNb: 3  energy deposit[MeV]: 0.00156586  position[mm]: (71.2013,-226.343,821.853)
  trackID: 82  chamberNb: 3  energy deposit[MeV]: 0.00198614  position[mm]: (57.6571,-215.608,814.909)
  trackID: 81  chamberNb: 3  energy deposit[MeV]: 0.00268448  position[mm]: (56.2574,-215.615,813.54)
  trackID: 80  chamberNb: 3  energy deposit[MeV]: 0.0020068  position[mm]: (55.734,-215.396,812.756)
  trackID: 79  chamberNb: 3  energy deposit[MeV]: 0.00275544  position[mm]: (53.3922,-215.374,811.292)
  trackID: 78  chamberNb: 3  energy deposit[MeV]: 0.00331726  position[mm]: (46.9737,-213.663,803.21)
  trackID: 77  chamberNb: 3  energy deposit[MeV]: 0.00113507  position[mm]: (46.08,-213.626,803.07)
  trackID: 77  chamberNb: 3  energy deposit[MeV]: 0.00190098  position[mm]: (45.2601,-214.845,803.128)
  trackID: 77  chamberNb: 3  energy deposit[MeV]: 0.0041038  position[mm]: (43.791,-215.352,803.514)
  trackID: 77  chamberNb: 3  energy deposit[MeV]: 0.000866814  position[mm]: (43.4327,-215.592,803.519)
  trackID: 77  chamberNb: 3  energy deposit[MeV]: 0.00118235  position[mm]: (43.4069,-216.192,802.012)
  trackID: 77  chamberNb: 3  energy deposit[MeV]: 0.00359501  position[mm]: (43.8429,-216.904,801.313)
  trackID: 77  chamberNb: 3  energy deposit[MeV]: 0.00122245  position[mm]: (44.4042,-217.227,800.824)
  trackID: 77  chamberNb: 3  energy deposit[MeV]: 0.00269099  position[mm]: (45.0428,-217.416,800.409)
  trackID: 77  chamberNb: 3  energy deposit[MeV]: 0.00319872  position[mm]: (45.146,-217.91,800.241)
  trackID: 77  chamberNb: 3  energy deposit[MeV]: 0.00250521  position[mm]: (44.879,-218.53,800.235)
  trackID: 77  chamberNb: 3  energy deposit[MeV]: 0.000540598  position[mm]: (44.4824,-218.592,800.6)
  trackID: 77  chamberNb: 3  energy deposit[MeV]: 0.00127483  position[mm]: (44.0094,-218.008,800.978)
  trackID: 77  chamberNb: 3  energy deposit[MeV]: 0.00238692  position[mm]: (44.0395,-217.254,801.077)
  trackID: 77  chamberNb: 3  energy deposit[MeV]: 0.0025008  position[mm]: (43.9105,-216.392,801.319)
  trackID: 77  chamberNb: 3  energy deposit[MeV]: 0.00792364  position[mm]: (43.8195,-215.686,801.389)
  trackID: 77  chamberNb: 3  energy deposit[MeV]: 0.00961901  position[mm]: (43.7366,-215.597,801.365)
  trackID: 93  chamberNb: 3  energy deposit[MeV]: 0.00207134  position[mm]: (43.4339,-215.585,803.507)
  trackID: 34  chamberNb: 2  energy deposit[MeV]: 0.00259501  position[mm]: (2.11186,6.56933,186.599)
  trackID: 34  chamberNb: 2  energy deposit[MeV]: 0.00410755  position[mm]: (1.8999,6.70465,186.102)
  trackID: 34  chamberNb: 2  energy deposit[MeV]: 0.00859561  position[mm]: (2.02194,6.57298,186.531)
  trackID: 34  chamberNb: 2  energy deposit[MeV]: 0.00488235  position[mm]: (2.0662,6.78521,186.57)
  trackID: 34  chamberNb: 2  energy deposit[MeV]: 0.00892002  position[mm]: (2.14057,6.76904,186.49)
  trackID: 94  chamberNb: 2  energy deposit[MeV]: 0.00197199  position[mm]: (2.11734,6.58132,186.6)
  trackID: 33  chamberNb: 2  energy deposit[MeV]: 0.00174624  position[mm]: (1.63367,6.01696,183.367)
  trackID: 32  chamberNb: 2  energy deposit[MeV]: 0.0010977  position[mm]: (1.60267,6.10429,160.643)
  trackID: 32  chamberNb: 2  energy deposit[MeV]: 0.00827128  position[mm]: (1.65137,6.14709,160.717)
  trackID: 95  chamberNb: 2  energy deposit[MeV]: 0.00150449  position[mm]: (1.59674,6.10004,160.649)
  trackID: 31  chamberNb: 2  energy deposit[MeV]: 0.00141497  position[mm]: (1.60305,5.8676,113.907)
  trackID: 30  chamberNb: 2  energy deposit[MeV]: 0.000611284  position[mm]: (1.4899,5.7654,68.8994)
  trackID: 30  chamberNb: 2  energy deposit[MeV]: 0.00597605  position[mm]: (1.51863,5.78099,68.9516)
  trackID: 96  chamberNb: 2  energy deposit[MeV]: 0.0017327  position[mm]: (1.49646,5.77267,68.8937)
  trackID: 15  chamberNb: 0  energy deposit[MeV]: 0.00550572  position[mm]: (0.750014,2.27414,-1447.86)
  trackID: 14  chamberNb: 0  energy deposit[MeV]: 0.00400474  position[mm]: (0.643208,1.93652,-1556.38)
Collection: Event_2
Number of hits: 60
  trackID: 1  chamberNb: 0  energy deposit[MeV]: 0.0152621  position[mm]: (-75.1599,11.9281,-1567.77)
  trackID: 1  chamberNb: 0  energy deposit[MeV]: 0.0120824  position[mm]: (-77.9654,12.2913,-1535.5)
  trackID: 1  chamberNb: 0  energy deposit[MeV]: 0.00837302  position[mm]: (-79.836,12.5089,-1514.57)
  trackID: 1  chamberNb: 0  energy deposit[MeV]: 0.00247549  position[mm]: (-80.5885,12.6056,-1506.2)
  trackID: 1  chamberNb: 0  energy deposit[MeV]: 0.0357596  position[mm]: (-90.1924,13.7868,-1400)
  trackID: 1  chamberNb: 1  energy deposit[MeV]: 0.040246  position[mm]: (-151.935,21.8061,-713.958)
  trackID: 1  chamberNb: 1  energy deposit[MeV]: 0.00986865  position[mm]: (-155.582,22.2391,-673.636)
  trackID: 1  chamberNb: 1  energy deposit[MeV]: 0.0131167  position[mm]: (-158.466,22.671,-641.972)
  trackID: 1  chamberNb: 1  energy deposit[MeV]: 0.0199725  position[mm]: (-162.203,23.2721,-600)
  trackID: 1  chamberNb: 2  energy deposit[MeV]: 0.0006964  position[mm]: (-216.177,31.4832,2.45819)
  trackID: 1  chamberNb: 2  energy deposit[MeV]: 0.00128991  position[mm]: (-216.378,31.509,4.66684)
  trackID: 1  chamberNb: 2  energy deposit[MeV]: 0.0153004  position[mm]: (-220.163,31.9813,46.2461)
  trackID: 1  chamberNb: 2  energy deposit[MeV]: 0.045461  position[mm]: (-232.69,33.3319,180.985)
  trackID: 1  chamberNb: 2  energy deposit[MeV]: 0.00705474  position[mm]: (-234.094,33.446,196.013)
  trackID: 1  chamberNb: 2  energy deposit[MeV]: 0.00289432  position[mm]: (-234.465,33.4793,200)
  trackID: 1  chamberNb: 3  energy deposit[MeV]: 0.00916419  position[mm]: (-292.712,38.0413,831.652)
  trackID: 1  chamberNb: 3  energy deposit[MeV]: 0.00599096  position[mm]: (-294.173,38.1322,848.31)
  trackID: 1  chamberNb: 3  energy deposit[MeV]: 0.0150817  position[mm]: (-296.589,38.2698,875.938)
  trackID: 1  chamberNb: 3  energy deposit[MeV]: 0.0491926  position[mm]: (-307.495,38.9154,1000)
  trackID: 1  chamberNb: 4  energy deposit[MeV]: 0.015127  position[mm]: (-363.782,45.8512,1631.58)
  trackID: 1  chamberNb: 4  energy deposit[MeV]: 0.00761055  position[mm]: (-366.241,46.15,1660.53)
  trackID: 1  chamberNb: 4  energy deposit[MeV]: 0.0108858  position[mm]: (-368.682,46.4456,1690.29)
  trackID: 1  chamberNb: 4  energy deposit[MeV]: 0.00694555  position[mm]: (-370.704,46.7323,1714.9)
  trackID: 1  chamberNb: 4  energy deposit[MeV]: 0.00424731  position[mm]: (-373.116,47.0624,1744.76)
  trackID: 1  chamberNb: 4  energy deposit[MeV]: 0.00587887  position[mm]: (-374.771,47.2592,1764.95)
  trackID: 1  chamberNb: 4  energy deposit[MeV]: 0.0115022  position[mm]: (-377.653,47.6555,1800)
  trackID: 67  chamberNb: 4  energy deposit[MeV]: 0.00444602  position[mm]: (-374.733,47.2493,1764.96)
  trackID: 66  chamberNb: 4  energy deposit[MeV]: 0.00188225  position[mm]: (-373.103,47.0607,1744.76)
  trackID: 65  chamberNb: 4  energy deposit[MeV]: 0.00201889  position[mm]: (-370.697,46.7441,1714.9)
  trackID: 64  chamberNb: 4  energy deposit[MeV]: 0.00711251  position[mm]: (-368.607,46.1404,1690.34)
  trackID: 64  chamberNb: 4  energy deposit[MeV]: 0.00499352  position[mm]: (-368.488,46.0748,1690.31)
  trackID: 64  chamberNb: 4  energy deposit[MeV]: 0.00392349  position[mm]: (-368.47,46.1023,1690.31)
  trackID: 80  chamberNb: 4  energy deposit[MeV]: 0.00155095  position[mm]: (-368.48,46.0722,1690.3)
  trackID: 63  chamberNb: 4  energy deposit[MeV]: 0.00153993  position[mm]: (-366.248,46.1572,1660.53)
  trackID: 62  chamberNb: 4  energy deposit[MeV]: 0.00146524  position[mm]: (-363.781,45.842,1631.58)
  trackID: 54  chamberNb: 3  energy deposit[MeV]: 0.00385202  position[mm]: (-296.557,38.2656,875.943)
  trackID: 53  chamberNb: 3  energy deposit[MeV]: 0.00375618  position[mm]: (-294.144,38.1209,848.315)
  trackID: 52  chamberNb: 3  energy deposit[MeV]: 0.00164639  position[mm]: (-292.702,38.0436,831.653)
  trackID: 42  chamberNb: 2  energy deposit[MeV]: 0.00362125  position[mm]: (-234.088,33.4168,196.016)
  trackID: 41  chamberNb: 2  energy deposit[MeV]: 0.00140486  position[mm]: (-232.699,33.3326,180.984)
  trackID: 40  chamberNb: 2  energy deposit[MeV]: 0.0102852  position[mm]: (-220.282,31.7868,46.2652)
  trackID: 40  chamberNb: 2  energy deposit[MeV]: 0.0038545  position[mm]: (-220.254,31.7867,46.2823)
  trackID: 39  chamberNb: 2  energy deposit[MeV]: 0.00905792  position[mm]: (-216.311,31.599,4.68303)
  trackID: 38  chamberNb: 2  energy deposit[MeV]: 0.00170487  position[mm]: (-215.915,32.04,3.35939)
  trackID: 38  chamberNb: 2  energy deposit[MeV]: 0.00580694  position[mm]: (-215.732,32.2079,3.69569)
  trackID: 38  chamberNb: 2  energy deposit[MeV]: 0.00103865  position[mm]: (-215.845,32.19,3.55069)
  trackID: 38  chamberNb: 2  energy deposit[MeV]: 0.00326287  position[mm]: (-215.831,32.2281,3.47981)
  trackID: 38  chamberNb: 2  energy deposit[MeV]: 0.00260548  position[mm]: (-215.846,32.2157,3.47922)
  trackID: 87  chamberNb: 2  energy deposit[MeV]: 0.0014135  position[mm]: (-215.828,32.2232,3.48641)
  trackID: 86  chamberNb: 2  energy deposit[MeV]: 0.00092656  position[mm]: (-216.082,31.0929,2.04135)
  trackID: 88  chamberNb: 2  energy deposit[MeV]: 0.00317494  position[mm]: (-216.106,31.087,2.03735)
  trackID: 85  chamberNb: 2  energy deposit[MeV]: 0.00275149  position[mm]: (-215.717,32.1988,3.68476)
  trackID: 84  chamberNb: 2  energy deposit[MeV]: 0.00341796  position[mm]: (-215.897,32.0188,3.36043)
  trackID: 31  chamberNb: 1  energy deposit[MeV]: 0.00138305  position[mm]: (-158.458,22.6758,-641.971)
  trackID: 30  chamberNb: 1  energy deposit[MeV]: 0.00832123  position[mm]: (-155.496,22.2855,-673.62)
  trackID: 29  chamberNb: 1  energy deposit[MeV]: 0.0025765  position[mm]: (-151.952,21.798,-713.959)
  trackID: 21  chamberNb: 0  energy deposit[MeV]: 0.00181873  position[mm]: (-80.5917,12.594,-1506.2)
  trackID: 20  chamberNb: 0  energy deposit[MeV]: 0.00179595  position[mm]: (-79.8297,12.5189,-1514.56)
  trackID: 19  chamberNb: 0  energy deposit[MeV]: 0.00310765  position[mm]: (-77.9623,12.267,-1535.49)
  trackID: 18  chamberNb: 0  energy deposit[MeV]: 0.00254841  position[mm]: (-75.1756,11.9178,-1567.77)
Collection: Event_3
Number of hits: 116
  trackID: 1  chamberNb: 0  energy deposit[MeV]: 0.0396853  position[mm]: (66.2575,39.9084,-1484.99)
  trackID: 1  chamberNb: 0  energy deposit[MeV]: 0.0102566  position[mm]: (69.9564,42.3642,-1439.66)
  trackID: 1  chamberNb: 0  energy deposit[MeV]: 0.0154524  position[mm]: (73.1866,44.6886,-1400)
  trackID: 1  chamberNb: 1  energy deposit[MeV]: 0.0102951  position[mm]: (123.072,81.2146,-776.667)
  trackID: 1  chamberNb: 1  energy deposit[MeV]: 0.00112464  position[mm]: (123.295,81.3765,-773.83)
  trackID: 1  chamberNb: 1  energy deposit[MeV]: 0.0103329  position[mm]: (125.553,82.9961,-745.214)
  trackID: 1  chamberNb: 1  energy deposit[MeV]: 0.00441504  position[mm]: (126.288,83.55,-735.855)
  trackID: 1  chamberNb: 1  energy deposit[MeV]: 0.00393379  position[mm]: (127.547,84.5233,-719.611)
  trackID: 1  chamberNb: 1  energy deposit[MeV]: 0.00594356  position[mm]: (129.222,85.8991,-697.104)
  trackID: 1  chamberNb: 1  energy deposit[MeV]: 0.0128949  position[mm]: (132.212,88.3968,-657.764)
  trackID: 1  chamberNb: 1  energy deposit[MeV]: 0.0160195  position[mm]: (136.507,92.0453,-600)
  trackID: 1  chamberNb: 2  energy deposit[MeV]: 0.00248858  position[mm]: (180.684,130.416,10.8316)
  trackID: 1  chamberNb: 2  energy deposit[MeV]: 9.78383e-05  position[mm]: (180.706,130.435,11.1419)
  trackID: 1  chamberNb: 2  energy deposit[MeV]: 0.0234708  position[mm]: (185.01,134.127,71.4574)
  trackID: 1  chamberNb: 2  energy deposit[MeV]: 0.00333768  position[mm]: (185.931,134.869,84.121)
  trackID: 1  chamberNb: 2  energy deposit[MeV]: 0.00533543  position[mm]: (187.699,136.348,108.685)
  trackID: 1  chamberNb: 2  energy deposit[MeV]: 0.00274914  position[mm]: (188.409,136.922,118.317)
  trackID: 1  chamberNb: 2  energy deposit[MeV]: 0.00556072  position[mm]: (190.024,138.229,140.183)
  trackID: 1  chamberNb: 2  energy deposit[MeV]: 0.0127537  position[mm]: (192.634,140.349,175.635)
  trackID: 1  chamberNb: 2  energy deposit[MeV]: 0.00793882  position[mm]: (194.369,141.792,200)
  trackID: 1  chamberNb: 3  energy deposit[MeV]: 0.00627394  position[mm]: (238.858,179.268,833.561)
  trackID: 1  chamberNb: 3  energy deposit[MeV]: 0.0241586  position[mm]: (242.782,182.354,887.885)
  trackID: 1  chamberNb: 3  energy deposit[MeV]: 0.0265789  position[mm]: (248.471,186.611,966.083)
  trackID: 1  chamberNb: 3  energy deposit[MeV]: 0.00286298  position[mm]: (249.105,187.083,974.576)
  trackID: 1  chamberNb: 3  energy deposit[MeV]: 0.00836385  position[mm]: (250.996,188.466,1000)
  trackID: 1  chamberNb: 4  energy deposit[MeV]: 0.00386526  position[mm]: (297.074,221.323,1610.16)
  trackID: 1  chamberNb: 4  energy deposit[MeV]: 0.00183234  position[mm]: (297.286,221.477,1612.97)
  trackID: 1  chamberNb: 4  energy deposit[MeV]: 0.000425708  position[mm]: (297.668,221.758,1618.04)
  trackID: 1  chamberNb: 4  energy deposit[MeV]: 0.0343706  position[mm]: (304.562,226.822,1709.53)
  trackID: 1  chamberNb: 4  energy deposit[MeV]: 0.00231505  position[mm]: (305.271,227.378,1719.44)
  trackID: 1  chamberNb: 4  energy deposit[MeV]: 0.0200228  position[mm]: (308.943,230.275,1770.9)
  trackID: 1  chamberNb: 4  energy deposit[MeV]: 0.00273074  position[mm]: (309.393,230.598,1776.92)
  trackID: 1  chamberNb: 4  energy deposit[MeV]: 0.00565469  position[mm]: (311.127,231.859,1800)
  trackID: 69  chamberNb: 4  energy deposit[MeV]: 0.00199367  position[mm]: (309.385,230.588,1776.92)
  trackID: 68  chamberNb: 4  energy deposit[MeV]: 0.00431125  position[mm]: (308.947,230.237,1770.91)
  trackID: 67  chamberNb: 4  energy deposit[MeV]: 0.00152901  position[mm]: (305.27,227.368,1719.44)
  trackID: 66  chamberNb: 4  energy deposit[MeV]: 0.00510248  position[mm]: (304.607,226.841,1709.53)
  trackID: 65  chamberNb: 4  energy deposit[MeV]: 0.00266955  position[mm]: (297.681,221.742,1618.04)
  trackID: 64  chamberNb: 4  energy deposit[MeV]: 0.00185371  position[mm]: (297.274,221.476,1612.97)
  trackID: 63  chamberNb: 4  energy deposit[MeV]: 0.00318337  position[mm]: (297.079,221.347,1610.16)
  trackID: 56  chamberNb: 3  energy deposit[MeV]: 0.00231707  position[mm]: (249.096,187.096,974.577)
  trackID: 55  chamberNb: 3  energy deposit[MeV]: 0.00196174  position[mm]: (248.483,186.615,966.083)
  trackID: 54  chamberNb: 3  energy deposit[MeV]: 0.00183093  position[mm]: (242.788,182.365,887.885)
  trackID: 53  chamberNb: 3  energy deposit[MeV]: 0.00237886  position[mm]: (238.864,179.252,833.562)
  trackID: 41  chamberNb: 2  energy deposit[MeV]: 0.00217539  position[mm]: (192.364,140.033,175.742)
  trackID: 41  chamberNb: 2  energy deposit[MeV]: 3.48743e-05  position[mm]: (192.349,139.994,175.704)
  trackID: 41  chamberNb: 2  energy deposit[MeV]: 0.00652366  position[mm]: (192.404,139.718,175.521)
  trackID: 41  chamberNb: 2  energy deposit[MeV]: 0.00567698  position[mm]: (192.558,139.765,175.473)
  trackID: 41  chamberNb: 2  energy deposit[MeV]: 0.00331095  position[mm]: (192.559,139.782,175.494)
  trackID: 94  chamberNb: 2  energy deposit[MeV]: 0.00267513  position[mm]: (192.578,139.765,175.472)
  trackID: 93  chamberNb: 2  energy deposit[MeV]: 0.0016663  position[mm]: (192.338,139.992,175.703)
  trackID: 92  chamberNb: 2  energy deposit[MeV]: 0.00181874  position[mm]: (192.361,140.042,175.734)
  trackID: 40  chamberNb: 2  energy deposit[MeV]: 0.00352878  position[mm]: (190.151,138.605,140.21)
  trackID: 40  chamberNb: 2  energy deposit[MeV]: 0.0124321  position[mm]: (190.166,138.793,140.059)
  trackID: 40  chamberNb: 2  energy deposit[MeV]: 0.00223909  position[mm]: (190.17,138.802,140.072)
  trackID: 95  chamberNb: 2  energy deposit[MeV]: 0.00221502  position[mm]: (190.159,138.613,140.221)
  trackID: 39  chamberNb: 2  energy deposit[MeV]: 0.00847894  position[mm]: (188.487,136.858,118.325)
  trackID: 38  chamberNb: 2  energy deposit[MeV]: 0.00154454  position[mm]: (187.703,136.357,108.684)
  trackID: 37  chamberNb: 2  energy deposit[MeV]: 0.00347723  position[mm]: (185.93,134.841,84.1245)
  trackID: 36  chamberNb: 2  energy deposit[MeV]: 0.00433597  position[mm]: (185.015,134.165,71.4574)
  trackID: 35  chamberNb: 2  energy deposit[MeV]: 0.00870914  position[mm]: (180.601,130.441,11.1594)
  trackID: 34  chamberNb: 2  energy deposit[MeV]: 0.00149274  position[mm]: (180.682,130.426,10.8316)
  trackID: 29  chamberNb: 1  energy deposit[MeV]: 0.00229534  position[mm]: (132.201,88.3855,-657.761)
  trackID: 28  chamberNb: 1  energy deposit[MeV]: 0.00214447  position[mm]: (128.262,84.6948,-696.557)
  trackID: 28  chamberNb: 1  energy deposit[MeV]: 0.00383626  position[mm]: (127.62,85.4719,-696.492)
  trackID: 28  chamberNb: 1  energy deposit[MeV]: 1.86672e-05  position[mm]: (127.579,85.603,-696.538)
  trackID: 28  chamberNb: 1  energy deposit[MeV]: 0.0075476  position[mm]: (127.768,86.1836,-696.911)
  trackID: 28  chamberNb: 1  energy deposit[MeV]: 0.00128896  position[mm]: (127.676,86.3075,-696.793)
  trackID: 28  chamberNb: 1  energy deposit[MeV]: 6.35331e-05  position[mm]: (127.632,86.3385,-696.701)
  trackID: 28  chamberNb: 1  energy deposit[MeV]: 0.00849835  position[mm]: (127.44,86.3729,-696.729)
  trackID: 28  chamberNb: 1  energy deposit[MeV]: 0.00435505  position[mm]: (127.472,86.3547,-696.716)
  trackID: 100  chamberNb: 1  energy deposit[MeV]: 0.0060859  position[mm]: (127.645,86.3702,-696.755)
  trackID: 99  chamberNb: 1  energy deposit[MeV]: 0.00138224  position[mm]: (127.673,86.2993,-696.791)
  trackID: 98  chamberNb: 1  energy deposit[MeV]: 0.00225547  position[mm]: (127.584,85.5939,-696.55)
  trackID: 97  chamberNb: 1  energy deposit[MeV]: 0.00157031  position[mm]: (127.615,85.4677,-696.5)
  trackID: 96  chamberNb: 1  energy deposit[MeV]: 0.00243334  position[mm]: (128.158,84.6459,-696.872)
  trackID: 96  chamberNb: 1  energy deposit[MeV]: 0.00569607  position[mm]: (128.052,84.4662,-696.932)
  trackID: 96  chamberNb: 1  energy deposit[MeV]: 0.000490503  position[mm]: (128.108,84.4961,-696.904)
  trackID: 96  chamberNb: 1  energy deposit[MeV]: 0.00493757  position[mm]: (128.098,84.5039,-696.949)
  trackID: 102  chamberNb: 1  energy deposit[MeV]: 0.00256178  position[mm]: (128.106,84.4775,-696.907)
  trackID: 101  chamberNb: 1  energy deposit[MeV]: 0.00243389  position[mm]: (128.169,84.6439,-696.885)
  trackID: 27  chamberNb: 1  energy deposit[MeV]: 0.0101388  position[mm]: (127.879,84.5753,-719.592)
  trackID: 27  chamberNb: 1  energy deposit[MeV]: 0.0059464  position[mm]: (127.862,84.6264,-719.563)
  trackID: 103  chamberNb: 1  energy deposit[MeV]: 0.00213648  position[mm]: (127.865,84.5695,-719.589)
  trackID: 26  chamberNb: 1  energy deposit[MeV]: 0.00590652  position[mm]: (126.336,83.513,-735.852)
  trackID: 25  chamberNb: 1  energy deposit[MeV]: 0.00497938  position[mm]: (125.593,83.0218,-745.215)
  trackID: 24  chamberNb: 1  energy deposit[MeV]: 0.00196394  position[mm]: (123.282,81.3767,-773.829)
  trackID: 15  chamberNb: 0  energy deposit[MeV]: 0.000290268  position[mm]: (71.2073,42.4992,-1438.12)
  trackID: 15  chamberNb: 0  energy deposit[MeV]: 0.0180105  position[mm]: (96.8552,45.4293,-1400)
  trackID: 15  chamberNb: 1  energy deposit[MeV]: 0.0140008  position[mm]: (-201.698,477.737,-777.561)
  trackID: 15  chamberNb: 1  energy deposit[MeV]: 0.0127096  position[mm]: (-193.318,504.328,-773.88)
  trackID: 15  chamberNb: 1  energy deposit[MeV]: 0.00481408  position[mm]: (-189.997,516.701,-775.118)
  trackID: 15  chamberNb: 1  energy deposit[MeV]: 0.00811017  position[mm]: (-188.258,538.168,-778.995)
  trackID: 15  chamberNb: 1  energy deposit[MeV]: 0.00468078  position[mm]: (-188.526,555.318,-784.13)
  trackID: 15  chamberNb: 1  energy deposit[MeV]: 0.00561948  position[mm]: (-189.163,569.156,-795.16)
  trackID: 15  chamberNb: 1  energy deposit[MeV]: 0.00343846  position[mm]: (-189.42,575.362,-800)
  trackID: 127  chamberNb: 1  energy deposit[MeV]: 0.00240385  position[mm]: (-189.154,569.166,-795.149)
  trackID: 126  chamberNb: 1  energy deposit[MeV]: 1.68343e-05  position[mm]: (-188.443,555.373,-784.064)
  trackID: 126  chamberNb: 1  energy deposit[MeV]: 0.00776227  position[mm]: (-187.99,555.514,-783.715)
  trackID: 126  chamberNb: 1  energy deposit[MeV]: 0.00135294  position[mm]: (-187.995,555.333,-783.532)
  trackID: 126  chamberNb: 1  energy deposit[MeV]: 0.0114892  position[mm]: (-188.068,555.199,-783.786)
  trackID: 126  chamberNb: 1  energy deposit[MeV]: 0.00526118  position[mm]: (-188.111,555.227,-783.791)
  trackID: 165  chamberNb: 1  energy deposit[MeV]: 0.0019121  position[mm]: (-188.438,555.361,-784.065)
  trackID: 125  chamberNb: 1  energy deposit[MeV]: 0.00377788  position[mm]: (-188.228,538.177,-778.996)
  trackID: 124  chamberNb: 1  energy deposit[MeV]: 0.00184902  position[mm]: (-190.007,516.705,-775.123)
  trackID: 123  chamberNb: 1  energy deposit[MeV]: 0.00328933  position[mm]: (-193.335,504.33,-773.86)
  trackID: 122  chamberNb: 1  energy deposit[MeV]: 0.00898435  position[mm]: (-202.145,477.829,-777.502)
  trackID: 122  chamberNb: 1  energy deposit[MeV]: 0.00887796  position[mm]: (-202.324,477.926,-777.532)
  trackID: 122  chamberNb: 1  energy deposit[MeV]: 0.000371535  position[mm]: (-202.309,477.892,-777.541)
  trackID: 122  chamberNb: 1  energy deposit[MeV]: 0.00240417  position[mm]: (-202.297,477.881,-777.544)
  trackID: 166  chamberNb: 1  energy deposit[MeV]: 0.00157629  position[mm]: (-202.306,477.893,-777.532)
  trackID: 107  chamberNb: 0  energy deposit[MeV]: 0.00172883  position[mm]: (71.3539,42.6564,-1438.2)
  trackID: 107  chamberNb: 0  energy deposit[MeV]: 0.00996142  position[mm]: (71.3501,42.6794,-1438.05)
  trackID: 107  chamberNb: 0  energy deposit[MeV]: 0.00129555  position[mm]: (71.3575,42.6764,-1438.05)
  trackID: 170  chamberNb: 0  energy deposit[MeV]: 0.00157103  position[mm]: (71.3529,42.6664,-1438.21)
  trackID: 14  chamberNb: 0  energy deposit[MeV]: 0.00181546  position[mm]: (66.2625,39.9192,-1484.99)
Collection: Event_4
Number of hits: 109
  trackID: 1  chamberNb: 0  energy deposit[MeV]: 0.0443831  position[mm]: (-146.792,57.247,-1456.18)
  trackID: 1  chamberNb: 0  energy deposit[MeV]: 0.00495298  position[mm]: (-149.074,58.0222,-1441.44)
  trackID: 1  chamberNb: 0  energy deposit[MeV]: 0.0115598  position[mm]: (-152.981,59.2795,-1415.65)
  trackID: 1  chamberNb: 0  energy deposit[MeV]: 0.00292684  position[mm]: (-155.316,60.0324,-1400.14)
  trackID: 1  chamberNb: 1  energy deposit[MeV]: 0.0178805  position[mm]: (-253.112,91.4026,-758.982)
  trackID: 1  chamberNb: 1  energy deposit[MeV]: 0.0525007  position[mm]: (-269.223,97.2424,-653.06)
  trackID: 1  chamberNb: 1  energy deposit[MeV]: 0.00126292  position[mm]: (-269.69,97.4355,-649.994)
  trackID: 1  chamberNb: 1  energy deposit[MeV]: 0.00683754  position[mm]: (-273.34,98.9492,-625.973)
  trackID: 1  chamberNb: 1  energy deposit[MeV]: 0.00942631  position[mm]: (-277.278,100.604,-600.071)
  trackID: 1  chamberNb: 2  energy deposit[MeV]: 0.004631  position[mm]: (-369.099,137.425,10.8271)
  trackID: 1  chamberNb: 2  energy deposit[MeV]: 0.0249105  position[mm]: (-380.492,141.975,87.9682)
  trackID: 1  chamberNb: 2  energy deposit[MeV]: 0.00745162  position[mm]: (-383.713,143.282,109.868)
  trackID: 1  chamberNb: 2  energy deposit[MeV]: 0.00315489  position[mm]: (-385.076,143.814,119.092)
  trackID: 1  chamberNb: 2  energy deposit[MeV]: 0.00849215  position[mm]: (-388.432,145.151,141.774)
  trackID: 1  chamberNb: 2  energy deposit[MeV]: 0.00336426  position[mm]: (-389.974,145.741,152.239)
  trackID: 1  chamberNb: 2  energy deposit[MeV]: 0.020815  position[mm]: (-397.04,148.331,200)
  trackID: 1  chamberNb: 3  energy deposit[MeV]: 0.0106138  position[mm]: (-489.851,184.387,839.413)
  trackID: 1  chamberNb: 3  energy deposit[MeV]: 0.00879672  position[mm]: (-494.212,186.154,869.313)
  trackID: 1  chamberNb: 3  energy deposit[MeV]: 0.000110591  position[mm]: (-494.451,186.25,870.935)
  trackID: 1  chamberNb: 3  energy deposit[MeV]: 0.0080268  position[mm]: (-496.995,187.261,888.179)
  trackID: 1  chamberNb: 3  energy deposit[MeV]: 0.0324399  position[mm]: (-510.533,192.524,980.747)
  trackID: 1  chamberNb: 3  energy deposit[MeV]: 0.00869904  position[mm]: (-513.298,193.593,1000)
  trackID: 1  chamberNb: 4  energy deposit[MeV]: 0.00630988  position[mm]: (-602.652,228.67,1618.8)
  trackID: 1  chamberNb: 4  energy deposit[MeV]: 0.0406652  position[mm]: (-619.007,234.748,1732.49)
  trackID: 1  chamberNb: 4  energy deposit[MeV]: 0.000914075  position[mm]: (-619.183,234.81,1733.74)
  trackID: 1  chamberNb: 4  energy deposit[MeV]: 0.0196139  position[mm]: (-627.268,237.639,1791.19)
  trackID: 1  chamberNb: 4  energy deposit[MeV]: 0.00452551  position[mm]: (-628.521,238.076,1800)
  trackID: 75  chamberNb: 4  energy deposit[MeV]: 0.00315492  position[mm]: (-627.261,237.663,1791.2)
  trackID: 74  chamberNb: 4  energy deposit[MeV]: 0.00198951  position[mm]: (-619.17,234.807,1733.74)
  trackID: 73  chamberNb: 4  energy deposit[MeV]: 0.000562486  position[mm]: (-618.941,234.723,1732.51)
  trackID: 73  chamberNb: 4  energy deposit[MeV]: 0.00315636  position[mm]: (-618.947,234.723,1732.49)
  trackID: 96  chamberNb: 4  energy deposit[MeV]: 0.00308806  position[mm]: (-618.92,234.712,1732.5)
  trackID: 72  chamberNb: 4  energy deposit[MeV]: 0.00190621  position[mm]: (-602.644,228.661,1618.8)
  trackID: 64  chamberNb: 3  energy deposit[MeV]: 0.00561946  position[mm]: (-510.354,193.175,980.857)
  trackID: 64  chamberNb: 3  energy deposit[MeV]: 0.00903928  position[mm]: (-510.584,193.294,980.513)
  trackID: 64  chamberNb: 3  energy deposit[MeV]: 0.00915729  position[mm]: (-510.554,193.133,980.429)
  trackID: 64  chamberNb: 3  energy deposit[MeV]: 0.0031348  position[mm]: (-510.558,193.115,980.446)
  trackID: 97  chamberNb: 3  energy deposit[MeV]: 0.00156628  position[mm]: (-510.347,193.171,980.85)
  trackID: 63  chamberNb: 3  energy deposit[MeV]: 0.00407623  position[mm]: (-497.018,187.288,888.177)
  trackID: 62  chamberNb: 3  energy deposit[MeV]: 0.0107832  position[mm]: (-494.423,186.395,870.947)
  trackID: 61  chamberNb: 3  energy deposit[MeV]: 0.00437221  position[mm]: (-494.228,186.119,869.316)
  trackID: 60  chamberNb: 3  energy deposit[MeV]: 0.00687968  position[mm]: (-489.779,184.382,839.431)
  trackID: 51  chamberNb: 2  energy deposit[MeV]: 0.00273007  position[mm]: (-389.954,145.741,152.243)
  trackID: 50  chamberNb: 2  energy deposit[MeV]: 0.00924784  position[mm]: (-388.385,145.373,141.797)
  trackID: 50  chamberNb: 2  energy deposit[MeV]: 0.000334264  position[mm]: (-388.365,145.342,141.812)
  trackID: 50  chamberNb: 2  energy deposit[MeV]: 0.0023196  position[mm]: (-388.364,145.357,141.805)
  trackID: 99  chamberNb: 2  energy deposit[MeV]: 0.00223056  position[mm]: (-388.35,145.339,141.808)
  trackID: 49  chamberNb: 2  energy deposit[MeV]: 0.00238287  position[mm]: (-387.233,141.054,120.335)
  trackID: 49  chamberNb: 2  energy deposit[MeV]: 0.00256242  position[mm]: (-387.233,139.856,121.741)
  trackID: 49  chamberNb: 2  energy deposit[MeV]: 0.00276635  position[mm]: (-387.058,138.265,122.968)
  trackID: 49  chamberNb: 2  energy deposit[MeV]: 0.0142046  position[mm]: (-380.795,135.78,121.502)
  trackID: 49  chamberNb: 2  energy deposit[MeV]: 0.000972886  position[mm]: (-378.232,137.083,121.784)
  trackID: 49  chamberNb: 2  energy deposit[MeV]: 0.00111868  position[mm]: (-377.13,136.763,122.177)
  trackID: 49  chamberNb: 2  energy deposit[MeV]: 0.000739371  position[mm]: (-375.779,136.119,122.408)
  trackID: 49  chamberNb: 2  energy deposit[MeV]: 0.000351777  position[mm]: (-375.571,135.874,122.467)
  trackID: 49  chamberNb: 2  energy deposit[MeV]: 0.00129674  position[mm]: (-374.985,136.084,122.201)
  trackID: 49  chamberNb: 2  energy deposit[MeV]: 0.00624332  position[mm]: (-371.474,136.231,121.351)
  trackID: 49  chamberNb: 2  energy deposit[MeV]: 0.0120156  position[mm]: (-372.331,136.617,117.677)
  trackID: 49  chamberNb: 2  energy deposit[MeV]: 0.00848875  position[mm]: (-370.479,136.009,115.472)
  trackID: 49  chamberNb: 2  energy deposit[MeV]: 0.00035766  position[mm]: (-370.128,136.342,115.624)
  trackID: 49  chamberNb: 2  energy deposit[MeV]: 0.00555268  position[mm]: (-368.139,136.03,115.325)
  trackID: 49  chamberNb: 2  energy deposit[MeV]: 0.00707347  position[mm]: (-368.203,136.464,116.394)
  trackID: 49  chamberNb: 2  energy deposit[MeV]: 0.0041479  position[mm]: (-367.645,136.812,116.619)
  trackID: 49  chamberNb: 2  energy deposit[MeV]: 0.0085206  position[mm]: (-367.696,137.392,116.541)
  trackID: 49  chamberNb: 2  energy deposit[MeV]: 0.00420721  position[mm]: (-367.868,137.652,116.536)
  trackID: 49  chamberNb: 2  energy deposit[MeV]: 0.00423668  position[mm]: (-367.934,137.508,116.416)
  trackID: 49  chamberNb: 2  energy deposit[MeV]: 0.00571704  position[mm]: (-367.915,137.484,116.367)
  trackID: 112  chamberNb: 2  energy deposit[MeV]: 0.00313767  position[mm]: (-367.955,137.496,116.414)
  trackID: 111  chamberNb: 2  energy deposit[MeV]: 0.0028765  position[mm]: (-368.203,136.476,116.375)
  trackID: 110  chamberNb: 2  energy deposit[MeV]: 9.56312e-05  position[mm]: (-368.015,136.129,115.296)
  trackID: 110  chamberNb: 2  energy deposit[MeV]: 0.00385012  position[mm]: (-368.066,136.184,115.393)
  trackID: 110  chamberNb: 2  energy deposit[MeV]: 0.00346766  position[mm]: (-368.087,136.201,115.4)
  trackID: 114  chamberNb: 2  energy deposit[MeV]: 0.00229296  position[mm]: (-368.07,136.174,115.406)
  trackID: 113  chamberNb: 2  energy deposit[MeV]: 0.00422715  position[mm]: (-368.034,136.152,115.273)
  trackID: 109  chamberNb: 2  energy deposit[MeV]: 0.00198749  position[mm]: (-370.127,136.335,115.635)
  trackID: 108  chamberNb: 2  energy deposit[MeV]: 0.00189033  position[mm]: (-370.474,136,115.479)
  trackID: 107  chamberNb: 2  energy deposit[MeV]: 0.00182293  position[mm]: (-371.472,136.219,121.349)
  trackID: 106  chamberNb: 2  energy deposit[MeV]: 0.00137092  position[mm]: (-374.987,136.081,122.193)
  trackID: 105  chamberNb: 2  energy deposit[MeV]: 0.00161876  position[mm]: (-375.553,135.92,122.537)
  trackID: 105  chamberNb: 2  energy deposit[MeV]: 0.00316805  position[mm]: (-375.578,135.925,122.533)
  trackID: 115  chamberNb: 2  energy deposit[MeV]: 0.0027608  position[mm]: (-375.548,135.932,122.52)
  trackID: 104  chamberNb: 2  energy deposit[MeV]: 0.00158595  position[mm]: (-375.782,136.118,122.417)
  trackID: 103  chamberNb: 2  energy deposit[MeV]: 0.00199866  position[mm]: (-377.124,136.775,122.174)
  trackID: 102  chamberNb: 2  energy deposit[MeV]: 0.00448576  position[mm]: (-387.04,138.269,123.031)
  trackID: 102  chamberNb: 2  energy deposit[MeV]: 0.0018298  position[mm]: (-387.04,138.263,123.021)
  trackID: 101  chamberNb: 2  energy deposit[MeV]: 0.0066686  position[mm]: (-387.286,139.88,121.783)
  trackID: 100  chamberNb: 2  energy deposit[MeV]: 0.00170409  position[mm]: (-387.224,141.049,120.331)
  trackID: 48  chamberNb: 2  energy deposit[MeV]: 0.00154852  position[mm]: (-384.194,143.235,109.879)
  trackID: 48  chamberNb: 2  energy deposit[MeV]: 0.010818  position[mm]: (-384.441,143.436,109.682)
  trackID: 48  chamberNb: 2  energy deposit[MeV]: 0.00582165  position[mm]: (-384.393,143.405,109.668)
  trackID: 117  chamberNb: 2  energy deposit[MeV]: 0.00290635  position[mm]: (-384.45,143.431,109.662)
  trackID: 116  chamberNb: 2  energy deposit[MeV]: 0.0037894  position[mm]: (-384.172,143.259,109.876)
  trackID: 47  chamberNb: 2  energy deposit[MeV]: 0.00444561  position[mm]: (-380.454,141.967,87.9771)
  trackID: 46  chamberNb: 2  energy deposit[MeV]: 0.00294583  position[mm]: (-369.09,137.447,10.8284)
  trackID: 37  chamberNb: 1  energy deposit[MeV]: 0.000114805  position[mm]: (-277.292,100.638,-600.08)
  trackID: 37  chamberNb: 1  energy deposit[MeV]: 2.86986e-05  position[mm]: (-277.356,100.663,-600.102)
  trackID: 37  chamberNb: 1  energy deposit[MeV]: 6.69305e-05  position[mm]: (-277.338,100.708,-600.109)
  trackID: 37  chamberNb: 1  energy deposit[MeV]: 0.000270227  position[mm]: (-277.373,100.76,-600.114)
  trackID: 37  chamberNb: 1  energy deposit[MeV]: 0.00105757  position[mm]: (-277.388,100.813,-600.085)
  trackID: 37  chamberNb: 1  energy deposit[MeV]: 0.00199829  position[mm]: (-277.385,100.78,-600.067)
  trackID: 37  chamberNb: 1  energy deposit[MeV]: 0.00109191  position[mm]: (-277.379,100.779,-600.07)
  trackID: 36  chamberNb: 1  energy deposit[MeV]: 0.00149164  position[mm]: (-273.332,98.9441,-625.971)
  trackID: 35  chamberNb: 1  energy deposit[MeV]: 0.00373021  position[mm]: (-269.679,97.407,-649.989)
  trackID: 34  chamberNb: 1  energy deposit[MeV]: 0.00208812  position[mm]: (-269.21,97.2375,-653.057)
  trackID: 33  chamberNb: 1  energy deposit[MeV]: 0.00276303  position[mm]: (-253.095,91.391,-758.978)
  trackID: 24  chamberNb: 0  energy deposit[MeV]: 0.00140935  position[mm]: (-155.31,60.0261,-1400.14)
  trackID: 23  chamberNb: 0  energy deposit[MeV]: 0.00557493  position[mm]: (-153.021,59.241,-1415.65)
  trackID: 22  chamberNb: 0  energy deposit[MeV]: 0.00337096  position[mm]: (-149.055,58.0412,-1441.44)
  trackID: 21  chamberNb: 0  energy deposit[MeV]: 0.00385491  position[mm]: (-146.809,57.2191,-1456.18)
