####   Starting: /mnt/build/jenkins/workspace/g4-cc7/COMPILER/gcc63/LABEL/cc7/THREAD/Seq/release/RelWithDebInfo/10-04-ref-08_branch/build/examples/extended/hadronic/FissionFragment/FissionFragment    ####
MT RNG Seed: 62737819

        ############################################
        !!! WARNING - FPE detection is activated !!!
        ############################################

**************************************************************
 Geant4 version Name: geant4-10-04-ref-08    (31-August-2018)
                       Copyright : Geant4 Collaboration
                      References : NIM A 506 (2003), 250-303
                                 : IEEE-TNS 53 (2006), 270-278
                                 : NIM A 835 (2016), 186-225
                             WWW : http://geant4.org/
**************************************************************

<<< Geant4 Physics List simulation engine: QGSP_BIC_HP 2.0

Checking overlaps for volume Floor ... OK! 
Checking overlaps for volume Tank_Wall ... OK! 
Checking overlaps for volume Tank_Air ... OK! 
Checking overlaps for volume Tank_H2O ... OK! 
Checking overlaps for volume Plate_Meat ... OK! 
Checking overlaps for volume Plate@Location    X:0.00    Y:1.20 ... OK! 
Checking overlaps for volume Plate@Location    X:0.00    Y:-1.20 ... OK! 
Checking overlaps for volume Plate@Location    X:0.00    Y:1.50 ... OK! 
Checking overlaps for volume Plate@Location    X:0.00    Y:-1.50 ... OK! 
Checking overlaps for volume Plate@Location    X:0.00    Y:1.80 ... OK! 
Checking overlaps for volume Plate@Location    X:0.00    Y:-1.80 ... OK! 
Checking overlaps for volume Plate@Location    X:0.00    Y:2.10 ... OK! 
Checking overlaps for volume Plate@Location    X:0.00    Y:-2.10 ... OK! 
Checking overlaps for volume Plate@Location    X:0.00    Y:2.40 ... OK! 
Checking overlaps for volume Plate@Location    X:0.00    Y:-2.40 ... OK! 
Checking overlaps for volume Plate@Location    X:0.00    Y:2.70 ... OK! 
Checking overlaps for volume Plate@Location    X:0.00    Y:-2.70 ... OK! 
Checking overlaps for volume Plate@Location    X:0.00    Y:3.00 ... OK! 
Checking overlaps for volume Plate@Location    X:0.00    Y:-3.00 ... OK! 
Checking overlaps for volume Plate@Location    X:0.00    Y:3.30 ... OK! 
Checking overlaps for volume Plate@Location    X:0.00    Y:-3.30 ... OK! 
Checking overlaps for volume Plate@Location    X:0.00    Y:3.60 ... OK! 
Checking overlaps for volume Plate@Location    X:0.00    Y:-3.60 ... OK! 
Checking overlaps for volume Plate@Location    X:0.00    Y:3.90 ... OK! 
Checking overlaps for volume Plate@Location    X:0.00    Y:-3.90 ... OK! 
Checking overlaps for volume Plate@Location    X:0.00    Y:4.20 ... OK! 
Checking overlaps for volume Plate@Location    X:0.00    Y:-4.20 ... OK! 
Checking overlaps for volume Plate@Location    X:0.00    Y:4.50 ... OK! 
Checking overlaps for volume Plate@Location    X:0.00    Y:-4.50 ... OK! 
Checking overlaps for volume Plate@Location    X:0.00    Y:4.80 ... OK! 
Checking overlaps for volume Plate@Location    X:0.00    Y:-4.80 ... OK! 
Checking overlaps for volume Plate@Location    X:0.00    Y:5.10 ... OK! 
Checking overlaps for volume Plate@Location    X:0.00    Y:-5.10 ... OK! 
Checking overlaps for volume Plate@Location    X:0.00    Y:5.40 ... OK! 
Checking overlaps for volume Plate@Location    X:0.00    Y:-5.40 ... OK! 
Checking overlaps for volume Plate@Location    X:0.00    Y:5.70 ... OK! 
Checking overlaps for volume Plate@Location    X:0.00    Y:-5.70 ... OK! 
Checking overlaps for volume Plate@Location    X:0.00    Y:6.00 ... OK! 
Checking overlaps for volume Plate@Location    X:0.00    Y:-6.00 ... OK! 
Checking overlaps for volume Plate@Location    X:0.00    Y:6.30 ... OK! 
Checking overlaps for volume Plate@Location    X:0.00    Y:-6.30 ... OK! 
Checking overlaps for volume Plate@Location    X:0.00    Y:6.60 ... OK! 
Checking overlaps for volume Plate@Location    X:0.00    Y:-6.60 ... OK! 
Checking overlaps for volume Plate@Location    X:0.00    Y:6.90 ... OK! 
Checking overlaps for volume Plate@Location    X:0.00    Y:-6.90 ... OK! 
Checking overlaps for volume Plate@Location    X:0.00    Y:7.20 ... OK! 
Checking overlaps for volume Plate@Location    X:0.00    Y:-7.20 ... OK! 
Checking overlaps for volume Plate@Location    X:0.00    Y:7.50 ... OK! 
Checking overlaps for volume Plate@Location    X:0.00    Y:-7.50 ... OK! 
Checking overlaps for volume Plate@Location    X:0.00    Y:7.80 ... OK! 
Checking overlaps for volume Plate@Location    X:0.00    Y:-7.80 ... OK! 
Checking overlaps for volume Plate@Location    X:0.00    Y:8.10 ... OK! 
Checking overlaps for volume Plate@Location    X:0.00    Y:-8.10 ... OK! 
Checking overlaps for volume Plate@Location    X:0.00    Y:8.40 ... OK! 
Checking overlaps for volume Plate@Location    X:0.00    Y:-8.40 ... OK! 
Checking overlaps for volume Plate@Location    X:0.00    Y:8.70 ... OK! 
Checking overlaps for volume Plate@Location    X:0.00    Y:-8.70 ... OK! 
Checking overlaps for volume Plate@Location    X:0.00    Y:9.00 ... OK! 
Checking overlaps for volume Plate@Location    X:0.00    Y:-9.00 ... OK! 
Checking overlaps for volume Plate@Location    X:0.00    Y:9.30 ... OK! 
Checking overlaps for volume Plate@Location    X:0.00    Y:-9.30 ... OK! 
Checking overlaps for volume Plate@Location    X:0.00    Y:9.60 ... OK! 
Checking overlaps for volume Plate@Location    X:0.00    Y:-9.60 ... OK! 
Checking overlaps for volume Plate@Location    X:0.00    Y:9.90 ... OK! 
Checking overlaps for volume Plate@Location    X:0.00    Y:-9.90 ... OK! 
Checking overlaps for volume Plate@Location    X:0.00    Y:10.20 ... OK! 
Checking overlaps for volume Plate@Location    X:0.00    Y:-10.20 ... OK! 
Checking overlaps for volume Plate@Location    X:0.00    Y:10.50 ... OK! 
Checking overlaps for volume Plate@Location    X:0.00    Y:-10.50 ... OK! 
Checking overlaps for volume Plate@Location    X:0.00    Y:10.80 ... OK! 
Checking overlaps for volume Plate@Location    X:0.00    Y:-10.80 ... OK! 
Checking overlaps for volume Plate@Location    X:0.00    Y:11.10 ... OK! 
Checking overlaps for volume Plate@Location    X:0.00    Y:-11.10 ... OK! 
Checking overlaps for volume Plate@Location    X:0.00    Y:11.40 ... OK! 
Checking overlaps for volume Plate@Location    X:0.00    Y:-11.40 ... OK! 
Checking overlaps for volume Plate@Location    X:0.00    Y:11.70 ... OK! 
Checking overlaps for volume Plate@Location    X:0.00    Y:-11.70 ... OK! 
Checking overlaps for volume Plate@Location    X:5.00    Y:0.00 ... OK! 
Checking overlaps for volume Plate@Location    X:5.00    Y:-0.00 ... OK! 
Checking overlaps for volume Plate@Location    X:-5.00    Y:0.00 ... OK! 
Checking overlaps for volume Plate@Location    X:-5.00    Y:-0.00 ... OK! 
Checking overlaps for volume Plate@Location    X:5.00    Y:0.30 ... OK! 
Checking overlaps for volume Plate@Location    X:5.00    Y:-0.30 ... OK! 
Checking overlaps for volume Plate@Location    X:-5.00    Y:0.30 ... OK! 
Checking overlaps for volume Plate@Location    X:-5.00    Y:-0.30 ... OK! 
Checking overlaps for volume Plate@Location    X:5.00    Y:0.60 ... OK! 
Checking overlaps for volume Plate@Location    X:5.00    Y:-0.60 ... OK! 
Checking overlaps for volume Plate@Location    X:-5.00    Y:0.60 ... OK! 
Checking overlaps for volume Plate@Location    X:-5.00    Y:-0.60 ... OK! 
Checking overlaps for volume Plate@Location    X:5.00    Y:0.90 ... OK! 
Checking overlaps for volume Plate@Location    X:5.00    Y:-0.90 ... OK! 
Checking overlaps for volume Plate@Location    X:-5.00    Y:0.90 ... OK! 
Checking overlaps for volume Plate@Location    X:-5.00    Y:-0.90 ... OK! 
Checking overlaps for volume Plate@Location    X:5.00    Y:1.20 ... OK! 
Checking overlaps for volume Plate@Location    X:5.00    Y:-1.20 ... OK! 
Checking overlaps for volume Plate@Location    X:-5.00    Y:1.20 ... OK! 
Checking overlaps for volume Plate@Location    X:-5.00    Y:-1.20 ... OK! 
Checking overlaps for volume Plate@Location    X:5.00    Y:1.50 ... OK! 
Checking overlaps for volume Plate@Location    X:5.00    Y:-1.50 ... OK! 
Checking overlaps for volume Plate@Location    X:-5.00    Y:1.50 ... OK! 
Checking overlaps for volume Plate@Location    X:-5.00    Y:-1.50 ... OK! 
Checking overlaps for volume Plate@Location    X:5.00    Y:1.80 ... OK! 
Checking overlaps for volume Plate@Location    X:5.00    Y:-1.80 ... OK! 
Checking overlaps for volume Plate@Location    X:-5.00    Y:1.80 ... OK! 
Checking overlaps for volume Plate@Location    X:-5.00    Y:-1.80 ... OK! 
Checking overlaps for volume Plate@Location    X:5.00    Y:2.10 ... OK! 
Checking overlaps for volume Plate@Location    X:5.00    Y:-2.10 ... OK! 
Checking overlaps for volume Plate@Location    X:-5.00    Y:2.10 ... OK! 
Checking overlaps for volume Plate@Location    X:-5.00    Y:-2.10 ... OK! 
Checking overlaps for volume Plate@Location    X:5.00    Y:2.40 ... OK! 
Checking overlaps for volume Plate@Location    X:5.00    Y:-2.40 ... OK! 
Checking overlaps for volume Plate@Location    X:-5.00    Y:2.40 ... OK! 
Checking overlaps for volume Plate@Location    X:-5.00    Y:-2.40 ... OK! 
Checking overlaps for volume Plate@Location    X:5.00    Y:2.70 ... OK! 
Checking overlaps for volume Plate@Location    X:5.00    Y:-2.70 ... OK! 
Checking overlaps for volume Plate@Location    X:-5.00    Y:2.70 ... OK! 
Checking overlaps for volume Plate@Location    X:-5.00    Y:-2.70 ... OK! 
Checking overlaps for volume Plate@Location    X:5.00    Y:3.00 ... OK! 
Checking overlaps for volume Plate@Location    X:5.00    Y:-3.00 ... OK! 
Checking overlaps for volume Plate@Location    X:-5.00    Y:3.00 ... OK! 
Checking overlaps for volume Plate@Location    X:-5.00    Y:-3.00 ... OK! 
Checking overlaps for volume Plate@Location    X:5.00    Y:3.30 ... OK! 
Checking overlaps for volume Plate@Location    X:5.00    Y:-3.30 ... OK! 
Checking overlaps for volume Plate@Location    X:-5.00    Y:3.30 ... OK! 
Checking overlaps for volume Plate@Location    X:-5.00    Y:-3.30 ... OK! 
Checking overlaps for volume Plate@Location    X:5.00    Y:3.60 ... OK! 
Checking overlaps for volume Plate@Location    X:5.00    Y:-3.60 ... OK! 
Checking overlaps for volume Plate@Location    X:-5.00    Y:3.60 ... OK! 
Checking overlaps for volume Plate@Location    X:-5.00    Y:-3.60 ... OK! 
Checking overlaps for volume Plate@Location    X:5.00    Y:3.90 ... OK! 
Checking overlaps for volume Plate@Location    X:5.00    Y:-3.90 ... OK! 
Checking overlaps for volume Plate@Location    X:-5.00    Y:3.90 ... OK! 
Checking overlaps for volume Plate@Location    X:-5.00    Y:-3.90 ... OK! 
Checking overlaps for volume Plate@Location    X:5.00    Y:4.20 ... OK! 
Checking overlaps for volume Plate@Location    X:5.00    Y:-4.20 ... OK! 
Checking overlaps for volume Plate@Location    X:-5.00    Y:4.20 ... OK! 
Checking overlaps for volume Plate@Location    X:-5.00    Y:-4.20 ... OK! 
Checking overlaps for volume Plate@Location    X:5.00    Y:4.50 ... OK! 
Checking overlaps for volume Plate@Location    X:5.00    Y:-4.50 ... OK! 
Checking overlaps for volume Plate@Location    X:-5.00    Y:4.50 ... OK! 
Checking overlaps for volume Plate@Location    X:-5.00    Y:-4.50 ... OK! 
Checking overlaps for volume Plate@Location    X:5.00    Y:4.80 ... OK! 
Checking overlaps for volume Plate@Location    X:5.00    Y:-4.80 ... OK! 
Checking overlaps for volume Plate@Location    X:-5.00    Y:4.80 ... OK! 
Checking overlaps for volume Plate@Location    X:-5.00    Y:-4.80 ... OK! 
Checking overlaps for volume Plate@Location    X:5.00    Y:5.10 ... OK! 
Checking overlaps for volume Plate@Location    X:5.00    Y:-5.10 ... OK! 
Checking overlaps for volume Plate@Location    X:-5.00    Y:5.10 ... OK! 
Checking overlaps for volume Plate@Location    X:-5.00    Y:-5.10 ... OK! 
Checking overlaps for volume Plate@Location    X:5.00    Y:5.40 ... OK! 
Checking overlaps for volume Plate@Location    X:5.00    Y:-5.40 ... OK! 
Checking overlaps for volume Plate@Location    X:-5.00    Y:5.40 ... OK! 
Checking overlaps for volume Plate@Location    X:-5.00    Y:-5.40 ... OK! 
Checking overlaps for volume Plate@Location    X:5.00    Y:5.70 ... OK! 
Checking overlaps for volume Plate@Location    X:5.00    Y:-5.70 ... OK! 
Checking overlaps for volume Plate@Location    X:-5.00    Y:5.70 ... OK! 
Checking overlaps for volume Plate@Location    X:-5.00    Y:-5.70 ... OK! 
Checking overlaps for volume Plate@Location    X:5.00    Y:6.00 ... OK! 
Checking overlaps for volume Plate@Location    X:5.00    Y:-6.00 ... OK! 
Checking overlaps for volume Plate@Location    X:-5.00    Y:6.00 ... OK! 
Checking overlaps for volume Plate@Location    X:-5.00    Y:-6.00 ... OK! 
Checking overlaps for volume Plate@Location    X:5.00    Y:6.30 ... OK! 
Checking overlaps for volume Plate@Location    X:5.00    Y:-6.30 ... OK! 
Checking overlaps for volume Plate@Location    X:-5.00    Y:6.30 ... OK! 
Checking overlaps for volume Plate@Location    X:-5.00    Y:-6.30 ... OK! 
Checking overlaps for volume Plate@Location    X:5.00    Y:6.60 ... OK! 
Checking overlaps for volume Plate@Location    X:5.00    Y:-6.60 ... OK! 
Checking overlaps for volume Plate@Location    X:-5.00    Y:6.60 ... OK! 
Checking overlaps for volume Plate@Location    X:-5.00    Y:-6.60 ... OK! 
Checking overlaps for volume Plate@Location    X:5.00    Y:6.90 ... OK! 
Checking overlaps for volume Plate@Location    X:5.00    Y:-6.90 ... OK! 
Checking overlaps for volume Plate@Location    X:-5.00    Y:6.90 ... OK! 
Checking overlaps for volume Plate@Location    X:-5.00    Y:-6.90 ... OK! 
Checking overlaps for volume Plate@Location    X:5.00    Y:7.20 ... OK! 
Checking overlaps for volume Plate@Location    X:5.00    Y:-7.20 ... OK! 
Checking overlaps for volume Plate@Location    X:-5.00    Y:7.20 ... OK! 
Checking overlaps for volume Plate@Location    X:-5.00    Y:-7.20 ... OK! 
Checking overlaps for volume Plate@Location    X:5.00    Y:7.50 ... OK! 
Checking overlaps for volume Plate@Location    X:5.00    Y:-7.50 ... OK! 
Checking overlaps for volume Plate@Location    X:-5.00    Y:7.50 ... OK! 
Checking overlaps for volume Plate@Location    X:-5.00    Y:-7.50 ... OK! 
Checking overlaps for volume Plate@Location    X:5.00    Y:7.80 ... OK! 
Checking overlaps for volume Plate@Location    X:5.00    Y:-7.80 ... OK! 
Checking overlaps for volume Plate@Location    X:-5.00    Y:7.80 ... OK! 
Checking overlaps for volume Plate@Location    X:-5.00    Y:-7.80 ... OK! 
Checking overlaps for volume Plate@Location    X:5.00    Y:8.10 ... OK! 
Checking overlaps for volume Plate@Location    X:5.00    Y:-8.10 ... OK! 
Checking overlaps for volume Plate@Location    X:-5.00    Y:8.10 ... OK! 
Checking overlaps for volume Plate@Location    X:-5.00    Y:-8.10 ... OK! 
Checking overlaps for volume Plate@Location    X:5.00    Y:8.40 ... OK! 
Checking overlaps for volume Plate@Location    X:5.00    Y:-8.40 ... OK! 
Checking overlaps for volume Plate@Location    X:-5.00    Y:8.40 ... OK! 
Checking overlaps for volume Plate@Location    X:-5.00    Y:-8.40 ... OK! 
Checking overlaps for volume Plate@Location    X:5.00    Y:8.70 ... OK! 
Checking overlaps for volume Plate@Location    X:5.00    Y:-8.70 ... OK! 
Checking overlaps for volume Plate@Location    X:-5.00    Y:8.70 ... OK! 
Checking overlaps for volume Plate@Location    X:-5.00    Y:-8.70 ... OK! 
Checking overlaps for volume Plate@Location    X:5.00    Y:9.00 ... OK! 
Checking overlaps for volume Plate@Location    X:5.00    Y:-9.00 ... OK! 
Checking overlaps for volume Plate@Location    X:-5.00    Y:9.00 ... OK! 
Checking overlaps for volume Plate@Location    X:-5.00    Y:-9.00 ... OK! 
Checking overlaps for volume Plate@Location    X:5.00    Y:9.30 ... OK! 
Checking overlaps for volume Plate@Location    X:5.00    Y:-9.30 ... OK! 
Checking overlaps for volume Plate@Location    X:-5.00    Y:9.30 ... OK! 
Checking overlaps for volume Plate@Location    X:-5.00    Y:-9.30 ... OK! 
Checking overlaps for volume Plate@Location    X:5.00    Y:9.60 ... OK! 
Checking overlaps for volume Plate@Location    X:5.00    Y:-9.60 ... OK! 
Checking overlaps for volume Plate@Location    X:-5.00    Y:9.60 ... OK! 
Checking overlaps for volume Plate@Location    X:-5.00    Y:-9.60 ... OK! 
Checking overlaps for volume Plate@Location    X:5.00    Y:9.90 ... OK! 
Checking overlaps for volume Plate@Location    X:5.00    Y:-9.90 ... OK! 
Checking overlaps for volume Plate@Location    X:-5.00    Y:9.90 ... OK! 
Checking overlaps for volume Plate@Location    X:-5.00    Y:-9.90 ... OK! 
Checking overlaps for volume Plate@Location    X:5.00    Y:10.20 ... OK! 
Checking overlaps for volume Plate@Location    X:5.00    Y:-10.20 ... OK! 
Checking overlaps for volume Plate@Location    X:-5.00    Y:10.20 ... OK! 
Checking overlaps for volume Plate@Location    X:-5.00    Y:-10.20 ... OK! 
Checking overlaps for volume Plate@Location    X:5.00    Y:10.50 ... OK! 
Checking overlaps for volume Plate@Location    X:5.00    Y:-10.50 ... OK! 
Checking overlaps for volume Plate@Location    X:-5.00    Y:10.50 ... OK! 
Checking overlaps for volume Plate@Location    X:-5.00    Y:-10.50 ... OK! 
Checking overlaps for volume Plate@Location    X:5.00    Y:10.80 ... OK! 
Checking overlaps for volume Plate@Location    X:5.00    Y:-10.80 ... OK! 
Checking overlaps for volume Plate@Location    X:-5.00    Y:10.80 ... OK! 
Checking overlaps for volume Plate@Location    X:-5.00    Y:-10.80 ... OK! 
Checking overlaps for volume Plate@Location    X:10.00    Y:0.00 ... OK! 
Checking overlaps for volume Plate@Location    X:10.00    Y:-0.00 ... OK! 
Checking overlaps for volume Plate@Location    X:-10.00    Y:0.00 ... OK! 
Checking overlaps for volume Plate@Location    X:-10.00    Y:-0.00 ... OK! 
Checking overlaps for volume Plate@Location    X:10.00    Y:0.30 ... OK! 
Checking overlaps for volume Plate@Location    X:10.00    Y:-0.30 ... OK! 
Checking overlaps for volume Plate@Location    X:-10.00    Y:0.30 ... OK! 
Checking overlaps for volume Plate@Location    X:-10.00    Y:-0.30 ... OK! 
Checking overlaps for volume Plate@Location    X:10.00    Y:0.60 ... OK! 
Checking overlaps for volume Plate@Location    X:10.00    Y:-0.60 ... OK! 
Checking overlaps for volume Plate@Location    X:-10.00    Y:0.60 ... OK! 
Checking overlaps for volume Plate@Location    X:-10.00    Y:-0.60 ... OK! 
Checking overlaps for volume Plate@Location    X:10.00    Y:0.90 ... OK! 
Checking overlaps for volume Plate@Location    X:10.00    Y:-0.90 ... OK! 
Checking overlaps for volume Plate@Location    X:-10.00    Y:0.90 ... OK! 
Checking overlaps for volume Plate@Location    X:-10.00    Y:-0.90 ... OK! 
Checking overlaps for volume Plate@Location    X:10.00    Y:1.20 ... OK! 
Checking overlaps for volume Plate@Location    X:10.00    Y:-1.20 ... OK! 
Checking overlaps for volume Plate@Location    X:-10.00    Y:1.20 ... OK! 
Checking overlaps for volume Plate@Location    X:-10.00    Y:-1.20 ... OK! 
Checking overlaps for volume Plate@Location    X:10.00    Y:1.50 ... OK! 
Checking overlaps for volume Plate@Location    X:10.00    Y:-1.50 ... OK! 
Checking overlaps for volume Plate@Location    X:-10.00    Y:1.50 ... OK! 
Checking overlaps for volume Plate@Location    X:-10.00    Y:-1.50 ... OK! 
Checking overlaps for volume Plate@Location    X:10.00    Y:1.80 ... OK! 
Checking overlaps for volume Plate@Location    X:10.00    Y:-1.80 ... OK! 
Checking overlaps for volume Plate@Location    X:-10.00    Y:1.80 ... OK! 
Checking overlaps for volume Plate@Location    X:-10.00    Y:-1.80 ... OK! 
Checking overlaps for volume Plate@Location    X:10.00    Y:2.10 ... OK! 
Checking overlaps for volume Plate@Location    X:10.00    Y:-2.10 ... OK! 
Checking overlaps for volume Plate@Location    X:-10.00    Y:2.10 ... OK! 
Checking overlaps for volume Plate@Location    X:-10.00    Y:-2.10 ... OK! 
Checking overlaps for volume Plate@Location    X:10.00    Y:2.40 ... OK! 
Checking overlaps for volume Plate@Location    X:10.00    Y:-2.40 ... OK! 
Checking overlaps for volume Plate@Location    X:-10.00    Y:2.40 ... OK! 
Checking overlaps for volume Plate@Location    X:-10.00    Y:-2.40 ... OK! 
Checking overlaps for volume Plate@Location    X:10.00    Y:2.70 ... OK! 
Checking overlaps for volume Plate@Location    X:10.00    Y:-2.70 ... OK! 
Checking overlaps for volume Plate@Location    X:-10.00    Y:2.70 ... OK! 
Checking overlaps for volume Plate@Location    X:-10.00    Y:-2.70 ... OK! 
Checking overlaps for volume Plate@Location    X:10.00    Y:3.00 ... OK! 
Checking overlaps for volume Plate@Location    X:10.00    Y:-3.00 ... OK! 
Checking overlaps for volume Plate@Location    X:-10.00    Y:3.00 ... OK! 
Checking overlaps for volume Plate@Location    X:-10.00    Y:-3.00 ... OK! 
Checking overlaps for volume Plate@Location    X:10.00    Y:3.30 ... OK! 
Checking overlaps for volume Plate@Location    X:10.00    Y:-3.30 ... OK! 
Checking overlaps for volume Plate@Location    X:-10.00    Y:3.30 ... OK! 
Checking overlaps for volume Plate@Location    X:-10.00    Y:-3.30 ... OK! 
Checking overlaps for volume Plate@Location    X:10.00    Y:3.60 ... OK! 
Checking overlaps for volume Plate@Location    X:10.00    Y:-3.60 ... OK! 
Checking overlaps for volume Plate@Location    X:-10.00    Y:3.60 ... OK! 
Checking overlaps for volume Plate@Location    X:-10.00    Y:-3.60 ... OK! 
Checking overlaps for volume Plate@Location    X:10.00    Y:3.90 ... OK! 
Checking overlaps for volume Plate@Location    X:10.00    Y:-3.90 ... OK! 
Checking overlaps for volume Plate@Location    X:-10.00    Y:3.90 ... OK! 
Checking overlaps for volume Plate@Location    X:-10.00    Y:-3.90 ... OK! 
Checking overlaps for volume Plate@Location    X:10.00    Y:4.20 ... OK! 
Checking overlaps for volume Plate@Location    X:10.00    Y:-4.20 ... OK! 
Checking overlaps for volume Plate@Location    X:-10.00    Y:4.20 ... OK! 
Checking overlaps for volume Plate@Location    X:-10.00    Y:-4.20 ... OK! 
Checking overlaps for volume Plate@Location    X:10.00    Y:4.50 ... OK! 
Checking overlaps for volume Plate@Location    X:10.00    Y:-4.50 ... OK! 
Checking overlaps for volume Plate@Location    X:-10.00    Y:4.50 ... OK! 
Checking overlaps for volume Plate@Location    X:-10.00    Y:-4.50 ... OK! 
Checking overlaps for volume Plate@Location    X:10.00    Y:4.80 ... OK! 
Checking overlaps for volume Plate@Location    X:10.00    Y:-4.80 ... OK! 
Checking overlaps for volume Plate@Location    X:-10.00    Y:4.80 ... OK! 
Checking overlaps for volume Plate@Location    X:-10.00    Y:-4.80 ... OK! 
Checking overlaps for volume Plate@Location    X:10.00    Y:5.10 ... OK! 
Checking overlaps for volume Plate@Location    X:10.00    Y:-5.10 ... OK! 
Checking overlaps for volume Plate@Location    X:-10.00    Y:5.10 ... OK! 
Checking overlaps for volume Plate@Location    X:-10.00    Y:-5.10 ... OK! 
Checking overlaps for volume Plate@Location    X:10.00    Y:5.40 ... OK! 
Checking overlaps for volume Plate@Location    X:10.00    Y:-5.40 ... OK! 
Checking overlaps for volume Plate@Location    X:-10.00    Y:5.40 ... OK! 
Checking overlaps for volume Plate@Location    X:-10.00    Y:-5.40 ... OK! 
Checking overlaps for volume Plate@Location    X:10.00    Y:5.70 ... OK! 
Checking overlaps for volume Plate@Location    X:10.00    Y:-5.70 ... OK! 
Checking overlaps for volume Plate@Location    X:-10.00    Y:5.70 ... OK! 
Checking overlaps for volume Plate@Location    X:-10.00    Y:-5.70 ... OK! 
Checking overlaps for volume Plate@Location    X:10.00    Y:6.00 ... OK! 
Checking overlaps for volume Plate@Location    X:10.00    Y:-6.00 ... OK! 
Checking overlaps for volume Plate@Location    X:-10.00    Y:6.00 ... OK! 
Checking overlaps for volume Plate@Location    X:-10.00    Y:-6.00 ... OK! 
Checking overlaps for volume Plate@Location    X:10.00    Y:6.30 ... OK! 
Checking overlaps for volume Plate@Location    X:10.00    Y:-6.30 ... OK! 
Checking overlaps for volume Plate@Location    X:-10.00    Y:6.30 ... OK! 
Checking overlaps for volume Plate@Location    X:-10.00    Y:-6.30 ... OK! 
Checking overlaps for volume Plate@Location    X:10.00    Y:6.60 ... OK! 
Checking overlaps for volume Plate@Location    X:10.00    Y:-6.60 ... OK! 
Checking overlaps for volume Plate@Location    X:-10.00    Y:6.60 ... OK! 
Checking overlaps for volume Plate@Location    X:-10.00    Y:-6.60 ... OK! 
312 plates were added to the subcritical assembly
Checking overlaps for volume NeutronSource ... OK! 
Checking overlaps for volume Poly ... OK! 
Checking overlaps for volume Detector_Shell ... OK! 
Checking overlaps for volume Detector_BF3_Core ... OK! 
/cvmfs/geant4.cern.ch/share/data/G4NDL4.5
@@@ G4ParticleHPInelastic instantiated for particle neutron data directory variable is G4NEUTRONHPDATA pointing to /cvmfs/geant4.cern.ch/share/data/G4NDL4.5/Inelastic
@@@ G4ParticleHPInelasticData instantiated for particle neutron data directory variable is G4NEUTRONHPDATA pointing to /cvmfs/geant4.cern.ch/share/data/G4NDL4.5
NeutronHP: /Capture file for Z = 6, A = 12 is not found and NeutronHP will use /cvmfs/geant4.cern.ch/share/data/G4NDL4.5/Capture/CrossSection/6_nat_Carbon
NeutronHP: /Elastic file for Z = 6, A = 12 is not found and NeutronHP will use /cvmfs/geant4.cern.ch/share/data/G4NDL4.5/Elastic/CrossSection/6_nat_Carbon
NeutronHP: /Inelastic file for Z = 6, A = 12 is not found and NeutronHP will use /cvmfs/geant4.cern.ch/share/data/G4NDL4.5/Inelastic/CrossSection/6_nat_Carbon
NeutronHP: /Capture file for Z = 6, A = 13 is not found and NeutronHP will use /cvmfs/geant4.cern.ch/share/data/G4NDL4.5/Capture/CrossSection/6_nat_Carbon
NeutronHP: /Elastic file for Z = 6, A = 13 is not found and NeutronHP will use /cvmfs/geant4.cern.ch/share/data/G4NDL4.5/Elastic/CrossSection/6_nat_Carbon
NeutronHP: /Inelastic file for Z = 6, A = 13 is not found and NeutronHP will use /cvmfs/geant4.cern.ch/share/data/G4NDL4.5/Inelastic/CrossSection/6_nat_Carbon
NeutronHP: /Capture file for Z = 8, A = 18 is not found and NeutronHP will use /cvmfs/geant4.cern.ch/share/data/G4NDL4.5/Capture/CrossSection/8_17_Oxygen
NeutronHP: /Elastic file for Z = 8, A = 18 is not found and NeutronHP will use /cvmfs/geant4.cern.ch/share/data/G4NDL4.5/Elastic/CrossSection/8_17_Oxygen
NeutronHP: /Inelastic file for Z = 8, A = 18 is not found and NeutronHP will use /cvmfs/geant4.cern.ch/share/data/G4NDL4.5/Inelastic/CrossSection/8_17_Oxygen
Visualization Manager instantiating with verbosity "warnings (3)"...
Visualization Manager initialising...
Registering graphics systems...

You have successfully registered the following graphics systems.
Current available graphics systems are:
ASCIITree (ATree)
DAWNFILE (DAWNFILE)
G4HepRep (HepRepXML)
G4HepRepFile (HepRepFile)
RayTracer (RayTracer)
VRML1FILE (VRML1FILE)
VRML2FILE (VRML2FILE)
gMocrenFile (gMocrenFile)
OpenGLImmediateQt (OGLIQt, OGLI)
OpenGLStoredQt (OGLSQt, OGL, OGLS)
OpenGLImmediateXm (OGLIXm, OGLIQt_FALLBACK)
OpenGLStoredXm (OGLSXm, OGLSQt_FALLBACK)
OpenGLImmediateX (OGLIX, OGLIQt_FALLBACK, OGLIXm_FALLBACK)
OpenGLStoredX (OGLSX, OGLSQt_FALLBACK, OGLSXm_FALLBACK)
RayTracerX (RayTracerX)

Registering model factories...

You have successfully registered the following model factories.
Registered model factories:
  generic
  drawByAttribute
  drawByCharge
  drawByOriginVolume
  drawByParticleID
  drawByEncounteredVolume

Registered filter factories:
  attributeFilter
  chargeFilter
  originVolumeFilter
  particleFilter
  encounteredVolumeFilter

You have successfully registered the following user vis actions.
Run Duration User Vis Actions: none
End of Event User Vis Actions: none
End of Run User Vis Actions: none

Some /vis commands (optionally) take a string to specify colour.
"/vis/list" to see available colours.

### ===  Deexcitation model UAtomDeexcitation is activated for 1 region:
          DefaultRegionForTheWorld  1  0  0
### ===  Ignore cuts flag:   0

phot:   for  gamma    SubType= 12  BuildTable= 0
      LambdaPrime table from 200 keV to 100 TeV in 174 bins 
      ===== EM models for the G4Region  DefaultRegionForTheWorld ======
 LivermorePhElectric :  Emin=        0 eV    Emax=      100 TeV   AngularGenSauterGavrila  FluoActive

compt:   for  gamma    SubType= 13  BuildTable= 1
      Lambda table from 100 eV  to 1 MeV, 20 bins per decade, spline: 1
      LambdaPrime table from 1 MeV to 100 TeV in 160 bins 
      ===== EM models for the G4Region  DefaultRegionForTheWorld ======
   LowEPComptonModel :  Emin=        0 eV    Emax=       20 MeV  FluoActive
        KleinNishina :  Emin=       20 MeV   Emax=      100 TeV  FluoActive

conv:   for  gamma    SubType= 14  BuildTable= 1
      Lambda table from 1.022 MeV to 100 TeV, 20 bins per decade, spline: 1
      ===== EM models for the G4Region  DefaultRegionForTheWorld ======
       PenConversion :  Emin=        0 eV    Emax=       20 MeV
        BetheHeitler :  Emin=       20 MeV   Emax=       80 GeV   AngularGenUrban
     BetheHeitlerLPM :  Emin=       80 GeV   Emax=      100 TeV   AngularGenUrban

Rayl:   for  gamma    SubType= 11  BuildTable= 1
      Lambda table from 100 eV  to 100 keV, 20 bins per decade, spline: 0
      LambdaPrime table from 100 keV to 100 TeV in 180 bins 
      ===== EM models for the G4Region  DefaultRegionForTheWorld ======
   LivermoreRayleigh :  Emin=        0 eV    Emax=      100 TeV   CullenGenerator

msc:   for e-    SubType= 10
      RangeFactor= 0.2, stepLimitType: 2, latDisplacement: 1
      ===== EM models for the G4Region  DefaultRegionForTheWorld ======
  GoudsmitSaunderson :  Emin=        0 eV    Emax=      100 MeV  Table with 120 bins Emin=    100 eV    Emax=    100 MeV
        WentzelVIUni :  Emin=      100 MeV   Emax=      100 TeV  Table with 120 bins Emin=    100 MeV   Emax=    100 TeV

eIoni:   for  e-    SubType= 2
      dE/dx and range tables from 100 eV  to 100 TeV in 240 bins
      Lambda tables from threshold to 100 TeV, 20 bins per decade, spline: 1
      finalRange(mm)= 0.01, dRoverRange= 0.2, integral: 1, fluct: 1, linLossLimit= 0.01
      ===== EM models for the G4Region  DefaultRegionForTheWorld ======
       LowEnergyIoni :  Emin=        0 eV    Emax=      100 keV   deltaVI
        MollerBhabha :  Emin=      100 keV   Emax=      100 TeV   deltaVI

eBrem:   for  e-    SubType= 3
      dE/dx and range tables from 100 eV  to 100 TeV in 240 bins
      Lambda tables from threshold to 100 TeV, 20 bins per decade, spline: 1
      LPM flag: 1 for E > 1 GeV,  VertexHighEnergyTh(GeV)= 100000
      ===== EM models for the G4Region  DefaultRegionForTheWorld ======
             eBremSB :  Emin=        0 eV    Emax=        1 GeV   AngularGen2BS
            eBremLPM :  Emin=        1 GeV   Emax=      100 TeV   AngularGen2BS

ePairProd:   for  e-    SubType= 4
      dE/dx and range tables from 100 eV  to 100 TeV in 240 bins
      Lambda tables from threshold to 100 TeV, 20 bins per decade, spline: 1
      Sampling table 25x1001 from 0.1 GeV to 100 TeV 
      ===== EM models for the G4Region  DefaultRegionForTheWorld ======
           ePairProd :  Emin=        0 eV    Emax=      100 TeV

CoulombScat:   for  e-, integral: 1     SubType= 1  BuildTable= 1
      Lambda table from 100 MeV to 100 TeV, 20 bins per decade, spline: 1
      ThetaMin(p) < Theta(degree) < 180 pLimit(GeV^1)= 0.139531
      ===== EM models for the G4Region  DefaultRegionForTheWorld ======
  eCoulombScattering :  Emin=      100 MeV   Emax=      100 TeV

msc:   for e+    SubType= 10
      RangeFactor= 0.2, stepLimitType: 2, latDisplacement: 1
      ===== EM models for the G4Region  DefaultRegionForTheWorld ======
  GoudsmitSaunderson :  Emin=        0 eV    Emax=      100 MeV  Table with 120 bins Emin=    100 eV    Emax=    100 MeV
        WentzelVIUni :  Emin=      100 MeV   Emax=      100 TeV  Table with 120 bins Emin=    100 MeV   Emax=    100 TeV

eIoni:   for  e+    SubType= 2
      dE/dx and range tables from 100 eV  to 100 TeV in 240 bins
      Lambda tables from threshold to 100 TeV, 20 bins per decade, spline: 1
      finalRange(mm)= 0.01, dRoverRange= 0.2, integral: 1, fluct: 1, linLossLimit= 0.01
      ===== EM models for the G4Region  DefaultRegionForTheWorld ======
             PenIoni :  Emin=        0 eV    Emax=      100 keV
        MollerBhabha :  Emin=      100 keV   Emax=      100 TeV   deltaVI

eBrem:   for  e+    SubType= 3
      dE/dx and range tables from 100 eV  to 100 TeV in 240 bins
      Lambda tables from threshold to 100 TeV, 20 bins per decade, spline: 1
      LPM flag: 1 for E > 1 GeV,  VertexHighEnergyTh(GeV)= 100000
      ===== EM models for the G4Region  DefaultRegionForTheWorld ======
             eBremSB :  Emin=        0 eV    Emax=        1 GeV   AngularGen2BS
            eBremLPM :  Emin=        1 GeV   Emax=      100 TeV   AngularGen2BS

ePairProd:   for  e+    SubType= 4
      dE/dx and range tables from 100 eV  to 100 TeV in 240 bins
      Lambda tables from threshold to 100 TeV, 20 bins per decade, spline: 1
      Sampling table 25x1001 from 0.1 GeV to 100 TeV 
      ===== EM models for the G4Region  DefaultRegionForTheWorld ======
           ePairProd :  Emin=        0 eV    Emax=      100 TeV

annihil:   for  e+, integral: 1     SubType= 5  BuildTable= 0
      ===== EM models for the G4Region  DefaultRegionForTheWorld ======
            eplus2gg :  Emin=        0 eV    Emax=      100 TeV

CoulombScat:   for  e+, integral: 1     SubType= 1  BuildTable= 1
      Lambda table from 100 MeV to 100 TeV, 20 bins per decade, spline: 1
      ThetaMin(p) < Theta(degree) < 180 pLimit(GeV^1)= 0.139531
      ===== EM models for the G4Region  DefaultRegionForTheWorld ======
  eCoulombScattering :  Emin=      100 MeV   Emax=      100 TeV

msc:   for proton    SubType= 10
      RangeFactor= 0.2, stepLimitType: 0, latDisplacement: 1
      ===== EM models for the G4Region  DefaultRegionForTheWorld ======
        WentzelVIUni :  Emin=        0 eV    Emax=      100 TeV  Table with 240 bins Emin=    100 eV    Emax=    100 TeV

hIoni:   for  proton    SubType= 2
      dE/dx and range tables from 100 eV  to 100 TeV in 240 bins
      Lambda tables from threshold to 100 TeV, 20 bins per decade, spline: 1
      finalRange(mm)= 0.01, dRoverRange= 0.1, integral: 1, fluct: 1, linLossLimit= 0.01
      ===== EM models for the G4Region  DefaultRegionForTheWorld ======
               Bragg :  Emin=        0 eV    Emax=        2 MeV   deltaVI
          BetheBloch :  Emin=        2 MeV   Emax=      100 TeV   deltaVI

hBrems:   for  proton    SubType= 3
      dE/dx and range tables from 100 eV  to 100 TeV in 240 bins
      Lambda tables from threshold to 100 TeV, 20 bins per decade, spline: 1
      ===== EM models for the G4Region  DefaultRegionForTheWorld ======
               hBrem :  Emin=        0 eV    Emax=      100 TeV

hPairProd:   for  proton    SubType= 4
      dE/dx and range tables from 100 eV  to 100 TeV in 240 bins
      Lambda tables from threshold to 100 TeV, 20 bins per decade, spline: 1
      Sampling table 17x1001 from 7.50618 GeV to 100 TeV 
      ===== EM models for the G4Region  DefaultRegionForTheWorld ======
           hPairProd :  Emin=        0 eV    Emax=      100 TeV

CoulombScat:   for  proton, integral: 1     SubType= 1  BuildTable= 1
      Lambda table from threshold  to 100 TeV, 20 bins per decade, spline: 1
      ThetaMin(p) < Theta(degree) < 180 pLimit(GeV^1)= 0.139531
      ===== EM models for the G4Region  DefaultRegionForTheWorld ======
  eCoulombScattering :  Emin=        0 eV    Emax=      100 TeV

nuclearStopping:   for  proton    SubType= 8  BuildTable= 0
      ===== EM models for the G4Region  DefaultRegionForTheWorld ======
   ICRU49NucStopping :  Emin=        0 eV    Emax=        1 MeV

msc:   for GenericIon    SubType= 10
      RangeFactor= 0.2, stepLimitType: 0, latDisplacement: 0
      ===== EM models for the G4Region  DefaultRegionForTheWorld ======
            UrbanMsc :  Emin=        0 eV    Emax=      100 TeV

ionIoni:   for  GenericIon    SubType= 2
      dE/dx and range tables from 100 eV  to 100 TeV in 240 bins
      Lambda tables from threshold to 100 TeV, 20 bins per decade, spline: 1
      finalRange(mm)= 0.001, dRoverRange= 0.1, integral: 1, fluct: 1, linLossLimit= 0.02
      ===== EM models for the G4Region  DefaultRegionForTheWorld ======
         ParamICRU73 :  Emin=        0 eV    Emax=      100 TeV   deltaVI

nuclearStopping:   for  GenericIon    SubType= 8  BuildTable= 0
      ===== EM models for the G4Region  DefaultRegionForTheWorld ======
   ICRU49NucStopping :  Emin=        0 eV    Emax=        1 MeV

msc:   for alpha    SubType= 10
      RangeFactor= 0.2, stepLimitType: 0, latDisplacement: 1
      ===== EM models for the G4Region  DefaultRegionForTheWorld ======
            UrbanMsc :  Emin=        0 eV    Emax=      100 TeV  Table with 240 bins Emin=    100 eV    Emax=    100 TeV

ionIoni:   for  alpha    SubType= 2
      dE/dx and range tables from 100 eV  to 100 TeV in 240 bins
      Lambda tables from threshold to 100 TeV, 20 bins per decade, spline: 1
      finalRange(mm)= 0.01, dRoverRange= 0.1, integral: 1, fluct: 1, linLossLimit= 0.02
      ===== EM models for the G4Region  DefaultRegionForTheWorld ======
            BraggIon :  Emin=        0 eV    Emax=   7.9452 MeV   deltaVI
          BetheBloch :  Emin=   7.9452 MeV   Emax=      100 TeV   deltaVI

nuclearStopping:   for  alpha    SubType= 8  BuildTable= 0
      ===== EM models for the G4Region  DefaultRegionForTheWorld ======
   ICRU49NucStopping :  Emin=        0 eV    Emax=        1 MeV

msc:   for anti_proton    SubType= 10
      RangeFactor= 0.2, stepLimitType: 0, latDisplacement: 1
      ===== EM models for the G4Region  DefaultRegionForTheWorld ======
        WentzelVIUni :  Emin=        0 eV    Emax=      100 TeV  Table with 240 bins Emin=    100 eV    Emax=    100 TeV

hIoni:   for  anti_proton    SubType= 2
      dE/dx and range tables from 100 eV  to 100 TeV in 240 bins
      Lambda tables from threshold to 100 TeV, 20 bins per decade, spline: 1
      finalRange(mm)= 0.01, dRoverRange= 0.1, integral: 1, fluct: 1, linLossLimit= 0.01
      ===== EM models for the G4Region  DefaultRegionForTheWorld ======
            ICRU73QO :  Emin=        0 eV    Emax=        2 MeV   deltaVI
          BetheBloch :  Emin=        2 MeV   Emax=      100 TeV   deltaVI

hBrems:   for  anti_proton    SubType= 3
      dE/dx and range tables from 100 eV  to 100 TeV in 240 bins
      Lambda tables from threshold to 100 TeV, 20 bins per decade, spline: 1
      ===== EM models for the G4Region  DefaultRegionForTheWorld ======
               hBrem :  Emin=        0 eV    Emax=      100 TeV

hPairProd:   for  anti_proton    SubType= 4
      dE/dx and range tables from 100 eV  to 100 TeV in 240 bins
      Lambda tables from threshold to 100 TeV, 20 bins per decade, spline: 1
      Sampling table 17x1001 from 7.50618 GeV to 100 TeV 
      ===== EM models for the G4Region  DefaultRegionForTheWorld ======
           hPairProd :  Emin=        0 eV    Emax=      100 TeV

CoulombScat:   for  anti_proton, integral: 1     SubType= 1  BuildTable= 1
      Lambda table from threshold  to 100 TeV, 20 bins per decade, spline: 1
      ThetaMin(p) < Theta(degree) < 180 pLimit(GeV^1)= 0.139531
      ===== EM models for the G4Region  DefaultRegionForTheWorld ======
  eCoulombScattering :  Emin=        0 eV    Emax=      100 TeV

nuclearStopping:   for  anti_proton    SubType= 8  BuildTable= 0
      ===== EM models for the G4Region  DefaultRegionForTheWorld ======
   ICRU49NucStopping :  Emin=        0 eV    Emax=        1 MeV

msc:   for kaon+    SubType= 10
      RangeFactor= 0.2, stepLimitType: 0, latDisplacement: 1
      ===== EM models for the G4Region  DefaultRegionForTheWorld ======
        WentzelVIUni :  Emin=        0 eV    Emax=      100 TeV  Table with 240 bins Emin=    100 eV    Emax=    100 TeV

hIoni:   for  kaon+    SubType= 2
      dE/dx and range tables from 100 eV  to 100 TeV in 240 bins
      Lambda tables from threshold to 100 TeV, 20 bins per decade, spline: 1
      finalRange(mm)= 0.01, dRoverRange= 0.1, integral: 1, fluct: 1, linLossLimit= 0.01
      ===== EM models for the G4Region  DefaultRegionForTheWorld ======
               Bragg :  Emin=        0 eV    Emax=  1.05231 MeV   deltaVI
          BetheBloch :  Emin=  1.05231 MeV   Emax=      100 TeV   deltaVI

hBrems:   for  kaon+    SubType= 3
      dE/dx and range tables from 100 eV  to 100 TeV in 240 bins
      Lambda tables from threshold to 100 TeV, 20 bins per decade, spline: 1
      ===== EM models for the G4Region  DefaultRegionForTheWorld ======
               hBrem :  Emin=        0 eV    Emax=      100 TeV

hPairProd:   for  kaon+    SubType= 4
      dE/dx and range tables from 100 eV  to 100 TeV in 240 bins
      Lambda tables from threshold to 100 TeV, 20 bins per decade, spline: 1
      Sampling table 18x1001 from 3.94942 GeV to 100 TeV 
      ===== EM models for the G4Region  DefaultRegionForTheWorld ======
           hPairProd :  Emin=        0 eV    Emax=      100 TeV

CoulombScat:   for  kaon+, integral: 1     SubType= 1  BuildTable= 1
      Lambda table from threshold  to 100 TeV, 20 bins per decade, spline: 1
      ThetaMin(p) < Theta(degree) < 180 pLimit(GeV^1)= 0.139531
      ===== EM models for the G4Region  DefaultRegionForTheWorld ======
  eCoulombScattering :  Emin=        0 eV    Emax=      100 TeV

msc:   for kaon-    SubType= 10
      RangeFactor= 0.2, stepLimitType: 0, latDisplacement: 1
      ===== EM models for the G4Region  DefaultRegionForTheWorld ======
        WentzelVIUni :  Emin=        0 eV    Emax=      100 TeV  Table with 240 bins Emin=    100 eV    Emax=    100 TeV

hIoni:   for  kaon-    SubType= 2
      dE/dx and range tables from 100 eV  to 100 TeV in 240 bins
      Lambda tables from threshold to 100 TeV, 20 bins per decade, spline: 1
      finalRange(mm)= 0.01, dRoverRange= 0.1, integral: 1, fluct: 1, linLossLimit= 0.01
      ===== EM models for the G4Region  DefaultRegionForTheWorld ======
            ICRU73QO :  Emin=        0 eV    Emax=  1.05231 MeV   deltaVI
          BetheBloch :  Emin=  1.05231 MeV   Emax=      100 TeV   deltaVI

hBrems:   for  kaon-    SubType= 3
      dE/dx and range tables from 100 eV  to 100 TeV in 240 bins
      Lambda tables from threshold to 100 TeV, 20 bins per decade, spline: 1
      ===== EM models for the G4Region  DefaultRegionForTheWorld ======
               hBrem :  Emin=        0 eV    Emax=      100 TeV

hPairProd:   for  kaon-    SubType= 4
      dE/dx and range tables from 100 eV  to 100 TeV in 240 bins
      Lambda tables from threshold to 100 TeV, 20 bins per decade, spline: 1
      Sampling table 18x1001 from 3.94942 GeV to 100 TeV 
      ===== EM models for the G4Region  DefaultRegionForTheWorld ======
           hPairProd :  Emin=        0 eV    Emax=      100 TeV

CoulombScat:   for  kaon-, integral: 1     SubType= 1  BuildTable= 1
      Used Lambda table of kaon+
      ThetaMin(p) < Theta(degree) < 180 pLimit(GeV^1)= 0.139531
      ===== EM models for the G4Region  DefaultRegionForTheWorld ======
  eCoulombScattering :  Emin=        0 eV    Emax=      100 TeV

msc:   for mu+    SubType= 10
      RangeFactor= 0.2, step limit type: 0, lateralDisplacement: 1, polarAngleLimit(deg)= 180
      ===== EM models for the G4Region  DefaultRegionForTheWorld ======
        WentzelVIUni :  Emin=        0 eV    Emax=      100 TeV  Table with 240 bins Emin=    100 eV    Emax=    100 TeV

muIoni:   for  mu+    SubType= 2
      dE/dx and range tables from 100 eV  to 100 TeV in 240 bins
      Lambda tables from threshold to 100 TeV, 20 bins per decade, spline: 1
      finalRange(mm)= 0.01, dRoverRange= 0.1, integral: 1, fluct: 1, linLossLimit= 0.01
      ===== EM models for the G4Region  DefaultRegionForTheWorld ======
               Bragg :  Emin=        0 eV    Emax=      200 keV   deltaVI
          BetheBloch :  Emin=      200 keV   Emax=        1 GeV   deltaVI
        MuBetheBloch :  Emin=        1 GeV   Emax=      100 TeV

muBrems:   for  mu+    SubType= 3
      dE/dx and range tables from 100 eV  to 100 TeV in 240 bins
      Lambda tables from threshold to 100 TeV, 20 bins per decade, spline: 1
      ===== EM models for the G4Region  DefaultRegionForTheWorld ======
              MuBrem :  Emin=        0 eV    Emax=      100 TeV

muPairProd:   for  mu+    SubType= 4
      dE/dx and range tables from 100 eV  to 100 TeV in 240 bins
      Lambda tables from threshold to 100 TeV, 20 bins per decade, spline: 1
      Sampling table 21x1001 from 1 GeV to 100 TeV 
      ===== EM models for the G4Region  DefaultRegionForTheWorld ======
          muPairProd :  Emin=        0 eV    Emax=      100 TeV

CoulombScat:   for  mu+, integral: 1     SubType= 1  BuildTable= 1
      Lambda table from threshold  to 100 TeV, 20 bins per decade, spline: 1
      ThetaMin(p) < Theta(degree) < 180 pLimit(GeV^1)= 0.139531
      ===== EM models for the G4Region  DefaultRegionForTheWorld ======
  eCoulombScattering :  Emin=        0 eV    Emax=      100 TeV

msc:   for mu-    SubType= 10
      RangeFactor= 0.2, step limit type: 0, lateralDisplacement: 1, polarAngleLimit(deg)= 180
      ===== EM models for the G4Region  DefaultRegionForTheWorld ======
        WentzelVIUni :  Emin=        0 eV    Emax=      100 TeV  Table with 240 bins Emin=    100 eV    Emax=    100 TeV

muIoni:   for  mu-    SubType= 2
      dE/dx and range tables from 100 eV  to 100 TeV in 240 bins
      Lambda tables from threshold to 100 TeV, 20 bins per decade, spline: 1
      finalRange(mm)= 0.01, dRoverRange= 0.1, integral: 1, fluct: 1, linLossLimit= 0.01
      ===== EM models for the G4Region  DefaultRegionForTheWorld ======
            ICRU73QO :  Emin=        0 eV    Emax=      200 keV   deltaVI
          BetheBloch :  Emin=      200 keV   Emax=        1 GeV   deltaVI
        MuBetheBloch :  Emin=        1 GeV   Emax=      100 TeV

muBrems:   for  mu-    SubType= 3
      dE/dx and range tables from 100 eV  to 100 TeV in 240 bins
      Lambda tables from threshold to 100 TeV, 20 bins per decade, spline: 1
      ===== EM models for the G4Region  DefaultRegionForTheWorld ======
              MuBrem :  Emin=        0 eV    Emax=      100 TeV

muPairProd:   for  mu-    SubType= 4
      dE/dx and range tables from 100 eV  to 100 TeV in 240 bins
      Lambda tables from threshold to 100 TeV, 20 bins per decade, spline: 1
      Sampling table 21x1001 from 1 GeV to 100 TeV 
      ===== EM models for the G4Region  DefaultRegionForTheWorld ======
          muPairProd :  Emin=        0 eV    Emax=      100 TeV

CoulombScat:   for  mu-, integral: 1     SubType= 1  BuildTable= 1
      Used Lambda table of mu+
      ThetaMin(p) < Theta(degree) < 180 pLimit(GeV^1)= 0.139531
      ===== EM models for the G4Region  DefaultRegionForTheWorld ======
  eCoulombScattering :  Emin=        0 eV    Emax=      100 TeV
NeutronHP: /Capture file for Z = 6, A = 12 is not found and NeutronHP will use /cvmfs/geant4.cern.ch/share/data/G4NDL4.5/Capture/CrossSection/6_nat_Carbon
NeutronHP: /Elastic file for Z = 6, A = 12 is not found and NeutronHP will use /cvmfs/geant4.cern.ch/share/data/G4NDL4.5/Elastic/CrossSection/6_nat_Carbon
NeutronHP: /Inelastic file for Z = 6, A = 12 is not found and NeutronHP will use /cvmfs/geant4.cern.ch/share/data/G4NDL4.5/Inelastic/CrossSection/6_nat_Carbon
NeutronHP: /Capture file for Z = 6, A = 13 is not found and NeutronHP will use /cvmfs/geant4.cern.ch/share/data/G4NDL4.5/Capture/CrossSection/6_nat_Carbon
NeutronHP: /Elastic file for Z = 6, A = 13 is not found and NeutronHP will use /cvmfs/geant4.cern.ch/share/data/G4NDL4.5/Elastic/CrossSection/6_nat_Carbon
NeutronHP: /Inelastic file for Z = 6, A = 13 is not found and NeutronHP will use /cvmfs/geant4.cern.ch/share/data/G4NDL4.5/Inelastic/CrossSection/6_nat_Carbon
NeutronHP: /Capture file for Z = 8, A = 18 is not found and NeutronHP will use /cvmfs/geant4.cern.ch/share/data/G4NDL4.5/Capture/CrossSection/8_17_Oxygen
NeutronHP: /Elastic file for Z = 8, A = 18 is not found and NeutronHP will use /cvmfs/geant4.cern.ch/share/data/G4NDL4.5/Elastic/CrossSection/8_17_Oxygen
NeutronHP: /Inelastic file for Z = 8, A = 18 is not found and NeutronHP will use /cvmfs/geant4.cern.ch/share/data/G4NDL4.5/Inelastic/CrossSection/8_17_Oxygen
NeutronHP: /Elastic file for Z = 6, A = 12 is not found and NeutronHP will use /cvmfs/geant4.cern.ch/share/data/G4NDL4.5/Elastic/CrossSection/6_nat_Carbon
NeutronHP: /Elastic file for Z = 6, A = 13 is not found and NeutronHP will use /cvmfs/geant4.cern.ch/share/data/G4NDL4.5/Elastic/CrossSection/6_nat_Carbon
NeutronHP: /Elastic file for Z = 8, A = 18 is not found and NeutronHP will use /cvmfs/geant4.cern.ch/share/data/G4NDL4.5/Elastic/CrossSection/8_17_Oxygen
@@@ G4ParticleHPInelastic instantiated for particle neutron data directory variable is G4NEUTRONHPDATA pointing to /cvmfs/geant4.cern.ch/share/data/G4NDL4.5/Inelastic
NeutronHP: /Capture file for Z = 6, A = 12 is not found and NeutronHP will use /cvmfs/geant4.cern.ch/share/data/G4NDL4.5/Capture/CrossSection/6_nat_Carbon
NeutronHP: /Capture file for Z = 6, A = 13 is not found and NeutronHP will use /cvmfs/geant4.cern.ch/share/data/G4NDL4.5/Capture/CrossSection/6_nat_Carbon
NeutronHP: /Capture file for Z = 8, A = 18 is not found and NeutronHP will use /cvmfs/geant4.cern.ch/share/data/G4NDL4.5/Capture/CrossSection/8_17_Oxygen
Fission fragment production is now activated in HP package for Z = 92, A = 235
As currently modeled this option precludes production of delayed neutrons from fission fragments.
Fission fragment production is now activated in HP package for Z = 92, A = 238
As currently modeled this option precludes production of delayed neutrons from fission fragments.

msc:   for pi+    SubType= 10
      RangeFactor= 0.2, stepLimitType: 0, latDisplacement: 1
      ===== EM models for the G4Region  DefaultRegionForTheWorld ======
        WentzelVIUni :  Emin=        0 eV    Emax=      100 TeV  Table with 240 bins Emin=    100 eV    Emax=    100 TeV

hIoni:   for  pi+    SubType= 2
      dE/dx and range tables from 100 eV  to 100 TeV in 240 bins
      Lambda tables from threshold to 100 TeV, 20 bins per decade, spline: 1
      finalRange(mm)= 0.01, dRoverRange= 0.1, integral: 1, fluct: 1, linLossLimit= 0.01
      ===== EM models for the G4Region  DefaultRegionForTheWorld ======
               Bragg :  Emin=        0 eV    Emax=  297.505 keV   deltaVI
          BetheBloch :  Emin=  297.505 keV   Emax=      100 TeV   deltaVI

hBrems:   for  pi+    SubType= 3
      dE/dx and range tables from 100 eV  to 100 TeV in 240 bins
      Lambda tables from threshold to 100 TeV, 20 bins per decade, spline: 1
      ===== EM models for the G4Region  DefaultRegionForTheWorld ======
               hBrem :  Emin=        0 eV    Emax=      100 TeV

hPairProd:   for  pi+    SubType= 4
      dE/dx and range tables from 100 eV  to 100 TeV in 240 bins
      Lambda tables from threshold to 100 TeV, 20 bins per decade, spline: 1
      Sampling table 20x1001 from 1.11656 GeV to 100 TeV 
      ===== EM models for the G4Region  DefaultRegionForTheWorld ======
           hPairProd :  Emin=        0 eV    Emax=      100 TeV

CoulombScat:   for  pi+, integral: 1     SubType= 1  BuildTable= 1
      Lambda table from threshold  to 100 TeV, 20 bins per decade, spline: 1
      ThetaMin(p) < Theta(degree) < 180 pLimit(GeV^1)= 0.139531
      ===== EM models for the G4Region  DefaultRegionForTheWorld ======
  eCoulombScattering :  Emin=        0 eV    Emax=      100 TeV

msc:   for pi-    SubType= 10
      RangeFactor= 0.2, stepLimitType: 0, latDisplacement: 1
      ===== EM models for the G4Region  DefaultRegionForTheWorld ======
        WentzelVIUni :  Emin=        0 eV    Emax=      100 TeV  Table with 240 bins Emin=    100 eV    Emax=    100 TeV

hIoni:   for  pi-    SubType= 2
      dE/dx and range tables from 100 eV  to 100 TeV in 240 bins
      Lambda tables from threshold to 100 TeV, 20 bins per decade, spline: 1
      finalRange(mm)= 0.01, dRoverRange= 0.1, integral: 1, fluct: 1, linLossLimit= 0.01
      ===== EM models for the G4Region  DefaultRegionForTheWorld ======
            ICRU73QO :  Emin=        0 eV    Emax=  297.505 keV   deltaVI
          BetheBloch :  Emin=  297.505 keV   Emax=      100 TeV   deltaVI

hBrems:   for  pi-    SubType= 3
      dE/dx and range tables from 100 eV  to 100 TeV in 240 bins
      Lambda tables from threshold to 100 TeV, 20 bins per decade, spline: 1
      ===== EM models for the G4Region  DefaultRegionForTheWorld ======
               hBrem :  Emin=        0 eV    Emax=      100 TeV

hPairProd:   for  pi-    SubType= 4
      dE/dx and range tables from 100 eV  to 100 TeV in 240 bins
      Lambda tables from threshold to 100 TeV, 20 bins per decade, spline: 1
      Sampling table 20x1001 from 1.11656 GeV to 100 TeV 
      ===== EM models for the G4Region  DefaultRegionForTheWorld ======
           hPairProd :  Emin=        0 eV    Emax=      100 TeV

CoulombScat:   for  pi-, integral: 1     SubType= 1  BuildTable= 1
      Used Lambda table of pi+
      ThetaMin(p) < Theta(degree) < 180 pLimit(GeV^1)= 0.139531
      ===== EM models for the G4Region  DefaultRegionForTheWorld ======
  eCoulombScattering :  Emin=        0 eV    Emax=      100 TeV

====================================================================
                  HADRONIC PROCESSES SUMMARY (verbose level 1)

---------------------------------------------------
                           Hadronic Processes for GenericIon

  Process: ionInelastic
        Model:  Binary Light Ion Cascade: 0 eV /n ---> 4 GeV/n
        Model:                      FTFP: 2 GeV/n ---> 100 TeV/n
     Cr_sctns:  Glauber-Gribov Nucl-nucl: 0 eV  ---> 100 TeV
     Cr_sctns:          GheishaInelastic: 0 eV  ---> 100 TeV

---------------------------------------------------
                           Hadronic Processes for He3

  Process: hadElastic
        Model:              hElasticLHEP: 0 eV /n ---> 100 TeV/n
     Cr_sctns:  Glauber-Gribov Nucl-nucl: 0 eV  ---> 100 TeV
     Cr_sctns:            GheishaElastic: 0 eV  ---> 100 TeV

  Process: He3Inelastic
        Model:  Binary Light Ion Cascade: 0 eV /n ---> 4 GeV/n
        Model:                      FTFP: 2 GeV/n ---> 100 TeV/n
     Cr_sctns:  Glauber-Gribov Nucl-nucl: 0 eV  ---> 100 TeV
     Cr_sctns:          GheishaInelastic: 0 eV  ---> 100 TeV

---------------------------------------------------
                           Hadronic Processes for alpha

  Process: hadElastic
        Model:              hElasticLHEP: 0 eV /n ---> 100 TeV/n
     Cr_sctns:            GheishaElastic: 0 eV  ---> 100 TeV

  Process: alphaInelastic
        Model:  Binary Light Ion Cascade: 0 eV /n ---> 4 GeV/n
        Model:                      FTFP: 2 GeV/n ---> 100 TeV/n
     Cr_sctns:  Glauber-Gribov Nucl-nucl: 0 eV  ---> 100 TeV
     Cr_sctns:          GheishaInelastic: 0 eV  ---> 100 TeV

---------------------------------------------------
                           Hadronic Processes for anti_He3

  Process: hadElastic
        Model:              hElasticLHEP: 0 eV /n ---> 100.1 MeV/n
        Model:              AntiAElastic: 100 MeV/n ---> 100 TeV/n
     Cr_sctns:              AntiAGlauber: 0 eV  ---> 100 TeV
     Cr_sctns:            GheishaElastic: 0 eV  ---> 100 TeV

  Process: anti_He3Inelastic
        Model:                      FTFP: 0 eV /n ---> 100 TeV/n
     Cr_sctns:              AntiAGlauber: 0 eV  ---> 100 TeV
     Cr_sctns:          GheishaInelastic: 0 eV  ---> 100 TeV

  Process: hFritiofCaptureAtRest

---------------------------------------------------
                           Hadronic Processes for anti_alpha

  Process: hadElastic
        Model:              hElasticLHEP: 0 eV /n ---> 100.1 MeV/n
        Model:              AntiAElastic: 100 MeV/n ---> 100 TeV/n
     Cr_sctns:              AntiAGlauber: 0 eV  ---> 100 TeV
     Cr_sctns:            GheishaElastic: 0 eV  ---> 100 TeV

  Process: anti_alphaInelastic
        Model:                      FTFP: 0 eV /n ---> 100 TeV/n
     Cr_sctns:              AntiAGlauber: 0 eV  ---> 100 TeV
     Cr_sctns:          GheishaInelastic: 0 eV  ---> 100 TeV

  Process: hFritiofCaptureAtRest

---------------------------------------------------
                           Hadronic Processes for anti_deuteron

  Process: hadElastic
        Model:              hElasticLHEP: 0 eV /n ---> 100.1 MeV/n
        Model:              AntiAElastic: 100 MeV/n ---> 100 TeV/n
     Cr_sctns:              AntiAGlauber: 0 eV  ---> 100 TeV
     Cr_sctns:            GheishaElastic: 0 eV  ---> 100 TeV

  Process: anti_deuteronInelastic
        Model:                      FTFP: 0 eV /n ---> 100 TeV/n
     Cr_sctns:              AntiAGlauber: 0 eV  ---> 100 TeV
     Cr_sctns:          GheishaInelastic: 0 eV  ---> 100 TeV

  Process: hFritiofCaptureAtRest

---------------------------------------------------
                           Hadronic Processes for anti_neutron

  Process: hadElastic
        Model:              hElasticLHEP: 0 eV  ---> 100 TeV
     Cr_sctns:            GheishaElastic: 0 eV  ---> 100 TeV

  Process: anti_neutronInelastic
        Model:                      FTFP: 0 eV  ---> 100 TeV
     Cr_sctns:              AntiAGlauber: 0 eV  ---> 100 TeV
     Cr_sctns:          GheishaInelastic: 0 eV  ---> 100 TeV

---------------------------------------------------
                           Hadronic Processes for anti_proton

  Process: hadElastic
        Model:              hElasticLHEP: 0 eV  ---> 100.1 MeV
        Model:              AntiAElastic: 100 MeV ---> 100 TeV
     Cr_sctns:              AntiAGlauber: 0 eV  ---> 100 TeV
     Cr_sctns:            GheishaElastic: 0 eV  ---> 100 TeV

  Process: anti_protonInelastic
        Model:                      FTFP: 0 eV  ---> 100 TeV
     Cr_sctns:              AntiAGlauber: 0 eV  ---> 100 TeV
     Cr_sctns:          GheishaInelastic: 0 eV  ---> 100 TeV

  Process: hFritiofCaptureAtRest

---------------------------------------------------
                           Hadronic Processes for anti_triton

  Process: hadElastic
        Model:              hElasticLHEP: 0 eV /n ---> 100.1 MeV/n
        Model:              AntiAElastic: 100 MeV/n ---> 100 TeV/n
     Cr_sctns:              AntiAGlauber: 0 eV  ---> 100 TeV
     Cr_sctns:            GheishaElastic: 0 eV  ---> 100 TeV

  Process: anti_tritonInelastic
        Model:                      FTFP: 0 eV /n ---> 100 TeV/n
     Cr_sctns:              AntiAGlauber: 0 eV  ---> 100 TeV
     Cr_sctns:          GheishaInelastic: 0 eV  ---> 100 TeV

  Process: hFritiofCaptureAtRest

---------------------------------------------------
                           Hadronic Processes for deuteron

  Process: hadElastic
        Model:              hElasticLHEP: 0 eV /n ---> 100 TeV/n
     Cr_sctns:            GheishaElastic: 0 eV  ---> 100 TeV

  Process: dInelastic
        Model:  Binary Light Ion Cascade: 0 eV /n ---> 4 GeV/n
        Model:                      FTFP: 2 GeV/n ---> 100 TeV/n
     Cr_sctns:  Glauber-Gribov Nucl-nucl: 0 eV  ---> 100 TeV
     Cr_sctns:          GheishaInelastic: 0 eV  ---> 100 TeV

---------------------------------------------------
                           Hadronic Processes for e+

  Process: positronNuclear
        Model:   G4ElectroVDNuclearModel: 0 eV  ---> 1 PeV
     Cr_sctns:          ElectroNuclearXS: 0 eV  ---> 100 TeV

---------------------------------------------------
                           Hadronic Processes for e-

  Process: electronNuclear
        Model:   G4ElectroVDNuclearModel: 0 eV  ---> 1 PeV
     Cr_sctns:          ElectroNuclearXS: 0 eV  ---> 100 TeV

---------------------------------------------------
                           Hadronic Processes for gamma

  Process: photonNuclear
        Model:            BertiniCascade: 0 eV  ---> 3.5 GeV
        Model:           TheoFSGenerator: 3 GeV ---> 100 TeV
     Cr_sctns:            PhotoNuclearXS: 0 eV  ---> 100 TeV

---------------------------------------------------
                           Hadronic Processes for kaon+

  Process: hadElastic
        Model:              hElasticLHEP: 0 eV  ---> 100 TeV
     Cr_sctns:            Glauber-Gribov: 0 eV  ---> 100 TeV
     Cr_sctns:            GheishaElastic: 0 eV  ---> 100 TeV

  Process: kaon+Inelastic
        Model:                      QGSP: 12 GeV ---> 100 TeV
        Model:                      FTFP: 4 GeV ---> 25 GeV
        Model:            BertiniCascade: 0 eV  ---> 5 GeV
     Cr_sctns:            Glauber-Gribov: 0 eV  ---> 100 TeV
     Cr_sctns:  ChipsKaonPlusInelasticXS: 0 eV  ---> 100 TeV
     Cr_sctns:          GheishaInelastic: 0 eV  ---> 100 TeV

---------------------------------------------------
                           Hadronic Processes for kaon-

  Process: hadElastic
        Model:              hElasticLHEP: 0 eV  ---> 100 TeV
     Cr_sctns:            Glauber-Gribov: 0 eV  ---> 100 TeV
     Cr_sctns:            GheishaElastic: 0 eV  ---> 100 TeV

  Process: kaon-Inelastic
        Model:                      QGSP: 12 GeV ---> 100 TeV
        Model:                      FTFP: 4 GeV ---> 25 GeV
        Model:            BertiniCascade: 0 eV  ---> 5 GeV
     Cr_sctns:            Glauber-Gribov: 0 eV  ---> 100 TeV
     Cr_sctns: ChipsKaonMinusInelasticXS: 0 eV  ---> 100 TeV
     Cr_sctns:          GheishaInelastic: 0 eV  ---> 100 TeV

  Process: hBertiniCaptureAtRest

---------------------------------------------------
                           Hadronic Processes for lambda

  Process: hadElastic
        Model:              hElasticLHEP: 0 eV  ---> 100 TeV
     Cr_sctns:            GheishaElastic: 0 eV  ---> 100 TeV

  Process: lambdaInelastic
        Model:            BertiniCascade: 0 eV  ---> 6 GeV
        Model:                      FTFP: 2 GeV ---> 100 TeV
     Cr_sctns:   ChipsHyperonInelasticXS: 0 eV  ---> 100 TeV
     Cr_sctns:          GheishaInelastic: 0 eV  ---> 100 TeV

---------------------------------------------------
                           Hadronic Processes for mu+

  Process: muonNuclear
        Model:      G4MuonVDNuclearModel: 0 eV  ---> 1 PeV
     Cr_sctns:     KokoulinMuonNuclearXS: 0 eV  ---> 100 TeV

---------------------------------------------------
                           Hadronic Processes for mu-

  Process: muonNuclear
        Model:      G4MuonVDNuclearModel: 0 eV  ---> 1 PeV
     Cr_sctns:     KokoulinMuonNuclearXS: 0 eV  ---> 100 TeV

  Process: muMinusCaptureAtRest

---------------------------------------------------
                           Hadronic Processes for neutron

  Process: hadElastic
        Model:             hElasticCHIPS: 19.5 MeV ---> 100 TeV
        Model:          NeutronHPElastic: 0 eV  ---> 20 MeV
     Cr_sctns:        NeutronHPElasticXS: 0 eV  ---> 20 MeV
     Cr_sctns:        G4NeutronElasticXS: 0 eV  ---> 100 TeV

  Process: neutronInelastic
        Model:                      QGSP: 12 GeV ---> 100 TeV
        Model:                      FTFP: 9.5 GeV ---> 25 GeV
        Model:            Binary Cascade: 19.9 MeV ---> 9.9 GeV
        Model:        NeutronHPInelastic: 0 eV  ---> 20 MeV
     Cr_sctns:      NeutronHPInelasticXS: 0 eV  ---> 20 MeV
     Cr_sctns:       Barashenkov-Glauber: 0 eV  ---> 100 TeV

  Process: nCapture
        Model:          NeutronHPCapture: 0 eV  ---> 20 MeV
        Model:               nRadCapture: 19.9 MeV ---> 100 TeV
     Cr_sctns:        NeutronHPCaptureXS: 0 eV  ---> 20 MeV
     Cr_sctns:        G4NeutronCaptureXS: 0 eV  ---> 100 TeV

  Process: nFission
        Model:          NeutronHPFission: 0 eV  ---> 20 MeV
        Model:                G4LFission: 19.9 MeV ---> 100 TeV
     Cr_sctns:        NeutronHPFissionXS: 0 eV  ---> 20 MeV
     Cr_sctns:          GheishaFissionXS: 0 eV  ---> 100 TeV

---------------------------------------------------
                           Hadronic Processes for pi+

  Process: hadElastic
        Model:              hElasticLHEP: 0 eV  ---> 1.0001 GeV
        Model:           hElasticGlauber: 1 GeV ---> 100 TeV
     Cr_sctns:       Barashenkov-Glauber: 0 eV  ---> 100 TeV

  Process: pi+Inelastic
        Model:                      QGSP: 12 GeV ---> 100 TeV
        Model:                      FTFP: 4 GeV ---> 25 GeV
        Model:            BertiniCascade: 0 eV  ---> 5 GeV
     Cr_sctns:      G4CrossSectionPairGG: 0 eV  ---> 100 TeV
                         G4CrossSectionPairGG: G4PiNuclearCrossSection cross sections 
                           below 91 GeV, Glauber-Gribov above 
     Cr_sctns:      G4CrossSectionPairGG: 0 eV  ---> 100 TeV
                         G4CrossSectionPairGG: G4PiNuclearCrossSection cross sections 
                           below 91 GeV, Glauber-Gribov above 
     Cr_sctns:          GheishaInelastic: 0 eV  ---> 100 TeV

---------------------------------------------------
                           Hadronic Processes for pi-

  Process: hadElastic
        Model:              hElasticLHEP: 0 eV  ---> 1.0001 GeV
        Model:           hElasticGlauber: 1 GeV ---> 100 TeV
     Cr_sctns:       Barashenkov-Glauber: 0 eV  ---> 100 TeV

  Process: pi-Inelastic
        Model:                      QGSP: 12 GeV ---> 100 TeV
        Model:                      FTFP: 4 GeV ---> 25 GeV
        Model:            BertiniCascade: 0 eV  ---> 5 GeV
     Cr_sctns:      G4CrossSectionPairGG: 0 eV  ---> 100 TeV
                         G4CrossSectionPairGG: G4PiNuclearCrossSection cross sections 
                           below 91 GeV, Glauber-Gribov above 
     Cr_sctns:      G4CrossSectionPairGG: 0 eV  ---> 100 TeV
                         G4CrossSectionPairGG: G4PiNuclearCrossSection cross sections 
                           below 91 GeV, Glauber-Gribov above 
     Cr_sctns:          GheishaInelastic: 0 eV  ---> 100 TeV

  Process: hBertiniCaptureAtRest

---------------------------------------------------
                           Hadronic Processes for proton

  Process: hadElastic
        Model:             hElasticCHIPS: 0 eV  ---> 100 TeV
     Cr_sctns:      ChipsProtonElasticXS: 0 eV  ---> 100 TeV
     Cr_sctns:            GheishaElastic: 0 eV  ---> 100 TeV

  Process: protonInelastic
        Model:                      QGSP: 12 GeV ---> 100 TeV
        Model:                      FTFP: 9.5 GeV ---> 25 GeV
        Model:            Binary Cascade: 0 eV  ---> 9.9 GeV
     Cr_sctns:       Barashenkov-Glauber: 0 eV  ---> 100 TeV

---------------------------------------------------
                           Hadronic Processes for triton

  Process: hadElastic
        Model:              hElasticLHEP: 0 eV /n ---> 100 TeV/n
     Cr_sctns:            GheishaElastic: 0 eV  ---> 100 TeV

  Process: tInelastic
        Model:  Binary Light Ion Cascade: 0 eV /n ---> 4 GeV/n
        Model:                      FTFP: 2 GeV/n ---> 100 TeV/n
     Cr_sctns:  Glauber-Gribov Nucl-nucl: 0 eV  ---> 100 TeV
     Cr_sctns:          GheishaInelastic: 0 eV  ---> 100 TeV

================================================================
=======================================================================
======       Pre-compound/De-excitation Physics Parameters     ========
=======================================================================
Type of pre-compound inverse x-section              3
Pre-compound model active                           1
Pre-compound low energy (MeV)                       0.1
Type of de-excitation inverse x-section             3
Type of de-excitation factory                       Evaporation+GEM
Number of de-excitation channels                    68
Min excitation energy (keV)                         0.01
Min energy per nucleon for multifragmentation (MeV) 1e+05
Level density (1/MeV)                               0.1
Time limit for long lived isomeres (ns)             1e+12
Internal e- conversion flag                         1
Store e- internal conversion data                   0
Electron internal conversion ID                     2
Correlated gamma emission flag                      0
Max 2J for sampling of angular correlations         10
=======================================================================
Shooting event 1
Emission Location: r: (4.45494,0,466.79)
Emission Direction: r: (-0.97197,-0.108229,-0.208711)
Shooting event 2
Emission Location: r: (0.448247,0,464.311)
Emission Direction: r: (-0.970882,-0.0773528,-0.226724)
Shooting event 3
Emission Location: r: (3.59621,0,468.16)
Emission Direction: r: (0.0536258,-0.0595585,0.996783)
Shooting event 4
Emission Location: r: (0.204063,0,452.577)
Emission Direction: r: (0.176185,0.984222,0.0163272)
Shooting event 5
Emission Location: r: (3.15684,0,453.993)
Emission Direction: r: (-0.58708,-0.648154,0.48501)
Shooting event 6
Emission Location: r: (0.37886,0,460.648)
Emission Direction: r: (0.717191,0.694775,-0.0540847)
Shooting event 7
Emission Location: r: (4.08183,0,458.929)
Emission Direction: r: (0.549599,0.425031,0.719228)
Shooting event 8
Emission Location: r: (1.75487,0,458.593)
Emission Direction: r: (-0.554424,0.223686,0.80161)
Shooting event 9
Emission Location: r: (4.21431,0,447.831)
Emission Direction: r: (0.107064,0.0472658,0.993128)
Shooting event 10
Emission Location: r: (0.278257,0,477.948)
Emission Direction: r: (0.0533292,-0.00343466,0.998571)
Shooting event 11
Emission Location: r: (3.21119,0,443.245)
Emission Direction: r: (-0.011116,-0.960927,-0.276579)
Shooting event 12
Emission Location: r: (1.55301,0,467.047)
Emission Direction: r: (-0.0674552,-0.991384,0.112287)
Shooting event 13
Emission Location: r: (2.53861,0,442.278)
Emission Direction: r: (0.74784,-0.516339,-0.417288)
Shooting event 14
Emission Location: r: (2.96807,0,460.416)
Emission Direction: r: (-0.124696,-0.192186,0.973404)
Shooting event 15
Emission Location: r: (0.222625,0,455.829)
Emission Direction: r: (0.267545,-0.107376,-0.957544)
Shooting event 16
Emission Location: r: (1.85569,0,454.167)
Emission Direction: r: (-0.437306,0.0874054,0.895055)
Shooting event 17
Emission Location: r: (3.51103,0,463.835)
Emission Direction: r: (-0.79872,0.330991,0.502485)
Shooting event 18
Emission Location: r: (2.15179,0,485.738)
Emission Direction: r: (-0.42077,0.0328767,-0.906571)
Shooting event 19
Emission Location: r: (0.833567,0,458.982)
Emission Direction: r: (0.447921,0.686046,0.573331)
Shooting event 20
Emission Location: r: (3.45254,0,478.631)
Emission Direction: r: (0.888107,0.454729,0.0669916)
Shooting event 21
Emission Location: r: (3.74197,0,480.339)
Emission Direction: r: (0.160704,-0.141862,-0.976755)
Shooting event 22
Emission Location: r: (1.63702,0,437.427)
Emission Direction: r: (-0.0841666,0.886768,0.454487)
Shooting event 23
Emission Location: r: (4.60112,0,437.05)
Emission Direction: r: (-0.393191,-0.904207,-0.166768)
Shooting event 24
Emission Location: r: (2.00562,0,463.347)
Emission Direction: r: (-0.431817,-0.881098,-0.192875)
Shooting event 25
Emission Location: r: (1.65964,0,447.247)
Emission Direction: r: (0.202833,-0.896607,-0.393643)
Shooting event 26
Emission Location: r: (1.33407,0,455.331)
Emission Direction: r: (-0.535643,-0.198252,-0.820842)
Shooting event 27
Emission Location: r: (0.255355,0,479.391)
Emission Direction: r: (0.58252,-0.237853,-0.777236)
Shooting event 28
Emission Location: r: (3.35659,0,477.145)
Emission Direction: r: (0.777614,-0.110382,-0.618977)
Shooting event 29
Emission Location: r: (3.48631,0,443.674)
Emission Direction: r: (-0.605546,-0.527671,0.595715)
Shooting event 30
Emission Location: r: (3.69762,0,466.458)
Emission Direction: r: (-0.475099,-0.52217,-0.708251)
Shooting event 31
Emission Location: r: (3.50383,0,463.889)
Emission Direction: r: (0.542332,0.639358,-0.545065)
Shooting event 32
Emission Location: r: (2.60258,0,460.829)
Emission Direction: r: (0.869234,0.404434,-0.284369)
Shooting event 33
Emission Location: r: (3.67292,0,474.217)
Emission Direction: r: (-0.551589,-0.740469,0.383999)
Shooting event 34
Emission Location: r: (2.9766,0,480.317)
Emission Direction: r: (-0.914676,0.392036,-0.0983628)
Shooting event 35
Emission Location: r: (0.402999,0,467.048)
Emission Direction: r: (0.468239,-0.0742813,-0.880474)
Shooting event 36
Emission Location: r: (1.74028,0,450.882)
Emission Direction: r: (0.458589,0.817238,0.349025)
Shooting event 37
Emission Location: r: (3.33757,0,465.494)
Emission Direction: r: (0.977448,0.211029,0.00789737)
Shooting event 38
Emission Location: r: (4.62208,0,442.45)
Emission Direction: r: (-0.397265,0.776966,0.48837)
Shooting event 39
Emission Location: r: (0.433277,0,485.701)
Emission Direction: r: (0.609785,0.614401,-0.500673)
Shooting event 40
Emission Location: r: (0.0980391,0,436.024)
Emission Direction: r: (0.179476,-0.609759,0.771999)
Shooting event 41
Emission Location: r: (0.508812,0,467.131)
Emission Direction: r: (-0.744214,0.659535,-0.105634)
Shooting event 42
Emission Location: r: (2.39994,0,436.025)
Emission Direction: r: (-0.239812,-0.832094,-0.500109)
Shooting event 43
Emission Location: r: (4.47476,0,449.199)
Emission Direction: r: (-0.540289,0.0694366,0.83861)
Shooting event 44
Emission Location: r: (1.96882,0,436.135)
Emission Direction: r: (-0.178304,0.657373,-0.732167)
Shooting event 45
Emission Location: r: (3.1722,0,440.221)
Emission Direction: r: (0.865267,0.488641,-0.112)
Shooting event 46
Emission Location: r: (0.0408157,0,484.135)
Emission Direction: r: (0.231091,-0.088993,0.968854)
Shooting event 47
Emission Location: r: (1.89335,0,447.398)
Emission Direction: r: (-0.721533,-0.492737,0.486416)
Shooting event 48
Emission Location: r: (2.14447,0,436.968)
Emission Direction: r: (-0.880925,0.120008,-0.457787)
Shooting event 49
Emission Location: r: (0.248015,0,437.265)
Emission Direction: r: (-0.305543,0.5422,-0.782728)
Shooting event 50
Emission Location: r: (2.00078,0,453.511)
Emission Direction: r: (-0.472097,-0.42953,-0.769823)
Graphics systems deleted.
Visualization Manager deleting...
