
        ############################################
        !!! WARNING - FPE detection is activated !!!
        ############################################


          ################################
          !!! G4Backtrace is activated !!!
          ################################


**************************************************************
 Geant4 version Name: geant4-10-06-ref-10    (31-October-2020)
                       Copyright : Geant4 Collaboration
                      References : NIM A 506 (2003), 250-303
                                 : IEEE-TNS 53 (2006), 270-278
                                 : NIM A 835 (2016), 186-225
                             WWW : http://geant4.org/
**************************************************************

 constructing parallel world 
 B03ImportanceDetectorConstruction:: ghostWorldName = ParallelBiasingWorld
--- G4CoupledTransportation is used 
 Preparing Importance Sampling with GhostWorld ParallelBiasingWorld
G4IStore:: Creating new Parallel IStore ParallelBiasingWorld
 G4IStore:: ParallelWorldName = ParallelBiasingWorld
 G4IStore:: fParallelWorldVolume = ParallelBiasingWorld
G4GeometrySampler:: preparing importance sampling WorldName is ParallelBiasingWorld
 G4ImportanceConfigurator:: setting world name: ParallelBiasingWorld
G4ImportanceConfigurator:: entering importance configure, paraflag 1
### G4ImportanceProcess:: Creating 
G4ImportanceProcess:: importance process paraflag is: 1



G4ImportanceProcess:: SetParallelWorld name = ParallelBiasingWorld
=== G4ProcessPlacer::AddProcessAsSecondDoIt: for: neutron
  Modifying Process Order for ProcessName: ImportanceProcess
  The initial AlongStep Vectors: 
GPIL Vector: 
   ParaWorldProc_ParallelBiasingWorld
   CoupledTransportation
DoIt Vector: 
   CoupledTransportation
   ParaWorldProc_ParallelBiasingWorld
The initial PostStep Vectors: 
GPIL Vector: 
   ParaWorldProc_ParallelBiasingWorld
   CoupledTransportation
DoIt Vector: 
   CoupledTransportation
   ParaWorldProc_ParallelBiasingWorld
  The final AlongStep Vectors: 
GPIL Vector: 
   ImportanceProcess
   ParaWorldProc_ParallelBiasingWorld
   CoupledTransportation
DoIt Vector: 
   CoupledTransportation
   ParaWorldProc_ParallelBiasingWorld
   ImportanceProcess
The final PostStep Vectors: 
GPIL Vector: 
   ParaWorldProc_ParallelBiasingWorld
   ImportanceProcess
   CoupledTransportation
DoIt Vector: 
   CoupledTransportation
   ImportanceProcess
   ParaWorldProc_ParallelBiasingWorld
================================================
 GeomSampler Configured!!! 
 Running in singlethreaded mode!!! 
B03PhysicsList::SetCuts:CutLength : 1 (mm)
 ghost world: ParallelBiasingWorld
 adding cell: 1 replica: 0 name: cell_01
 adding cell: 2 replica: 0 name: cell_02
 adding cell: 3 replica: 0 name: cell_03
 adding cell: 4 replica: 0 name: cell_04
 adding cell: 5 replica: 0 name: cell_05
 adding cell: 6 replica: 0 name: cell_06
 adding cell: 7 replica: 0 name: cell_07
 adding cell: 8 replica: 0 name: cell_08
 adding cell: 9 replica: 0 name: cell_09
 adding cell: 10 replica: 0 name: cell_10
 adding cell: 11 replica: 0 name: cell_11
 adding cell: 12 replica: 0 name: cell_12
 adding cell: 13 replica: 0 name: cell_13
 adding cell: 14 replica: 0 name: cell_14
 adding cell: 15 replica: 0 name: cell_15
 adding cell: 16 replica: 0 name: cell_16
 adding cell: 17 replica: 0 name: cell_17
 adding cell: 18 replica: 0 name: cell_18

conv:  for gamma SubType=14 BuildTable=1
      Lambda table from 1.022 MeV to 100 TeV, 18 bins/decade, spline: 1
      ===== EM models for the G4Region  DefaultRegionForTheWorld ======
     BetheHeitlerLPM : Emin=    0 eV  Emax=  100 TeV  ModifiedTsai

compt:  for gamma SubType=13 BuildTable=1
      Lambda table from 100 eV  to 1 MeV, 7 bins/decade, spline: 1
      LambdaPrime table from 1 MeV to 100 TeV in 56 bins 
      ===== EM models for the G4Region  DefaultRegionForTheWorld ======
       Klein-Nishina : Emin=    0 eV  Emax=  100 TeV

phot:  for gamma SubType=12 BuildTable=0
      LambdaPrime table from 200 keV to 100 TeV in 61 bins 
      ===== EM models for the G4Region  DefaultRegionForTheWorld ======
       PhotoElectric : Emin=    0 eV  Emax=  100 TeV  SauterGavrila

msc:  for e-  SubType= 10
      ===== EM models for the G4Region  DefaultRegionForTheWorld ======
            UrbanMsc : Emin=    0 eV  Emax=  100 TeV Nbins=84 100 eV  - 100 TeV
              StepLim=UseSafety Rfact=0.04 Gfact=2.5 Sfact=0.6 DispFlag:1 Skin=1 Llimit=1

eIoni:  for e-  SubType=2
      dE/dx and range tables from 100 eV  to 100 TeV in 84 bins
      Lambda tables from threshold to 100 TeV, 7 bins/decade, spline: 1
      StepFunction=(0.2, 1 mm), integ: 1, fluct: 1, linLossLim= 0.01
      ===== EM models for the G4Region  DefaultRegionForTheWorld ======
        MollerBhabha : Emin=    0 eV  Emax=  100 TeV

eBrem:  for e-  SubType=3
      dE/dx and range tables from 100 eV  to 100 TeV in 84 bins
      Lambda tables from threshold to 100 TeV, 7 bins/decade, spline: 1
      LPM flag: 1 for E > 1 GeV,  VertexHighEnergyTh(GeV)= 100000
      ===== EM models for the G4Region  DefaultRegionForTheWorld ======
             eBremSB : Emin=    0 eV  Emax=    1 GeV  ModifiedTsai
            eBremLPM : Emin=    1 GeV Emax=  100 TeV  ModifiedTsai

msc:  for e+  SubType= 10
      ===== EM models for the G4Region  DefaultRegionForTheWorld ======
            UrbanMsc : Emin=    0 eV  Emax=  100 TeV Nbins=84 100 eV  - 100 TeV
              StepLim=UseSafety Rfact=0.04 Gfact=2.5 Sfact=0.6 DispFlag:1 Skin=1 Llimit=1

eIoni:  for e+  SubType=2
      dE/dx and range tables from 100 eV  to 100 TeV in 84 bins
      Lambda tables from threshold to 100 TeV, 7 bins/decade, spline: 1
      StepFunction=(0.2, 1 mm), integ: 1, fluct: 1, linLossLim= 0.01
      ===== EM models for the G4Region  DefaultRegionForTheWorld ======
        MollerBhabha : Emin=    0 eV  Emax=  100 TeV

eBrem:  for e+  SubType=3
      dE/dx and range tables from 100 eV  to 100 TeV in 84 bins
      Lambda tables from threshold to 100 TeV, 7 bins/decade, spline: 1
      LPM flag: 1 for E > 1 GeV,  VertexHighEnergyTh(GeV)= 100000
      ===== EM models for the G4Region  DefaultRegionForTheWorld ======
             eBremSB : Emin=    0 eV  Emax=    1 GeV  ModifiedTsai
            eBremLPM : Emin=    1 GeV Emax=  100 TeV  ModifiedTsai

annihil:  for e+, integral:1  SubType=5 BuildTable=0
      ===== EM models for the G4Region  DefaultRegionForTheWorld ======
            eplus2gg : Emin=    0 eV  Emax=  100 TeV

msc:  for proton  SubType= 10
      ===== EM models for the G4Region  DefaultRegionForTheWorld ======
            UrbanMsc : Emin=    0 eV  Emax=  100 TeV Nbins=84 100 eV  - 100 TeV
              StepLim=Minimal Rfact=0.2 Gfact=2.5 Sfact=0.6 DispFlag:0 Skin=1 Llimit=1

hIoni:  for proton  SubType=2
      dE/dx and range tables from 100 eV  to 100 TeV in 84 bins
      Lambda tables from threshold to 100 TeV, 7 bins/decade, spline: 1
      StepFunction=(0.2, 0.1 mm), integ: 1, fluct: 1, linLossLim= 0.01
      ===== EM models for the G4Region  DefaultRegionForTheWorld ======
               Bragg : Emin=    0 eV  Emax=    2 MeV
          BetheBloch : Emin=    2 MeV Emax=  100 TeV

msc:  for GenericIon  SubType= 10
      ===== EM models for the G4Region  DefaultRegionForTheWorld ======
            UrbanMsc : Emin=    0 eV  Emax=  100 TeV
              StepLim=Minimal Rfact=0.2 Gfact=2.5 Sfact=0.6 DispFlag:0 Skin=1 Llimit=1

hIoni:  for GenericIon  SubType=2
      dE/dx and range tables from 100 eV  to 100 TeV in 84 bins
      Lambda tables from threshold to 100 TeV, 7 bins/decade, spline: 1
      StepFunction=(0.2, 0.1 mm), integ: 1, fluct: 1, linLossLim= 0.01
      ===== EM models for the G4Region  DefaultRegionForTheWorld ======
               Bragg : Emin=    0 eV  Emax=    2 MeV
          BetheBloch : Emin=    2 MeV Emax=  100 TeV

msc:  for alpha  SubType= 10
      ===== EM models for the G4Region  DefaultRegionForTheWorld ======
            UrbanMsc : Emin=    0 eV  Emax=  100 TeV Nbins=84 100 eV  - 100 TeV
              StepLim=Minimal Rfact=0.2 Gfact=2.5 Sfact=0.6 DispFlag:0 Skin=1 Llimit=1

hIoni:  for alpha  SubType=2
      dE/dx and range tables from 100 eV  to 100 TeV in 84 bins
      Lambda tables from threshold to 100 TeV, 7 bins/decade, spline: 1
      StepFunction=(0.2, 0.1 mm), integ: 1, fluct: 1, linLossLim= 0.01
      ===== EM models for the G4Region  DefaultRegionForTheWorld ======
               Bragg : Emin=    0 eV  Emax=7.9452 MeV
          BetheBloch : Emin=7.9452 MeV Emax=  100 TeV

msc:  for anti_proton  SubType= 10
      ===== EM models for the G4Region  DefaultRegionForTheWorld ======
            UrbanMsc : Emin=    0 eV  Emax=  100 TeV Nbins=84 100 eV  - 100 TeV
              StepLim=Minimal Rfact=0.2 Gfact=2.5 Sfact=0.6 DispFlag:0 Skin=1 Llimit=1

hIoni:  for anti_proton  SubType=2
      dE/dx and range tables from 100 eV  to 100 TeV in 84 bins
      Lambda tables from threshold to 100 TeV, 7 bins/decade, spline: 1
      StepFunction=(0.2, 0.1 mm), integ: 1, fluct: 1, linLossLim= 0.01
      ===== EM models for the G4Region  DefaultRegionForTheWorld ======
            ICRU73QO : Emin=    0 eV  Emax=    2 MeV
          BetheBloch : Emin=    2 MeV Emax=  100 TeV

msc:  for kaon+  SubType= 10
      ===== EM models for the G4Region  DefaultRegionForTheWorld ======
            UrbanMsc : Emin=    0 eV  Emax=  100 TeV Nbins=84 100 eV  - 100 TeV
              StepLim=Minimal Rfact=0.2 Gfact=2.5 Sfact=0.6 DispFlag:0 Skin=1 Llimit=1

hIoni:  for kaon+  SubType=2
      dE/dx and range tables from 100 eV  to 100 TeV in 84 bins
      Lambda tables from threshold to 100 TeV, 7 bins/decade, spline: 1
      StepFunction=(0.2, 0.1 mm), integ: 1, fluct: 1, linLossLim= 0.01
      ===== EM models for the G4Region  DefaultRegionForTheWorld ======
               Bragg : Emin=    0 eV  Emax=1.05231 MeV
          BetheBloch : Emin=1.05231 MeV Emax=  100 TeV

msc:  for kaon-  SubType= 10
      ===== EM models for the G4Region  DefaultRegionForTheWorld ======
            UrbanMsc : Emin=    0 eV  Emax=  100 TeV Nbins=84 100 eV  - 100 TeV
              StepLim=Minimal Rfact=0.2 Gfact=2.5 Sfact=0.6 DispFlag:0 Skin=1 Llimit=1

hIoni:  for kaon-  SubType=2
      dE/dx and range tables from 100 eV  to 100 TeV in 84 bins
      Lambda tables from threshold to 100 TeV, 7 bins/decade, spline: 1
      StepFunction=(0.2, 0.1 mm), integ: 1, fluct: 1, linLossLim= 0.01
      ===== EM models for the G4Region  DefaultRegionForTheWorld ======
            ICRU73QO : Emin=    0 eV  Emax=1.05231 MeV
          BetheBloch : Emin=1.05231 MeV Emax=  100 TeV

msc:  for mu+  SubType= 10
      ===== EM models for the G4Region  DefaultRegionForTheWorld ======
            UrbanMsc : Emin=    0 eV  Emax=  100 TeV Nbins=84 100 eV  - 100 TeV
              StepLim=Minimal Rfact=0.2 Gfact=2.5 Sfact=0.6 DispFlag:0 Skin=1 Llimit=1

muIoni:  for mu+  SubType=2
      dE/dx and range tables from 100 eV  to 100 TeV in 84 bins
      Lambda tables from threshold to 100 TeV, 7 bins/decade, spline: 1
      StepFunction=(0.2, 0.1 mm), integ: 1, fluct: 1, linLossLim= 0.01
      ===== EM models for the G4Region  DefaultRegionForTheWorld ======
               Bragg : Emin=    0 eV  Emax=  200 keV
          BetheBloch : Emin=  200 keV Emax=    1 GeV
        MuBetheBloch : Emin=    1 GeV Emax=  100 TeV

muBrems:  for mu+  SubType=3
      dE/dx and range tables from 100 eV  to 100 TeV in 84 bins
      Lambda tables from threshold to 100 TeV, 7 bins/decade, spline: 1
      ===== EM models for the G4Region  DefaultRegionForTheWorld ======
              MuBrem : Emin=    0 eV  Emax=  100 TeV

muPairProd:  for mu+  SubType=4
      dE/dx and range tables from 100 eV  to 100 TeV in 84 bins
      Lambda tables from threshold to 100 TeV, 7 bins/decade, spline: 1
      Sampling table 21x1001 from 1 GeV to 100 TeV 
      ===== EM models for the G4Region  DefaultRegionForTheWorld ======
          muPairProd : Emin=    0 eV  Emax=  100 TeV

msc:  for mu-  SubType= 10
      ===== EM models for the G4Region  DefaultRegionForTheWorld ======
            UrbanMsc : Emin=    0 eV  Emax=  100 TeV Nbins=84 100 eV  - 100 TeV
              StepLim=Minimal Rfact=0.2 Gfact=2.5 Sfact=0.6 DispFlag:0 Skin=1 Llimit=1

muIoni:  for mu-  SubType=2
      dE/dx and range tables from 100 eV  to 100 TeV in 84 bins
      Lambda tables from threshold to 100 TeV, 7 bins/decade, spline: 1
      StepFunction=(0.2, 0.1 mm), integ: 1, fluct: 1, linLossLim= 0.01
      ===== EM models for the G4Region  DefaultRegionForTheWorld ======
            ICRU73QO : Emin=    0 eV  Emax=  200 keV
          BetheBloch : Emin=  200 keV Emax=    1 GeV
        MuBetheBloch : Emin=    1 GeV Emax=  100 TeV

muBrems:  for mu-  SubType=3
      dE/dx and range tables from 100 eV  to 100 TeV in 84 bins
      Lambda tables from threshold to 100 TeV, 7 bins/decade, spline: 1
      ===== EM models for the G4Region  DefaultRegionForTheWorld ======
              MuBrem : Emin=    0 eV  Emax=  100 TeV

muPairProd:  for mu-  SubType=4
      dE/dx and range tables from 100 eV  to 100 TeV in 84 bins
      Lambda tables from threshold to 100 TeV, 7 bins/decade, spline: 1
      Sampling table 21x1001 from 1 GeV to 100 TeV 
      ===== EM models for the G4Region  DefaultRegionForTheWorld ======
          muPairProd : Emin=    0 eV  Emax=  100 TeV

msc:  for pi+  SubType= 10
      ===== EM models for the G4Region  DefaultRegionForTheWorld ======
            UrbanMsc : Emin=    0 eV  Emax=  100 TeV Nbins=84 100 eV  - 100 TeV
              StepLim=Minimal Rfact=0.2 Gfact=2.5 Sfact=0.6 DispFlag:0 Skin=1 Llimit=1

hIoni:  for pi+  SubType=2
      dE/dx and range tables from 100 eV  to 100 TeV in 84 bins
      Lambda tables from threshold to 100 TeV, 7 bins/decade, spline: 1
      StepFunction=(0.2, 0.1 mm), integ: 1, fluct: 1, linLossLim= 0.01
      ===== EM models for the G4Region  DefaultRegionForTheWorld ======
               Bragg : Emin=    0 eV  Emax=297.505 keV
          BetheBloch : Emin=297.505 keV Emax=  100 TeV

msc:  for pi-  SubType= 10
      ===== EM models for the G4Region  DefaultRegionForTheWorld ======
            UrbanMsc : Emin=    0 eV  Emax=  100 TeV Nbins=84 100 eV  - 100 TeV
              StepLim=Minimal Rfact=0.2 Gfact=2.5 Sfact=0.6 DispFlag:0 Skin=1 Llimit=1

hIoni:  for pi-  SubType=2
      dE/dx and range tables from 100 eV  to 100 TeV in 84 bins
      Lambda tables from threshold to 100 TeV, 7 bins/decade, spline: 1
      StepFunction=(0.2, 0.1 mm), integ: 1, fluct: 1, linLossLim= 0.01
      ===== EM models for the G4Region  DefaultRegionForTheWorld ======
            ICRU73QO : Emin=    0 eV  Emax=297.505 keV
          BetheBloch : Emin=297.505 keV Emax=  100 TeV

====================================================================
                  HADRONIC PROCESSES SUMMARY (verbose level 1)

---------------------------------------------------
                           Hadronic Processes for alpha

  Process: hadElastic
        Model:              hElasticLHEP: 0 eV /n ---> 100 TeV/n
     Cr_sctns:            Glauber-Gribov: 0 eV  ---> 100 TeV

  Process: inelastic
        Model:  Binary Light Ion Cascade: 0 eV /n ---> 110 MeV/n
        Model:                  QMDModel: 100 MeV/n ---> 10 GeV/n
     Cr_sctns:         TripathiLightIons: 0 eV  ---> 100 TeV
     Cr_sctns:                  Tripathi: 0 eV  ---> 100 TeV
     Cr_sctns:                  IonsShen: 0 eV  ---> 100 TeV

---------------------------------------------------
                           Hadronic Processes for anti_lambda

  Process: hadElastic
        Model:              hElasticLHEP: 0 eV  ---> 100 TeV
     Cr_sctns:            Glauber-Gribov: 0 eV  ---> 100 TeV

  Process: inelastic
        Model:                 ANTI-FTFP: 0 eV  ---> 20 TeV
     Cr_sctns:            Glauber-Gribov: 0 eV  ---> 100 TeV

---------------------------------------------------
                           Hadronic Processes for anti_neutron

  Process: hadElastic
        Model:              hElasticLHEP: 0 eV  ---> 100 TeV
     Cr_sctns:            Glauber-Gribov: 0 eV  ---> 100 TeV

  Process: inelastic
        Model:                 ANTI-FTFP: 0 eV  ---> 20 TeV
     Cr_sctns:            Glauber-Gribov: 0 eV  ---> 100 TeV

---------------------------------------------------
                           Hadronic Processes for anti_proton

  Process: hadElastic
        Model:              hElasticLHEP: 0 eV  ---> 100 TeV
     Cr_sctns:            Glauber-Gribov: 0 eV  ---> 100 TeV

  Process: inelastic
        Model:                 ANTI-FTFP: 0 eV  ---> 20 TeV
     Cr_sctns:            Glauber-Gribov: 0 eV  ---> 100 TeV

---------------------------------------------------
                           Hadronic Processes for deuteron

  Process: hadElastic
        Model:              hElasticLHEP: 0 eV /n ---> 100 TeV/n
     Cr_sctns:            Glauber-Gribov: 0 eV  ---> 100 TeV

  Process: inelastic
        Model:  Binary Light Ion Cascade: 0 eV /n ---> 110 MeV/n
        Model:                  QMDModel: 100 MeV/n ---> 10 GeV/n
     Cr_sctns:         TripathiLightIons: 0 eV  ---> 100 TeV
     Cr_sctns:                  Tripathi: 0 eV  ---> 100 TeV
     Cr_sctns:                  IonsShen: 0 eV  ---> 100 TeV

---------------------------------------------------
                           Hadronic Processes for kaon+

  Process: hadElastic
        Model:              hElasticLHEP: 0 eV  ---> 100 TeV
     Cr_sctns:            Glauber-Gribov: 0 eV  ---> 100 TeV

  Process: inelastic
        Model:            BertiniCascade: 0 eV  ---> 22 MeV
        Model:           TheoFSGenerator: 19 GeV ---> 100 TeV
     Cr_sctns:            Glauber-Gribov: 0 eV  ---> 100 TeV

---------------------------------------------------
                           Hadronic Processes for kaon-

  Process: hadElastic
        Model:              hElasticLHEP: 0 eV  ---> 100 TeV
     Cr_sctns:            Glauber-Gribov: 0 eV  ---> 100 TeV

  Process: inelastic
        Model:            BertiniCascade: 0 eV  ---> 22 MeV
        Model:           TheoFSGenerator: 19 GeV ---> 100 TeV
     Cr_sctns:            Glauber-Gribov: 0 eV  ---> 100 TeV

---------------------------------------------------
                           Hadronic Processes for lambda

  Process: hadElastic
        Model:              hElasticLHEP: 0 eV  ---> 100 TeV
     Cr_sctns:            Glauber-Gribov: 0 eV  ---> 100 TeV

  Process: inelastic
        Model:            BertiniCascade: 0 eV  ---> 22 MeV
        Model:           TheoFSGenerator: 19 GeV ---> 100 TeV
     Cr_sctns:            Glauber-Gribov: 0 eV  ---> 100 TeV

---------------------------------------------------
                           Hadronic Processes for neutron

  Process: hadElastic
        Model:              hElasticLHEP: 0 eV  ---> 100 TeV
     Cr_sctns:            Glauber-Gribov: 0 eV  ---> 100 TeV

  Process: inelastic
        Model:            BertiniCascade: 0 eV  ---> 22 MeV
        Model:           TheoFSGenerator: 19 GeV ---> 100 TeV
     Cr_sctns:      G4NeutronInelasticXS: 0 eV  ---> 100 TeV

  Process: nFission
        Model:                G4LFission: 0 eV  ---> 2.88022e+295 J  
     Cr_sctns:          GheishaFissionXS: 0 eV  ---> 100 TeV

  Process: nCapture
        Model:               nRadCapture: 0 eV  ---> 100 TeV
     Cr_sctns:        G4NeutronCaptureXS: 0 eV  ---> 100 TeV

---------------------------------------------------
                           Hadronic Processes for pi+

  Process: hadElastic
        Model:              hElasticLHEP: 0 eV  ---> 100 TeV
     Cr_sctns:            Glauber-Gribov: 0 eV  ---> 100 TeV

  Process: inelastic
        Model:            BertiniCascade: 0 eV  ---> 22 MeV
        Model:           TheoFSGenerator: 19 GeV ---> 100 TeV
     Cr_sctns:            Glauber-Gribov: 0 eV  ---> 100 TeV

---------------------------------------------------
                           Hadronic Processes for pi-

  Process: hadElastic
        Model:              hElasticLHEP: 0 eV  ---> 100 TeV
     Cr_sctns:            Glauber-Gribov: 0 eV  ---> 100 TeV

  Process: inelastic
        Model:            BertiniCascade: 0 eV  ---> 22 MeV
        Model:           TheoFSGenerator: 19 GeV ---> 100 TeV
     Cr_sctns:            Glauber-Gribov: 0 eV  ---> 100 TeV

---------------------------------------------------
                           Hadronic Processes for proton

  Process: hadElastic
        Model:              hElasticLHEP: 0 eV  ---> 100 TeV
     Cr_sctns:            Glauber-Gribov: 0 eV  ---> 100 TeV

  Process: inelastic
        Model:            BertiniCascade: 0 eV  ---> 22 MeV
        Model:           TheoFSGenerator: 19 GeV ---> 100 TeV
     Cr_sctns:            Glauber-Gribov: 0 eV  ---> 100 TeV

---------------------------------------------------
                           Hadronic Processes for sigma-

  Process: hadElastic
        Model:              hElasticLHEP: 0 eV  ---> 100 TeV
     Cr_sctns:            Glauber-Gribov: 0 eV  ---> 100 TeV

  Process: inelastic
        Model:            BertiniCascade: 0 eV  ---> 22 MeV
        Model:           TheoFSGenerator: 19 GeV ---> 100 TeV
     Cr_sctns:            Glauber-Gribov: 0 eV  ---> 100 TeV

---------------------------------------------------
                           Hadronic Processes for triton

  Process: hadElastic
        Model:              hElasticLHEP: 0 eV /n ---> 100 TeV/n
     Cr_sctns:            Glauber-Gribov: 0 eV  ---> 100 TeV

  Process: inelastic
        Model:  Binary Light Ion Cascade: 0 eV /n ---> 110 MeV/n
        Model:                  QMDModel: 100 MeV/n ---> 10 GeV/n
     Cr_sctns:         TripathiLightIons: 0 eV  ---> 100 TeV
     Cr_sctns:                  Tripathi: 0 eV  ---> 100 TeV
     Cr_sctns:                  IonsShen: 0 eV  ---> 100 TeV

================================================================
=======================================================================
======       Pre-compound/De-excitation Physics Parameters     ========
=======================================================================
Type of pre-compound inverse x-section              3
Pre-compound model active                           1
Pre-compound excitation low energy (MeV)            0.1
Pre-compound excitation high energy (MeV)           30
Type of de-excitation inverse x-section             3
Type of de-excitation factory                       Evaporation+GEM
Number of de-excitation channels                    68
Min excitation energy (keV)                         0.01
Min energy per nucleon for multifragmentation (MeV) 2e+05
Limit excitation energy for Fermi BreakUp (MeV)     20
Level density (1/MeV)                               0.075
Use simple level density model                      1
Use discrete excitation energy of the residual      0
Time limit for long lived isomeres (ns)             1000
Isomer production flag                              1
Internal e- conversion flag                         1
Store e- internal conversion data                   0
Electron internal conversion ID                     0
Correlated gamma emission flag                      0
Max 2J for sampling of angular correlations         10
=======================================================================
=======================================================================
======       Pre-compound/De-excitation Physics Parameters     ========
=======================================================================
Type of pre-compound inverse x-section              3
Pre-compound model active                           1
Pre-compound excitation low energy (MeV)            0.1
Pre-compound excitation high energy (MeV)           30
Type of de-excitation inverse x-section             3
Type of de-excitation factory                       Evaporation+GEM
Number of de-excitation channels                    68
Min excitation energy (keV)                         0.01
Min energy per nucleon for multifragmentation (MeV) 2e+05
Limit excitation energy for Fermi BreakUp (MeV)     20
Level density (1/MeV)                               0.075
Use simple level density model                      1
Use discrete excitation energy of the residual      0
Time limit for long lived isomeres (ns)             1000
Isomer production flag                              1
Internal e- conversion flag                         1
Store e- internal conversion data                   0
Electron internal conversion ID                     0
Correlated gamma emission flag                      0
Max 2J for sampling of angular correlations         10
=======================================================================
++ ConcreteSD/Collisions id 0
++ ConcreteSD/CollWeight id 1
++ ConcreteSD/Population id 2
++ ConcreteSD/TrackEnter id 3
++ ConcreteSD/SL id 4
++ ConcreteSD/SLW id 5
++ ConcreteSD/SLWE id 6
++ ConcreteSD/SLW_V id 7
++ ConcreteSD/SLWE_V id 8
### Run 0 start.

-------- WWWW ------- G4Exception-START -------- WWWW -------
*** G4Exception : GeomBias1001
      issued by : G4ImportanceAlgorithm::Warning()
Calculate() - ipre_over_ipost ! in [0.25, 4].
ipre_over_ipost = 1024.
*** This is just a warning message. ***
-------- WWWW -------- G4Exception-END --------- WWWW -------

 ###### EndOfRunAction  
 getting hits map ConcreteSD/Collisions
 getting hits map ConcreteSD/CollWeight
 getting hits map ConcreteSD/Population
 getting hits map ConcreteSD/TrackEnter
 getting hits map ConcreteSD/SL
 getting hits map ConcreteSD/SLW
 getting hits map ConcreteSD/SLWE
 getting hits map ConcreteSD/SLW_V
 getting hits map ConcreteSD/SLWE_V

--------------------End of Global Run-----------------------
 Number of event processed : 100
=============================================================
=============================================================
        Volume |   Tr.Entering |    Population |    Collisions |      Coll*WGT |     NumWGTedE |    FluxWGTedE |     Av.Tr.WGT |            SL |           SLW |         SLW_v |          SLWE |        SLWE_v |
       cell_00 |            43 |           141 |             0 |             0 |    0.00227415 |       1.89182 |             1 |        7871.3 |        7871.3 |        266203 |       14891.1 |       605.385 |
       cell_01 |           164 |           188 |           435 |           435 |    0.00255548 |         4.133 |             1 |       25230.9 |       25230.9 |   1.09386e+06 |        104280 |       2795.33 |
       cell_02 |           208 |           317 |          1012 |           506 |    0.00131598 |       2.61885 |           0.5 |       56821.9 |       28410.9 |   1.77381e+06 |       74404.1 |       2334.29 |
       cell_03 |           312 |           470 |          1555 |        388.75 |   0.000492582 |       1.83872 |          0.25 |       86215.5 |       21553.9 |   2.80575e+06 |       39631.6 |       1382.06 |
       cell_04 |           505 |           720 |          2782 |        347.75 |   0.000406078 |       1.39158 |         0.125 |        140498 |       17562.2 |   2.25041e+06 |       24439.3 |        913.84 |
       cell_05 |           696 |           972 |          4132 |        258.25 |   0.000311705 |       1.07189 |        0.0625 |        201007 |         12563 |   1.72708e+06 |       13466.1 |       538.339 |
       cell_06 |           942 |          1237 |          5490 |       171.562 |   0.000170015 |      0.849258 |       0.03125 |        258947 |       8092.08 |   1.69754e+06 |       6872.26 |       288.608 |
       cell_07 |          1221 |          1633 |          7381 |       115.328 |   0.000132525 |      0.671936 |      0.015625 |        341432 |       5334.87 |   1.18551e+06 |       3584.69 |       157.109 |
       cell_08 |          1408 |          1918 |          8835 |       69.0234 |   0.000132064 |      0.639176 |     0.0078125 |        403337 |       3151.07 |        663271 |       2014.09 |       87.5938 |
       cell_09 |          1697 |          2331 |         10554 |       41.2266 |   0.000101774 |      0.601493 |    0.00390625 |        476485 |       1861.27 |        485337 |       1119.54 |       49.3946 |
       cell_10 |          1892 |          2667 |         12121 |       23.6738 |   8.45805e-05 |      0.547882 |    0.00195312 |        534915 |       1044.76 |        304137 |       572.403 |        25.724 |
       cell_11 |          2093 |          2942 |         13576 |       13.2578 |   7.93381e-05 |        0.5108 |   0.000976562 |        594849 |       580.907 |        167358 |       296.727 |       13.2779 |
       cell_12 |          2353 |          3255 |         15595 |       7.61475 |   6.61581e-05 |       0.46568 |   0.000488281 |        670192 |       327.242 |        105774 |        152.39 |       6.99784 |
       cell_13 |          2536 |          3520 |         16313 |       3.98267 |   6.57242e-05 |      0.445979 |   0.000244141 |        705105 |       172.145 |       55108.2 |       76.7729 |       3.62195 |
       cell_14 |          2839 |          3808 |         17699 |       2.16052 |    6.5421e-05 |      0.429403 |    0.00012207 |        774850 |       94.5862 |       30417.9 |       40.6156 |       1.98997 |
       cell_15 |          3001 |          4137 |         19584 |       1.19531 |   6.45408e-05 |      0.426655 |   6.10352e-05 |        847829 |       51.7474 |       17025.1 |       22.0783 |       1.09881 |
       cell_16 |          3146 |          4391 |         20780 |      0.634155 |   6.50486e-05 |      0.424957 |   3.05176e-05 |        895569 |       27.3306 |       9164.11 |       11.6143 |      0.596112 |
       cell_17 |          3154 |          4507 |         21006 |      0.320526 |    6.2992e-05 |       0.39997 |   1.52588e-05 |        917747 |       14.0037 |       4661.84 |       5.60106 |      0.293659 |
       cell_18 |          2302 |          4238 |         17406 |      0.132797 |   8.65989e-05 |      0.459905 |   7.62939e-06 |        783316 |       5.97623 |       1656.47 |        2.7485 |      0.143448 |
       cell_19 |          1961 |          1961 |             0 |             0 |   0.000137357 |      0.623466 |   7.62939e-06 |        305097 |        2.3277 |       523.324 |       1.45124 |     0.0718819 |
=============================================
