
        ############################################
        !!! WARNING - FPE detection is activated !!!
        ############################################

*************************************************************
 Geant4 version Name: geant4-10-03-ref-07    (31-July-2017)
                      Copyright : Geant4 Collaboration
                      Reference : NIM A 506 (2003), 250-303
                            WWW : http://cern.ch/geant4
*************************************************************

Visualization Manager instantiating with verbosity "warnings (3)"...
Visualization Manager initialising...
Registering graphics systems...

You have successfully registered the following graphics systems.
Current available graphics systems are:
ASCIITree (ATree)
DAWNFILE (DAWNFILE)
G4HepRep (HepRepXML)
G4HepRepFile (HepRepFile)
RayTracer (RayTracer)
VRML1FILE (VRML1FILE)
VRML2FILE (VRML2FILE)
gMocrenFile (gMocrenFile)
OpenGLImmediateQt (OGLIQt, OGLI)
OpenGLStoredQt (OGLSQt, OGL, OGLS)
OpenGLImmediateXm (OGLIXm, OGLIQt_FALLBACK)
OpenGLStoredXm (OGLSXm, OGLSQt_FALLBACK)
OpenGLImmediateX (OGLIX, OGLIQt_FALLBACK, OGLIXm_FALLBACK)
OpenGLStoredX (OGLSX, OGLSQt_FALLBACK, OGLSXm_FALLBACK)
RayTracerX (RayTracerX)

Registering model factories...

You have successfully registered the following model factories.
Registered model factories:
  generic
  drawByAttribute
  drawByCharge
  drawByOriginVolume
  drawByParticleID
  drawByEncounteredVolume

Registered filter factories:
  attributeFilter
  chargeFilter
  originVolumeFilter
  particleFilter
  encounteredVolumeFilter

You have successfully registered the following user vis actions.
Run Duration User Vis Actions: none
End of Event User Vis Actions: none
End of Run User Vis Actions: none

Some /vis commands (optionally) take a string to specify colour.
Available colours:
  black, blue, brown, cyan, gray, green, grey, magenta, red, white, yellow


### ===  Deexcitation model UAtomDeexcitation is activated for 1 region:
          DefaultRegionForTheWorld  1  1  0
### ===  Auger cascade flag: 1
### ===  Ignore cuts flag:   1

phot:   for  gamma    SubType= 12  BuildTable= 0
      LambdaPrime table from 200 keV to 100 TeV in 61 bins 
      ===== EM models for the G4Region  DefaultRegionForTheWorld ======
 LivermorePhElectric :  Emin=        0 eV    Emax=        1 GeV   AngularGenSauterGavrila  FluoActive
       PhotoElectric :  Emin=        1 GeV   Emax=      100 TeV   AngularGenSauterGavrila  FluoActive

compt:   for  gamma    SubType= 13  BuildTable= 1
      Lambda table from 100 eV  to 1 MeV, 7 bins per decade, spline: 1
      LambdaPrime table from 1 MeV to 100 TeV in 56 bins 
      ===== EM models for the G4Region  DefaultRegionForTheWorld ======
    LivermoreCompton :  Emin=        0 eV    Emax=        1 GeV  FluoActive
       Klein-Nishina :  Emin=        1 GeV   Emax=      100 TeV

conv:   for  gamma    SubType= 14  BuildTable= 1
      Lambda table from 1.022 MeV to 100 TeV, 18 bins per decade, spline: 1
      ===== EM models for the G4Region  DefaultRegionForTheWorld ======
 LivermoreConversion :  Emin=        0 eV    Emax=        1 GeV
        BetheHeitler :  Emin=        1 GeV   Emax=       80 GeV
     BetheHeitlerLPM :  Emin=       80 GeV   Emax=      100 TeV

Rayl:   for  gamma    SubType= 11  BuildTable= 1
      Lambda table from 100 eV  to 100 keV, 7 bins per decade, spline: 0
      LambdaPrime table from 100 keV to 100 TeV in 63 bins 
      ===== EM models for the G4Region  DefaultRegionForTheWorld ======
   LivermoreRayleigh :  Emin=        0 eV    Emax=        1 GeV   CullenGenerator
   LivermoreRayleigh :  Emin=        1 GeV   Emax=      100 TeV   CullenGenerator

e-_G4DNAElectronSolvation:   for  e-    SubType= 58  BuildTable= 0
      ===== EM models for the G4Region  DefaultRegionForTheWorld ======
DNAOneStepThermalizationModel :  Emin=        0 eV    Emax=      7.4 eV 

e-_G4DNAElastic:   for  e-    SubType= 51  BuildTable= 0
 Total cross sections computed from DNAChampionElasticModel model
      ===== EM models for the G4Region  DefaultRegionForTheWorld ======
DNAChampionElasticModel :  Emin=        0 eV    Emax=        1 MeV

e-_G4DNAExcitation:   for  e-    SubType= 52  BuildTable= 0
 Total cross sections computed from DNABornExcitationModel
      ===== EM models for the G4Region  DefaultRegionForTheWorld ======
DNABornExcitationModel :  Emin=        0 eV    Emax=        1 MeV

e-_G4DNAIonisation:   for  e-    SubType= 53  BuildTable= 0
 Total cross sections computed from DNABornIonisationModel
      ===== EM models for the G4Region  DefaultRegionForTheWorld ======
DNABornIonisationModel :  Emin=        0 eV    Emax=        1 MeV   deltaBorn  FluoActive

e-_G4DNAVibExcitation:   for  e-    SubType= 54  BuildTable= 0
 Total cross sections computed from DNASancheExcitationModel
      ===== EM models for the G4Region  DefaultRegionForTheWorld ======
DNASancheExcitationModel :  Emin=        0 eV    Emax=      100 eV 

e-_G4DNAAttachment:   for  e-    SubType= 55  BuildTable= 0
 Total cross sections computed from DNAMeltonAttachmentModel
      ===== EM models for the G4Region  DefaultRegionForTheWorld ======
DNAMeltonAttachmentModel :  Emin=        0 eV    Emax=       13 eV 

msc:   for e+    SubType= 10
      RangeFactor= 0.04, stepLimitType: 3, latDisplacement: 1, skin= 1, geomFactor= 2.5
      ===== EM models for the G4Region  DefaultRegionForTheWorld ======
            UrbanMsc :  Emin=        0 eV    Emax=      100 TeV  Table with 84 bins Emin=    100 eV    Emax=    100 TeV

eIoni:   for  e+    SubType= 2
      dE/dx and range tables from 100 eV  to 100 TeV in 84 bins
      Lambda tables from threshold to 100 TeV, 7 bins per decade, spline: 1
      finalRange(mm)= 0.1, dRoverRange= 0.2, integral: 1, fluct: 1, linLossLimit= 0.01
      ===== EM models for the G4Region  DefaultRegionForTheWorld ======
        MollerBhabha :  Emin=        0 eV    Emax=      100 TeV

eBrem:   for  e+    SubType= 3
      dE/dx and range tables from 100 eV  to 100 TeV in 84 bins
      Lambda tables from threshold to 100 TeV, 7 bins per decade, spline: 1
      LPM flag: 1 for E > 1 GeV,  VertexHighEnergyTh(GeV)= 100000
      ===== EM models for the G4Region  DefaultRegionForTheWorld ======
             eBremSB :  Emin=        0 eV    Emax=        1 GeV   DipBustGen
            eBremLPM :  Emin=        1 GeV   Emax=      100 TeV   DipBustGen

annihil:   for  e+, integral: 1     SubType= 5  BuildTable= 0
      ===== EM models for the G4Region  DefaultRegionForTheWorld ======
            eplus2gg :  Emin=        0 eV    Emax=      100 TeV

proton_G4DNAElastic:   for  proton    SubType= 51  BuildTable= 0
 Total cross sections computed from DNAIonElasticModel model
      ===== EM models for the G4Region  DefaultRegionForTheWorld ======
  DNAIonElasticModel :  Emin=        0 eV    Emax=        1 MeV

proton_G4DNAExcitation:   for  proton    SubType= 52  BuildTable= 0
 Total cross sections computed from DNAMillerGreenExcitationModel and DNABornExcitationModel models
      ===== EM models for the G4Region  DefaultRegionForTheWorld ======
DNAMillerGreenExcitationModel :  Emin=        0 eV    Emax=      500 keV
DNABornExcitationModel :  Emin=      500 keV   Emax=      100 MeV

proton_G4DNAIonisation:   for  proton    SubType= 53  BuildTable= 0
 Total cross sections computed from DNARuddIonisationModel and DNABornIonisationModel models
      ===== EM models for the G4Region  DefaultRegionForTheWorld ======
DNARuddIonisationModel :  Emin=        0 eV    Emax=      500 keV   deltaRudd  FluoActive
DNABornIonisationModel :  Emin=      500 keV   Emax=      100 MeV   deltaBorn  FluoActive

proton_G4DNAChargeDecrease:   for  proton    SubType= 56  BuildTable= 0
 Total cross sections computed from DNADingfelderChargeDecreaseModel model
      ===== EM models for the G4Region  DefaultRegionForTheWorld ======
DNADingfelderChargeDecreaseModel :  Emin=        0 eV    Emax=      100 MeV

GenericIon_G4DNAIonisation:   for  GenericIon    SubType= 53  BuildTable= 0
 Total cross sections computed from DNARuddIonisationExtendedModel
      ===== EM models for the G4Region  DefaultRegionForTheWorld ======
DNARuddIonisationExtendedModel :  Emin=        0 eV    Emax=        1 TeV   deltaRudd  FluoActive

alpha_G4DNAElastic:   for  alpha    SubType= 51  BuildTable= 0
 Total cross sections computed from DNAIonElasticModel model
      ===== EM models for the G4Region  DefaultRegionForTheWorld ======
  DNAIonElasticModel :  Emin=        0 eV    Emax=        1 MeV

alpha_G4DNAExcitation:   for  alpha    SubType= 52  BuildTable= 0
 Total cross sections computed from DNAMillerGreenExcitationModel
      ===== EM models for the G4Region  DefaultRegionForTheWorld ======
DNAMillerGreenExcitationModel :  Emin=        0 eV    Emax=      400 MeV

alpha_G4DNAIonisation:   for  alpha    SubType= 53  BuildTable= 0
 Total cross sections computed from DNARuddIonisationModel
      ===== EM models for the G4Region  DefaultRegionForTheWorld ======
DNARuddIonisationModel :  Emin=        0 eV    Emax=      400 MeV   deltaRudd  FluoActive

alpha_G4DNAChargeDecrease:   for  alpha    SubType= 56  BuildTable= 0
 Total cross sections computed from DNADingfelderChargeDecreaseModel model
      ===== EM models for the G4Region  DefaultRegionForTheWorld ======
DNADingfelderChargeDecreaseModel :  Emin=        0 eV    Emax=      400 MeV
Physics stage ends
Number of chemical species involved in reactions = 6
Reaction                                    Reaction Rate [dm3/(mol*s)]   Interaction Range for chosen reaction model [nm]
------------------------------------------------------------------------------------------------------------------------------
H3O^1 + e_aq^-1 -> H^0                      2.11e+10                      0.200589
------------------------------------------------------------------------------------------------------------------------------
H3O^1 + OH^-1 -> No product                 1.43e+11                      1.34973
------------------------------------------------------------------------------------------------------------------------------
OH^0 + e_aq^-1 -> OH^-1                     2.95e+10                      0.506256
------------------------------------------------------------------------------------------------------------------------------
OH^0 + OH^0 -> H2O2^0                       4.4e+09                       0.207651
------------------------------------------------------------------------------------------------------------------------------
OH^0 + H^0 -> No product                    1.44e+10                      0.194167
------------------------------------------------------------------------------------------------------------------------------
e_aq^-1 + e_aq^-1 -> OH^-1 + OH^-1 + H_2^0  5e+09                         0.134838
------------------------------------------------------------------------------------------------------------------------------
e_aq^-1 + H^0 -> OH^-1 + H_2^0              2.65e+10                      0.294265
------------------------------------------------------------------------------------------------------------------------------
e_aq^-1 + H2O2^0 -> OH^-1 + OH^0            1.41e+10                      0.295745
------------------------------------------------------------------------------------------------------------------------------
H^0 + H^0 -> H_2^0                          1.2e+10                       0.226528
------------------------------------------------------------------------------------------------------------------------------
DNAMolecularStepByStepModel will be used
*** G4Scheduler starts processing 
At time :       1 ps Reaction : OH^0 (-1313) + OH^0 (-1315) -> H2O2^0 (-1320)
At time :       1 ps Reaction : OH^0 (-1240) + OH^0 (-966) -> H2O2^0 (-1321)
At time :       1 ps Reaction : OH^0 (-790) + OH^0 (-996) -> H2O2^0 (-1322)
At time :     1.1 ps Reaction : H^0 (-1217) + OH^0 (-878) -> No product
At time :     1.2 ps Reaction : OH^0 (-746) + OH^0 (-952) -> H2O2^0 (-1323)
At time :       2 ps Reaction : H^0 (-1291) + OH^0 (-1303) -> No product
At time :  2.5129 ps Reaction : OH^0 (-1131) + H^0 (-1132) -> No product
At time :  3.5187 ps Reaction : OH^0 (-1152) + OH^0 (-1151) -> H2O2^0 (-1324)
At time :  10.656 ps Reaction : H^0 (-1211) + OH^0 (-724) -> No product
At time :  14.056 ps Reaction : e_aq^-1 (-510) + OH^0 (-906) -> OH^-1 (-1325)
At time :  14.056 ps Reaction : OH^-1 (-1325) + H3O^1 (-905) -> No product
At time :  21.056 ps Reaction : OH^0 (-768) + OH^0 (-960) -> H2O2^0 (-1326)
At time :  23.056 ps Reaction : OH^0 (-1210) + OH^0 (-890) -> H2O2^0 (-1327)
At time :  29.056 ps Reaction : OH^0 (-930) + H^0 (-1130) -> No product
At time :  30.056 ps Reaction : H^0 (-1177) + OH^0 (-840) -> No product
At time :  32.056 ps Reaction : e_aq^-1 (-400) + H3O^1 (-745) -> H^0 (-1328)
At time :  37.056 ps Reaction : H^0 (-1171) + H^0 (-1169) -> H_2^0 (-1329)
At time :  41.056 ps Reaction : e_aq^-1 (-154) + H3O^1 (-793) -> H^0 (-1330)
At time :  46.056 ps Reaction : OH^-1 (-656) + H3O^1 (-679) -> No product
At time :  49.056 ps Reaction : H^0 (-1181) + OH^0 (-950) -> No product
At time :  50.056 ps Reaction : OH^0 (-726) + OH^0 (-884) -> H2O2^0 (-1331)
At time :  51.056 ps Reaction : OH^0 (-1276) + OH^0 (-1279) -> H2O2^0 (-1332)
At time :  53.056 ps Reaction : e_aq^-1 (-458) + H3O^1 (-837) -> H^0 (-1333)
At time :  87.056 ps Reaction : OH^0 (-770) + OH^0 (-772) -> H2O2^0 (-1334)
At time :  89.056 ps Reaction : OH^0 (-1172) + OH^0 (-886) -> H2O2^0 (-1335)
At time :  96.056 ps Reaction : OH^0 (-1144) + OH^0 (-1089) -> H2O2^0 (-1336)
At time :  100.06 ps Reaction : OH^0 (-1125) + H^0 (-1126) -> No product
At time :  131.06 ps Reaction : OH^0 (-1308) + H^0 (-1309) -> No product
At time :  131.06 ps Reaction : H^0 (-1167) + OH^0 (-1204) -> No product
At time :  131.06 ps Reaction : e_aq^-1 (-287) + OH^0 (-946) -> OH^-1 (-1337)
At time :  141.06 ps Reaction : H^0 (-1297) + H^0 (-1193) -> H_2^0 (-1338)
At time :  141.06 ps Reaction : H^0 (-1248) + OH^0 (-758) -> No product
At time :  161.06 ps Reaction : e_aq^-1 (-544) + H^0 (-1200) -> OH^-1 (-1339) + H_2^0 (-1340)
At time :  191.06 ps Reaction : OH^0 (-1168) + H^0 (-1173) -> No product
At time :  211.06 ps Reaction : e_aq^-1 (-581) + OH^0 (-880) -> OH^-1 (-1341)
At time :  231.06 ps Reaction : OH^0 (-1269) + OH^0 (-1270) -> H2O2^0 (-1342)
At time :  271.06 ps Reaction : H^0 (-1156) + OH^0 (-1293) -> No product
At time :  341.06 ps Reaction : OH^0 (-664) + OH^0 (-808) -> H2O2^0 (-1343)
At time :  351.06 ps Reaction : OH^0 (-1296) + OH^0 (-806) -> H2O2^0 (-1344)
At time :  351.06 ps Reaction : e_aq^-1 (-111) + H3O^1 (-1108) -> H^0 (-1345)
At time :  361.06 ps Reaction : OH^0 (-730) + OH^0 (-1112) -> H2O2^0 (-1346)
At time :  391.06 ps Reaction : OH^0 (-1318) + OH^0 (-956) -> H2O2^0 (-1347)
At time :  401.06 ps Reaction : OH^0 (-1157) + OH^0 (-1018) -> H2O2^0 (-1348)
At time :  481.06 ps Reaction : e_aq^-1 (-492) + OH^0 (-908) -> OH^-1 (-1349)
At time :  561.06 ps Reaction : OH^0 (-1290) + OH^0 (-1300) -> H2O2^0 (-1350)
At time :  581.06 ps Reaction : e_aq^-1 (-588) + OH^0 (-882) -> OH^-1 (-1351)
At time :  591.06 ps Reaction : H^0 (-1154) + OH^0 (-958) -> No product
At time :  601.06 ps Reaction : OH^0 (-1304) + OH^0 (-814) -> H2O2^0 (-1352)
At time :  601.06 ps Reaction : H^0 (-1229) + OH^0 (-1176) -> No product
At time :  601.06 ps Reaction : OH^0 (-1170) + OH^0 (-876) -> H2O2^0 (-1353)
At time :  631.06 ps Reaction : e_aq^-1 (-155) + OH^0 (-1010) -> OH^-1 (-1354)
At time :  641.06 ps Reaction : H^0 (-1225) + OH^0 (-1143) -> No product
At time :  671.06 ps Reaction : OH^0 (-1227) + OH^0 (-1234) -> H2O2^0 (-1355)
At time :  711.06 ps Reaction : OH^0 (-1212) + H^0 (-1215) -> No product
At time :  741.06 ps Reaction : OH^-1 (-1339) + H3O^1 (-895) -> No product
At time :  761.06 ps Reaction : H^0 (-1175) + e_aq^-1 (-499) -> OH^-1 (-1356) + H_2^0 (-1357)
At time :  791.06 ps Reaction : OH^0 (-1235) + OH^0 (-706) -> H2O2^0 (-1358)
At time :  801.06 ps Reaction : H3O^1 (-1271) + e_aq^-1 (-251) -> H^0 (-1359)
At time :  801.06 ps Reaction : OH^0 (-812) + OH^0 (-1038) -> H2O2^0 (-1360)
At time :  821.06 ps Reaction : OH^0 (-1288) + OH^0 (-810) -> H2O2^0 (-1361)
At time :  831.06 ps Reaction : H^0 (-1185) + OH^0 (-1187) -> No product
At time :  911.06 ps Reaction : H3O^1 (-667) + OH^-1 (-1337) -> No product
At time :  991.06 ps Reaction : H^0 (-1277) + OH^0 (-786) -> No product
At time :  1.0011 ns Reaction : e_aq^-1 (-229) + OH^0 (-1040) -> OH^-1 (-1362)
At time :  1.1011 ns Reaction : e_aq^-1 (-120) + H3O^1 (-1033) -> H^0 (-1363)
At time :  1.2011 ns Reaction : OH^0 (-1251) + OH^0 (-962) -> H2O2^0 (-1364)
At time :  1.2011 ns Reaction : OH^0 (-1160) + e_aq^-1 (-207) -> OH^-1 (-1365)
At time :  1.2011 ns Reaction : H^0 (-1136) + OH^0 (-874) -> No product
At time :  1.2011 ns Reaction : e_aq^-1 (-455) + H3O^1 (-741) -> H^0 (-1366)
At time :  1.3011 ns Reaction : OH^0 (-1295) + OH^0 (-1006) -> H2O2^0 (-1367)
At time :  1.3011 ns Reaction : e_aq^-1 (-379) + OH^0 (-1242) -> OH^-1 (-1368)
At time :  1.3011 ns Reaction : OH^0 (-918) + OH^0 (-922) -> H2O2^0 (-1369)
At time :  1.4011 ns Reaction : e_aq^-1 (-355) + OH^0 (-972) -> OH^-1 (-1370)
At time :  1.5011 ns Reaction : OH^0 (-1192) + OH^0 (-1191) -> H2O2^0 (-1371)
At time :  1.5011 ns Reaction : OH^0 (-662) + OH^0 (-1083) -> H2O2^0 (-1372)
At time :  1.5011 ns Reaction : OH^0 (-734) + OH^0 (-738) -> H2O2^0 (-1373)
At time :  1.8011 ns Reaction : e_aq^-1 (-264) + H2O2^0 (-1342) -> OH^-1 (-1374) + OH^0 (-1375)
At time :  1.8011 ns Reaction : e_aq^-1 (-582) + H3O^1 (-1087) -> H^0 (-1376)
At time :  1.8011 ns Reaction : OH^-1 (-1341) + H3O^1 (-883) -> No product
At time :  1.9011 ns Reaction : OH^0 (-832) + OH^0 (-982) -> H2O2^0 (-1377)
At time :  1.9011 ns Reaction : e_aq^-1 (-651) + OH^0 (-676) -> OH^-1 (-1378)
At time :  2.0011 ns Reaction : H^0 (-1345) + OH^0 (-1133) -> No product
At time :  2.0011 ns Reaction : e_aq^-1 (-577) + H3O^1 (-879) -> H^0 (-1379)
At time :  2.1011 ns Reaction : OH^-1 (-1362) + H3O^1 (-1039) -> No product
At time :  2.1011 ns Reaction : H3O^1 (-795) + OH^-1 (-1354) -> No product
At time :  2.1011 ns Reaction : OH^0 (-766) + OH^0 (-964) -> H2O2^0 (-1380)
At time :  2.2011 ns Reaction : e_aq^-1 (-396) + H3O^1 (-1241) -> H^0 (-1381)
At time :  2.3011 ns Reaction : e_aq^-1 (-107) + H3O^1 (-1190) -> H^0 (-1382)
At time :  2.4011 ns Reaction : H^0 (-1258) + e_aq^-1 (-407) -> OH^-1 (-1383) + H_2^0 (-1384)
At time :  2.5011 ns Reaction : H^0 (-1333) + OH^0 (-838) -> No product
At time :  2.8011 ns Reaction : OH^0 (-800) + H^0 (-1134) -> No product
At time :  2.9011 ns Reaction : OH^-1 (-1351) + H3O^1 (-723) -> No product
At time :  2.9011 ns Reaction : e_aq^-1 (-380) + H^0 (-1328) -> OH^-1 (-1385) + H_2^0 (-1386)
At time :  3.1011 ns Reaction : e_aq^-1 (-414) + H3O^1 (-935) -> H^0 (-1387)
At time :  3.1011 ns Reaction : e_aq^-1 (-618) + H3O^1 (-891) -> H^0 (-1388)
At time :  3.2011 ns Reaction : H^0 (-1256) + OH^0 (-1257) -> No product
At time :  3.2011 ns Reaction : OH^0 (-1135) + OH^0 (-716) -> H2O2^0 (-1389)
At time :  3.2011 ns Reaction : e_aq^-1 (-115) + OH^0 (-1020) -> OH^-1 (-1390)
At time :  3.4011 ns Reaction : e_aq^-1 (-106) + H^0 (-1363) -> OH^-1 (-1391) + H_2^0 (-1392)
At time :  3.4011 ns Reaction : OH^0 (-1180) + OH^0 (-754) -> H2O2^0 (-1393)
At time :  3.5011 ns Reaction : OH^0 (-1255) + e_aq^-1 (-344) -> OH^-1 (-1394)
At time :  3.5011 ns Reaction : e_aq^-1 (-628) + H3O^1 (-715) -> H^0 (-1395)
At time :  3.8011 ns Reaction : OH^-1 (-1390) + H3O^1 (-1105) -> No product
At time :  3.8011 ns Reaction : H3O^1 (-887) + e_aq^-1 (-1115) -> H^0 (-1396)
At time :  3.9011 ns Reaction : H^0 (-1262) + OH^0 (-938) -> No product
At time :  3.9011 ns Reaction : OH^0 (-940) + OH^0 (-970) -> H2O2^0 (-1397)
At time :  4.1011 ns Reaction : H3O^1 (-663) + OH^-1 (-1391) -> No product
At time :  4.1011 ns Reaction : e_aq^-1 (-321) + OH^0 (-968) -> OH^-1 (-1398)
At time :  4.2011 ns Reaction : e_aq^-1 (-199) + H3O^1 (-789) -> H^0 (-1399)
At time :  4.2011 ns Reaction : e_aq^-1 (-475) + OH^0 (-657) -> OH^-1 (-1400)
At time :  4.3011 ns Reaction : H^0 (-1252) + OH^0 (-944) -> No product
At time :  4.3011 ns Reaction : e_aq^-1 (-547) + H3O^1 (-849) -> H^0 (-1401)
At time :  4.3011 ns Reaction : e_aq^-1 (-622) + OH^0 (-714) -> OH^-1 (-1402)
At time :  4.4011 ns Reaction : OH^-1 (-1402) + H3O^1 (-867) -> No product
At time :  4.7011 ns Reaction : OH^0 (-1298) + OH^0 (-1000) -> H2O2^0 (-1403)
At time :  4.7011 ns Reaction : OH^0 (-1183) + OH^0 (-764) -> H2O2^0 (-1404)
At time :  4.7011 ns Reaction : OH^0 (-780) + OH^0 (-782) -> H2O2^0 (-1405)
At time :  4.8011 ns Reaction : e_aq^-1 (-512) + H3O^1 (-913) -> H^0 (-1406)
At time :  5.0011 ns Reaction : OH^-1 (-1383) + H3O^1 (-759) -> No product
At time :  5.2011 ns Reaction : e_aq^-1 (-202) + H3O^1 (-1037) -> H^0 (-1407)
At time :  5.2011 ns Reaction : e_aq^-1 (-527) + OH^0 (-710) -> OH^-1 (-1408)
At time :  5.4011 ns Reaction : e_aq^-1 (-102) + OH^0 (-1022) -> OH^-1 (-1409)
At time :  5.4011 ns Reaction : e_aq^-1 (-352) + H3O^1 (-981) -> H^0 (-1410)
At time :  5.4011 ns Reaction : e_aq^-1 (-339) + H3O^1 (-957) -> H^0 (-1411)
At time :  6.1011 ns Reaction : OH^-1 (-1370) + H3O^1 (-951) -> No product
At time :  6.4011 ns Reaction : OH^0 (-1199) + OH^0 (-896) -> H2O2^0 (-1412)
At time :  6.4011 ns Reaction : e_aq^-1 (-270) + H3O^1 (-825) -> H^0 (-1413)
At time :  6.6011 ns Reaction : e_aq^-1 (-200) + OH^0 (-994) -> OH^-1 (-1414)
At time :  6.8011 ns Reaction : H^0 (-1314) + OH^0 (-954) -> No product
At time :  6.9011 ns Reaction : e_aq^-1 (-293) + H2O2^0 (-1393) -> OH^-1 (-1415) + OH^0 (-1416)
At time :  7.1011 ns Reaction : OH^0 (-802) + H^0 (-1399) -> No product
At time :  7.3011 ns Reaction : e_aq^-1 (-421) + OH^0 (-702) -> OH^-1 (-1417)
At time :  7.4011 ns Reaction : e_aq^-1 (-1088) + H3O^1 (-1114) -> H^0 (-1418)
At time :  7.6011 ns Reaction : H^0 (-1316) + e_aq^-1 (-323) -> OH^-1 (-1419) + H_2^0 (-1420)
At time :  7.6011 ns Reaction : e_aq^-1 (-506) + H3O^1 (-707) -> H^0 (-1421)
At time :  7.7011 ns Reaction : e_aq^-1 (-201) + H^0 (-1407) -> OH^-1 (-1422) + H_2^0 (-1423)
At time :  7.7011 ns Reaction : OH^0 (-1247) + e_aq^-1 (-349) -> OH^-1 (-1424)
At time :  7.8011 ns Reaction : H3O^1 (-971) + OH^-1 (-1385) -> No product
At time :  8.0011 ns Reaction : OH^0 (-1237) + e_aq^-1 (-428) -> OH^-1 (-1425)
At time :  8.1011 ns Reaction : H^0 (-1149) + OH^0 (-774) -> No product
At time :  8.4011 ns Reaction : e_aq^-1 (-326) + H3O^1 (-771) -> H^0 (-1426)
At time :  8.7011 ns Reaction : OH^0 (-680) + OH^0 (-910) -> H2O2^0 (-1427)
At time :  8.8011 ns Reaction : OH^-1 (-1400) + H3O^1 (-907) -> No product
At time :  9.0011 ns Reaction : e_aq^-1 (-384) + H2O2^0 (-1397) -> OH^-1 (-1428) + OH^0 (-1429)
At time :  9.0011 ns Reaction : e_aq^-1 (-601) + H3O^1 (-889) -> H^0 (-1430)
At time :  9.3011 ns Reaction : OH^0 (-1148) + e_aq^-1 (-402) -> OH^-1 (-1431)
At time :  9.3011 ns Reaction : e_aq^-1 (-516) + OH^0 (-912) -> OH^-1 (-1432)
At time :  9.3011 ns Reaction : OH^-1 (-1432) + H3O^1 (-909) -> No product
At time :  9.4011 ns Reaction : e_aq^-1 (-237) + OH^0 (-788) -> OH^-1 (-1433)
At time :  9.7011 ns Reaction : H3O^1 (-743) + OH^-1 (-1415) -> No product
At time :  9.8011 ns Reaction : OH^0 (-1214) + H^0 (-1418) -> No product
At time :  12.001 ns Reaction : OH^-1 (-1431) + H3O^1 (-945) -> No product
At time :  12.001 ns Reaction : OH^-1 (-1394) + H3O^1 (-939) -> No product
At time :  12.001 ns Reaction : e_aq^-1 (-446) + H3O^1 (-1051) -> H^0 (-1434)
At time :  13.001 ns Reaction : OH^0 (-1139) + OH^0 (-1375) -> H2O2^0 (-1435)
At time :  13.001 ns Reaction : OH^0 (-990) + OH^0 (-1042) -> H2O2^0 (-1436)
At time :  14.001 ns Reaction : OH^0 (-1092) + OH^0 (-1116) -> H2O2^0 (-1437)
At time :  14.001 ns Reaction : OH^0 (-1026) + OH^0 (-1030) -> H2O2^0 (-1438)
At time :  15.001 ns Reaction : OH^-1 (-1424) + H3O^1 (-959) -> No product
At time :  15.001 ns Reaction : H3O^1 (-1280) + OH^-1 (-1422) -> No product
At time :  15.001 ns Reaction : OH^0 (-1219) + OH^0 (-1113) -> H2O2^0 (-1439)
At time :  15.001 ns Reaction : OH^0 (-692) + OH^0 (-1124) -> H2O2^0 (-1440)
At time :  15.001 ns Reaction : OH^0 (-792) + OH^0 (-1004) -> H2O2^0 (-1441)
At time :  16.001 ns Reaction : H^0 (-1396) + OH^0 (-728) -> No product
At time :  17.001 ns Reaction : e_aq^-1 (-239) + OH^0 (-1274) -> OH^-1 (-1442)
At time :  19.001 ns Reaction : OH^0 (-1416) + OH^0 (-942) -> H2O2^0 (-1443)
At time :  20.234 ns Reaction : e_aq^-1 (-388) + e_aq^-1 (-1100) -> OH^-1 (-1444) + OH^-1 (-1445) + H_2^0 (-1446)
At time :  20.234 ns Reaction : OH^0 (-924) + e_aq^-1 (-1094) -> OH^-1 (-1447)
At time :  20.234 ns Reaction : e_aq^-1 (-350) + H3O^1 (-769) -> H^0 (-1448)
At time :  21.234 ns Reaction : OH^0 (-708) + OH^0 (-904) -> H2O2^0 (-1449)
At time :  22.234 ns Reaction : e_aq^-1 (-422) + H^0 (-1426) -> OH^-1 (-1450) + H_2^0 (-1451)
At time :  23.234 ns Reaction : OH^-1 (-1442) + H3O^1 (-987) -> No product
At time :  23.234 ns Reaction : e_aq^-1 (-252) + e_aq^-1 (-258) -> OH^-1 (-1452) + OH^-1 (-1453) + H_2^0 (-1454)
At time :  24.234 ns Reaction : H3O^1 (-749) + OH^-1 (-1419) -> No product
At time :  24.234 ns Reaction : OH^0 (-670) + OH^0 (-704) -> H2O2^0 (-1455)
At time :  27.234 ns Reaction : OH^0 (-1275) + OH^0 (-1286) -> H2O2^0 (-1456)
At time :  27.234 ns Reaction : OH^0 (-1208) + e_aq^-1 (-627) -> OH^-1 (-1457)
At time :  29.234 ns Reaction : H^0 (-1285) + e_aq^-1 (-211) -> OH^-1 (-1458) + H_2^0 (-1459)
At time :  29.234 ns Reaction : e_aq^-1 (-113) + H3O^1 (-799) -> H^0 (-1460)
At time :  31.234 ns Reaction : H^0 (-1301) + H^0 (-1382) -> H_2^0 (-1461)
At time :  31.234 ns Reaction : OH^0 (-888) + OH^0 (-1111) -> H2O2^0 (-1462)
At time :  32.234 ns Reaction : e_aq^-1 (-236) + H2O2^0 (-1435) -> OH^-1 (-1463) + OH^0 (-1464)
At time :  32.234 ns Reaction : e_aq^-1 (-172) + H^0 (-1163) -> OH^-1 (-1465) + H_2^0 (-1466)
At time :  32.234 ns Reaction : OH^0 (-862) + OH^0 (-864) -> H2O2^0 (-1467)
At time :  33.234 ns Reaction : OH^-1 (-1458) + H3O^1 (-999) -> No product
At time :  33.234 ns Reaction : OH^-1 (-1433) + H3O^1 (-983) -> No product
At time :  34.234 ns Reaction : H^0 (-1388) + e_aq^-1 (-620) -> OH^-1 (-1468) + H_2^0 (-1469)
At time :  34.234 ns Reaction : OH^0 (-1147) + OH^0 (-974) -> H2O2^0 (-1470)
At time :  34.234 ns Reaction : e_aq^-1 (-276) + e_aq^-1 (-419) -> OH^-1 (-1471) + OH^-1 (-1472) + H_2^0 (-1473)
At time :  35.234 ns Reaction : H3O^1 (-1243) + OH^-1 (-1445) -> No product
At time :  35.234 ns Reaction : H3O^1 (-699) + OH^-1 (-1374) -> No product
At time :  35.234 ns Reaction : e_aq^-1 (-162) + H3O^1 (-1041) -> H^0 (-1474)
At time :  36.234 ns Reaction : OH^0 (-1178) + e_aq^-1 (-473) -> OH^-1 (-1475)
At time :  36.234 ns Reaction : e_aq^-1 (-399) + H3O^1 (-1120) -> H^0 (-1476)
At time :  37.234 ns Reaction : e_aq^-1 (-525) + OH^0 (-674) -> OH^-1 (-1477)
At time :  38.234 ns Reaction : e_aq^-1 (-142) + H3O^1 (-1011) -> H^0 (-1478)
At time :  39.234 ns Reaction : e_aq^-1 (-286) + H^0 (-1411) -> OH^-1 (-1479) + H_2^0 (-1480)
At time :  41.234 ns Reaction : H2O2^0 (-1441) + e_aq^-1 (-1106) -> OH^-1 (-1481) + OH^0 (-1482)
At time :  41.234 ns Reaction : OH^0 (-756) + e_aq^-1 (-1097) -> OH^-1 (-1483)
At time :  42.234 ns Reaction : OH^0 (-688) + OH^0 (-698) -> H2O2^0 (-1484)
At time :  43.234 ns Reaction : e_aq^-1 (-517) + e_aq^-1 (-497) -> OH^-1 (-1485) + OH^-1 (-1486) + H_2^0 (-1487)
At time :    46.3 ns Reaction : e_aq^-1 (-394) + OH^0 (-668) -> OH^-1 (-1488)
At time :    49.3 ns Reaction : OH^0 (-1246) + OH^0 (-778) -> H2O2^0 (-1489)
At time :    50.3 ns Reaction : e_aq^-1 (-557) + H2O2^0 (-1346) -> OH^-1 (-1490) + OH^0 (-1491)
At time :    51.3 ns Reaction : OH^0 (-1244) + OH^0 (-744) -> H2O2^0 (-1492)
At time :    52.3 ns Reaction : e_aq^-1 (-145) + H2O2^0 (-1440) -> OH^-1 (-1493) + OH^0 (-1494)
At time :    52.3 ns Reaction : e_aq^-1 (-112) + OH^0 (-1034) -> OH^-1 (-1495)
At time :    54.3 ns Reaction : OH^-1 (-1368) + H3O^1 (-955) -> No product
At time :    54.3 ns Reaction : e_aq^-1 (-243) + H3O^1 (-785) -> H^0 (-1496)
At time :    56.3 ns Reaction : e_aq^-1 (-351) + H3O^1 (-937) -> H^0 (-1497)
At time :    59.3 ns Reaction : e_aq^-1 (-401) + H2O2^0 (-1404) -> OH^-1 (-1498) + OH^0 (-1499)
At time :    59.3 ns Reaction : OH^0 (-1205) + OH^0 (-722) -> H2O2^0 (-1500)
At time :    59.3 ns Reaction : H^0 (-1179) + e_aq^-1 (-430) -> OH^-1 (-1501) + H_2^0 (-1502)
At time :    60.3 ns Reaction : e_aq^-1 (-509) + H^0 (-1128) -> OH^-1 (-1503) + H_2^0 (-1504)
At time :    62.3 ns Reaction : OH^0 (-666) + OH^0 (-988) -> H2O2^0 (-1505)
At time :    63.3 ns Reaction : e_aq^-1 (-279) + H3O^1 (-963) -> H^0 (-1506)
At time :  68.447 ns Reaction : OH^-1 (-1447) + H3O^1 (-931) -> No product
At time :  70.447 ns Reaction : e_aq^-1 (-331) + e_aq^-1 (-425) -> OH^-1 (-1507) + OH^-1 (-1508) + H_2^0 (-1509)
At time :  71.447 ns Reaction : H3O^1 (-1182) + OH^-1 (-1417) -> No product
At time :  71.447 ns Reaction : H3O^1 (-1226) + e_aq^-1 (-490) -> H^0 (-1510)
At time :  74.447 ns Reaction : OH^-1 (-1490) + H3O^1 (-725) -> No product
At time :  74.447 ns Reaction : H3O^1 (-777) + OH^-1 (-1450) -> No product
At time :  74.447 ns Reaction : e_aq^-1 (-348) + H2O2^0 (-1326) -> OH^-1 (-1511) + OH^0 (-1512)
At time :  74.447 ns Reaction : e_aq^-1 (-435) + H3O^1 (-1049) -> H^0 (-1513)
At time :  75.447 ns Reaction : e_aq^-1 (-228) + H2O2^0 (-1456) -> OH^-1 (-1514) + OH^0 (-1515)
At time :  78.447 ns Reaction : OH^0 (-1499) + OH^0 (-1184) -> H2O2^0 (-1516)
At time :  78.447 ns Reaction : OH^0 (-1261) + e_aq^-1 (-415) -> OH^-1 (-1517)
At time :  79.447 ns Reaction : H3O^1 (-695) + OH^-1 (-1481) -> No product
At time :  79.447 ns Reaction : e_aq^-1 (-220) + OH^0 (-700) -> OH^-1 (-1518)
At time :  80.447 ns Reaction : OH^0 (-1196) + OH^0 (-1429) -> H2O2^0 (-1519)
At time :  84.447 ns Reaction : e_aq^-1 (-459) + H3O^1 (-933) -> H^0 (-1520)
At time :  87.447 ns Reaction : H^0 (-1410) + OH^0 (-834) -> No product
At time :  89.447 ns Reaction : e_aq^-1 (-144) + OH^0 (-1012) -> OH^-1 (-1521)
At time :  90.447 ns Reaction : H^0 (-1520) + OH^0 (-916) -> No product
At time :  91.447 ns Reaction : OH^0 (-1228) + OH^0 (-928) -> H2O2^0 (-1522)
At time :  91.447 ns Reaction : e_aq^-1 (-576) + e_aq^-1 (-611) -> OH^-1 (-1523) + OH^-1 (-1524) + H_2^0 (-1525)
At time :  93.447 ns Reaction : H2O2^0 (-1443) + e_aq^-1 (-301) -> OH^-1 (-1526) + OH^0 (-1527)
At time :  93.447 ns Reaction : OH^0 (-1195) + OH^0 (-1048) -> H2O2^0 (-1528)
At time :  95.479 ns Reaction : e_aq^-1 (-191) + OH^0 (-660) -> OH^-1 (-1529)
At time :  96.479 ns Reaction : e_aq^-1 (-150) + H3O^1 (-1302) -> H^0 (-1530)
At time :  96.479 ns Reaction : e_aq^-1 (-555) + H3O^1 (-1067) -> H^0 (-1531)
At time :  99.479 ns Reaction : e_aq^-1 (-187) + H3O^1 (-1021) -> H^0 (-1532)
At time :  101.48 ns Reaction : OH^0 (-796) + OH^0 (-798) -> H2O2^0 (-1533)
At time :  102.48 ns Reaction : e_aq^-1 (-169) + OH^0 (-1162) -> OH^-1 (-1534)
At time :  104.48 ns Reaction : H^0 (-1474) + OH^0 (-998) -> No product
At time :  108.48 ns Reaction : e_aq^-1 (-443) + OH^0 (-1127) -> OH^-1 (-1535)
At time :  109.48 ns Reaction : e_aq^-1 (-175) + H^0 (-1460) -> OH^-1 (-1536) + H_2^0 (-1537)
At time :  109.48 ns Reaction : e_aq^-1 (-157) + H3O^1 (-1294) -> H^0 (-1538)
At time :  109.48 ns Reaction : e_aq^-1 (-123) + e_aq^-1 (-109) -> OH^-1 (-1539) + OH^-1 (-1540) + H_2^0 (-1541)
At time :  112.48 ns Reaction : e_aq^-1 (-275) + H2O2^0 (-1519) -> OH^-1 (-1542) + OH^0 (-1543)
At time :  112.48 ns Reaction : OH^-1 (-1409) + H3O^1 (-807) -> No product
At time :  112.48 ns Reaction : e_aq^-1 (-168) + OH^0 (-1028) -> OH^-1 (-1544)
At time :  112.48 ns Reaction : e_aq^-1 (-248) + H3O^1 (-985) -> H^0 (-1545)
At time :  115.48 ns Reaction : e_aq^-1 (-413) + H3O^1 (-1096) -> H^0 (-1546)
At time :  115.48 ns Reaction : e_aq^-1 (-332) + OH^0 (-828) -> OH^-1 (-1547)
At time :  116.48 ns Reaction : OH^-1 (-1408) + H3O^1 (-673) -> No product
At time :  122.48 ns Reaction : e_aq^-1 (-354) + OH^0 (-752) -> OH^-1 (-1548)
At time :  123.48 ns Reaction : e_aq^-1 (-457) + H3O^1 (-915) -> H^0 (-1549)
At time :  123.48 ns Reaction : e_aq^-1 (-20) + OH^0 (-854) -> OH^-1 (-1550)
At time :  123.48 ns Reaction : e_aq^-1 (-295) + OH^0 (-684) -> OH^-1 (-1551)
At time :  126.48 ns Reaction : e_aq^-1 (-240) + OH^0 (-1046) -> OH^-1 (-1552)
At time :  127.48 ns Reaction : H^0 (-1330) + OH^0 (-794) -> No product
At time :  128.48 ns Reaction : H3O^1 (-877) + OH^-1 (-1468) -> No product
At time :  130.31 ns Reaction : H3O^1 (-1253) + OH^-1 (-1428) -> No product
At time :  132.31 ns Reaction : e_aq^-1 (-219) + H2O2^0 (-1438) -> OH^-1 (-1553) + OH^0 (-1554)
At time :  133.31 ns Reaction : e_aq^-1 (-282) + OH^0 (-830) -> OH^-1 (-1555)
At time :  136.31 ns Reaction : OH^0 (-1146) + OH^0 (-748) -> H2O2^0 (-1556)
At time :  140.31 ns Reaction : OH^0 (-762) + OH^0 (-936) -> H2O2^0 (-1557)
At time :  144.31 ns Reaction : OH^0 (-1512) + e_aq^-1 (-387) -> OH^-1 (-1558)
At time :  145.31 ns Reaction : e_aq^-1 (-397) + OH^0 (-1101) -> OH^-1 (-1559)
At time :  154.95 ns Reaction : e_aq^-1 (-203) + H3O^1 (-1278) -> H^0 (-1560)
At time :  155.95 ns Reaction : OH^-1 (-1349) + H3O^1 (-1093) -> No product
At time :  156.95 ns Reaction : H3O^1 (-829) + OH^-1 (-1548) -> No product
At time :  156.95 ns Reaction : H2O2^0 (-1462) + e_aq^-1 (-593) -> OH^-1 (-1561) + OH^0 (-1562)
At time :  157.95 ns Reaction : e_aq^-1 (-404) + OH^0 (-822) -> OH^-1 (-1563)
At time :  158.95 ns Reaction : H3O^1 (-773) + OH^-1 (-1563) -> No product
At time :  159.95 ns Reaction : OH^0 (-1543) + OH^0 (-1052) -> H2O2^0 (-1564)
At time :  160.95 ns Reaction : H^0 (-1213) + e_aq^-1 (-644) -> OH^-1 (-1565) + H_2^0 (-1566)
At time :  167.95 ns Reaction : e_aq^-1 (-204) + H3O^1 (-1017) -> H^0 (-1567)
At time :  170.95 ns Reaction : H^0 (-1545) + OH^0 (-1138) -> No product
At time :  186.93 ns Reaction : OH^0 (-1231) + H^0 (-1198) -> No product
At time :  187.93 ns Reaction : e_aq^-1 (-233) + H2O2^0 (-1484) -> OH^-1 (-1568) + OH^0 (-1569)
At time :  187.93 ns Reaction : OH^0 (-718) + e_aq^-1 (-1073) -> OH^-1 (-1570)
At time :  197.93 ns Reaction : OH^-1 (-1471) + H3O^1 (-751) -> No product
At time :  198.93 ns Reaction : OH^-1 (-1472) + H3O^1 (-1099) -> No product
At time :  203.93 ns Reaction : e_aq^-1 (-389) + OH^0 (-980) -> OH^-1 (-1571)
At time :  209.93 ns Reaction : e_aq^-1 (-578) + OH^0 (-1080) -> OH^-1 (-1572)
At time :  211.93 ns Reaction : H3O^1 (-685) + OH^-1 (-1551) -> No product
At time :  219.93 ns Reaction : e_aq^-1 (-495) + H^0 (-1434) -> OH^-1 (-1573) + H_2^0 (-1574)
At time :  236.93 ns Reaction : OH^-1 (-1534) + H3O^1 (-817) -> No product
At time :  239.93 ns Reaction : e_aq^-1 (-378) + H2O2^0 (-1364) -> OH^-1 (-1575) + OH^0 (-1576)
At time :  253.93 ns Reaction : e_aq^-1 (-267) + H3O^1 (-787) -> H^0 (-1577)
At time :  255.93 ns Reaction : OH^-1 (-1503) + H3O^1 (-737) -> No product
At time :  272.18 ns Reaction : e_aq^-1 (-234) + OH^0 (-824) -> OH^-1 (-1578)
At time :  299.18 ns Reaction : e_aq^-1 (-122) + e_aq^-1 (-238) -> OH^-1 (-1579) + OH^-1 (-1580) + H_2^0 (-1581)
At time :  305.18 ns Reaction : OH^-1 (-1540) + H3O^1 (-697) -> No product
At time :  324.18 ns Reaction : e_aq^-1 (-208) + e_aq^-1 (-1109) -> OH^-1 (-1582) + OH^-1 (-1583) + H_2^0 (-1584)
At time :  337.18 ns Reaction : OH^-1 (-1542) + H3O^1 (-969) -> No product
At time :  339.18 ns Reaction : e_aq^-1 (-189) + OH^0 (-1123) -> OH^-1 (-1585)
At time :  348.18 ns Reaction : OH^-1 (-1457) + H3O^1 (-869) -> No product
At time :  348.18 ns Reaction : OH^-1 (-1365) + H3O^1 (-1027) -> No product
At time :  360.19 ns Reaction : OH^-1 (-1544) + H3O^1 (-797) -> No product
At time :  364.19 ns Reaction : e_aq^-1 (-523) + H^0 (-1406) -> OH^-1 (-1586) + H_2^0 (-1587)
At time :  378.19 ns Reaction : H3O^1 (-819) + OH^-1 (-1579) -> No product
At time :  390.19 ns Reaction : e_aq^-1 (-461) + OH^0 (-842) -> OH^-1 (-1588)
At time :  398.25 ns Reaction : OH^0 (-1554) + e_aq^-1 (-156) -> OH^-1 (-1589)
At time :  406.25 ns Reaction : e_aq^-1 (-333) + H3O^1 (-1029) -> H^0 (-1590)
At time :  406.25 ns Reaction : e_aq^-1 (-260) + H3O^1 (-827) -> H^0 (-1591)
At time :  431.25 ns Reaction : e_aq^-1 (-241) + OH^0 (-1265) -> OH^-1 (-1592)
At time :  432.25 ns Reaction : OH^-1 (-1488) + H3O^1 (-1001) -> No product
At time :  446.25 ns Reaction : OH^-1 (-659) + H3O^1 (-791) -> No product
At time :  455.11 ns Reaction : e_aq^-1 (-116) + OH^0 (-1464) -> OH^-1 (-1593)
At time :  460.11 ns Reaction : H3O^1 (-1266) + OH^-1 (-1593) -> No product
At time :  463.11 ns Reaction : e_aq^-1 (-328) + H3O^1 (-1102) -> H^0 (-1594)
At time :  469.11 ns Reaction : OH^-1 (-1453) + H3O^1 (-703) -> No product
At time :  514.32 ns Reaction : H3O^1 (-691) + OH^-1 (-1592) -> No product
At time :  517.32 ns Reaction : OH^0 (-1216) + e_aq^-1 (-610) -> OH^-1 (-1595)
At time :  534.32 ns Reaction : e_aq^-1 (-501) + OH^0 (-926) -> OH^-1 (-1596)
At time :  563.32 ns Reaction : H^0 (-1381) + OH^0 (-976) -> No product
At time :  595.38 ns Reaction : H3O^1 (-941) + OH^-1 (-1398) -> No product
At time :   614.4 ns Reaction : e_aq^-1 (-542) + e_aq^-1 (-541) -> OH^-1 (-1597) + OH^-1 (-1598) + H_2^0 (-1599)
At time :   615.4 ns Reaction : OH^-1 (-1588) + H3O^1 (-953) -> No product
At time :   665.4 ns Reaction : e_aq^-1 (-645) + OH^0 (-892) -> OH^-1 (-1600)
At time :  797.24 ns Reaction : e_aq^-1 (-262) + H3O^1 (-767) -> H^0 (-1601)
At time :  806.24 ns Reaction : H2O2^0 (-1455) + e_aq^-1 (-442) -> OH^-1 (-1602) + OH^0 (-1603)
At time :  817.37 ns Reaction : OH^0 (-1319) + e_aq^-1 (-511) -> OH^-1 (-1604)
At time :   833.4 ns Reaction : OH^-1 (-1518) + H3O^1 (-813) -> No product
At time :  847.37 ns Reaction : e_aq^-1 (-167) + OH^0 (-818) -> OH^-1 (-1605)
At time :  862.39 ns Reaction : e_aq^-1 (-528) + H2O2^0 (-1369) -> OH^-1 (-1606) + OH^0 (-1607)
At time :  899.64 ns Reaction : OH^0 (-1232) + OH^0 (-776) -> H2O2^0 (-1608)
*** G4Scheduler ends at time : 1 us
___________________________________
Graphics systems deleted.
Visualization Manager deleting...
