# mesh name: boxMesh_1
# primitive scorer name: dose
# iX, iY, iZ, total(value) [Gy], total(val^2), entry
0,0,0,1.174425451751012e-06,2.456330452606345e-15,681
1,0,0,1.248530515999082e-06,2.942144983049414e-15,683
2,0,0,1.269314631372723e-06,3.018106765924845e-15,691
3,0,0,1.289794688371311e-06,3.075540287532804e-15,698
4,0,0,1.303040748289078e-06,3.189918802028188e-15,707
5,0,0,1.283312154047227e-06,3.145110575354136e-15,696
6,0,0,1.26690318158042e-06,3.15339671125107e-15,703
7,0,0,1.279512459334802e-06,3.389393140779551e-15,688
8,0,0,1.268499332431905e-06,3.233155951055731e-15,688
9,0,0,1.292129023946594e-06,3.276907353187236e-15,697
10,0,0,1.206084273692159e-06,2.812187095195495e-15,669
11,0,0,1.189024922482493e-06,2.906560037017707e-15,651
12,0,0,1.28245325093301e-06,3.549640101239067e-15,672
13,0,0,1.250065525234021e-06,3.285519268260978e-15,663
14,0,0,1.305851311008278e-06,3.325965169475941e-15,689
15,0,0,1.388195929339876e-06,3.89032219605975e-15,708
16,0,0,1.357753611899944e-06,3.839343594256079e-15,702
17,0,0,1.353351811320812e-06,3.799320888684389e-15,684
18,0,0,1.395470296960102e-06,4.043339506763009e-15,706
19,0,0,1.356237103050246e-06,3.855789132053516e-15,679
20,0,0,1.339308401477851e-06,3.894692201650821e-15,666
21,0,0,1.301284633146019e-06,3.825201476249158e-15,659
22,0,0,1.318701205342013e-06,4.164021652423585e-15,641
23,0,0,1.275165528040845e-06,3.950790915259629e-15,617
24,0,0,1.283923474866963e-06,4.116354324349186e-15,597
25,0,0,1.238356470423041e-06,4.229097530905673e-15,558
26,0,0,1.149512285317199e-06,4.054174873127154e-15,513
27,0,0,1.114661086683182e-06,4.007286864731422e-15,491
28,0,0,9.802516630398923e-07,3.441949782221918e-15,445
29,0,0,9.589141034936299e-07,3.287893247514034e-15,428
30,0,0,8.961944504141493e-07,3.081329702358789e-15,396
31,0,0,8.10176443607223e-07,2.709249567632739e-15,356
32,0,0,7.744050523982105e-07,2.985397638161997e-15,328
33,0,0,6.020047703310813e-07,2.110117831155913e-15,273
34,0,0,5.531154716928227e-07,2.25145729884167e-15,232
35,0,0,4.233648556601797e-07,1.439217245926257e-15,184
36,0,0,3.727634628419169e-07,1.384146225505273e-15,158
37,0,0,3.000022496256536e-07,1.151568513867473e-15,117
38,0,0,2.154464697425576e-07,7.576314384183485e-16,87
39,0,0,1.85488179208478e-07,8.53780712666905e-16,63
40,0,0,7.000654606036732e-08,2.270029031469805e-16,40
41,0,0,6.209951218389412e-08,2.267242834999823e-16,31
42,0,0,3.521440970429806e-08,1.146734635284318e-16,21
43,0,0,1.825378053426225e-08,6.181979056880989e-17,12
44,0,0,1.025505930317639e-08,2.495381371331213e-17,8
45,0,0,1.624172529971758e-09,1.174694114354865e-18,9
46,0,0,2.028940545482471e-09,1.208559364745194e-18,7
47,0,0,3.978103213309994e-09,6.64653936320055e-18,8
48,0,0,4.161613417411835e-09,7.796274779708517e-18,4
49,0,0,1.5893787019116e-09,4.79420714887977e-19,7
50,0,0,5.576763840159501e-10,1.693750720004785e-19,5
51,0,0,3.806685912307705e-09,4.496599221278829e-18,7
52,0,0,8.962223104497511e-10,3.17571521998637e-19,5
53,0,0,1.039257582501954e-09,3.441558800358621e-19,6
54,0,0,2.640345366374128e-10,6.936907213110102e-20,2
55,0,0,3.24766241439631e-10,6.548833680898391e-20,3
56,0,0,1.214732621943233e-09,6.271918953218681e-19,4
57,0,0,7.789153468098293e-09,1.954572241715625e-17,7
58,0,0,1.503171065029973e-09,1.503356551490222e-18,3
59,0,0,5.182224849131037e-10,2.488457017107511e-19,2
60,0,0,1.234975938708137e-10,1.069704015096241e-20,3
61,0,0,3.695627804703923e-09,5.184437204029733e-18,6
62,0,0,3.650495841633403e-09,5.890800302666554e-18,3
63,0,0,1.06554977099466e-09,9.01852833692708e-19,2
64,0,0,8.256956211048014e-10,3.496959184536347e-19,2
65,0,0,7.051528946089705e-10,4.079386966630106e-19,3
66,0,0,1.41175118957766e-10,1.455092118865024e-20,3
67,0,0,3.15086690372471e-11,9.92796224498774e-22,1
68,0,0,4.578413784451911e-11,1.266318453571202e-21,2
69,0,0,1.774307860808196e-09,6.961525411915705e-19,7
70,0,0,3.995409914364619e-10,1.596330038380309e-19,1
71,0,0,4.402655956064896e-10,1.854676532084236e-19,2
72,0,0,8.373104963792742e-10,3.151913578512354e-19,4
73,0,0,7.004829118834108e-09,2.266167676524759e-17,4
74,0,0,1.353883496403014e-10,1.83300052183245e-20,1
75,0,0,2.473086086304305e-09,2.370945598903742e-18,3
76,0,0,4.768911479406845e-11,2.274251669841838e-21,1
77,0,0,9.769433394465627e-11,5.734570016749316e-21,3
78,0,0,0,0,0
79,0,0,4.343094900478439e-10,1.265336863718904e-19,3
80,0,0,2.217730140252978e-10,3.193686677148206e-20,2
81,0,0,1.394345611762743e-09,1.944199685042018e-18,1
82,0,0,2.93945467402391e-09,6.404432116554176e-18,3
83,0,0,0,0,0
84,0,0,0,0,0
85,0,0,1.128365410663265e-09,1.273208499981278e-18,1
86,0,0,3.744011140350964e-10,1.401761941907213e-19,1
87,0,0,0,0,0
88,0,0,0,0,0
89,0,0,1.802909206833755e-09,2.620603705358338e-18,6
90,0,0,5.343123765996355e-10,7.93038096670107e-20,5
91,0,0,7.419356422585697e-10,3.32082687578019e-19,4
92,0,0,1.389888613515347e-10,1.931790357979613e-20,1
93,0,0,8.737988839713691e-11,5.435383706594846e-21,2
94,0,0,1.277187348230681e-09,9.897636845567881e-19,2
95,0,0,3.811091651350001e-09,1.306569896037635e-17,2
96,0,0,1.602461572457346e-09,2.565764853834315e-18,2
97,0,0,9.320794794666201e-09,4.066327448422222e-17,4
98,0,0,2.810119319641954e-09,7.578379364397468e-18,2
99,0,0,0,0,0
100,0,0,2.739802577528365e-10,7.506518163831075e-20,1
101,0,0,3.953323698251497e-09,1.56287682631569e-17,1
102,0,0,3.678025435645562e-10,1.291344735234476e-19,3
103,0,0,1.326552451930249e-09,8.609969755570848e-19,6
104,0,0,1.974282337025383e-09,3.897790746290407e-18,1
105,0,0,2.137128083041875e-09,4.567316443326237e-18,1
106,0,0,2.873332608860463e-09,4.171249821752482e-18,2
107,0,0,4.165878878680239e-09,6.683655095261423e-18,4
108,0,0,3.047972664704715e-09,4.522291655043247e-18,4
109,0,0,3.728331929597183e-09,8.030982213093065e-18,2
110,0,0,7.516951517389391e-10,5.650456011478266e-19,1
111,0,0,2.424338304937327e-09,3.348106123185604e-18,2
112,0,0,1.152193399802306e-10,1.327549630547997e-20,1
113,0,0,1.575379660828222e-09,1.293976969770274e-18,3
114,0,0,3.080090177172974e-09,6.81724549311101e-18,3
115,0,0,5.338651557850695e-10,2.801143451697981e-19,2
116,0,0,4.674906205476586e-10,1.930891711085058e-19,2
117,0,0,1.493437258388569e-09,2.230354844743166e-18,1
118,0,0,6.144632766426092e-10,3.561591096418516e-19,2
119,0,0,9.222339748701955e-12,8.505155044048803e-23,1
