
        ############################################
        !!! WARNING - FPE detection is activated !!!
        ############################################

*************************************************************
 Geant4 version Name: geant4-10-03-ref-08    (31-August-2017)
                      Copyright : Geant4 Collaboration
                      Reference : NIM A 506 (2003), 250-303
                            WWW : http://cern.ch/geant4
*************************************************************


### ===  Deexcitation model UAtomDeexcitation is activated for 1 region:
### ===  Auger cascade flag: 1
### ===  Ignore cuts flag:   0
Visualization Manager instantiating with verbosity "warnings (3)"...
Visualization Manager initialising...
Registering graphics systems...

You have successfully registered the following graphics systems.
Current available graphics systems are:
ASCIITree (ATree)
DAWNFILE (DAWNFILE)
G4HepRep (HepRepXML)
G4HepRepFile (HepRepFile)
RayTracer (RayTracer)
VRML1FILE (VRML1FILE)
VRML2FILE (VRML2FILE)
gMocrenFile (gMocrenFile)
OpenGLImmediateQt (OGLIQt, OGLI)
OpenGLStoredQt (OGLSQt, OGL, OGLS)
OpenGLImmediateXm (OGLIXm, OGLIQt_FALLBACK)
OpenGLStoredXm (OGLSXm, OGLSQt_FALLBACK)
OpenGLImmediateX (OGLIX, OGLIQt_FALLBACK, OGLIXm_FALLBACK)
OpenGLStoredX (OGLSX, OGLSQt_FALLBACK, OGLSXm_FALLBACK)
RayTracerX (RayTracerX)

Registering model factories...

You have successfully registered the following model factories.
Registered model factories:
  generic
  drawByAttribute
  drawByCharge
  drawByOriginVolume
  drawByParticleID
  drawByEncounteredVolume

Registered filter factories:
  attributeFilter
  chargeFilter
  originVolumeFilter
  particleFilter
  encounteredVolumeFilter

You have successfully registered the following user vis actions.
Run Duration User Vis Actions: none
End of Event User Vis Actions: none
End of Run User Vis Actions: none

Some /vis commands (optionally) take a string to specify colour.
Available colours:
  black, blue, brown, cyan, gray, green, grey, magenta, red, white, yellow

/run/verbose 1
/control/cout/ignoreThreadsExcept 0
#
/gun/particle ion
/gun/ion 27 60
#
/rdecay01/fullChain false
#
/tracking/verbose 2
/run/beamOn 1

========= Table of registered couples ==============================

Index : 0     used in the geometry : Yes
 Material : G4_AIR
 Range cuts        :  gamma  1 mm     e-  1 mm     e+  1 mm  proton 1 mm 
 Energy thresholds :  gamma  990 eV     e-  990 eV     e+  990 eV  proton 100 keV
 Region(s) which use this couple : 
    DefaultRegionForTheWorld

====================================================================

### Run 0 starts.
--> Event 0 starts.

*********************************************************************************************************
* G4Track Information:   Particle = Co60,   Track ID = 1,   Parent ID = 0
*********************************************************************************************************

Step#      X         Y         Z        KineE    dEStep   StepLeng  TrakLeng    Volume     Process
    0      0 fm      0 fm      0 fm      0 eV      0 eV      0 fm      0 fm      World   initStep
    1      0 fm      0 fm      0 fm      0 eV      0 eV      0 fm      0 fm      World   RadioactiveDecay

    :----- List of secondaries ----------------
   Ni60[2505.753]:  energy = 1.818 eV   time = 9.982 y  
       anti_nu_e:  energy = 188.1 keV  time = 9.982 y  
              e-:  energy = 128.9 keV  time = 9.982 y  
    :------------------------------------------


*********************************************************************************************************
* G4Track Information:   Particle = e-,   Track ID = 4,   Parent ID = 1
*********************************************************************************************************

Step#      X         Y         Z        KineE    dEStep   StepLeng  TrakLeng    Volume     Process
    0      0 fm      0 fm      0 fm    129 keV     0 eV      0 fm      0 fm      World   initStep
    1  -2.17 mm   -357 um      1 cm    129 keV     0 eV   1.02 cm   1.02 cm      World   OutOfWorld

*********************************************************************************************************
* G4Track Information:   Particle = anti_nu_e,   Track ID = 3,   Parent ID = 1
*********************************************************************************************************

Step#      X         Y         Z        KineE    dEStep   StepLeng  TrakLeng    Volume     Process
    0      0 fm      0 fm      0 fm    188 keV     0 eV      0 fm      0 fm      World   initStep
    1  -2.27 mm     -1 cm    539 um    188 keV     0 eV   1.03 cm   1.03 cm      World   OutOfWorld

*********************************************************************************************************
* G4Track Information:   Particle = Ni60[2505.753],   Track ID = 2,   Parent ID = 1
*********************************************************************************************************

Step#      X         Y         Z        KineE    dEStep   StepLeng  TrakLeng    Volume     Process
    0      0 fm      0 fm      0 fm   1.82 eV      0 eV      0 fm      0 fm      World   initStep
    End of event. Decay chain: Co60 ---> Ni60[2505.753]

 Run terminated.
Run Summary
  Number of events processed : 1
  User=0s Real=0.01s Sys=0s

 ======================== run summary ======================
 The run was 1 Co60 of 0 eV 
 ===========================================================

 Nb of generated particles: 

             Co60:       1  Emean =      0 eV 	( 0 eV  --> 0 eV )	mean life = 7.61 y  
   Ni60[2505.753]:       1  Emean =  1.818 eV 	( 1.818 eV  --> 1.818 eV )	mean life = 4.761 ps 
        anti_nu_e:       1  Emean =  188.1 keV	( 188.1 keV --> 188.1 keV)	stable
               e-:       1  Emean =  128.9 keV	( 128.9 keV --> 128.9 keV)	stable

   Ekin Total (Q single decay): mean =  317.1 keV	( 317.1 keV --> 317.1 keV)

   Momentum balance (excluding gamma desexcitation): mean =  0.342 eV 	( 0.342 eV  --> 0.342 eV )

   Total time of life (full chain): mean =  9.982 y    half-life =  6.919 y     ( 9.982 y   --> 9.982 y  )

   Total visible energy (full chain) : mean =  128.9 keV   ( 128.9 keV --> 128.9 keV)

   Activity of Co60 = 3.188e+13 Bq/g   (861.7 Ci/g) 


#
/tracking/verbose 0
/run/printProgress 10000
#
/run/beamOn 100000

========= Table of registered couples ==============================

Index : 0     used in the geometry : Yes
 Material : G4_AIR
 Range cuts        :  gamma  1 mm     e-  1 mm     e+  1 mm  proton 1 mm 
 Energy thresholds :  gamma  990 eV     e-  990 eV     e+  990 eV  proton 100 keV
 Region(s) which use this couple : 
    DefaultRegionForTheWorld

====================================================================

### Run 1 starts.
--> Event 0 starts.
    End of event. Decay chain: Co60 ---> Ni60[2505.753]

--> Event 10000 starts.
    End of event. Decay chain: Co60 ---> Ni60[2505.753]

--> Event 20000 starts.
    End of event. Decay chain: Co60 ---> Ni60[2505.753]

--> Event 30000 starts.
    End of event. Decay chain: Co60 ---> Ni60[2505.753]

--> Event 40000 starts.
    End of event. Decay chain: Co60 ---> Ni60[2505.753]

--> Event 50000 starts.
    End of event. Decay chain: Co60 ---> Ni60[2505.753]

--> Event 60000 starts.
    End of event. Decay chain: Co60 ---> Ni60[2505.753]

--> Event 70000 starts.
    End of event. Decay chain: Co60 ---> Ni60[2505.753]

--> Event 80000 starts.
    End of event. Decay chain: Co60 ---> Ni60[2505.753]

--> Event 90000 starts.
    End of event. Decay chain: Co60 ---> Ni60[2505.753]

 Run terminated.
Run Summary
  Number of events processed : 100000
  User=1.04s Real=1.04s Sys=0s

 ======================== run summary ======================
 The run was 100000 Co60 of 0 eV 
 ===========================================================

 Nb of generated particles: 

             Co60:  100000  Emean =      0 eV 	( 0 eV  --> 0 eV )	mean life = 7.61 y  
   Ni60[1332.514]:   10678  Emean =  18.09 eV 	( 0.0394 eV  --> 33.45 eV )	mean life = 1.06 ps 
   Ni60[2505.753]:   89322  Emean =  1.468 eV 	( 0.0008295 eV  --> 3.752 eV )	mean life = 4.761 ps 
        anti_nu_e:  100000  Emean =  290.7 keV	( 3.89 keV --> 1.49 MeV)	stable
               e-:  100000  Emean =  151.6 keV	( 2.058 eV  --> 1.473 MeV)	stable

   Ekin Total (Q single decay): mean =  442.3 keV	( 317.1 keV --> 1.49 MeV)

   Momentum balance (excluding gamma desexcitation): mean = 0.3468 eV 	( 1.339e-06 eV  --> 26.53 eV )

   Total time of life (full chain): mean =  7.607 y    half-life =  5.273 y     ( 15.92 min --> 94.63 y  )

   Total visible energy (full chain) : mean =  151.6 keV   ( 2.953 eV  --> 1.473 MeV)

   Activity of Co60 = 4.184e+13 Bq/g   (1131 Ci/g) 


#
/rdecay01/fullChain true
#
/run/beamOn 100000

========= Table of registered couples ==============================

Index : 0     used in the geometry : Yes
 Material : G4_AIR
 Range cuts        :  gamma  1 mm     e-  1 mm     e+  1 mm  proton 1 mm 
 Energy thresholds :  gamma  990 eV     e-  990 eV     e+  990 eV  proton 100 keV
 Region(s) which use this couple : 
    DefaultRegionForTheWorld

====================================================================

### Run 2 starts.
--> Event 0 starts.
    End of event. Decay chain: Co60 ---> Ni60[2505.753] ---> Ni60[1332.514] ---> Ni60

--> Event 10000 starts.
    End of event. Decay chain: Co60 ---> Ni60[2505.753] ---> Ni60[1332.514] ---> Ni60

--> Event 20000 starts.
    End of event. Decay chain: Co60 ---> Ni60[2505.753] ---> Ni60[1332.514] ---> Ni60

--> Event 30000 starts.
    End of event. Decay chain: Co60 ---> Ni60[2505.753] ---> Ni60[1332.514] ---> Ni60

--> Event 40000 starts.
    End of event. Decay chain: Co60 ---> Ni60[2505.753] ---> Ni60[1332.514] ---> Ni60

--> Event 50000 starts.
    End of event. Decay chain: Co60 ---> Ni60[2505.753] ---> Ni60[1332.514] ---> Ni60

--> Event 60000 starts.
    End of event. Decay chain: Co60 ---> Ni60[1332.514] ---> Ni60

--> Event 70000 starts.
    End of event. Decay chain: Co60 ---> Ni60[2505.753] ---> Ni60[1332.514] ---> Ni60

--> Event 80000 starts.
    End of event. Decay chain: Co60 ---> Ni60[1332.514] ---> Ni60

--> Event 90000 starts.
    End of event. Decay chain: Co60 ---> Ni60[2505.753] ---> Ni60[1332.514] ---> Ni60

 Run terminated.
Run Summary
  Number of events processed : 100000
  User=4.51s Real=4.54s Sys=0s

 ======================== run summary ======================
 The run was 100000 Co60 of 0 eV 
 ===========================================================

 Nb of generated particles: 

             Co60:  100000  Emean =      0 eV 	( 0 eV  --> 0 eV )	mean life = 7.61 y  
             Ni60:  100000  Emean =  30.17 eV 	( 0.01187 eV  --> 94.55 eV )	stable
   Ni60[1332.514]:   99997  Emean =   14.3 eV 	( 0.1111 eV  --> 41.79 eV )	mean life = 1.06 ps 
   Ni60[2158.632]:      10  Emean =  2.041 eV 	( 0.3524 eV  --> 4.289 eV )	mean life = 0.8512 ps 
   Ni60[2505.753]:   89293  Emean =  1.476 eV 	( 0.0004802 eV  --> 3.77 eV )	mean life = 4.761 ps 
        anti_nu_e:  100000  Emean =    290 keV	( 4.539 keV --> 1.49 MeV)	stable
               e-:  100039  Emean =  153.1 keV	( 0.004014 eV  --> 1.467 MeV)	stable
            gamma:  189261  Emean =  1.257 MeV	( 347.1 keV --> 2.159 MeV)	stable

   Ekin Total (Q single decay): mean =  975.7 keV	( 317.1 keV --> 2.159 MeV)

   Momentum balance (excluding gamma desexcitation): mean =  822.5 keV	( 6.081e-06 eV  --> 2.159 MeV)

   Total time of life (full chain): mean =   7.61 y    half-life =  5.275 y     ( 3.788 h   --> 87.32 y  )

   Total visible energy (full chain) : mean =  2.533 MeV   ( 1.333 MeV --> 2.818 MeV)

   Activity of Co60 = 4.182e+13 Bq/g   (1130 Ci/g) 


Graphics systems deleted.
Visualization Manager deleting...
G4 kernel has come to Quit state.
================== Deleting memory pools ===================
Number of memory pools allocated: 10 of which, static: 0
Dynamic pools deleted: 10 / Total memory freed: 0.017 MB
============================================================
RunManagerKernel is deleted. Good bye :)
