
        ############################################
        !!! WARNING - FPE detection is activated !!!
        ############################################

**************************************************************
 Geant4 version Name: geant4-10-06-ref-07    (31-July-2020)
                       Copyright : Geant4 Collaboration
                      References : NIM A 506 (2003), 250-303
                                 : IEEE-TNS 53 (2006), 270-278
                                 : NIM A 835 (2016), 186-225
                             WWW : http://geant4.org/
**************************************************************

<<< Geant4 Physics List simulation engine: QGS_BIC

*=====================================================================
*                                                                     
*   The Physics list QGS_BIC is an experimental physics list !   
*                                                                      
*   Please  report your use case for, and your experience with this    
*    physics list on the Geant4 User Forum dedicated to physics lists: 
*  http://hypernews.slac.stanford.edu/HyperNews/geant4/get/phys-list.html
*                                                                      
*=====================================================================*

Visualization Manager instantiating with verbosity "warnings (3)"...
Visualization Manager initialising...
Registering graphics systems...

You have successfully registered the following graphics systems.
Registered graphics systems are:
  ASCIITree (ATree)
  DAWNFILE (DAWNFILE)
  G4HepRep (HepRepXML)
  G4HepRepFile (HepRepFile)
  RayTracer (RayTracer)
  VRML1FILE (VRML1FILE)
  VRML2FILE (VRML2FILE)
  gMocrenFile (gMocrenFile)
  OpenGLImmediateXm (OGLIXm, OGLI)
  OpenGLStoredXm (OGLSXm, OGL, OGLS)
  OpenGLImmediateX (OGLIX, OGLIXm_FALLBACK)
  OpenGLStoredX (OGLSX, OGLSXm_FALLBACK)
  RayTracerX (RayTracerX)

Registering model factories...

You have successfully registered the following model factories.
Registered model factories:
  generic
  drawByAttribute
  drawByCharge
  drawByOriginVolume
  drawByParticleID
  drawByEncounteredVolume

Registered models:
  None

Registered filter factories:
  attributeFilter
  chargeFilter
  originVolumeFilter
  particleFilter
  encounteredVolumeFilter

Registered filters:
  None

You have successfully registered the following user vis actions.
Run Duration User Vis Actions: none
End of Event User Vis Actions: none
End of Run User Vis Actions: none

Some /vis commands (optionally) take a string to specify colour.
"/vis/list" to see available colours.

The materials defined are : 


***** Table : Nb of materials = 3 *****

 Material:   G4_AIR    density:  1.205 mg/cm3  RadL: 303.921 m    Nucl.Int.Length: 710.095 m  
                       Imean:  85.700 eV   temperature: 293.15 K  pressure:   1.00 atm

   --->  Element: C (C)   Z =  6.0   N =    12   A = 12.011 g/mole
         --->  Isotope:   C12   Z =  6   N =  12   A =  12.00 g/mole   abundance: 98.930 %
         --->  Isotope:   C13   Z =  6   N =  13   A =  13.00 g/mole   abundance:  1.070 %
          ElmMassFraction:   0.01 %  ElmAbundance   0.02 % 

   --->  Element: N (N)   Z =  7.0   N =    14   A = 14.007 g/mole
         --->  Isotope:   N14   Z =  7   N =  14   A =  14.00 g/mole   abundance: 99.632 %
         --->  Isotope:   N15   Z =  7   N =  15   A =  15.00 g/mole   abundance:  0.368 %
          ElmMassFraction:  75.53 %  ElmAbundance  78.44 % 

   --->  Element: O (O)   Z =  8.0   N =    16   A = 15.999 g/mole
         --->  Isotope:   O16   Z =  8   N =  16   A =  15.99 g/mole   abundance: 99.757 %
         --->  Isotope:   O17   Z =  8   N =  17   A =  17.00 g/mole   abundance:  0.038 %
         --->  Isotope:   O18   Z =  8   N =  18   A =  18.00 g/mole   abundance:  0.205 %
          ElmMassFraction:  23.18 %  ElmAbundance  21.07 % 

   --->  Element: Ar (Ar)   Z = 18.0   N =    40   A = 39.948 g/mole
         --->  Isotope:  Ar36   Z = 18   N =  36   A =  35.97 g/mole   abundance:  0.337 %
         --->  Isotope:  Ar38   Z = 18   N =  38   A =  37.96 g/mole   abundance:  0.063 %
         --->  Isotope:  Ar40   Z = 18   N =  40   A =  39.96 g/mole   abundance: 99.600 %
          ElmMassFraction:   1.28 %  ElmAbundance   0.47 % 


 Material: G4_WATER H_2O   density:  1.000 g/cm3   RadL:  36.083 cm   Nucl.Int.Length:  75.375 cm 
                       Imean:  78.000 eV   temperature: 293.15 K  pressure:   1.00 atm

   --->  Element: H (H)   Z =  1.0   N =     1   A =  1.008 g/mole
         --->  Isotope:    H1   Z =  1   N =   1   A =   1.01 g/mole   abundance: 99.989 %
         --->  Isotope:    H2   Z =  1   N =   2   A =   2.01 g/mole   abundance:  0.011 %
          ElmMassFraction:  11.19 %  ElmAbundance  66.67 % 

   --->  Element: O (O)   Z =  8.0   N =    16   A = 15.999 g/mole
         --->  Isotope:   O16   Z =  8   N =  16   A =  15.99 g/mole   abundance: 99.757 %
         --->  Isotope:   O17   Z =  8   N =  17   A =  17.00 g/mole   abundance:  0.038 %
         --->  Isotope:   O18   Z =  8   N =  18   A =  18.00 g/mole   abundance:  0.205 %
          ElmMassFraction:  88.81 %  ElmAbundance  33.33 % 


 Material:    G4_Pb    density: 11.350 g/cm3   RadL:   5.613 mm   Nucl.Int.Length:  18.248 cm 
                       Imean: 823.000 eV   temperature: 293.15 K  pressure:   1.00 atm

   --->  Element: Pb (Pb)   Z = 82.0   N =   207   A = 207.217 g/mole
         --->  Isotope: Pb204   Z = 82   N = 204   A = 203.97 g/mole   abundance:  1.400 %
         --->  Isotope: Pb206   Z = 82   N = 206   A = 205.97 g/mole   abundance: 24.100 %
         --->  Isotope: Pb207   Z = 82   N = 207   A = 206.98 g/mole   abundance: 22.100 %
         --->  Isotope: Pb208   Z = 82   N = 208   A = 207.98 g/mole   abundance: 52.400 %
          ElmMassFraction: 100.00 %  ElmAbundance 100.00 % 



<-- RE02DetectorConstruction::Construct-------
  Water Phantom Size (200,200,400)
  Segmentation  (100,100,200)
  Lead plate at even copy # (0-False,1-True): 1
<---------------------------------------------
----G4SDParticleFileter particle list------
gamma
-------------------------------------------
 G4SDKineticEnergyFilter:: gammaE filter LowE  1 keV HighE 10 keV
----G4SDParticleFileter particle list------
gamma
-------------------------------------------
 G4SDKineticEnergyFilter:: gammaE filter LowE  10 keV HighE 100 keV
----G4SDParticleFileter particle list------
gamma
-------------------------------------------
 G4SDKineticEnergyFilter:: gammaE filter LowE  100 keV HighE 1 MeV
----G4SDParticleFileter particle list------
gamma
-------------------------------------------
 G4SDKineticEnergyFilter:: gammaE filter LowE  1 MeV HighE 10 MeV
### Adding tracking cuts for neutron  TimeCut(ns)= 10000  KinEnergyCut(MeV)= 0
/run/verbose 2
#/event/verbose 0
#/tracking/verbose 1
#
#
#/vis/scene/create
#
# Create a scene handler for a specific graphics system
# (Edit the next line(s) to choose another graphic system)
#/vis/open OGL
#/vis/open DAWNFILE
#/vis/open VRML2FILE
#
# viewer settings
#/vis/viewer/set/viewpointThetaPhi 90 180 deg
#/vis/viewer/zoom 1.4
#
# Store trajectory
#/tracking/storeTrajectory 1
#/vis/scene/add/trajectories
#/vis/scene/endOfEventAction accumulate
#
#
#  Beam Parameters
#  for electron
#   UIcommands from G4ParticleGun.
#
/gun/particle e-
#
# Kinetic Energy.
/gun/energy 30. MeV
#
/gun/position 0 0 -100 cm
/gun/direction 0 0 1
#
/run/beamOn 10000

phot:  for gamma SubType=12 BuildTable=0
      LambdaPrime table from 200 keV to 100 TeV in 61 bins 
      ===== EM models for the G4Region  DefaultRegionForTheWorld ======
 LivermorePhElectric : Emin=    0 eV  Emax=  100 TeV  SauterGavrila Fluo

compt:  for gamma SubType=13 BuildTable=1
      Lambda table from 100 eV  to 1 MeV, 7 bins/decade, spline: 1
      LambdaPrime table from 1 MeV to 100 TeV in 56 bins 
      ===== EM models for the G4Region  DefaultRegionForTheWorld ======
       Klein-Nishina : Emin=    0 eV  Emax=  100 TeV

conv:  for gamma SubType=14 BuildTable=1
      Lambda table from 1.022 MeV to 100 TeV, 18 bins/decade, spline: 1
      ===== EM models for the G4Region  DefaultRegionForTheWorld ======
     BetheHeitlerLPM : Emin=    0 eV  Emax=  100 TeV  ModifiedTsai

Rayl:  for gamma SubType=11 BuildTable=1
      Lambda table from 100 eV  to 100 keV, 7 bins/decade, spline: 0
      LambdaPrime table from 100 keV to 100 TeV in 63 bins 
      ===== EM models for the G4Region  DefaultRegionForTheWorld ======
   LivermoreRayleigh : Emin=    0 eV  Emax=  100 TeV  CullenGenerator

msc:  for e-  SubType= 10
      ===== EM models for the G4Region  DefaultRegionForTheWorld ======
            UrbanMsc : Emin=    0 eV  Emax=  100 MeV Nbins=42 100 eV  - 100 MeV
              StepLim=UseSafety Rfact=0.04 Gfact=2.5 Sfact=0.6 DispFlag:1 Skin=1 Llimit=1
        WentzelVIUni : Emin=  100 MeV Emax=  100 TeV Nbins=42 100 MeV - 100 TeV
              StepLim=UseSafety Rfact=0.04 Gfact=2.5 Sfact=0.6 DispFlag:1 Skin=1 Llimit=1

eIoni:  for e-  SubType=2
      dE/dx and range tables from 100 eV  to 100 TeV in 84 bins
      Lambda tables from threshold to 100 TeV, 7 bins/decade, spline: 1
      StepFunction=(0.2, 1 mm), integ: 1, fluct: 1, linLossLim= 0.01
      ===== EM models for the G4Region  DefaultRegionForTheWorld ======
        MollerBhabha : Emin=    0 eV  Emax=  100 TeV

eBrem:  for e-  SubType=3
      dE/dx and range tables from 100 eV  to 100 TeV in 84 bins
      Lambda tables from threshold to 100 TeV, 7 bins/decade, spline: 1
      LPM flag: 1 for E > 1 GeV,  VertexHighEnergyTh(GeV)= 100000
      ===== EM models for the G4Region  DefaultRegionForTheWorld ======
             eBremSB : Emin=    0 eV  Emax=    1 GeV  ModifiedTsai
            eBremLPM : Emin=    1 GeV Emax=  100 TeV  ModifiedTsai

CoulombScat:  for e-, integral:1  SubType=1 BuildTable=1
      Lambda table from 100 MeV to 100 TeV, 7 bins/decade, spline: 1
      ThetaMin(p) < Theta(degree) < 180 pLimit(GeV^1)= 0.139531
      ===== EM models for the G4Region  DefaultRegionForTheWorld ======
  eCoulombScattering : Emin=  100 MeV Emax=  100 TeV

msc:  for e+  SubType= 10
      ===== EM models for the G4Region  DefaultRegionForTheWorld ======
            UrbanMsc : Emin=    0 eV  Emax=  100 MeV Nbins=42 100 eV  - 100 MeV
              StepLim=UseSafety Rfact=0.04 Gfact=2.5 Sfact=0.6 DispFlag:1 Skin=1 Llimit=1
        WentzelVIUni : Emin=  100 MeV Emax=  100 TeV Nbins=42 100 MeV - 100 TeV
              StepLim=UseSafety Rfact=0.04 Gfact=2.5 Sfact=0.6 DispFlag:1 Skin=1 Llimit=1

eIoni:  for e+  SubType=2
      dE/dx and range tables from 100 eV  to 100 TeV in 84 bins
      Lambda tables from threshold to 100 TeV, 7 bins/decade, spline: 1
      StepFunction=(0.2, 1 mm), integ: 1, fluct: 1, linLossLim= 0.01
      ===== EM models for the G4Region  DefaultRegionForTheWorld ======
        MollerBhabha : Emin=    0 eV  Emax=  100 TeV

eBrem:  for e+  SubType=3
      dE/dx and range tables from 100 eV  to 100 TeV in 84 bins
      Lambda tables from threshold to 100 TeV, 7 bins/decade, spline: 1
      LPM flag: 1 for E > 1 GeV,  VertexHighEnergyTh(GeV)= 100000
      ===== EM models for the G4Region  DefaultRegionForTheWorld ======
             eBremSB : Emin=    0 eV  Emax=    1 GeV  ModifiedTsai
            eBremLPM : Emin=    1 GeV Emax=  100 TeV  ModifiedTsai

annihil:  for e+, integral:1  SubType=5 BuildTable=0
      ===== EM models for the G4Region  DefaultRegionForTheWorld ======
            eplus2gg : Emin=    0 eV  Emax=  100 TeV

CoulombScat:  for e+, integral:1  SubType=1 BuildTable=1
      Lambda table from 100 MeV to 100 TeV, 7 bins/decade, spline: 1
      ThetaMin(p) < Theta(degree) < 180 pLimit(GeV^1)= 0.139531
      ===== EM models for the G4Region  DefaultRegionForTheWorld ======
  eCoulombScattering : Emin=  100 MeV Emax=  100 TeV

msc:  for proton  SubType= 10
      ===== EM models for the G4Region  DefaultRegionForTheWorld ======
        WentzelVIUni : Emin=    0 eV  Emax=  100 TeV Nbins=84 100 eV  - 100 TeV
              StepLim=Minimal Rfact=0.2 Gfact=2.5 Sfact=0.6 DispFlag:0 Skin=1 Llimit=1

hIoni:  for proton  SubType=2
      dE/dx and range tables from 100 eV  to 100 TeV in 84 bins
      Lambda tables from threshold to 100 TeV, 7 bins/decade, spline: 1
      StepFunction=(0.2, 0.1 mm), integ: 1, fluct: 1, linLossLim= 0.01
      ===== EM models for the G4Region  DefaultRegionForTheWorld ======
               Bragg : Emin=    0 eV  Emax=    2 MeV
          BetheBloch : Emin=    2 MeV Emax=  100 TeV

hBrems:  for proton  SubType=3
      dE/dx and range tables from 100 eV  to 100 TeV in 84 bins
      Lambda tables from threshold to 100 TeV, 7 bins/decade, spline: 1
      ===== EM models for the G4Region  DefaultRegionForTheWorld ======
               hBrem : Emin=    0 eV  Emax=  100 TeV

hPairProd:  for proton  SubType=4
      dE/dx and range tables from 100 eV  to 100 TeV in 84 bins
      Lambda tables from threshold to 100 TeV, 7 bins/decade, spline: 1
      Sampling table 17x1001 from 7.50618 GeV to 100 TeV 
      ===== EM models for the G4Region  DefaultRegionForTheWorld ======
           hPairProd : Emin=    0 eV  Emax=  100 TeV

CoulombScat:  for proton, integral:1  SubType=1 BuildTable=1
      Lambda table from threshold  to 100 TeV, 7 bins/decade, spline: 1
      ThetaMin(p) < Theta(degree) < 180 pLimit(GeV^1)= 0.139531
      ===== EM models for the G4Region  DefaultRegionForTheWorld ======
  eCoulombScattering : Emin=    0 eV  Emax=  100 TeV

msc:  for GenericIon  SubType= 10
      ===== EM models for the G4Region  DefaultRegionForTheWorld ======
            UrbanMsc : Emin=    0 eV  Emax=  100 TeV
              StepLim=Minimal Rfact=0.2 Gfact=2.5 Sfact=0.6 DispFlag:0 Skin=1 Llimit=1

ionIoni:  for GenericIon  SubType=2
      dE/dx and range tables from 100 eV  to 100 TeV in 84 bins
      Lambda tables from threshold to 100 TeV, 7 bins/decade, spline: 1
      StepFunction=(0.2, 0.1 mm), integ: 1, fluct: 1, linLossLim= 0.02
      Stopping Power data for 17 ion/material pairs
      ===== EM models for the G4Region  DefaultRegionForTheWorld ======
            BraggIon : Emin=    0 eV  Emax=    2 MeV
          BetheBloch : Emin=    2 MeV Emax=  100 TeV

msc:  for alpha  SubType= 10
      ===== EM models for the G4Region  DefaultRegionForTheWorld ======
            UrbanMsc : Emin=    0 eV  Emax=  100 TeV Nbins=84 100 eV  - 100 TeV
              StepLim=Minimal Rfact=0.2 Gfact=2.5 Sfact=0.6 DispFlag:0 Skin=1 Llimit=1

ionIoni:  for alpha  SubType=2
      dE/dx and range tables from 100 eV  to 100 TeV in 84 bins
      Lambda tables from threshold to 100 TeV, 7 bins/decade, spline: 1
      StepFunction=(0.2, 0.1 mm), integ: 1, fluct: 1, linLossLim= 0.02
      ===== EM models for the G4Region  DefaultRegionForTheWorld ======
            BraggIon : Emin=    0 eV  Emax=7.9452 MeV
          BetheBloch : Emin=7.9452 MeV Emax=  100 TeV

msc:  for anti_proton  SubType= 10
      ===== EM models for the G4Region  DefaultRegionForTheWorld ======
        WentzelVIUni : Emin=    0 eV  Emax=  100 TeV Nbins=84 100 eV  - 100 TeV
              StepLim=Minimal Rfact=0.2 Gfact=2.5 Sfact=0.6 DispFlag:0 Skin=1 Llimit=1

hIoni:  for anti_proton  SubType=2
      dE/dx and range tables from 100 eV  to 100 TeV in 84 bins
      Lambda tables from threshold to 100 TeV, 7 bins/decade, spline: 1
      StepFunction=(0.2, 0.1 mm), integ: 1, fluct: 1, linLossLim= 0.01
      ===== EM models for the G4Region  DefaultRegionForTheWorld ======
            ICRU73QO : Emin=    0 eV  Emax=    2 MeV
          BetheBloch : Emin=    2 MeV Emax=  100 TeV

hBrems:  for anti_proton  SubType=3
      dE/dx and range tables from 100 eV  to 100 TeV in 84 bins
      Lambda tables from threshold to 100 TeV, 7 bins/decade, spline: 1
      ===== EM models for the G4Region  DefaultRegionForTheWorld ======
               hBrem : Emin=    0 eV  Emax=  100 TeV

hPairProd:  for anti_proton  SubType=4
      dE/dx and range tables from 100 eV  to 100 TeV in 84 bins
      Lambda tables from threshold to 100 TeV, 7 bins/decade, spline: 1
      Sampling table 17x1001 from 7.50618 GeV to 100 TeV 
      ===== EM models for the G4Region  DefaultRegionForTheWorld ======
           hPairProd : Emin=    0 eV  Emax=  100 TeV

CoulombScat:  for anti_proton, integral:1  SubType=1 BuildTable=1
      Lambda table from threshold  to 100 TeV, 7 bins/decade, spline: 1
      ThetaMin(p) < Theta(degree) < 180 pLimit(GeV^1)= 0.139531
      ===== EM models for the G4Region  DefaultRegionForTheWorld ======
  eCoulombScattering : Emin=    0 eV  Emax=  100 TeV

msc:  for kaon+  SubType= 10
      ===== EM models for the G4Region  DefaultRegionForTheWorld ======
        WentzelVIUni : Emin=    0 eV  Emax=  100 TeV Nbins=84 100 eV  - 100 TeV
              StepLim=Minimal Rfact=0.2 Gfact=2.5 Sfact=0.6 DispFlag:0 Skin=1 Llimit=1

hIoni:  for kaon+  SubType=2
      dE/dx and range tables from 100 eV  to 100 TeV in 84 bins
      Lambda tables from threshold to 100 TeV, 7 bins/decade, spline: 1
      StepFunction=(0.2, 0.1 mm), integ: 1, fluct: 1, linLossLim= 0.01
      ===== EM models for the G4Region  DefaultRegionForTheWorld ======
               Bragg : Emin=    0 eV  Emax=1.05231 MeV
          BetheBloch : Emin=1.05231 MeV Emax=  100 TeV

hBrems:  for kaon+  SubType=3
      dE/dx and range tables from 100 eV  to 100 TeV in 84 bins
      Lambda tables from threshold to 100 TeV, 7 bins/decade, spline: 1
      ===== EM models for the G4Region  DefaultRegionForTheWorld ======
               hBrem : Emin=    0 eV  Emax=  100 TeV

hPairProd:  for kaon+  SubType=4
      dE/dx and range tables from 100 eV  to 100 TeV in 84 bins
      Lambda tables from threshold to 100 TeV, 7 bins/decade, spline: 1
      Sampling table 18x1001 from 3.94942 GeV to 100 TeV 
      ===== EM models for the G4Region  DefaultRegionForTheWorld ======
           hPairProd : Emin=    0 eV  Emax=  100 TeV

CoulombScat:  for kaon+, integral:1  SubType=1 BuildTable=1
      Lambda table from threshold  to 100 TeV, 7 bins/decade, spline: 1
      ThetaMin(p) < Theta(degree) < 180 pLimit(GeV^1)= 0.139531
      ===== EM models for the G4Region  DefaultRegionForTheWorld ======
  eCoulombScattering : Emin=    0 eV  Emax=  100 TeV

msc:  for kaon-  SubType= 10
      ===== EM models for the G4Region  DefaultRegionForTheWorld ======
        WentzelVIUni : Emin=    0 eV  Emax=  100 TeV Nbins=84 100 eV  - 100 TeV
              StepLim=Minimal Rfact=0.2 Gfact=2.5 Sfact=0.6 DispFlag:0 Skin=1 Llimit=1

hIoni:  for kaon-  SubType=2
      dE/dx and range tables from 100 eV  to 100 TeV in 84 bins
      Lambda tables from threshold to 100 TeV, 7 bins/decade, spline: 1
      StepFunction=(0.2, 0.1 mm), integ: 1, fluct: 1, linLossLim= 0.01
      ===== EM models for the G4Region  DefaultRegionForTheWorld ======
            ICRU73QO : Emin=    0 eV  Emax=1.05231 MeV
          BetheBloch : Emin=1.05231 MeV Emax=  100 TeV

hBrems:  for kaon-  SubType=3
      dE/dx and range tables from 100 eV  to 100 TeV in 84 bins
      Lambda tables from threshold to 100 TeV, 7 bins/decade, spline: 1
      ===== EM models for the G4Region  DefaultRegionForTheWorld ======
               hBrem : Emin=    0 eV  Emax=  100 TeV

hPairProd:  for kaon-  SubType=4
      dE/dx and range tables from 100 eV  to 100 TeV in 84 bins
      Lambda tables from threshold to 100 TeV, 7 bins/decade, spline: 1
      Sampling table 18x1001 from 3.94942 GeV to 100 TeV 
      ===== EM models for the G4Region  DefaultRegionForTheWorld ======
           hPairProd : Emin=    0 eV  Emax=  100 TeV

CoulombScat:  for kaon-, integral:1  SubType=1 BuildTable=1
      Used Lambda table of kaon+
      ThetaMin(p) < Theta(degree) < 180 pLimit(GeV^1)= 0.139531
      ===== EM models for the G4Region  DefaultRegionForTheWorld ======
  eCoulombScattering : Emin=    0 eV  Emax=  100 TeV

msc:  for mu+  SubType= 10
      ===== EM models for the G4Region  DefaultRegionForTheWorld ======
        WentzelVIUni : Emin=    0 eV  Emax=  100 TeV Nbins=84 100 eV  - 100 TeV
              StepLim=Minimal Rfact=0.2 Gfact=2.5 Sfact=0.6 DispFlag:0 Skin=1 Llimit=1

muIoni:  for mu+  SubType=2
      dE/dx and range tables from 100 eV  to 100 TeV in 84 bins
      Lambda tables from threshold to 100 TeV, 7 bins/decade, spline: 1
      StepFunction=(0.2, 0.1 mm), integ: 1, fluct: 1, linLossLim= 0.01
      ===== EM models for the G4Region  DefaultRegionForTheWorld ======
               Bragg : Emin=    0 eV  Emax=  200 keV
          BetheBloch : Emin=  200 keV Emax=    1 GeV
        MuBetheBloch : Emin=    1 GeV Emax=  100 TeV

muBrems:  for mu+  SubType=3
      dE/dx and range tables from 100 eV  to 100 TeV in 84 bins
      Lambda tables from threshold to 100 TeV, 7 bins/decade, spline: 1
      ===== EM models for the G4Region  DefaultRegionForTheWorld ======
              MuBrem : Emin=    0 eV  Emax=  100 TeV

muPairProd:  for mu+  SubType=4
      dE/dx and range tables from 100 eV  to 100 TeV in 84 bins
      Lambda tables from threshold to 100 TeV, 7 bins/decade, spline: 1
      Sampling table 21x1001 from 1 GeV to 100 TeV 
      ===== EM models for the G4Region  DefaultRegionForTheWorld ======
          muPairProd : Emin=    0 eV  Emax=  100 TeV

CoulombScat:  for mu+, integral:1  SubType=1 BuildTable=1
      Lambda table from threshold  to 100 TeV, 7 bins/decade, spline: 1
      ThetaMin(p) < Theta(degree) < 180 pLimit(GeV^1)= 0.139531
      ===== EM models for the G4Region  DefaultRegionForTheWorld ======
  eCoulombScattering : Emin=    0 eV  Emax=  100 TeV

msc:  for mu-  SubType= 10
      ===== EM models for the G4Region  DefaultRegionForTheWorld ======
        WentzelVIUni : Emin=    0 eV  Emax=  100 TeV Nbins=84 100 eV  - 100 TeV
              StepLim=Minimal Rfact=0.2 Gfact=2.5 Sfact=0.6 DispFlag:0 Skin=1 Llimit=1

muIoni:  for mu-  SubType=2
      dE/dx and range tables from 100 eV  to 100 TeV in 84 bins
      Lambda tables from threshold to 100 TeV, 7 bins/decade, spline: 1
      StepFunction=(0.2, 0.1 mm), integ: 1, fluct: 1, linLossLim= 0.01
      ===== EM models for the G4Region  DefaultRegionForTheWorld ======
            ICRU73QO : Emin=    0 eV  Emax=  200 keV
          BetheBloch : Emin=  200 keV Emax=    1 GeV
        MuBetheBloch : Emin=    1 GeV Emax=  100 TeV

muBrems:  for mu-  SubType=3
      dE/dx and range tables from 100 eV  to 100 TeV in 84 bins
      Lambda tables from threshold to 100 TeV, 7 bins/decade, spline: 1
      ===== EM models for the G4Region  DefaultRegionForTheWorld ======
              MuBrem : Emin=    0 eV  Emax=  100 TeV

muPairProd:  for mu-  SubType=4
      dE/dx and range tables from 100 eV  to 100 TeV in 84 bins
      Lambda tables from threshold to 100 TeV, 7 bins/decade, spline: 1
      Sampling table 21x1001 from 1 GeV to 100 TeV 
      ===== EM models for the G4Region  DefaultRegionForTheWorld ======
          muPairProd : Emin=    0 eV  Emax=  100 TeV

CoulombScat:  for mu-, integral:1  SubType=1 BuildTable=1
      Used Lambda table of mu+
      ThetaMin(p) < Theta(degree) < 180 pLimit(GeV^1)= 0.139531
      ===== EM models for the G4Region  DefaultRegionForTheWorld ======
  eCoulombScattering : Emin=    0 eV  Emax=  100 TeV

msc:  for pi+  SubType= 10
      ===== EM models for the G4Region  DefaultRegionForTheWorld ======
        WentzelVIUni : Emin=    0 eV  Emax=  100 TeV Nbins=84 100 eV  - 100 TeV
              StepLim=Minimal Rfact=0.2 Gfact=2.5 Sfact=0.6 DispFlag:0 Skin=1 Llimit=1

hIoni:  for pi+  SubType=2
      dE/dx and range tables from 100 eV  to 100 TeV in 84 bins
      Lambda tables from threshold to 100 TeV, 7 bins/decade, spline: 1
      StepFunction=(0.2, 0.1 mm), integ: 1, fluct: 1, linLossLim= 0.01
      ===== EM models for the G4Region  DefaultRegionForTheWorld ======
               Bragg : Emin=    0 eV  Emax=297.505 keV
          BetheBloch : Emin=297.505 keV Emax=  100 TeV

hBrems:  for pi+  SubType=3
      dE/dx and range tables from 100 eV  to 100 TeV in 84 bins
      Lambda tables from threshold to 100 TeV, 7 bins/decade, spline: 1
      ===== EM models for the G4Region  DefaultRegionForTheWorld ======
               hBrem : Emin=    0 eV  Emax=  100 TeV

hPairProd:  for pi+  SubType=4
      dE/dx and range tables from 100 eV  to 100 TeV in 84 bins
      Lambda tables from threshold to 100 TeV, 7 bins/decade, spline: 1
      Sampling table 20x1001 from 1.11656 GeV to 100 TeV 
      ===== EM models for the G4Region  DefaultRegionForTheWorld ======
           hPairProd : Emin=    0 eV  Emax=  100 TeV

CoulombScat:  for pi+, integral:1  SubType=1 BuildTable=1
      Lambda table from threshold  to 100 TeV, 7 bins/decade, spline: 1
      ThetaMin(p) < Theta(degree) < 180 pLimit(GeV^1)= 0.139531
      ===== EM models for the G4Region  DefaultRegionForTheWorld ======
  eCoulombScattering : Emin=    0 eV  Emax=  100 TeV

msc:  for pi-  SubType= 10
      ===== EM models for the G4Region  DefaultRegionForTheWorld ======
        WentzelVIUni : Emin=    0 eV  Emax=  100 TeV Nbins=84 100 eV  - 100 TeV
              StepLim=Minimal Rfact=0.2 Gfact=2.5 Sfact=0.6 DispFlag:0 Skin=1 Llimit=1

hIoni:  for pi-  SubType=2
      dE/dx and range tables from 100 eV  to 100 TeV in 84 bins
      Lambda tables from threshold to 100 TeV, 7 bins/decade, spline: 1
      StepFunction=(0.2, 0.1 mm), integ: 1, fluct: 1, linLossLim= 0.01
      ===== EM models for the G4Region  DefaultRegionForTheWorld ======
            ICRU73QO : Emin=    0 eV  Emax=297.505 keV
          BetheBloch : Emin=297.505 keV Emax=  100 TeV

hBrems:  for pi-  SubType=3
      dE/dx and range tables from 100 eV  to 100 TeV in 84 bins
      Lambda tables from threshold to 100 TeV, 7 bins/decade, spline: 1
      ===== EM models for the G4Region  DefaultRegionForTheWorld ======
               hBrem : Emin=    0 eV  Emax=  100 TeV

hPairProd:  for pi-  SubType=4
      dE/dx and range tables from 100 eV  to 100 TeV in 84 bins
      Lambda tables from threshold to 100 TeV, 7 bins/decade, spline: 1
      Sampling table 20x1001 from 1.11656 GeV to 100 TeV 
      ===== EM models for the G4Region  DefaultRegionForTheWorld ======
           hPairProd : Emin=    0 eV  Emax=  100 TeV

CoulombScat:  for pi-, integral:1  SubType=1 BuildTable=1
      Used Lambda table of pi+
      ThetaMin(p) < Theta(degree) < 180 pLimit(GeV^1)= 0.139531
      ===== EM models for the G4Region  DefaultRegionForTheWorld ======
  eCoulombScattering : Emin=    0 eV  Emax=  100 TeV

====================================================================
                  HADRONIC PROCESSES SUMMARY (verbose level 1)

---------------------------------------------------
                           Hadronic Processes for neutron

  Process: hadElastic
        Model:             hElasticCHIPS: 0 eV  ---> 100 TeV
     Cr_sctns:        G4NeutronElasticXS: 0 eV  ---> 100 TeV

  Process: neutronInelastic
        Model:                      QGSB: 12 GeV ---> 100 TeV
        Model:                      FTFB: 3 GeV ---> 25 GeV
        Model:            Binary Cascade: 0 eV  ---> 6 GeV
     Cr_sctns:      G4NeutronInelasticXS: 0 eV  ---> 100 TeV

  Process: nCapture
        Model:               nRadCapture: 0 eV  ---> 100 TeV
     Cr_sctns:        G4NeutronCaptureXS: 0 eV  ---> 100 TeV

  Process: nKiller

---------------------------------------------------
                           Hadronic Processes for B-

  Process: hadElastic
        Model:              hElasticLHEP: 0 eV  ---> 100 TeV
     Cr_sctns:            Glauber-Gribov: 0 eV  ---> 100 TeV

---------------------------------------------------
                           Hadronic Processes for D-

  Process: hadElastic
        Model:              hElasticLHEP: 0 eV  ---> 100 TeV
     Cr_sctns:            Glauber-Gribov: 0 eV  ---> 100 TeV

---------------------------------------------------
                           Hadronic Processes for GenericIon

  Process: ionInelastic
        Model:  Binary Light Ion Cascade: 0 eV /n ---> 6 GeV/n
        Model:                      FTFP: 3 GeV/n ---> 100 TeV/n
     Cr_sctns:  Glauber-Gribov Nucl-nucl: 0 eV  ---> 25.6 PeV

---------------------------------------------------
                           Hadronic Processes for He3

  Process: hadElastic
        Model:              hElasticLHEP: 0 eV /n ---> 100 TeV/n
     Cr_sctns:  Glauber-Gribov Nucl-nucl: 0 eV  ---> 25.6 PeV

  Process: He3Inelastic
        Model:  Binary Light Ion Cascade: 0 eV /n ---> 6 GeV/n
        Model:                      FTFP: 3 GeV/n ---> 100 TeV/n
     Cr_sctns:  Glauber-Gribov Nucl-nucl: 0 eV  ---> 25.6 PeV

---------------------------------------------------
                           Hadronic Processes for alpha

  Process: hadElastic
        Model:              hElasticLHEP: 0 eV /n ---> 100 TeV/n
     Cr_sctns:  Glauber-Gribov Nucl-nucl: 0 eV  ---> 25.6 PeV

  Process: alphaInelastic
        Model:  Binary Light Ion Cascade: 0 eV /n ---> 6 GeV/n
        Model:                      FTFP: 3 GeV/n ---> 100 TeV/n
     Cr_sctns:  Glauber-Gribov Nucl-nucl: 0 eV  ---> 25.6 PeV

---------------------------------------------------
                           Hadronic Processes for anti_He3

  Process: hadElastic
        Model:              hElasticLHEP: 0 eV /n ---> 100.1 MeV/n
        Model:              AntiAElastic: 100 MeV/n ---> 100 TeV/n
     Cr_sctns:              AntiAGlauber: 0 eV  ---> 25.6 PeV

  Process: anti_He3Inelastic
        Model:                      FTFP: 0 eV /n ---> 25 GeV/n
        Model:                      FTFP: 12 GeV/n ---> 100 TeV/n
     Cr_sctns:              AntiAGlauber: 0 eV  ---> 25.6 PeV
     Cr_sctns:              AntiAGlauber: 0 eV  ---> 25.6 PeV

  Process: hFritiofCaptureAtRest

---------------------------------------------------
                           Hadronic Processes for anti_alpha

  Process: hadElastic
        Model:              hElasticLHEP: 0 eV /n ---> 100.1 MeV/n
        Model:              AntiAElastic: 100 MeV/n ---> 100 TeV/n
     Cr_sctns:              AntiAGlauber: 0 eV  ---> 25.6 PeV

  Process: anti_alphaInelastic
        Model:                      FTFP: 0 eV /n ---> 25 GeV/n
        Model:                      FTFP: 12 GeV/n ---> 100 TeV/n
     Cr_sctns:              AntiAGlauber: 0 eV  ---> 25.6 PeV
     Cr_sctns:              AntiAGlauber: 0 eV  ---> 25.6 PeV

  Process: hFritiofCaptureAtRest

---------------------------------------------------
                           Hadronic Processes for anti_deuteron

  Process: hadElastic
        Model:              hElasticLHEP: 0 eV /n ---> 100.1 MeV/n
        Model:              AntiAElastic: 100 MeV/n ---> 100 TeV/n
     Cr_sctns:              AntiAGlauber: 0 eV  ---> 25.6 PeV

  Process: anti_deuteronInelastic
        Model:                      FTFP: 0 eV /n ---> 25 GeV/n
        Model:                      FTFP: 12 GeV/n ---> 100 TeV/n
     Cr_sctns:              AntiAGlauber: 0 eV  ---> 25.6 PeV
     Cr_sctns:              AntiAGlauber: 0 eV  ---> 25.6 PeV

  Process: hFritiofCaptureAtRest

---------------------------------------------------
                           Hadronic Processes for anti_lambda

  Process: hadElastic
        Model:              hElasticLHEP: 0 eV  ---> 100 TeV
     Cr_sctns:            Glauber-Gribov: 0 eV  ---> 100 TeV

  Process: anti-lambdaInelastic
        Model:                      FTFP: 0 eV  ---> 25 GeV
        Model:                      QGSP: 12 GeV ---> 100 TeV
     Cr_sctns:            Glauber-Gribov: 0 eV  ---> 100 TeV
     Cr_sctns:            Glauber-Gribov: 0 eV  ---> 100 TeV

  Process: hFritiofCaptureAtRest

---------------------------------------------------
                           Hadronic Processes for anti_neutron

  Process: hadElastic
        Model:              hElasticLHEP: 0 eV  ---> 100.1 MeV
        Model:              AntiAElastic: 100 MeV ---> 100 TeV
     Cr_sctns:              AntiAGlauber: 0 eV  ---> 25.6 PeV

  Process: anti_neutronInelastic
        Model:                      FTFP: 0 eV  ---> 25 GeV
        Model:                      QGSP: 12 GeV ---> 100 TeV
     Cr_sctns:              AntiAGlauber: 0 eV  ---> 25.6 PeV
     Cr_sctns:              AntiAGlauber: 0 eV  ---> 25.6 PeV

  Process: hFritiofWithBinaryCascadeCaptureAtRest

---------------------------------------------------
                           Hadronic Processes for anti_proton

  Process: hadElastic
        Model:              hElasticLHEP: 0 eV  ---> 100.1 MeV
        Model:              AntiAElastic: 100 MeV ---> 100 TeV
     Cr_sctns:              AntiAGlauber: 0 eV  ---> 25.6 PeV

  Process: anti_protonInelastic
        Model:                      FTFP: 0 eV  ---> 25 GeV
        Model:                      QGSP: 12 GeV ---> 100 TeV
     Cr_sctns:              AntiAGlauber: 0 eV  ---> 25.6 PeV
     Cr_sctns:              AntiAGlauber: 0 eV  ---> 25.6 PeV

  Process: hFritiofWithBinaryCascadeCaptureAtRest

---------------------------------------------------
                           Hadronic Processes for anti_triton

  Process: hadElastic
        Model:              hElasticLHEP: 0 eV /n ---> 100.1 MeV/n
        Model:              AntiAElastic: 100 MeV/n ---> 100 TeV/n
     Cr_sctns:              AntiAGlauber: 0 eV  ---> 25.6 PeV

  Process: anti_tritonInelastic
        Model:                      FTFP: 0 eV /n ---> 25 GeV/n
        Model:                      FTFP: 12 GeV/n ---> 100 TeV/n
     Cr_sctns:              AntiAGlauber: 0 eV  ---> 25.6 PeV
     Cr_sctns:              AntiAGlauber: 0 eV  ---> 25.6 PeV

  Process: hFritiofCaptureAtRest

---------------------------------------------------
                           Hadronic Processes for deuteron

  Process: hadElastic
        Model:              hElasticLHEP: 0 eV /n ---> 100 TeV/n
     Cr_sctns:  Glauber-Gribov Nucl-nucl: 0 eV  ---> 25.6 PeV

  Process: dInelastic
        Model:  Binary Light Ion Cascade: 0 eV /n ---> 6 GeV/n
        Model:                      FTFP: 3 GeV/n ---> 100 TeV/n
     Cr_sctns:  Glauber-Gribov Nucl-nucl: 0 eV  ---> 25.6 PeV

---------------------------------------------------
                           Hadronic Processes for e+

  Process: electronNuclear
        Model:   G4ElectroVDNuclearModel: 0 eV  ---> 1 PeV
     Cr_sctns:          ElectroNuclearXS: 0 eV  ---> 100 TeV

---------------------------------------------------
                           Hadronic Processes for e-

  Process: electronNuclear
        Model:   G4ElectroVDNuclearModel: 0 eV  ---> 1 PeV
     Cr_sctns:          ElectroNuclearXS: 0 eV  ---> 100 TeV

---------------------------------------------------
                           Hadronic Processes for gamma

  Process: photonNuclear
        Model:               GammaNPreco: 0 eV  ---> 200 MeV
        Model:            BertiniCascade: 199 MeV ---> 6 GeV
        Model:           TheoFSGenerator: 3 GeV ---> 100 TeV
     Cr_sctns:            PhotoNuclearXS: 0 eV  ---> 100 TeV

---------------------------------------------------
                           Hadronic Processes for kaon+

  Process: hadElastic
        Model:              hElasticLHEP: 0 eV  ---> 100 TeV
     Cr_sctns:            Glauber-Gribov: 0 eV  ---> 100 TeV

  Process: kaon+Inelastic
        Model:                      QGSB: 12 GeV ---> 100 TeV
        Model:                      FTFB: 3 GeV ---> 25 GeV
        Model:            BertiniCascade: 0 eV  ---> 6 GeV
     Cr_sctns:            Glauber-Gribov: 0 eV  ---> 100 TeV

---------------------------------------------------
                           Hadronic Processes for kaon-

  Process: hadElastic
        Model:              hElasticLHEP: 0 eV  ---> 100 TeV
     Cr_sctns:            Glauber-Gribov: 0 eV  ---> 100 TeV

  Process: kaon-Inelastic
        Model:                      QGSB: 12 GeV ---> 100 TeV
        Model:                      FTFB: 3 GeV ---> 25 GeV
        Model:            BertiniCascade: 0 eV  ---> 6 GeV
     Cr_sctns:            Glauber-Gribov: 0 eV  ---> 100 TeV

  Process: hBertiniCaptureAtRest

---------------------------------------------------
                           Hadronic Processes for lambda

  Process: hadElastic
        Model:              hElasticLHEP: 0 eV  ---> 100 TeV
     Cr_sctns:            Glauber-Gribov: 0 eV  ---> 100 TeV

  Process: lambdaInelastic
        Model:            BertiniCascade: 0 eV  ---> 6 GeV
        Model:                      FTFP: 3 GeV ---> 25 GeV
        Model:                      QGSP: 12 GeV ---> 100 TeV
     Cr_sctns:            Glauber-Gribov: 0 eV  ---> 100 TeV
     Cr_sctns:            Glauber-Gribov: 0 eV  ---> 100 TeV

---------------------------------------------------
                           Hadronic Processes for mu+

  Process: muonNuclear
        Model:      G4MuonVDNuclearModel: 0 eV  ---> 1 PeV
     Cr_sctns:     KokoulinMuonNuclearXS: 0 eV  ---> 100 TeV

---------------------------------------------------
                           Hadronic Processes for mu-

  Process: muonNuclear
        Model:      G4MuonVDNuclearModel: 0 eV  ---> 1 PeV
     Cr_sctns:     KokoulinMuonNuclearXS: 0 eV  ---> 100 TeV

  Process: muMinusCaptureAtRest

---------------------------------------------------
                           Hadronic Processes for pi+

  Process: hadElastic
        Model:           hElasticGlauber: 0 eV  ---> 100 TeV
     Cr_sctns:  BarashenkovGlauberGribov: 0 eV  ---> 100 TeV

  Process: pi+Inelastic
        Model:                      QGSB: 12 GeV ---> 100 TeV
        Model:                      FTFB: 3 GeV ---> 25 GeV
        Model:            BertiniCascade: 1 GeV ---> 6 GeV
        Model:            Binary Cascade: 0 eV  ---> 1.5 GeV
     Cr_sctns:  BarashenkovGlauberGribov: 0 eV  ---> 100 TeV

---------------------------------------------------
                           Hadronic Processes for pi-

  Process: hadElastic
        Model:           hElasticGlauber: 0 eV  ---> 100 TeV
     Cr_sctns:  BarashenkovGlauberGribov: 0 eV  ---> 100 TeV

  Process: pi-Inelastic
        Model:                      QGSB: 12 GeV ---> 100 TeV
        Model:                      FTFB: 3 GeV ---> 25 GeV
        Model:            BertiniCascade: 1 GeV ---> 6 GeV
        Model:            Binary Cascade: 0 eV  ---> 1.5 GeV
     Cr_sctns:  BarashenkovGlauberGribov: 0 eV  ---> 100 TeV

  Process: hBertiniCaptureAtRest

---------------------------------------------------
                           Hadronic Processes for proton

  Process: hadElastic
        Model:             hElasticCHIPS: 0 eV  ---> 100 TeV
     Cr_sctns:  BarashenkovGlauberGribov: 0 eV  ---> 100 TeV

  Process: protonInelastic
        Model:                      QGSB: 12 GeV ---> 100 TeV
        Model:                      FTFB: 3 GeV ---> 25 GeV
        Model:            Binary Cascade: 0 eV  ---> 6 GeV
     Cr_sctns:  BarashenkovGlauberGribov: 0 eV  ---> 100 TeV

---------------------------------------------------
                           Hadronic Processes for sigma-

  Process: hadElastic
        Model:              hElasticLHEP: 0 eV  ---> 100 TeV
     Cr_sctns:            Glauber-Gribov: 0 eV  ---> 100 TeV

  Process: sigma-Inelastic
        Model:            BertiniCascade: 0 eV  ---> 6 GeV
        Model:                      FTFP: 3 GeV ---> 25 GeV
        Model:                      QGSP: 12 GeV ---> 100 TeV
     Cr_sctns:            Glauber-Gribov: 0 eV  ---> 100 TeV
     Cr_sctns:            Glauber-Gribov: 0 eV  ---> 100 TeV

  Process: hBertiniCaptureAtRest

---------------------------------------------------
                           Hadronic Processes for triton

  Process: hadElastic
        Model:              hElasticLHEP: 0 eV /n ---> 100 TeV/n
     Cr_sctns:  Glauber-Gribov Nucl-nucl: 0 eV  ---> 25.6 PeV

  Process: tInelastic
        Model:  Binary Light Ion Cascade: 0 eV /n ---> 6 GeV/n
        Model:                      FTFP: 3 GeV/n ---> 100 TeV/n
     Cr_sctns:  Glauber-Gribov Nucl-nucl: 0 eV  ---> 25.6 PeV

================================================================
=======================================================================
======       Pre-compound/De-excitation Physics Parameters     ========
=======================================================================
Type of pre-compound inverse x-section              3
Pre-compound model active                           1
Pre-compound excitation low energy (MeV)            0.1
Pre-compound excitation high energy (MeV)           30
Type of de-excitation inverse x-section             3
Type of de-excitation factory                       Evaporation+GEM
Number of de-excitation channels                    68
Min excitation energy (keV)                         0.01
Min energy per nucleon for multifragmentation (MeV) 2e+05
Limit excitation energy for Fermi BreakUp (MeV)     20
Level density (1/MeV)                               0.075
Use simple level density model                      1
Use discrete excitation energy of the residual      0
Time limit for long lived isomeres (ns)             1000
Isomer production flag                              1
Internal e- conversion flag                         1
Store e- internal conversion data                   0
Electron internal conversion ID                     2
Correlated gamma emission flag                      0
Max 2J for sampling of angular correlations         10
=======================================================================

Region <DefaultRegionForTheWorld> --  -- appears in <World> world volume
 This region is in the mass world.
 Root logical volume(s) : World 
 Pointers : G4VUserRegionInformation[0], G4UserLimits[0], G4FastSimulationManager[0], G4UserSteppingAction[0]
 Materials : G4_AIR G4_WATER G4_Pb 
 Production cuts :   gamma 700 um      e- 700 um      e+ 700 um  proton 700 um 

Region <DefaultRegionForParallelWorld> --  -- is not associated to any world.
 Root logical volume(s) : 
 Pointers : G4VUserRegionInformation[0], G4UserLimits[0], G4FastSimulationManager[0], G4UserSteppingAction[0]
 Materials : 
 Production cuts :   gamma 700 um      e- 700 um      e+ 700 um  proton 700 um 

========= Table of registered couples ============================

Index : 0     used in the geometry : Yes
 Material : G4_AIR
 Range cuts        :  gamma  700 um     e-  700 um     e+  700 um  proton 700 um 
 Energy thresholds :  gamma  990 eV     e-  990 eV     e+  990 eV  proton 70 keV
 Region(s) which use this couple : 
    DefaultRegionForTheWorld

Index : 1     used in the geometry : Yes
 Material : G4_WATER
 Range cuts        :  gamma  700 um     e-  700 um     e+  700 um  proton 700 um 
 Energy thresholds :  gamma  2.52852 keV    e-  278.507 keV    e+  271.144 keV proton 70 keV
 Region(s) which use this couple : 
    DefaultRegionForTheWorld

Index : 2     used in the geometry : Yes
 Material : G4_Pb
 Range cuts        :  gamma  700 um     e-  700 um     e+  700 um  proton 700 um 
 Energy thresholds :  gamma  94.7372 keV    e-  1.00768 MeV    e+  948.734 keV proton 70 keV
 Region(s) which use this couple : 
    DefaultRegionForTheWorld

==================================================================

Start closing geometry.
G4GeometryManager::ReportVoxelStats -- Voxel Statistics

    Total memory consumed for geometry optimisation:   36 kByte
    Total CPU time elapsed for geometry optimisation: 0 seconds

    Voxelisation: top CPU users:
    Percent   Total CPU    System CPU       Memory  Volume
    -------   ----------   ----------     --------  ----------
       0.00         0.00         0.00            9k Phantom
       0.00         0.00         0.00            9k RepY
       0.00         0.00         0.00           19k RepX

    Voxelisation: top memory users:
    Percent     Memory      Heads    Nodes   Pointers    Total CPU    Volume
    -------   --------     ------   ------   --------   ----------    ----------
      52.12         18k         1      201        400         0.00    RepX
      23.94          8k         1      100        100         0.00    Phantom
      23.94          8k         1      100        100         0.00    RepY
G4VisManager: Using G4TrajectoryDrawByCharge as fallback trajectory model.
See commands in /vis/modeling/trajectories/ for other options.
++ PhantomSD/totalEDep id 0
++ PhantomSD/protonEDep id 1
++ PhantomSD/protonNStep id 2
++ PhantomSD/chargedPassCellFlux id 3
++ PhantomSD/chargedCellFlux id 4
++ PhantomSD/chargedSurfFlux id 5
++ PhantomSD/gammaSurfCurr000 id 6
++ PhantomSD/gammaSurfCurr001 id 7
++ PhantomSD/gammaSurfCurr002 id 8
++ PhantomSD/gammaSurfCurr003 id 9
### Run 0 starts.
### Run 0 start.
>>> Event 0
>>> Event 1
>>> Event 2
>>> Event 3
>>> Event 4
>>> Event 5
>>> Event 6
>>> Event 7
>>> Event 8
>>> Event 9
>>> Event 100
>>> Event 200
>>> Event 300
>>> Event 400
>>> Event 500
>>> Event 600
>>> Event 700
>>> Event 800
>>> Event 900
>>> Event 1000
>>> Event 2000
>>> Event 3000
>>> Event 4000
>>> Event 5000
>>> Event 6000
>>> Event 7000
>>> Event 8000
>>> Event 9000
 Run terminated.
Run Summary
  Number of events processed : 10000
  User=25.010000s Real=25.649967s Sys=0.050000s
 PrimitiveScorer RUN PhantomSD,totalEDep
 Number of entries 51869
 PrimitiveScorer RUN PhantomSD,protonEDep
 Number of entries 36
 PrimitiveScorer RUN PhantomSD,protonNStep
 Number of entries 36
 PrimitiveScorer RUN PhantomSD,chargedPassCellFlux
 Number of entries 20332
 PrimitiveScorer RUN PhantomSD,chargedCellFlux
 Number of entries 51644
 PrimitiveScorer RUN PhantomSD,chargedSurfFlux
 Number of entries 11770
 PrimitiveScorer RUN PhantomSD,gammaSurfCurr000
 Number of entries 35
 PrimitiveScorer RUN PhantomSD,gammaSurfCurr001
 Number of entries 351
 PrimitiveScorer RUN PhantomSD,gammaSurfCurr002
 Number of entries 51724
 PrimitiveScorer RUN PhantomSD,gammaSurfCurr003
 Number of entries 71968
=============================================================
 Number of event processed : 10000
=============================================================
#Z Cell#       totalEDep      protonEDep protonNStep  chargedPassCellFlux     chargedCellFlux     chargedSurfFlux    gammaSurfCurr000    gammaSurfCurr001    gammaSurfCurr002    gammaSurfCurr003
     0       41.7826 MeV           0 eV            0         2837.54 /cm2         2942.1 /cm2        2219.22 /cm2              0 /cm2             25 /cm2            550 /cm2            200 /cm2
     1       464.866 MeV           0 eV            0          3419.6 /cm2        4412.57 /cm2        3918.78 /cm2              0 /cm2             75 /cm2           1075 /cm2            850 /cm2
     2       61.1155 MeV           0 eV            0         3861.25 /cm2        4143.75 /cm2        4460.13 /cm2              0 /cm2              0 /cm2           3850 /cm2           3575 /cm2
     3       327.992 MeV           0 eV            0         1904.75 /cm2        3121.21 /cm2        4692.08 /cm2              0 /cm2             50 /cm2           3900 /cm2           3450 /cm2
     4       28.4824 MeV           0 eV            0         1707.67 /cm2        1888.74 /cm2        3459.45 /cm2              0 /cm2             25 /cm2           3175 /cm2           3925 /cm2
     5       123.174 MeV           0 eV            0         395.953 /cm2        1099.34 /cm2        1105.92 /cm2              0 /cm2             25 /cm2           2825 /cm2           3500 /cm2
     6       8.38424 MeV           0 eV            0         455.993 /cm2         550.78 /cm2        618.112 /cm2              0 /cm2             25 /cm2           1900 /cm2           2975 /cm2
     7       48.5908 MeV           0 eV            0         111.558 /cm2        411.921 /cm2        2481.34 /cm2              0 /cm2              0 /cm2           1525 /cm2           2650 /cm2
     8       4.23434 MeV           0 eV            0         214.153 /cm2        262.477 /cm2        252.683 /cm2              0 /cm2              0 /cm2           1300 /cm2           2075 /cm2
     9       32.3275 MeV           0 eV            0         77.8276 /cm2        281.994 /cm2        150.378 /cm2              0 /cm2              0 /cm2           1250 /cm2           1850 /cm2
    10       2.36911 MeV           0 eV            0         118.979 /cm2        141.525 /cm2        95.7276 /cm2              0 /cm2              0 /cm2            700 /cm2           1475 /cm2
    11       18.9169 MeV           0 eV            0         6.53851 /cm2        150.693 /cm2          327.5 /cm2              0 /cm2              0 /cm2            775 /cm2           1425 /cm2
    12       1.84828 MeV           0 eV            0          111.86 /cm2         128.37 /cm2        240.121 /cm2              0 /cm2              0 /cm2            650 /cm2           1075 /cm2
    13       25.8813 MeV           0 eV            0         40.6896 /cm2        244.231 /cm2        87.7289 /cm2              0 /cm2              0 /cm2            750 /cm2           1000 /cm2
    14       3.35299 MeV           0 eV            0         147.813 /cm2        176.646 /cm2        57.8696 /cm2              0 /cm2              0 /cm2            375 /cm2            775 /cm2
    15       8.78756 MeV           0 eV            0         33.9942 /cm2        57.1795 /cm2        119.747 /cm2              0 /cm2              0 /cm2            275 /cm2           1025 /cm2
    16             0 eV            0 eV            0               0 /cm2              0 /cm2              0 /cm2              0 /cm2              0 /cm2            200 /cm2           1000 /cm2
    17       8.50538 MeV           0 eV            0         3.71883 /cm2        63.7635 /cm2              0 /cm2              0 /cm2              0 /cm2            325 /cm2            975 /cm2
    18       542.028 keV           0 eV            0          17.415 /cm2        31.7614 /cm2              0 /cm2              0 /cm2              0 /cm2            300 /cm2            675 /cm2
    19       10.1628 MeV           0 eV            0        0.160866 /cm2        83.7112 /cm2        26.9393 /cm2              0 /cm2              0 /cm2            250 /cm2            750 /cm2
    20       2.23723 MeV           0 eV            0         85.8272 /cm2        133.081 /cm2        26.9253 /cm2              0 /cm2              0 /cm2            275 /cm2            600 /cm2
    21       9.82336 MeV           0 eV            0          22.614 /cm2         90.049 /cm2        213.161 /cm2              0 /cm2              0 /cm2            250 /cm2            475 /cm2
    22        1.4276 MeV           0 eV            0         60.3709 /cm2        84.6214 /cm2        26.5317 /cm2              0 /cm2              0 /cm2            200 /cm2            375 /cm2
    23       12.9849 MeV           0 eV            0          12.257 /cm2        102.481 /cm2        139.226 /cm2              0 /cm2              0 /cm2            175 /cm2            375 /cm2
    24       588.765 keV           0 eV            0          24.395 /cm2        30.6693 /cm2        45.6578 /cm2              0 /cm2              0 /cm2            125 /cm2            325 /cm2
    25       1.07152 MeV           0 eV            0               0 /cm2        9.61953 /cm2              0 /cm2              0 /cm2              0 /cm2             75 /cm2            200 /cm2
    26             0 eV            0 eV            0               0 /cm2              0 /cm2              0 /cm2              0 /cm2              0 /cm2              0 /cm2            200 /cm2
    27       2.75007 MeV           0 eV            0               0 /cm2        21.9524 /cm2              0 /cm2              0 /cm2              0 /cm2             50 /cm2            150 /cm2
    28       366.759 keV           0 eV            0         28.6263 /cm2        28.6263 /cm2              0 /cm2              0 /cm2              0 /cm2             50 /cm2             75 /cm2
    29             0 eV            0 eV            0               0 /cm2              0 /cm2              0 /cm2              0 /cm2              0 /cm2             50 /cm2            100 /cm2
    30             0 eV            0 eV            0               0 /cm2              0 /cm2              0 /cm2              0 /cm2              0 /cm2             25 /cm2            100 /cm2
    31       519.607 keV           0 eV            0               0 /cm2        4.15254 /cm2              0 /cm2              0 /cm2              0 /cm2              0 /cm2            125 /cm2
    32             0 eV            0 eV            0               0 /cm2              0 /cm2              0 /cm2              0 /cm2              0 /cm2              0 /cm2            150 /cm2
    33       247.273 keV           0 eV            0               0 /cm2       0.714097 /cm2              0 /cm2              0 /cm2              0 /cm2             25 /cm2            100 /cm2
    34             0 eV            0 eV            0               0 /cm2              0 /cm2              0 /cm2              0 /cm2              0 /cm2              0 /cm2             50 /cm2
    35        1.2117 MeV           0 eV            0        0.247993 /cm2        10.6156 /cm2              0 /cm2              0 /cm2              0 /cm2             25 /cm2             75 /cm2
    36         148.2 keV           0 eV            0         7.40099 /cm2        7.40099 /cm2        41.7897 /cm2              0 /cm2              0 /cm2             25 /cm2            100 /cm2
    37       208.313 keV           0 eV            0               0 /cm2       0.458597 /cm2              0 /cm2              0 /cm2              0 /cm2             50 /cm2              0 /cm2
    38             0 eV            0 eV            0               0 /cm2              0 /cm2              0 /cm2              0 /cm2              0 /cm2             50 /cm2              0 /cm2
    39             0 eV            0 eV            0               0 /cm2              0 /cm2              0 /cm2              0 /cm2              0 /cm2              0 /cm2              0 /cm2
    40             0 eV            0 eV            0               0 /cm2              0 /cm2              0 /cm2              0 /cm2              0 /cm2             50 /cm2             50 /cm2
    41       315.496 keV           0 eV            0               0 /cm2        4.17512 /cm2              0 /cm2              0 /cm2              0 /cm2             25 /cm2             50 /cm2
    42             0 eV            0 eV            0               0 /cm2              0 /cm2              0 /cm2              0 /cm2              0 /cm2             25 /cm2             75 /cm2
    43        646.37 keV           0 eV            0               0 /cm2        3.12052 /cm2              0 /cm2              0 /cm2              0 /cm2             25 /cm2             50 /cm2
    44             0 eV            0 eV            0               0 /cm2              0 /cm2              0 /cm2              0 /cm2              0 /cm2             25 /cm2             50 /cm2
    45       289.307 keV           0 eV            0               0 /cm2         2.9225 /cm2              0 /cm2              0 /cm2              0 /cm2             25 /cm2             50 /cm2
    46       110.568 keV           0 eV            0         7.12326 /cm2        7.12326 /cm2        63.0616 /cm2              0 /cm2              0 /cm2              0 /cm2             25 /cm2
    47             0 eV            0 eV            0               0 /cm2              0 /cm2              0 /cm2              0 /cm2              0 /cm2              0 /cm2             50 /cm2
    48             0 eV            0 eV            0               0 /cm2              0 /cm2              0 /cm2              0 /cm2              0 /cm2              0 /cm2             25 /cm2
    49             0 eV            0 eV            0               0 /cm2              0 /cm2              0 /cm2              0 /cm2              0 /cm2             25 /cm2              0 /cm2
    50             0 eV            0 eV            0               0 /cm2              0 /cm2              0 /cm2              0 /cm2              0 /cm2             25 /cm2              0 /cm2
    51             0 eV            0 eV            0               0 /cm2              0 /cm2              0 /cm2              0 /cm2              0 /cm2             25 /cm2             25 /cm2
    52             0 eV            0 eV            0               0 /cm2              0 /cm2              0 /cm2              0 /cm2              0 /cm2              0 /cm2             25 /cm2
    53       721.759 keV           0 eV            0               0 /cm2        7.11005 /cm2              0 /cm2              0 /cm2              0 /cm2             25 /cm2             25 /cm2
    54             0 eV            0 eV            0               0 /cm2              0 /cm2              0 /cm2              0 /cm2              0 /cm2              0 /cm2              0 /cm2
    55             0 eV            0 eV            0               0 /cm2              0 /cm2              0 /cm2              0 /cm2              0 /cm2              0 /cm2              0 /cm2
    56             0 eV            0 eV            0               0 /cm2              0 /cm2              0 /cm2              0 /cm2              0 /cm2              0 /cm2              0 /cm2
    57             0 eV            0 eV            0               0 /cm2              0 /cm2              0 /cm2              0 /cm2              0 /cm2              0 /cm2              0 /cm2
    58             0 eV            0 eV            0               0 /cm2              0 /cm2              0 /cm2              0 /cm2              0 /cm2              0 /cm2             25 /cm2
    59             0 eV            0 eV            0               0 /cm2              0 /cm2              0 /cm2              0 /cm2              0 /cm2              0 /cm2              0 /cm2
    60             0 eV            0 eV            0               0 /cm2              0 /cm2              0 /cm2              0 /cm2              0 /cm2              0 /cm2              0 /cm2
    61       210.753 keV           0 eV            0               0 /cm2        1.10219 /cm2              0 /cm2              0 /cm2              0 /cm2              0 /cm2             25 /cm2
    62             0 eV            0 eV            0               0 /cm2              0 /cm2              0 /cm2              0 /cm2              0 /cm2             25 /cm2              0 /cm2
    63       202.451 keV           0 eV            0               0 /cm2       0.816749 /cm2              0 /cm2              0 /cm2              0 /cm2             25 /cm2              0 /cm2
    64             0 eV            0 eV            0               0 /cm2              0 /cm2              0 /cm2              0 /cm2              0 /cm2              0 /cm2              0 /cm2
    65             0 eV            0 eV            0               0 /cm2              0 /cm2              0 /cm2              0 /cm2              0 /cm2              0 /cm2              0 /cm2
    66             0 eV            0 eV            0               0 /cm2              0 /cm2              0 /cm2              0 /cm2              0 /cm2              0 /cm2              0 /cm2
    67             0 eV            0 eV            0               0 /cm2              0 /cm2              0 /cm2              0 /cm2              0 /cm2              0 /cm2              0 /cm2
    68             0 eV            0 eV            0               0 /cm2              0 /cm2              0 /cm2              0 /cm2              0 /cm2              0 /cm2              0 /cm2
    69             0 eV            0 eV            0               0 /cm2              0 /cm2              0 /cm2              0 /cm2              0 /cm2              0 /cm2              0 /cm2
    70             0 eV            0 eV            0               0 /cm2              0 /cm2              0 /cm2              0 /cm2              0 /cm2              0 /cm2              0 /cm2
    71             0 eV            0 eV            0               0 /cm2              0 /cm2              0 /cm2              0 /cm2              0 /cm2              0 /cm2              0 /cm2
    72             0 eV            0 eV            0               0 /cm2              0 /cm2              0 /cm2              0 /cm2              0 /cm2              0 /cm2              0 /cm2
    73             0 eV            0 eV            0               0 /cm2              0 /cm2              0 /cm2              0 /cm2              0 /cm2              0 /cm2              0 /cm2
    74             0 eV            0 eV            0               0 /cm2              0 /cm2              0 /cm2              0 /cm2              0 /cm2              0 /cm2              0 /cm2
    75             0 eV            0 eV            0               0 /cm2              0 /cm2              0 /cm2              0 /cm2              0 /cm2              0 /cm2              0 /cm2
    76             0 eV            0 eV            0               0 /cm2              0 /cm2              0 /cm2              0 /cm2              0 /cm2              0 /cm2              0 /cm2
    77             0 eV            0 eV            0               0 /cm2              0 /cm2              0 /cm2              0 /cm2              0 /cm2              0 /cm2              0 /cm2
    78             0 eV            0 eV            0               0 /cm2              0 /cm2              0 /cm2              0 /cm2              0 /cm2              0 /cm2              0 /cm2
    79             0 eV            0 eV            0               0 /cm2              0 /cm2              0 /cm2              0 /cm2              0 /cm2              0 /cm2              0 /cm2
    80             0 eV            0 eV            0               0 /cm2              0 /cm2              0 /cm2              0 /cm2              0 /cm2              0 /cm2              0 /cm2
    81             0 eV            0 eV            0               0 /cm2              0 /cm2              0 /cm2              0 /cm2              0 /cm2              0 /cm2              0 /cm2
    82             0 eV            0 eV            0               0 /cm2              0 /cm2              0 /cm2              0 /cm2              0 /cm2              0 /cm2              0 /cm2
    83             0 eV            0 eV            0               0 /cm2              0 /cm2              0 /cm2              0 /cm2              0 /cm2              0 /cm2              0 /cm2
    84             0 eV            0 eV            0               0 /cm2              0 /cm2              0 /cm2              0 /cm2              0 /cm2              0 /cm2              0 /cm2
    85             0 eV            0 eV            0               0 /cm2              0 /cm2              0 /cm2              0 /cm2              0 /cm2              0 /cm2              0 /cm2
    86             0 eV            0 eV            0               0 /cm2              0 /cm2              0 /cm2              0 /cm2              0 /cm2              0 /cm2              0 /cm2
    87             0 eV            0 eV            0               0 /cm2              0 /cm2              0 /cm2              0 /cm2              0 /cm2              0 /cm2              0 /cm2
    88             0 eV            0 eV            0               0 /cm2              0 /cm2              0 /cm2              0 /cm2              0 /cm2              0 /cm2              0 /cm2
    89             0 eV            0 eV            0               0 /cm2              0 /cm2              0 /cm2              0 /cm2              0 /cm2              0 /cm2              0 /cm2
    90             0 eV            0 eV            0               0 /cm2              0 /cm2              0 /cm2              0 /cm2              0 /cm2              0 /cm2              0 /cm2
    91             0 eV            0 eV            0               0 /cm2              0 /cm2              0 /cm2              0 /cm2              0 /cm2              0 /cm2              0 /cm2
    92             0 eV            0 eV            0               0 /cm2              0 /cm2              0 /cm2              0 /cm2              0 /cm2              0 /cm2              0 /cm2
    93             0 eV            0 eV            0               0 /cm2              0 /cm2              0 /cm2              0 /cm2              0 /cm2              0 /cm2              0 /cm2
    94             0 eV            0 eV            0               0 /cm2              0 /cm2              0 /cm2              0 /cm2              0 /cm2              0 /cm2              0 /cm2
    95             0 eV            0 eV            0               0 /cm2              0 /cm2              0 /cm2              0 /cm2              0 /cm2              0 /cm2              0 /cm2
    96             0 eV            0 eV            0               0 /cm2              0 /cm2              0 /cm2              0 /cm2              0 /cm2              0 /cm2              0 /cm2
    97             0 eV            0 eV            0               0 /cm2              0 /cm2              0 /cm2              0 /cm2              0 /cm2              0 /cm2              0 /cm2
    98             0 eV            0 eV            0               0 /cm2              0 /cm2              0 /cm2              0 /cm2              0 /cm2              0 /cm2              0 /cm2
    99             0 eV            0 eV            0               0 /cm2              0 /cm2              0 /cm2              0 /cm2              0 /cm2              0 /cm2              0 /cm2
   100             0 eV            0 eV            0               0 /cm2              0 /cm2              0 /cm2              0 /cm2              0 /cm2              0 /cm2              0 /cm2
   101             0 eV            0 eV            0               0 /cm2              0 /cm2              0 /cm2              0 /cm2              0 /cm2              0 /cm2              0 /cm2
   102             0 eV            0 eV            0               0 /cm2              0 /cm2              0 /cm2              0 /cm2              0 /cm2              0 /cm2              0 /cm2
   103             0 eV            0 eV            0               0 /cm2              0 /cm2              0 /cm2              0 /cm2              0 /cm2              0 /cm2              0 /cm2
   104             0 eV            0 eV            0               0 /cm2              0 /cm2              0 /cm2              0 /cm2              0 /cm2              0 /cm2              0 /cm2
   105             0 eV            0 eV            0               0 /cm2              0 /cm2              0 /cm2              0 /cm2              0 /cm2              0 /cm2              0 /cm2
   106             0 eV            0 eV            0               0 /cm2              0 /cm2              0 /cm2              0 /cm2              0 /cm2              0 /cm2              0 /cm2
   107             0 eV            0 eV            0               0 /cm2              0 /cm2              0 /cm2              0 /cm2              0 /cm2              0 /cm2              0 /cm2
   108             0 eV            0 eV            0               0 /cm2              0 /cm2              0 /cm2              0 /cm2              0 /cm2              0 /cm2              0 /cm2
   109             0 eV            0 eV            0               0 /cm2              0 /cm2              0 /cm2              0 /cm2              0 /cm2              0 /cm2              0 /cm2
   110             0 eV            0 eV            0               0 /cm2              0 /cm2              0 /cm2              0 /cm2              0 /cm2              0 /cm2              0 /cm2
   111             0 eV            0 eV            0               0 /cm2              0 /cm2              0 /cm2              0 /cm2              0 /cm2              0 /cm2              0 /cm2
   112             0 eV            0 eV            0               0 /cm2              0 /cm2              0 /cm2              0 /cm2              0 /cm2              0 /cm2              0 /cm2
   113             0 eV            0 eV            0               0 /cm2              0 /cm2              0 /cm2              0 /cm2              0 /cm2              0 /cm2              0 /cm2
   114             0 eV            0 eV            0               0 /cm2              0 /cm2              0 /cm2              0 /cm2              0 /cm2              0 /cm2              0 /cm2
   115             0 eV            0 eV            0               0 /cm2              0 /cm2              0 /cm2              0 /cm2              0 /cm2              0 /cm2              0 /cm2
   116             0 eV            0 eV            0               0 /cm2              0 /cm2              0 /cm2              0 /cm2              0 /cm2              0 /cm2              0 /cm2
   117             0 eV            0 eV            0               0 /cm2              0 /cm2              0 /cm2              0 /cm2              0 /cm2              0 /cm2              0 /cm2
   118             0 eV            0 eV            0               0 /cm2              0 /cm2              0 /cm2              0 /cm2              0 /cm2              0 /cm2              0 /cm2
   119             0 eV            0 eV            0               0 /cm2              0 /cm2              0 /cm2              0 /cm2              0 /cm2              0 /cm2              0 /cm2
   120             0 eV            0 eV            0               0 /cm2              0 /cm2              0 /cm2              0 /cm2              0 /cm2              0 /cm2              0 /cm2
   121             0 eV            0 eV            0               0 /cm2              0 /cm2              0 /cm2              0 /cm2              0 /cm2              0 /cm2              0 /cm2
   122             0 eV            0 eV            0               0 /cm2              0 /cm2              0 /cm2              0 /cm2              0 /cm2              0 /cm2              0 /cm2
   123             0 eV            0 eV            0               0 /cm2              0 /cm2              0 /cm2              0 /cm2              0 /cm2              0 /cm2              0 /cm2
   124             0 eV            0 eV            0               0 /cm2              0 /cm2              0 /cm2              0 /cm2              0 /cm2              0 /cm2              0 /cm2
   125             0 eV            0 eV            0               0 /cm2              0 /cm2              0 /cm2              0 /cm2              0 /cm2              0 /cm2              0 /cm2
   126             0 eV            0 eV            0               0 /cm2              0 /cm2              0 /cm2              0 /cm2              0 /cm2              0 /cm2              0 /cm2
   127             0 eV            0 eV            0               0 /cm2              0 /cm2              0 /cm2              0 /cm2              0 /cm2              0 /cm2              0 /cm2
   128             0 eV            0 eV            0               0 /cm2              0 /cm2              0 /cm2              0 /cm2              0 /cm2              0 /cm2              0 /cm2
   129             0 eV            0 eV            0               0 /cm2              0 /cm2              0 /cm2              0 /cm2              0 /cm2              0 /cm2              0 /cm2
   130             0 eV            0 eV            0               0 /cm2              0 /cm2              0 /cm2              0 /cm2              0 /cm2              0 /cm2              0 /cm2
   131             0 eV            0 eV            0               0 /cm2              0 /cm2              0 /cm2              0 /cm2              0 /cm2              0 /cm2              0 /cm2
   132             0 eV            0 eV            0               0 /cm2              0 /cm2              0 /cm2              0 /cm2              0 /cm2              0 /cm2              0 /cm2
   133             0 eV            0 eV            0               0 /cm2              0 /cm2              0 /cm2              0 /cm2              0 /cm2              0 /cm2              0 /cm2
   134             0 eV            0 eV            0               0 /cm2              0 /cm2              0 /cm2              0 /cm2              0 /cm2              0 /cm2              0 /cm2
   135             0 eV            0 eV            0               0 /cm2              0 /cm2              0 /cm2              0 /cm2              0 /cm2              0 /cm2              0 /cm2
   136             0 eV            0 eV            0               0 /cm2              0 /cm2              0 /cm2              0 /cm2              0 /cm2              0 /cm2              0 /cm2
   137             0 eV            0 eV            0               0 /cm2              0 /cm2              0 /cm2              0 /cm2              0 /cm2              0 /cm2              0 /cm2
   138             0 eV            0 eV            0               0 /cm2              0 /cm2              0 /cm2              0 /cm2              0 /cm2              0 /cm2              0 /cm2
   139             0 eV            0 eV            0               0 /cm2              0 /cm2              0 /cm2              0 /cm2              0 /cm2              0 /cm2              0 /cm2
   140             0 eV            0 eV            0               0 /cm2              0 /cm2              0 /cm2              0 /cm2              0 /cm2              0 /cm2              0 /cm2
   141             0 eV            0 eV            0               0 /cm2              0 /cm2              0 /cm2              0 /cm2              0 /cm2              0 /cm2              0 /cm2
   142             0 eV            0 eV            0               0 /cm2              0 /cm2              0 /cm2              0 /cm2              0 /cm2              0 /cm2              0 /cm2
   143             0 eV            0 eV            0               0 /cm2              0 /cm2              0 /cm2              0 /cm2              0 /cm2              0 /cm2              0 /cm2
   144             0 eV            0 eV            0               0 /cm2              0 /cm2              0 /cm2              0 /cm2              0 /cm2              0 /cm2              0 /cm2
   145             0 eV            0 eV            0               0 /cm2              0 /cm2              0 /cm2              0 /cm2              0 /cm2              0 /cm2              0 /cm2
   146             0 eV            0 eV            0               0 /cm2              0 /cm2              0 /cm2              0 /cm2              0 /cm2              0 /cm2              0 /cm2
   147             0 eV            0 eV            0               0 /cm2              0 /cm2              0 /cm2              0 /cm2              0 /cm2              0 /cm2              0 /cm2
   148             0 eV            0 eV            0               0 /cm2              0 /cm2              0 /cm2              0 /cm2              0 /cm2              0 /cm2              0 /cm2
   149             0 eV            0 eV            0               0 /cm2              0 /cm2              0 /cm2              0 /cm2              0 /cm2              0 /cm2              0 /cm2
   150             0 eV            0 eV            0               0 /cm2              0 /cm2              0 /cm2              0 /cm2              0 /cm2              0 /cm2              0 /cm2
   151             0 eV            0 eV            0               0 /cm2              0 /cm2              0 /cm2              0 /cm2              0 /cm2              0 /cm2              0 /cm2
   152             0 eV            0 eV            0               0 /cm2              0 /cm2              0 /cm2              0 /cm2              0 /cm2              0 /cm2              0 /cm2
   153             0 eV            0 eV            0               0 /cm2              0 /cm2              0 /cm2              0 /cm2              0 /cm2              0 /cm2              0 /cm2
   154             0 eV            0 eV            0               0 /cm2              0 /cm2              0 /cm2              0 /cm2              0 /cm2              0 /cm2              0 /cm2
   155             0 eV            0 eV            0               0 /cm2              0 /cm2              0 /cm2              0 /cm2              0 /cm2              0 /cm2              0 /cm2
   156             0 eV            0 eV            0               0 /cm2              0 /cm2              0 /cm2              0 /cm2              0 /cm2              0 /cm2              0 /cm2
   157             0 eV            0 eV            0               0 /cm2              0 /cm2              0 /cm2              0 /cm2              0 /cm2              0 /cm2              0 /cm2
   158             0 eV            0 eV            0               0 /cm2              0 /cm2              0 /cm2              0 /cm2              0 /cm2              0 /cm2              0 /cm2
   159             0 eV            0 eV            0               0 /cm2              0 /cm2              0 /cm2              0 /cm2              0 /cm2              0 /cm2              0 /cm2
   160             0 eV            0 eV            0               0 /cm2              0 /cm2              0 /cm2              0 /cm2              0 /cm2              0 /cm2              0 /cm2
   161             0 eV            0 eV            0               0 /cm2              0 /cm2              0 /cm2              0 /cm2              0 /cm2              0 /cm2              0 /cm2
   162             0 eV            0 eV            0               0 /cm2              0 /cm2              0 /cm2              0 /cm2              0 /cm2              0 /cm2              0 /cm2
   163             0 eV            0 eV            0               0 /cm2              0 /cm2              0 /cm2              0 /cm2              0 /cm2              0 /cm2              0 /cm2
   164             0 eV            0 eV            0               0 /cm2              0 /cm2              0 /cm2              0 /cm2              0 /cm2              0 /cm2              0 /cm2
   165             0 eV            0 eV            0               0 /cm2              0 /cm2              0 /cm2              0 /cm2              0 /cm2              0 /cm2              0 /cm2
   166             0 eV            0 eV            0               0 /cm2              0 /cm2              0 /cm2              0 /cm2              0 /cm2              0 /cm2              0 /cm2
   167             0 eV            0 eV            0               0 /cm2              0 /cm2              0 /cm2              0 /cm2              0 /cm2              0 /cm2              0 /cm2
   168             0 eV            0 eV            0               0 /cm2              0 /cm2              0 /cm2              0 /cm2              0 /cm2              0 /cm2              0 /cm2
   169             0 eV            0 eV            0               0 /cm2              0 /cm2              0 /cm2              0 /cm2              0 /cm2              0 /cm2              0 /cm2
   170             0 eV            0 eV            0               0 /cm2              0 /cm2              0 /cm2              0 /cm2              0 /cm2              0 /cm2              0 /cm2
   171             0 eV            0 eV            0               0 /cm2              0 /cm2              0 /cm2              0 /cm2              0 /cm2              0 /cm2              0 /cm2
   172             0 eV            0 eV            0               0 /cm2              0 /cm2              0 /cm2              0 /cm2              0 /cm2              0 /cm2              0 /cm2
   173             0 eV            0 eV            0               0 /cm2              0 /cm2              0 /cm2              0 /cm2              0 /cm2              0 /cm2              0 /cm2
   174             0 eV            0 eV            0               0 /cm2              0 /cm2              0 /cm2              0 /cm2              0 /cm2              0 /cm2              0 /cm2
   175             0 eV            0 eV            0               0 /cm2              0 /cm2              0 /cm2              0 /cm2              0 /cm2              0 /cm2              0 /cm2
   176             0 eV            0 eV            0               0 /cm2              0 /cm2              0 /cm2              0 /cm2              0 /cm2              0 /cm2              0 /cm2
   177             0 eV            0 eV            0               0 /cm2              0 /cm2              0 /cm2              0 /cm2              0 /cm2              0 /cm2              0 /cm2
   178             0 eV            0 eV            0               0 /cm2              0 /cm2              0 /cm2              0 /cm2              0 /cm2              0 /cm2              0 /cm2
   179             0 eV            0 eV            0               0 /cm2              0 /cm2              0 /cm2              0 /cm2              0 /cm2              0 /cm2              0 /cm2
   180             0 eV            0 eV            0               0 /cm2              0 /cm2              0 /cm2              0 /cm2              0 /cm2              0 /cm2              0 /cm2
   181             0 eV            0 eV            0               0 /cm2              0 /cm2              0 /cm2              0 /cm2              0 /cm2              0 /cm2              0 /cm2
   182             0 eV            0 eV            0               0 /cm2              0 /cm2              0 /cm2              0 /cm2              0 /cm2              0 /cm2              0 /cm2
   183             0 eV            0 eV            0               0 /cm2              0 /cm2              0 /cm2              0 /cm2              0 /cm2              0 /cm2              0 /cm2
   184             0 eV            0 eV            0               0 /cm2              0 /cm2              0 /cm2              0 /cm2              0 /cm2              0 /cm2              0 /cm2
   185             0 eV            0 eV            0               0 /cm2              0 /cm2              0 /cm2              0 /cm2              0 /cm2              0 /cm2              0 /cm2
   186             0 eV            0 eV            0               0 /cm2              0 /cm2              0 /cm2              0 /cm2              0 /cm2              0 /cm2              0 /cm2
   187             0 eV            0 eV            0               0 /cm2              0 /cm2              0 /cm2              0 /cm2              0 /cm2              0 /cm2              0 /cm2
   188             0 eV            0 eV            0               0 /cm2              0 /cm2              0 /cm2              0 /cm2              0 /cm2              0 /cm2              0 /cm2
   189             0 eV            0 eV            0               0 /cm2              0 /cm2              0 /cm2              0 /cm2              0 /cm2              0 /cm2              0 /cm2
   190             0 eV            0 eV            0               0 /cm2              0 /cm2              0 /cm2              0 /cm2              0 /cm2              0 /cm2              0 /cm2
   191             0 eV            0 eV            0               0 /cm2              0 /cm2              0 /cm2              0 /cm2              0 /cm2              0 /cm2              0 /cm2
   192             0 eV            0 eV            0               0 /cm2              0 /cm2              0 /cm2              0 /cm2              0 /cm2              0 /cm2              0 /cm2
   193             0 eV            0 eV            0               0 /cm2              0 /cm2              0 /cm2              0 /cm2              0 /cm2              0 /cm2              0 /cm2
   194             0 eV            0 eV            0               0 /cm2              0 /cm2              0 /cm2              0 /cm2              0 /cm2              0 /cm2              0 /cm2
   195             0 eV            0 eV            0               0 /cm2              0 /cm2              0 /cm2              0 /cm2              0 /cm2              0 /cm2              0 /cm2
   196             0 eV            0 eV            0               0 /cm2              0 /cm2              0 /cm2              0 /cm2              0 /cm2              0 /cm2              0 /cm2
   197             0 eV            0 eV            0               0 /cm2              0 /cm2              0 /cm2              0 /cm2              0 /cm2              0 /cm2              0 /cm2
   198             0 eV            0 eV            0               0 /cm2              0 /cm2              0 /cm2              0 /cm2              0 /cm2              0 /cm2              0 /cm2
   199             0 eV            0 eV            0               0 /cm2              0 /cm2              0 /cm2              0 /cm2              0 /cm2              0 /cm2              0 /cm2
=============================================
#
Graphics systems deleted.
Visualization Manager deleting...
G4 kernel has come to Quit state.
UserDetectorConstruction deleted.
UserPhysicsList deleted.
UserActionInitialization deleted.
UserRunAction deleted.
UserPrimaryGenerator deleted.
RunManager is deleting RunManagerKernel.
G4SDManager deleted.
EventManager deleted.
Units table cleared.
TransportationManager deleted.
Total navigation history collections cleaned: 19
================== Deleting memory pools ===================
Pool ID '20G4NavigationLevelRep', size : 0.0279 MB
Pool ID '24G4ReferenceCountedHandleIvE', size : 0.000961 MB
Pool ID '16G4HitsCollection', size : 0 MB
Pool ID '7G4Event', size : 0.000961 MB
Pool ID '15G4PrimaryVertex', size : 0.000961 MB
Pool ID '17G4PrimaryParticle', size : 0.000961 MB
Pool ID '15G4HCofThisEvent', size : 0.000961 MB
Pool ID '17G4DynamicParticle', size : 0.0106 MB
Pool ID '7G4Track', size : 0.0202 MB
Pool ID '18G4TouchableHistory', size : 0.00192 MB
Pool ID '15G4CountedObjectIvE', size : 0.000961 MB
Pool ID '10G4Fragment', size : 0.00192 MB
Pool ID '17G4ReactionProduct', size : 0.00192 MB
Number of memory pools allocated: 13 of which, static: 0
Dynamic pools deleted: 13 / Total memory freed: 0.07 MB
============================================================
G4Allocator objects are deleted.
UImanager deleted.
StateManager deleted.
RunManagerKernel is deleted. Good bye :)
