
        ############################################
        !!! WARNING - FPE detection is activated !!!
        ############################################

**************************************************************
 Geant4 version Name: geant4-10-06-ref-07    (31-July-2020)
                       Copyright : Geant4 Collaboration
                      References : NIM A 506 (2003), 250-303
                                 : IEEE-TNS 53 (2006), 270-278
                                 : NIM A 835 (2016), 186-225
                             WWW : http://geant4.org/
**************************************************************

Visualization Manager instantiating with verbosity "warnings (3)"...
Visualization Manager initialising...
Registering graphics systems...

You have successfully registered the following graphics systems.
Registered graphics systems are:
  ASCIITree (ATree)
  DAWNFILE (DAWNFILE)
  G4HepRep (HepRepXML)
  G4HepRepFile (HepRepFile)
  RayTracer (RayTracer)
  VRML1FILE (VRML1FILE)
  VRML2FILE (VRML2FILE)
  gMocrenFile (gMocrenFile)
  OpenGLImmediateXm (OGLIXm, OGLI)
  OpenGLStoredXm (OGLSXm, OGL, OGLS)
  OpenGLImmediateX (OGLIX, OGLIXm_FALLBACK)
  OpenGLStoredX (OGLSX, OGLSXm_FALLBACK)
  RayTracerX (RayTracerX)

Registering model factories...

You have successfully registered the following model factories.
Registered model factories:
  generic
  drawByAttribute
  drawByCharge
  drawByOriginVolume
  drawByParticleID
  drawByEncounteredVolume

Registered models:
  None

Registered filter factories:
  attributeFilter
  chargeFilter
  originVolumeFilter
  particleFilter
  encounteredVolumeFilter

Registered filters:
  None

You have successfully registered the following user vis actions.
Run Duration User Vis Actions: none
End of Event User Vis Actions: none
End of Run User Vis Actions: none

Some /vis commands (optionally) take a string to specify colour.
"/vis/list" to see available colours.
 Using the DMX gun 

Calibration source centre (X,Y,Z):  0, 0, -302.65 mm

User Limits: 
	 theMaxTimeCuts:     1.79769e+299 s 
	 theRoomTimeCut:     1 us
	 theMaxStepSize:     5.82593e+288 pc 
	 theMinEKine:        250 eV 
	 minRoomMinEKine:    250 eV 

/cvmfs/geant4.cern.ch/share/data/G4NDL4.6
@@@ G4ParticleHPInelastic instantiated for particle neutron data directory variable is G4NEUTRONHPDATA pointing to /cvmfs/geant4.cern.ch/share/data/G4NDL4.6/Inelastic
@@@ G4ParticleHPInelasticData instantiated for particle neutron data directory variable is G4NEUTRONHPDATA pointing to /cvmfs/geant4.cern.ch/share/data/G4NDL4.6
NeutronHP: /Capture file for Z = 6, A = 12 is not found and NeutronHP will use /cvmfs/geant4.cern.ch/share/data/G4NDL4.6/Capture/CrossSection/6_nat_Carbon
NeutronHP: /Elastic file for Z = 6, A = 12 is not found and NeutronHP will use /cvmfs/geant4.cern.ch/share/data/G4NDL4.6/Elastic/CrossSection/6_nat_Carbon
NeutronHP: /Inelastic file for Z = 6, A = 12 is not found and NeutronHP will use /cvmfs/geant4.cern.ch/share/data/G4NDL4.6/Inelastic/CrossSection/6_nat_Carbon
DMXPhysicsList::SetCuts:CutLength : 1 um 
Verbosity Set to: 0

### ===  Deexcitation model UAtomDeexcitation is activated for 1 region:
          DefaultRegionForTheWorld  1  1  1

### === G4UAtomicDeexcitation::InitialiseForNewRun()
### ===  Auger cascade flag: 1
### ===  Ignore cuts flag:   0
### ===  PIXE model for hadrons: Empirical
### ===  PIXE model for e+-:     Livermore

Rayl:  for gamma SubType=11 BuildTable=1
      Lambda table from 100 eV  to 100 keV, 20 bins/decade, spline: 0
      LambdaPrime table from 100 keV to 100 GeV in 120 bins 
      ===== EM models for the G4Region  DefaultRegionForTheWorld ======
   LivermoreRayleigh : Emin=    0 eV  Emax=  100 GeV  CullenGenerator

phot:  for gamma SubType=12 BuildTable=0
      LambdaPrime table from 200 keV to 100 GeV in 114 bins 
      ===== EM models for the G4Region  DefaultRegionForTheWorld ======
 LivermorePhElectric : Emin=    0 eV  Emax=  100 GeV  SauterGavrila Fluo

compt:  for gamma SubType=13 BuildTable=1
      Lambda table from 100 eV  to 1 MeV, 20 bins/decade, spline: 1
      LambdaPrime table from 1 MeV to 100 GeV in 100 bins 
      ===== EM models for the G4Region  DefaultRegionForTheWorld ======
    LivermoreCompton : Emin=    0 eV  Emax=  100 GeV Fluo

conv:  for gamma SubType=14 BuildTable=1
      Lambda table from 1.022 MeV to 100 GeV, 24 bins/decade, spline: 1
      ===== EM models for the G4Region  DefaultRegionForTheWorld ======
      BetheHeitler5D : Emin=    0 eV  Emax=  100 GeV  ModifiedTsai

msc:  for e-  SubType= 10
      ===== EM models for the G4Region  DefaultRegionForTheWorld ======
            UrbanMsc : Emin=    0 eV  Emax=  100 GeV Nbins=180 100 eV  - 100 GeV
              StepLim=DistanceToBoundary Rfact=0.04 Gfact=2.5 Sfact=0.6 DispFlag:1 Skin=1 Llimit=1

eIoni:  for e-  SubType=2
      dE/dx and range tables from 100 eV  to 100 GeV in 180 bins
      Lambda tables from threshold to 100 GeV, 20 bins/decade, spline: 1
      StepFunction=(0.2, 1 mm), integ: 1, fluct: 1, linLossLim= 0.01
      ===== EM models for the G4Region  DefaultRegionForTheWorld ======
       LowEnergyIoni : Emin=    0 eV  Emax=  100 keV  deltaVI
        MollerBhabha : Emin=  100 keV Emax=  100 GeV

eBrem:  for e-  SubType=3
      dE/dx and range tables from 100 eV  to 100 GeV in 180 bins
      Lambda tables from threshold to 100 GeV, 20 bins/decade, spline: 1
      LPM flag: 1 for E > 1 GeV,  VertexHighEnergyTh(GeV)= 100000
      ===== EM models for the G4Region  DefaultRegionForTheWorld ======
             eBremSB : Emin=    0 eV  Emax=    1 GeV  ModifiedTsai
            eBremLPM : Emin=    1 GeV Emax=  100 GeV  ModifiedTsai

msc:  for e+  SubType= 10
      ===== EM models for the G4Region  DefaultRegionForTheWorld ======
            UrbanMsc : Emin=    0 eV  Emax=  100 GeV Nbins=180 100 eV  - 100 GeV
              StepLim=DistanceToBoundary Rfact=0.04 Gfact=2.5 Sfact=0.6 DispFlag:1 Skin=1 Llimit=1

eIoni:  for e+  SubType=2
      dE/dx and range tables from 100 eV  to 100 GeV in 180 bins
      Lambda tables from threshold to 100 GeV, 20 bins/decade, spline: 1
      StepFunction=(0.2, 1 mm), integ: 1, fluct: 1, linLossLim= 0.01
      ===== EM models for the G4Region  DefaultRegionForTheWorld ======
        MollerBhabha : Emin=    0 eV  Emax=  100 GeV

eBrem:  for e+  SubType=3
      dE/dx and range tables from 100 eV  to 100 GeV in 180 bins
      Lambda tables from threshold to 100 GeV, 20 bins/decade, spline: 1
      LPM flag: 1 for E > 1 GeV,  VertexHighEnergyTh(GeV)= 100000
      ===== EM models for the G4Region  DefaultRegionForTheWorld ======
             eBremSB : Emin=    0 eV  Emax=    1 GeV  ModifiedTsai
            eBremLPM : Emin=    1 GeV Emax=  100 GeV  ModifiedTsai

annihil:  for e+, integral:1  SubType=5 BuildTable=0
      ===== EM models for the G4Region  DefaultRegionForTheWorld ======
            eplus2gg : Emin=    0 eV  Emax=  100 GeV

msc:  for proton  SubType= 10
      ===== EM models for the G4Region  DefaultRegionForTheWorld ======
            UrbanMsc : Emin=    0 eV  Emax=  100 GeV Nbins=180 100 eV  - 100 GeV
              StepLim=Minimal Rfact=0.2 Gfact=2.5 Sfact=0.6 DispFlag:0 Skin=1 Llimit=1

hIoni:  for proton  SubType=2
      dE/dx and range tables from 100 eV  to 100 GeV in 180 bins
      Lambda tables from threshold to 100 GeV, 20 bins/decade, spline: 1
      StepFunction=(0.2, 0.1 mm), integ: 1, fluct: 1, linLossLim= 0.01
      ===== EM models for the G4Region  DefaultRegionForTheWorld ======
               Bragg : Emin=    0 eV  Emax=    2 MeV
          BetheBloch : Emin=    2 MeV Emax=  100 GeV
      ===== Limit on energy threshold has been applied 

hBrems:  for proton  SubType=3
      dE/dx and range tables from 100 eV  to 100 GeV in 180 bins
      Lambda tables from threshold to 100 GeV, 20 bins/decade, spline: 1
      ===== EM models for the G4Region  DefaultRegionForTheWorld ======
               hBrem : Emin=    0 eV  Emax=  100 GeV
      ===== Limit on energy threshold has been applied 

msc:  for GenericIon  SubType= 10
      ===== EM models for the G4Region  DefaultRegionForTheWorld ======
            UrbanMsc : Emin=    0 eV  Emax=  100 GeV
              StepLim=Minimal Rfact=0.2 Gfact=2.5 Sfact=0.6 DispFlag:0 Skin=1 Llimit=1

ionIoni:  for GenericIon  SubType=2
      dE/dx and range tables from 100 eV  to 100 GeV in 180 bins
      Lambda tables from threshold to 100 GeV, 20 bins/decade, spline: 1
      StepFunction=(0.2, 0.1 mm), integ: 1, fluct: 1, linLossLim= 0.02
      ===== EM models for the G4Region  DefaultRegionForTheWorld ======
         ParamICRU73 : Emin=    0 eV  Emax=  100 GeV  deltaVI
      ===== Limit on energy threshold has been applied 
======================================================================
======          Radioactive Decay Physics Parameters           =======
======================================================================
Max life time                                     1.4427e+06 ps
Internal e- conversion flag                       1
Stored internal conversion coefficients           1
Enable correlated gamma emission                  0
Max 2J for sampling of angular correlations       10
Atomic de-excitation enabled                      1
Auger electron emission enabled                   1
Auger cascade enabled                             1
Check EM cuts disabled for atomic de-excitation   0
Use Bearden atomic level energies                 0
======================================================================

msc:  for alpha  SubType= 10
      ===== EM models for the G4Region  DefaultRegionForTheWorld ======
            UrbanMsc : Emin=    0 eV  Emax=  100 GeV Nbins=180 100 eV  - 100 GeV
              StepLim=Minimal Rfact=0.2 Gfact=2.5 Sfact=0.6 DispFlag:0 Skin=1 Llimit=1

ionIoni:  for alpha  SubType=2
      dE/dx and range tables from 100 eV  to 100 GeV in 180 bins
      Lambda tables from threshold to 100 GeV, 20 bins/decade, spline: 1
      StepFunction=(0.2, 0.1 mm), integ: 1, fluct: 1, linLossLim= 0.02
      ===== EM models for the G4Region  DefaultRegionForTheWorld ======
            BraggIon : Emin=    0 eV  Emax=7.9452 MeV
          BetheBloch : Emin=7.9452 MeV Emax=  100 GeV
      ===== Limit on energy threshold has been applied 

msc:  for anti_proton  SubType= 10
      ===== EM models for the G4Region  DefaultRegionForTheWorld ======
            UrbanMsc : Emin=    0 eV  Emax=  100 GeV Nbins=180 100 eV  - 100 GeV
              StepLim=Minimal Rfact=0.2 Gfact=2.5 Sfact=0.6 DispFlag:0 Skin=1 Llimit=1

hIoni:  for anti_proton  SubType=2
      dE/dx and range tables from 100 eV  to 100 GeV in 180 bins
      Lambda tables from threshold to 100 GeV, 20 bins/decade, spline: 1
      StepFunction=(0.2, 0.1 mm), integ: 1, fluct: 1, linLossLim= 0.01
      ===== EM models for the G4Region  DefaultRegionForTheWorld ======
            ICRU73QO : Emin=    0 eV  Emax=    2 MeV
          BetheBloch : Emin=    2 MeV Emax=  100 GeV
      ===== Limit on energy threshold has been applied 

msc:  for kaon+  SubType= 10
      ===== EM models for the G4Region  DefaultRegionForTheWorld ======
            UrbanMsc : Emin=    0 eV  Emax=  100 GeV Nbins=180 100 eV  - 100 GeV
              StepLim=Minimal Rfact=0.2 Gfact=2.5 Sfact=0.6 DispFlag:0 Skin=1 Llimit=1

hIoni:  for kaon+  SubType=2
      dE/dx and range tables from 100 eV  to 100 GeV in 180 bins
      Lambda tables from threshold to 100 GeV, 20 bins/decade, spline: 1
      StepFunction=(0.2, 0.1 mm), integ: 1, fluct: 1, linLossLim= 0.01
      ===== EM models for the G4Region  DefaultRegionForTheWorld ======
               Bragg : Emin=    0 eV  Emax=1.05231 MeV
          BetheBloch : Emin=1.05231 MeV Emax=  100 GeV
      ===== Limit on energy threshold has been applied 

msc:  for kaon-  SubType= 10
      ===== EM models for the G4Region  DefaultRegionForTheWorld ======
            UrbanMsc : Emin=    0 eV  Emax=  100 GeV Nbins=180 100 eV  - 100 GeV
              StepLim=Minimal Rfact=0.2 Gfact=2.5 Sfact=0.6 DispFlag:0 Skin=1 Llimit=1

hIoni:  for kaon-  SubType=2
      dE/dx and range tables from 100 eV  to 100 GeV in 180 bins
      Lambda tables from threshold to 100 GeV, 20 bins/decade, spline: 1
      StepFunction=(0.2, 0.1 mm), integ: 1, fluct: 1, linLossLim= 0.01
      ===== EM models for the G4Region  DefaultRegionForTheWorld ======
            ICRU73QO : Emin=    0 eV  Emax=1.05231 MeV
          BetheBloch : Emin=1.05231 MeV Emax=  100 GeV
      ===== Limit on energy threshold has been applied 

msc:  for mu+  SubType= 10
      ===== EM models for the G4Region  DefaultRegionForTheWorld ======
            UrbanMsc : Emin=    0 eV  Emax=  100 GeV Nbins=180 100 eV  - 100 GeV
              StepLim=Minimal Rfact=0.2 Gfact=2.5 Sfact=0.6 DispFlag:0 Skin=1 Llimit=1

muIoni:  for mu+  SubType=2
      dE/dx and range tables from 100 eV  to 100 GeV in 180 bins
      Lambda tables from threshold to 100 GeV, 20 bins/decade, spline: 1
      StepFunction=(0.2, 0.1 mm), integ: 1, fluct: 1, linLossLim= 0.01
      ===== EM models for the G4Region  DefaultRegionForTheWorld ======
               Bragg : Emin=    0 eV  Emax=  200 keV
          BetheBloch : Emin=  200 keV Emax=    1 GeV
        MuBetheBloch : Emin=    1 GeV Emax=  100 GeV
      ===== Limit on energy threshold has been applied 

muBrems:  for mu+  SubType=3
      dE/dx and range tables from 100 eV  to 100 GeV in 180 bins
      Lambda tables from threshold to 100 GeV, 20 bins/decade, spline: 1
      ===== EM models for the G4Region  DefaultRegionForTheWorld ======
              MuBrem : Emin=    0 eV  Emax=  100 GeV
      ===== Limit on energy threshold has been applied 

muPairProd:  for mu+  SubType=4
      dE/dx and range tables from 100 eV  to 100 GeV in 180 bins
      Lambda tables from threshold to 100 GeV, 20 bins/decade, spline: 1
      Sampling table 9x1001 from 1 GeV to 0.1 TeV 
      ===== EM models for the G4Region  DefaultRegionForTheWorld ======
          muPairProd : Emin=    0 eV  Emax=  100 GeV

msc:  for mu-  SubType= 10
      ===== EM models for the G4Region  DefaultRegionForTheWorld ======
            UrbanMsc : Emin=    0 eV  Emax=  100 GeV Nbins=180 100 eV  - 100 GeV
              StepLim=Minimal Rfact=0.2 Gfact=2.5 Sfact=0.6 DispFlag:0 Skin=1 Llimit=1

muIoni:  for mu-  SubType=2
      dE/dx and range tables from 100 eV  to 100 GeV in 180 bins
      Lambda tables from threshold to 100 GeV, 20 bins/decade, spline: 1
      StepFunction=(0.2, 0.1 mm), integ: 1, fluct: 1, linLossLim= 0.01
      ===== EM models for the G4Region  DefaultRegionForTheWorld ======
            ICRU73QO : Emin=    0 eV  Emax=  200 keV
          BetheBloch : Emin=  200 keV Emax=    1 GeV
        MuBetheBloch : Emin=    1 GeV Emax=  100 GeV
      ===== Limit on energy threshold has been applied 

muBrems:  for mu-  SubType=3
      dE/dx and range tables from 100 eV  to 100 GeV in 180 bins
      Lambda tables from threshold to 100 GeV, 20 bins/decade, spline: 1
      ===== EM models for the G4Region  DefaultRegionForTheWorld ======
              MuBrem : Emin=    0 eV  Emax=  100 GeV
      ===== Limit on energy threshold has been applied 

muPairProd:  for mu-  SubType=4
      dE/dx and range tables from 100 eV  to 100 GeV in 180 bins
      Lambda tables from threshold to 100 GeV, 20 bins/decade, spline: 1
      Sampling table 9x1001 from 1 GeV to 0.1 TeV 
      ===== EM models for the G4Region  DefaultRegionForTheWorld ======
          muPairProd : Emin=    0 eV  Emax=  100 GeV
NeutronHP: /Capture file for Z = 6, A = 12 is not found and NeutronHP will use /cvmfs/geant4.cern.ch/share/data/G4NDL4.6/Capture/CrossSection/6_nat_Carbon
NeutronHP: /Elastic file for Z = 6, A = 12 is not found and NeutronHP will use /cvmfs/geant4.cern.ch/share/data/G4NDL4.6/Elastic/CrossSection/6_nat_Carbon
NeutronHP: /Inelastic file for Z = 6, A = 12 is not found and NeutronHP will use /cvmfs/geant4.cern.ch/share/data/G4NDL4.6/Inelastic/CrossSection/6_nat_Carbon
NeutronHP: /Elastic file for Z = 6, A = 12 is not found and NeutronHP will use /cvmfs/geant4.cern.ch/share/data/G4NDL4.6/Elastic/CrossSection/6_nat_Carbon
@@@ G4ParticleHPInelastic instantiated for particle neutron data directory variable is G4NEUTRONHPDATA pointing to /cvmfs/geant4.cern.ch/share/data/G4NDL4.6/Inelastic
NeutronHP: /Capture file for Z = 6, A = 12 is not found and NeutronHP will use /cvmfs/geant4.cern.ch/share/data/G4NDL4.6/Capture/CrossSection/6_nat_Carbon

msc:  for pi+  SubType= 10
      ===== EM models for the G4Region  DefaultRegionForTheWorld ======
            UrbanMsc : Emin=    0 eV  Emax=  100 GeV Nbins=180 100 eV  - 100 GeV
              StepLim=Minimal Rfact=0.2 Gfact=2.5 Sfact=0.6 DispFlag:0 Skin=1 Llimit=1

hIoni:  for pi+  SubType=2
      dE/dx and range tables from 100 eV  to 100 GeV in 180 bins
      Lambda tables from threshold to 100 GeV, 20 bins/decade, spline: 1
      StepFunction=(0.2, 0.1 mm), integ: 1, fluct: 1, linLossLim= 0.01
      ===== EM models for the G4Region  DefaultRegionForTheWorld ======
               Bragg : Emin=    0 eV  Emax=297.505 keV
          BetheBloch : Emin=297.505 keV Emax=  100 GeV
      ===== Limit on energy threshold has been applied 

hBrems:  for pi+  SubType=3
      dE/dx and range tables from 100 eV  to 100 GeV in 180 bins
      Lambda tables from threshold to 100 GeV, 20 bins/decade, spline: 1
      ===== EM models for the G4Region  DefaultRegionForTheWorld ======
               hBrem : Emin=    0 eV  Emax=  100 GeV
      ===== Limit on energy threshold has been applied 

msc:  for pi-  SubType= 10
      ===== EM models for the G4Region  DefaultRegionForTheWorld ======
            UrbanMsc : Emin=    0 eV  Emax=  100 GeV Nbins=180 100 eV  - 100 GeV
              StepLim=Minimal Rfact=0.2 Gfact=2.5 Sfact=0.6 DispFlag:0 Skin=1 Llimit=1

hIoni:  for pi-  SubType=2
      dE/dx and range tables from 100 eV  to 100 GeV in 180 bins
      Lambda tables from threshold to 100 GeV, 20 bins/decade, spline: 1
      StepFunction=(0.2, 0.1 mm), integ: 1, fluct: 1, linLossLim= 0.01
      ===== EM models for the G4Region  DefaultRegionForTheWorld ======
            ICRU73QO : Emin=    0 eV  Emax=297.505 keV
          BetheBloch : Emin=297.505 keV Emax=  100 GeV
      ===== Limit on energy threshold has been applied 

hBrems:  for pi-  SubType=3
      dE/dx and range tables from 100 eV  to 100 GeV in 180 bins
      Lambda tables from threshold to 100 GeV, 20 bins/decade, spline: 1
      ===== EM models for the G4Region  DefaultRegionForTheWorld ======
               hBrem : Emin=    0 eV  Emax=  100 GeV
      ===== Limit on energy threshold has been applied 

========= Table of registered couples ============================

Index : 0     used in the geometry : Yes
 Material : Concrete
 Range cuts        :  gamma  1 um     e-  1 nm     e+  1 um  proton 1 um 
 Energy thresholds :  gamma  250 eV     e-  250 eV     e+  1.01493 keV proton 100 eV 
 Region(s) which use this couple : 
    DefaultRegionForTheWorld

Index : 1     used in the geometry : Yes
 Material : AIR
 Range cuts        :  gamma  1 um     e-  1 nm     e+  1 um  proton 1 um 
 Energy thresholds :  gamma  250 eV     e-  250 eV     e+  250 eV  proton 100 eV 
 Region(s) which use this couple : 
    DefaultRegionForTheWorld

Index : 2     used in the geometry : Yes
 Material : wood
 Range cuts        :  gamma  1 um     e-  1 nm     e+  1 um  proton 1 um 
 Energy thresholds :  gamma  250 eV     e-  250 eV     e+  250 eV  proton 100 eV 
 Region(s) which use this couple : 
    DefaultRegionForTheWorld

Index : 3     used in the geometry : Yes
 Material : MetalAluminium
 Range cuts        :  gamma  1 um     e-  1 nm     e+  1 um  proton 1 um 
 Energy thresholds :  gamma  250 eV     e-  250 eV     e+  1.08005 keV proton 100 eV 
 Region(s) which use this couple : 
    DefaultRegionForTheWorld

Index : 4     used in the geometry : Yes
 Material : Steel
 Range cuts        :  gamma  1 um     e-  1 nm     e+  1 um  proton 1 um 
 Energy thresholds :  gamma  250 eV     e-  250 eV     e+  5.56977 keV proton 100 eV 
 Region(s) which use this couple : 
    DefaultRegionForTheWorld

Index : 5     used in the geometry : Yes
 Material : Vacuum
 Range cuts        :  gamma  1 um     e-  1 nm     e+  1 um  proton 1 um 
 Energy thresholds :  gamma  250 eV     e-  250 eV     e+  250 eV  proton 100 eV 
 Region(s) which use this couple : 
    DefaultRegionForTheWorld

Index : 6     used in the geometry : Yes
 Material : LN2
 Range cuts        :  gamma  1 um     e-  1 nm     e+  1 um  proton 1 um 
 Energy thresholds :  gamma  250 eV     e-  250 eV     e+  250 eV  proton 100 eV 
 Region(s) which use this couple : 
    DefaultRegionForTheWorld

Index : 7     used in the geometry : Yes
 Material : MetalCopper
 Range cuts        :  gamma  1 um     e-  1 nm     e+  1 um  proton 1 um 
 Energy thresholds :  gamma  250 eV     e-  250 eV     e+  6.69738 keV proton 100 eV 
 Region(s) which use this couple : 
    DefaultRegionForTheWorld

Index : 8     used in the geometry : Yes
 Material : LXe
 Range cuts        :  gamma  1 um     e-  1 nm     e+  1 um  proton 1 um 
 Energy thresholds :  gamma  250 eV     e-  250 eV     e+  874.731 eV  proton 100 eV 
 Region(s) which use this couple : 
    DefaultRegionForTheWorld

Index : 9     used in the geometry : Yes
 Material : MetalLead
 Range cuts        :  gamma  1 um     e-  1 nm     e+  1 um  proton 1 um 
 Energy thresholds :  gamma  1.21946 keV    e-  250 eV     e+  6.45177 keV proton 100 eV 
 Region(s) which use this couple : 
    DefaultRegionForTheWorld

Index : 10     used in the geometry : Yes
 Material : UraniumSource
 Range cuts        :  gamma  1 um     e-  1 nm     e+  1 um  proton 1 um 
 Energy thresholds :  gamma  1.49473 keV    e-  250 eV     e+  8.05541 keV proton 100 eV 
 Region(s) which use this couple : 
    DefaultRegionForTheWorld

Index : 11     used in the geometry : Yes
 Material : quartz
 Range cuts        :  gamma  1 um     e-  1 nm     e+  1 um  proton 1 um 
 Energy thresholds :  gamma  250 eV     e-  250 eV     e+  803.488 eV  proton 100 eV 
 Region(s) which use this couple : 
    DefaultRegionForTheWorld

Index : 12     used in the geometry : Yes
 Material : CathodeMetalAluminium
 Range cuts        :  gamma  1 um     e-  1 nm     e+  1 um  proton 1 um 
 Energy thresholds :  gamma  250 eV     e-  250 eV     e+  1.08005 keV proton 100 eV 
 Region(s) which use this couple : 
    DefaultRegionForTheWorld

==================================================================

G4VisManager: Using G4TrajectoryDrawByCharge as fallback trajectory model.
See commands in /vis/modeling/trajectories/ for other options.
### Run 0 starts (master).

---> Begin of event: 0

     Primary Energy: 60 keV
     Total energy in LXe: 0 eV 

---> End of event: 0


---> Begin of event: 10

     Primary Energy: 60 keV
     Total energy in LXe: 0 eV 

---> End of event: 10


---> Begin of event: 20

     Primary Energy: 60 keV
     Total energy in LXe: 0 eV 

---> End of event: 20


---> Begin of event: 30

     Primary Energy: 60 keV
     Total energy in LXe: 0 eV 

---> End of event: 30


---> Begin of event: 40

     Primary Energy: 60 keV
     Total energy in LXe: 0 eV 

---> End of event: 40


---> Begin of event: 50

     Primary Energy: 60 keV
     First hit in LXe: gamma
     Number of hits in LXe: 34
     Total energy in LXe: 30.2187 keV
     Average light collection time: 20.4707 ns
     Number of PMT hits (photoelectron equivalent): 21
     Event summary in file gamma_1000.out

---> End of event: 50


---> Begin of event: 60

     Primary Energy: 60 keV
     First hit in LXe: gamma
     Number of hits in LXe: 29
     Total energy in LXe: 26.3706 keV
     Average light collection time: 15.2209 ns
     Number of PMT hits (photoelectron equivalent): 30
     Event summary in file gamma_1000.out

---> End of event: 60


---> Begin of event: 70

     Primary Energy: 60 keV
     First hit in LXe: gamma
     Number of hits in LXe: 74
     Total energy in LXe: 60 keV
     Average light collection time: 24.0728 ns
     Number of PMT hits (photoelectron equivalent): 57
     Event summary in file gamma_1000.out

---> End of event: 70


---> Begin of event: 80

     Primary Energy: 60 keV
     First hit in LXe: gamma
     Number of hits in LXe: 56
     Total energy in LXe: 60 keV
     Average light collection time: 21.8954 ns
     Number of PMT hits (photoelectron equivalent): 49
     Event summary in file gamma_1000.out

---> End of event: 80


---> Begin of event: 90

     Primary Energy: 60 keV
     Total energy in LXe: 0 eV 

---> End of event: 90


---> Begin of event: 100

     Primary Energy: 60 keV
     Total energy in LXe: 0 eV 

---> End of event: 100


---> Begin of event: 110

     Primary Energy: 60 keV
     First hit in LXe: gamma
     Number of hits in LXe: 65
     Total energy in LXe: 60 keV
     Average light collection time: 24.5208 ns
     Number of PMT hits (photoelectron equivalent): 40
     Event summary in file gamma_1000.out

---> End of event: 110


---> Begin of event: 120

     Primary Energy: 60 keV
     Total energy in LXe: 0 eV 

---> End of event: 120


---> Begin of event: 130

     Primary Energy: 60 keV
     Total energy in LXe: 0 eV 

---> End of event: 130


---> Begin of event: 140

     Primary Energy: 60 keV
     First hit in LXe: gamma
     Number of hits in LXe: 56
     Total energy in LXe: 60 keV
     Average light collection time: 20.491 ns
     Number of PMT hits (photoelectron equivalent): 50
     Event summary in file gamma_1000.out

---> End of event: 140


---> Begin of event: 150

     Primary Energy: 60 keV
     Total energy in LXe: 0 eV 

---> End of event: 150


---> Begin of event: 160

     Primary Energy: 60 keV
     Total energy in LXe: 0 eV 

---> End of event: 160


---> Begin of event: 170

     Primary Energy: 60 keV
     Total energy in LXe: 0 eV 

---> End of event: 170


---> Begin of event: 180

     Primary Energy: 60 keV
     First hit in LXe: gamma
     Number of hits in LXe: 34
     Total energy in LXe: 30.5479 keV
     Average light collection time: 23.3067 ns
     Number of PMT hits (photoelectron equivalent): 31
     Event summary in file gamma_1000.out

---> End of event: 180


---> Begin of event: 190

     Primary Energy: 60 keV
     First hit in LXe: gamma
     Number of hits in LXe: 57
     Total energy in LXe: 60 keV
     Average light collection time: 19.5896 ns
     Number of PMT hits (photoelectron equivalent): 48
     Event summary in file gamma_1000.out

---> End of event: 190


---> Begin of event: 200

     Primary Energy: 60 keV
     First hit in LXe: gamma
     Number of hits in LXe: 78
     Total energy in LXe: 60 keV
     Average light collection time: 20.6558 ns
     Number of PMT hits (photoelectron equivalent): 45
     Event summary in file gamma_1000.out

---> End of event: 200


---> Begin of event: 210

     Primary Energy: 60 keV
     First hit in LXe: gamma
     Number of hits in LXe: 57
     Total energy in LXe: 60 keV
     Average light collection time: 23.715 ns
     Number of PMT hits (photoelectron equivalent): 53
     Event summary in file gamma_1000.out

---> End of event: 210


---> Begin of event: 220

     Primary Energy: 60 keV
     Total energy in LXe: 0 eV 

---> End of event: 220


---> Begin of event: 230

     Primary Energy: 60 keV
     First hit in LXe: gamma
     Number of hits in LXe: 34
     Total energy in LXe: 30.2187 keV
     Average light collection time: 18.5299 ns
     Number of PMT hits (photoelectron equivalent): 42
     Event summary in file gamma_1000.out

---> End of event: 230


---> Begin of event: 240

     Primary Energy: 60 keV
     Total energy in LXe: 0 eV 

---> End of event: 240


---> Begin of event: 250

     Primary Energy: 60 keV
     First hit in LXe: gamma
     Number of hits in LXe: 33
     Total energy in LXe: 30.2187 keV
     Average light collection time: 20.7384 ns
     Number of PMT hits (photoelectron equivalent): 27
     Event summary in file gamma_1000.out

---> End of event: 250


---> Begin of event: 260

     Primary Energy: 60 keV
     First hit in LXe: gamma
     Number of hits in LXe: 54
     Total energy in LXe: 60 keV
     Average light collection time: 20.8126 ns
     Number of PMT hits (photoelectron equivalent): 59
     Event summary in file gamma_1000.out

---> End of event: 260


---> Begin of event: 270

     Primary Energy: 60 keV
     Total energy in LXe: 0 eV 

---> End of event: 270


---> Begin of event: 280

     Primary Energy: 60 keV
     Total energy in LXe: 0 eV 

---> End of event: 280


---> Begin of event: 290

     Primary Energy: 60 keV
     Total energy in LXe: 0 eV 

---> End of event: 290


---> Begin of event: 300

     Primary Energy: 60 keV
     First hit in LXe: gamma
     Number of hits in LXe: 58
     Total energy in LXe: 60 keV
     Average light collection time: 18.8573 ns
     Number of PMT hits (photoelectron equivalent): 47
     Event summary in file gamma_1000.out

---> End of event: 300


---> Begin of event: 310

     Primary Energy: 60 keV
     Total energy in LXe: 0 eV 

---> End of event: 310


---> Begin of event: 320

     Primary Energy: 60 keV
     Total energy in LXe: 0 eV 

---> End of event: 320


---> Begin of event: 330

     Primary Energy: 60 keV
     First hit in LXe: gamma
     Number of hits in LXe: 14
     Total energy in LXe: 12.6563 keV
     Average light collection time: 28.6678 ns
     Number of PMT hits (photoelectron equivalent): 4
     Event summary in file gamma_1000.out

---> End of event: 330


---> Begin of event: 340

     Primary Energy: 60 keV
     Total energy in LXe: 0 eV 

---> End of event: 340


---> Begin of event: 350

     Primary Energy: 60 keV
     Total energy in LXe: 0 eV 

---> End of event: 350


---> Begin of event: 360

     Primary Energy: 60 keV
     First hit in LXe: gamma
     Number of hits in LXe: 47
     Total energy in LXe: 60 keV
     Average light collection time: 16.6478 ns
     Number of PMT hits (photoelectron equivalent): 89
     Event summary in file gamma_1000.out

---> End of event: 360


---> Begin of event: 370

     Primary Energy: 60 keV
     First hit in LXe: gamma
     Number of hits in LXe: 59
     Total energy in LXe: 60 keV
     Average light collection time: 21.7944 ns
     Number of PMT hits (photoelectron equivalent): 73
     Event summary in file gamma_1000.out

---> End of event: 370


---> Begin of event: 380

     Primary Energy: 60 keV
     Total energy in LXe: 0 eV 

---> End of event: 380


---> Begin of event: 390

     Primary Energy: 60 keV
     Total energy in LXe: 0 eV 

---> End of event: 390


---> Begin of event: 400

     Primary Energy: 60 keV
     Total energy in LXe: 0 eV 

---> End of event: 400


---> Begin of event: 410

     Primary Energy: 60 keV
     Total energy in LXe: 0 eV 

---> End of event: 410


---> Begin of event: 420

     Primary Energy: 60 keV
     Total energy in LXe: 0 eV 

---> End of event: 420


---> Begin of event: 430

     Primary Energy: 60 keV
     Total energy in LXe: 0 eV 

---> End of event: 430


---> Begin of event: 440

     Primary Energy: 60 keV
     Total energy in LXe: 0 eV 

---> End of event: 440


---> Begin of event: 450

     Primary Energy: 60 keV
     Total energy in LXe: 0 eV 

---> End of event: 450


---> Begin of event: 460

     Primary Energy: 60 keV
     Total energy in LXe: 0 eV 

---> End of event: 460


---> Begin of event: 470

     Primary Energy: 60 keV
     First hit in LXe: gamma
     Number of hits in LXe: 67
     Total energy in LXe: 30.5479 keV
     Average light collection time: 23.7136 ns
     Number of PMT hits (photoelectron equivalent): 28
     Event summary in file gamma_1000.out

---> End of event: 470


---> Begin of event: 480

     Primary Energy: 60 keV
     Total energy in LXe: 0 eV 

---> End of event: 480


---> Begin of event: 490

     Primary Energy: 60 keV
     First hit in LXe: gamma
     Number of hits in LXe: 20
     Total energy in LXe: 26.4335 keV
     Average light collection time: 23.8075 ns
     Number of PMT hits (photoelectron equivalent): 20
     Event summary in file gamma_1000.out

---> End of event: 490


---> Begin of event: 500

     Primary Energy: 60 keV
     Total energy in LXe: 0 eV 

---> End of event: 500


---> Begin of event: 510

     Primary Energy: 60 keV
     Total energy in LXe: 0 eV 

---> End of event: 510


---> Begin of event: 520

     Primary Energy: 60 keV
     First hit in LXe: gamma
     Number of hits in LXe: 72
     Total energy in LXe: 60 keV
     Average light collection time: 19.9406 ns
     Number of PMT hits (photoelectron equivalent): 61
     Event summary in file gamma_1000.out

---> End of event: 520


---> Begin of event: 530

     Primary Energy: 60 keV
     Total energy in LXe: 0 eV 

---> End of event: 530


---> Begin of event: 540

     Primary Energy: 60 keV
     Total energy in LXe: 0 eV 

---> End of event: 540


---> Begin of event: 550

     Primary Energy: 60 keV
     Total energy in LXe: 0 eV 

---> End of event: 550


---> Begin of event: 560

     Primary Energy: 60 keV
     First hit in LXe: gamma
     Number of hits in LXe: 54
     Total energy in LXe: 60 keV
     Average light collection time: 21.714 ns
     Number of PMT hits (photoelectron equivalent): 50
     Event summary in file gamma_1000.out

---> End of event: 560


---> Begin of event: 570

     Primary Energy: 60 keV
     First hit in LXe: gamma
     Number of hits in LXe: 59
     Total energy in LXe: 60 keV
     Average light collection time: 21.3637 ns
     Number of PMT hits (photoelectron equivalent): 44
     Event summary in file gamma_1000.out

---> End of event: 570


---> Begin of event: 580

     Primary Energy: 60 keV
     First hit in LXe: gamma
     Number of hits in LXe: 62
     Total energy in LXe: 60 keV
     Average light collection time: 17.3232 ns
     Number of PMT hits (photoelectron equivalent): 46
     Event summary in file gamma_1000.out

---> End of event: 580


---> Begin of event: 590

     Primary Energy: 60 keV
     First hit in LXe: gamma
     Number of hits in LXe: 46
     Total energy in LXe: 60 keV
     Average light collection time: 16.6846 ns
     Number of PMT hits (photoelectron equivalent): 47
     Event summary in file gamma_1000.out

---> End of event: 590


---> Begin of event: 600

     Primary Energy: 60 keV
     Total energy in LXe: 0 eV 

---> End of event: 600


---> Begin of event: 610

     Primary Energy: 60 keV
     Total energy in LXe: 0 eV 

---> End of event: 610


---> Begin of event: 620

     Primary Energy: 60 keV
     Total energy in LXe: 0 eV 

---> End of event: 620


---> Begin of event: 630

     Primary Energy: 60 keV
     First hit in LXe: gamma
     Number of hits in LXe: 80
     Total energy in LXe: 60 keV
     Average light collection time: 19.7451 ns
     Number of PMT hits (photoelectron equivalent): 56
     Event summary in file gamma_1000.out

---> End of event: 630


---> Begin of event: 640

     Primary Energy: 60 keV
     Total energy in LXe: 0 eV 

---> End of event: 640


---> Begin of event: 650

     Primary Energy: 60 keV
     First hit in LXe: gamma
     Number of hits in LXe: 57
     Total energy in LXe: 60 keV
     Average light collection time: 16.1222 ns
     Number of PMT hits (photoelectron equivalent): 54
     Event summary in file gamma_1000.out

---> End of event: 650


---> Begin of event: 660

     Primary Energy: 60 keV
     First hit in LXe: gamma
     Number of hits in LXe: 76
     Total energy in LXe: 60 keV
     Average light collection time: 21.6793 ns
     Number of PMT hits (photoelectron equivalent): 63
     Event summary in file gamma_1000.out

---> End of event: 660


---> Begin of event: 670

     Primary Energy: 60 keV
     Total energy in LXe: 0 eV 

---> End of event: 670


---> Begin of event: 680

     Primary Energy: 60 keV
     First hit in LXe: gamma
     Number of hits in LXe: 86
     Total energy in LXe: 60 keV
     Average light collection time: 21.2089 ns
     Number of PMT hits (photoelectron equivalent): 56
     Event summary in file gamma_1000.out

---> End of event: 680


---> Begin of event: 690

     Primary Energy: 60 keV
     Total energy in LXe: 0 eV 

---> End of event: 690


---> Begin of event: 700

     Primary Energy: 60 keV
     Total energy in LXe: 0 eV 

---> End of event: 700


---> Begin of event: 710

     Primary Energy: 60 keV
     Total energy in LXe: 0 eV 

---> End of event: 710


---> Begin of event: 720

     Primary Energy: 60 keV
     First hit in LXe: gamma
     Number of hits in LXe: 71
     Total energy in LXe: 60 keV
     Average light collection time: 20.6058 ns
     Number of PMT hits (photoelectron equivalent): 39
     Event summary in file gamma_1000.out

---> End of event: 720


---> Begin of event: 730

     Primary Energy: 60 keV
     Total energy in LXe: 0 eV 

---> End of event: 730


---> Begin of event: 740

     Primary Energy: 60 keV
     First hit in LXe: gamma
     Number of hits in LXe: 63
     Total energy in LXe: 60 keV
     Average light collection time: 17.5124 ns
     Number of PMT hits (photoelectron equivalent): 51
     Event summary in file gamma_1000.out

---> End of event: 740


---> Begin of event: 750

     Primary Energy: 60 keV
     Total energy in LXe: 0 eV 

---> End of event: 750


---> Begin of event: 760

     Primary Energy: 60 keV
     First hit in LXe: gamma
     Number of hits in LXe: 58
     Total energy in LXe: 46.3977 keV
     Average light collection time: 15.6482 ns
     Number of PMT hits (photoelectron equivalent): 33
     Event summary in file gamma_1000.out

---> End of event: 760


---> Begin of event: 770

     Primary Energy: 60 keV
     Total energy in LXe: 0 eV 

---> End of event: 770


---> Begin of event: 780

     Primary Energy: 60 keV
     Total energy in LXe: 0 eV 

---> End of event: 780


---> Begin of event: 790

     Primary Energy: 60 keV
     Total energy in LXe: 0 eV 

---> End of event: 790


---> Begin of event: 800

     Primary Energy: 60 keV
     First hit in LXe: gamma
     Number of hits in LXe: 68
     Total energy in LXe: 60 keV
     Average light collection time: 21.2363 ns
     Number of PMT hits (photoelectron equivalent): 55
     Event summary in file gamma_1000.out

---> End of event: 800


---> Begin of event: 810

     Primary Energy: 60 keV
     First hit in LXe: gamma
     Number of hits in LXe: 73
     Total energy in LXe: 60 keV
     Average light collection time: 20.2784 ns
     Number of PMT hits (photoelectron equivalent): 61
     Event summary in file gamma_1000.out

---> End of event: 810


---> Begin of event: 820

     Primary Energy: 60 keV
     First hit in LXe: gamma
     Number of hits in LXe: 56
     Total energy in LXe: 60 keV
     Average light collection time: 22.9275 ns
     Number of PMT hits (photoelectron equivalent): 61
     Event summary in file gamma_1000.out

---> End of event: 820


---> Begin of event: 830

     Primary Energy: 60 keV
     Total energy in LXe: 0 eV 

---> End of event: 830


---> Begin of event: 840

     Primary Energy: 60 keV
     First hit in LXe: gamma
     Number of hits in LXe: 31
     Total energy in LXe: 30.2187 keV
     Average light collection time: 14.2242 ns
     Number of PMT hits (photoelectron equivalent): 34
     Event summary in file gamma_1000.out

---> End of event: 840


---> Begin of event: 850

     Primary Energy: 60 keV
     Total energy in LXe: 0 eV 

---> End of event: 850


---> Begin of event: 860

     Primary Energy: 60 keV
     Total energy in LXe: 0 eV 

---> End of event: 860


---> Begin of event: 870

     Primary Energy: 60 keV
     Total energy in LXe: 0 eV 

---> End of event: 870


---> Begin of event: 880

     Primary Energy: 60 keV
     First hit in LXe: gamma
     Number of hits in LXe: 57
     Total energy in LXe: 60 keV
     Average light collection time: 20.8611 ns
     Number of PMT hits (photoelectron equivalent): 32
     Event summary in file gamma_1000.out

---> End of event: 880


---> Begin of event: 890

     Primary Energy: 60 keV
     Total energy in LXe: 0 eV 

---> End of event: 890


---> Begin of event: 900

     Primary Energy: 60 keV
     Total energy in LXe: 0 eV 

---> End of event: 900


---> Begin of event: 910

     Primary Energy: 60 keV
     First hit in LXe: gamma
     Number of hits in LXe: 26
     Total energy in LXe: 30.2187 keV
     Average light collection time: 16.1409 ns
     Number of PMT hits (photoelectron equivalent): 29
     Event summary in file gamma_1000.out

---> End of event: 910


---> Begin of event: 920

     Primary Energy: 60 keV
     Total energy in LXe: 0 eV 

---> End of event: 920


---> Begin of event: 930

     Primary Energy: 60 keV
     Total energy in LXe: 0 eV 

---> End of event: 930


---> Begin of event: 940

     Primary Energy: 60 keV
     Total energy in LXe: 0 eV 

---> End of event: 940


---> Begin of event: 950

     Primary Energy: 60 keV
     First hit in LXe: gamma
     Number of hits in LXe: 23
     Total energy in LXe: 30.5479 keV
     Average light collection time: 18.0872 ns
     Number of PMT hits (photoelectron equivalent): 15
     Event summary in file gamma_1000.out

---> End of event: 950


---> Begin of event: 960

     Primary Energy: 60 keV
     Total energy in LXe: 0 eV 

---> End of event: 960


---> Begin of event: 970

     Primary Energy: 60 keV
     Total energy in LXe: 0 eV 

---> End of event: 970


---> Begin of event: 980

     Primary Energy: 60 keV
     Total energy in LXe: 0 eV 

---> End of event: 980


---> Begin of event: 990

     Primary Energy: 60 keV
     Total energy in LXe: 0 eV 

---> End of event: 990

Graphics systems deleted.
Visualization Manager deleting...
