
        ############################################
        !!! WARNING - FPE detection is activated !!!
        ############################################

**************************************************************
 Geant4 version Name: geant4-10-04-ref-08    (31-August-2018)
                       Copyright : Geant4 Collaboration
                      References : NIM A 506 (2003), 250-303
                                 : IEEE-TNS 53 (2006), 270-278
                                 : NIM A 835 (2016), 186-225
                             WWW : http://geant4.org/
**************************************************************

<<< Reference Physics List QBBC 
Checking overlaps for volume Envelope ... OK! 
Checking overlaps for volume Shape1 ... OK! 
Checking overlaps for volume Shape2 ... OK! 
### Adding tracking cuts for neutron  TimeCut(ns)= 10000  KinEnergyCut(MeV)= 0
Visualization Manager instantiating with verbosity "warnings (3)"...
Visualization Manager initialising...
Registering graphics systems...

You have successfully registered the following graphics systems.
Current available graphics systems are:
ASCIITree (ATree)
DAWNFILE (DAWNFILE)
G4HepRep (HepRepXML)
G4HepRepFile (HepRepFile)
RayTracer (RayTracer)
VRML1FILE (VRML1FILE)
VRML2FILE (VRML2FILE)
gMocrenFile (gMocrenFile)
OpenGLImmediateQt (OGLIQt, OGLI)
OpenGLStoredQt (OGLSQt, OGL, OGLS)
OpenGLImmediateXm (OGLIXm, OGLIQt_FALLBACK)
OpenGLStoredXm (OGLSXm, OGLSQt_FALLBACK)
OpenGLImmediateX (OGLIX, OGLIQt_FALLBACK, OGLIXm_FALLBACK)
OpenGLStoredX (OGLSX, OGLSQt_FALLBACK, OGLSXm_FALLBACK)
RayTracerX (RayTracerX)

Registering model factories...

You have successfully registered the following model factories.
Registered model factories:
  generic
  drawByAttribute
  drawByCharge
  drawByOriginVolume
  drawByParticleID
  drawByEncounteredVolume

Registered filter factories:
  attributeFilter
  chargeFilter
  originVolumeFilter
  particleFilter
  encounteredVolumeFilter

You have successfully registered the following user vis actions.
Run Duration User Vis Actions: none
End of Event User Vis Actions: none
End of Run User Vis Actions: none

Some /vis commands (optionally) take a string to specify colour.
"/vis/list" to see available colours.

### ===  Deexcitation model UAtomDeexcitation is activated for 1 region:
          DefaultRegionForTheWorld  1  0  0
### ===  Ignore cuts flag:   0

phot:   for  gamma    SubType= 12  BuildTable= 0
      LambdaPrime table from 200 keV to 100 TeV in 174 bins 
      ===== EM models for the G4Region  DefaultRegionForTheWorld ======
 LivermorePhElectric :  Emin=        0 eV    Emax=      100 TeV   AngularGenSauterGavrila  FluoActive

compt:   for  gamma    SubType= 13  BuildTable= 1
      Lambda table from 100 eV  to 1 MeV, 20 bins per decade, spline: 1
      LambdaPrime table from 1 MeV to 100 TeV in 160 bins 
      ===== EM models for the G4Region  DefaultRegionForTheWorld ======
   LowEPComptonModel :  Emin=        0 eV    Emax=       20 MeV  FluoActive
        KleinNishina :  Emin=       20 MeV   Emax=      100 TeV  FluoActive

conv:   for  gamma    SubType= 14  BuildTable= 1
      Lambda table from 1.022 MeV to 100 TeV, 20 bins per decade, spline: 1
      ===== EM models for the G4Region  DefaultRegionForTheWorld ======
       PenConversion :  Emin=        0 eV    Emax=       20 MeV
        BetheHeitler :  Emin=       20 MeV   Emax=       80 GeV   AngularGenUrban
     BetheHeitlerLPM :  Emin=       80 GeV   Emax=      100 TeV   AngularGenUrban

Rayl:   for  gamma    SubType= 11  BuildTable= 1
      Lambda table from 100 eV  to 100 keV, 20 bins per decade, spline: 0
      LambdaPrime table from 100 keV to 100 TeV in 180 bins 
      ===== EM models for the G4Region  DefaultRegionForTheWorld ======
   LivermoreRayleigh :  Emin=        0 eV    Emax=      100 TeV   CullenGenerator

msc:   for e-    SubType= 10
      RangeFactor= 0.2, stepLimitType: 2, latDisplacement: 1
      ===== EM models for the G4Region  DefaultRegionForTheWorld ======
  GoudsmitSaunderson :  Emin=        0 eV    Emax=      100 MeV  Table with 120 bins Emin=    100 eV    Emax=    100 MeV
        WentzelVIUni :  Emin=      100 MeV   Emax=      100 TeV  Table with 120 bins Emin=    100 MeV   Emax=    100 TeV

eIoni:   for  e-    SubType= 2
      dE/dx and range tables from 100 eV  to 100 TeV in 240 bins
      Lambda tables from threshold to 100 TeV, 20 bins per decade, spline: 1
      finalRange(mm)= 0.01, dRoverRange= 0.2, integral: 1, fluct: 1, linLossLimit= 0.01
      ===== EM models for the G4Region  DefaultRegionForTheWorld ======
       LowEnergyIoni :  Emin=        0 eV    Emax=      100 keV   deltaVI
        MollerBhabha :  Emin=      100 keV   Emax=      100 TeV   deltaVI

eBrem:   for  e-    SubType= 3
      dE/dx and range tables from 100 eV  to 100 TeV in 240 bins
      Lambda tables from threshold to 100 TeV, 20 bins per decade, spline: 1
      LPM flag: 1 for E > 1 GeV,  VertexHighEnergyTh(GeV)= 100000
      ===== EM models for the G4Region  DefaultRegionForTheWorld ======
             eBremSB :  Emin=        0 eV    Emax=        1 GeV   AngularGen2BS
            eBremLPM :  Emin=        1 GeV   Emax=      100 TeV   AngularGen2BS

ePairProd:   for  e-    SubType= 4
      dE/dx and range tables from 100 eV  to 100 TeV in 240 bins
      Lambda tables from threshold to 100 TeV, 20 bins per decade, spline: 1
      Sampling table 25x1001 from 0.1 GeV to 100 TeV 
      ===== EM models for the G4Region  DefaultRegionForTheWorld ======
           ePairProd :  Emin=        0 eV    Emax=      100 TeV

CoulombScat:   for  e-, integral: 1     SubType= 1  BuildTable= 1
      Lambda table from 100 MeV to 100 TeV, 20 bins per decade, spline: 1
      ThetaMin(p) < Theta(degree) < 180 pLimit(GeV^1)= 0.139531
      ===== EM models for the G4Region  DefaultRegionForTheWorld ======
  eCoulombScattering :  Emin=      100 MeV   Emax=      100 TeV

msc:   for e+    SubType= 10
      RangeFactor= 0.2, stepLimitType: 2, latDisplacement: 1
      ===== EM models for the G4Region  DefaultRegionForTheWorld ======
  GoudsmitSaunderson :  Emin=        0 eV    Emax=      100 MeV  Table with 120 bins Emin=    100 eV    Emax=    100 MeV
        WentzelVIUni :  Emin=      100 MeV   Emax=      100 TeV  Table with 120 bins Emin=    100 MeV   Emax=    100 TeV

eIoni:   for  e+    SubType= 2
      dE/dx and range tables from 100 eV  to 100 TeV in 240 bins
      Lambda tables from threshold to 100 TeV, 20 bins per decade, spline: 1
      finalRange(mm)= 0.01, dRoverRange= 0.2, integral: 1, fluct: 1, linLossLimit= 0.01
      ===== EM models for the G4Region  DefaultRegionForTheWorld ======
             PenIoni :  Emin=        0 eV    Emax=      100 keV
        MollerBhabha :  Emin=      100 keV   Emax=      100 TeV   deltaVI

eBrem:   for  e+    SubType= 3
      dE/dx and range tables from 100 eV  to 100 TeV in 240 bins
      Lambda tables from threshold to 100 TeV, 20 bins per decade, spline: 1
      LPM flag: 1 for E > 1 GeV,  VertexHighEnergyTh(GeV)= 100000
      ===== EM models for the G4Region  DefaultRegionForTheWorld ======
             eBremSB :  Emin=        0 eV    Emax=        1 GeV   AngularGen2BS
            eBremLPM :  Emin=        1 GeV   Emax=      100 TeV   AngularGen2BS

ePairProd:   for  e+    SubType= 4
      dE/dx and range tables from 100 eV  to 100 TeV in 240 bins
      Lambda tables from threshold to 100 TeV, 20 bins per decade, spline: 1
      Sampling table 25x1001 from 0.1 GeV to 100 TeV 
      ===== EM models for the G4Region  DefaultRegionForTheWorld ======
           ePairProd :  Emin=        0 eV    Emax=      100 TeV

annihil:   for  e+, integral: 1     SubType= 5  BuildTable= 0
      ===== EM models for the G4Region  DefaultRegionForTheWorld ======
            eplus2gg :  Emin=        0 eV    Emax=      100 TeV

CoulombScat:   for  e+, integral: 1     SubType= 1  BuildTable= 1
      Lambda table from 100 MeV to 100 TeV, 20 bins per decade, spline: 1
      ThetaMin(p) < Theta(degree) < 180 pLimit(GeV^1)= 0.139531
      ===== EM models for the G4Region  DefaultRegionForTheWorld ======
  eCoulombScattering :  Emin=      100 MeV   Emax=      100 TeV

msc:   for proton    SubType= 10
      RangeFactor= 0.2, stepLimitType: 0, latDisplacement: 1
      ===== EM models for the G4Region  DefaultRegionForTheWorld ======
        WentzelVIUni :  Emin=        0 eV    Emax=      100 TeV  Table with 240 bins Emin=    100 eV    Emax=    100 TeV

hIoni:   for  proton    SubType= 2
      dE/dx and range tables from 100 eV  to 100 TeV in 240 bins
      Lambda tables from threshold to 100 TeV, 20 bins per decade, spline: 1
      finalRange(mm)= 0.01, dRoverRange= 0.1, integral: 1, fluct: 1, linLossLimit= 0.01
      ===== EM models for the G4Region  DefaultRegionForTheWorld ======
               Bragg :  Emin=        0 eV    Emax=        2 MeV   deltaVI
          BetheBloch :  Emin=        2 MeV   Emax=      100 TeV   deltaVI

hBrems:   for  proton    SubType= 3
      dE/dx and range tables from 100 eV  to 100 TeV in 240 bins
      Lambda tables from threshold to 100 TeV, 20 bins per decade, spline: 1
      ===== EM models for the G4Region  DefaultRegionForTheWorld ======
               hBrem :  Emin=        0 eV    Emax=      100 TeV

hPairProd:   for  proton    SubType= 4
      dE/dx and range tables from 100 eV  to 100 TeV in 240 bins
      Lambda tables from threshold to 100 TeV, 20 bins per decade, spline: 1
      Sampling table 17x1001 from 7.50618 GeV to 100 TeV 
      ===== EM models for the G4Region  DefaultRegionForTheWorld ======
           hPairProd :  Emin=        0 eV    Emax=      100 TeV

CoulombScat:   for  proton, integral: 1     SubType= 1  BuildTable= 1
      Lambda table from threshold  to 100 TeV, 20 bins per decade, spline: 1
      ThetaMin(p) < Theta(degree) < 180 pLimit(GeV^1)= 0.139531
      ===== EM models for the G4Region  DefaultRegionForTheWorld ======
  eCoulombScattering :  Emin=        0 eV    Emax=      100 TeV

nuclearStopping:   for  proton    SubType= 8  BuildTable= 0
      ===== EM models for the G4Region  DefaultRegionForTheWorld ======
   ICRU49NucStopping :  Emin=        0 eV    Emax=        1 MeV

msc:   for GenericIon    SubType= 10
      RangeFactor= 0.2, stepLimitType: 0, latDisplacement: 0
      ===== EM models for the G4Region  DefaultRegionForTheWorld ======
            UrbanMsc :  Emin=        0 eV    Emax=      100 TeV

ionIoni:   for  GenericIon    SubType= 2
      dE/dx and range tables from 100 eV  to 100 TeV in 240 bins
      Lambda tables from threshold to 100 TeV, 20 bins per decade, spline: 1
      finalRange(mm)= 0.001, dRoverRange= 0.1, integral: 1, fluct: 1, linLossLimit= 0.02
      ===== EM models for the G4Region  DefaultRegionForTheWorld ======
         ParamICRU73 :  Emin=        0 eV    Emax=      100 TeV   deltaVI

nuclearStopping:   for  GenericIon    SubType= 8  BuildTable= 0
      ===== EM models for the G4Region  DefaultRegionForTheWorld ======
   ICRU49NucStopping :  Emin=        0 eV    Emax=        1 MeV

msc:   for alpha    SubType= 10
      RangeFactor= 0.2, stepLimitType: 0, latDisplacement: 1
      ===== EM models for the G4Region  DefaultRegionForTheWorld ======
            UrbanMsc :  Emin=        0 eV    Emax=      100 TeV  Table with 240 bins Emin=    100 eV    Emax=    100 TeV

ionIoni:   for  alpha    SubType= 2
      dE/dx and range tables from 100 eV  to 100 TeV in 240 bins
      Lambda tables from threshold to 100 TeV, 20 bins per decade, spline: 1
      finalRange(mm)= 0.01, dRoverRange= 0.1, integral: 1, fluct: 1, linLossLimit= 0.02
      ===== EM models for the G4Region  DefaultRegionForTheWorld ======
            BraggIon :  Emin=        0 eV    Emax=   7.9452 MeV   deltaVI
          BetheBloch :  Emin=   7.9452 MeV   Emax=      100 TeV   deltaVI

nuclearStopping:   for  alpha    SubType= 8  BuildTable= 0
      ===== EM models for the G4Region  DefaultRegionForTheWorld ======
   ICRU49NucStopping :  Emin=        0 eV    Emax=        1 MeV

msc:   for anti_proton    SubType= 10
      RangeFactor= 0.2, stepLimitType: 0, latDisplacement: 1
      ===== EM models for the G4Region  DefaultRegionForTheWorld ======
        WentzelVIUni :  Emin=        0 eV    Emax=      100 TeV  Table with 240 bins Emin=    100 eV    Emax=    100 TeV

hIoni:   for  anti_proton    SubType= 2
      dE/dx and range tables from 100 eV  to 100 TeV in 240 bins
      Lambda tables from threshold to 100 TeV, 20 bins per decade, spline: 1
      finalRange(mm)= 0.01, dRoverRange= 0.1, integral: 1, fluct: 1, linLossLimit= 0.01
      ===== EM models for the G4Region  DefaultRegionForTheWorld ======
            ICRU73QO :  Emin=        0 eV    Emax=        2 MeV   deltaVI
          BetheBloch :  Emin=        2 MeV   Emax=      100 TeV   deltaVI

hBrems:   for  anti_proton    SubType= 3
      dE/dx and range tables from 100 eV  to 100 TeV in 240 bins
      Lambda tables from threshold to 100 TeV, 20 bins per decade, spline: 1
      ===== EM models for the G4Region  DefaultRegionForTheWorld ======
               hBrem :  Emin=        0 eV    Emax=      100 TeV

hPairProd:   for  anti_proton    SubType= 4
      dE/dx and range tables from 100 eV  to 100 TeV in 240 bins
      Lambda tables from threshold to 100 TeV, 20 bins per decade, spline: 1
      Sampling table 17x1001 from 7.50618 GeV to 100 TeV 
      ===== EM models for the G4Region  DefaultRegionForTheWorld ======
           hPairProd :  Emin=        0 eV    Emax=      100 TeV

CoulombScat:   for  anti_proton, integral: 1     SubType= 1  BuildTable= 1
      Lambda table from threshold  to 100 TeV, 20 bins per decade, spline: 1
      ThetaMin(p) < Theta(degree) < 180 pLimit(GeV^1)= 0.139531
      ===== EM models for the G4Region  DefaultRegionForTheWorld ======
  eCoulombScattering :  Emin=        0 eV    Emax=      100 TeV

nuclearStopping:   for  anti_proton    SubType= 8  BuildTable= 0
      ===== EM models for the G4Region  DefaultRegionForTheWorld ======
   ICRU49NucStopping :  Emin=        0 eV    Emax=        1 MeV

msc:   for kaon+    SubType= 10
      RangeFactor= 0.2, stepLimitType: 0, latDisplacement: 1
      ===== EM models for the G4Region  DefaultRegionForTheWorld ======
        WentzelVIUni :  Emin=        0 eV    Emax=      100 TeV  Table with 240 bins Emin=    100 eV    Emax=    100 TeV

hIoni:   for  kaon+    SubType= 2
      dE/dx and range tables from 100 eV  to 100 TeV in 240 bins
      Lambda tables from threshold to 100 TeV, 20 bins per decade, spline: 1
      finalRange(mm)= 0.01, dRoverRange= 0.1, integral: 1, fluct: 1, linLossLimit= 0.01
      ===== EM models for the G4Region  DefaultRegionForTheWorld ======
               Bragg :  Emin=        0 eV    Emax=  1.05231 MeV   deltaVI
          BetheBloch :  Emin=  1.05231 MeV   Emax=      100 TeV   deltaVI

hBrems:   for  kaon+    SubType= 3
      dE/dx and range tables from 100 eV  to 100 TeV in 240 bins
      Lambda tables from threshold to 100 TeV, 20 bins per decade, spline: 1
      ===== EM models for the G4Region  DefaultRegionForTheWorld ======
               hBrem :  Emin=        0 eV    Emax=      100 TeV

hPairProd:   for  kaon+    SubType= 4
      dE/dx and range tables from 100 eV  to 100 TeV in 240 bins
      Lambda tables from threshold to 100 TeV, 20 bins per decade, spline: 1
      Sampling table 18x1001 from 3.94942 GeV to 100 TeV 
      ===== EM models for the G4Region  DefaultRegionForTheWorld ======
           hPairProd :  Emin=        0 eV    Emax=      100 TeV

CoulombScat:   for  kaon+, integral: 1     SubType= 1  BuildTable= 1
      Lambda table from threshold  to 100 TeV, 20 bins per decade, spline: 1
      ThetaMin(p) < Theta(degree) < 180 pLimit(GeV^1)= 0.139531
      ===== EM models for the G4Region  DefaultRegionForTheWorld ======
  eCoulombScattering :  Emin=        0 eV    Emax=      100 TeV

msc:   for kaon-    SubType= 10
      RangeFactor= 0.2, stepLimitType: 0, latDisplacement: 1
      ===== EM models for the G4Region  DefaultRegionForTheWorld ======
        WentzelVIUni :  Emin=        0 eV    Emax=      100 TeV  Table with 240 bins Emin=    100 eV    Emax=    100 TeV

hIoni:   for  kaon-    SubType= 2
      dE/dx and range tables from 100 eV  to 100 TeV in 240 bins
      Lambda tables from threshold to 100 TeV, 20 bins per decade, spline: 1
      finalRange(mm)= 0.01, dRoverRange= 0.1, integral: 1, fluct: 1, linLossLimit= 0.01
      ===== EM models for the G4Region  DefaultRegionForTheWorld ======
            ICRU73QO :  Emin=        0 eV    Emax=  1.05231 MeV   deltaVI
          BetheBloch :  Emin=  1.05231 MeV   Emax=      100 TeV   deltaVI

hBrems:   for  kaon-    SubType= 3
      dE/dx and range tables from 100 eV  to 100 TeV in 240 bins
      Lambda tables from threshold to 100 TeV, 20 bins per decade, spline: 1
      ===== EM models for the G4Region  DefaultRegionForTheWorld ======
               hBrem :  Emin=        0 eV    Emax=      100 TeV

hPairProd:   for  kaon-    SubType= 4
      dE/dx and range tables from 100 eV  to 100 TeV in 240 bins
      Lambda tables from threshold to 100 TeV, 20 bins per decade, spline: 1
      Sampling table 18x1001 from 3.94942 GeV to 100 TeV 
      ===== EM models for the G4Region  DefaultRegionForTheWorld ======
           hPairProd :  Emin=        0 eV    Emax=      100 TeV

CoulombScat:   for  kaon-, integral: 1     SubType= 1  BuildTable= 1
      Used Lambda table of kaon+
      ThetaMin(p) < Theta(degree) < 180 pLimit(GeV^1)= 0.139531
      ===== EM models for the G4Region  DefaultRegionForTheWorld ======
  eCoulombScattering :  Emin=        0 eV    Emax=      100 TeV

msc:   for mu+    SubType= 10
      RangeFactor= 0.2, step limit type: 0, lateralDisplacement: 1, polarAngleLimit(deg)= 180
      ===== EM models for the G4Region  DefaultRegionForTheWorld ======
        WentzelVIUni :  Emin=        0 eV    Emax=      100 TeV  Table with 240 bins Emin=    100 eV    Emax=    100 TeV

muIoni:   for  mu+    SubType= 2
      dE/dx and range tables from 100 eV  to 100 TeV in 240 bins
      Lambda tables from threshold to 100 TeV, 20 bins per decade, spline: 1
      finalRange(mm)= 0.01, dRoverRange= 0.1, integral: 1, fluct: 1, linLossLimit= 0.01
      ===== EM models for the G4Region  DefaultRegionForTheWorld ======
               Bragg :  Emin=        0 eV    Emax=      200 keV   deltaVI
          BetheBloch :  Emin=      200 keV   Emax=        1 GeV   deltaVI
        MuBetheBloch :  Emin=        1 GeV   Emax=      100 TeV

muBrems:   for  mu+    SubType= 3
      dE/dx and range tables from 100 eV  to 100 TeV in 240 bins
      Lambda tables from threshold to 100 TeV, 20 bins per decade, spline: 1
      ===== EM models for the G4Region  DefaultRegionForTheWorld ======
              MuBrem :  Emin=        0 eV    Emax=      100 TeV

muPairProd:   for  mu+    SubType= 4
      dE/dx and range tables from 100 eV  to 100 TeV in 240 bins
      Lambda tables from threshold to 100 TeV, 20 bins per decade, spline: 1
      Sampling table 21x1001 from 1 GeV to 100 TeV 
      ===== EM models for the G4Region  DefaultRegionForTheWorld ======
          muPairProd :  Emin=        0 eV    Emax=      100 TeV

CoulombScat:   for  mu+, integral: 1     SubType= 1  BuildTable= 1
      Lambda table from threshold  to 100 TeV, 20 bins per decade, spline: 1
      ThetaMin(p) < Theta(degree) < 180 pLimit(GeV^1)= 0.139531
      ===== EM models for the G4Region  DefaultRegionForTheWorld ======
  eCoulombScattering :  Emin=        0 eV    Emax=      100 TeV

msc:   for mu-    SubType= 10
      RangeFactor= 0.2, step limit type: 0, lateralDisplacement: 1, polarAngleLimit(deg)= 180
      ===== EM models for the G4Region  DefaultRegionForTheWorld ======
        WentzelVIUni :  Emin=        0 eV    Emax=      100 TeV  Table with 240 bins Emin=    100 eV    Emax=    100 TeV

muIoni:   for  mu-    SubType= 2
      dE/dx and range tables from 100 eV  to 100 TeV in 240 bins
      Lambda tables from threshold to 100 TeV, 20 bins per decade, spline: 1
      finalRange(mm)= 0.01, dRoverRange= 0.1, integral: 1, fluct: 1, linLossLimit= 0.01
      ===== EM models for the G4Region  DefaultRegionForTheWorld ======
            ICRU73QO :  Emin=        0 eV    Emax=      200 keV   deltaVI
          BetheBloch :  Emin=      200 keV   Emax=        1 GeV   deltaVI
        MuBetheBloch :  Emin=        1 GeV   Emax=      100 TeV

muBrems:   for  mu-    SubType= 3
      dE/dx and range tables from 100 eV  to 100 TeV in 240 bins
      Lambda tables from threshold to 100 TeV, 20 bins per decade, spline: 1
      ===== EM models for the G4Region  DefaultRegionForTheWorld ======
              MuBrem :  Emin=        0 eV    Emax=      100 TeV

muPairProd:   for  mu-    SubType= 4
      dE/dx and range tables from 100 eV  to 100 TeV in 240 bins
      Lambda tables from threshold to 100 TeV, 20 bins per decade, spline: 1
      Sampling table 21x1001 from 1 GeV to 100 TeV 
      ===== EM models for the G4Region  DefaultRegionForTheWorld ======
          muPairProd :  Emin=        0 eV    Emax=      100 TeV

CoulombScat:   for  mu-, integral: 1     SubType= 1  BuildTable= 1
      Used Lambda table of mu+
      ThetaMin(p) < Theta(degree) < 180 pLimit(GeV^1)= 0.139531
      ===== EM models for the G4Region  DefaultRegionForTheWorld ======
  eCoulombScattering :  Emin=        0 eV    Emax=      100 TeV

msc:   for pi+    SubType= 10
      RangeFactor= 0.2, stepLimitType: 0, latDisplacement: 1
      ===== EM models for the G4Region  DefaultRegionForTheWorld ======
        WentzelVIUni :  Emin=        0 eV    Emax=      100 TeV  Table with 240 bins Emin=    100 eV    Emax=    100 TeV

hIoni:   for  pi+    SubType= 2
      dE/dx and range tables from 100 eV  to 100 TeV in 240 bins
      Lambda tables from threshold to 100 TeV, 20 bins per decade, spline: 1
      finalRange(mm)= 0.01, dRoverRange= 0.1, integral: 1, fluct: 1, linLossLimit= 0.01
      ===== EM models for the G4Region  DefaultRegionForTheWorld ======
               Bragg :  Emin=        0 eV    Emax=  297.505 keV   deltaVI
          BetheBloch :  Emin=  297.505 keV   Emax=      100 TeV   deltaVI

hBrems:   for  pi+    SubType= 3
      dE/dx and range tables from 100 eV  to 100 TeV in 240 bins
      Lambda tables from threshold to 100 TeV, 20 bins per decade, spline: 1
      ===== EM models for the G4Region  DefaultRegionForTheWorld ======
               hBrem :  Emin=        0 eV    Emax=      100 TeV

hPairProd:   for  pi+    SubType= 4
      dE/dx and range tables from 100 eV  to 100 TeV in 240 bins
      Lambda tables from threshold to 100 TeV, 20 bins per decade, spline: 1
      Sampling table 20x1001 from 1.11656 GeV to 100 TeV 
      ===== EM models for the G4Region  DefaultRegionForTheWorld ======
           hPairProd :  Emin=        0 eV    Emax=      100 TeV

CoulombScat:   for  pi+, integral: 1     SubType= 1  BuildTable= 1
      Lambda table from threshold  to 100 TeV, 20 bins per decade, spline: 1
      ThetaMin(p) < Theta(degree) < 180 pLimit(GeV^1)= 0.139531
      ===== EM models for the G4Region  DefaultRegionForTheWorld ======
  eCoulombScattering :  Emin=        0 eV    Emax=      100 TeV

msc:   for pi-    SubType= 10
      RangeFactor= 0.2, stepLimitType: 0, latDisplacement: 1
      ===== EM models for the G4Region  DefaultRegionForTheWorld ======
        WentzelVIUni :  Emin=        0 eV    Emax=      100 TeV  Table with 240 bins Emin=    100 eV    Emax=    100 TeV

hIoni:   for  pi-    SubType= 2
      dE/dx and range tables from 100 eV  to 100 TeV in 240 bins
      Lambda tables from threshold to 100 TeV, 20 bins per decade, spline: 1
      finalRange(mm)= 0.01, dRoverRange= 0.1, integral: 1, fluct: 1, linLossLimit= 0.01
      ===== EM models for the G4Region  DefaultRegionForTheWorld ======
            ICRU73QO :  Emin=        0 eV    Emax=  297.505 keV   deltaVI
          BetheBloch :  Emin=  297.505 keV   Emax=      100 TeV   deltaVI

hBrems:   for  pi-    SubType= 3
      dE/dx and range tables from 100 eV  to 100 TeV in 240 bins
      Lambda tables from threshold to 100 TeV, 20 bins per decade, spline: 1
      ===== EM models for the G4Region  DefaultRegionForTheWorld ======
               hBrem :  Emin=        0 eV    Emax=      100 TeV

hPairProd:   for  pi-    SubType= 4
      dE/dx and range tables from 100 eV  to 100 TeV in 240 bins
      Lambda tables from threshold to 100 TeV, 20 bins per decade, spline: 1
      Sampling table 20x1001 from 1.11656 GeV to 100 TeV 
      ===== EM models for the G4Region  DefaultRegionForTheWorld ======
           hPairProd :  Emin=        0 eV    Emax=      100 TeV

CoulombScat:   for  pi-, integral: 1     SubType= 1  BuildTable= 1
      Used Lambda table of pi+
      ThetaMin(p) < Theta(degree) < 180 pLimit(GeV^1)= 0.139531
      ===== EM models for the G4Region  DefaultRegionForTheWorld ======
  eCoulombScattering :  Emin=        0 eV    Emax=      100 TeV

====================================================================
                  HADRONIC PROCESSES SUMMARY (verbose level 1)

---------------------------------------------------
                           Hadronic Processes for neutron

  Process: hadElastic
        Model:             hElasticCHIPS: 0 eV  ---> 100 TeV
     Cr_sctns:        G4NeutronElasticXS: 0 eV  ---> 100 TeV

  Process: neutronInelastic
        Model:                      FTFP: 3 GeV ---> 100 TeV
        Model:            BertiniCascade: 1 GeV ---> 5 GeV
        Model:            Binary Cascade: 0 eV  ---> 1.5 GeV
     Cr_sctns:     G4ParticleInelasticXS: 0 eV  ---> 100 TeV

  Process: nCapture
        Model:               nRadCapture: 0 eV  ---> 100 TeV
     Cr_sctns:        G4NeutronCaptureXS: 0 eV  ---> 100 TeV

  Process: nKiller

---------------------------------------------------
                           Hadronic Processes for GenericIon

  Process: ionInelastic
        Model:  Binary Light Ion Cascade: 0 eV /n ---> 4 GeV/n
        Model:                      FTFP: 2 GeV/n ---> 100 TeV/n
     Cr_sctns:  Glauber-Gribov Nucl-nucl: 0 eV  ---> 100 TeV
     Cr_sctns:          GheishaInelastic: 0 eV  ---> 100 TeV

  Process: ionElastic
        Model:          NNDiffuseElastic: 0 eV /n ---> 100 TeV/n
     Cr_sctns:  Glauber-Gribov Nucl-nucl: 0 eV  ---> 100 TeV
     Cr_sctns:            GheishaElastic: 0 eV  ---> 100 TeV

---------------------------------------------------
                           Hadronic Processes for He3

  Process: hadElastic
        Model:              hElasticLHEP: 0 eV /n ---> 100 TeV/n
     Cr_sctns:  Glauber-Gribov Nucl-nucl: 0 eV  ---> 100 TeV
     Cr_sctns:            GheishaElastic: 0 eV  ---> 100 TeV

  Process: He3Inelastic
        Model:  Binary Light Ion Cascade: 0 eV /n ---> 4 GeV/n
        Model:                      FTFP: 2 GeV/n ---> 100 TeV/n
     Cr_sctns:     G4ParticleInelasticXS: 0 eV  ---> 100 TeV

---------------------------------------------------
                           Hadronic Processes for alpha

  Process: hadElastic
        Model:              hElasticLHEP: 0 eV /n ---> 100 TeV/n
     Cr_sctns:            GheishaElastic: 0 eV  ---> 100 TeV

  Process: alphaInelastic
        Model:  Binary Light Ion Cascade: 0 eV /n ---> 4 GeV/n
        Model:                      FTFP: 2 GeV/n ---> 100 TeV/n
     Cr_sctns:     G4ParticleInelasticXS: 0 eV  ---> 100 TeV

---------------------------------------------------
                           Hadronic Processes for anti_He3

  Process: hadElastic
        Model:              hElasticLHEP: 0 eV /n ---> 100.1 MeV/n
        Model:              AntiAElastic: 100 MeV/n ---> 100 TeV/n
     Cr_sctns:              AntiAGlauber: 0 eV  ---> 100 TeV
     Cr_sctns:            GheishaElastic: 0 eV  ---> 100 TeV

  Process: anti_He3Inelastic
        Model:                      FTFP: 0 eV /n ---> 100 TeV/n
     Cr_sctns:              AntiAGlauber: 0 eV  ---> 100 TeV
     Cr_sctns:          GheishaInelastic: 0 eV  ---> 100 TeV

  Process: hFritiofCaptureAtRest

---------------------------------------------------
                           Hadronic Processes for anti_alpha

  Process: hadElastic
        Model:              hElasticLHEP: 0 eV /n ---> 100.1 MeV/n
        Model:              AntiAElastic: 100 MeV/n ---> 100 TeV/n
     Cr_sctns:              AntiAGlauber: 0 eV  ---> 100 TeV
     Cr_sctns:            GheishaElastic: 0 eV  ---> 100 TeV

  Process: anti_alphaInelastic
        Model:                      FTFP: 0 eV /n ---> 100 TeV/n
     Cr_sctns:              AntiAGlauber: 0 eV  ---> 100 TeV
     Cr_sctns:          GheishaInelastic: 0 eV  ---> 100 TeV

  Process: hFritiofCaptureAtRest

---------------------------------------------------
                           Hadronic Processes for anti_deuteron

  Process: hadElastic
        Model:              hElasticLHEP: 0 eV /n ---> 100.1 MeV/n
        Model:              AntiAElastic: 100 MeV/n ---> 100 TeV/n
     Cr_sctns:              AntiAGlauber: 0 eV  ---> 100 TeV
     Cr_sctns:            GheishaElastic: 0 eV  ---> 100 TeV

  Process: anti_deuteronInelastic
        Model:                      FTFP: 0 eV /n ---> 100 TeV/n
     Cr_sctns:              AntiAGlauber: 0 eV  ---> 100 TeV
     Cr_sctns:          GheishaInelastic: 0 eV  ---> 100 TeV

  Process: hFritiofCaptureAtRest

---------------------------------------------------
                           Hadronic Processes for anti_neutron

  Process: hadElastic
        Model:              hElasticLHEP: 0 eV  ---> 100 TeV
     Cr_sctns:            GheishaElastic: 0 eV  ---> 100 TeV

  Process: anti_neutronInelastic
        Model:                      FTFP: 0 eV  ---> 100 TeV
     Cr_sctns:              AntiAGlauber: 0 eV  ---> 100 TeV
     Cr_sctns:          GheishaInelastic: 0 eV  ---> 100 TeV

---------------------------------------------------
                           Hadronic Processes for anti_proton

  Process: hadElastic
        Model:              hElasticLHEP: 0 eV  ---> 100.1 MeV
        Model:              AntiAElastic: 100 MeV ---> 100 TeV
     Cr_sctns:              AntiAGlauber: 0 eV  ---> 100 TeV
     Cr_sctns:            GheishaElastic: 0 eV  ---> 100 TeV

  Process: anti_protonInelastic
        Model:                      FTFP: 0 eV  ---> 100 TeV
     Cr_sctns:              AntiAGlauber: 0 eV  ---> 100 TeV
     Cr_sctns:          GheishaInelastic: 0 eV  ---> 100 TeV

  Process: hFritiofCaptureAtRest

---------------------------------------------------
                           Hadronic Processes for anti_triton

  Process: hadElastic
        Model:              hElasticLHEP: 0 eV /n ---> 100.1 MeV/n
        Model:              AntiAElastic: 100 MeV/n ---> 100 TeV/n
     Cr_sctns:              AntiAGlauber: 0 eV  ---> 100 TeV
     Cr_sctns:            GheishaElastic: 0 eV  ---> 100 TeV

  Process: anti_tritonInelastic
        Model:                      FTFP: 0 eV /n ---> 100 TeV/n
     Cr_sctns:              AntiAGlauber: 0 eV  ---> 100 TeV
     Cr_sctns:          GheishaInelastic: 0 eV  ---> 100 TeV

  Process: hFritiofCaptureAtRest

---------------------------------------------------
                           Hadronic Processes for deuteron

  Process: hadElastic
        Model:              hElasticLHEP: 0 eV /n ---> 100 TeV/n
     Cr_sctns:            GheishaElastic: 0 eV  ---> 100 TeV

  Process: dInelastic
        Model:  Binary Light Ion Cascade: 0 eV /n ---> 4 GeV/n
        Model:                      FTFP: 2 GeV/n ---> 100 TeV/n
     Cr_sctns:     G4ParticleInelasticXS: 0 eV  ---> 100 TeV

---------------------------------------------------
                           Hadronic Processes for e+

  Process: positronNuclear
        Model:   G4ElectroVDNuclearModel: 0 eV  ---> 1 PeV
     Cr_sctns:          ElectroNuclearXS: 0 eV  ---> 100 TeV

---------------------------------------------------
                           Hadronic Processes for e-

  Process: electronNuclear
        Model:   G4ElectroVDNuclearModel: 0 eV  ---> 1 PeV
     Cr_sctns:          ElectroNuclearXS: 0 eV  ---> 100 TeV

---------------------------------------------------
                           Hadronic Processes for gamma

  Process: photonNuclear
        Model:            BertiniCascade: 0 eV  ---> 3.5 GeV
        Model:           TheoFSGenerator: 3 GeV ---> 100 TeV
     Cr_sctns:            PhotoNuclearXS: 0 eV  ---> 100 TeV

---------------------------------------------------
                           Hadronic Processes for kaon+

  Process: hadElastic
        Model:              hElasticLHEP: 0 eV  ---> 100 TeV
     Cr_sctns:            Glauber-Gribov: 0 eV  ---> 100 TeV
     Cr_sctns:            GheishaElastic: 0 eV  ---> 100 TeV

  Process: kaon+Inelastic
        Model:                      FTFP: 3 GeV ---> 100 TeV
        Model:            BertiniCascade: 0 eV  ---> 5 GeV
     Cr_sctns:            Glauber-Gribov: 0 eV  ---> 100 TeV
     Cr_sctns:          GheishaInelastic: 0 eV  ---> 100 TeV

---------------------------------------------------
                           Hadronic Processes for kaon-

  Process: hadElastic
        Model:              hElasticLHEP: 0 eV  ---> 100 TeV
     Cr_sctns:            Glauber-Gribov: 0 eV  ---> 100 TeV
     Cr_sctns:            GheishaElastic: 0 eV  ---> 100 TeV

  Process: kaon-Inelastic
        Model:                      FTFP: 3 GeV ---> 100 TeV
        Model:            BertiniCascade: 0 eV  ---> 5 GeV
     Cr_sctns:            Glauber-Gribov: 0 eV  ---> 100 TeV
     Cr_sctns:          GheishaInelastic: 0 eV  ---> 100 TeV

  Process: hBertiniCaptureAtRest

---------------------------------------------------
                           Hadronic Processes for lambda

  Process: hadElastic
        Model:              hElasticLHEP: 0 eV  ---> 100 TeV
     Cr_sctns:            GheishaElastic: 0 eV  ---> 100 TeV

  Process: lambdaInelastic
        Model:                      FTFP: 3 GeV ---> 100 TeV
        Model:            BertiniCascade: 0 eV  ---> 5 GeV
     Cr_sctns:   ChipsHyperonInelasticXS: 0 eV  ---> 100 TeV
     Cr_sctns:          GheishaInelastic: 0 eV  ---> 100 TeV

---------------------------------------------------
                           Hadronic Processes for mu+

  Process: muonNuclear
        Model:      G4MuonVDNuclearModel: 0 eV  ---> 1 PeV
     Cr_sctns:     KokoulinMuonNuclearXS: 0 eV  ---> 100 TeV

---------------------------------------------------
                           Hadronic Processes for mu-

  Process: muonNuclear
        Model:      G4MuonVDNuclearModel: 0 eV  ---> 1 PeV
     Cr_sctns:     KokoulinMuonNuclearXS: 0 eV  ---> 100 TeV

  Process: muMinusCaptureAtRest

---------------------------------------------------
                           Hadronic Processes for pi+

  Process: hadElastic
        Model:              hElasticLHEP: 0 eV  ---> 1.0001 GeV
        Model:           hElasticGlauber: 1 GeV ---> 100 TeV
     Cr_sctns:       Barashenkov-Glauber: 0 eV  ---> 100 TeV

  Process: pi+Inelastic
        Model:                      FTFP: 3 GeV ---> 100 TeV
        Model:            BertiniCascade: 0 eV  ---> 5 GeV
     Cr_sctns: Barashenkov-Glauber-Gribov: 0 eV  ---> 100 TeV

---------------------------------------------------
                           Hadronic Processes for pi-

  Process: hadElastic
        Model:              hElasticLHEP: 0 eV  ---> 1.0001 GeV
        Model:           hElasticGlauber: 1 GeV ---> 100 TeV
     Cr_sctns:       Barashenkov-Glauber: 0 eV  ---> 100 TeV

  Process: pi-Inelastic
        Model:                      FTFP: 3 GeV ---> 100 TeV
        Model:            BertiniCascade: 0 eV  ---> 5 GeV
     Cr_sctns: Barashenkov-Glauber-Gribov: 0 eV  ---> 100 TeV

  Process: hBertiniCaptureAtRest

---------------------------------------------------
                           Hadronic Processes for proton

  Process: hadElastic
        Model:             hElasticCHIPS: 0 eV  ---> 100 TeV
     Cr_sctns:       Barashenkov-Glauber: 0 eV  ---> 100 TeV

  Process: protonInelastic
        Model:                      FTFP: 3 GeV ---> 100 TeV
        Model:            BertiniCascade: 1 GeV ---> 5 GeV
        Model:            Binary Cascade: 0 eV  ---> 1.5 GeV
     Cr_sctns:     G4ParticleInelasticXS: 0 eV  ---> 100 TeV

---------------------------------------------------
                           Hadronic Processes for triton

  Process: hadElastic
        Model:              hElasticLHEP: 0 eV /n ---> 100 TeV/n
     Cr_sctns:            GheishaElastic: 0 eV  ---> 100 TeV

  Process: tInelastic
        Model:  Binary Light Ion Cascade: 0 eV /n ---> 4 GeV/n
        Model:                      FTFP: 2 GeV/n ---> 100 TeV/n
     Cr_sctns:     G4ParticleInelasticXS: 0 eV  ---> 100 TeV

================================================================
=======================================================================
======       Pre-compound/De-excitation Physics Parameters     ========
=======================================================================
Type of pre-compound inverse x-section              3
Pre-compound model active                           1
Pre-compound low energy (MeV)                       0.1
Type of de-excitation inverse x-section             3
Type of de-excitation factory                       Evaporation+GEM
Number of de-excitation channels                    68
Min excitation energy (keV)                         0.01
Min energy per nucleon for multifragmentation (MeV) 1e+05
Level density (1/MeV)                               0.1
Time limit for long lived isomeres (ns)             1e+12
Internal e- conversion flag                         1
Store e- internal conversion data                   0
Electron internal conversion ID                     0
Correlated gamma emission flag                      0
Max 2J for sampling of angular correlations         10
=======================================================================
### Run 0 start.

---> Begin of event: 0

---> Begin of event: 100

---> Begin of event: 200

---> Begin of event: 300

---> Begin of event: 400

---> Begin of event: 500

---> Begin of event: 600

---> Begin of event: 700

---> Begin of event: 800

---> Begin of event: 900

G4ConvergenceTester Output Result of DOSE_TALLY
       EFFICIENCY =         0.198
             MEAN =   5.07018e-14
              VAR =   1.78032e-26
               SD =   1.33429e-13
                R =     0.0832197
            SHIFT =   1.76602e-13
              VOV =     0.0076497
              FOM =       1031.38
THE LARGEST SCORE =   5.55155e-13 and it happend at 397th event
    Affected Mean =   5.12057e-14 and its ratio to orignal is 1.00994
     Affected VAR =   1.80396e-26 and its ratio to orignal is 1.01328
       Affected R =     0.0829046 and its ratio to orignal is 0.996213
   Affected SHIFT =   1.76912e-13 and its ratio to orignal is 1.00176
     Affected FOM =       1031.38 and its ratio to orignal is 1
MEAN distribution is  RANDOM
r follows 1/std::sqrt(N)
r is monotonically decrease 
r is less than 0.1. r = 0.0832197
VOV follows 1/std::sqrt(N)
VOV is monotonically decrease 
FOM distribution is not RANDOM
Number of non zero history too small to calculate SLOPE
This result passes 6 / 8 Convergence Test.


G4ConvergenceTester Output History of DOSE_TALLY
i/16 till_ith      mean          var           sd            r          vov          fom        shift            e        r2eff        r2int
   1    62  5.59406e-14  2.18286e-26  1.47745e-13     0.332748    0.0959618       64.512  1.74691e-13     0.206349    0.0610501    0.0479139
   2   124  4.66096e-14  1.76154e-26  1.32723e-13     0.254692    0.0645094      110.113  1.81276e-13        0.176    0.0374545    0.0268947
   3   187  5.53593e-14  2.14529e-26  1.46468e-13     0.192963    0.0340861      191.833  1.79692e-13      0.18617    0.0232523    0.0137844
   4   249  5.20786e-14  1.99357e-26  1.41194e-13     0.171469    0.0283977       242.94  1.82007e-13         0.18    0.0182222    0.0110619
   5   312  5.15137e-14  2.00011e-26  1.41425e-13     0.155179    0.0229683      296.626  1.84227e-13     0.175719    0.0149869   0.00901652
   6   374  5.17945e-14  2.01934e-26  1.42103e-13     0.141679    0.0192765      355.846   1.8585e-13     0.178667    0.0122587   0.00776065
   7   437  5.66288e-14  2.17439e-26  1.47458e-13     0.124421    0.0147114      461.406  1.81301e-13     0.189498   0.00976509   0.00568021
   8   499  5.13217e-14  1.96122e-26  1.40044e-13     0.122033      0.01488      479.641  1.84853e-13        0.182   0.00898901   0.00587328
   9   562  5.00873e-14  1.87708e-26  1.37007e-13     0.115281    0.0136641       537.47  1.83289e-13      0.17762    0.0082238   0.00504238
  10   624   5.2084e-14  1.91144e-26  1.38255e-13     0.106178    0.0116594      633.578  1.79516e-13        0.184   0.00709565   0.00416014
  11   687  5.15318e-14  1.87414e-26  1.36899e-13     0.101282    0.0107441       696.32  1.78876e-13     0.186047   0.00635901   0.00388408
  12   749  5.04489e-14  1.80634e-26    1.344e-13    0.0972788    0.0101906      754.806  1.78287e-13     0.189333   0.00570892   0.00374163
  13   812   5.0304e-14  1.77919e-26  1.33386e-13    0.0929957   0.00955098      825.935   1.7791e-13     0.195572    0.0050593   0.00357827
  14   874  4.97419e-14  1.76031e-26  1.32677e-13    0.0901712   0.00896262      878.488  1.77955e-13     0.194286    0.0047395   0.00338206
  15   937  5.08748e-14  1.79204e-26  1.33867e-13    0.0859152   0.00814736       967.68  1.77058e-13     0.198294   0.00431025   0.00306331
  16   999  5.07018e-14  1.78032e-26  1.33429e-13    0.0832197    0.0076497      1031.38  1.76602e-13        0.198   0.00405051   0.00286809

--------------------End of Global Run-----------------------
 The run consists of 1000 gamma of 6 MeV
 Dose in scoring volume : 50.7018 picoGy  +- 4.21728 picoGy 
------------------------------------------------------------

### Run 1 start.

---> Begin of event: 0

---> Begin of event: 100

---> Begin of event: 200

---> Begin of event: 300

---> Begin of event: 400

---> Begin of event: 500

---> Begin of event: 600

---> Begin of event: 700

---> Begin of event: 800

---> Begin of event: 900

G4ConvergenceTester Output Result of DOSE_TALLY
       EFFICIENCY =         0.613
             MEAN =   4.79201e-12
              VAR =   2.09984e-23
               SD =    4.5824e-12
                R =     0.0302396
            SHIFT =   2.25801e-13
              VOV =   0.000188291
              FOM =       1188.67
THE LARGEST SCORE =   1.06734e-11 and it happend at 955th event
    Affected Mean =   4.79788e-12 and its ratio to orignal is 1.00123
     Affected VAR =    2.1012e-23 and its ratio to orignal is 1.00065
       Affected R =     0.0301972 and its ratio to orignal is 0.998599
   Affected SHIFT =   2.21462e-13 and its ratio to orignal is 0.980783
     Affected FOM =       1188.67 and its ratio to orignal is 1
MEAN distribution is not RANDOM
r follows 1/std::sqrt(N)
r is monotonically decrease 
r is less than 0.1. r = 0.0302396
VOV follows 1/std::sqrt(N)
VOV is monotonically decrease 
FOM distribution is not RANDOM
SLOPE is not large enough
This result passes 5 / 8 Convergence Test.


G4ConvergenceTester Output History of DOSE_TALLY
i/16 till_ith      mean          var           sd            r          vov          fom        shift            e        r2eff        r2int
   1    62  4.46576e-12  1.88281e-23  4.33914e-12     0.122416   0.00554939      72.5332  4.86312e-13     0.650794   0.00851723   0.00623055
   2   124  4.43019e-12  1.96764e-23  4.43581e-12    0.0895561    0.0022283      135.526  4.98607e-13        0.608   0.00515789   0.00279824
   3   187  4.41417e-12  2.02474e-23  4.49971e-12    0.0743458    0.0014147      196.652  5.74095e-13     0.590426   0.00368986   0.00180804
   4   249  4.64123e-12  2.05105e-23  4.52885e-12    0.0617141  0.000895029      285.393  3.71898e-13        0.608   0.00257895   0.00121445
   5   312    4.693e-12  2.03836e-23  4.51482e-12    0.0543774   0.00072374        367.6  3.17232e-13     0.613419   0.00201345  0.000934007
   6   374   4.6593e-12  2.04044e-23  4.51713e-12     0.050064  0.000612389      433.672  3.59801e-13     0.610667   0.00170015  0.000799575
   7   437  4.51802e-12  2.03263e-23  4.50847e-12    0.0476809  0.000574243      478.105  4.87051e-13      0.60274   0.00150477  0.000763502
   8   499  4.48155e-12  2.05619e-23  4.53452e-12    0.0452499  0.000491227      530.856   5.2192e-13         0.59   0.00138983  0.000653627
   9   562  4.65473e-12  2.07374e-23  4.55384e-12    0.0412315  0.000379532      639.373  3.53547e-13     0.605684   0.00115635  0.000540664
  10   624  4.66029e-12  2.07961e-23  4.56027e-12    0.0391415  0.000331304      709.475  3.46344e-13       0.6048    0.0010455  0.000484105
  11   687  4.74261e-12  2.10262e-23  4.58543e-12    0.0368611  0.000277518      799.973   2.7196e-13     0.607558  0.000938856  0.000417911
  12   749  4.76118e-12  2.11399e-23  4.59782e-12    0.0352619  0.000247328      874.178  2.56027e-13     0.605333   0.00086931  0.000372436
  13   812  4.72053e-12   2.1125e-23  4.59619e-12    0.0341478  0.000233306      932.153  2.91621e-13     0.601476  0.000814977  0.000349659
  14   874  4.74669e-12  2.10955e-23  4.59298e-12    0.0327114  0.000212871      1015.81   2.6465e-13     0.604571  0.000747502  0.000321313
  15   937  4.74059e-12  2.10732e-23  4.59056e-12    0.0316178  0.000201746       1087.3  2.76857e-13     0.607676  0.000688288  0.000310331
  16   999  4.79201e-12  2.09984e-23   4.5824e-12    0.0302396  0.000188291      1188.67  2.25801e-13        0.613  0.000631321  0.000282196

--------------------End of Global Run-----------------------
 The run consists of 1000 proton of 210 MeV
 Dose in scoring volume : 4.79201 nanoGy  +- 144.836 picoGy 
------------------------------------------------------------

Graphics systems deleted.
Visualization Manager deleting...
