
        ############################################
        !!! WARNING - FPE detection is activated !!!
        ############################################

**************************************************************
 Geant4 version Name: geant4-10-04-ref-08    (31-August-2018)
                       Copyright : Geant4 Collaboration
                      References : NIM A 506 (2003), 250-303
                                 : IEEE-TNS 53 (2006), 270-278
                                 : NIM A 835 (2016), 186-225
                             WWW : http://geant4.org/
**************************************************************

      ********** Run Manager constructed in sequential mode ************ 
<<< Geant4 Physics List simulation engine: FTFP_BERT 2.0

      ********************************************************* 
      ********** processes are wrapped for biasing ************ 
      ********************************************************* 
Parallel World `parallelWorldForSlices' constructed.
 G4PhysicsListHelper::AddTransportation()--- G4CoupledTransportation is used 

 FTFP_BERT : new threshold between BERT and FTFP is over the interval 
 for pions :   3 to 12 GeV
 for kaons :   3 to 12 GeV
 for proton :  3 to 12 GeV
 for neutron : 3 to 12 GeV

### Adding tracking cuts for neutron  TimeCut(ns)= 10000  KinEnergyCut(MeV)= 0
           neutron : biasWrapper(0) 
Visualization Manager instantiating with verbosity "warnings (3)"...
Visualization Manager initialising...
Registering graphics systems...

You have successfully registered the following graphics systems.
Current available graphics systems are:
ASCIITree (ATree)
DAWNFILE (DAWNFILE)
G4HepRep (HepRepXML)
G4HepRepFile (HepRepFile)
RayTracer (RayTracer)
VRML1FILE (VRML1FILE)
VRML2FILE (VRML2FILE)
gMocrenFile (gMocrenFile)
OpenGLImmediateQt (OGLIQt, OGLI)
OpenGLStoredQt (OGLSQt, OGL, OGLS)
OpenGLImmediateXm (OGLIXm, OGLIQt_FALLBACK)
OpenGLStoredXm (OGLSXm, OGLSQt_FALLBACK)
OpenGLImmediateX (OGLIX, OGLIQt_FALLBACK, OGLIXm_FALLBACK)
OpenGLStoredX (OGLSX, OGLSQt_FALLBACK, OGLSXm_FALLBACK)
RayTracerX (RayTracerX)

Registering model factories...

You have successfully registered the following model factories.
Registered model factories:
  generic
  drawByAttribute
  drawByCharge
  drawByOriginVolume
  drawByParticleID
  drawByEncounteredVolume

Registered filter factories:
  attributeFilter
  chargeFilter
  originVolumeFilter
  particleFilter
  encounteredVolumeFilter

You have successfully registered the following user vis actions.
Run Duration User Vis Actions: none
End of Event User Vis Actions: none
End of Run User Vis Actions: none

Some /vis commands (optionally) take a string to specify colour.
"/vis/list" to see available colours.

phot:   for  gamma    SubType= 12  BuildTable= 0
      LambdaPrime table from 200 keV to 100 TeV in 61 bins 
      ===== EM models for the G4Region  DefaultRegionForTheWorld ======
 LivermorePhElectric :  Emin=        0 eV    Emax=      100 TeV   AngularGenSauterGavrila  FluoActive

compt:   for  gamma    SubType= 13  BuildTable= 1
      Lambda table from 100 eV  to 1 MeV, 7 bins per decade, spline: 1
      LambdaPrime table from 1 MeV to 100 TeV in 56 bins 
      ===== EM models for the G4Region  DefaultRegionForTheWorld ======
       Klein-Nishina :  Emin=        0 eV    Emax=      100 TeV

conv:   for  gamma    SubType= 14  BuildTable= 1
      Lambda table from 1.022 MeV to 100 TeV, 18 bins per decade, spline: 1
      ===== EM models for the G4Region  DefaultRegionForTheWorld ======
        BetheHeitler :  Emin=        0 eV    Emax=       80 GeV   AngularGenUrban
     BetheHeitlerLPM :  Emin=       80 GeV   Emax=      100 TeV   AngularGenUrban

Rayl:   for  gamma    SubType= 11  BuildTable= 1
      Lambda table from 100 eV  to 100 keV, 7 bins per decade, spline: 0
      LambdaPrime table from 100 keV to 100 TeV in 63 bins 
      ===== EM models for the G4Region  DefaultRegionForTheWorld ======
   LivermoreRayleigh :  Emin=        0 eV    Emax=      100 TeV   CullenGenerator

msc:   for e-    SubType= 10
      RangeFactor= 0.04, stepLimitType: 1, latDisplacement: 1
      ===== EM models for the G4Region  DefaultRegionForTheWorld ======
            UrbanMsc :  Emin=        0 eV    Emax=      100 MeV  Table with 42 bins Emin=    100 eV    Emax=    100 MeV
        WentzelVIUni :  Emin=      100 MeV   Emax=      100 TeV  Table with 42 bins Emin=    100 MeV   Emax=    100 TeV

eIoni:   for  e-    SubType= 2
      dE/dx and range tables from 100 eV  to 100 TeV in 84 bins
      Lambda tables from threshold to 100 TeV, 7 bins per decade, spline: 1
      finalRange(mm)= 1, dRoverRange= 0.2, integral: 1, fluct: 1, linLossLimit= 0.01
      ===== EM models for the G4Region  DefaultRegionForTheWorld ======
        MollerBhabha :  Emin=        0 eV    Emax=      100 TeV

eBrem:   for  e-    SubType= 3
      dE/dx and range tables from 100 eV  to 100 TeV in 84 bins
      Lambda tables from threshold to 100 TeV, 7 bins per decade, spline: 1
      LPM flag: 1 for E > 1 GeV,  VertexHighEnergyTh(GeV)= 100000
      ===== EM models for the G4Region  DefaultRegionForTheWorld ======
             eBremSB :  Emin=        0 eV    Emax=        1 GeV   DipBustGen
            eBremLPM :  Emin=        1 GeV   Emax=      100 TeV   DipBustGen

CoulombScat:   for  e-, integral: 1     SubType= 1  BuildTable= 1
      Lambda table from 100 MeV to 100 TeV, 7 bins per decade, spline: 1
      ThetaMin(p) < Theta(degree) < 180 pLimit(GeV^1)= 0.139531
      ===== EM models for the G4Region  DefaultRegionForTheWorld ======
  eCoulombScattering :  Emin=      100 MeV   Emax=      100 TeV

msc:   for e+    SubType= 10
      RangeFactor= 0.04, stepLimitType: 1, latDisplacement: 1
      ===== EM models for the G4Region  DefaultRegionForTheWorld ======
            UrbanMsc :  Emin=        0 eV    Emax=      100 MeV  Table with 42 bins Emin=    100 eV    Emax=    100 MeV
        WentzelVIUni :  Emin=      100 MeV   Emax=      100 TeV  Table with 42 bins Emin=    100 MeV   Emax=    100 TeV

eIoni:   for  e+    SubType= 2
      dE/dx and range tables from 100 eV  to 100 TeV in 84 bins
      Lambda tables from threshold to 100 TeV, 7 bins per decade, spline: 1
      finalRange(mm)= 1, dRoverRange= 0.2, integral: 1, fluct: 1, linLossLimit= 0.01
      ===== EM models for the G4Region  DefaultRegionForTheWorld ======
        MollerBhabha :  Emin=        0 eV    Emax=      100 TeV

eBrem:   for  e+    SubType= 3
      dE/dx and range tables from 100 eV  to 100 TeV in 84 bins
      Lambda tables from threshold to 100 TeV, 7 bins per decade, spline: 1
      LPM flag: 1 for E > 1 GeV,  VertexHighEnergyTh(GeV)= 100000
      ===== EM models for the G4Region  DefaultRegionForTheWorld ======
             eBremSB :  Emin=        0 eV    Emax=        1 GeV   DipBustGen
            eBremLPM :  Emin=        1 GeV   Emax=      100 TeV   DipBustGen

annihil:   for  e+, integral: 1     SubType= 5  BuildTable= 0
      ===== EM models for the G4Region  DefaultRegionForTheWorld ======
            eplus2gg :  Emin=        0 eV    Emax=      100 TeV

CoulombScat:   for  e+, integral: 1     SubType= 1  BuildTable= 1
      Lambda table from 100 MeV to 100 TeV, 7 bins per decade, spline: 1
      ThetaMin(p) < Theta(degree) < 180 pLimit(GeV^1)= 0.139531
      ===== EM models for the G4Region  DefaultRegionForTheWorld ======
  eCoulombScattering :  Emin=      100 MeV   Emax=      100 TeV

msc:   for proton    SubType= 10
      RangeFactor= 0.2, stepLimitType: 0, latDisplacement: 0
      ===== EM models for the G4Region  DefaultRegionForTheWorld ======
        WentzelVIUni :  Emin=        0 eV    Emax=      100 TeV  Table with 84 bins Emin=    100 eV    Emax=    100 TeV

hIoni:   for  proton    SubType= 2
      dE/dx and range tables from 100 eV  to 100 TeV in 84 bins
      Lambda tables from threshold to 100 TeV, 7 bins per decade, spline: 1
      finalRange(mm)= 0.1, dRoverRange= 0.2, integral: 1, fluct: 1, linLossLimit= 0.01
      ===== EM models for the G4Region  DefaultRegionForTheWorld ======
               Bragg :  Emin=        0 eV    Emax=        2 MeV
          BetheBloch :  Emin=        2 MeV   Emax=      100 TeV

hBrems:   for  proton    SubType= 3
      dE/dx and range tables from 100 eV  to 100 TeV in 84 bins
      Lambda tables from threshold to 100 TeV, 7 bins per decade, spline: 1
      ===== EM models for the G4Region  DefaultRegionForTheWorld ======
               hBrem :  Emin=        0 eV    Emax=      100 TeV

hPairProd:   for  proton    SubType= 4
      dE/dx and range tables from 100 eV  to 100 TeV in 84 bins
      Lambda tables from threshold to 100 TeV, 7 bins per decade, spline: 1
      Sampling table 17x1001 from 7.50618 GeV to 100 TeV 
      ===== EM models for the G4Region  DefaultRegionForTheWorld ======
           hPairProd :  Emin=        0 eV    Emax=      100 TeV

CoulombScat:   for  proton, integral: 1     SubType= 1  BuildTable= 1
      Lambda table from threshold  to 100 TeV, 7 bins per decade, spline: 1
      ThetaMin(p) < Theta(degree) < 180 pLimit(GeV^1)= 0.139531
      ===== EM models for the G4Region  DefaultRegionForTheWorld ======
  eCoulombScattering :  Emin=        0 eV    Emax=      100 TeV

msc:   for GenericIon    SubType= 10
      RangeFactor= 0.2, stepLimitType: 0, latDisplacement: 0
      ===== EM models for the G4Region  DefaultRegionForTheWorld ======
            UrbanMsc :  Emin=        0 eV    Emax=      100 TeV

ionIoni:   for  GenericIon    SubType= 2
      dE/dx and range tables from 100 eV  to 100 TeV in 84 bins
      Lambda tables from threshold to 100 TeV, 7 bins per decade, spline: 1
      finalRange(mm)= 0.1, dRoverRange= 0.2, integral: 1, fluct: 1, linLossLimit= 0.02
      Stopping Power data for 17 ion/material pairs
      ===== EM models for the G4Region  DefaultRegionForTheWorld ======
            BraggIon :  Emin=        0 eV    Emax=        2 MeV
          BetheBloch :  Emin=        2 MeV   Emax=      100 TeV

msc:   for alpha    SubType= 10
      RangeFactor= 0.2, stepLimitType: 0, latDisplacement: 0
      ===== EM models for the G4Region  DefaultRegionForTheWorld ======
            UrbanMsc :  Emin=        0 eV    Emax=      100 TeV  Table with 84 bins Emin=    100 eV    Emax=    100 TeV

ionIoni:   for  alpha    SubType= 2
      dE/dx and range tables from 100 eV  to 100 TeV in 84 bins
      Lambda tables from threshold to 100 TeV, 7 bins per decade, spline: 1
      finalRange(mm)= 0.1, dRoverRange= 0.2, integral: 1, fluct: 1, linLossLimit= 0.02
      ===== EM models for the G4Region  DefaultRegionForTheWorld ======
            BraggIon :  Emin=        0 eV    Emax=   7.9452 MeV
          BetheBloch :  Emin=   7.9452 MeV   Emax=      100 TeV

msc:   for anti_proton    SubType= 10
      RangeFactor= 0.2, stepLimitType: 0, latDisplacement: 0
      ===== EM models for the G4Region  DefaultRegionForTheWorld ======
        WentzelVIUni :  Emin=        0 eV    Emax=      100 TeV  Table with 84 bins Emin=    100 eV    Emax=    100 TeV

hIoni:   for  anti_proton    SubType= 2
      dE/dx and range tables from 100 eV  to 100 TeV in 84 bins
      Lambda tables from threshold to 100 TeV, 7 bins per decade, spline: 1
      finalRange(mm)= 0.1, dRoverRange= 0.2, integral: 1, fluct: 1, linLossLimit= 0.01
      ===== EM models for the G4Region  DefaultRegionForTheWorld ======
            ICRU73QO :  Emin=        0 eV    Emax=        2 MeV
          BetheBloch :  Emin=        2 MeV   Emax=      100 TeV

hBrems:   for  anti_proton    SubType= 3
      dE/dx and range tables from 100 eV  to 100 TeV in 84 bins
      Lambda tables from threshold to 100 TeV, 7 bins per decade, spline: 1
      ===== EM models for the G4Region  DefaultRegionForTheWorld ======
               hBrem :  Emin=        0 eV    Emax=      100 TeV

hPairProd:   for  anti_proton    SubType= 4
      dE/dx and range tables from 100 eV  to 100 TeV in 84 bins
      Lambda tables from threshold to 100 TeV, 7 bins per decade, spline: 1
      Sampling table 17x1001 from 7.50618 GeV to 100 TeV 
      ===== EM models for the G4Region  DefaultRegionForTheWorld ======
           hPairProd :  Emin=        0 eV    Emax=      100 TeV

CoulombScat:   for  anti_proton, integral: 1     SubType= 1  BuildTable= 1
      Lambda table from threshold  to 100 TeV, 7 bins per decade, spline: 1
      ThetaMin(p) < Theta(degree) < 180 pLimit(GeV^1)= 0.139531
      ===== EM models for the G4Region  DefaultRegionForTheWorld ======
  eCoulombScattering :  Emin=        0 eV    Emax=      100 TeV

msc:   for kaon+    SubType= 10
      RangeFactor= 0.2, stepLimitType: 0, latDisplacement: 0
      ===== EM models for the G4Region  DefaultRegionForTheWorld ======
        WentzelVIUni :  Emin=        0 eV    Emax=      100 TeV  Table with 84 bins Emin=    100 eV    Emax=    100 TeV

hIoni:   for  kaon+    SubType= 2
      dE/dx and range tables from 100 eV  to 100 TeV in 84 bins
      Lambda tables from threshold to 100 TeV, 7 bins per decade, spline: 1
      finalRange(mm)= 0.1, dRoverRange= 0.2, integral: 1, fluct: 1, linLossLimit= 0.01
      ===== EM models for the G4Region  DefaultRegionForTheWorld ======
               Bragg :  Emin=        0 eV    Emax=  1.05231 MeV
          BetheBloch :  Emin=  1.05231 MeV   Emax=      100 TeV

hBrems:   for  kaon+    SubType= 3
      dE/dx and range tables from 100 eV  to 100 TeV in 84 bins
      Lambda tables from threshold to 100 TeV, 7 bins per decade, spline: 1
      ===== EM models for the G4Region  DefaultRegionForTheWorld ======
               hBrem :  Emin=        0 eV    Emax=      100 TeV

hPairProd:   for  kaon+    SubType= 4
      dE/dx and range tables from 100 eV  to 100 TeV in 84 bins
      Lambda tables from threshold to 100 TeV, 7 bins per decade, spline: 1
      Sampling table 18x1001 from 3.94942 GeV to 100 TeV 
      ===== EM models for the G4Region  DefaultRegionForTheWorld ======
           hPairProd :  Emin=        0 eV    Emax=      100 TeV

CoulombScat:   for  kaon+, integral: 1     SubType= 1  BuildTable= 1
      Lambda table from threshold  to 100 TeV, 7 bins per decade, spline: 1
      ThetaMin(p) < Theta(degree) < 180 pLimit(GeV^1)= 0.139531
      ===== EM models for the G4Region  DefaultRegionForTheWorld ======
  eCoulombScattering :  Emin=        0 eV    Emax=      100 TeV

msc:   for kaon-    SubType= 10
      RangeFactor= 0.2, stepLimitType: 0, latDisplacement: 0
      ===== EM models for the G4Region  DefaultRegionForTheWorld ======
        WentzelVIUni :  Emin=        0 eV    Emax=      100 TeV  Table with 84 bins Emin=    100 eV    Emax=    100 TeV

hIoni:   for  kaon-    SubType= 2
      dE/dx and range tables from 100 eV  to 100 TeV in 84 bins
      Lambda tables from threshold to 100 TeV, 7 bins per decade, spline: 1
      finalRange(mm)= 0.1, dRoverRange= 0.2, integral: 1, fluct: 1, linLossLimit= 0.01
      ===== EM models for the G4Region  DefaultRegionForTheWorld ======
            ICRU73QO :  Emin=        0 eV    Emax=  1.05231 MeV
          BetheBloch :  Emin=  1.05231 MeV   Emax=      100 TeV

hBrems:   for  kaon-    SubType= 3
      dE/dx and range tables from 100 eV  to 100 TeV in 84 bins
      Lambda tables from threshold to 100 TeV, 7 bins per decade, spline: 1
      ===== EM models for the G4Region  DefaultRegionForTheWorld ======
               hBrem :  Emin=        0 eV    Emax=      100 TeV

hPairProd:   for  kaon-    SubType= 4
      dE/dx and range tables from 100 eV  to 100 TeV in 84 bins
      Lambda tables from threshold to 100 TeV, 7 bins per decade, spline: 1
      Sampling table 18x1001 from 3.94942 GeV to 100 TeV 
      ===== EM models for the G4Region  DefaultRegionForTheWorld ======
           hPairProd :  Emin=        0 eV    Emax=      100 TeV

CoulombScat:   for  kaon-, integral: 1     SubType= 1  BuildTable= 1
      Used Lambda table of kaon+
      ThetaMin(p) < Theta(degree) < 180 pLimit(GeV^1)= 0.139531
      ===== EM models for the G4Region  DefaultRegionForTheWorld ======
  eCoulombScattering :  Emin=        0 eV    Emax=      100 TeV

msc:   for mu+    SubType= 10
      RangeFactor= 0.2, step limit type: 0, lateralDisplacement: 0, polarAngleLimit(deg)= 180
      ===== EM models for the G4Region  DefaultRegionForTheWorld ======
        WentzelVIUni :  Emin=        0 eV    Emax=      100 TeV  Table with 84 bins Emin=    100 eV    Emax=    100 TeV

muIoni:   for  mu+    SubType= 2
      dE/dx and range tables from 100 eV  to 100 TeV in 84 bins
      Lambda tables from threshold to 100 TeV, 7 bins per decade, spline: 1
      finalRange(mm)= 0.1, dRoverRange= 0.2, integral: 1, fluct: 1, linLossLimit= 0.01
      ===== EM models for the G4Region  DefaultRegionForTheWorld ======
               Bragg :  Emin=        0 eV    Emax=      200 keV
          BetheBloch :  Emin=      200 keV   Emax=        1 GeV
        MuBetheBloch :  Emin=        1 GeV   Emax=      100 TeV

muBrems:   for  mu+    SubType= 3
      dE/dx and range tables from 100 eV  to 100 TeV in 84 bins
      Lambda tables from threshold to 100 TeV, 7 bins per decade, spline: 1
      ===== EM models for the G4Region  DefaultRegionForTheWorld ======
              MuBrem :  Emin=        0 eV    Emax=      100 TeV

muPairProd:   for  mu+    SubType= 4
      dE/dx and range tables from 100 eV  to 100 TeV in 84 bins
      Lambda tables from threshold to 100 TeV, 7 bins per decade, spline: 1
      Sampling table 21x1001 from 1 GeV to 100 TeV 
      ===== EM models for the G4Region  DefaultRegionForTheWorld ======
          muPairProd :  Emin=        0 eV    Emax=      100 TeV

CoulombScat:   for  mu+, integral: 1     SubType= 1  BuildTable= 1
      Lambda table from threshold  to 100 TeV, 7 bins per decade, spline: 1
      ThetaMin(p) < Theta(degree) < 180 pLimit(GeV^1)= 0.139531
      ===== EM models for the G4Region  DefaultRegionForTheWorld ======
  eCoulombScattering :  Emin=        0 eV    Emax=      100 TeV

msc:   for mu-    SubType= 10
      RangeFactor= 0.2, step limit type: 0, lateralDisplacement: 0, polarAngleLimit(deg)= 180
      ===== EM models for the G4Region  DefaultRegionForTheWorld ======
        WentzelVIUni :  Emin=        0 eV    Emax=      100 TeV  Table with 84 bins Emin=    100 eV    Emax=    100 TeV

muIoni:   for  mu-    SubType= 2
      dE/dx and range tables from 100 eV  to 100 TeV in 84 bins
      Lambda tables from threshold to 100 TeV, 7 bins per decade, spline: 1
      finalRange(mm)= 0.1, dRoverRange= 0.2, integral: 1, fluct: 1, linLossLimit= 0.01
      ===== EM models for the G4Region  DefaultRegionForTheWorld ======
            ICRU73QO :  Emin=        0 eV    Emax=      200 keV
          BetheBloch :  Emin=      200 keV   Emax=        1 GeV
        MuBetheBloch :  Emin=        1 GeV   Emax=      100 TeV

muBrems:   for  mu-    SubType= 3
      dE/dx and range tables from 100 eV  to 100 TeV in 84 bins
      Lambda tables from threshold to 100 TeV, 7 bins per decade, spline: 1
      ===== EM models for the G4Region  DefaultRegionForTheWorld ======
              MuBrem :  Emin=        0 eV    Emax=      100 TeV

muPairProd:   for  mu-    SubType= 4
      dE/dx and range tables from 100 eV  to 100 TeV in 84 bins
      Lambda tables from threshold to 100 TeV, 7 bins per decade, spline: 1
      Sampling table 21x1001 from 1 GeV to 100 TeV 
      ===== EM models for the G4Region  DefaultRegionForTheWorld ======
          muPairProd :  Emin=        0 eV    Emax=      100 TeV

CoulombScat:   for  mu-, integral: 1     SubType= 1  BuildTable= 1
      Used Lambda table of mu+
      ThetaMin(p) < Theta(degree) < 180 pLimit(GeV^1)= 0.139531
      ===== EM models for the G4Region  DefaultRegionForTheWorld ======
  eCoulombScattering :  Emin=        0 eV    Emax=      100 TeV

msc:   for pi+    SubType= 10
      RangeFactor= 0.2, stepLimitType: 0, latDisplacement: 0
      ===== EM models for the G4Region  DefaultRegionForTheWorld ======
        WentzelVIUni :  Emin=        0 eV    Emax=      100 TeV  Table with 84 bins Emin=    100 eV    Emax=    100 TeV

hIoni:   for  pi+    SubType= 2
      dE/dx and range tables from 100 eV  to 100 TeV in 84 bins
      Lambda tables from threshold to 100 TeV, 7 bins per decade, spline: 1
      finalRange(mm)= 0.1, dRoverRange= 0.2, integral: 1, fluct: 1, linLossLimit= 0.01
      ===== EM models for the G4Region  DefaultRegionForTheWorld ======
               Bragg :  Emin=        0 eV    Emax=  297.505 keV
          BetheBloch :  Emin=  297.505 keV   Emax=      100 TeV

hBrems:   for  pi+    SubType= 3
      dE/dx and range tables from 100 eV  to 100 TeV in 84 bins
      Lambda tables from threshold to 100 TeV, 7 bins per decade, spline: 1
      ===== EM models for the G4Region  DefaultRegionForTheWorld ======
               hBrem :  Emin=        0 eV    Emax=      100 TeV

hPairProd:   for  pi+    SubType= 4
      dE/dx and range tables from 100 eV  to 100 TeV in 84 bins
      Lambda tables from threshold to 100 TeV, 7 bins per decade, spline: 1
      Sampling table 20x1001 from 1.11656 GeV to 100 TeV 
      ===== EM models for the G4Region  DefaultRegionForTheWorld ======
           hPairProd :  Emin=        0 eV    Emax=      100 TeV

CoulombScat:   for  pi+, integral: 1     SubType= 1  BuildTable= 1
      Lambda table from threshold  to 100 TeV, 7 bins per decade, spline: 1
      ThetaMin(p) < Theta(degree) < 180 pLimit(GeV^1)= 0.139531
      ===== EM models for the G4Region  DefaultRegionForTheWorld ======
  eCoulombScattering :  Emin=        0 eV    Emax=      100 TeV

msc:   for pi-    SubType= 10
      RangeFactor= 0.2, stepLimitType: 0, latDisplacement: 0
      ===== EM models for the G4Region  DefaultRegionForTheWorld ======
        WentzelVIUni :  Emin=        0 eV    Emax=      100 TeV  Table with 84 bins Emin=    100 eV    Emax=    100 TeV

hIoni:   for  pi-    SubType= 2
      dE/dx and range tables from 100 eV  to 100 TeV in 84 bins
      Lambda tables from threshold to 100 TeV, 7 bins per decade, spline: 1
      finalRange(mm)= 0.1, dRoverRange= 0.2, integral: 1, fluct: 1, linLossLimit= 0.01
      ===== EM models for the G4Region  DefaultRegionForTheWorld ======
            ICRU73QO :  Emin=        0 eV    Emax=  297.505 keV
          BetheBloch :  Emin=  297.505 keV   Emax=      100 TeV

hBrems:   for  pi-    SubType= 3
      dE/dx and range tables from 100 eV  to 100 TeV in 84 bins
      Lambda tables from threshold to 100 TeV, 7 bins per decade, spline: 1
      ===== EM models for the G4Region  DefaultRegionForTheWorld ======
               hBrem :  Emin=        0 eV    Emax=      100 TeV

hPairProd:   for  pi-    SubType= 4
      dE/dx and range tables from 100 eV  to 100 TeV in 84 bins
      Lambda tables from threshold to 100 TeV, 7 bins per decade, spline: 1
      Sampling table 20x1001 from 1.11656 GeV to 100 TeV 
      ===== EM models for the G4Region  DefaultRegionForTheWorld ======
           hPairProd :  Emin=        0 eV    Emax=      100 TeV

CoulombScat:   for  pi-, integral: 1     SubType= 1  BuildTable= 1
      Used Lambda table of pi+
      ThetaMin(p) < Theta(degree) < 180 pLimit(GeV^1)= 0.139531
      ===== EM models for the G4Region  DefaultRegionForTheWorld ======
  eCoulombScattering :  Emin=        0 eV    Emax=      100 TeV

====================================================================
                  HADRONIC PROCESSES SUMMARY (verbose level 1)

---------------------------------------------------
                           Hadronic Processes for neutron

  Process: hadElastic
        Model:             hElasticCHIPS: 0 eV  ---> 100 TeV
     Cr_sctns:        G4NeutronElasticXS: 0 eV  ---> 100 TeV

  Process: neutronInelastic
        Model:                      FTFP: 3 GeV ---> 100 TeV
        Model:            BertiniCascade: 0 eV  ---> 12 GeV
     Cr_sctns:      G4NeutronInelasticXS: 0 eV  ---> 100 TeV

  Process: nCapture
        Model:               nRadCapture: 0 eV  ---> 100 TeV
     Cr_sctns:        G4NeutronCaptureXS: 0 eV  ---> 100 TeV

  Process: nKiller

---------------------------------------------------
                           Hadronic Processes for GenericIon

  Process: ionInelastic
        Model:  Binary Light Ion Cascade: 0 eV /n ---> 4 GeV/n
        Model:                      FTFP: 2 GeV/n ---> 100 TeV/n
     Cr_sctns:  Glauber-Gribov Nucl-nucl: 0 eV  ---> 100 TeV
     Cr_sctns:          GheishaInelastic: 0 eV  ---> 100 TeV

---------------------------------------------------
                           Hadronic Processes for He3

  Process: hadElastic
        Model:              hElasticLHEP: 0 eV /n ---> 100 TeV/n
     Cr_sctns:  Glauber-Gribov Nucl-nucl: 0 eV  ---> 100 TeV
     Cr_sctns:            GheishaElastic: 0 eV  ---> 100 TeV

  Process: He3Inelastic
        Model:  Binary Light Ion Cascade: 0 eV /n ---> 4 GeV/n
        Model:                      FTFP: 2 GeV/n ---> 100 TeV/n
     Cr_sctns:  Glauber-Gribov Nucl-nucl: 0 eV  ---> 100 TeV
     Cr_sctns:          GheishaInelastic: 0 eV  ---> 100 TeV

---------------------------------------------------
                           Hadronic Processes for alpha

  Process: hadElastic
        Model:              hElasticLHEP: 0 eV /n ---> 100 TeV/n
     Cr_sctns:            GheishaElastic: 0 eV  ---> 100 TeV

  Process: alphaInelastic
        Model:  Binary Light Ion Cascade: 0 eV /n ---> 4 GeV/n
        Model:                      FTFP: 2 GeV/n ---> 100 TeV/n
     Cr_sctns:  Glauber-Gribov Nucl-nucl: 0 eV  ---> 100 TeV
     Cr_sctns:          GheishaInelastic: 0 eV  ---> 100 TeV

---------------------------------------------------
                           Hadronic Processes for anti_He3

  Process: hadElastic
        Model:              hElasticLHEP: 0 eV /n ---> 100.1 MeV/n
        Model:              AntiAElastic: 100 MeV/n ---> 100 TeV/n
     Cr_sctns:              AntiAGlauber: 0 eV  ---> 100 TeV
     Cr_sctns:            GheishaElastic: 0 eV  ---> 100 TeV

  Process: anti_He3Inelastic
        Model:                      FTFP: 0 eV /n ---> 100 TeV/n
     Cr_sctns:              AntiAGlauber: 0 eV  ---> 100 TeV
     Cr_sctns:          GheishaInelastic: 0 eV  ---> 100 TeV

  Process: hFritiofCaptureAtRest

---------------------------------------------------
                           Hadronic Processes for anti_alpha

  Process: hadElastic
        Model:              hElasticLHEP: 0 eV /n ---> 100.1 MeV/n
        Model:              AntiAElastic: 100 MeV/n ---> 100 TeV/n
     Cr_sctns:              AntiAGlauber: 0 eV  ---> 100 TeV
     Cr_sctns:            GheishaElastic: 0 eV  ---> 100 TeV

  Process: anti_alphaInelastic
        Model:                      FTFP: 0 eV /n ---> 100 TeV/n
     Cr_sctns:              AntiAGlauber: 0 eV  ---> 100 TeV
     Cr_sctns:          GheishaInelastic: 0 eV  ---> 100 TeV

  Process: hFritiofCaptureAtRest

---------------------------------------------------
                           Hadronic Processes for anti_deuteron

  Process: hadElastic
        Model:              hElasticLHEP: 0 eV /n ---> 100.1 MeV/n
        Model:              AntiAElastic: 100 MeV/n ---> 100 TeV/n
     Cr_sctns:              AntiAGlauber: 0 eV  ---> 100 TeV
     Cr_sctns:            GheishaElastic: 0 eV  ---> 100 TeV

  Process: anti_deuteronInelastic
        Model:                      FTFP: 0 eV /n ---> 100 TeV/n
     Cr_sctns:              AntiAGlauber: 0 eV  ---> 100 TeV
     Cr_sctns:          GheishaInelastic: 0 eV  ---> 100 TeV

  Process: hFritiofCaptureAtRest

---------------------------------------------------
                           Hadronic Processes for anti_neutron

  Process: hadElastic
        Model:              hElasticLHEP: 0 eV  ---> 100 TeV
     Cr_sctns:            GheishaElastic: 0 eV  ---> 100 TeV

  Process: anti_neutronInelastic
        Model:                      FTFP: 0 eV  ---> 100 TeV
     Cr_sctns:              AntiAGlauber: 0 eV  ---> 100 TeV
     Cr_sctns:          GheishaInelastic: 0 eV  ---> 100 TeV

---------------------------------------------------
                           Hadronic Processes for anti_proton

  Process: hadElastic
        Model:              hElasticLHEP: 0 eV  ---> 100.1 MeV
        Model:              AntiAElastic: 100 MeV ---> 100 TeV
     Cr_sctns:              AntiAGlauber: 0 eV  ---> 100 TeV
     Cr_sctns:            GheishaElastic: 0 eV  ---> 100 TeV

  Process: anti_protonInelastic
        Model:                      FTFP: 0 eV  ---> 100 TeV
     Cr_sctns:              AntiAGlauber: 0 eV  ---> 100 TeV
     Cr_sctns:          GheishaInelastic: 0 eV  ---> 100 TeV

  Process: hFritiofCaptureAtRest

---------------------------------------------------
                           Hadronic Processes for anti_triton

  Process: hadElastic
        Model:              hElasticLHEP: 0 eV /n ---> 100.1 MeV/n
        Model:              AntiAElastic: 100 MeV/n ---> 100 TeV/n
     Cr_sctns:              AntiAGlauber: 0 eV  ---> 100 TeV
     Cr_sctns:            GheishaElastic: 0 eV  ---> 100 TeV

  Process: anti_tritonInelastic
        Model:                      FTFP: 0 eV /n ---> 100 TeV/n
     Cr_sctns:              AntiAGlauber: 0 eV  ---> 100 TeV
     Cr_sctns:          GheishaInelastic: 0 eV  ---> 100 TeV

  Process: hFritiofCaptureAtRest

---------------------------------------------------
                           Hadronic Processes for deuteron

  Process: hadElastic
        Model:              hElasticLHEP: 0 eV /n ---> 100 TeV/n
     Cr_sctns:            GheishaElastic: 0 eV  ---> 100 TeV

  Process: dInelastic
        Model:  Binary Light Ion Cascade: 0 eV /n ---> 4 GeV/n
        Model:                      FTFP: 2 GeV/n ---> 100 TeV/n
     Cr_sctns:  Glauber-Gribov Nucl-nucl: 0 eV  ---> 100 TeV
     Cr_sctns:          GheishaInelastic: 0 eV  ---> 100 TeV

---------------------------------------------------
                           Hadronic Processes for e+

  Process: positronNuclear
        Model:   G4ElectroVDNuclearModel: 0 eV  ---> 1 PeV
     Cr_sctns:          ElectroNuclearXS: 0 eV  ---> 100 TeV

---------------------------------------------------
                           Hadronic Processes for e-

  Process: electronNuclear
        Model:   G4ElectroVDNuclearModel: 0 eV  ---> 1 PeV
     Cr_sctns:          ElectroNuclearXS: 0 eV  ---> 100 TeV

---------------------------------------------------
                           Hadronic Processes for gamma

  Process: photonNuclear
        Model:            BertiniCascade: 0 eV  ---> 3.5 GeV
        Model:           TheoFSGenerator: 3 GeV ---> 100 TeV
     Cr_sctns:            PhotoNuclearXS: 0 eV  ---> 100 TeV

---------------------------------------------------
                           Hadronic Processes for kaon+

  Process: hadElastic
        Model:              hElasticLHEP: 0 eV  ---> 100 TeV
     Cr_sctns:            Glauber-Gribov: 0 eV  ---> 100 TeV
     Cr_sctns:            GheishaElastic: 0 eV  ---> 100 TeV

  Process: kaon+Inelastic
        Model:                      FTFP: 3 GeV ---> 100 TeV
        Model:            BertiniCascade: 0 eV  ---> 12 GeV
     Cr_sctns:            Glauber-Gribov: 0 eV  ---> 100 TeV
     Cr_sctns:  ChipsKaonPlusInelasticXS: 0 eV  ---> 100 TeV
     Cr_sctns:          GheishaInelastic: 0 eV  ---> 100 TeV

---------------------------------------------------
                           Hadronic Processes for kaon-

  Process: hadElastic
        Model:              hElasticLHEP: 0 eV  ---> 100 TeV
     Cr_sctns:            Glauber-Gribov: 0 eV  ---> 100 TeV
     Cr_sctns:            GheishaElastic: 0 eV  ---> 100 TeV

  Process: kaon-Inelastic
        Model:                      FTFP: 3 GeV ---> 100 TeV
        Model:            BertiniCascade: 0 eV  ---> 12 GeV
     Cr_sctns:            Glauber-Gribov: 0 eV  ---> 100 TeV
     Cr_sctns: ChipsKaonMinusInelasticXS: 0 eV  ---> 100 TeV
     Cr_sctns:          GheishaInelastic: 0 eV  ---> 100 TeV

  Process: hBertiniCaptureAtRest

---------------------------------------------------
                           Hadronic Processes for lambda

  Process: hadElastic
        Model:              hElasticLHEP: 0 eV  ---> 100 TeV
     Cr_sctns:            GheishaElastic: 0 eV  ---> 100 TeV

  Process: lambdaInelastic
        Model:            BertiniCascade: 0 eV  ---> 6 GeV
        Model:                      FTFP: 2 GeV ---> 100 TeV
     Cr_sctns:   ChipsHyperonInelasticXS: 0 eV  ---> 100 TeV
     Cr_sctns:          GheishaInelastic: 0 eV  ---> 100 TeV

---------------------------------------------------
                           Hadronic Processes for mu+

  Process: muonNuclear
        Model:      G4MuonVDNuclearModel: 0 eV  ---> 1 PeV
     Cr_sctns:     KokoulinMuonNuclearXS: 0 eV  ---> 100 TeV

---------------------------------------------------
                           Hadronic Processes for mu-

  Process: muonNuclear
        Model:      G4MuonVDNuclearModel: 0 eV  ---> 1 PeV
     Cr_sctns:     KokoulinMuonNuclearXS: 0 eV  ---> 100 TeV

  Process: muMinusCaptureAtRest

---------------------------------------------------
                           Hadronic Processes for pi+

  Process: hadElastic
        Model:              hElasticLHEP: 0 eV  ---> 1.0001 GeV
        Model:           hElasticGlauber: 1 GeV ---> 100 TeV
     Cr_sctns:       Barashenkov-Glauber: 0 eV  ---> 100 TeV

  Process: pi+Inelastic
        Model:                      FTFP: 3 GeV ---> 100 TeV
        Model:            BertiniCascade: 0 eV  ---> 12 GeV
     Cr_sctns:      G4CrossSectionPairGG: 0 eV  ---> 100 TeV
                         G4CrossSectionPairGG: G4PiNuclearCrossSection cross sections 
                           below 91 GeV, Glauber-Gribov above 
     Cr_sctns:          GheishaInelastic: 0 eV  ---> 100 TeV

---------------------------------------------------
                           Hadronic Processes for pi-

  Process: hadElastic
        Model:              hElasticLHEP: 0 eV  ---> 1.0001 GeV
        Model:           hElasticGlauber: 1 GeV ---> 100 TeV
     Cr_sctns:       Barashenkov-Glauber: 0 eV  ---> 100 TeV

  Process: pi-Inelastic
        Model:                      FTFP: 3 GeV ---> 100 TeV
        Model:            BertiniCascade: 0 eV  ---> 12 GeV
     Cr_sctns:      G4CrossSectionPairGG: 0 eV  ---> 100 TeV
                         G4CrossSectionPairGG: G4PiNuclearCrossSection cross sections 
                           below 91 GeV, Glauber-Gribov above 
     Cr_sctns:          GheishaInelastic: 0 eV  ---> 100 TeV

  Process: hBertiniCaptureAtRest

---------------------------------------------------
                           Hadronic Processes for proton

  Process: hadElastic
        Model:             hElasticCHIPS: 0 eV  ---> 100 TeV
     Cr_sctns:      ChipsProtonElasticXS: 0 eV  ---> 100 TeV
     Cr_sctns:            GheishaElastic: 0 eV  ---> 100 TeV

  Process: protonInelastic
        Model:                      FTFP: 3 GeV ---> 100 TeV
        Model:            BertiniCascade: 0 eV  ---> 12 GeV
     Cr_sctns:       Barashenkov-Glauber: 0 eV  ---> 100 TeV

---------------------------------------------------
                           Hadronic Processes for triton

  Process: hadElastic
        Model:              hElasticLHEP: 0 eV /n ---> 100 TeV/n
     Cr_sctns:            GheishaElastic: 0 eV  ---> 100 TeV

  Process: tInelastic
        Model:  Binary Light Ion Cascade: 0 eV /n ---> 4 GeV/n
        Model:                      FTFP: 2 GeV/n ---> 100 TeV/n
     Cr_sctns:  Glauber-Gribov Nucl-nucl: 0 eV  ---> 100 TeV
     Cr_sctns:          GheishaInelastic: 0 eV  ---> 100 TeV

================================================================
=======================================================================
======       Pre-compound/De-excitation Physics Parameters     ========
=======================================================================
Type of pre-compound inverse x-section              3
Pre-compound model active                           1
Pre-compound low energy (MeV)                       0.1
Type of de-excitation inverse x-section             3
Type of de-excitation factory                       Evaporation+GEM
Number of de-excitation channels                    68
Min excitation energy (keV)                         0.01
Min energy per nucleon for multifragmentation (MeV) 1e+05
Level density (1/MeV)                               0.1
Time limit for long lived isomeres (ns)             1e+12
Internal e- conversion flag                         1
Store e- internal conversion data                   0
Electron internal conversion ID                     2
Correlated gamma emission flag                      0
Max 2J for sampling of angular correlations         10
=======================================================================
         gamma, kinetic energy (MeV) =    0.0775806, position (cm) = (36.4212,58.9159,500),	 weight = 1.90735e-06
         gamma, kinetic energy (MeV) =     0.331942, position (cm) = (23.9691,3.59272,500),	 weight = 1.90735e-06
       neutron, kinetic energy (MeV) =       2.0235, position (cm) = (91.9427,1.53182,500),	 weight = 1.90735e-06
         gamma, kinetic energy (MeV) =      2.07081, position (cm) = (91.0746,4.99154,500),	 weight = 1.90735e-06
         gamma, kinetic energy (MeV) =      1.87547, position (cm) = (100.788,-0.406174,500),	 weight = 1.90735e-06
         gamma, kinetic energy (MeV) =       3.2714, position (cm) = (110.825,-19.4394,500),	 weight = 7.62939e-06
         gamma, kinetic energy (MeV) =     0.458891, position (cm) = (116.085,-49.4239,500),	 weight = 1.90735e-06
       neutron, kinetic energy (MeV) =     0.193659, position (cm) = (117.819,-45.1828,500),	 weight = 1.90735e-06
       neutron, kinetic energy (MeV) =     0.855605, position (cm) = (115.514,-46.5681,500),	 weight = 1.90735e-06
       neutron, kinetic energy (MeV) =      1.45208, position (cm) = (121.283,-53.7118,500),	 weight = 1.90735e-06
       neutron, kinetic energy (MeV) =      1.93431, position (cm) = (102.473,-64.8377,500),	 weight = 1.90735e-06
         gamma, kinetic energy (MeV) =      2.34323, position (cm) = (81.3689,-33.9092,500),	 weight = 1.90735e-06
         gamma, kinetic energy (MeV) =      1.11918, position (cm) = (114.768,-13.485,500),	 weight = 1.90735e-06
     anti_nu_e, kinetic energy (MeV) =      0.21219, position (cm) = (101.938,-7.86674,500),	 weight = 1.90735e-06
         gamma, kinetic energy (MeV) =     0.510999, position (cm) = (106.633,-39.9202,500),	 weight = 1.90735e-06
         gamma, kinetic energy (MeV) =     0.128327, position (cm) = (105.063,-29.0792,500),	 weight = 1.90735e-06
         gamma, kinetic energy (MeV) =      1.61629, position (cm) = (89.2192,-33.9181,500),	 weight = 1.90735e-06
         gamma, kinetic energy (MeV) =     0.536881, position (cm) = (73.6036,-21.035,500),	 weight = 1.90735e-06
       neutron, kinetic energy (MeV) =      69.6512, position (cm) = (103.901,-32.4621,500),	 weight = 1.90735e-06
       neutron, kinetic energy (MeV) =      3.85882, position (cm) = (70.0589,-30.299,500),	 weight = 1.90735e-06
         gamma, kinetic energy (MeV) =      2.58522, position (cm) = (118.648,-16.1044,500),	 weight = 1.90735e-06
       neutron, kinetic energy (MeV) =      16.0875, position (cm) = (119.181,-17.7915,500),	 weight = 1.90735e-06
       neutron, kinetic energy (MeV) =      75.0576, position (cm) = (148.284,-42.4951,500),	 weight = 9.53674e-07
         gamma, kinetic energy (MeV) =      1.69053, position (cm) = (132.982,-36.179,500),	 weight = 9.53674e-07
       neutron, kinetic energy (MeV) =  1.27329e-10, position (cm) = (-18.2977,-76.1402,500),	 weight = 9.53674e-07
         gamma, kinetic energy (MeV) =     0.110285, position (cm) = (-28.6756,-79.5224,500),	 weight = 1.90735e-06
         gamma, kinetic energy (MeV) =       2.0285, position (cm) = (21.4331,11.3221,500),	 weight = 1.90735e-06
       neutron, kinetic energy (MeV) =      56.9202, position (cm) = (4.23775,-72.7371,500),	 weight = 1.90735e-06
       neutron, kinetic energy (MeV) =      56.6016, position (cm) = (11.1613,-82.2957,500),	 weight = 1.90735e-06
       neutron, kinetic energy (MeV) =      2.10497, position (cm) = (38.5068,-112.483,500),	 weight = 1.90735e-06
       neutron, kinetic energy (MeV) =      3.03242, position (cm) = (-60.1307,7.51738,500),	 weight = 1.90735e-06
       neutron, kinetic energy (MeV) =      1.92297, position (cm) = (-58.1563,7.53051,500),	 weight = 1.90735e-06
         gamma, kinetic energy (MeV) =      3.05433, position (cm) = (-25.5732,137.159,500),	 weight = 1.90735e-06
         gamma, kinetic energy (MeV) =      1.76258, position (cm) = (-32.0866,135.006,500),	 weight = 1.90735e-06
       neutron, kinetic energy (MeV) =      97.2684, position (cm) = (-35.6432,143.68,500),	 weight = 1.90735e-06
       neutron, kinetic energy (MeV) =      97.4851, position (cm) = (-49.5223,134.746,500),	 weight = 1.90735e-06
       neutron, kinetic energy (MeV) =        75.52, position (cm) = (-51.4681,132.915,500),	 weight = 1.90735e-06
       neutron, kinetic energy (MeV) =      65.8042, position (cm) = (-38.6308,113.48,500),	 weight = 1.90735e-06
         gamma, kinetic energy (MeV) =      5.41954, position (cm) = (-46.1191,134.683,500),	 weight = 3.8147e-06
         gamma, kinetic energy (MeV) =      1.30309, position (cm) = (-19.3221,132.962,500),	 weight = 1.90735e-06
         gamma, kinetic energy (MeV) =     0.246049, position (cm) = (71.3595,102.434,500),	 weight = 1.90735e-06
       neutron, kinetic energy (MeV) =      74.1989, position (cm) = (-127.521,57.9316,500),	 weight = 1.90735e-06
       neutron, kinetic energy (MeV) =       74.101, position (cm) = (-126.594,57.1837,500),	 weight = 1.90735e-06
       neutron, kinetic energy (MeV) =       73.296, position (cm) = (-121.595,54.355,500),	 weight = 1.90735e-06
     anti_nu_e, kinetic energy (MeV) =     0.518747, position (cm) = (-15.8517,-94.9374,500),	 weight = 3.8147e-06
       neutron, kinetic energy (MeV) =      73.1342, position (cm) = (-127.14,27.4145,500),	 weight = 1.90735e-06
         gamma, kinetic energy (MeV) =     0.114353, position (cm) = (-124.933,31.487,500),	 weight = 1.90735e-06
       neutron, kinetic energy (MeV) =      4.11144, position (cm) = (-133.585,48.9402,500),	 weight = 1.90735e-06
         gamma, kinetic energy (MeV) =     0.247371, position (cm) = (-130.927,27.6428,500),	 weight = 1.90735e-06
         gamma, kinetic energy (MeV) =       1.9351, position (cm) = (-129.841,23.6644,500),	 weight = 1.90735e-06
       neutron, kinetic energy (MeV) =      3.51488, position (cm) = (-132.159,25.4668,500),	 weight = 1.90735e-06
         gamma, kinetic energy (MeV) =      5.57789, position (cm) = (-97.1917,36.2016,500),	 weight = 1.90735e-06
       neutron, kinetic energy (MeV) =  4.89351e-06, position (cm) = (-97.2203,23.847,500),	 weight = 1.90735e-06
         gamma, kinetic energy (MeV) =     0.146767, position (cm) = (-69.7292,6.53945,500),	 weight = 1.90735e-06
         gamma, kinetic energy (MeV) =     0.069425, position (cm) = (-79.3452,35.5862,500),	 weight = 1.90735e-06
         gamma, kinetic energy (MeV) =      3.01086, position (cm) = (-95.6458,22.8102,500),	 weight = 1.90735e-06
       neutron, kinetic energy (MeV) =  1.31121e-08, position (cm) = (-138.09,26.1178,500),	 weight = 1.90735e-06
         gamma, kinetic energy (MeV) =     0.630242, position (cm) = (-144.729,27.7616,500),	 weight = 1.90735e-06
       neutron, kinetic energy (MeV) =      0.99559, position (cm) = (-131.654,26.9978,500),	 weight = 1.90735e-06
       neutron, kinetic energy (MeV) =      73.5038, position (cm) = (-142.171,36.9042,500),	 weight = 1.90735e-06
       neutron, kinetic energy (MeV) =      73.4141, position (cm) = (-116.342,34.6766,500),	 weight = 1.90735e-06
       neutron, kinetic energy (MeV) =        73.06, position (cm) = (-114.035,33.4312,500),	 weight = 1.90735e-06
       neutron, kinetic energy (MeV) =      94.9552, position (cm) = (-43.586,36.7813,500),	 weight = 1.90735e-06
         gamma, kinetic energy (MeV) =    0.0690385, position (cm) = (-29.1796,46.8762,500),	 weight = 1.90735e-06
         gamma, kinetic energy (MeV) =     0.144676, position (cm) = (-30.5591,70.451,500),	 weight = 1.90735e-06
       neutron, kinetic energy (MeV) =      3.60895, position (cm) = (-29.1999,73.1379,500),	 weight = 1.90735e-06
       neutron, kinetic energy (MeV) =      82.5714, position (cm) = (-37.3726,44.7364,500),	 weight = 1.90735e-06
       neutron, kinetic energy (MeV) =      68.4463, position (cm) = (-39.3121,63.8077,500),	 weight = 1.90735e-06
       neutron, kinetic energy (MeV) =      28.9545, position (cm) = (8.72317,65.3956,500),	 weight = 1.90735e-06
         gamma, kinetic energy (MeV) =       2.0973, position (cm) = (38.8991,43.3754,500),	 weight = 1.90735e-06
       neutron, kinetic energy (MeV) =      2.10956, position (cm) = (11.6661,38.1682,500),	 weight = 1.90735e-06
       neutron, kinetic energy (MeV) =      97.0122, position (cm) = (-28.8999,27.5805,500),	 weight = 1.90735e-06
         gamma, kinetic energy (MeV) =     0.408096, position (cm) = (-31.5101,29.6344,500),	 weight = 1.90735e-06
       neutron, kinetic energy (MeV) =      10.2977, position (cm) = (-25.2877,35.0029,500),	 weight = 1.90735e-06
       neutron, kinetic energy (MeV) =      97.0548, position (cm) = (-29.0881,28.8029,500),	 weight = 1.90735e-06
       neutron, kinetic energy (MeV) =      97.0548, position (cm) = (-29.0881,28.8029,500),	 weight = 1.90735e-06
         gamma, kinetic energy (MeV) =      2.22306, position (cm) = (-11.4057,7.4784,500),	 weight = 1.90735e-06
     anti_nu_e, kinetic energy (MeV) =     0.563556, position (cm) = (-116.235,-47.996,500),	 weight = 1.90735e-06
       neutron, kinetic energy (MeV) =  1.59593e-07, position (cm) = (-18.6368,10.0173,500),	 weight = 1.90735e-06
       neutron, kinetic energy (MeV) =      36.3058, position (cm) = (-29.1721,8.67356,500),	 weight = 1.90735e-06
     anti_nu_e, kinetic energy (MeV) =     0.613515, position (cm) = (-84.8796,18.3777,500),	 weight = 3.8147e-06
         gamma, kinetic energy (MeV) =     0.436951, position (cm) = (-22.3021,39.061,500),	 weight = 1.90735e-06
         gamma, kinetic energy (MeV) =     0.305587, position (cm) = (-30.8736,37.5423,500),	 weight = 1.90735e-06
       neutron, kinetic energy (MeV) =      62.0641, position (cm) = (-34.3021,9.90488,500),	 weight = 1.90735e-06
       neutron, kinetic energy (MeV) =      2.62814, position (cm) = (-42.3583,3.54994,500),	 weight = 1.90735e-06
       neutron, kinetic energy (MeV) =  5.99846e-09, position (cm) = (-46.5753,30.1456,500),	 weight = 1.90735e-06
       neutron, kinetic energy (MeV) =      39.5127, position (cm) = (-39.909,-0.396069,500),	 weight = 1.90735e-06
         gamma, kinetic energy (MeV) =      2.22305, position (cm) = (-76.4205,64.1719,500),	 weight = 1.90735e-06
       neutron, kinetic energy (MeV) =   0.00765235, position (cm) = (-55.2976,63.2131,500),	 weight = 1.90735e-06
         gamma, kinetic energy (MeV) =      5.69191, position (cm) = (-4.56459,52.4064,500),	 weight = 1.90735e-06
         gamma, kinetic energy (MeV) =     0.061898, position (cm) = (40.8267,33.6599,500),	 weight = 1.90735e-06
         gamma, kinetic energy (MeV) =      1.42689, position (cm) = (24.6202,29.9934,500),	 weight = 1.90735e-06
       neutron, kinetic energy (MeV) =    0.0241105, position (cm) = (36.1279,40.3852,500),	 weight = 1.90735e-06
       neutron, kinetic energy (MeV) =      91.5073, position (cm) = (32.627,42.6661,500),	 weight = 1.90735e-06
     anti_nu_e, kinetic energy (MeV) =      0.53515, position (cm) = (-0.434801,22.2247,500),	 weight = 3.8147e-06
         gamma, kinetic energy (MeV) =     0.131503, position (cm) = (-36.0009,39.6314,500),	 weight = 1.90735e-06
       neutron, kinetic energy (MeV) =       36.804, position (cm) = (-11.245,36.7427,500),	 weight = 1.90735e-06
     anti_nu_e, kinetic energy (MeV) =       0.5357, position (cm) = (47.6708,110.938,500),	 weight = 0.000976562
       neutron, kinetic energy (MeV) =      85.1563, position (cm) = (39.8118,-5.64669,500),	 weight = 1.90735e-06
         gamma, kinetic energy (MeV) =      1.27331, position (cm) = (25.0568,-32.2293,500),	 weight = 1.90735e-06
         gamma, kinetic energy (MeV) =     0.510999, position (cm) = (61.7699,-3.45525,500),	 weight = 1.90735e-06
         gamma, kinetic energy (MeV) =     0.143161, position (cm) = (69.8905,12.227,500),	 weight = 1.90735e-06
         gamma, kinetic energy (MeV) =     0.476143, position (cm) = (-33.8947,-5.43062,500),	 weight = 1.90735e-06
         gamma, kinetic energy (MeV) =     0.119263, position (cm) = (-52.3734,-38.7443,500),	 weight = 1.90735e-06
         gamma, kinetic energy (MeV) =        1.989, position (cm) = (-47.1746,-30.0386,500),	 weight = 1.90735e-06
       neutron, kinetic energy (MeV) =      2.79611, position (cm) = (-46.7107,-38.3646,500),	 weight = 1.90735e-06
         gamma, kinetic energy (MeV) =      1.11195, position (cm) = (-29.0377,-2.9887,500),	 weight = 1.90735e-06
         gamma, kinetic energy (MeV) =     0.568652, position (cm) = (5.73909,-2.91036,500),	 weight = 3.8147e-06
         gamma, kinetic energy (MeV) =      8.36192, position (cm) = (-39.8663,-56.6409,500),	 weight = 1.90735e-06
         gamma, kinetic energy (MeV) =      1.07636, position (cm) = (-30.4459,-41.4428,500),	 weight = 1.90735e-06
         gamma, kinetic energy (MeV) =      2.02815, position (cm) = (52.3362,43.4627,500),	 weight = 1.90735e-06
         gamma, kinetic energy (MeV) =       2.4241, position (cm) = (48.9396,20.944,500),	 weight = 1.90735e-06
       neutron, kinetic energy (MeV) =  4.33101e-09, position (cm) = (57.1662,57.6586,500),	 weight = 1.90735e-06
     anti_nu_e, kinetic energy (MeV) =     0.462668, position (cm) = (-92.9874,121.973,500),	 weight = 3.05176e-05
         gamma, kinetic energy (MeV) =     0.080852, position (cm) = (-88.915,-25.1142,500),	 weight = 7.62939e-06
         gamma, kinetic energy (MeV) =     0.882926, position (cm) = (-91.3406,-7.36088,500),	 weight = 3.8147e-06
         gamma, kinetic energy (MeV) =     0.294082, position (cm) = (-104.62,25.597,500),	 weight = 1.90735e-06
         gamma, kinetic energy (MeV) =    0.0912132, position (cm) = (-118.614,18.1489,500),	 weight = 1.90735e-06
     anti_nu_e, kinetic energy (MeV) =     0.313723, position (cm) = (-44.1933,-8.62674,500),	 weight = 7.62939e-06
       neutron, kinetic energy (MeV) =      46.9159, position (cm) = (22.1981,-36.1281,500),	 weight = 1.90735e-06
         gamma, kinetic energy (MeV) =       1.7459, position (cm) = (31.7546,-29.8455,500),	 weight = 1.90735e-06
         gamma, kinetic energy (MeV) =     0.455149, position (cm) = (4.29619,-70.3592,500),	 weight = 1.90735e-06
         gamma, kinetic energy (MeV) =         1.19, position (cm) = (-31.305,-54.2981,500),	 weight = 1.90735e-06
       neutron, kinetic energy (MeV) =      1.15669, position (cm) = (12.8509,-28.5462,500),	 weight = 1.90735e-06
       neutron, kinetic energy (MeV) =      58.0646, position (cm) = (45.9701,-131.393,500),	 weight = 1.90735e-06
       neutron, kinetic energy (MeV) =      57.3411, position (cm) = (49.6749,-130.911,500),	 weight = 1.90735e-06
       neutron, kinetic energy (MeV) =  2.80997e-07, position (cm) = (9.81995,-62.9285,500),	 weight = 1.90735e-06
         gamma, kinetic energy (MeV) =      5.61976, position (cm) = (-18.6198,-62.2268,500),	 weight = 3.8147e-06
         gamma, kinetic energy (MeV) =      2.50964, position (cm) = (-54.7244,-87.3015,500),	 weight = 3.8147e-06
         gamma, kinetic energy (MeV) =    0.0973412, position (cm) = (-15.6114,-45.5699,500),	 weight = 1.90735e-06
         gamma, kinetic energy (MeV) =    0.0853832, position (cm) = (4.28089,-41.9359,500),	 weight = 1.90735e-06
       neutron, kinetic energy (MeV) =  0.000413094, position (cm) = (7.60438,-57.0316,500),	 weight = 1.90735e-06
         gamma, kinetic energy (MeV) =     0.211984, position (cm) = (-68.8581,-55.9047,500),	 weight = 1.90735e-06
       neutron, kinetic energy (MeV) =      96.7473, position (cm) = (-73.6629,-54.4738,500),	 weight = 1.90735e-06
       neutron, kinetic energy (MeV) =      48.9321, position (cm) = (-69.9117,-50.9461,500),	 weight = 1.90735e-06
         gamma, kinetic energy (MeV) =     0.857569, position (cm) = (-77.283,-48.887,500),	 weight = 1.90735e-06
         gamma, kinetic energy (MeV) =      9.39722, position (cm) = (-76.9196,-49.0098,500),	 weight = 1.90735e-06
       neutron, kinetic energy (MeV) =      20.2805, position (cm) = (-77.7057,-49.013,500),	 weight = 1.90735e-06
         gamma, kinetic energy (MeV) =       1.0123, position (cm) = (-8.59817,-54.6459,500),	 weight = 1.90735e-06
       neutron, kinetic energy (MeV) =      2.65547, position (cm) = (-44.5887,-56.3206,500),	 weight = 1.90735e-06
       neutron, kinetic energy (MeV) =      38.7897, position (cm) = (-35.5403,-55.5952,500),	 weight = 1.90735e-06
         gamma, kinetic energy (MeV) =    0.0911617, position (cm) = (-16.5955,-53.1274,500),	 weight = 1.90735e-06
         gamma, kinetic energy (MeV) =      2.44903, position (cm) = (-21.9381,-54.8336,500),	 weight = 1.90735e-06
         gamma, kinetic energy (MeV) =     0.309149, position (cm) = (-20.1093,-50.2835,500),	 weight = 1.90735e-06
         gamma, kinetic energy (MeV) =      1.18622, position (cm) = (-20.1317,-52.0986,500),	 weight = 1.90735e-06
         gamma, kinetic energy (MeV) =     0.241858, position (cm) = (-21.78,-51.1204,500),	 weight = 1.90735e-06
         gamma, kinetic energy (MeV) =      0.26298, position (cm) = (-26.5485,-53.4457,500),	 weight = 1.90735e-06
            e-, kinetic energy (MeV) =     0.169066, position (cm) = (-1.47365,-49.6113,500),	 weight = 1.90735e-06
       neutron, kinetic energy (MeV) =      2.17017, position (cm) = (-19.7758,-52.2733,500),	 weight = 1.90735e-06
         gamma, kinetic energy (MeV) =      3.15456, position (cm) = (-19.7144,-51.9963,500),	 weight = 1.90735e-06
       neutron, kinetic energy (MeV) =      1.83911, position (cm) = (-86.7422,-93.1576,500),	 weight = 1.90735e-06
         gamma, kinetic energy (MeV) =     0.362178, position (cm) = (-45.7703,-19.816,500),	 weight = 1.90735e-06
         gamma, kinetic energy (MeV) =      1.38055, position (cm) = (-2.08937,-92.3777,500),	 weight = 1.90735e-06
         gamma, kinetic energy (MeV) =      6.04898, position (cm) = (1.06289,-94.4482,500),	 weight = 1.90735e-06
         gamma, kinetic energy (MeV) =      0.18997, position (cm) = (-36.9714,-77.5903,500),	 weight = 1.90735e-06
       neutron, kinetic energy (MeV) =  8.24792e-05, position (cm) = (-54.5372,-59.6124,500),	 weight = 1.90735e-06
         gamma, kinetic energy (MeV) =      2.35978, position (cm) = (-63.6845,-73.0908,500),	 weight = 1.90735e-06
       neutron, kinetic energy (MeV) =      73.2969, position (cm) = (-78.2813,-123.67,500),	 weight = 1.90735e-06
       neutron, kinetic energy (MeV) =      60.6098, position (cm) = (-94.8868,-130.102,500),	 weight = 1.90735e-06
         gamma, kinetic energy (MeV) =      2.22305, position (cm) = (-128.586,140.504,500),	 weight = 1.90735e-06
       neutron, kinetic energy (MeV) =      27.4109, position (cm) = (-87.0239,149.896,500),	 weight = 1.90735e-06
       neutron, kinetic energy (MeV) =      8.83638, position (cm) = (-114.977,139.194,500),	 weight = 1.90735e-06
       neutron, kinetic energy (MeV) =      21.3471, position (cm) = (-120.484,116.011,500),	 weight = 1.90735e-06
       neutron, kinetic energy (MeV) =       96.113, position (cm) = (-112.025,145.603,500),	 weight = 1.90735e-06
       neutron, kinetic energy (MeV) =      96.0065, position (cm) = (-114.342,149.96,500),	 weight = 1.90735e-06
       neutron, kinetic energy (MeV) =       93.892, position (cm) = (-52.2049,44.3173,500),	 weight = 1.90735e-06
       neutron, kinetic energy (MeV) =    0.0154284, position (cm) = (-58.2842,0.313298,500),	 weight = 1.90735e-06
       neutron, kinetic energy (MeV) =      94.8959, position (cm) = (-65.6624,30.413,500),	 weight = 1.90735e-06
       neutron, kinetic energy (MeV) =      2.88017, position (cm) = (-70.8499,24.7628,500),	 weight = 1.90735e-06
         gamma, kinetic energy (MeV) =    0.0712494, position (cm) = (-55.1569,-15.2979,500),	 weight = 1.90735e-06
         gamma, kinetic energy (MeV) =     0.141928, position (cm) = (-46.7775,-30.973,500),	 weight = 1.90735e-06
       neutron, kinetic energy (MeV) =      33.5194, position (cm) = (-33.2001,-14.1614,500),	 weight = 1.90735e-06
         gamma, kinetic energy (MeV) =     0.105457, position (cm) = (-27.4935,-22.8276,500),	 weight = 1.90735e-06
         gamma, kinetic energy (MeV) =     0.208209, position (cm) = (-35.5543,-14.5371,500),	 weight = 1.90735e-06
         gamma, kinetic energy (MeV) =    0.0806546, position (cm) = (-28.7328,12.2296,500),	 weight = 1.90735e-06
       neutron, kinetic energy (MeV) =      76.1577, position (cm) = (-72.8028,-21.9686,500),	 weight = 1.90735e-06
       neutron, kinetic energy (MeV) =      66.9062, position (cm) = (-67.8492,-21.3561,500),	 weight = 1.90735e-06
       neutron, kinetic energy (MeV) =      34.7852, position (cm) = (-73.5705,-1.22699,500),	 weight = 1.90735e-06
         gamma, kinetic energy (MeV) =     0.326058, position (cm) = (-91.0986,-45.4006,500),	 weight = 1.90735e-06
       neutron, kinetic energy (MeV) =      95.5987, position (cm) = (-146.334,-58.2081,500),	 weight = 1.90735e-06
         gamma, kinetic energy (MeV) =       2.8408, position (cm) = (-149.165,-56.9694,500),	 weight = 1.90735e-06
       neutron, kinetic energy (MeV) =      78.5142, position (cm) = (-149.105,-60.6186,500),	 weight = 1.90735e-06
       neutron, kinetic energy (MeV) =      94.8411, position (cm) = (-135.43,-23.2582,500),	 weight = 1.90735e-06
       neutron, kinetic energy (MeV) =      94.8411, position (cm) = (-135.43,-23.2582,500),	 weight = 1.90735e-06
         gamma, kinetic energy (MeV) =     0.490942, position (cm) = (-1.68789,17.2225,500),	 weight = 1.52588e-05
       neutron, kinetic energy (MeV) =      42.2809, position (cm) = (44.8069,58.4867,500),	 weight = 1.90735e-06
       neutron, kinetic energy (MeV) =  0.000109941, position (cm) = (36.1281,50.5285,500),	 weight = 1.90735e-06
         gamma, kinetic energy (MeV) =      2.48435, position (cm) = (32.0359,63.6772,500),	 weight = 1.90735e-06
         gamma, kinetic energy (MeV) =     0.299928, position (cm) = (35.1857,90.9072,500),	 weight = 1.90735e-06
         gamma, kinetic energy (MeV) =      1.79358, position (cm) = (30.816,73.5286,500),	 weight = 1.90735e-06
         gamma, kinetic energy (MeV) =     0.650488, position (cm) = (132.679,134.036,500),	 weight = 1.90735e-06
         gamma, kinetic energy (MeV) =     0.281487, position (cm) = (133.342,132.284,500),	 weight = 1.90735e-06
       neutron, kinetic energy (MeV) =      64.3725, position (cm) = (137.426,132.541,500),	 weight = 1.90735e-06
         gamma, kinetic energy (MeV) =     0.126724, position (cm) = (114.419,124.475,500),	 weight = 1.90735e-06
       neutron, kinetic energy (MeV) =      5.76923, position (cm) = (137.028,139.544,500),	 weight = 1.90735e-06
       neutron, kinetic energy (MeV) =      40.9867, position (cm) = (65.7584,102.197,500),	 weight = 1.90735e-06
         gamma, kinetic energy (MeV) =     0.139558, position (cm) = (76.7569,91.7375,500),	 weight = 1.90735e-06
       neutron, kinetic energy (MeV) =      4.21742, position (cm) = (86.3863,94.2044,500),	 weight = 1.90735e-06
         gamma, kinetic energy (MeV) =    0.0696654, position (cm) = (49.9409,-137.537,500),	 weight = 1.90735e-06
       neutron, kinetic energy (MeV) =     0.361832, position (cm) = (49.9872,-137.361,500),	 weight = 1.90735e-06
       neutron, kinetic energy (MeV) =    4.802e-08, position (cm) = (21.8608,-92.3542,500),	 weight = 1.90735e-06
         gamma, kinetic energy (MeV) =     0.181743, position (cm) = (69.6939,-108.859,500),	 weight = 1.90735e-06
         gamma, kinetic energy (MeV) =      1.71694, position (cm) = (101.317,-70.4849,500),	 weight = 1.90735e-06
         gamma, kinetic energy (MeV) =      6.10079, position (cm) = (86.2266,-97.7616,500),	 weight = 1.90735e-06
         gamma, kinetic energy (MeV) =     0.180352, position (cm) = (90.7466,-127.173,500),	 weight = 1.90735e-06
         gamma, kinetic energy (MeV) =       1.1003, position (cm) = (6.26002,12.3962,500),	 weight = 3.8147e-06
       neutron, kinetic energy (MeV) =       16.184, position (cm) = (-50.7783,-113.617,500),	 weight = 1.90735e-06
         gamma, kinetic energy (MeV) =      4.35138, position (cm) = (-37.4299,-101.771,500),	 weight = 1.90735e-06
         gamma, kinetic energy (MeV) =      2.22305, position (cm) = (-45.7855,-140.009,500),	 weight = 1.90735e-06
       neutron, kinetic energy (MeV) =      37.0262, position (cm) = (-22.7852,-123.102,500),	 weight = 1.90735e-06
         gamma, kinetic energy (MeV) =    0.0613303, position (cm) = (71.7002,-62.7599,500),	 weight = 3.8147e-06
         gamma, kinetic energy (MeV) =     0.224459, position (cm) = (122.013,-39.7489,500),	 weight = 1.90735e-06
         gamma, kinetic energy (MeV) =      1.49591, position (cm) = (133.64,-37.2863,500),	 weight = 1.90735e-06
         gamma, kinetic energy (MeV) =      0.83387, position (cm) = (144.415,20.9487,500),	 weight = 1.90735e-06
         gamma, kinetic energy (MeV) =     0.136608, position (cm) = (127.184,14.4753,500),	 weight = 1.90735e-06
         gamma, kinetic energy (MeV) =     0.538315, position (cm) = (126.335,13.456,500),	 weight = 1.90735e-06
       neutron, kinetic energy (MeV) =      1.51592, position (cm) = (126.795,14.5726,500),	 weight = 1.90735e-06
         gamma, kinetic energy (MeV) =      5.19972, position (cm) = (124.206,14.8709,500),	 weight = 1.90735e-06
       neutron, kinetic energy (MeV) =      62.0813, position (cm) = (142.404,28.2796,500),	 weight = 1.90735e-06
         gamma, kinetic energy (MeV) =     0.157885, position (cm) = (69.5808,-31.4589,500),	 weight = 1.90735e-06
       neutron, kinetic energy (MeV) =      37.8931, position (cm) = (69.5127,-34.3832,500),	 weight = 1.90735e-06
         gamma, kinetic energy (MeV) =     0.270571, position (cm) = (78.5291,-36.9115,500),	 weight = 1.90735e-06
         gamma, kinetic energy (MeV) =     0.504052, position (cm) = (68.5212,14.5102,500),	 weight = 1.90735e-06
         gamma, kinetic energy (MeV) =     0.667169, position (cm) = (72.344,9.61018,500),	 weight = 1.90735e-06
         gamma, kinetic energy (MeV) =     0.135447, position (cm) = (63.8998,-29.1479,500),	 weight = 1.90735e-06
         gamma, kinetic energy (MeV) =      3.83977, position (cm) = (61.7945,-34.6974,500),	 weight = 1.90735e-06
         gamma, kinetic energy (MeV) =      6.40368, position (cm) = (34.0239,-29.3271,500),	 weight = 1.90735e-06
         gamma, kinetic energy (MeV) =    0.0589541, position (cm) = (66.6498,-37.3384,500),	 weight = 1.90735e-06
         gamma, kinetic energy (MeV) =      1.65092, position (cm) = (50.3757,-20.3812,500),	 weight = 1.90735e-06
         gamma, kinetic energy (MeV) =     0.903429, position (cm) = (80.3206,-110.379,500),	 weight = 3.8147e-06
         gamma, kinetic energy (MeV) =      5.52812, position (cm) = (109.071,-101.738,500),	 weight = 3.8147e-06
       neutron, kinetic energy (MeV) =      37.4569, position (cm) = (122.733,-68.0767,500),	 weight = 1.90735e-06
         gamma, kinetic energy (MeV) =    0.0736111, position (cm) = (93.6681,-43.7027,500),	 weight = 1.90735e-06
       neutron, kinetic energy (MeV) =  0.000149883, position (cm) = (90.7008,-41.3908,500),	 weight = 1.90735e-06
       neutron, kinetic energy (MeV) =      2.40325, position (cm) = (103.482,-37.4757,500),	 weight = 1.90735e-06
         gamma, kinetic energy (MeV) =     0.154218, position (cm) = (96.7165,-44.3403,500),	 weight = 1.90735e-06
         gamma, kinetic energy (MeV) =       1.7176, position (cm) = (145.25,-78.8801,500),	 weight = 1.90735e-06
       neutron, kinetic energy (MeV) =      77.8373, position (cm) = (38.7127,131.826,500),	 weight = 1.90735e-06
       neutron, kinetic energy (MeV) =      76.9559, position (cm) = (37.9175,126.504,500),	 weight = 1.90735e-06
         gamma, kinetic energy (MeV) =     0.774187, position (cm) = (43.4095,146.024,500),	 weight = 1.90735e-06
         gamma, kinetic energy (MeV) =     0.437202, position (cm) = (37.5957,142.878,500),	 weight = 1.90735e-06
         gamma, kinetic energy (MeV) =     0.266053, position (cm) = (106.523,90.5768,500),	 weight = 1.90735e-06
         gamma, kinetic energy (MeV) =     0.463974, position (cm) = (91.3057,81.466,500),	 weight = 1.90735e-06
         gamma, kinetic energy (MeV) =     0.364986, position (cm) = (93.7322,88.645,500),	 weight = 1.90735e-06
       neutron, kinetic energy (MeV) =      24.3378, position (cm) = (98.8633,92.5374,500),	 weight = 1.90735e-06
       neutron, kinetic energy (MeV) =      65.1689, position (cm) = (92.1659,88.7697,500),	 weight = 1.90735e-06
       neutron, kinetic energy (MeV) =      48.6663, position (cm) = (70.7799,107.129,500),	 weight = 1.90735e-06
       neutron, kinetic energy (MeV) =      48.9007, position (cm) = (70.9714,107.127,500),	 weight = 1.90735e-06
       neutron, kinetic energy (MeV) =      77.9018, position (cm) = (61.8223,114.594,500),	 weight = 1.90735e-06
         gamma, kinetic energy (MeV) =     0.220088, position (cm) = (62.8501,115.345,500),	 weight = 1.90735e-06
       neutron, kinetic energy (MeV) =      51.4257, position (cm) = (60.3694,123.668,500),	 weight = 1.90735e-06
     anti_nu_e, kinetic energy (MeV) =     0.571177, position (cm) = (-28.3753,145.137,500),	 weight = 7.62939e-06
Graphics systems deleted.
Visualization Manager deleting...
