
        ############################################
        !!! WARNING - FPE detection is activated !!!
        ############################################

*************************************************************
 Geant4 version Name: geant4-10-03-ref-08    (31-August-2017)
                      Copyright : Geant4 Collaboration
                      Reference : NIM A 506 (2003), 250-303
                            WWW : http://cern.ch/geant4
*************************************************************

... open Root analysis file : pol01.root - done
/run/verbose 2
#
/testem/det/setMat G4_Fe
/testem/det/setSizeZ 1.75 mm
/testem/phys/addPhysics polarized
PhysicsList::AddPhysicsList: <polarized>
#/testem/phys/addPhysics standard
/run/printProgress 5000
#
/run/initialize
userDetector->Construct() start.

 The Box is 5 cm  x 5 cm  x 1.75 mm  of G4_Fe
World is registered to the default region.
physicsList->Construct() start.
physicsList->CheckParticleList() start.
physicsList->setCut() start.
/run/setCut 0.1 mm
#
/polarization/manager/verbose 1
/polarization/volume/set theBox 0. 0. 0.08
 SetVolumePolarization theBox (0,0,0.08)
/polarization/volume/list
 Polarization for 1 registered volume(s) : 
theBox : (0,0,0.08)
#
/gun/polarization 0. 0. -1.
/gun/particle gamma
#
/gun/energy 10 MeV
#
##/tracking/verbose 1
/run/beamOn 10000
 buildBhabha cross section 0
 buildBhabha cross section 0
G4PolarizedPEEffectCrossSection() init

pol-phot:   for  gamma    SubType= 12  BuildTable= 0
      ===== EM models for the G4Region  DefaultRegionForTheWorld ======
Polarized-PhotoElectric :  Emin=        0 eV    Emax=      100 TeV   AngularGenSauterGavrila

pol-compt:   for  gamma    SubType= 13  BuildTable= 1
      Lambda table from 100 eV  to 1 MeV, 7 bins per decade, spline: 1
      LambdaPrime table from 1 MeV to 100 TeV in 56 bins 
 Total cross sections has a good parametrisation from 10 KeV to (100/Z) GeV
      Sampling according Polarized-Compton model
      ===== EM models for the G4Region  DefaultRegionForTheWorld ======
   Polarized-Compton :  Emin=        0 eV    Emax=      100 TeV

pol-conv:   for  gamma    SubType= 14  BuildTable= 1
      Lambda table from 1.022 MeV to 100 TeV, 18 bins per decade, spline: 1
      ===== EM models for the G4Region  DefaultRegionForTheWorld ======
             polConv :  Emin=        0 eV    Emax=      100 TeV

msc:   for e-    SubType= 10
      RangeFactor= 0.04, stepLimitType: 1, latDisplacement: 1
      ===== EM models for the G4Region  DefaultRegionForTheWorld ======
            UrbanMsc :  Emin=        0 eV    Emax=      100 TeV  Table with 84 bins Emin=    100 eV    Emax=    100 TeV

pol-eIoni:   for  e-    SubType= 2
      dE/dx and range tables from 100 eV  to 100 TeV in 84 bins
      Lambda tables from threshold to 100 TeV, 7 bins per decade, spline: 1
      finalRange(mm)= 1, dRoverRange= 0.2, integral: 1, fluct: 1, linLossLimit= 0.01
      ===== EM models for the G4Region  DefaultRegionForTheWorld ======
PolarizedMollerBhabha :  Emin=        0 eV    Emax=      100 TeV

pol-eBrem:   for  e-    SubType= 3
      dE/dx and range tables from 100 eV  to 100 TeV in 84 bins
      Lambda tables from threshold to 100 TeV, 7 bins per decade, spline: 1
      ===== EM models for the G4Region  DefaultRegionForTheWorld ======
             PolBrem :  Emin=        0 eV    Emax=      100 TeV   DipBustGen

msc:   for e+    SubType= 10
      RangeFactor= 0.04, stepLimitType: 1, latDisplacement: 1
      ===== EM models for the G4Region  DefaultRegionForTheWorld ======
            UrbanMsc :  Emin=        0 eV    Emax=      100 TeV  Table with 84 bins Emin=    100 eV    Emax=    100 TeV

pol-eIoni:   for  e+    SubType= 2
      dE/dx and range tables from 100 eV  to 100 TeV in 84 bins
      Lambda tables from threshold to 100 TeV, 7 bins per decade, spline: 1
      finalRange(mm)= 1, dRoverRange= 0.2, integral: 1, fluct: 1, linLossLimit= 0.01
      ===== EM models for the G4Region  DefaultRegionForTheWorld ======
PolarizedMollerBhabha :  Emin=        0 eV    Emax=      100 TeV

pol-eBrem:   for  e+    SubType= 3
      dE/dx and range tables from 100 eV  to 100 TeV in 84 bins
      Lambda tables from threshold to 100 TeV, 7 bins per decade, spline: 1
      ===== EM models for the G4Region  DefaultRegionForTheWorld ======
             PolBrem :  Emin=        0 eV    Emax=      100 TeV   DipBustGen

pol-annihil:   for  e+, integral: 1     SubType= 5  BuildTable= 0
      Polarized model for annihilation into 2 photons
      ===== EM models for the G4Region  DefaultRegionForTheWorld ======
Polarized-Annihilation :  Emin=        0 eV    Emax=      100 TeV

Region <DefaultRegionForTheWorld> --  -- appears in <World> world volume
 This region is in the mass world.
 Root logical volume(s) : World 
 Pointers : G4VUserRegionInformation[0], G4UserLimits[0], G4FastSimulationManager[0], G4UserSteppingAction[0]
 Materials : G4_Galactic G4_Fe 
 Production cuts :   gamma 100 um      e- 100 um      e+ 100 um  proton 100 um 

Region <DefaultRegionForParallelWorld> --  -- is not associated to any world.
 Root logical volume(s) : 
 Pointers : G4VUserRegionInformation[0], G4UserLimits[0], G4FastSimulationManager[0], G4UserSteppingAction[0]
 Materials : 
 Production cuts :   gamma 100 um      e- 100 um      e+ 100 um  proton 100 um 

========= Table of registered couples ==============================

Index : 0     used in the geometry : Yes
 Material : G4_Galactic
 Range cuts        :  gamma  100 um     e-  100 um     e+  100 um  proton 100 um 
 Energy thresholds :  gamma  990 eV     e-  990 eV     e+  990 eV  proton 10 keV
 Region(s) which use this couple : 
    DefaultRegionForTheWorld

Index : 1     used in the geometry : Yes
 Material : G4_Fe
 Range cuts        :  gamma  100 um     e-  100 um     e+  100 um  proton 100 um 
 Energy thresholds :  gamma  6.28375 keV    e-  235.116 keV    e+  228.88 keV proton 10 keV
 Region(s) which use this couple : 
    DefaultRegionForTheWorld

====================================================================

Start closing geometry.
G4GeometryManager::ReportVoxelStats -- Voxel Statistics

    Total memory consumed for geometry optimisation:   0 kByte
    Total CPU time elapsed for geometry optimisation: 0 seconds
### Run 0 starts.
### Run 0 start.
--> Event 0 starts.
--> Event 5000 starts.
 Run terminated.
Run Summary
  Number of events processed : 10000
  User=0.09s Real=0.09s Sys=0s

 The run consists of 10000 gamma of 10 MeV through 1.75 mm  of G4_Fe (density: 7.874 g/cm3 )

 Process calls frequency --->
	Transportation = 31220
	pol-compt = 305
	pol-eBrem = 327
	msc = 1763
	pol-phot = 145
	pol-eIoni = 621
	pol-conv = 204
	pol-annihil = 74
 Gamma: 
Mean Number per Event :1.0122
Mean Energy :9.5337 MeV +- 2.0016 MeV
Mean Polarization :-0.96077 +- 0.19995
 Electron: 
Mean Number per Event :0.0357
Mean Energy :5.407 MeV +- 2.4976 MeV
Mean Polarization :-0.75922 +- 0.27156
 Positron: 
Mean Number per Event :0.0131
Mean Energy :4.2638 MeV +- 2.0302 MeV
Mean Polarization :-0.61756 +- 0.32616
... write Root file : pol01.root - done
... close Root file : pol01.root - done

--------- Ranlux engine status ---------
 Initial seed = 9876
 float_seed_table[] = 0.199917 0.914825 0.376427 0.514815 0.408843 0.896722 0.145277 0.91246 0.106109 0.745411 0.749757 0.832127 0.801731 0.151154 0.739326 0.258397 0.432818 0.641399 0.660544 0.851479 0.948557 0.791 0.78113 0.280075 
 i_lag = 16, j_lag = 2
 carry = 5.96046e-08, count24 = 16
 luxury = 3 nskip = 199
----------------------------------------
#
G4 kernel has come to Quit state.
UserDetectorConstruction deleted.
UserPhysicsList deleted.
UserRunAction deleted.
UserPrimaryGenerator deleted.
RunManager is deleting RunManagerKernel.
EventManager deleted.
Units table cleared.
TransportationManager deleted.
Total navigation history collections cleaned: 7
================== Deleting memory pools ===================
Pool ID '20G4NavigationLevelRep', size : 0.00769 MB
Pool ID '24G4ReferenceCountedHandleIvE', size : 0.000961 MB
Pool ID '7G4Event', size : 0.000961 MB
Pool ID '15G4PrimaryVertex', size : 0.000961 MB
Pool ID '17G4PrimaryParticle', size : 0.000961 MB
Pool ID '17G4DynamicParticle', size : 0.00192 MB
Pool ID '7G4Track', size : 0.00288 MB
Pool ID '18G4TouchableHistory', size : 0.000961 MB
Pool ID '15G4CountedObjectIvE', size : 0.000961 MB
Number of memory pools allocated: 9 of which, static: 0
Dynamic pools deleted: 9 / Total memory freed: 0.018 MB
============================================================
G4Allocator objects are deleted.
UImanager deleted.
StateManager deleted.
RunManagerKernel is deleted. Good bye :)
