
        ############################################
        !!! WARNING - FPE detection is activated !!!
        ############################################

**************************************************************
 Geant4 version Name: geant4-10-04-ref-08    (31-August-2018)
                       Copyright : Geant4 Collaboration
                      References : NIM A 506 (2003), 250-303
                                 : IEEE-TNS 53 (2006), 270-278
                                 : NIM A 835 (2016), 186-225
                             WWW : http://geant4.org/
**************************************************************

<<< Reference Physics List QBBC 
G4HEPEvtInterface - pythia_event.data is open.
 G4PhysicsListHelper::AddTransportation()--- G4CoupledTransportation is used 
### Adding tracking cuts for neutron  TimeCut(ns)= 10000  KinEnergyCut(MeV)= 0
Visualization Manager instantiating with verbosity "warnings (3)"...
Visualization Manager initialising...
Registering graphics systems...

You have successfully registered the following graphics systems.
Current available graphics systems are:
ASCIITree (ATree)
DAWNFILE (DAWNFILE)
G4HepRep (HepRepXML)
G4HepRepFile (HepRepFile)
RayTracer (RayTracer)
VRML1FILE (VRML1FILE)
VRML2FILE (VRML2FILE)
gMocrenFile (gMocrenFile)
OpenGLImmediateQt (OGLIQt, OGLI)
OpenGLStoredQt (OGLSQt, OGL, OGLS)
OpenGLImmediateXm (OGLIXm, OGLIQt_FALLBACK)
OpenGLStoredXm (OGLSXm, OGLSQt_FALLBACK)
OpenGLImmediateX (OGLIX, OGLIQt_FALLBACK, OGLIXm_FALLBACK)
OpenGLStoredX (OGLSX, OGLSQt_FALLBACK, OGLSXm_FALLBACK)
RayTracerX (RayTracerX)

Registering model factories...

You have successfully registered the following model factories.
Registered model factories:
  generic
  drawByAttribute
  drawByCharge
  drawByOriginVolume
  drawByParticleID
  drawByEncounteredVolume

Registered filter factories:
  attributeFilter
  chargeFilter
  originVolumeFilter
  particleFilter
  encounteredVolumeFilter

You have successfully registered the following user vis actions.
Run Duration User Vis Actions: none
End of Event User Vis Actions: none
End of Run User Vis Actions: none

Some /vis commands (optionally) take a string to specify colour.
"/vis/list" to see available colours.
/run/verbose 2
/run/beamOn 100

### ===  Deexcitation model UAtomDeexcitation is activated for 1 region:
          DefaultRegionForTheWorld  1  0  0
### ===  Ignore cuts flag:   0

phot:   for  gamma    SubType= 12  BuildTable= 0
      LambdaPrime table from 200 keV to 100 TeV in 174 bins 
      ===== EM models for the G4Region  DefaultRegionForTheWorld ======
 LivermorePhElectric :  Emin=        0 eV    Emax=      100 TeV   AngularGenSauterGavrila  FluoActive

compt:   for  gamma    SubType= 13  BuildTable= 1
      Lambda table from 100 eV  to 1 MeV, 20 bins per decade, spline: 1
      LambdaPrime table from 1 MeV to 100 TeV in 160 bins 
      ===== EM models for the G4Region  DefaultRegionForTheWorld ======
   LowEPComptonModel :  Emin=        0 eV    Emax=       20 MeV  FluoActive
        KleinNishina :  Emin=       20 MeV   Emax=      100 TeV  FluoActive

conv:   for  gamma    SubType= 14  BuildTable= 1
      Lambda table from 1.022 MeV to 100 TeV, 20 bins per decade, spline: 1
      ===== EM models for the G4Region  DefaultRegionForTheWorld ======
       PenConversion :  Emin=        0 eV    Emax=       20 MeV
        BetheHeitler :  Emin=       20 MeV   Emax=       80 GeV   AngularGenUrban
     BetheHeitlerLPM :  Emin=       80 GeV   Emax=      100 TeV   AngularGenUrban

Rayl:   for  gamma    SubType= 11  BuildTable= 1
      Lambda table from 100 eV  to 100 keV, 20 bins per decade, spline: 0
      LambdaPrime table from 100 keV to 100 TeV in 180 bins 
      ===== EM models for the G4Region  DefaultRegionForTheWorld ======
   LivermoreRayleigh :  Emin=        0 eV    Emax=      100 TeV   CullenGenerator

msc:   for e-    SubType= 10
      RangeFactor= 0.2, stepLimitType: 2, latDisplacement: 1
      ===== EM models for the G4Region  DefaultRegionForTheWorld ======
  GoudsmitSaunderson :  Emin=        0 eV    Emax=      100 MeV  Table with 120 bins Emin=    100 eV    Emax=    100 MeV
        WentzelVIUni :  Emin=      100 MeV   Emax=      100 TeV  Table with 120 bins Emin=    100 MeV   Emax=    100 TeV

eIoni:   for  e-    SubType= 2
      dE/dx and range tables from 100 eV  to 100 TeV in 240 bins
      Lambda tables from threshold to 100 TeV, 20 bins per decade, spline: 1
      finalRange(mm)= 0.01, dRoverRange= 0.2, integral: 1, fluct: 1, linLossLimit= 0.01
      ===== EM models for the G4Region  DefaultRegionForTheWorld ======
       LowEnergyIoni :  Emin=        0 eV    Emax=      100 keV   deltaVI
        MollerBhabha :  Emin=      100 keV   Emax=      100 TeV   deltaVI

eBrem:   for  e-    SubType= 3
      dE/dx and range tables from 100 eV  to 100 TeV in 240 bins
      Lambda tables from threshold to 100 TeV, 20 bins per decade, spline: 1
      LPM flag: 1 for E > 1 GeV,  VertexHighEnergyTh(GeV)= 100000
      ===== EM models for the G4Region  DefaultRegionForTheWorld ======
             eBremSB :  Emin=        0 eV    Emax=        1 GeV   AngularGen2BS
            eBremLPM :  Emin=        1 GeV   Emax=      100 TeV   AngularGen2BS

ePairProd:   for  e-    SubType= 4
      dE/dx and range tables from 100 eV  to 100 TeV in 240 bins
      Lambda tables from threshold to 100 TeV, 20 bins per decade, spline: 1
      Sampling table 25x1001 from 0.1 GeV to 100 TeV 
      ===== EM models for the G4Region  DefaultRegionForTheWorld ======
           ePairProd :  Emin=        0 eV    Emax=      100 TeV

CoulombScat:   for  e-, integral: 1     SubType= 1  BuildTable= 1
      Lambda table from 100 MeV to 100 TeV, 20 bins per decade, spline: 1
      ThetaMin(p) < Theta(degree) < 180 pLimit(GeV^1)= 0.139531
      ===== EM models for the G4Region  DefaultRegionForTheWorld ======
  eCoulombScattering :  Emin=      100 MeV   Emax=      100 TeV

msc:   for e+    SubType= 10
      RangeFactor= 0.2, stepLimitType: 2, latDisplacement: 1
      ===== EM models for the G4Region  DefaultRegionForTheWorld ======
  GoudsmitSaunderson :  Emin=        0 eV    Emax=      100 MeV  Table with 120 bins Emin=    100 eV    Emax=    100 MeV
        WentzelVIUni :  Emin=      100 MeV   Emax=      100 TeV  Table with 120 bins Emin=    100 MeV   Emax=    100 TeV

eIoni:   for  e+    SubType= 2
      dE/dx and range tables from 100 eV  to 100 TeV in 240 bins
      Lambda tables from threshold to 100 TeV, 20 bins per decade, spline: 1
      finalRange(mm)= 0.01, dRoverRange= 0.2, integral: 1, fluct: 1, linLossLimit= 0.01
      ===== EM models for the G4Region  DefaultRegionForTheWorld ======
             PenIoni :  Emin=        0 eV    Emax=      100 keV
        MollerBhabha :  Emin=      100 keV   Emax=      100 TeV   deltaVI

eBrem:   for  e+    SubType= 3
      dE/dx and range tables from 100 eV  to 100 TeV in 240 bins
      Lambda tables from threshold to 100 TeV, 20 bins per decade, spline: 1
      LPM flag: 1 for E > 1 GeV,  VertexHighEnergyTh(GeV)= 100000
      ===== EM models for the G4Region  DefaultRegionForTheWorld ======
             eBremSB :  Emin=        0 eV    Emax=        1 GeV   AngularGen2BS
            eBremLPM :  Emin=        1 GeV   Emax=      100 TeV   AngularGen2BS

ePairProd:   for  e+    SubType= 4
      dE/dx and range tables from 100 eV  to 100 TeV in 240 bins
      Lambda tables from threshold to 100 TeV, 20 bins per decade, spline: 1
      Sampling table 25x1001 from 0.1 GeV to 100 TeV 
      ===== EM models for the G4Region  DefaultRegionForTheWorld ======
           ePairProd :  Emin=        0 eV    Emax=      100 TeV

annihil:   for  e+, integral: 1     SubType= 5  BuildTable= 0
      ===== EM models for the G4Region  DefaultRegionForTheWorld ======
            eplus2gg :  Emin=        0 eV    Emax=      100 TeV

CoulombScat:   for  e+, integral: 1     SubType= 1  BuildTable= 1
      Lambda table from 100 MeV to 100 TeV, 20 bins per decade, spline: 1
      ThetaMin(p) < Theta(degree) < 180 pLimit(GeV^1)= 0.139531
      ===== EM models for the G4Region  DefaultRegionForTheWorld ======
  eCoulombScattering :  Emin=      100 MeV   Emax=      100 TeV

msc:   for proton    SubType= 10
      RangeFactor= 0.2, stepLimitType: 0, latDisplacement: 1
      ===== EM models for the G4Region  DefaultRegionForTheWorld ======
        WentzelVIUni :  Emin=        0 eV    Emax=      100 TeV  Table with 240 bins Emin=    100 eV    Emax=    100 TeV

hIoni:   for  proton    SubType= 2
      dE/dx and range tables from 100 eV  to 100 TeV in 240 bins
      Lambda tables from threshold to 100 TeV, 20 bins per decade, spline: 1
      finalRange(mm)= 0.01, dRoverRange= 0.1, integral: 1, fluct: 1, linLossLimit= 0.01
      ===== EM models for the G4Region  DefaultRegionForTheWorld ======
               Bragg :  Emin=        0 eV    Emax=        2 MeV   deltaVI
          BetheBloch :  Emin=        2 MeV   Emax=      100 TeV   deltaVI

hBrems:   for  proton    SubType= 3
      dE/dx and range tables from 100 eV  to 100 TeV in 240 bins
      Lambda tables from threshold to 100 TeV, 20 bins per decade, spline: 1
      ===== EM models for the G4Region  DefaultRegionForTheWorld ======
               hBrem :  Emin=        0 eV    Emax=      100 TeV

hPairProd:   for  proton    SubType= 4
      dE/dx and range tables from 100 eV  to 100 TeV in 240 bins
      Lambda tables from threshold to 100 TeV, 20 bins per decade, spline: 1
      Sampling table 17x1001 from 7.50618 GeV to 100 TeV 
      ===== EM models for the G4Region  DefaultRegionForTheWorld ======
           hPairProd :  Emin=        0 eV    Emax=      100 TeV

CoulombScat:   for  proton, integral: 1     SubType= 1  BuildTable= 1
      Lambda table from threshold  to 100 TeV, 20 bins per decade, spline: 1
      ThetaMin(p) < Theta(degree) < 180 pLimit(GeV^1)= 0.139531
      ===== EM models for the G4Region  DefaultRegionForTheWorld ======
  eCoulombScattering :  Emin=        0 eV    Emax=      100 TeV

nuclearStopping:   for  proton    SubType= 8  BuildTable= 0
      ===== EM models for the G4Region  DefaultRegionForTheWorld ======
   ICRU49NucStopping :  Emin=        0 eV    Emax=        1 MeV

msc:   for GenericIon    SubType= 10
      RangeFactor= 0.2, stepLimitType: 0, latDisplacement: 0
      ===== EM models for the G4Region  DefaultRegionForTheWorld ======
            UrbanMsc :  Emin=        0 eV    Emax=      100 TeV

ionIoni:   for  GenericIon    SubType= 2
      dE/dx and range tables from 100 eV  to 100 TeV in 240 bins
      Lambda tables from threshold to 100 TeV, 20 bins per decade, spline: 1
      finalRange(mm)= 0.001, dRoverRange= 0.1, integral: 1, fluct: 1, linLossLimit= 0.02
      ===== EM models for the G4Region  DefaultRegionForTheWorld ======
         ParamICRU73 :  Emin=        0 eV    Emax=      100 TeV   deltaVI

nuclearStopping:   for  GenericIon    SubType= 8  BuildTable= 0
      ===== EM models for the G4Region  DefaultRegionForTheWorld ======
   ICRU49NucStopping :  Emin=        0 eV    Emax=        1 MeV

msc:   for alpha    SubType= 10
      RangeFactor= 0.2, stepLimitType: 0, latDisplacement: 1
      ===== EM models for the G4Region  DefaultRegionForTheWorld ======
            UrbanMsc :  Emin=        0 eV    Emax=      100 TeV  Table with 240 bins Emin=    100 eV    Emax=    100 TeV

ionIoni:   for  alpha    SubType= 2
      dE/dx and range tables from 100 eV  to 100 TeV in 240 bins
      Lambda tables from threshold to 100 TeV, 20 bins per decade, spline: 1
      finalRange(mm)= 0.01, dRoverRange= 0.1, integral: 1, fluct: 1, linLossLimit= 0.02
      ===== EM models for the G4Region  DefaultRegionForTheWorld ======
            BraggIon :  Emin=        0 eV    Emax=   7.9452 MeV   deltaVI
          BetheBloch :  Emin=   7.9452 MeV   Emax=      100 TeV   deltaVI

nuclearStopping:   for  alpha    SubType= 8  BuildTable= 0
      ===== EM models for the G4Region  DefaultRegionForTheWorld ======
   ICRU49NucStopping :  Emin=        0 eV    Emax=        1 MeV

msc:   for anti_proton    SubType= 10
      RangeFactor= 0.2, stepLimitType: 0, latDisplacement: 1
      ===== EM models for the G4Region  DefaultRegionForTheWorld ======
        WentzelVIUni :  Emin=        0 eV    Emax=      100 TeV  Table with 240 bins Emin=    100 eV    Emax=    100 TeV

hIoni:   for  anti_proton    SubType= 2
      dE/dx and range tables from 100 eV  to 100 TeV in 240 bins
      Lambda tables from threshold to 100 TeV, 20 bins per decade, spline: 1
      finalRange(mm)= 0.01, dRoverRange= 0.1, integral: 1, fluct: 1, linLossLimit= 0.01
      ===== EM models for the G4Region  DefaultRegionForTheWorld ======
            ICRU73QO :  Emin=        0 eV    Emax=        2 MeV   deltaVI
          BetheBloch :  Emin=        2 MeV   Emax=      100 TeV   deltaVI

hBrems:   for  anti_proton    SubType= 3
      dE/dx and range tables from 100 eV  to 100 TeV in 240 bins
      Lambda tables from threshold to 100 TeV, 20 bins per decade, spline: 1
      ===== EM models for the G4Region  DefaultRegionForTheWorld ======
               hBrem :  Emin=        0 eV    Emax=      100 TeV

hPairProd:   for  anti_proton    SubType= 4
      dE/dx and range tables from 100 eV  to 100 TeV in 240 bins
      Lambda tables from threshold to 100 TeV, 20 bins per decade, spline: 1
      Sampling table 17x1001 from 7.50618 GeV to 100 TeV 
      ===== EM models for the G4Region  DefaultRegionForTheWorld ======
           hPairProd :  Emin=        0 eV    Emax=      100 TeV

CoulombScat:   for  anti_proton, integral: 1     SubType= 1  BuildTable= 1
      Lambda table from threshold  to 100 TeV, 20 bins per decade, spline: 1
      ThetaMin(p) < Theta(degree) < 180 pLimit(GeV^1)= 0.139531
      ===== EM models for the G4Region  DefaultRegionForTheWorld ======
  eCoulombScattering :  Emin=        0 eV    Emax=      100 TeV

nuclearStopping:   for  anti_proton    SubType= 8  BuildTable= 0
      ===== EM models for the G4Region  DefaultRegionForTheWorld ======
   ICRU49NucStopping :  Emin=        0 eV    Emax=        1 MeV

msc:   for kaon+    SubType= 10
      RangeFactor= 0.2, stepLimitType: 0, latDisplacement: 1
      ===== EM models for the G4Region  DefaultRegionForTheWorld ======
        WentzelVIUni :  Emin=        0 eV    Emax=      100 TeV  Table with 240 bins Emin=    100 eV    Emax=    100 TeV

hIoni:   for  kaon+    SubType= 2
      dE/dx and range tables from 100 eV  to 100 TeV in 240 bins
      Lambda tables from threshold to 100 TeV, 20 bins per decade, spline: 1
      finalRange(mm)= 0.01, dRoverRange= 0.1, integral: 1, fluct: 1, linLossLimit= 0.01
      ===== EM models for the G4Region  DefaultRegionForTheWorld ======
               Bragg :  Emin=        0 eV    Emax=  1.05231 MeV   deltaVI
          BetheBloch :  Emin=  1.05231 MeV   Emax=      100 TeV   deltaVI

hBrems:   for  kaon+    SubType= 3
      dE/dx and range tables from 100 eV  to 100 TeV in 240 bins
      Lambda tables from threshold to 100 TeV, 20 bins per decade, spline: 1
      ===== EM models for the G4Region  DefaultRegionForTheWorld ======
               hBrem :  Emin=        0 eV    Emax=      100 TeV

hPairProd:   for  kaon+    SubType= 4
      dE/dx and range tables from 100 eV  to 100 TeV in 240 bins
      Lambda tables from threshold to 100 TeV, 20 bins per decade, spline: 1
      Sampling table 18x1001 from 3.94942 GeV to 100 TeV 
      ===== EM models for the G4Region  DefaultRegionForTheWorld ======
           hPairProd :  Emin=        0 eV    Emax=      100 TeV

CoulombScat:   for  kaon+, integral: 1     SubType= 1  BuildTable= 1
      Lambda table from threshold  to 100 TeV, 20 bins per decade, spline: 1
      ThetaMin(p) < Theta(degree) < 180 pLimit(GeV^1)= 0.139531
      ===== EM models for the G4Region  DefaultRegionForTheWorld ======
  eCoulombScattering :  Emin=        0 eV    Emax=      100 TeV

msc:   for kaon-    SubType= 10
      RangeFactor= 0.2, stepLimitType: 0, latDisplacement: 1
      ===== EM models for the G4Region  DefaultRegionForTheWorld ======
        WentzelVIUni :  Emin=        0 eV    Emax=      100 TeV  Table with 240 bins Emin=    100 eV    Emax=    100 TeV

hIoni:   for  kaon-    SubType= 2
      dE/dx and range tables from 100 eV  to 100 TeV in 240 bins
      Lambda tables from threshold to 100 TeV, 20 bins per decade, spline: 1
      finalRange(mm)= 0.01, dRoverRange= 0.1, integral: 1, fluct: 1, linLossLimit= 0.01
      ===== EM models for the G4Region  DefaultRegionForTheWorld ======
            ICRU73QO :  Emin=        0 eV    Emax=  1.05231 MeV   deltaVI
          BetheBloch :  Emin=  1.05231 MeV   Emax=      100 TeV   deltaVI

hBrems:   for  kaon-    SubType= 3
      dE/dx and range tables from 100 eV  to 100 TeV in 240 bins
      Lambda tables from threshold to 100 TeV, 20 bins per decade, spline: 1
      ===== EM models for the G4Region  DefaultRegionForTheWorld ======
               hBrem :  Emin=        0 eV    Emax=      100 TeV

hPairProd:   for  kaon-    SubType= 4
      dE/dx and range tables from 100 eV  to 100 TeV in 240 bins
      Lambda tables from threshold to 100 TeV, 20 bins per decade, spline: 1
      Sampling table 18x1001 from 3.94942 GeV to 100 TeV 
      ===== EM models for the G4Region  DefaultRegionForTheWorld ======
           hPairProd :  Emin=        0 eV    Emax=      100 TeV

CoulombScat:   for  kaon-, integral: 1     SubType= 1  BuildTable= 1
      Used Lambda table of kaon+
      ThetaMin(p) < Theta(degree) < 180 pLimit(GeV^1)= 0.139531
      ===== EM models for the G4Region  DefaultRegionForTheWorld ======
  eCoulombScattering :  Emin=        0 eV    Emax=      100 TeV

msc:   for mu+    SubType= 10
      RangeFactor= 0.2, step limit type: 0, lateralDisplacement: 1, polarAngleLimit(deg)= 180
      ===== EM models for the G4Region  DefaultRegionForTheWorld ======
        WentzelVIUni :  Emin=        0 eV    Emax=      100 TeV  Table with 240 bins Emin=    100 eV    Emax=    100 TeV

muIoni:   for  mu+    SubType= 2
      dE/dx and range tables from 100 eV  to 100 TeV in 240 bins
      Lambda tables from threshold to 100 TeV, 20 bins per decade, spline: 1
      finalRange(mm)= 0.01, dRoverRange= 0.1, integral: 1, fluct: 1, linLossLimit= 0.01
      ===== EM models for the G4Region  DefaultRegionForTheWorld ======
               Bragg :  Emin=        0 eV    Emax=      200 keV   deltaVI
          BetheBloch :  Emin=      200 keV   Emax=        1 GeV   deltaVI
        MuBetheBloch :  Emin=        1 GeV   Emax=      100 TeV

muBrems:   for  mu+    SubType= 3
      dE/dx and range tables from 100 eV  to 100 TeV in 240 bins
      Lambda tables from threshold to 100 TeV, 20 bins per decade, spline: 1
      ===== EM models for the G4Region  DefaultRegionForTheWorld ======
              MuBrem :  Emin=        0 eV    Emax=      100 TeV

muPairProd:   for  mu+    SubType= 4
      dE/dx and range tables from 100 eV  to 100 TeV in 240 bins
      Lambda tables from threshold to 100 TeV, 20 bins per decade, spline: 1
      Sampling table 21x1001 from 1 GeV to 100 TeV 
      ===== EM models for the G4Region  DefaultRegionForTheWorld ======
          muPairProd :  Emin=        0 eV    Emax=      100 TeV

CoulombScat:   for  mu+, integral: 1     SubType= 1  BuildTable= 1
      Lambda table from threshold  to 100 TeV, 20 bins per decade, spline: 1
      ThetaMin(p) < Theta(degree) < 180 pLimit(GeV^1)= 0.139531
      ===== EM models for the G4Region  DefaultRegionForTheWorld ======
  eCoulombScattering :  Emin=        0 eV    Emax=      100 TeV

msc:   for mu-    SubType= 10
      RangeFactor= 0.2, step limit type: 0, lateralDisplacement: 1, polarAngleLimit(deg)= 180
      ===== EM models for the G4Region  DefaultRegionForTheWorld ======
        WentzelVIUni :  Emin=        0 eV    Emax=      100 TeV  Table with 240 bins Emin=    100 eV    Emax=    100 TeV

muIoni:   for  mu-    SubType= 2
      dE/dx and range tables from 100 eV  to 100 TeV in 240 bins
      Lambda tables from threshold to 100 TeV, 20 bins per decade, spline: 1
      finalRange(mm)= 0.01, dRoverRange= 0.1, integral: 1, fluct: 1, linLossLimit= 0.01
      ===== EM models for the G4Region  DefaultRegionForTheWorld ======
            ICRU73QO :  Emin=        0 eV    Emax=      200 keV   deltaVI
          BetheBloch :  Emin=      200 keV   Emax=        1 GeV   deltaVI
        MuBetheBloch :  Emin=        1 GeV   Emax=      100 TeV

muBrems:   for  mu-    SubType= 3
      dE/dx and range tables from 100 eV  to 100 TeV in 240 bins
      Lambda tables from threshold to 100 TeV, 20 bins per decade, spline: 1
      ===== EM models for the G4Region  DefaultRegionForTheWorld ======
              MuBrem :  Emin=        0 eV    Emax=      100 TeV

muPairProd:   for  mu-    SubType= 4
      dE/dx and range tables from 100 eV  to 100 TeV in 240 bins
      Lambda tables from threshold to 100 TeV, 20 bins per decade, spline: 1
      Sampling table 21x1001 from 1 GeV to 100 TeV 
      ===== EM models for the G4Region  DefaultRegionForTheWorld ======
          muPairProd :  Emin=        0 eV    Emax=      100 TeV

CoulombScat:   for  mu-, integral: 1     SubType= 1  BuildTable= 1
      Used Lambda table of mu+
      ThetaMin(p) < Theta(degree) < 180 pLimit(GeV^1)= 0.139531
      ===== EM models for the G4Region  DefaultRegionForTheWorld ======
  eCoulombScattering :  Emin=        0 eV    Emax=      100 TeV

msc:   for pi+    SubType= 10
      RangeFactor= 0.2, stepLimitType: 0, latDisplacement: 1
      ===== EM models for the G4Region  DefaultRegionForTheWorld ======
        WentzelVIUni :  Emin=        0 eV    Emax=      100 TeV  Table with 240 bins Emin=    100 eV    Emax=    100 TeV

hIoni:   for  pi+    SubType= 2
      dE/dx and range tables from 100 eV  to 100 TeV in 240 bins
      Lambda tables from threshold to 100 TeV, 20 bins per decade, spline: 1
      finalRange(mm)= 0.01, dRoverRange= 0.1, integral: 1, fluct: 1, linLossLimit= 0.01
      ===== EM models for the G4Region  DefaultRegionForTheWorld ======
               Bragg :  Emin=        0 eV    Emax=  297.505 keV   deltaVI
          BetheBloch :  Emin=  297.505 keV   Emax=      100 TeV   deltaVI

hBrems:   for  pi+    SubType= 3
      dE/dx and range tables from 100 eV  to 100 TeV in 240 bins
      Lambda tables from threshold to 100 TeV, 20 bins per decade, spline: 1
      ===== EM models for the G4Region  DefaultRegionForTheWorld ======
               hBrem :  Emin=        0 eV    Emax=      100 TeV

hPairProd:   for  pi+    SubType= 4
      dE/dx and range tables from 100 eV  to 100 TeV in 240 bins
      Lambda tables from threshold to 100 TeV, 20 bins per decade, spline: 1
      Sampling table 20x1001 from 1.11656 GeV to 100 TeV 
      ===== EM models for the G4Region  DefaultRegionForTheWorld ======
           hPairProd :  Emin=        0 eV    Emax=      100 TeV

CoulombScat:   for  pi+, integral: 1     SubType= 1  BuildTable= 1
      Lambda table from threshold  to 100 TeV, 20 bins per decade, spline: 1
      ThetaMin(p) < Theta(degree) < 180 pLimit(GeV^1)= 0.139531
      ===== EM models for the G4Region  DefaultRegionForTheWorld ======
  eCoulombScattering :  Emin=        0 eV    Emax=      100 TeV

msc:   for pi-    SubType= 10
      RangeFactor= 0.2, stepLimitType: 0, latDisplacement: 1
      ===== EM models for the G4Region  DefaultRegionForTheWorld ======
        WentzelVIUni :  Emin=        0 eV    Emax=      100 TeV  Table with 240 bins Emin=    100 eV    Emax=    100 TeV

hIoni:   for  pi-    SubType= 2
      dE/dx and range tables from 100 eV  to 100 TeV in 240 bins
      Lambda tables from threshold to 100 TeV, 20 bins per decade, spline: 1
      finalRange(mm)= 0.01, dRoverRange= 0.1, integral: 1, fluct: 1, linLossLimit= 0.01
      ===== EM models for the G4Region  DefaultRegionForTheWorld ======
            ICRU73QO :  Emin=        0 eV    Emax=  297.505 keV   deltaVI
          BetheBloch :  Emin=  297.505 keV   Emax=      100 TeV   deltaVI

hBrems:   for  pi-    SubType= 3
      dE/dx and range tables from 100 eV  to 100 TeV in 240 bins
      Lambda tables from threshold to 100 TeV, 20 bins per decade, spline: 1
      ===== EM models for the G4Region  DefaultRegionForTheWorld ======
               hBrem :  Emin=        0 eV    Emax=      100 TeV

hPairProd:   for  pi-    SubType= 4
      dE/dx and range tables from 100 eV  to 100 TeV in 240 bins
      Lambda tables from threshold to 100 TeV, 20 bins per decade, spline: 1
      Sampling table 20x1001 from 1.11656 GeV to 100 TeV 
      ===== EM models for the G4Region  DefaultRegionForTheWorld ======
           hPairProd :  Emin=        0 eV    Emax=      100 TeV

CoulombScat:   for  pi-, integral: 1     SubType= 1  BuildTable= 1
      Used Lambda table of pi+
      ThetaMin(p) < Theta(degree) < 180 pLimit(GeV^1)= 0.139531
      ===== EM models for the G4Region  DefaultRegionForTheWorld ======
  eCoulombScattering :  Emin=        0 eV    Emax=      100 TeV

====================================================================
                  HADRONIC PROCESSES SUMMARY (verbose level 1)

---------------------------------------------------
                           Hadronic Processes for neutron

  Process: hadElastic
        Model:             hElasticCHIPS: 0 eV  ---> 100 TeV
     Cr_sctns:        G4NeutronElasticXS: 0 eV  ---> 100 TeV

  Process: neutronInelastic
        Model:                      FTFP: 3 GeV ---> 100 TeV
        Model:            BertiniCascade: 1 GeV ---> 5 GeV
        Model:            Binary Cascade: 0 eV  ---> 1.5 GeV
     Cr_sctns:     G4ParticleInelasticXS: 0 eV  ---> 100 TeV

  Process: nCapture
        Model:               nRadCapture: 0 eV  ---> 100 TeV
     Cr_sctns:        G4NeutronCaptureXS: 0 eV  ---> 100 TeV

  Process: nKiller

---------------------------------------------------
                           Hadronic Processes for GenericIon

  Process: ionInelastic
        Model:  Binary Light Ion Cascade: 0 eV /n ---> 4 GeV/n
        Model:                      FTFP: 2 GeV/n ---> 100 TeV/n
     Cr_sctns:  Glauber-Gribov Nucl-nucl: 0 eV  ---> 100 TeV
     Cr_sctns:          GheishaInelastic: 0 eV  ---> 100 TeV

  Process: ionElastic
        Model:          NNDiffuseElastic: 0 eV /n ---> 100 TeV/n
     Cr_sctns:  Glauber-Gribov Nucl-nucl: 0 eV  ---> 100 TeV
     Cr_sctns:            GheishaElastic: 0 eV  ---> 100 TeV

---------------------------------------------------
                           Hadronic Processes for He3

  Process: hadElastic
        Model:              hElasticLHEP: 0 eV /n ---> 100 TeV/n
     Cr_sctns:  Glauber-Gribov Nucl-nucl: 0 eV  ---> 100 TeV
     Cr_sctns:            GheishaElastic: 0 eV  ---> 100 TeV

  Process: He3Inelastic
        Model:  Binary Light Ion Cascade: 0 eV /n ---> 4 GeV/n
        Model:                      FTFP: 2 GeV/n ---> 100 TeV/n
     Cr_sctns:     G4ParticleInelasticXS: 0 eV  ---> 100 TeV

---------------------------------------------------
                           Hadronic Processes for alpha

  Process: hadElastic
        Model:              hElasticLHEP: 0 eV /n ---> 100 TeV/n
     Cr_sctns:            GheishaElastic: 0 eV  ---> 100 TeV

  Process: alphaInelastic
        Model:  Binary Light Ion Cascade: 0 eV /n ---> 4 GeV/n
        Model:                      FTFP: 2 GeV/n ---> 100 TeV/n
     Cr_sctns:     G4ParticleInelasticXS: 0 eV  ---> 100 TeV

---------------------------------------------------
                           Hadronic Processes for anti_He3

  Process: hadElastic
        Model:              hElasticLHEP: 0 eV /n ---> 100.1 MeV/n
        Model:              AntiAElastic: 100 MeV/n ---> 100 TeV/n
     Cr_sctns:              AntiAGlauber: 0 eV  ---> 100 TeV
     Cr_sctns:            GheishaElastic: 0 eV  ---> 100 TeV

  Process: anti_He3Inelastic
        Model:                      FTFP: 0 eV /n ---> 100 TeV/n
     Cr_sctns:              AntiAGlauber: 0 eV  ---> 100 TeV
     Cr_sctns:          GheishaInelastic: 0 eV  ---> 100 TeV

  Process: hFritiofCaptureAtRest

---------------------------------------------------
                           Hadronic Processes for anti_alpha

  Process: hadElastic
        Model:              hElasticLHEP: 0 eV /n ---> 100.1 MeV/n
        Model:              AntiAElastic: 100 MeV/n ---> 100 TeV/n
     Cr_sctns:              AntiAGlauber: 0 eV  ---> 100 TeV
     Cr_sctns:            GheishaElastic: 0 eV  ---> 100 TeV

  Process: anti_alphaInelastic
        Model:                      FTFP: 0 eV /n ---> 100 TeV/n
     Cr_sctns:              AntiAGlauber: 0 eV  ---> 100 TeV
     Cr_sctns:          GheishaInelastic: 0 eV  ---> 100 TeV

  Process: hFritiofCaptureAtRest

---------------------------------------------------
                           Hadronic Processes for anti_deuteron

  Process: hadElastic
        Model:              hElasticLHEP: 0 eV /n ---> 100.1 MeV/n
        Model:              AntiAElastic: 100 MeV/n ---> 100 TeV/n
     Cr_sctns:              AntiAGlauber: 0 eV  ---> 100 TeV
     Cr_sctns:            GheishaElastic: 0 eV  ---> 100 TeV

  Process: anti_deuteronInelastic
        Model:                      FTFP: 0 eV /n ---> 100 TeV/n
     Cr_sctns:              AntiAGlauber: 0 eV  ---> 100 TeV
     Cr_sctns:          GheishaInelastic: 0 eV  ---> 100 TeV

  Process: hFritiofCaptureAtRest

---------------------------------------------------
                           Hadronic Processes for anti_neutron

  Process: hadElastic
        Model:              hElasticLHEP: 0 eV  ---> 100 TeV
     Cr_sctns:            GheishaElastic: 0 eV  ---> 100 TeV

  Process: anti_neutronInelastic
        Model:                      FTFP: 0 eV  ---> 100 TeV
     Cr_sctns:              AntiAGlauber: 0 eV  ---> 100 TeV
     Cr_sctns:          GheishaInelastic: 0 eV  ---> 100 TeV

---------------------------------------------------
                           Hadronic Processes for anti_proton

  Process: hadElastic
        Model:              hElasticLHEP: 0 eV  ---> 100.1 MeV
        Model:              AntiAElastic: 100 MeV ---> 100 TeV
     Cr_sctns:              AntiAGlauber: 0 eV  ---> 100 TeV
     Cr_sctns:            GheishaElastic: 0 eV  ---> 100 TeV

  Process: anti_protonInelastic
        Model:                      FTFP: 0 eV  ---> 100 TeV
     Cr_sctns:              AntiAGlauber: 0 eV  ---> 100 TeV
     Cr_sctns:          GheishaInelastic: 0 eV  ---> 100 TeV

  Process: hFritiofCaptureAtRest

---------------------------------------------------
                           Hadronic Processes for anti_triton

  Process: hadElastic
        Model:              hElasticLHEP: 0 eV /n ---> 100.1 MeV/n
        Model:              AntiAElastic: 100 MeV/n ---> 100 TeV/n
     Cr_sctns:              AntiAGlauber: 0 eV  ---> 100 TeV
     Cr_sctns:            GheishaElastic: 0 eV  ---> 100 TeV

  Process: anti_tritonInelastic
        Model:                      FTFP: 0 eV /n ---> 100 TeV/n
     Cr_sctns:              AntiAGlauber: 0 eV  ---> 100 TeV
     Cr_sctns:          GheishaInelastic: 0 eV  ---> 100 TeV

  Process: hFritiofCaptureAtRest

---------------------------------------------------
                           Hadronic Processes for deuteron

  Process: hadElastic
        Model:              hElasticLHEP: 0 eV /n ---> 100 TeV/n
     Cr_sctns:            GheishaElastic: 0 eV  ---> 100 TeV

  Process: dInelastic
        Model:  Binary Light Ion Cascade: 0 eV /n ---> 4 GeV/n
        Model:                      FTFP: 2 GeV/n ---> 100 TeV/n
     Cr_sctns:     G4ParticleInelasticXS: 0 eV  ---> 100 TeV

---------------------------------------------------
                           Hadronic Processes for e+

  Process: positronNuclear
        Model:   G4ElectroVDNuclearModel: 0 eV  ---> 1 PeV
     Cr_sctns:          ElectroNuclearXS: 0 eV  ---> 100 TeV

---------------------------------------------------
                           Hadronic Processes for e-

  Process: electronNuclear
        Model:   G4ElectroVDNuclearModel: 0 eV  ---> 1 PeV
     Cr_sctns:          ElectroNuclearXS: 0 eV  ---> 100 TeV

---------------------------------------------------
                           Hadronic Processes for gamma

  Process: photonNuclear
        Model:            BertiniCascade: 0 eV  ---> 3.5 GeV
        Model:           TheoFSGenerator: 3 GeV ---> 100 TeV
     Cr_sctns:            PhotoNuclearXS: 0 eV  ---> 100 TeV

---------------------------------------------------
                           Hadronic Processes for kaon+

  Process: hadElastic
        Model:              hElasticLHEP: 0 eV  ---> 100 TeV
     Cr_sctns:            Glauber-Gribov: 0 eV  ---> 100 TeV
     Cr_sctns:            GheishaElastic: 0 eV  ---> 100 TeV

  Process: kaon+Inelastic
        Model:                      FTFP: 3 GeV ---> 100 TeV
        Model:            BertiniCascade: 0 eV  ---> 5 GeV
     Cr_sctns:            Glauber-Gribov: 0 eV  ---> 100 TeV
     Cr_sctns:          GheishaInelastic: 0 eV  ---> 100 TeV

---------------------------------------------------
                           Hadronic Processes for kaon-

  Process: hadElastic
        Model:              hElasticLHEP: 0 eV  ---> 100 TeV
     Cr_sctns:            Glauber-Gribov: 0 eV  ---> 100 TeV
     Cr_sctns:            GheishaElastic: 0 eV  ---> 100 TeV

  Process: kaon-Inelastic
        Model:                      FTFP: 3 GeV ---> 100 TeV
        Model:            BertiniCascade: 0 eV  ---> 5 GeV
     Cr_sctns:            Glauber-Gribov: 0 eV  ---> 100 TeV
     Cr_sctns:          GheishaInelastic: 0 eV  ---> 100 TeV

  Process: hBertiniCaptureAtRest

---------------------------------------------------
                           Hadronic Processes for lambda

  Process: hadElastic
        Model:              hElasticLHEP: 0 eV  ---> 100 TeV
     Cr_sctns:            GheishaElastic: 0 eV  ---> 100 TeV

  Process: lambdaInelastic
        Model:                      FTFP: 3 GeV ---> 100 TeV
        Model:            BertiniCascade: 0 eV  ---> 5 GeV
     Cr_sctns:   ChipsHyperonInelasticXS: 0 eV  ---> 100 TeV
     Cr_sctns:          GheishaInelastic: 0 eV  ---> 100 TeV

---------------------------------------------------
                           Hadronic Processes for mu+

  Process: muonNuclear
        Model:      G4MuonVDNuclearModel: 0 eV  ---> 1 PeV
     Cr_sctns:     KokoulinMuonNuclearXS: 0 eV  ---> 100 TeV

---------------------------------------------------
                           Hadronic Processes for mu-

  Process: muonNuclear
        Model:      G4MuonVDNuclearModel: 0 eV  ---> 1 PeV
     Cr_sctns:     KokoulinMuonNuclearXS: 0 eV  ---> 100 TeV

  Process: muMinusCaptureAtRest

---------------------------------------------------
                           Hadronic Processes for pi+

  Process: hadElastic
        Model:              hElasticLHEP: 0 eV  ---> 1.0001 GeV
        Model:           hElasticGlauber: 1 GeV ---> 100 TeV
     Cr_sctns:       Barashenkov-Glauber: 0 eV  ---> 100 TeV

  Process: pi+Inelastic
        Model:                      FTFP: 3 GeV ---> 100 TeV
        Model:            BertiniCascade: 0 eV  ---> 5 GeV
     Cr_sctns: Barashenkov-Glauber-Gribov: 0 eV  ---> 100 TeV

---------------------------------------------------
                           Hadronic Processes for pi-

  Process: hadElastic
        Model:              hElasticLHEP: 0 eV  ---> 1.0001 GeV
        Model:           hElasticGlauber: 1 GeV ---> 100 TeV
     Cr_sctns:       Barashenkov-Glauber: 0 eV  ---> 100 TeV

  Process: pi-Inelastic
        Model:                      FTFP: 3 GeV ---> 100 TeV
        Model:            BertiniCascade: 0 eV  ---> 5 GeV
     Cr_sctns: Barashenkov-Glauber-Gribov: 0 eV  ---> 100 TeV

  Process: hBertiniCaptureAtRest

---------------------------------------------------
                           Hadronic Processes for proton

  Process: hadElastic
        Model:             hElasticCHIPS: 0 eV  ---> 100 TeV
     Cr_sctns:       Barashenkov-Glauber: 0 eV  ---> 100 TeV

  Process: protonInelastic
        Model:                      FTFP: 3 GeV ---> 100 TeV
        Model:            BertiniCascade: 1 GeV ---> 5 GeV
        Model:            Binary Cascade: 0 eV  ---> 1.5 GeV
     Cr_sctns:     G4ParticleInelasticXS: 0 eV  ---> 100 TeV

---------------------------------------------------
                           Hadronic Processes for triton

  Process: hadElastic
        Model:              hElasticLHEP: 0 eV /n ---> 100 TeV/n
     Cr_sctns:            GheishaElastic: 0 eV  ---> 100 TeV

  Process: tInelastic
        Model:  Binary Light Ion Cascade: 0 eV /n ---> 4 GeV/n
        Model:                      FTFP: 2 GeV/n ---> 100 TeV/n
     Cr_sctns:     G4ParticleInelasticXS: 0 eV  ---> 100 TeV

================================================================
=======================================================================
======       Pre-compound/De-excitation Physics Parameters     ========
=======================================================================
Type of pre-compound inverse x-section              3
Pre-compound model active                           1
Pre-compound low energy (MeV)                       0.1
Type of de-excitation inverse x-section             3
Type of de-excitation factory                       Evaporation+GEM
Number of de-excitation channels                    68
Min excitation energy (keV)                         0.01
Min energy per nucleon for multifragmentation (MeV) 1e+05
Level density (1/MeV)                               0.1
Time limit for long lived isomeres (ns)             1e+12
Internal e- conversion flag                         1
Store e- internal conversion data                   0
Electron internal conversion ID                     0
Correlated gamma emission flag                      0
Max 2J for sampling of angular correlations         10
=======================================================================

Region <DefaultRegionForTheWorld> --  -- appears in <expHall_P> world volume
 This region is in the mass world.
 Root logical volume(s) : expHall_L 
 Pointers : G4VUserRegionInformation[0], G4UserLimits[0], G4FastSimulationManager[0], G4UserSteppingAction[0]
 Materials : Air ArgonGas Silicon Scintillator Lead 
 Production cuts :   gamma 700 um      e- 700 um      e+ 700 um  proton 700 um 

Region <DefaultRegionForParallelWorld> --  -- appears in <ReadoutWorld> world volume
 This region is in the parallel world.
 Root logical volume(s) : ReadoutWorld 
 Pointers : G4VUserRegionInformation[0], G4UserLimits[0], G4FastSimulationManager[0], G4UserSteppingAction[0]
 Materials : 
 Production cuts :   gamma 700 um      e- 700 um      e+ 700 um  proton 700 um 

========= Table of registered couples ==============================

Index : 0     used in the geometry : Yes
 Material : Air
 Range cuts        :  gamma  700 um     e-  700 um     e+  700 um  proton 700 um 
 Energy thresholds :  gamma  990 eV     e-  990 eV     e+  990 eV  proton 70 keV
 Region(s) which use this couple : 
    DefaultRegionForTheWorld

Index : 1     used in the geometry : Yes
 Material : ArgonGas
 Range cuts        :  gamma  700 um     e-  700 um     e+  700 um  proton 700 um 
 Energy thresholds :  gamma  990 eV     e-  990 eV     e+  990 eV  proton 70 keV
 Region(s) which use this couple : 
    DefaultRegionForTheWorld

Index : 2     used in the geometry : Yes
 Material : Silicon
 Range cuts        :  gamma  700 um     e-  700 um     e+  700 um  proton 700 um 
 Energy thresholds :  gamma  5.87535 keV    e-  424.726 keV    e+  410.692 keV proton 70 keV
 Region(s) which use this couple : 
    DefaultRegionForTheWorld

Index : 3     used in the geometry : Yes
 Material : Scintillator
 Range cuts        :  gamma  700 um     e-  700 um     e+  700 um  proton 700 um 
 Energy thresholds :  gamma  2.09434 keV    e-  281.891 keV    e+  276.265 keV proton 70 keV
 Region(s) which use this couple : 
    DefaultRegionForTheWorld

Index : 4     used in the geometry : Yes
 Material : Lead
 Range cuts        :  gamma  700 um     e-  700 um     e+  700 um  proton 700 um 
 Energy thresholds :  gamma  94.5861 keV    e-  1.00386 MeV    e+  951.321 keV proton 70 keV
 Region(s) which use this couple : 
    DefaultRegionForTheWorld

====================================================================

Start closing geometry.
G4GeometryManager::ReportVoxelStats -- Voxel Statistics

    Total memory consumed for geometry optimisation:   7 kByte
    Total CPU time elapsed for geometry optimisation: 0 seconds

    Voxelisation: top CPU users:
    Percent   Total CPU    System CPU       Memory  Volume
    -------   ----------   ----------     --------  ----------
       0.00         0.00         0.00            2k expHall_L
       0.00         0.00         0.00            0k trackerT_L
       0.00         0.00         0.00            1k caloT_L
       0.00         0.00         0.00            3k caloROlogical
       0.00         0.00         0.00            1k caloROphiDivisionLogical

    Voxelisation: top memory users:
    Percent     Memory      Heads    Nodes   Pointers    Total CPU    Volume
    -------   --------     ------   ------   --------   ----------    ----------
      38.29          2k         1       48         48         0.00    caloROlogical
      33.30          2k         6       33         48         0.00    expHall_L
      16.54          1k         1       20         20         0.00    caloROphiDivisionLogical
       8.32          0k         1        9         12         0.00    caloT_L
       3.55          0k         1        3          5         0.00    trackerT_L
### Run 0 starts.
### Run 0 start.
G4HEPEvtInterface - reading 484 HEPEvt particles from pythia_event.data.
>>> Event 0
     42 hits are stored in RE05TrackerHitsCollection.
     45 hits are stored in RE05CalorimeterHitsCollection.
     Total energy deposition in calorimeter : 7.0107385768957 (GeV)
     1 hits are stored in RE05MuonHitsCollection.
G4HEPEvtInterface - reading 755 HEPEvt particles from pythia_event.data.
>>> Event 1
     0 hits are stored in RE05TrackerHitsCollection.
     0 hits are stored in RE05CalorimeterHitsCollection.
     Total energy deposition in calorimeter : 0 (GeV)
     0 hits are stored in RE05MuonHitsCollection.
G4HEPEvtInterface - reading 614 HEPEvt particles from pythia_event.data.
>>> Event 2
     0 hits are stored in RE05TrackerHitsCollection.
     0 hits are stored in RE05CalorimeterHitsCollection.
     Total energy deposition in calorimeter : 0 (GeV)
     0 hits are stored in RE05MuonHitsCollection.
G4HEPEvtInterface - reading 448 HEPEvt particles from pythia_event.data.
>>> Event 3
     0 hits are stored in RE05TrackerHitsCollection.
     3 hits are stored in RE05CalorimeterHitsCollection.
     Total energy deposition in calorimeter : 0.54119052540206 (GeV)
     0 hits are stored in RE05MuonHitsCollection.
G4HEPEvtInterface - reading 945 HEPEvt particles from pythia_event.data.
>>> Event 4
     85 hits are stored in RE05TrackerHitsCollection.
     62 hits are stored in RE05CalorimeterHitsCollection.
     Total energy deposition in calorimeter : 14.358587267887 (GeV)
     1 hits are stored in RE05MuonHitsCollection.
G4HEPEvtInterface - reading 837 HEPEvt particles from pythia_event.data.
>>> Event 5
     134 hits are stored in RE05TrackerHitsCollection.
     75 hits are stored in RE05CalorimeterHitsCollection.
     Total energy deposition in calorimeter : 9.6836786540688 (GeV)
     1 hits are stored in RE05MuonHitsCollection.
G4HEPEvtInterface - reading 603 HEPEvt particles from pythia_event.data.
>>> Event 6
     0 hits are stored in RE05TrackerHitsCollection.
     0 hits are stored in RE05CalorimeterHitsCollection.
     Total energy deposition in calorimeter : 0 (GeV)
     0 hits are stored in RE05MuonHitsCollection.
G4HEPEvtInterface - reading 627 HEPEvt particles from pythia_event.data.
>>> Event 7
     30 hits are stored in RE05TrackerHitsCollection.
     30 hits are stored in RE05CalorimeterHitsCollection.
     Total energy deposition in calorimeter : 6.2797353425259 (GeV)
     1 hits are stored in RE05MuonHitsCollection.
G4HEPEvtInterface - reading 682 HEPEvt particles from pythia_event.data.
>>> Event 8
     82 hits are stored in RE05TrackerHitsCollection.
     60 hits are stored in RE05CalorimeterHitsCollection.
     Total energy deposition in calorimeter : 9.807368032647 (GeV)
     1 hits are stored in RE05MuonHitsCollection.
G4HEPEvtInterface - reading 330 HEPEvt particles from pythia_event.data.
>>> Event 9
     51 hits are stored in RE05TrackerHitsCollection.
     24 hits are stored in RE05CalorimeterHitsCollection.
     Total energy deposition in calorimeter : 4.7545646185365 (GeV)
     1 hits are stored in RE05MuonHitsCollection.
G4HEPEvtInterface - reading 1060 HEPEvt particles from pythia_event.data.
>>> Event 10
     89 hits are stored in RE05TrackerHitsCollection.
     63 hits are stored in RE05CalorimeterHitsCollection.
     Total energy deposition in calorimeter : 9.4666661507346 (GeV)
     1 hits are stored in RE05MuonHitsCollection.
G4HEPEvtInterface - reading 1010 HEPEvt particles from pythia_event.data.
>>> Event 11
     0 hits are stored in RE05TrackerHitsCollection.
     17 hits are stored in RE05CalorimeterHitsCollection.
     Total energy deposition in calorimeter : 2.858108098407 (GeV)
     0 hits are stored in RE05MuonHitsCollection.
G4HEPEvtInterface - reading 517 HEPEvt particles from pythia_event.data.
>>> Event 12
     0 hits are stored in RE05TrackerHitsCollection.
     0 hits are stored in RE05CalorimeterHitsCollection.
     Total energy deposition in calorimeter : 0 (GeV)
     0 hits are stored in RE05MuonHitsCollection.
G4HEPEvtInterface - reading 815 HEPEvt particles from pythia_event.data.
>>> Event 13
     139 hits are stored in RE05TrackerHitsCollection.
     56 hits are stored in RE05CalorimeterHitsCollection.
     Total energy deposition in calorimeter : 8.2786001616853 (GeV)
     1 hits are stored in RE05MuonHitsCollection.
G4HEPEvtInterface - reading 702 HEPEvt particles from pythia_event.data.
>>> Event 14
     134 hits are stored in RE05TrackerHitsCollection.
     49 hits are stored in RE05CalorimeterHitsCollection.
     Total energy deposition in calorimeter : 6.6520190807846 (GeV)
     1 hits are stored in RE05MuonHitsCollection.
G4HEPEvtInterface - reading 568 HEPEvt particles from pythia_event.data.
>>> Event 15
     0 hits are stored in RE05TrackerHitsCollection.
     0 hits are stored in RE05CalorimeterHitsCollection.
     Total energy deposition in calorimeter : 0 (GeV)
     0 hits are stored in RE05MuonHitsCollection.
G4HEPEvtInterface - reading 405 HEPEvt particles from pythia_event.data.
>>> Event 16
     18 hits are stored in RE05TrackerHitsCollection.
     28 hits are stored in RE05CalorimeterHitsCollection.
     Total energy deposition in calorimeter : 4.593736645458 (GeV)
     1 hits are stored in RE05MuonHitsCollection.
G4HEPEvtInterface - reading 533 HEPEvt particles from pythia_event.data.
>>> Event 17
     0 hits are stored in RE05TrackerHitsCollection.
     5 hits are stored in RE05CalorimeterHitsCollection.
     Total energy deposition in calorimeter : 0.96734782151948 (GeV)
     0 hits are stored in RE05MuonHitsCollection.
G4HEPEvtInterface - reading 342 HEPEvt particles from pythia_event.data.
>>> Event 18
     0 hits are stored in RE05TrackerHitsCollection.
     0 hits are stored in RE05CalorimeterHitsCollection.
     Total energy deposition in calorimeter : 0 (GeV)
     0 hits are stored in RE05MuonHitsCollection.
G4HEPEvtInterface - reading 621 HEPEvt particles from pythia_event.data.
>>> Event 19
     46 hits are stored in RE05TrackerHitsCollection.
     32 hits are stored in RE05CalorimeterHitsCollection.
     Total energy deposition in calorimeter : 9.7940998201863 (GeV)
     1 hits are stored in RE05MuonHitsCollection.
G4HEPEvtInterface - reading 906 HEPEvt particles from pythia_event.data.
>>> Event 20
     103 hits are stored in RE05TrackerHitsCollection.
     49 hits are stored in RE05CalorimeterHitsCollection.
     Total energy deposition in calorimeter : 8.6482242270936 (GeV)
     1 hits are stored in RE05MuonHitsCollection.
G4HEPEvtInterface - reading 427 HEPEvt particles from pythia_event.data.
>>> Event 21
     0 hits are stored in RE05TrackerHitsCollection.
     0 hits are stored in RE05CalorimeterHitsCollection.
     Total energy deposition in calorimeter : 0 (GeV)
     0 hits are stored in RE05MuonHitsCollection.
G4HEPEvtInterface - reading 387 HEPEvt particles from pythia_event.data.
>>> Event 22
     38 hits are stored in RE05TrackerHitsCollection.
     21 hits are stored in RE05CalorimeterHitsCollection.
     Total energy deposition in calorimeter : 3.4841809847612 (GeV)
     1 hits are stored in RE05MuonHitsCollection.
G4HEPEvtInterface - reading 359 HEPEvt particles from pythia_event.data.
>>> Event 23
     0 hits are stored in RE05TrackerHitsCollection.
     0 hits are stored in RE05CalorimeterHitsCollection.
     Total energy deposition in calorimeter : 0 (GeV)
     0 hits are stored in RE05MuonHitsCollection.
G4HEPEvtInterface - reading 438 HEPEvt particles from pythia_event.data.
>>> Event 24
     0 hits are stored in RE05TrackerHitsCollection.
     0 hits are stored in RE05CalorimeterHitsCollection.
     Total energy deposition in calorimeter : 0 (GeV)
     0 hits are stored in RE05MuonHitsCollection.
G4HEPEvtInterface - reading 786 HEPEvt particles from pythia_event.data.
>>> Event 25
     0 hits are stored in RE05TrackerHitsCollection.
     7 hits are stored in RE05CalorimeterHitsCollection.
     Total energy deposition in calorimeter : 1.2201924611529 (GeV)
     0 hits are stored in RE05MuonHitsCollection.
G4HEPEvtInterface - reading 661 HEPEvt particles from pythia_event.data.
>>> Event 26
     0 hits are stored in RE05TrackerHitsCollection.
     0 hits are stored in RE05CalorimeterHitsCollection.
     Total energy deposition in calorimeter : 0 (GeV)
     0 hits are stored in RE05MuonHitsCollection.
G4HEPEvtInterface - reading 673 HEPEvt particles from pythia_event.data.
>>> Event 27
     0 hits are stored in RE05TrackerHitsCollection.
     47 hits are stored in RE05CalorimeterHitsCollection.
     Total energy deposition in calorimeter : 5.1631064631387 (GeV)
     1 hits are stored in RE05MuonHitsCollection.
G4HEPEvtInterface - reading 694 HEPEvt particles from pythia_event.data.
>>> Event 28
     0 hits are stored in RE05TrackerHitsCollection.
     8 hits are stored in RE05CalorimeterHitsCollection.
     Total energy deposition in calorimeter : 1.4036231168953 (GeV)
     0 hits are stored in RE05MuonHitsCollection.
G4HEPEvtInterface - reading 913 HEPEvt particles from pythia_event.data.
>>> Event 29
     0 hits are stored in RE05TrackerHitsCollection.
     0 hits are stored in RE05CalorimeterHitsCollection.
     Total energy deposition in calorimeter : 0 (GeV)
     0 hits are stored in RE05MuonHitsCollection.
G4HEPEvtInterface - reading 425 HEPEvt particles from pythia_event.data.
>>> Event 30
     41 hits are stored in RE05TrackerHitsCollection.
     41 hits are stored in RE05CalorimeterHitsCollection.
     Total energy deposition in calorimeter : 7.0822681062641 (GeV)
     1 hits are stored in RE05MuonHitsCollection.
G4HEPEvtInterface - reading 466 HEPEvt particles from pythia_event.data.
>>> Event 31
     22 hits are stored in RE05TrackerHitsCollection.
     29 hits are stored in RE05CalorimeterHitsCollection.
     Total energy deposition in calorimeter : 4.6026384491049 (GeV)
     1 hits are stored in RE05MuonHitsCollection.
G4HEPEvtInterface - reading 954 HEPEvt particles from pythia_event.data.
>>> Event 32
     0 hits are stored in RE05TrackerHitsCollection.
     0 hits are stored in RE05CalorimeterHitsCollection.
     Total energy deposition in calorimeter : 0 (GeV)
     0 hits are stored in RE05MuonHitsCollection.
G4HEPEvtInterface - reading 575 HEPEvt particles from pythia_event.data.
>>> Event 33
     72 hits are stored in RE05TrackerHitsCollection.
     15 hits are stored in RE05CalorimeterHitsCollection.
     Total energy deposition in calorimeter : 3.9572294384971 (GeV)
     1 hits are stored in RE05MuonHitsCollection.
G4HEPEvtInterface - reading 1002 HEPEvt particles from pythia_event.data.
>>> Event 34
     89 hits are stored in RE05TrackerHitsCollection.
     15 hits are stored in RE05CalorimeterHitsCollection.
     Total energy deposition in calorimeter : 5.3505653381749 (GeV)
     1 hits are stored in RE05MuonHitsCollection.
G4HEPEvtInterface - reading 440 HEPEvt particles from pythia_event.data.
>>> Event 35
     0 hits are stored in RE05TrackerHitsCollection.
     0 hits are stored in RE05CalorimeterHitsCollection.
     Total energy deposition in calorimeter : 0 (GeV)
     0 hits are stored in RE05MuonHitsCollection.
G4HEPEvtInterface - reading 389 HEPEvt particles from pythia_event.data.
>>> Event 36
     0 hits are stored in RE05TrackerHitsCollection.
     0 hits are stored in RE05CalorimeterHitsCollection.
     Total energy deposition in calorimeter : 0 (GeV)
     0 hits are stored in RE05MuonHitsCollection.
G4HEPEvtInterface - reading 318 HEPEvt particles from pythia_event.data.
>>> Event 37
     23 hits are stored in RE05TrackerHitsCollection.
     36 hits are stored in RE05CalorimeterHitsCollection.
     Total energy deposition in calorimeter : 5.602623118376 (GeV)
     1 hits are stored in RE05MuonHitsCollection.
G4HEPEvtInterface - reading 367 HEPEvt particles from pythia_event.data.
>>> Event 38
     111 hits are stored in RE05TrackerHitsCollection.
     61 hits are stored in RE05CalorimeterHitsCollection.
     Total energy deposition in calorimeter : 7.0503309270927 (GeV)
     1 hits are stored in RE05MuonHitsCollection.
G4HEPEvtInterface - reading 1000 HEPEvt particles from pythia_event.data.
>>> Event 39
     0 hits are stored in RE05TrackerHitsCollection.
     4 hits are stored in RE05CalorimeterHitsCollection.
     Total energy deposition in calorimeter : 0.73631996897226 (GeV)
     0 hits are stored in RE05MuonHitsCollection.
G4HEPEvtInterface - reading 253 HEPEvt particles from pythia_event.data.
>>> Event 40
     21 hits are stored in RE05TrackerHitsCollection.
     36 hits are stored in RE05CalorimeterHitsCollection.
     Total energy deposition in calorimeter : 5.5076921089015 (GeV)
     1 hits are stored in RE05MuonHitsCollection.
G4HEPEvtInterface - reading 474 HEPEvt particles from pythia_event.data.
>>> Event 41
     16 hits are stored in RE05TrackerHitsCollection.
     21 hits are stored in RE05CalorimeterHitsCollection.
     Total energy deposition in calorimeter : 6.5659843510216 (GeV)
     1 hits are stored in RE05MuonHitsCollection.
G4HEPEvtInterface - reading 695 HEPEvt particles from pythia_event.data.
>>> Event 42
     141 hits are stored in RE05TrackerHitsCollection.
     41 hits are stored in RE05CalorimeterHitsCollection.
     Total energy deposition in calorimeter : 5.2606777375928 (GeV)
     1 hits are stored in RE05MuonHitsCollection.
G4HEPEvtInterface - reading 760 HEPEvt particles from pythia_event.data.
>>> Event 43
     0 hits are stored in RE05TrackerHitsCollection.
     13 hits are stored in RE05CalorimeterHitsCollection.
     Total energy deposition in calorimeter : 2.2518327880302 (GeV)
     0 hits are stored in RE05MuonHitsCollection.
G4HEPEvtInterface - reading 328 HEPEvt particles from pythia_event.data.
>>> Event 44
     0 hits are stored in RE05TrackerHitsCollection.
     10 hits are stored in RE05CalorimeterHitsCollection.
     Total energy deposition in calorimeter : 1.7631543733938 (GeV)
     0 hits are stored in RE05MuonHitsCollection.
G4HEPEvtInterface - reading 574 HEPEvt particles from pythia_event.data.
>>> Event 45
     0 hits are stored in RE05TrackerHitsCollection.
     0 hits are stored in RE05CalorimeterHitsCollection.
     Total energy deposition in calorimeter : 0 (GeV)
     0 hits are stored in RE05MuonHitsCollection.
G4HEPEvtInterface - reading 420 HEPEvt particles from pythia_event.data.
>>> Event 46
     68 hits are stored in RE05TrackerHitsCollection.
     49 hits are stored in RE05CalorimeterHitsCollection.
     Total energy deposition in calorimeter : 8.3825373445785 (GeV)
     1 hits are stored in RE05MuonHitsCollection.
G4HEPEvtInterface - reading 1092 HEPEvt particles from pythia_event.data.
>>> Event 47
     83 hits are stored in RE05TrackerHitsCollection.
     57 hits are stored in RE05CalorimeterHitsCollection.
     Total energy deposition in calorimeter : 7.7688629748846 (GeV)
     1 hits are stored in RE05MuonHitsCollection.
G4HEPEvtInterface - reading 708 HEPEvt particles from pythia_event.data.
>>> Event 48
     57 hits are stored in RE05TrackerHitsCollection.
     19 hits are stored in RE05CalorimeterHitsCollection.
     Total energy deposition in calorimeter : 4.0416917623187 (GeV)
     1 hits are stored in RE05MuonHitsCollection.
G4HEPEvtInterface - reading 942 HEPEvt particles from pythia_event.data.
>>> Event 49
     0 hits are stored in RE05TrackerHitsCollection.
     0 hits are stored in RE05CalorimeterHitsCollection.
     Total energy deposition in calorimeter : 0 (GeV)
     0 hits are stored in RE05MuonHitsCollection.
G4HEPEvtInterface - reading 422 HEPEvt particles from pythia_event.data.
>>> Event 50
     27 hits are stored in RE05TrackerHitsCollection.
     41 hits are stored in RE05CalorimeterHitsCollection.
     Total energy deposition in calorimeter : 7.1471012259649 (GeV)
     1 hits are stored in RE05MuonHitsCollection.
G4HEPEvtInterface - reading 621 HEPEvt particles from pythia_event.data.
>>> Event 51
     47 hits are stored in RE05TrackerHitsCollection.
     39 hits are stored in RE05CalorimeterHitsCollection.
     Total energy deposition in calorimeter : 7.7724577699311 (GeV)
     1 hits are stored in RE05MuonHitsCollection.
G4HEPEvtInterface - reading 380 HEPEvt particles from pythia_event.data.
>>> Event 52
     0 hits are stored in RE05TrackerHitsCollection.
     0 hits are stored in RE05CalorimeterHitsCollection.
     Total energy deposition in calorimeter : 0 (GeV)
     0 hits are stored in RE05MuonHitsCollection.
G4HEPEvtInterface - reading 780 HEPEvt particles from pythia_event.data.
>>> Event 53
     0 hits are stored in RE05TrackerHitsCollection.
     0 hits are stored in RE05CalorimeterHitsCollection.
     Total energy deposition in calorimeter : 0 (GeV)
     0 hits are stored in RE05MuonHitsCollection.
G4HEPEvtInterface - reading 218 HEPEvt particles from pythia_event.data.
>>> Event 54
     25 hits are stored in RE05TrackerHitsCollection.
     33 hits are stored in RE05CalorimeterHitsCollection.
     Total energy deposition in calorimeter : 4.7277384147406 (GeV)
     1 hits are stored in RE05MuonHitsCollection.
G4HEPEvtInterface - reading 349 HEPEvt particles from pythia_event.data.
>>> Event 55
     75 hits are stored in RE05TrackerHitsCollection.
     37 hits are stored in RE05CalorimeterHitsCollection.
     Total energy deposition in calorimeter : 8.0237872681427 (GeV)
     1 hits are stored in RE05MuonHitsCollection.
G4HEPEvtInterface - reading 566 HEPEvt particles from pythia_event.data.
>>> Event 56
     40 hits are stored in RE05TrackerHitsCollection.
     46 hits are stored in RE05CalorimeterHitsCollection.
     Total energy deposition in calorimeter : 4.8849277085492 (GeV)
     1 hits are stored in RE05MuonHitsCollection.
G4HEPEvtInterface - reading 467 HEPEvt particles from pythia_event.data.
>>> Event 57
     28 hits are stored in RE05TrackerHitsCollection.
     30 hits are stored in RE05CalorimeterHitsCollection.
     Total energy deposition in calorimeter : 5.5472513454467 (GeV)
     1 hits are stored in RE05MuonHitsCollection.
G4HEPEvtInterface - reading 745 HEPEvt particles from pythia_event.data.
>>> Event 58
     118 hits are stored in RE05TrackerHitsCollection.
     42 hits are stored in RE05CalorimeterHitsCollection.
     Total energy deposition in calorimeter : 15.495442062177 (GeV)
     1 hits are stored in RE05MuonHitsCollection.
G4HEPEvtInterface - reading 742 HEPEvt particles from pythia_event.data.
>>> Event 59
     0 hits are stored in RE05TrackerHitsCollection.
     12 hits are stored in RE05CalorimeterHitsCollection.
     Total energy deposition in calorimeter : 2.1175744184031 (GeV)
     0 hits are stored in RE05MuonHitsCollection.
G4HEPEvtInterface - reading 822 HEPEvt particles from pythia_event.data.
>>> Event 60
     0 hits are stored in RE05TrackerHitsCollection.
     0 hits are stored in RE05CalorimeterHitsCollection.
     Total energy deposition in calorimeter : 0 (GeV)
     0 hits are stored in RE05MuonHitsCollection.
G4HEPEvtInterface - reading 324 HEPEvt particles from pythia_event.data.
>>> Event 61
     0 hits are stored in RE05TrackerHitsCollection.
     1 hits are stored in RE05CalorimeterHitsCollection.
     Total energy deposition in calorimeter : 0.11299509291116 (GeV)
     0 hits are stored in RE05MuonHitsCollection.
G4HEPEvtInterface - reading 389 HEPEvt particles from pythia_event.data.
>>> Event 62
     22 hits are stored in RE05TrackerHitsCollection.
     10 hits are stored in RE05CalorimeterHitsCollection.
     Total energy deposition in calorimeter : 3.1671335641837 (GeV)
     1 hits are stored in RE05MuonHitsCollection.
G4HEPEvtInterface - reading 624 HEPEvt particles from pythia_event.data.
>>> Event 63
     0 hits are stored in RE05TrackerHitsCollection.
     0 hits are stored in RE05CalorimeterHitsCollection.
     Total energy deposition in calorimeter : 0 (GeV)
     0 hits are stored in RE05MuonHitsCollection.
G4HEPEvtInterface - reading 340 HEPEvt particles from pythia_event.data.
>>> Event 64
     24 hits are stored in RE05TrackerHitsCollection.
     24 hits are stored in RE05CalorimeterHitsCollection.
     Total energy deposition in calorimeter : 2.966199678866 (GeV)
     1 hits are stored in RE05MuonHitsCollection.
G4HEPEvtInterface - reading 520 HEPEvt particles from pythia_event.data.
>>> Event 65
     44 hits are stored in RE05TrackerHitsCollection.
     41 hits are stored in RE05CalorimeterHitsCollection.
     Total energy deposition in calorimeter : 8.0435239488338 (GeV)
     1 hits are stored in RE05MuonHitsCollection.
G4HEPEvtInterface - reading 235 HEPEvt particles from pythia_event.data.
>>> Event 66
     13 hits are stored in RE05TrackerHitsCollection.
     12 hits are stored in RE05CalorimeterHitsCollection.
     Total energy deposition in calorimeter : 1.8418480110297 (GeV)
     1 hits are stored in RE05MuonHitsCollection.
G4HEPEvtInterface - reading 759 HEPEvt particles from pythia_event.data.
>>> Event 67
     0 hits are stored in RE05TrackerHitsCollection.
     0 hits are stored in RE05CalorimeterHitsCollection.
     Total energy deposition in calorimeter : 0 (GeV)
     0 hits are stored in RE05MuonHitsCollection.
G4HEPEvtInterface - reading 865 HEPEvt particles from pythia_event.data.
>>> Event 68
     0 hits are stored in RE05TrackerHitsCollection.
     8 hits are stored in RE05CalorimeterHitsCollection.
     Total energy deposition in calorimeter : 0.92557718026141 (GeV)
     0 hits are stored in RE05MuonHitsCollection.
G4HEPEvtInterface - reading 264 HEPEvt particles from pythia_event.data.
>>> Event 69
     117 hits are stored in RE05TrackerHitsCollection.
     32 hits are stored in RE05CalorimeterHitsCollection.
     Total energy deposition in calorimeter : 5.7709214278485 (GeV)
     1 hits are stored in RE05MuonHitsCollection.
G4HEPEvtInterface - reading 785 HEPEvt particles from pythia_event.data.
>>> Event 70
     0 hits are stored in RE05TrackerHitsCollection.
     0 hits are stored in RE05CalorimeterHitsCollection.
     Total energy deposition in calorimeter : 0 (GeV)
     0 hits are stored in RE05MuonHitsCollection.
G4HEPEvtInterface - reading 618 HEPEvt particles from pythia_event.data.
>>> Event 71
     0 hits are stored in RE05TrackerHitsCollection.
     4 hits are stored in RE05CalorimeterHitsCollection.
     Total energy deposition in calorimeter : 0.60509345413457 (GeV)
     0 hits are stored in RE05MuonHitsCollection.
G4HEPEvtInterface - reading 219 HEPEvt particles from pythia_event.data.
>>> Event 72
     78 hits are stored in RE05TrackerHitsCollection.
     41 hits are stored in RE05CalorimeterHitsCollection.
     Total energy deposition in calorimeter : 6.607504815982 (GeV)
     1 hits are stored in RE05MuonHitsCollection.
G4HEPEvtInterface - reading 480 HEPEvt particles from pythia_event.data.
>>> Event 73
     99 hits are stored in RE05TrackerHitsCollection.
     53 hits are stored in RE05CalorimeterHitsCollection.
     Total energy deposition in calorimeter : 11.309074308134 (GeV)
     1 hits are stored in RE05MuonHitsCollection.
G4HEPEvtInterface - reading 614 HEPEvt particles from pythia_event.data.
>>> Event 74
     0 hits are stored in RE05TrackerHitsCollection.
     4 hits are stored in RE05CalorimeterHitsCollection.
     Total energy deposition in calorimeter : 0.57306318832824 (GeV)
     0 hits are stored in RE05MuonHitsCollection.
G4HEPEvtInterface - reading 436 HEPEvt particles from pythia_event.data.
>>> Event 75
     14 hits are stored in RE05TrackerHitsCollection.
     50 hits are stored in RE05CalorimeterHitsCollection.
     Total energy deposition in calorimeter : 7.9348676663615 (GeV)
     1 hits are stored in RE05MuonHitsCollection.
G4HEPEvtInterface - reading 355 HEPEvt particles from pythia_event.data.
>>> Event 76
     13 hits are stored in RE05TrackerHitsCollection.
     30 hits are stored in RE05CalorimeterHitsCollection.
     Total energy deposition in calorimeter : 4.592961195291 (GeV)
     1 hits are stored in RE05MuonHitsCollection.
G4HEPEvtInterface - reading 865 HEPEvt particles from pythia_event.data.
>>> Event 77
     46 hits are stored in RE05TrackerHitsCollection.
     95 hits are stored in RE05CalorimeterHitsCollection.
     Total energy deposition in calorimeter : 11.853432967408 (GeV)
     1 hits are stored in RE05MuonHitsCollection.
G4HEPEvtInterface - reading 752 HEPEvt particles from pythia_event.data.
>>> Event 78
     0 hits are stored in RE05TrackerHitsCollection.
     4 hits are stored in RE05CalorimeterHitsCollection.
     Total energy deposition in calorimeter : 0.67732622663039 (GeV)
     0 hits are stored in RE05MuonHitsCollection.
G4HEPEvtInterface - reading 766 HEPEvt particles from pythia_event.data.
>>> Event 79
     0 hits are stored in RE05TrackerHitsCollection.
     0 hits are stored in RE05CalorimeterHitsCollection.
     Total energy deposition in calorimeter : 0 (GeV)
     0 hits are stored in RE05MuonHitsCollection.
G4HEPEvtInterface - reading 564 HEPEvt particles from pythia_event.data.
>>> Event 80
     129 hits are stored in RE05TrackerHitsCollection.
     39 hits are stored in RE05CalorimeterHitsCollection.
     Total energy deposition in calorimeter : 5.4018869741553 (GeV)
     1 hits are stored in RE05MuonHitsCollection.
G4HEPEvtInterface - reading 220 HEPEvt particles from pythia_event.data.
>>> Event 81
     21 hits are stored in RE05TrackerHitsCollection.
     40 hits are stored in RE05CalorimeterHitsCollection.
     Total energy deposition in calorimeter : 5.3740488112351 (GeV)
     1 hits are stored in RE05MuonHitsCollection.
G4HEPEvtInterface - reading 823 HEPEvt particles from pythia_event.data.
>>> Event 82
     0 hits are stored in RE05TrackerHitsCollection.
     0 hits are stored in RE05CalorimeterHitsCollection.
     Total energy deposition in calorimeter : 0 (GeV)
     0 hits are stored in RE05MuonHitsCollection.
G4HEPEvtInterface - reading 914 HEPEvt particles from pythia_event.data.
>>> Event 83
     109 hits are stored in RE05TrackerHitsCollection.
     42 hits are stored in RE05CalorimeterHitsCollection.
     Total energy deposition in calorimeter : 6.1898969591629 (GeV)
     1 hits are stored in RE05MuonHitsCollection.
G4HEPEvtInterface - reading 232 HEPEvt particles from pythia_event.data.
>>> Event 84
     32 hits are stored in RE05TrackerHitsCollection.
     35 hits are stored in RE05CalorimeterHitsCollection.
     Total energy deposition in calorimeter : 12.673345810039 (GeV)
     1 hits are stored in RE05MuonHitsCollection.
G4HEPEvtInterface - reading 1034 HEPEvt particles from pythia_event.data.
>>> Event 85
     226 hits are stored in RE05TrackerHitsCollection.
     109 hits are stored in RE05CalorimeterHitsCollection.
     Total energy deposition in calorimeter : 14.020728787716 (GeV)
     1 hits are stored in RE05MuonHitsCollection.
G4HEPEvtInterface - reading 673 HEPEvt particles from pythia_event.data.
>>> Event 86
     86 hits are stored in RE05TrackerHitsCollection.
     37 hits are stored in RE05CalorimeterHitsCollection.
     Total energy deposition in calorimeter : 7.9388350266034 (GeV)
     1 hits are stored in RE05MuonHitsCollection.
G4HEPEvtInterface - reading 246 HEPEvt particles from pythia_event.data.
>>> Event 87
     35 hits are stored in RE05TrackerHitsCollection.
     35 hits are stored in RE05CalorimeterHitsCollection.
     Total energy deposition in calorimeter : 3.8185503164351 (GeV)
     1 hits are stored in RE05MuonHitsCollection.
G4HEPEvtInterface - reading 1139 HEPEvt particles from pythia_event.data.
>>> Event 88
     81 hits are stored in RE05TrackerHitsCollection.
     58 hits are stored in RE05CalorimeterHitsCollection.
     Total energy deposition in calorimeter : 5.1550552750365 (GeV)
     1 hits are stored in RE05MuonHitsCollection.
G4HEPEvtInterface - reading 991 HEPEvt particles from pythia_event.data.
>>> Event 89
     173 hits are stored in RE05TrackerHitsCollection.
     55 hits are stored in RE05CalorimeterHitsCollection.
     Total energy deposition in calorimeter : 12.680419323097 (GeV)
     1 hits are stored in RE05MuonHitsCollection.
G4HEPEvtInterface - reading 430 HEPEvt particles from pythia_event.data.
>>> Event 90
     0 hits are stored in RE05TrackerHitsCollection.
     0 hits are stored in RE05CalorimeterHitsCollection.
     Total energy deposition in calorimeter : 0 (GeV)
     0 hits are stored in RE05MuonHitsCollection.
G4HEPEvtInterface - reading 232 HEPEvt particles from pythia_event.data.
>>> Event 91
     40 hits are stored in RE05TrackerHitsCollection.
     34 hits are stored in RE05CalorimeterHitsCollection.
     Total energy deposition in calorimeter : 7.1861375656555 (GeV)
     1 hits are stored in RE05MuonHitsCollection.
G4HEPEvtInterface - reading 410 HEPEvt particles from pythia_event.data.
>>> Event 92
     0 hits are stored in RE05TrackerHitsCollection.
     5 hits are stored in RE05CalorimeterHitsCollection.
     Total energy deposition in calorimeter : 0.98573544421933 (GeV)
     0 hits are stored in RE05MuonHitsCollection.
G4HEPEvtInterface - reading 680 HEPEvt particles from pythia_event.data.
>>> Event 93
     63 hits are stored in RE05TrackerHitsCollection.
     57 hits are stored in RE05CalorimeterHitsCollection.
     Total energy deposition in calorimeter : 7.1594991124898 (GeV)
     1 hits are stored in RE05MuonHitsCollection.
G4HEPEvtInterface - reading 259 HEPEvt particles from pythia_event.data.
>>> Event 94
     0 hits are stored in RE05TrackerHitsCollection.
     0 hits are stored in RE05CalorimeterHitsCollection.
     Total energy deposition in calorimeter : 0 (GeV)
     0 hits are stored in RE05MuonHitsCollection.
G4HEPEvtInterface - reading 358 HEPEvt particles from pythia_event.data.
>>> Event 95
     8 hits are stored in RE05TrackerHitsCollection.
     33 hits are stored in RE05CalorimeterHitsCollection.
     Total energy deposition in calorimeter : 5.0365149948417 (GeV)
     1 hits are stored in RE05MuonHitsCollection.
G4HEPEvtInterface - reading 546 HEPEvt particles from pythia_event.data.
>>> Event 96
     0 hits are stored in RE05TrackerHitsCollection.
     3 hits are stored in RE05CalorimeterHitsCollection.
     Total energy deposition in calorimeter : 0.52572415466377 (GeV)
     0 hits are stored in RE05MuonHitsCollection.
G4HEPEvtInterface - reading 611 HEPEvt particles from pythia_event.data.
>>> Event 97
     0 hits are stored in RE05TrackerHitsCollection.
     0 hits are stored in RE05CalorimeterHitsCollection.
     Total energy deposition in calorimeter : 0 (GeV)
     0 hits are stored in RE05MuonHitsCollection.
G4HEPEvtInterface - reading 298 HEPEvt particles from pythia_event.data.
>>> Event 98
     34 hits are stored in RE05TrackerHitsCollection.
     29 hits are stored in RE05CalorimeterHitsCollection.
     Total energy deposition in calorimeter : 65.61174259286 (GeV)
     1 hits are stored in RE05MuonHitsCollection.
G4HEPEvtInterface - reading 755 HEPEvt particles from pythia_event.data.
>>> Event 99
     135 hits are stored in RE05TrackerHitsCollection.
     64 hits are stored in RE05CalorimeterHitsCollection.
     Total energy deposition in calorimeter : 9.0793750347988 (GeV)
     1 hits are stored in RE05MuonHitsCollection.
 Run terminated.
Run Summary
  Number of events processed : 100
  User=43.880000s Real=45.401978s Sys=0.070000s
#
Graphics systems deleted.
Visualization Manager deleting...
G4 kernel has come to Quit state.
UserDetectorConstruction deleted.
UserPhysicsList deleted.
UserActionInitialization deleted.
UserRunAction deleted.
UserPrimaryGenerator deleted.
RunManager is deleting RunManagerKernel.
G4SDManager deleted.
EventManager deleted.
Units table cleared.
G4Integration Driver Stats: #QuickAdvance 1486162 - #AccurateAdvance 33436 #good steps 42253 #bad steps 359
G4ChordFinder statistics report: 
  No trials: 1482559  No Calls: 1480014  Max-trial: 7
  Parameters:   fFirstFraction 0.999  fFractionLast 1  fFractionNextEstimate 0.98
TransportationManager deleted.
Total navigation history collections cleaned: 523
================== Deleting memory pools ===================
Pool ID '20G4NavigationLevelRep', size : 0.847 MB
Pool ID '24G4ReferenceCountedHandleIvE', size : 0.000961 MB
Pool ID '17G4DynamicParticle', size : 0.828 MB
Pool ID '7G4Event', size : 0.000961 MB
Pool ID '17G4PrimaryParticle', size : 0.157 MB
Pool ID '16G4HEPEvtParticle', size : 0.0269 MB
Pool ID '15G4PrimaryVertex', size : 0.000961 MB
Pool ID '15G4HCofThisEvent', size : 0.000961 MB
Pool ID '16G4HitsCollection', size : 0.000961 MB
Pool ID '7G4Track', size : 1.42 MB
Pool ID '18G4TouchableHistory', size : 0.0625 MB
Pool ID '15G4CountedObjectIvE', size : 0.00865 MB
Pool ID '12G4Trajectory', size : 0.0317 MB
Pool ID '17G4TrajectoryPoint', size : 0.203 MB
Pool ID '14RE05TrackerHit', size : 0.00961 MB
Pool ID '18RE05CalorimeterHit', size : 0.0154 MB
Pool ID '11RE05MuonHit', size : 0.000961 MB
Pool ID '21G4TrajectoryContainer', size : 0.000961 MB
Pool ID '17G4ReactionProduct', size : 0.0125 MB
Pool ID '10G4Fragment', size : 0.00865 MB
Number of memory pools allocated: 20 of which, static: 0
Dynamic pools deleted: 20 / Total memory freed: 3.6 MB
============================================================
G4Allocator objects are deleted.
UImanager deleted.
StateManager deleted.
RunManagerKernel is deleted. Good bye :)
