
        ############################################
        !!! WARNING - FPE detection is activated !!!
        ############################################

*************************************************************
 Geant4 version Name: geant4-10-03-ref-08    (31-August-2017)
                      Copyright : Geant4 Collaboration
                      Reference : NIM A 506 (2003), 250-303
                            WWW : http://cern.ch/geant4
*************************************************************

Visualization Manager instantiating with verbosity "warnings (3)"...
Visualization Manager initialising...
Registering graphics systems...

You have successfully registered the following graphics systems.
Current available graphics systems are:
ASCIITree (ATree)
DAWNFILE (DAWNFILE)
G4HepRep (HepRepXML)
G4HepRepFile (HepRepFile)
RayTracer (RayTracer)
VRML1FILE (VRML1FILE)
VRML2FILE (VRML2FILE)
gMocrenFile (gMocrenFile)
OpenGLImmediateQt (OGLIQt, OGLI)
OpenGLStoredQt (OGLSQt, OGL, OGLS)
OpenGLImmediateXm (OGLIXm, OGLIQt_FALLBACK)
OpenGLStoredXm (OGLSXm, OGLSQt_FALLBACK)
OpenGLImmediateX (OGLIX, OGLIQt_FALLBACK, OGLIXm_FALLBACK)
OpenGLStoredX (OGLSX, OGLSQt_FALLBACK, OGLSXm_FALLBACK)
RayTracerX (RayTracerX)

Registering model factories...

You have successfully registered the following model factories.
Registered model factories:
  generic
  drawByAttribute
  drawByCharge
  drawByOriginVolume
  drawByParticleID
  drawByEncounteredVolume

Registered filter factories:
  attributeFilter
  chargeFilter
  originVolumeFilter
  particleFilter
  encounteredVolumeFilter

You have successfully registered the following user vis actions.
Run Duration User Vis Actions: none
End of Event User Vis Actions: none
End of Run User Vis Actions: none

Some /vis commands (optionally) take a string to specify colour.
Available colours:
  black, blue, brown, cyan, gray, green, grey, magenta, red, white, yellow

*** /run/numberOfThreads command is issued in sequential mode.
Command is ignored.
WARNING: There is no world volume!
WARNING: There is no world volume!
PhysicsList::AddPhysicsList: <dna_opt4>

---------------------------------------------------------
---> The tracking cut is set to 9 eV 
---> The Absorber is a sphere of 1 m   radius of G4_WATER made of
 
 Material: G4_WATER H_2O   density:  1.000 g/cm3   RadL:  36.083 cm   Nucl.Int.Length:  75.375 cm 
                       Imean:  78.000 eV   temperature: 293.15 K  pressure:   1.00 atm

   --->  Element: H (H)   Z =  1.0   N =     1   A =  1.008 g/mole
         --->  Isotope:    H1   Z =  1   N =   1   A =   1.01 g/mole   abundance: 99.989 %
         --->  Isotope:    H2   Z =  1   N =   2   A =   2.01 g/mole   abundance:  0.011 %
          ElmMassFraction:  11.19 %  ElmAbundance  66.67 % 

   --->  Element: O (O)   Z =  8.0   N =    16   A = 15.999 g/mole
         --->  Isotope:   O16   Z =  8   N =  16   A =  15.99 g/mole   abundance: 99.757 %
         --->  Isotope:   O17   Z =  8   N =  17   A =  17.00 g/mole   abundance:  0.038 %
         --->  Isotope:   O18   Z =  8   N =  18   A =  18.00 g/mole   abundance:  0.205 %
          ElmMassFraction:  88.81 %  ElmAbundance  33.33 % 


---------------------------------------------------------

### ===  Deexcitation model UAtomDeexcitation is activated for 1 region:
          DefaultRegionForTheWorld  1  1  0
### ===  Auger cascade flag: 1
### ===  Ignore cuts flag:   1

-------- WWWW ------- G4Exception-START -------- WWWW -------
*** G4Exception : 
      issued by : *** WARNING: the G4DNAUeharaScreenedRutherfordElasticModel class is used above 10 keV

*** This is just a warning message. ***
-------- WWWW -------- G4Exception-END --------- WWWW -------


phot:   for  gamma    SubType= 12  BuildTable= 0
      LambdaPrime table from 200 keV to 100 TeV in 61 bins 
      ===== EM models for the G4Region  DefaultRegionForTheWorld ======
 LivermorePhElectric :  Emin=        0 eV    Emax=      100 TeV   AngularGenSauterGavrila  FluoActive

compt:   for  gamma    SubType= 13  BuildTable= 1
      Lambda table from 100 eV  to 1 MeV, 7 bins per decade, spline: 1
      LambdaPrime table from 1 MeV to 100 TeV in 56 bins 
      ===== EM models for the G4Region  DefaultRegionForTheWorld ======
    LivermoreCompton :  Emin=        0 eV    Emax=      100 TeV  FluoActive

conv:   for  gamma    SubType= 14  BuildTable= 1
      Lambda table from 1.022 MeV to 100 TeV, 18 bins per decade, spline: 1
      ===== EM models for the G4Region  DefaultRegionForTheWorld ======
 LivermoreConversion :  Emin=        0 eV    Emax=       80 GeV
     BetheHeitlerLPM :  Emin=       80 GeV   Emax=      100 TeV

Rayl:   for  gamma    SubType= 11  BuildTable= 1
      Lambda table from 100 eV  to 100 keV, 7 bins per decade, spline: 0
      LambdaPrime table from 100 keV to 100 TeV in 63 bins 
      ===== EM models for the G4Region  DefaultRegionForTheWorld ======
   LivermoreRayleigh :  Emin=        0 eV    Emax=      100 TeV   CullenGenerator

e-_G4DNAElectronSolvation:   for  e-    SubType= 58  BuildTable= 0
      ===== EM models for the G4Region  DefaultRegionForTheWorld ======
DNAOneStepThermalizationModel :  Emin=        0 eV    Emax=       10 eV 

e-_G4DNAElastic:   for  e-    SubType= 51  BuildTable= 0
 Total cross sections computed from DNAUeharaScreenedRutherfordElasticModel model
      ===== EM models for the G4Region  DefaultRegionForTheWorld ======
DNAUeharaScreenedRutherfordElasticModel :  Emin=        0 eV    Emax=        1 MeV

e-_G4DNAExcitation:   for  e-    SubType= 52  BuildTable= 0
 Total cross sections computed from DNAEmfietzoglouExcitationModel
      ===== EM models for the G4Region  DefaultRegionForTheWorld ======
DNAEmfietzoglouExcitationModel :  Emin=        0 eV    Emax=       10 keV

e-_G4DNAIonisation:   for  e-    SubType= 53  BuildTable= 0
 Total cross sections computed from DNAEmfietzoglouIonisationModel
      ===== EM models for the G4Region  DefaultRegionForTheWorld ======
DNAEmfietzoglouIonisationModel :  Emin=        0 eV    Emax=       10 keV   deltaBorn  FluoActive

msc:   for e+    SubType= 10
      RangeFactor= 0.04, stepLimitType: 3, latDisplacement: 1, skin= 1, geomFactor= 2.5
      ===== EM models for the G4Region  DefaultRegionForTheWorld ======
            UrbanMsc :  Emin=        0 eV    Emax=      100 TeV  Table with 84 bins Emin=    100 eV    Emax=    100 TeV

eIoni:   for  e+    SubType= 2
      dE/dx and range tables from 100 eV  to 100 TeV in 84 bins
      Lambda tables from threshold to 100 TeV, 7 bins per decade, spline: 1
      finalRange(mm)= 0.1, dRoverRange= 0.2, integral: 1, fluct: 1, linLossLimit= 0.01
      ===== EM models for the G4Region  DefaultRegionForTheWorld ======
        MollerBhabha :  Emin=        0 eV    Emax=      100 TeV

eBrem:   for  e+    SubType= 3
      dE/dx and range tables from 100 eV  to 100 TeV in 84 bins
      Lambda tables from threshold to 100 TeV, 7 bins per decade, spline: 1
      LPM flag: 1 for E > 1 GeV,  VertexHighEnergyTh(GeV)= 100000
      ===== EM models for the G4Region  DefaultRegionForTheWorld ======
             eBremSB :  Emin=        0 eV    Emax=        1 GeV   DipBustGen
            eBremLPM :  Emin=        1 GeV   Emax=      100 TeV   DipBustGen

annihil:   for  e+, integral: 1     SubType= 5  BuildTable= 0
      ===== EM models for the G4Region  DefaultRegionForTheWorld ======
            eplus2gg :  Emin=        0 eV    Emax=      100 TeV

proton_G4DNAElastic:   for  proton    SubType= 51  BuildTable= 0
 Total cross sections computed from DNAIonElasticModel model
      ===== EM models for the G4Region  DefaultRegionForTheWorld ======
  DNAIonElasticModel :  Emin=        0 eV    Emax=        1 MeV

proton_G4DNAExcitation:   for  proton    SubType= 52  BuildTable= 0
 Total cross sections computed from DNAMillerGreenExcitationModel
      ===== EM models for the G4Region  DefaultRegionForTheWorld ======
DNAMillerGreenExcitationModel :  Emin=        0 eV    Emax=      500 keV
DNABornExcitationModel :  Emin=      500 keV   Emax=      100 MeV

proton_G4DNAIonisation:   for  proton    SubType= 53  BuildTable= 0
 Total cross sections computed from DNARuddIonisationModel and DNABornIonisationModel models
      ===== EM models for the G4Region  DefaultRegionForTheWorld ======
DNARuddIonisationModel :  Emin=        0 eV    Emax=      500 keV   deltaRudd  FluoActive
DNABornIonisationModel :  Emin=      500 keV   Emax=      100 MeV   deltaBorn  FluoActive

proton_G4DNAChargeDecrease:   for  proton    SubType= 56  BuildTable= 0
 Total cross sections computed from DNADingfelderChargeDecreaseModel model
      ===== EM models for the G4Region  DefaultRegionForTheWorld ======
DNADingfelderChargeDecreaseModel :  Emin=        0 eV    Emax=      100 MeV

GenericIon_G4DNAIonisation:   for  GenericIon    SubType= 53  BuildTable= 0
 Total cross sections computed from DNARuddIonisationExtendedModel
      ===== EM models for the G4Region  DefaultRegionForTheWorld ======
DNARuddIonisationExtendedModel :  Emin=        0 eV    Emax=        1 TeV   deltaRudd  FluoActive

alpha_G4DNAElastic:   for  alpha    SubType= 51  BuildTable= 0
 Total cross sections computed from DNAIonElasticModel model
      ===== EM models for the G4Region  DefaultRegionForTheWorld ======
  DNAIonElasticModel :  Emin=        0 eV    Emax=        1 MeV

alpha_G4DNAExcitation:   for  alpha    SubType= 52  BuildTable= 0
 Total cross sections computed from DNAMillerGreenExcitationModel
      ===== EM models for the G4Region  DefaultRegionForTheWorld ======
DNAMillerGreenExcitationModel :  Emin=        0 eV    Emax=      400 MeV

alpha_G4DNAIonisation:   for  alpha    SubType= 53  BuildTable= 0
 Total cross sections computed from DNARuddIonisationModel
      ===== EM models for the G4Region  DefaultRegionForTheWorld ======
DNARuddIonisationModel :  Emin=        0 eV    Emax=      400 MeV   deltaRudd  FluoActive

alpha_G4DNAChargeDecrease:   for  alpha    SubType= 56  BuildTable= 0
 Total cross sections computed from DNADingfelderChargeDecreaseModel model
      ===== EM models for the G4Region  DefaultRegionForTheWorld ======
DNADingfelderChargeDecreaseModel :  Emin=        0 eV    Emax=      400 MeV

 ======================== run summary =====================

 The run is 1000 e- of 12.00 eV  through a sphere of radius 1.00 m  of G4_WATER (density: 1.00 g/cm3 )

 Nb of ionisations = 0.082 +- 0.274

 w = 146.341 eV  +- 489.646 eV 

 Total Energy deposited        = 12.000 eV  +- 0.000 eV 

 Track length of primary track = 10.625 nm  +- 10.715 nm 
 Projected range               = 2.705 Ang +- 1.398 nm 

 Nb of steps of primary track  = 59.24 +- 58.35

 Step size                     = 1.720 Ang +- 41336.517 fm 

 ======================== run summary =====================

 The run is 1000 e- of 15.00 eV  through a sphere of radius 1.00 m  of G4_WATER (density: 1.00 g/cm3 )

 Nb of ionisations = 0.192 +- 0.394

 w = 78.125 eV  +- 160.267 eV 

 Total Energy deposited        = 15.000 eV  +- 0.000 eV 

 Track length of primary track = 8.100 nm  +- 7.930 nm 
 Projected range               = 2.529 Ang +- 1.235 nm 

 Nb of steps of primary track  = 41.93 +- 39.72

 Step size                     = 1.840 Ang +- 52590.442 fm 

 ======================== run summary =====================

 The run is 1000 e- of 20.00 eV  through a sphere of radius 1.00 m  of G4_WATER (density: 1.00 g/cm3 )

 Nb of ionisations = 0.455 +- 0.498

 w = 43.956 eV  +- 48.107 eV 

 Total Energy deposited        = 20.000 eV  +- 0.000 eV 

 Track length of primary track = 11.379 nm  +- 13.304 nm 
 Projected range               = 2.704 Ang +- 1.451 nm 

 Nb of steps of primary track  = 58.78 +- 73.24

 Step size                     = 1.955 Ang +- 53998.663 fm 

 ======================== run summary =====================

 The run is 1000 e- of 30.00 eV  through a sphere of radius 1.00 m  of G4_WATER (density: 1.00 g/cm3 )

 Nb of ionisations = 0.953 +- 0.480

 w = 31.480 eV  +- 15.869 eV 

 Total Energy deposited        = 30.000 eV  +- 0.000 eV 

 Track length of primary track = 12.192 nm  +- 11.371 nm 
 Projected range               = 4.120 Ang +- 1.543 nm 

 Nb of steps of primary track  = 60.10 +- 60.36

 Step size                     = 2.115 Ang +- 48648.328 fm 

 ======================== run summary =====================

 The run is 1000 e- of 40.00 eV  through a sphere of radius 1.00 m  of G4_WATER (density: 1.00 g/cm3 )

 Nb of ionisations = 1.377 +- 0.559

 w = 29.049 eV  +- 11.800 eV 

 Total Energy deposited        = 40.000 eV  +- 0.000 eV 

 Track length of primary track = 12.409 nm  +- 10.623 nm 
 Projected range               = 6.868 Ang +- 1.699 nm 

 Nb of steps of primary track  = 58.68 +- 54.78

 Step size                     = 2.224 Ang +- 50803.968 fm 

 ======================== run summary =====================

 The run is 1000 e- of 50.00 eV  through a sphere of radius 1.00 m  of G4_WATER (density: 1.00 g/cm3 )

 Nb of ionisations = 1.897 +- 0.623

 w = 26.357 eV  +- 8.659 eV 

 Total Energy deposited        = 50.000 eV  +- 0.000 eV 

 Track length of primary track = 12.691 nm  +- 10.351 nm 
 Projected range               = 7.360 Ang +- 1.825 nm 

 Nb of steps of primary track  = 59.55 +- 53.84

 Step size                     = 2.246 Ang +- 50534.134 fm 

 ======================== run summary =====================

 The run is 1000 e- of 60.00 eV  through a sphere of radius 1.00 m  of G4_WATER (density: 1.00 g/cm3 )

 Nb of ionisations = 2.342 +- 0.640

 w = 25.619 eV  +- 6.996 eV 

 Total Energy deposited        = 60.000 eV  +- 0.000 eV 

 Track length of primary track = 13.631 nm  +- 10.663 nm 
 Projected range               = 8.366 Ang +- 1.887 nm 

 Nb of steps of primary track  = 62.48 +- 54.16

 Step size                     = 2.315 Ang +- 53865.164 fm 

 ======================== run summary =====================

 The run is 1000 e- of 70.00 eV  through a sphere of radius 1.00 m  of G4_WATER (density: 1.00 g/cm3 )

 Nb of ionisations = 2.774 +- 0.706

 w = 25.234 eV  +- 6.425 eV 

 Total Energy deposited        = 70.000 eV  +- 0.000 eV 

 Track length of primary track = 14.070 nm  +- 10.678 nm 
 Projected range               = 9.174 Ang +- 2.144 nm 

 Nb of steps of primary track  = 63.46 +- 54.00

 Step size                     = 2.360 Ang +- 52780.224 fm 

 ======================== run summary =====================

 The run is 1000 e- of 80.00 eV  through a sphere of radius 1.00 m  of G4_WATER (density: 1.00 g/cm3 )

 Nb of ionisations = 3.165 +- 0.746

 w = 25.276 eV  +- 5.954 eV 

 Total Energy deposited        = 80.000 eV  +- 0.000 eV 

 Track length of primary track = 15.008 nm  +- 11.569 nm 
 Projected range               = 1.021 nm  +- 2.208 nm 

 Nb of steps of primary track  = 67.21 +- 59.51

 Step size                     = 2.407 Ang +- 55298.656 fm 

 ======================== run summary =====================

 The run is 1000 e- of 90.00 eV  through a sphere of radius 1.00 m  of G4_WATER (density: 1.00 g/cm3 )

 Nb of ionisations = 3.629 +- 0.784

 w = 24.800 eV  +- 5.361 eV 

 Total Energy deposited        = 90.000 eV  +- 0.000 eV 

 Track length of primary track = 14.836 nm  +- 10.842 nm 
 Projected range               = 1.109 nm  +- 2.232 nm 

 Nb of steps of primary track  = 64.55 +- 55.77

 Step size                     = 2.477 Ang +- 55984.075 fm 

 ======================== run summary =====================

 The run is 1000 e- of 100.00 eV  through a sphere of radius 1.00 m  of G4_WATER (density: 1.00 g/cm3 )

 Nb of ionisations = 4.081 +- 0.827

 w = 24.504 eV  +- 4.967 eV 

 Total Energy deposited        = 100.000 eV  +- 0.000 eV 

 Track length of primary track = 16.057 nm  +- 11.446 nm 
 Projected range               = 1.229 nm  +- 2.354 nm 

 Nb of steps of primary track  = 69.05 +- 58.30

 Step size                     = 2.524 Ang +- 59690.123 fm 

 ======================== run summary =====================

 The run is 1000 e- of 200.00 eV  through a sphere of radius 1.00 m  of G4_WATER (density: 1.00 g/cm3 )

 Nb of ionisations = 8.559 +- 1.163

 w = 23.367 eV  +- 3.175 eV 

 Total Energy deposited        = 200.000 eV  +- 0.000 eV 

 Track length of primary track = 20.010 nm  +- 10.986 nm 
 Projected range               = 2.711 nm  +- 3.507 nm 

 Nb of steps of primary track  = 71.76 +- 53.21

 Step size                     = 3.128 Ang +- 87641.228 fm 

 ======================== run summary =====================

 The run is 1000 e- of 300.00 eV  through a sphere of radius 1.00 m  of G4_WATER (density: 1.00 g/cm3 )

 Nb of ionisations = 13.037 +- 1.429

 w = 23.011 eV  +- 2.522 eV 

 Total Energy deposited        = 300.000 eV  +- 0.000 eV 

 Track length of primary track = 25.727 nm  +- 12.096 nm 
 Projected range               = 4.563 nm  +- 4.725 nm 

 Nb of steps of primary track  = 80.82 +- 56.00

 Step size                     = 3.614 Ang +- 1.108 Ang

 ======================== run summary =====================

 The run is 1000 e- of 400.00 eV  through a sphere of radius 1.00 m  of G4_WATER (density: 1.00 g/cm3 )

 Nb of ionisations = 17.349 +- 1.684

 w = 23.056 eV  +- 2.238 eV 

 Total Energy deposited        = 400.000 eV  +- 0.000 eV 

 Track length of primary track = 31.635 nm  +- 13.128 nm 
 Projected range               = 6.470 nm  +- 6.153 nm 

 Nb of steps of primary track  = 87.40 +- 58.44

 Step size                     = 4.121 Ang +- 1.260 Ang

 ======================== run summary =====================

 The run is 1000 e- of 500.00 eV  through a sphere of radius 1.00 m  of G4_WATER (density: 1.00 g/cm3 )

 Nb of ionisations = 21.731 +- 1.788

 w = 23.009 eV  +- 1.894 eV 

 Total Energy deposited        = 500.000 eV  +- 0.000 eV 

 Track length of primary track = 38.119 nm  +- 13.671 nm 
 Projected range               = 9.430 nm  +- 8.080 nm 

 Nb of steps of primary track  = 90.94 +- 57.63

 Step size                     = 4.798 Ang +- 1.542 Ang

 ======================== run summary =====================

 The run is 1000 e- of 600.00 eV  through a sphere of radius 1.00 m  of G4_WATER (density: 1.00 g/cm3 )

 Nb of ionisations = 26.074 +- 1.990

 w = 23.011 eV  +- 1.756 eV 

 Total Energy deposited        = 600.000 eV  +- 0.000 eV 

 Track length of primary track = 45.111 nm  +- 14.825 nm 
 Projected range               = 11.687 nm  +- 10.101 nm 

 Nb of steps of primary track  = 94.37 +- 53.87

 Step size                     = 5.393 Ang +- 1.727 Ang

 ======================== run summary =====================

 The run is 1000 e- of 700.00 eV  through a sphere of radius 1.00 m  of G4_WATER (density: 1.00 g/cm3 )

 Nb of ionisations = 30.467 +- 2.155

 w = 22.976 eV  +- 1.625 eV 

 Total Energy deposited        = 700.000 eV  +- 0.000 eV 

 Track length of primary track = 53.181 nm  +- 16.279 nm 
 Projected range               = 14.230 nm  +- 12.090 nm 

 Nb of steps of primary track  = 102.88 +- 58.73

 Step size                     = 5.893 Ang +- 1.932 Ang

 ======================== run summary =====================

 The run is 1000 e- of 800.00 eV  through a sphere of radius 1.00 m  of G4_WATER (density: 1.00 g/cm3 )

 Nb of ionisations = 35.026 +- 2.218

 w = 22.840 eV  +- 1.446 eV 

 Total Energy deposited        = 800.000 eV  +- 0.000 eV 

 Track length of primary track = 60.530 nm  +- 17.735 nm 
 Projected range               = 18.637 nm  +- 14.764 nm 

 Nb of steps of primary track  = 102.15 +- 54.66

 Step size                     = 6.671 Ang +- 2.109 Ang

 ======================== run summary =====================

 The run is 1000 e- of 900.00 eV  through a sphere of radius 1.00 m  of G4_WATER (density: 1.00 g/cm3 )

 Nb of ionisations = 39.252 +- 2.436

 w = 22.929 eV  +- 1.423 eV 

 Total Energy deposited        = 900.000 eV  +- 0.000 eV 

 Track length of primary track = 70.173 nm  +- 19.391 nm 
 Projected range               = 22.499 nm  +- 17.136 nm 

 Nb of steps of primary track  = 108.75 +- 52.87

 Step size                     = 7.181 Ang +- 2.255 Ang

 ======================== run summary =====================

 The run is 1000 e- of 1.00 keV through a sphere of radius 1.00 m  of G4_WATER (density: 1.00 g/cm3 )

 Nb of ionisations = 43.730 +- 2.648

 w = 22.868 eV  +- 1.385 eV 

 Total Energy deposited        = 1.000 keV +- 0.000 eV 

 Track length of primary track = 79.720 nm  +- 22.361 nm 
 Projected range               = 27.478 nm  +- 19.415 nm 

 Nb of steps of primary track  = 110.99 +- 55.28

 Step size                     = 7.995 Ang +- 2.562 Ang
Graphics systems deleted.
Visualization Manager deleting...
