
        ############################################
        !!! WARNING - FPE detection is activated !!!
        ############################################

*************************************************************
 Geant4 version Name: geant4-10-03-ref-07    (31-July-2017)
                      Copyright : Geant4 Collaboration
                      Reference : NIM A 506 (2003), 250-303
                            WWW : http://cern.ch/geant4
*************************************************************

<<< Geant4 Physics List simulation engine: FTFP_BERT 2.0

Using Root
Visualization Manager instantiating with verbosity "warnings (3)"...
Visualization Manager initialising...
Registering graphics systems...

You have successfully registered the following graphics systems.
Current available graphics systems are:
ASCIITree (ATree)
DAWNFILE (DAWNFILE)
G4HepRep (HepRepXML)
G4HepRepFile (HepRepFile)
RayTracer (RayTracer)
VRML1FILE (VRML1FILE)
VRML2FILE (VRML2FILE)
gMocrenFile (gMocrenFile)
OpenGLImmediateQt (OGLIQt, OGLI)
OpenGLStoredQt (OGLSQt, OGL, OGLS)
OpenGLImmediateXm (OGLIXm, OGLIQt_FALLBACK)
OpenGLStoredXm (OGLSXm, OGLSQt_FALLBACK)
OpenGLImmediateX (OGLIX, OGLIQt_FALLBACK, OGLIXm_FALLBACK)
OpenGLStoredX (OGLSX, OGLSQt_FALLBACK, OGLSXm_FALLBACK)
RayTracerX (RayTracerX)

Registering model factories...

You have successfully registered the following model factories.
Registered model factories:
  generic
  drawByAttribute
  drawByCharge
  drawByOriginVolume
  drawByParticleID
  drawByEncounteredVolume

Registered filter factories:
  attributeFilter
  chargeFilter
  originVolumeFilter
  particleFilter
  encounteredVolumeFilter

You have successfully registered the following user vis actions.
Run Duration User Vis Actions: none
End of Event User Vis Actions: none
End of Run User Vis Actions: none

Some /vis commands (optionally) take a string to specify colour.
Available colours:
  black, blue, brown, cyan, gray, green, grey, magenta, red, white, yellow


The materials defined are : 


***** Table : Nb of materials = 5 *****

 Material:   G4_AIR    density:  1.205 mg/cm3  RadL: 303.921 m    Nucl.Int.Length: 710.095 m  
                       Imean:  85.700 eV   temperature: 293.15 K  pressure:   1.00 atm

   --->  Element: C (C)   Z =  6.0   N =    12   A = 12.011 g/mole
         --->  Isotope:   C12   Z =  6   N =  12   A =  12.00 g/mole   abundance: 98.930 %
         --->  Isotope:   C13   Z =  6   N =  13   A =  13.00 g/mole   abundance:  1.070 %
          ElmMassFraction:   0.01 %  ElmAbundance   0.02 % 

   --->  Element: N (N)   Z =  7.0   N =    14   A = 14.007 g/mole
         --->  Isotope:   N14   Z =  7   N =  14   A =  14.00 g/mole   abundance: 99.632 %
         --->  Isotope:   N15   Z =  7   N =  15   A =  15.00 g/mole   abundance:  0.368 %
          ElmMassFraction:  75.53 %  ElmAbundance  78.44 % 

   --->  Element: O (O)   Z =  8.0   N =    16   A = 15.999 g/mole
         --->  Isotope:   O16   Z =  8   N =  16   A =  15.99 g/mole   abundance: 99.757 %
         --->  Isotope:   O17   Z =  8   N =  17   A =  17.00 g/mole   abundance:  0.038 %
         --->  Isotope:   O18   Z =  8   N =  18   A =  18.00 g/mole   abundance:  0.205 %
          ElmMassFraction:  23.18 %  ElmAbundance  21.07 % 

   --->  Element: Ar (Ar)   Z = 18.0   N =    40   A = 39.948 g/mole
         --->  Isotope:  Ar36   Z = 18   N =  36   A =  35.97 g/mole   abundance:  0.337 %
         --->  Isotope:  Ar38   Z = 18   N =  38   A =  37.96 g/mole   abundance:  0.063 %
         --->  Isotope:  Ar40   Z = 18   N =  40   A =  39.96 g/mole   abundance: 99.600 %
          ElmMassFraction:   1.28 %  ElmAbundance   0.47 % 


 Material:    G4_Ar    density:  1.662 mg/cm3  RadL: 117.621 m    Nucl.Int.Length: 719.888 m  
                       Imean: 188.000 eV   temperature: 293.15 K  pressure:   1.00 atm

   --->  Element: Ar (Ar)   Z = 18.0   N =    40   A = 39.948 g/mole
         --->  Isotope:  Ar36   Z = 18   N =  36   A =  35.97 g/mole   abundance:  0.337 %
         --->  Isotope:  Ar38   Z = 18   N =  38   A =  37.96 g/mole   abundance:  0.063 %
         --->  Isotope:  Ar40   Z = 18   N =  40   A =  39.96 g/mole   abundance: 99.600 %
          ElmMassFraction: 100.00 %  ElmAbundance 100.00 % 


 Material: G4_PLASTIC_SC_VINYLTOLUENE    density:  1.032 g/cm3   RadL:  42.544 cm   Nucl.Int.Length:  69.969 cm 
                       Imean:  64.700 eV   temperature: 293.15 K  pressure:   1.00 atm

   --->  Element: C (C)   Z =  6.0   N =    12   A = 12.011 g/mole
         --->  Isotope:   C12   Z =  6   N =  12   A =  12.00 g/mole   abundance: 98.930 %
         --->  Isotope:   C13   Z =  6   N =  13   A =  13.00 g/mole   abundance:  1.070 %
          ElmMassFraction:  91.47 %  ElmAbundance  47.37 % 

   --->  Element: H (H)   Z =  1.0   N =     1   A =  1.008 g/mole
         --->  Isotope:    H1   Z =  1   N =   1   A =   1.01 g/mole   abundance: 99.989 %
         --->  Isotope:    H2   Z =  1   N =   2   A =   2.01 g/mole   abundance:  0.011 %
          ElmMassFraction:   8.53 %  ElmAbundance  52.63 % 


 Material: G4_CESIUM_IODIDE    density:  4.510 g/cm3   RadL:   1.860 cm   Nucl.Int.Length:  39.306 cm 
                       Imean: 553.100 eV   temperature: 293.15 K  pressure:   1.00 atm

   --->  Element: Cs (Cs)   Z = 55.0   N =   133   A = 132.905 g/mole
         --->  Isotope: Cs133   Z = 55   N = 133   A = 132.91 g/mole   abundance: 100.000 %
          ElmMassFraction:  51.15 %  ElmAbundance  50.00 % 

   --->  Element: I (I)   Z = 53.0   N =   127   A = 126.904 g/mole
         --->  Isotope:  I127   Z = 53   N = 127   A = 126.90 g/mole   abundance: 100.000 %
          ElmMassFraction:  48.85 %  ElmAbundance  50.00 % 


 Material:    G4_Pb    density: 11.350 g/cm3   RadL:   5.613 mm   Nucl.Int.Length:  18.248 cm 
                       Imean: 823.000 eV   temperature: 293.15 K  pressure:   1.00 atm

   --->  Element: Pb (Pb)   Z = 82.0   N =   207   A = 207.217 g/mole
         --->  Isotope: Pb204   Z = 82   N = 204   A = 203.97 g/mole   abundance:  1.400 %
         --->  Isotope: Pb206   Z = 82   N = 206   A = 205.97 g/mole   abundance: 24.100 %
         --->  Isotope: Pb207   Z = 82   N = 207   A = 206.98 g/mole   abundance: 22.100 %
         --->  Isotope: Pb208   Z = 82   N = 208   A = 207.98 g/mole   abundance: 52.400 %
          ElmMassFraction: 100.00 %  ElmAbundance 100.00 % 



Checking overlaps for volume magneticPhysical ... OK! 
Checking overlaps for volume firstArmPhysical ... OK! 
Checking overlaps for volume fSecondArmPhys ... OK! 
Checking overlaps for volume hodoscope1Physical ... OK! 
Checking overlaps for volume hodoscope1Physical ... OK! 
Checking overlaps for volume hodoscope1Physical ... OK! 
Checking overlaps for volume hodoscope1Physical ... OK! 
Checking overlaps for volume hodoscope1Physical ... OK! 
Checking overlaps for volume hodoscope1Physical ... OK! 
Checking overlaps for volume hodoscope1Physical ... OK! 
Checking overlaps for volume hodoscope1Physical ... OK! 
Checking overlaps for volume hodoscope1Physical ... OK! 
Checking overlaps for volume hodoscope1Physical ... OK! 
Checking overlaps for volume hodoscope1Physical ... OK! 
Checking overlaps for volume hodoscope1Physical ... OK! 
Checking overlaps for volume hodoscope1Physical ... OK! 
Checking overlaps for volume hodoscope1Physical ... OK! 
Checking overlaps for volume hodoscope1Physical ... OK! 
Checking overlaps for volume chamber1Physical ... OK! 
Checking overlaps for volume chamber1Physical ... OK! 
Checking overlaps for volume chamber1Physical ... OK! 
Checking overlaps for volume chamber1Physical ... OK! 
Checking overlaps for volume chamber1Physical ... OK! 
Checking overlaps for volume wirePlane1Physical ... OK! 
Checking overlaps for volume hodoscope2Physical ... OK! 
Checking overlaps for volume hodoscope2Physical ... OK! 
Checking overlaps for volume hodoscope2Physical ... OK! 
Checking overlaps for volume hodoscope2Physical ... OK! 
Checking overlaps for volume hodoscope2Physical ... OK! 
Checking overlaps for volume hodoscope2Physical ... OK! 
Checking overlaps for volume hodoscope2Physical ... OK! 
Checking overlaps for volume hodoscope2Physical ... OK! 
Checking overlaps for volume hodoscope2Physical ... OK! 
Checking overlaps for volume hodoscope2Physical ... OK! 
Checking overlaps for volume hodoscope2Physical ... OK! 
Checking overlaps for volume hodoscope2Physical ... OK! 
Checking overlaps for volume hodoscope2Physical ... OK! 
Checking overlaps for volume hodoscope2Physical ... OK! 
Checking overlaps for volume hodoscope2Physical ... OK! 
Checking overlaps for volume hodoscope2Physical ... OK! 
Checking overlaps for volume hodoscope2Physical ... OK! 
Checking overlaps for volume hodoscope2Physical ... OK! 
Checking overlaps for volume hodoscope2Physical ... OK! 
Checking overlaps for volume hodoscope2Physical ... OK! 
Checking overlaps for volume hodoscope2Physical ... OK! 
Checking overlaps for volume hodoscope2Physical ... OK! 
Checking overlaps for volume hodoscope2Physical ... OK! 
Checking overlaps for volume hodoscope2Physical ... OK! 
Checking overlaps for volume hodoscope2Physical ... OK! 
Checking overlaps for volume chamber2Physical ... OK! 
Checking overlaps for volume chamber2Physical ... OK! 
Checking overlaps for volume chamber2Physical ... OK! 
Checking overlaps for volume chamber2Physical ... OK! 
Checking overlaps for volume chamber2Physical ... OK! 
Checking overlaps for volume wirePlane2Physical ... OK! 
Checking overlaps for volume EMcalorimeterPhysical ... OK! 
Checking overlaps for volume HadCalorimeterPhysical ... OK! 
Checking overlaps for volume HadCalScintiPhysical ... OK! 

 FTFP_BERT : new threshold between BERT and FTFP is over the interval 
 for pions :   3 to 12 GeV
 for kaons :   3 to 12 GeV
 for proton :  3 to 12 GeV
 for neutron : 3 to 12 GeV

### Adding tracking cuts for neutron  TimeCut(ns)= 10000  KinEnergyCut(MeV)= 0

phot:   for  gamma    SubType= 12  BuildTable= 0
      LambdaPrime table from 200 keV to 100 TeV in 61 bins 
      ===== EM models for the G4Region  DefaultRegionForTheWorld ======
 LivermorePhElectric :  Emin=        0 eV    Emax=      100 TeV   AngularGenSauterGavrila  FluoActive

compt:   for  gamma    SubType= 13  BuildTable= 1
      Lambda table from 100 eV  to 1 MeV, 7 bins per decade, spline: 1
      LambdaPrime table from 1 MeV to 100 TeV in 56 bins 
      ===== EM models for the G4Region  DefaultRegionForTheWorld ======
       Klein-Nishina :  Emin=        0 eV    Emax=      100 TeV

conv:   for  gamma    SubType= 14  BuildTable= 1
      Lambda table from 1.022 MeV to 100 TeV, 18 bins per decade, spline: 1
      ===== EM models for the G4Region  DefaultRegionForTheWorld ======
        BetheHeitler :  Emin=        0 eV    Emax=       80 GeV
     BetheHeitlerLPM :  Emin=       80 GeV   Emax=      100 TeV

Rayl:   for  gamma    SubType= 11  BuildTable= 1
      Lambda table from 100 eV  to 100 keV, 7 bins per decade, spline: 0
      LambdaPrime table from 100 keV to 100 TeV in 63 bins 
      ===== EM models for the G4Region  DefaultRegionForTheWorld ======
   LivermoreRayleigh :  Emin=        0 eV    Emax=      100 TeV   CullenGenerator

msc:   for e-    SubType= 10
      RangeFactor= 0.04, stepLimitType: 1, latDisplacement: 1
      ===== EM models for the G4Region  DefaultRegionForTheWorld ======
            UrbanMsc :  Emin=        0 eV    Emax=      100 MeV  Table with 42 bins Emin=    100 eV    Emax=    100 MeV
        WentzelVIUni :  Emin=      100 MeV   Emax=      100 TeV  Table with 42 bins Emin=    100 MeV   Emax=    100 TeV

eIoni:   for  e-    SubType= 2
      dE/dx and range tables from 100 eV  to 100 TeV in 84 bins
      Lambda tables from threshold to 100 TeV, 7 bins per decade, spline: 1
      finalRange(mm)= 1, dRoverRange= 0.2, integral: 1, fluct: 1, linLossLimit= 0.01
      ===== EM models for the G4Region  DefaultRegionForTheWorld ======
        MollerBhabha :  Emin=        0 eV    Emax=      100 TeV

eBrem:   for  e-    SubType= 3
      dE/dx and range tables from 100 eV  to 100 TeV in 84 bins
      Lambda tables from threshold to 100 TeV, 7 bins per decade, spline: 1
      LPM flag: 1 for E > 1 GeV,  VertexHighEnergyTh(GeV)= 100000
      ===== EM models for the G4Region  DefaultRegionForTheWorld ======
             eBremSB :  Emin=        0 eV    Emax=        1 GeV   DipBustGen
            eBremLPM :  Emin=        1 GeV   Emax=      100 TeV   DipBustGen

CoulombScat:   for  e-, integral: 1     SubType= 1  BuildTable= 1
      Lambda table from 100 MeV to 100 TeV, 7 bins per decade, spline: 1
      180 < Theta(degree) < 180 pLimit(GeV^1)= 0.139531
      ===== EM models for the G4Region  DefaultRegionForTheWorld ======
  eCoulombScattering :  Emin=      100 MeV   Emax=      100 TeV

msc:   for e+    SubType= 10
      RangeFactor= 0.04, stepLimitType: 1, latDisplacement: 1
      ===== EM models for the G4Region  DefaultRegionForTheWorld ======
            UrbanMsc :  Emin=        0 eV    Emax=      100 MeV  Table with 42 bins Emin=    100 eV    Emax=    100 MeV
        WentzelVIUni :  Emin=      100 MeV   Emax=      100 TeV  Table with 42 bins Emin=    100 MeV   Emax=    100 TeV

eIoni:   for  e+    SubType= 2
      dE/dx and range tables from 100 eV  to 100 TeV in 84 bins
      Lambda tables from threshold to 100 TeV, 7 bins per decade, spline: 1
      finalRange(mm)= 1, dRoverRange= 0.2, integral: 1, fluct: 1, linLossLimit= 0.01
      ===== EM models for the G4Region  DefaultRegionForTheWorld ======
        MollerBhabha :  Emin=        0 eV    Emax=      100 TeV

eBrem:   for  e+    SubType= 3
      dE/dx and range tables from 100 eV  to 100 TeV in 84 bins
      Lambda tables from threshold to 100 TeV, 7 bins per decade, spline: 1
      LPM flag: 1 for E > 1 GeV,  VertexHighEnergyTh(GeV)= 100000
      ===== EM models for the G4Region  DefaultRegionForTheWorld ======
             eBremSB :  Emin=        0 eV    Emax=        1 GeV   DipBustGen
            eBremLPM :  Emin=        1 GeV   Emax=      100 TeV   DipBustGen

annihil:   for  e+, integral: 1     SubType= 5  BuildTable= 0
      ===== EM models for the G4Region  DefaultRegionForTheWorld ======
            eplus2gg :  Emin=        0 eV    Emax=      100 TeV

CoulombScat:   for  e+, integral: 1     SubType= 1  BuildTable= 1
      Lambda table from 100 MeV to 100 TeV, 7 bins per decade, spline: 1
      180 < Theta(degree) < 180 pLimit(GeV^1)= 0.139531
      ===== EM models for the G4Region  DefaultRegionForTheWorld ======
  eCoulombScattering :  Emin=      100 MeV   Emax=      100 TeV

msc:   for proton    SubType= 10
      RangeFactor= 0.2, step limit type: 0, lateralDisplacement: 0, polarAngleLimit(deg)= 180
      ===== EM models for the G4Region  DefaultRegionForTheWorld ======
        WentzelVIUni :  Emin=        0 eV    Emax=      100 TeV  Table with 84 bins Emin=    100 eV    Emax=    100 TeV

hIoni:   for  proton    SubType= 2
      dE/dx and range tables from 100 eV  to 100 TeV in 84 bins
      Lambda tables from threshold to 100 TeV, 7 bins per decade, spline: 1
      finalRange(mm)= 0.1, dRoverRange= 0.2, integral: 1, fluct: 1, linLossLimit= 0.01
      ===== EM models for the G4Region  DefaultRegionForTheWorld ======
               Bragg :  Emin=        0 eV    Emax=        2 MeV
          BetheBloch :  Emin=        2 MeV   Emax=      100 TeV

hBrems:   for  proton    SubType= 3
      dE/dx and range tables from 100 eV  to 100 TeV in 84 bins
      Lambda tables from threshold to 100 TeV, 7 bins per decade, spline: 1
      ===== EM models for the G4Region  DefaultRegionForTheWorld ======
               hBrem :  Emin=        0 eV    Emax=      100 TeV

hPairProd:   for  proton    SubType= 4
      dE/dx and range tables from 100 eV  to 100 TeV in 84 bins
      Lambda tables from threshold to 100 TeV, 7 bins per decade, spline: 1
      Sampling table 17x1001 from 7.50618 GeV to 100 TeV 
      ===== EM models for the G4Region  DefaultRegionForTheWorld ======
           hPairProd :  Emin=        0 eV    Emax=      100 TeV

CoulombScat:   for  proton, integral: 1     SubType= 1  BuildTable= 1
      Used Lambda table of anti_proton
      180 < Theta(degree) < 180 pLimit(GeV^1)= 0.139531
      ===== EM models for the G4Region  DefaultRegionForTheWorld ======
  eCoulombScattering :  Emin=        0 eV    Emax=      100 TeV

msc:   for GenericIon    SubType= 10
      RangeFactor= 0.2, stepLimitType: 0, latDisplacement: 0
      ===== EM models for the G4Region  DefaultRegionForTheWorld ======
            UrbanMsc :  Emin=        0 eV    Emax=      100 TeV

ionIoni:   for  GenericIon    SubType= 2
      dE/dx and range tables from 100 eV  to 100 TeV in 84 bins
      Lambda tables from threshold to 100 TeV, 7 bins per decade, spline: 1
      finalRange(mm)= 0.1, dRoverRange= 0.2, integral: 1, fluct: 1, linLossLimit= 0.02
      Stopping Power data for 17 ion/material pairs 
      ===== EM models for the G4Region  DefaultRegionForTheWorld ======
            BraggIon :  Emin=        0 eV    Emax=        2 MeV
          BetheBloch :  Emin=        2 MeV   Emax=      100 TeV

msc:   for alpha    SubType= 10
      RangeFactor= 0.2, stepLimitType: 0, latDisplacement: 0
      ===== EM models for the G4Region  DefaultRegionForTheWorld ======
            UrbanMsc :  Emin=        0 eV    Emax=      100 TeV  Table with 84 bins Emin=    100 eV    Emax=    100 TeV

ionIoni:   for  alpha    SubType= 2
      dE/dx and range tables from 100 eV  to 100 TeV in 84 bins
      Lambda tables from threshold to 100 TeV, 7 bins per decade, spline: 1
      finalRange(mm)= 0.1, dRoverRange= 0.2, integral: 1, fluct: 1, linLossLimit= 0.02
      ===== EM models for the G4Region  DefaultRegionForTheWorld ======
            BraggIon :  Emin=        0 eV    Emax=   7.9452 MeV
          BetheBloch :  Emin=   7.9452 MeV   Emax=      100 TeV

msc:   for anti_proton    SubType= 10
      RangeFactor= 0.2, step limit type: 0, lateralDisplacement: 0, polarAngleLimit(deg)= 180
      ===== EM models for the G4Region  DefaultRegionForTheWorld ======
        WentzelVIUni :  Emin=        0 eV    Emax=      100 TeV  Table with 84 bins Emin=    100 eV    Emax=    100 TeV

hIoni:   for  anti_proton    SubType= 2
      dE/dx and range tables from 100 eV  to 100 TeV in 84 bins
      Lambda tables from threshold to 100 TeV, 7 bins per decade, spline: 1
      finalRange(mm)= 0.1, dRoverRange= 0.2, integral: 1, fluct: 1, linLossLimit= 0.01
      ===== EM models for the G4Region  DefaultRegionForTheWorld ======
            ICRU73QO :  Emin=        0 eV    Emax=        2 MeV
          BetheBloch :  Emin=        2 MeV   Emax=      100 TeV

hBrems:   for  anti_proton    SubType= 3
      dE/dx and range tables from 100 eV  to 100 TeV in 84 bins
      Lambda tables from threshold to 100 TeV, 7 bins per decade, spline: 1
      ===== EM models for the G4Region  DefaultRegionForTheWorld ======
               hBrem :  Emin=        0 eV    Emax=      100 TeV

hPairProd:   for  anti_proton    SubType= 4
      dE/dx and range tables from 100 eV  to 100 TeV in 84 bins
      Lambda tables from threshold to 100 TeV, 7 bins per decade, spline: 1
      Sampling table 17x1001 from 7.50618 GeV to 100 TeV 
      ===== EM models for the G4Region  DefaultRegionForTheWorld ======
           hPairProd :  Emin=        0 eV    Emax=      100 TeV

CoulombScat:   for  anti_proton, integral: 1     SubType= 1  BuildTable= 1
      Lambda table from threshold  to 100 TeV, 7 bins per decade, spline: 1
      180 < Theta(degree) < 180 pLimit(GeV^1)= 0.139531
      ===== EM models for the G4Region  DefaultRegionForTheWorld ======
  eCoulombScattering :  Emin=        0 eV    Emax=      100 TeV

msc:   for kaon+    SubType= 10
      RangeFactor= 0.2, step limit type: 0, lateralDisplacement: 0, polarAngleLimit(deg)= 180
      ===== EM models for the G4Region  DefaultRegionForTheWorld ======
        WentzelVIUni :  Emin=        0 eV    Emax=      100 TeV  Table with 84 bins Emin=    100 eV    Emax=    100 TeV

hIoni:   for  kaon+    SubType= 2
      dE/dx and range tables from 100 eV  to 100 TeV in 84 bins
      Lambda tables from threshold to 100 TeV, 7 bins per decade, spline: 1
      finalRange(mm)= 0.1, dRoverRange= 0.2, integral: 1, fluct: 1, linLossLimit= 0.01
      ===== EM models for the G4Region  DefaultRegionForTheWorld ======
               Bragg :  Emin=        0 eV    Emax=  1.05231 MeV
          BetheBloch :  Emin=  1.05231 MeV   Emax=      100 TeV

hBrems:   for  kaon+    SubType= 3
      dE/dx and range tables from 100 eV  to 100 TeV in 84 bins
      Lambda tables from threshold to 100 TeV, 7 bins per decade, spline: 1
      ===== EM models for the G4Region  DefaultRegionForTheWorld ======
               hBrem :  Emin=        0 eV    Emax=      100 TeV

hPairProd:   for  kaon+    SubType= 4
      dE/dx and range tables from 100 eV  to 100 TeV in 84 bins
      Lambda tables from threshold to 100 TeV, 7 bins per decade, spline: 1
      Sampling table 18x1001 from 3.94942 GeV to 100 TeV 
      ===== EM models for the G4Region  DefaultRegionForTheWorld ======
           hPairProd :  Emin=        0 eV    Emax=      100 TeV

CoulombScat:   for  kaon+, integral: 1     SubType= 1  BuildTable= 1
      Lambda table from threshold  to 100 TeV, 7 bins per decade, spline: 1
      180 < Theta(degree) < 180 pLimit(GeV^1)= 0.139531
      ===== EM models for the G4Region  DefaultRegionForTheWorld ======
  eCoulombScattering :  Emin=        0 eV    Emax=      100 TeV

msc:   for kaon-    SubType= 10
      RangeFactor= 0.2, step limit type: 0, lateralDisplacement: 0, polarAngleLimit(deg)= 180
      ===== EM models for the G4Region  DefaultRegionForTheWorld ======
        WentzelVIUni :  Emin=        0 eV    Emax=      100 TeV  Table with 84 bins Emin=    100 eV    Emax=    100 TeV

hIoni:   for  kaon-    SubType= 2
      dE/dx and range tables from 100 eV  to 100 TeV in 84 bins
      Lambda tables from threshold to 100 TeV, 7 bins per decade, spline: 1
      finalRange(mm)= 0.1, dRoverRange= 0.2, integral: 1, fluct: 1, linLossLimit= 0.01
      ===== EM models for the G4Region  DefaultRegionForTheWorld ======
            ICRU73QO :  Emin=        0 eV    Emax=  1.05231 MeV
          BetheBloch :  Emin=  1.05231 MeV   Emax=      100 TeV

hBrems:   for  kaon-    SubType= 3
      dE/dx and range tables from 100 eV  to 100 TeV in 84 bins
      Lambda tables from threshold to 100 TeV, 7 bins per decade, spline: 1
      ===== EM models for the G4Region  DefaultRegionForTheWorld ======
               hBrem :  Emin=        0 eV    Emax=      100 TeV

hPairProd:   for  kaon-    SubType= 4
      dE/dx and range tables from 100 eV  to 100 TeV in 84 bins
      Lambda tables from threshold to 100 TeV, 7 bins per decade, spline: 1
      Sampling table 18x1001 from 3.94942 GeV to 100 TeV 
      ===== EM models for the G4Region  DefaultRegionForTheWorld ======
           hPairProd :  Emin=        0 eV    Emax=      100 TeV

CoulombScat:   for  kaon-, integral: 1     SubType= 1  BuildTable= 1
      Used Lambda table of kaon+
      180 < Theta(degree) < 180 pLimit(GeV^1)= 0.139531
      ===== EM models for the G4Region  DefaultRegionForTheWorld ======
  eCoulombScattering :  Emin=        0 eV    Emax=      100 TeV

msc:   for mu+    SubType= 10
      RangeFactor= 0.2, step limit type: 0, lateralDisplacement: 0, polarAngleLimit(deg)= 180
      ===== EM models for the G4Region  DefaultRegionForTheWorld ======
        WentzelVIUni :  Emin=        0 eV    Emax=      100 TeV  Table with 84 bins Emin=    100 eV    Emax=    100 TeV

muIoni:   for  mu+    SubType= 2
      dE/dx and range tables from 100 eV  to 100 TeV in 84 bins
      Lambda tables from threshold to 100 TeV, 7 bins per decade, spline: 1
      finalRange(mm)= 0.1, dRoverRange= 0.2, integral: 1, fluct: 1, linLossLimit= 0.01
      ===== EM models for the G4Region  DefaultRegionForTheWorld ======
               Bragg :  Emin=        0 eV    Emax=      200 keV
          BetheBloch :  Emin=      200 keV   Emax=        1 GeV
        MuBetheBloch :  Emin=        1 GeV   Emax=      100 TeV

muBrems:   for  mu+    SubType= 3
      dE/dx and range tables from 100 eV  to 100 TeV in 84 bins
      Lambda tables from threshold to 100 TeV, 7 bins per decade, spline: 1
      ===== EM models for the G4Region  DefaultRegionForTheWorld ======
              MuBrem :  Emin=        0 eV    Emax=      100 TeV

muPairProd:   for  mu+    SubType= 4
      dE/dx and range tables from 100 eV  to 100 TeV in 84 bins
      Lambda tables from threshold to 100 TeV, 7 bins per decade, spline: 1
      Sampling table 21x1001 from 1 GeV to 100 TeV 
      ===== EM models for the G4Region  DefaultRegionForTheWorld ======
          muPairProd :  Emin=        0 eV    Emax=      100 TeV

CoulombScat:   for  mu+, integral: 1     SubType= 1  BuildTable= 1
      Lambda table from threshold  to 100 TeV, 7 bins per decade, spline: 1
      180 < Theta(degree) < 180 pLimit(GeV^1)= 0.139531
      ===== EM models for the G4Region  DefaultRegionForTheWorld ======
  eCoulombScattering :  Emin=        0 eV    Emax=      100 TeV

msc:   for mu-    SubType= 10
      RangeFactor= 0.2, step limit type: 0, lateralDisplacement: 0, polarAngleLimit(deg)= 180
      ===== EM models for the G4Region  DefaultRegionForTheWorld ======
        WentzelVIUni :  Emin=        0 eV    Emax=      100 TeV  Table with 84 bins Emin=    100 eV    Emax=    100 TeV

muIoni:   for  mu-    SubType= 2
      dE/dx and range tables from 100 eV  to 100 TeV in 84 bins
      Lambda tables from threshold to 100 TeV, 7 bins per decade, spline: 1
      finalRange(mm)= 0.1, dRoverRange= 0.2, integral: 1, fluct: 1, linLossLimit= 0.01
      ===== EM models for the G4Region  DefaultRegionForTheWorld ======
            ICRU73QO :  Emin=        0 eV    Emax=      200 keV
          BetheBloch :  Emin=      200 keV   Emax=        1 GeV
        MuBetheBloch :  Emin=        1 GeV   Emax=      100 TeV

muBrems:   for  mu-    SubType= 3
      dE/dx and range tables from 100 eV  to 100 TeV in 84 bins
      Lambda tables from threshold to 100 TeV, 7 bins per decade, spline: 1
      ===== EM models for the G4Region  DefaultRegionForTheWorld ======
              MuBrem :  Emin=        0 eV    Emax=      100 TeV

muPairProd:   for  mu-    SubType= 4
      dE/dx and range tables from 100 eV  to 100 TeV in 84 bins
      Lambda tables from threshold to 100 TeV, 7 bins per decade, spline: 1
      Sampling table 21x1001 from 1 GeV to 100 TeV 
      ===== EM models for the G4Region  DefaultRegionForTheWorld ======
          muPairProd :  Emin=        0 eV    Emax=      100 TeV

CoulombScat:   for  mu-, integral: 1     SubType= 1  BuildTable= 1
      Used Lambda table of mu+
      180 < Theta(degree) < 180 pLimit(GeV^1)= 0.139531
      ===== EM models for the G4Region  DefaultRegionForTheWorld ======
  eCoulombScattering :  Emin=        0 eV    Emax=      100 TeV

msc:   for pi+    SubType= 10
      RangeFactor= 0.2, step limit type: 0, lateralDisplacement: 0, polarAngleLimit(deg)= 180
      ===== EM models for the G4Region  DefaultRegionForTheWorld ======
        WentzelVIUni :  Emin=        0 eV    Emax=      100 TeV  Table with 84 bins Emin=    100 eV    Emax=    100 TeV

hIoni:   for  pi+    SubType= 2
      dE/dx and range tables from 100 eV  to 100 TeV in 84 bins
      Lambda tables from threshold to 100 TeV, 7 bins per decade, spline: 1
      finalRange(mm)= 0.1, dRoverRange= 0.2, integral: 1, fluct: 1, linLossLimit= 0.01
      ===== EM models for the G4Region  DefaultRegionForTheWorld ======
               Bragg :  Emin=        0 eV    Emax=  297.505 keV
          BetheBloch :  Emin=  297.505 keV   Emax=      100 TeV

hBrems:   for  pi+    SubType= 3
      dE/dx and range tables from 100 eV  to 100 TeV in 84 bins
      Lambda tables from threshold to 100 TeV, 7 bins per decade, spline: 1
      ===== EM models for the G4Region  DefaultRegionForTheWorld ======
               hBrem :  Emin=        0 eV    Emax=      100 TeV

hPairProd:   for  pi+    SubType= 4
      dE/dx and range tables from 100 eV  to 100 TeV in 84 bins
      Lambda tables from threshold to 100 TeV, 7 bins per decade, spline: 1
      Sampling table 20x1001 from 1.11656 GeV to 100 TeV 
      ===== EM models for the G4Region  DefaultRegionForTheWorld ======
           hPairProd :  Emin=        0 eV    Emax=      100 TeV

CoulombScat:   for  pi+, integral: 1     SubType= 1  BuildTable= 1
      Lambda table from threshold  to 100 TeV, 7 bins per decade, spline: 1
      180 < Theta(degree) < 180 pLimit(GeV^1)= 0.139531
      ===== EM models for the G4Region  DefaultRegionForTheWorld ======
  eCoulombScattering :  Emin=        0 eV    Emax=      100 TeV

msc:   for pi-    SubType= 10
      RangeFactor= 0.2, step limit type: 0, lateralDisplacement: 0, polarAngleLimit(deg)= 180
      ===== EM models for the G4Region  DefaultRegionForTheWorld ======
        WentzelVIUni :  Emin=        0 eV    Emax=      100 TeV  Table with 84 bins Emin=    100 eV    Emax=    100 TeV

hIoni:   for  pi-    SubType= 2
      dE/dx and range tables from 100 eV  to 100 TeV in 84 bins
      Lambda tables from threshold to 100 TeV, 7 bins per decade, spline: 1
      finalRange(mm)= 0.1, dRoverRange= 0.2, integral: 1, fluct: 1, linLossLimit= 0.01
      ===== EM models for the G4Region  DefaultRegionForTheWorld ======
            ICRU73QO :  Emin=        0 eV    Emax=  297.505 keV
          BetheBloch :  Emin=  297.505 keV   Emax=      100 TeV

hBrems:   for  pi-    SubType= 3
      dE/dx and range tables from 100 eV  to 100 TeV in 84 bins
      Lambda tables from threshold to 100 TeV, 7 bins per decade, spline: 1
      ===== EM models for the G4Region  DefaultRegionForTheWorld ======
               hBrem :  Emin=        0 eV    Emax=      100 TeV

hPairProd:   for  pi-    SubType= 4
      dE/dx and range tables from 100 eV  to 100 TeV in 84 bins
      Lambda tables from threshold to 100 TeV, 7 bins per decade, spline: 1
      Sampling table 20x1001 from 1.11656 GeV to 100 TeV 
      ===== EM models for the G4Region  DefaultRegionForTheWorld ======
           hPairProd :  Emin=        0 eV    Emax=      100 TeV

CoulombScat:   for  pi-, integral: 1     SubType= 1  BuildTable= 1
      Used Lambda table of pi+
      180 < Theta(degree) < 180 pLimit(GeV^1)= 0.139531
      ===== EM models for the G4Region  DefaultRegionForTheWorld ======
  eCoulombScattering :  Emin=        0 eV    Emax=      100 TeV

====================================================================
                  HADRONIC PROCESSES SUMMARY (verbose level 1)

---------------------------------------------------
                           Hadronic Processes for neutron

  Process: hadElastic
        Model:             hElasticCHIPS: 0 eV  ---> 100 TeV
     Cr_sctns:        G4NeutronElasticXS: 0 eV  ---> 100 TeV
     Cr_sctns:            GheishaElastic: 0 eV  ---> 100 TeV

  Process: neutronInelastic
        Model:                      FTFP: 3 GeV ---> 100 TeV
        Model:            BertiniCascade: 0 eV  ---> 12 GeV
     Cr_sctns:      G4NeutronInelasticXS: 0 eV  ---> 100 TeV
     Cr_sctns:       Barashenkov-Glauber: 0 eV  ---> 100 TeV
     Cr_sctns:          GheishaInelastic: 0 eV  ---> 100 TeV

  Process: nCapture
        Model:               nRadCapture: 0 eV  ---> 100 TeV
     Cr_sctns:        G4NeutronCaptureXS: 0 eV  ---> 100 TeV
     Cr_sctns:          GheishaCaptureXS: 0 eV  ---> 100 TeV

  Process: nKiller

---------------------------------------------------
                           Hadronic Processes for GenericIon

  Process: ionInelastic
        Model:  Binary Light Ion Cascade: 0 eV /n ---> 4 GeV/n
        Model:                      FTFP: 2 GeV/n ---> 100 TeV/n
     Cr_sctns: Glauber-Gribov nucleus nucleus: 0 eV  ---> 2.88022e+295 J  
     Cr_sctns:          GheishaInelastic: 0 eV  ---> 100 TeV

---------------------------------------------------
                           Hadronic Processes for He3

  Process: hadElastic
        Model:              hElasticLHEP: 0 eV /n ---> 100 TeV/n
     Cr_sctns: Glauber-Gribov nucleus nucleus: 0 eV  ---> 2.88022e+295 J  
     Cr_sctns:            GheishaElastic: 0 eV  ---> 100 TeV

  Process: He3Inelastic
        Model:  Binary Light Ion Cascade: 0 eV /n ---> 4 GeV/n
        Model:                      FTFP: 2 GeV/n ---> 100 TeV/n
     Cr_sctns: Glauber-Gribov nucleus nucleus: 0 eV  ---> 2.88022e+295 J  
     Cr_sctns:          GheishaInelastic: 0 eV  ---> 100 TeV

---------------------------------------------------
                           Hadronic Processes for alpha

  Process: hadElastic
        Model:              hElasticLHEP: 0 eV /n ---> 100 TeV/n
     Cr_sctns:            GheishaElastic: 0 eV  ---> 100 TeV

  Process: alphaInelastic
        Model:  Binary Light Ion Cascade: 0 eV /n ---> 4 GeV/n
        Model:                      FTFP: 2 GeV/n ---> 100 TeV/n
     Cr_sctns: Glauber-Gribov nucleus nucleus: 0 eV  ---> 2.88022e+295 J  
     Cr_sctns:          GheishaInelastic: 0 eV  ---> 100 TeV

---------------------------------------------------
                           Hadronic Processes for anti_He3

  Process: hadElastic
        Model:              hElasticLHEP: 0 eV /n ---> 100.1 MeV/n
        Model:              AntiAElastic: 100 MeV/n ---> 100 TeV/n
     Cr_sctns:              AntiAGlauber: 0 eV  ---> 2.88022e+295 J  
     Cr_sctns:            GheishaElastic: 0 eV  ---> 100 TeV

  Process: anti_He3Inelastic
        Model:                      FTFP: 0 eV /n ---> 100 TeV/n
     Cr_sctns:              AntiAGlauber: 0 eV  ---> 2.88022e+295 J  
     Cr_sctns:          GheishaInelastic: 0 eV  ---> 100 TeV

  Process: hFritiofCaptureAtRest

---------------------------------------------------
                           Hadronic Processes for anti_alpha

  Process: hadElastic
        Model:              hElasticLHEP: 0 eV /n ---> 100.1 MeV/n
        Model:              AntiAElastic: 100 MeV/n ---> 100 TeV/n
     Cr_sctns:              AntiAGlauber: 0 eV  ---> 2.88022e+295 J  
     Cr_sctns:            GheishaElastic: 0 eV  ---> 100 TeV

  Process: anti_alphaInelastic
        Model:                      FTFP: 0 eV /n ---> 100 TeV/n
     Cr_sctns:              AntiAGlauber: 0 eV  ---> 2.88022e+295 J  
     Cr_sctns:          GheishaInelastic: 0 eV  ---> 100 TeV

  Process: hFritiofCaptureAtRest

---------------------------------------------------
                           Hadronic Processes for anti_deuteron

  Process: hadElastic
        Model:              hElasticLHEP: 0 eV /n ---> 100.1 MeV/n
        Model:              AntiAElastic: 100 MeV/n ---> 100 TeV/n
     Cr_sctns:              AntiAGlauber: 0 eV  ---> 2.88022e+295 J  
     Cr_sctns:            GheishaElastic: 0 eV  ---> 100 TeV

  Process: anti_deuteronInelastic
        Model:                      FTFP: 0 eV /n ---> 100 TeV/n
     Cr_sctns:              AntiAGlauber: 0 eV  ---> 2.88022e+295 J  
     Cr_sctns:          GheishaInelastic: 0 eV  ---> 100 TeV

  Process: hFritiofCaptureAtRest

---------------------------------------------------
                           Hadronic Processes for anti_neutron

  Process: hadElastic
        Model:              hElasticLHEP: 0 eV  ---> 100 TeV
     Cr_sctns:            GheishaElastic: 0 eV  ---> 100 TeV

  Process: anti_neutronInelastic
        Model:                      FTFP: 0 eV  ---> 100 TeV
     Cr_sctns:              AntiAGlauber: 0 eV  ---> 2.88022e+295 J  
     Cr_sctns:          GheishaInelastic: 0 eV  ---> 100 TeV

---------------------------------------------------
                           Hadronic Processes for anti_proton

  Process: hadElastic
        Model:              hElasticLHEP: 0 eV  ---> 100.1 MeV
        Model:              AntiAElastic: 100 MeV ---> 100 TeV
     Cr_sctns:              AntiAGlauber: 0 eV  ---> 2.88022e+295 J  
     Cr_sctns:            GheishaElastic: 0 eV  ---> 100 TeV

  Process: anti_protonInelastic
        Model:                      FTFP: 0 eV  ---> 100 TeV
     Cr_sctns:              AntiAGlauber: 0 eV  ---> 2.88022e+295 J  
     Cr_sctns:          GheishaInelastic: 0 eV  ---> 100 TeV

  Process: hFritiofCaptureAtRest

---------------------------------------------------
                           Hadronic Processes for anti_triton

  Process: hadElastic
        Model:              hElasticLHEP: 0 eV /n ---> 100.1 MeV/n
        Model:              AntiAElastic: 100 MeV/n ---> 100 TeV/n
     Cr_sctns:              AntiAGlauber: 0 eV  ---> 2.88022e+295 J  
     Cr_sctns:            GheishaElastic: 0 eV  ---> 100 TeV

  Process: anti_tritonInelastic
        Model:                      FTFP: 0 eV /n ---> 100 TeV/n
     Cr_sctns:              AntiAGlauber: 0 eV  ---> 2.88022e+295 J  
     Cr_sctns:          GheishaInelastic: 0 eV  ---> 100 TeV

  Process: hFritiofCaptureAtRest

---------------------------------------------------
                           Hadronic Processes for deuteron

  Process: hadElastic
        Model:              hElasticLHEP: 0 eV /n ---> 100 TeV/n
     Cr_sctns:            GheishaElastic: 0 eV  ---> 100 TeV

  Process: dInelastic
        Model:  Binary Light Ion Cascade: 0 eV /n ---> 4 GeV/n
        Model:                      FTFP: 2 GeV/n ---> 100 TeV/n
     Cr_sctns: Glauber-Gribov nucleus nucleus: 0 eV  ---> 2.88022e+295 J  
     Cr_sctns:          GheishaInelastic: 0 eV  ---> 100 TeV

---------------------------------------------------
                           Hadronic Processes for e+

  Process: positronNuclear
        Model:   G4ElectroVDNuclearModel: 0 eV  ---> 1 PeV
     Cr_sctns:          ElectroNuclearXS: 0 eV  ---> 100 TeV
     Cr_sctns:          GheishaInelastic: 0 eV  ---> 100 TeV

---------------------------------------------------
                           Hadronic Processes for e-

  Process: electronNuclear
        Model:   G4ElectroVDNuclearModel: 0 eV  ---> 1 PeV
     Cr_sctns:          ElectroNuclearXS: 0 eV  ---> 100 TeV
     Cr_sctns:          GheishaInelastic: 0 eV  ---> 100 TeV

---------------------------------------------------
                           Hadronic Processes for gamma

  Process: photonNuclear
        Model:            BertiniCascade: 0 eV  ---> 3.5 GeV
        Model:           TheoFSGenerator: 3 GeV ---> 100 TeV
     Cr_sctns:            PhotoNuclearXS: 0 eV  ---> 100 TeV
     Cr_sctns:          GheishaInelastic: 0 eV  ---> 100 TeV

---------------------------------------------------
                           Hadronic Processes for kaon+

  Process: hadElastic
        Model:              hElasticLHEP: 0 eV  ---> 100 TeV
     Cr_sctns:            GheishaElastic: 0 eV  ---> 100 TeV

  Process: kaon+Inelastic
        Model:                      FTFP: 3 GeV ---> 100 TeV
        Model:            BertiniCascade: 0 eV  ---> 12 GeV
     Cr_sctns:            Glauber-Gribov: 0 eV  ---> 2.88022e+295 J  
     Cr_sctns:  ChipsKaonPlusInelasticXS: 0 eV  ---> 100 TeV
     Cr_sctns:          GheishaInelastic: 0 eV  ---> 100 TeV

---------------------------------------------------
                           Hadronic Processes for kaon-

  Process: hadElastic
        Model:              hElasticLHEP: 0 eV  ---> 100 TeV
     Cr_sctns:            GheishaElastic: 0 eV  ---> 100 TeV

  Process: kaon-Inelastic
        Model:                      FTFP: 3 GeV ---> 100 TeV
        Model:            BertiniCascade: 0 eV  ---> 12 GeV
     Cr_sctns:            Glauber-Gribov: 0 eV  ---> 2.88022e+295 J  
     Cr_sctns: ChipsKaonMinusInelasticXS: 0 eV  ---> 100 TeV
     Cr_sctns:          GheishaInelastic: 0 eV  ---> 100 TeV

  Process: hBertiniCaptureAtRest

---------------------------------------------------
                           Hadronic Processes for lambda

  Process: hadElastic
        Model:              hElasticLHEP: 0 eV  ---> 100 TeV
     Cr_sctns:            GheishaElastic: 0 eV  ---> 100 TeV

  Process: lambdaInelastic
        Model:            BertiniCascade: 0 eV  ---> 6 GeV
        Model:                      FTFP: 2 GeV ---> 100 TeV
     Cr_sctns:   ChipsHyperonInelasticXS: 0 eV  ---> 100 TeV
     Cr_sctns:          GheishaInelastic: 0 eV  ---> 100 TeV

---------------------------------------------------
                           Hadronic Processes for mu+

  Process: muonNuclear
        Model:      G4MuonVDNuclearModel: 0 eV  ---> 1 PeV
     Cr_sctns:     KokoulinMuonNuclearXS: 0 eV  ---> 100 TeV

---------------------------------------------------
                           Hadronic Processes for mu-

  Process: muonNuclear
        Model:      G4MuonVDNuclearModel: 0 eV  ---> 1 PeV
     Cr_sctns:     KokoulinMuonNuclearXS: 0 eV  ---> 100 TeV

  Process: muMinusCaptureAtRest

---------------------------------------------------
                           Hadronic Processes for pi+

  Process: hadElastic
        Model:              hElasticLHEP: 0 eV  ---> 1.0001 GeV
        Model:           hElasticGlauber: 1 GeV ---> 100 TeV
     Cr_sctns:       Barashenkov-Glauber: 0 eV  ---> 100 TeV
     Cr_sctns:            GheishaElastic: 0 eV  ---> 100 TeV

  Process: pi+Inelastic
        Model:                      FTFP: 3 GeV ---> 100 TeV
        Model:            BertiniCascade: 0 eV  ---> 12 GeV
     Cr_sctns:      G4CrossSectionPairGG: 0 eV  ---> 100 TeV
                         G4CrossSectionPairGG: G4PiNuclearCrossSection cross sections 
                           below 91 GeV, Glauber-Gribov above 
     Cr_sctns:          GheishaInelastic: 0 eV  ---> 100 TeV

---------------------------------------------------
                           Hadronic Processes for pi-

  Process: hadElastic
        Model:              hElasticLHEP: 0 eV  ---> 1.0001 GeV
        Model:           hElasticGlauber: 1 GeV ---> 100 TeV
     Cr_sctns:       Barashenkov-Glauber: 0 eV  ---> 100 TeV
     Cr_sctns:            GheishaElastic: 0 eV  ---> 100 TeV

  Process: pi-Inelastic
        Model:                      FTFP: 3 GeV ---> 100 TeV
        Model:            BertiniCascade: 0 eV  ---> 12 GeV
     Cr_sctns:      G4CrossSectionPairGG: 0 eV  ---> 100 TeV
                         G4CrossSectionPairGG: G4PiNuclearCrossSection cross sections 
                           below 91 GeV, Glauber-Gribov above 
     Cr_sctns:          GheishaInelastic: 0 eV  ---> 100 TeV

  Process: hBertiniCaptureAtRest

---------------------------------------------------
                           Hadronic Processes for proton

  Process: hadElastic
        Model:             hElasticCHIPS: 0 eV  ---> 100 TeV
     Cr_sctns:      ChipsProtonElasticXS: 0 eV  ---> 100 TeV
     Cr_sctns:            GheishaElastic: 0 eV  ---> 100 TeV

  Process: protonInelastic
        Model:                      FTFP: 3 GeV ---> 100 TeV
        Model:            BertiniCascade: 0 eV  ---> 12 GeV
     Cr_sctns:       Barashenkov-Glauber: 0 eV  ---> 100 TeV
     Cr_sctns:          GheishaInelastic: 0 eV  ---> 100 TeV

---------------------------------------------------
                           Hadronic Processes for triton

  Process: hadElastic
        Model:              hElasticLHEP: 0 eV /n ---> 100 TeV/n
     Cr_sctns:            GheishaElastic: 0 eV  ---> 100 TeV

  Process: tInelastic
        Model:  Binary Light Ion Cascade: 0 eV /n ---> 4 GeV/n
        Model:                      FTFP: 2 GeV/n ---> 100 TeV/n
     Cr_sctns: Glauber-Gribov nucleus nucleus: 0 eV  ---> 2.88022e+295 J  
     Cr_sctns:          GheishaInelastic: 0 eV  ---> 100 TeV

================================================================
=======================================================================
======       Pre-compound/De-excitation Physics Parameters     ========
=======================================================================
Type of pre-compound inverse x-section              3
Pre-compound model active                           1
Pre-compound low energy (MeV)                       0.1
Type of de-excitation inverse x-section             3
Type of de-excitation factory                       Evaporation
Number of de-excitation channels                    8
Min excitation energy (keV)                         0.01
Min energy per nucleon for multifragmentation (MeV) 1e+05
Level density (1/MeV)                               0.1
Time limit for long lived isomeres (ns)             1e+12
Store full level data                               0
Correlated gamma emission flag                      0
Correlated gamma emission flag                      1
Electron internal conversion ID                     2
=======================================================================
### Run 0 starts.
... open Root analysis file : B5.root - done
--> Event 0 starts.

>>> Event 0 >>> Simulation truth : proton (0,0,100000)
Hodoscope 1 has 1 hits.
  Hodoscope[7] 4.9870028525453 (nsec)
Hodoscope 2 has 6 hits.
  Hodoscope[9] 43.187765529968 (nsec)
  Hodoscope[4] 461.05069191321 (nsec)
  Hodoscope[14] 320.16053486138 (nsec)
  Hodoscope[1] 642.12662248627 (nsec)
  Hodoscope[0] 865.69550366866 (nsec)
  Hodoscope[3] 578.47398597595 (nsec)
Drift Chamber 1 has 6 hits.
  Layer[0] : time 6.6712421468009 (nsec) --- local (x,y) 0.0061066373109487, -0.010051169268876
  Layer[1] : time 8.3391360808199 (nsec) --- local (x,y) 0.01187479477456, -0.021477904184799
  Layer[2] : time 10.007030015087 (nsec) --- local (x,y) 0.01795337347102, -0.033941909095829
  Layer[2] : time 10.044298237415 (nsec) --- local (x,y) -0.98859572430011, -10.063035969071
  Layer[3] : time 11.674923949782 (nsec) --- local (x,y) 0.020552262659844, -0.047176809903067
  Layer[4] : time 13.342817884858 (nsec) --- local (x,y) 0.02185658864785, -0.060508781695665
Drift Chamber 2 has 5 hits.
  Layer[0] : time 34.85015589899 (nsec) --- local (x,y) -147.58349390226, -0.17969443870153
  Layer[1] : time 36.520952556584 (nsec) --- local (x,y) -177.09505338914, -0.1919838951103
  Layer[2] : time 38.191749428397 (nsec) --- local (x,y) -206.60770234397, -0.20290143857698
  Layer[3] : time 39.862546031173 (nsec) --- local (x,y) -236.11898234726, -0.21160851746685
  Layer[4] : time 41.533342681312 (nsec) --- local (x,y) -265.63050221731, -0.22069053126191
EM Calorimeter has 69 hits. Total Edep is 32282.552010568 (MeV)
Hadron Calorimeter has 16 hits. Total Edep is 1874.8242091958 (MeV)
... write Root file : B5.root - done
... close Root file : B5.root - done
### Run 1 starts.
... open Root analysis file : B5.root - done
--> Event 0 starts.

>>> Event 0 >>> Simulation truth : pi+ (0,0,100000)
Hodoscope 1 has 2 hits.
  Hodoscope[7] 4.9867880845384 (nsec)
  Hodoscope[13] 2761.8872921692 (nsec)
Hodoscope 2 has 14 hits.
  Hodoscope[10] 42.69322734056 (nsec)
  Hodoscope[1] 889.74549619399 (nsec)
  Hodoscope[7] 55.732264388834 (nsec)
  Hodoscope[9] 272.61643224735 (nsec)
  Hodoscope[15] 448.90433971033 (nsec)
  Hodoscope[12] 55.557491194767 (nsec)
  Hodoscope[18] 488.43585824445 (nsec)
  Hodoscope[24] 505.43316294872 (nsec)
  Hodoscope[20] 600.15042477601 (nsec)
  Hodoscope[11] 191.02620095476 (nsec)
  Hodoscope[6] 92.105234829537 (nsec)
  Hodoscope[5] 306.2461079581 (nsec)
  Hodoscope[16] 450.5818846381 (nsec)
  Hodoscope[23] 259.35405930156 (nsec)
Drift Chamber 1 has 6 hits.
  Layer[0] : time 6.6709548433283 (nsec) --- local (x,y) -0.023682544176888, -0.02291679152364
  Layer[1] : time 8.3387769454912 (nsec) --- local (x,y) -0.032545592897338, -0.030595329106068
  Layer[2] : time 10.00659904817 (nsec) --- local (x,y) -0.047160383336732, -0.038905836308534
  Layer[3] : time 11.674421151191 (nsec) --- local (x,y) -0.064113133562241, -0.049135341131828
  Layer[3] : time 11.722847750758 (nsec) --- local (x,y) 6.1801278266387, 13.654462488444
  Layer[4] : time 13.342243254475 (nsec) --- local (x,y) -0.082102232936101, -0.061027612198767
Drift Chamber 2 has 10 hits.
  Layer[0] : time 34.365935787201 (nsec) --- local (x,y) -82.722695422936, -0.1110311610242
  Layer[0] : time 64.187777758684 (nsec) --- local (x,y) 466.06353201008, -283.91110135178
  Layer[1] : time 36.034664847407 (nsec) --- local (x,y) -99.214297426338, -0.10651667200235
  Layer[1] : time 62.502579200603 (nsec) --- local (x,y) 434.71563471912, -265.25849795657
  Layer[2] : time 37.703393966863 (nsec) --- local (x,y) -115.70643761737, -0.099947721697015
  Layer[2] : time 60.819049958096 (nsec) --- local (x,y) 391.53935524802, -263.79193431713
  Layer[3] : time 39.372122965437 (nsec) --- local (x,y) -132.19747767823, -0.091714857016347
  Layer[3] : time 59.129568631351 (nsec) --- local (x,y) 340.50695841951, -259.9755692073
  Layer[4] : time 41.040851843651 (nsec) --- local (x,y) -148.68742241977, -0.082218874252779
  Layer[4] : time 57.336186292079 (nsec) --- local (x,y) 157.49108431126, -218.9976146807
EM Calorimeter has 59 hits. Total Edep is 58665.188496752 (MeV)
Hadron Calorimeter has 17 hits. Total Edep is 1378.2944805599 (MeV)
... write Root file : B5.root - done
... close Root file : B5.root - done
### Run 2 starts.
... open Root analysis file : B5.root - done
--> Event 0 starts.

>>> Event 0 >>> Simulation truth : e+ (0,0,100000)
Hodoscope 1 has 1 hits.
  Hodoscope[7] 4.9867832233297 (nsec)
Hodoscope 2 has 3 hits.
  Hodoscope[6] 43.237673159836 (nsec)
  Hodoscope[4] 56.09843646054 (nsec)
  Hodoscope[2] 57.915157496964 (nsec)
Drift Chamber 1 has 5 hits.
  Layer[0] : time 6.6709483403933 (nsec) --- local (x,y) 0.0076078437166703, -0.011008189921042
  Layer[1] : time 8.3387688168129 (nsec) --- local (x,y) 0.0088235276218507, -0.022238538378306
  Layer[2] : time 10.006589293508 (nsec) --- local (x,y) 0.01232273134099, -0.036305428953398
  Layer[3] : time 11.674409770335 (nsec) --- local (x,y) 0.020103902666821, -0.050007540887403
  Layer[4] : time 13.342230247305 (nsec) --- local (x,y) 0.030668770642697, -0.063472335748979
Drift Chamber 2 has 6 hits.
  Layer[0] : time 34.853086685781 (nsec) --- local (x,y) -305.10412858017, -0.25097892528845
  Layer[1] : time 36.533294698158 (nsec) --- local (x,y) -366.15722970629, -0.26833902224146
  Layer[1] : time 36.631447559309 (nsec) --- local (x,y) -333.96080352018, 15.883846110573
  Layer[2] : time 38.213505812085 (nsec) --- local (x,y) -427.21800187319, -0.28578988529032
  Layer[3] : time 39.89371652172 (nsec) --- local (x,y) -488.27777470091, -0.30130750140052
  Layer[4] : time 41.57392729833 (nsec) --- local (x,y) -549.33771313389, -0.31696405903916
EM Calorimeter has 33 hits. Total Edep is 78408.769421417 (MeV)
Hadron Calorimeter has 7 hits. Total Edep is 57.032541184895 (MeV)

-------- WWWW ------- G4Exception-START -------- WWWW -------
*** G4Exception : GeomNav1002
      issued by : G4Navigator::ComputeStep()
Track stuck or not moving.
          Track stuck, not moving for 10 steps
          in volume -worldPhysical- at point (-25.1956108119446,5.054556779605446,-999.6825402075466) (local point (-25.1956108119446,5.054556779605446,-999.6825402075466))
          direction: (0.6252826881315825,0.0663341023494903,0.7775740137044379) (local direction: (0.6252826881315825,0.0663341023494903,0.7775740137044379)).
          Potential geometry or navigation problem !
          Trying pushing it of 1e-07 mm ...Potential overlap in geometry!

*** This is just a warning message. ***
-------- WWWW -------- G4Exception-END --------- WWWW -------

... write Root file : B5.root - done
... close Root file : B5.root - done
### Run 3 starts.
... open Root analysis file : B5.root - done
--> Event 0 starts.

>>> Event 0 >>> Simulation truth : proton (0,0,10000)
Hodoscope 1 has 1 hits.
  Hodoscope[7] 5.0086956375219 (nsec)
Hodoscope 2 has 1 hits.
  Hodoscope[9] 43.374312496127 (nsec)
Drift Chamber 1 has 5 hits.
  Layer[0] : time 6.700263677798 (nsec) --- local (x,y) -0.018991380081073, 0.15318989652157
  Layer[1] : time 8.3754156560292 (nsec) --- local (x,y) -0.098300388616627, 0.2461968646737
  Layer[2] : time 10.050567772818 (nsec) --- local (x,y) -0.16609244949415, 0.33077897484002
  Layer[3] : time 11.725720001843 (nsec) --- local (x,y) -0.22357451604243, 0.39907256989245
  Layer[4] : time 13.400872318676 (nsec) --- local (x,y) -0.27592652029251, 0.4689186279708
Drift Chamber 2 has 5 hits.
  Layer[0] : time 35.000277698386 (nsec) --- local (x,y) -149.03138170732, 1.6909517335952
  Layer[1] : time 36.678366974411 (nsec) --- local (x,y) -178.64276173978, 1.7720149024068
  Layer[2] : time 38.356457142697 (nsec) --- local (x,y) -208.25804434902, 1.8614753891061
  Layer[3] : time 40.034550748439 (nsec) --- local (x,y) -237.88980115244, 1.9362574304685
  Layer[4] : time 41.712650365382 (nsec) --- local (x,y) -267.55128284824, 2.01337907567
EM Calorimeter has 4 hits. Total Edep is 203.80674799916 (MeV)
Hadron Calorimeter has 8 hits. Total Edep is 418.92925712606 (MeV)
... write Root file : B5.root - done
... close Root file : B5.root - done
### Run 4 starts.
... open Root analysis file : B5.root - done
--> Event 0 starts.

>>> Event 0 >>> Simulation truth : pi+ (-0,0,10000)
Hodoscope 1 has 1 hits.
  Hodoscope[7] 4.9872691748068 (nsec)
Hodoscope 2 has 4 hits.
  Hodoscope[10] 42.700098161211 (nsec)
  Hodoscope[16] 171.14257341375 (nsec)
  Hodoscope[15] 169.95848304139 (nsec)
  Hodoscope[23] 81.409324704967 (nsec)
Drift Chamber 1 has 5 hits.
  Layer[0] : time 6.6715985228212 (nsec) --- local (x,y) 0.15627637560657, 0.043665193228665
  Layer[1] : time 8.3395816378158 (nsec) --- local (x,y) 0.26779746098742, 0.0092103859288073
  Layer[2] : time 10.007564733167 (nsec) --- local (x,y) 0.34827564135277, 0.0015420313352729
  Layer[3] : time 11.675547829322 (nsec) --- local (x,y) 0.42387480523825, 0.0078770498623507
  Layer[4] : time 13.343530926728 (nsec) --- local (x,y) 0.49380726310213, 0.015509657198373
Drift Chamber 2 has 6 hits.
  Layer[0] : time 34.371783622683 (nsec) --- local (x,y) -83.655336226115, 0.15594178606401
  Layer[1] : time 36.040719834331 (nsec) --- local (x,y) -100.56028299604, 0.09917656524726
  Layer[2] : time 37.709654489653 (nsec) --- local (x,y) -117.4513865292, 0.04294319534343
  Layer[3] : time 39.378587133178 (nsec) --- local (x,y) -134.32463411049, 0.0038794542173691
  Layer[4] : time 41.047519681619 (nsec) --- local (x,y) -151.19703654007, -0.018712890772054
  Layer[4] : time 83.183954340954 (nsec) --- local (x,y) 1210.1777500487, -252.4475840739
EM Calorimeter has 36 hits. Total Edep is 1191.881458867 (MeV)
Hadron Calorimeter has 8 hits. Total Edep is 230.87938052175 (MeV)
... write Root file : B5.root - done
... close Root file : B5.root - done
### Run 5 starts.
... open Root analysis file : B5.root - done
--> Event 0 starts.

>>> Event 0 >>> Simulation truth : e+ (0,0,10000)
Hodoscope 1 has 1 hits.
  Hodoscope[7] 4.9867832272531 (nsec)
Hodoscope 2 has 2 hits.
  Hodoscope[9] 43.18121439289 (nsec)
  Hodoscope[12] 55.957420146426 (nsec)
Drift Chamber 1 has 5 hits.
  Layer[0] : time 6.6709484539618 (nsec) --- local (x,y) -0.19865841267186, 0.076135381787264
  Layer[1] : time 8.3387690378408 (nsec) --- local (x,y) -0.37532595650079, 0.10868915022429
  Layer[2] : time 10.006589661647 (nsec) --- local (x,y) -0.58423015982856, 0.12382081385145
  Layer[3] : time 11.674410361155 (nsec) --- local (x,y) -0.84284266025168, 0.11718191744515
  Layer[4] : time 13.342231064696 (nsec) --- local (x,y) -1.1034118300701, 0.13480530998697
Drift Chamber 2 has 5 hits.
  Layer[0] : time 34.84222241147 (nsec) --- local (x,y) -160.08613268653, 0.42707672385463
  Layer[1] : time 36.51329288437 (nsec) --- local (x,y) -191.3155044343, 0.41693104919946
  Layer[2] : time 38.184361941074 (nsec) --- local (x,y) -222.53806532237, 0.40889444941666
  Layer[3] : time 39.85543571351 (nsec) --- local (x,y) -253.78330145646, 0.4152048636729
  Layer[4] : time 41.526511528357 (nsec) --- local (x,y) -285.03835066944, 0.43411344798682
EM Calorimeter has 18 hits. Total Edep is 9407.9566408076 (MeV)
Hadron Calorimeter has 2 hits. Total Edep is 2.3264449988721 (MeV)
... write Root file : B5.root - done
... close Root file : B5.root - done
### Run 6 starts.
... open Root analysis file : B5.root - done
--> Event 0 starts.

>>> Event 0 >>> Simulation truth : proton (-0,0,1000)
Hodoscope 1 has 1 hits.
  Hodoscope[7] 6.8398216817147 (nsec)
Hodoscope 2 has 1 hits.
  Hodoscope[8] 59.323126338488 (nsec)
Drift Chamber 1 has 5 hits.
  Layer[0] : time 9.1541672774305 (nsec) --- local (x,y) -3.1162557234793, -1.0599492170625
  Layer[1] : time 11.446329543017 (nsec) --- local (x,y) -5.2688915230474, -1.2107522177164
  Layer[2] : time 13.738679912857 (nsec) --- local (x,y) -7.459689879661, -0.97588199167928
  Layer[3] : time 16.031245646624 (nsec) --- local (x,y) -9.5313765201339, -0.69340398670958
  Layer[4] : time 18.32405131268 (nsec) --- local (x,y) -11.771160715081, -0.64947805629031
Drift Chamber 2 has 5 hits.
  Layer[0] : time 47.839546063418 (nsec) --- local (x,y) -191.28817673522, 0.64056842639398
  Layer[1] : time 50.140196361552 (nsec) --- local (x,y) -223.78207598177, 0.86960256442899
  Layer[2] : time 52.441069565447 (nsec) --- local (x,y) -256.31696772271, 1.0635751458607
  Layer[3] : time 54.742317745733 (nsec) --- local (x,y) -289.38194607371, 1.2079309060992
  Layer[4] : time 57.043905477849 (nsec) --- local (x,y) -322.8160576467, 1.746684132224
EM Calorimeter has 1 hits. Total Edep is 305.74091252671 (MeV)
Hadron Calorimeter has 0 hits. Total Edep is 0 (MeV)
... write Root file : B5.root - done
... close Root file : B5.root - done
### Run 7 starts.
... open Root analysis file : B5.root - done
--> Event 0 starts.

>>> Event 0 >>> Simulation truth : pi+ (-0,0,1000)
Hodoscope 1 has 1 hits.
  Hodoscope[7] 5.0352600616894 (nsec)
Hodoscope 2 has 1 hits.
  Hodoscope[10] 43.083096309738 (nsec)
Drift Chamber 1 has 5 hits.
  Layer[0] : time 6.7358906427256 (nsec) --- local (x,y) -2.4853621942282, 0.63187882262622
  Layer[1] : time 8.4200201133842 (nsec) --- local (x,y) -3.3895116036227, 0.88510295922574
  Layer[2] : time 10.104152748654 (nsec) --- local (x,y) -4.3001173195872, 1.2465426731462
  Layer[3] : time 11.788288084448 (nsec) --- local (x,y) -5.2450310274748, 1.5013523351133
  Layer[4] : time 13.472424969432 (nsec) --- local (x,y) -6.1060967452724, 1.6076936832898
Drift Chamber 2 has 5 hits.
  Layer[0] : time 34.654847641115 (nsec) --- local (x,y) -92.878881782106, 2.5374880398748
  Layer[1] : time 36.339875049454 (nsec) --- local (x,y) -108.70454437611, 2.5624897834437
  Layer[2] : time 38.024967082275 (nsec) --- local (x,y) -125.09817132203, 2.5125866107362
  Layer[3] : time 39.710074432911 (nsec) --- local (x,y) -141.60068613894, 2.1357938304366
  Layer[4] : time 41.404523592934 (nsec) --- local (x,y) -167.7445074691, 12.052509465223
EM Calorimeter has 2 hits. Total Edep is 186.16469522954 (MeV)
Hadron Calorimeter has 1 hits. Total Edep is 15.022101047167 (MeV)
... write Root file : B5.root - done
... close Root file : B5.root - done
### Run 8 starts.
... open Root analysis file : B5.root - done
--> Event 0 starts.

>>> Event 0 >>> Simulation truth : e+ (0,0,1000)
Hodoscope 1 has 1 hits.
  Hodoscope[7] 4.9867837969513 (nsec)
Hodoscope 2 has 1 hits.
  Hodoscope[9] 43.212525576962 (nsec)
Drift Chamber 1 has 5 hits.
  Layer[0] : time 6.6709545475775 (nsec) --- local (x,y) 0.76194671814695, 0.32720468399101
  Layer[1] : time 8.3387801296175 (nsec) --- local (x,y) 1.8311900441471, 0.93319620700875
  Layer[2] : time 10.006621934557 (nsec) --- local (x,y) 3.1572747661576, 3.0279683093912
  Layer[3] : time 11.674462848529 (nsec) --- local (x,y) 4.4259567869623, 5.1529252298608
  Layer[4] : time 13.342303882155 (nsec) --- local (x,y) 5.5973640504482, 7.3404821835222
Drift Chamber 2 has 5 hits.
  Layer[0] : time 34.873696014776 (nsec) --- local (x,y) -137.07039050781, 45.710845329877
  Layer[1] : time 36.544661410832 (nsec) --- local (x,y) -167.59121981012, 49.202027455091
  Layer[2] : time 38.215669752815 (nsec) --- local (x,y) -198.33722275079, 52.562123343061
  Layer[3] : time 39.886673891643 (nsec) --- local (x,y) -229.10878963727, 55.467127740082
  Layer[4] : time 41.557751070523 (nsec) --- local (x,y) -260.22533940964, 58.474103050493
EM Calorimeter has 8 hits. Total Edep is 972.1264077351 (MeV)
Hadron Calorimeter has 0 hits. Total Edep is 0 (MeV)
... write Root file : B5.root - done
... close Root file : B5.root - done
Graphics systems deleted.
Visualization Manager deleting...
