
        ############################################
        !!! WARNING - FPE detection is activated !!!
        ############################################

**************************************************************
 Geant4 version Name: geant4-10-04-ref-08    (31-August-2018)
                       Copyright : Geant4 Collaboration
                      References : NIM A 506 (2003), 250-303
                                 : IEEE-TNS 53 (2006), 270-278
                                 : NIM A 835 (2016), 186-225
                             WWW : http://geant4.org/
**************************************************************

/run/verbose 1
#
##/testhadr/det/setAbsorMat BeO
##/testhadr/det/setContMat Stainless-Steel
##/testhadr/det/setAbsorRadius 15 mm
##/testhadr/det/setAbsorLength 60 mm
##/testhadr/det/setContThick  2.4 mm
#
/run/initialize

 The Absorber  is a cylinder of BeO  radius = 1.5 cm   length = 6 cm 
 The Container is a cylinder of Stainless-Steel  thickness = 2.4 mm 

 Material:      BeO    density:  3.050 g/cm3   RadL:  13.542 cm   Nucl.Int.Length:  26.874 cm 
                       Imean:  83.150 eV   temperature: 293.15 K  pressure:   1.00 atm

   --->  Element: Beryllium (Be)   Z =  4.0   N =     9   A =  9.010 g/mole
         --->  Isotope:   Be9   Z =  4   N =   9   A =   9.01 g/mole   abundance: 100.000 %
          ElmMassFraction:  36.03 %  ElmAbundance  50.00 % 

   --->  Element: Oxygen (O)   Z =  8.0   N =    16   A = 16.000 g/mole
         --->  Isotope:   O16   Z =  8   N =  16   A =  15.99 g/mole   abundance: 99.757 %
         --->  Isotope:   O17   Z =  8   N =  17   A =  17.00 g/mole   abundance:  0.038 %
         --->  Isotope:   O18   Z =  8   N =  18   A =  18.00 g/mole   abundance:  0.205 %
          ElmMassFraction:  63.97 %  ElmAbundance  50.00 % 


 Material: Stainless-Steel    density:  8.000 g/cm3   RadL:   1.740 cm   Nucl.Int.Length:  16.672 cm 
                       Imean: 282.530 eV   temperature: 293.15 K  pressure:   1.00 atm

   --->  Element: Iron (Fe)   Z = 26.0   N =    56   A = 55.840 g/mole
         --->  Isotope:  Fe54   Z = 26   N =  54   A =  53.94 g/mole   abundance:  5.845 %
         --->  Isotope:  Fe56   Z = 26   N =  56   A =  55.93 g/mole   abundance: 91.754 %
         --->  Isotope:  Fe57   Z = 26   N =  57   A =  56.94 g/mole   abundance:  2.119 %
         --->  Isotope:  Fe58   Z = 26   N =  58   A =  57.93 g/mole   abundance:  0.282 %
          ElmMassFraction:  74.00 %  ElmAbundance  73.31 % 

   --->  Element: Chromium (Cr)   Z = 24.0   N =    52   A = 51.990 g/mole
         --->  Isotope:  Cr50   Z = 24   N =  50   A =  49.95 g/mole   abundance:  4.345 %
         --->  Isotope:  Cr52   Z = 24   N =  52   A =  51.94 g/mole   abundance: 83.789 %
         --->  Isotope:  Cr53   Z = 24   N =  53   A =  52.94 g/mole   abundance:  9.501 %
         --->  Isotope:  Cr54   Z = 24   N =  54   A =  53.94 g/mole   abundance:  2.365 %
          ElmMassFraction:  18.00 %  ElmAbundance  19.15 % 

   --->  Element: Nickel (Ni)   Z = 28.0   N =    59   A = 58.690 g/mole
         --->  Isotope:  Ni58   Z = 28   N =  58   A =  57.94 g/mole   abundance: 68.077 %
         --->  Isotope:  Ni60   Z = 28   N =  60   A =  59.93 g/mole   abundance: 26.223 %
         --->  Isotope:  Ni61   Z = 28   N =  61   A =  60.93 g/mole   abundance:  1.140 %
         --->  Isotope:  Ni62   Z = 28   N =  62   A =  61.93 g/mole   abundance:  3.635 %
         --->  Isotope:  Ni64   Z = 28   N =  64   A =  63.93 g/mole   abundance:  0.926 %
          ElmMassFraction:   8.00 %  ElmAbundance   7.54 % 

/cvmfs/geant4.cern.ch/share/data/G4NDL4.5
@@@ G4ParticleHPInelastic instantiated for particle neutron data directory variable is G4NEUTRONHPDATA pointing to /cvmfs/geant4.cern.ch/share/data/G4NDL4.5/Inelastic
@@@ G4ParticleHPInelasticData instantiated for particle neutron data directory variable is G4NEUTRONHPDATA pointing to /cvmfs/geant4.cern.ch/share/data/G4NDL4.5
NeutronHP: /Capture file for Z = 8, A = 18 is not found and NeutronHP will use /cvmfs/geant4.cern.ch/share/data/G4NDL4.5/Capture/CrossSection/8_17_Oxygen
NeutronHP: /Elastic file for Z = 8, A = 18 is not found and NeutronHP will use /cvmfs/geant4.cern.ch/share/data/G4NDL4.5/Elastic/CrossSection/8_17_Oxygen
NeutronHP: /Inelastic file for Z = 8, A = 18 is not found and NeutronHP will use /cvmfs/geant4.cern.ch/share/data/G4NDL4.5/Inelastic/CrossSection/8_17_Oxygen

### ===  Deexcitation model UAtomDeexcitation is activated for 1 region:
### ===  Auger cascade flag: 1
### ===  Ignore cuts flag:   0
#
/process/list
     Transportation,         hadElastic,   neutronInelastic,           nCapture
           nFission,    protonInelastic,       pi+Inelastic,       pi-Inelastic
     kaon+Inelastic,     kaon-Inelastic,    kaon0LInelastic,    kaon0SInelastic
    lambdaInelastic,anti-lambdaInelastic,    sigma-Inelastic,anti_sigma-Inelastic
    sigma+Inelastic,anti_sigma+Inelastic,       xi-Inelastic,  anti_xi-Inelastic
       xi0Inelastic,  anti_xi0Inelastic,    omega-Inelastic,anti_omega-Inelastic
anti_protonInelastic,anti_neutronInelastic,anti_deuteronInelastic,anti_tritonInelastic
  anti_He3Inelastic,anti_alphaInelastic,         dInelastic,         tInelastic
       He3Inelastic,     alphaInelastic,       ionInelastic,      photonNuclear
                msc,              hIoni,            ionIoni,    nuclearStopping
              eIoni,              eBrem,            annihil,               phot
              compt,               conv,             muIoni,            muBrems
         muPairProd,              Decay,   RadioactiveDecay
/process/inactivate hadElastic
/run/physicsModified
#
/gun/particle ion
/gun/ion 95 241
/gun/energy 0. eV
#
##/analysis/setFileName NeutronSource
##/analysis/h1/set 6  60  0. 12.  MeV #neutrons
#
/run/printProgress 1000
#
/run/beamOn 10000
=======================================================================
======       Radioactive Decay Physics Parameters              ========
=======================================================================
Max life time                                     1.4427e+06 ps
Internal e- conversion flag                       1
Stored internal conversion coefficients           1
Enable correlated gamma emission                  0
Max 2J for sampling of angular correlations       10
Atomic de-excitation enabled                      1
Auger electron emission enabled                   1
Auger cascade enabled                             1
Check EM cuts disabled for atomic de-excitation   0
Use Bearden atomic level energies                 0
=======================================================================
NeutronHP: /Capture file for Z = 8, A = 18 is not found and NeutronHP will use /cvmfs/geant4.cern.ch/share/data/G4NDL4.5/Capture/CrossSection/8_17_Oxygen
NeutronHP: /Elastic file for Z = 8, A = 18 is not found and NeutronHP will use /cvmfs/geant4.cern.ch/share/data/G4NDL4.5/Elastic/CrossSection/8_17_Oxygen
NeutronHP: /Inelastic file for Z = 8, A = 18 is not found and NeutronHP will use /cvmfs/geant4.cern.ch/share/data/G4NDL4.5/Inelastic/CrossSection/8_17_Oxygen
NeutronHP: /Elastic file for Z = 8, A = 18 is not found and NeutronHP will use /cvmfs/geant4.cern.ch/share/data/G4NDL4.5/Elastic/CrossSection/8_17_Oxygen
@@@ G4ParticleHPInelastic instantiated for particle neutron data directory variable is G4NEUTRONHPDATA pointing to /cvmfs/geant4.cern.ch/share/data/G4NDL4.5/Inelastic
NeutronHP: /Capture file for Z = 8, A = 18 is not found and NeutronHP will use /cvmfs/geant4.cern.ch/share/data/G4NDL4.5/Capture/CrossSection/8_17_Oxygen

====================================================================
                  HADRONIC PROCESSES SUMMARY (verbose level 1)

---------------------------------------------------
                           Hadronic Processes for GenericIon

  Process: ionInelastic
        Model:  Binary Light Ion Cascade: 0 meV/n ---> 4 GeV/n
        Model:                      FTFP: 2 GeV/n ---> 100 TeV/n
     Cr_sctns:  Glauber-Gribov Nucl-nucl: 0 meV ---> 100 TeV
     Cr_sctns:          GheishaInelastic: 0 meV ---> 100 TeV

---------------------------------------------------
                           Hadronic Processes for He3

  Process: hadElastic
        Model:              hElasticLHEP: 0 meV/n ---> 100 TeV/n
     Cr_sctns:  Glauber-Gribov Nucl-nucl: 0 meV ---> 100 TeV
     Cr_sctns:            GheishaElastic: 0 meV ---> 100 TeV

  Process: He3Inelastic
        Model:  Binary Light Ion Cascade: 0 meV/n ---> 4 GeV/n
        Model:                      FTFP: 2 GeV/n ---> 100 TeV/n
     Cr_sctns:  Glauber-Gribov Nucl-nucl: 0 meV ---> 100 TeV
     Cr_sctns:          GheishaInelastic: 0 meV ---> 100 TeV

---------------------------------------------------
                           Hadronic Processes for alpha

  Process: hadElastic
        Model:              hElasticLHEP: 0 meV/n ---> 100 TeV/n
     Cr_sctns:            GheishaElastic: 0 meV ---> 100 TeV

  Process: alphaInelastic
        Model:  Binary Light Ion Cascade: 0 meV/n ---> 4 GeV/n
        Model:                      FTFP: 2 GeV/n ---> 100 TeV/n
     Cr_sctns:  Glauber-Gribov Nucl-nucl: 0 meV ---> 100 TeV
     Cr_sctns:          GheishaInelastic: 0 meV ---> 100 TeV

---------------------------------------------------
                           Hadronic Processes for anti_He3

  Process: hadElastic
        Model:              hElasticLHEP: 0 meV/n ---> 100.1 MeV/n
        Model:              AntiAElastic: 100 MeV/n ---> 100 TeV/n
     Cr_sctns:              AntiAGlauber: 0 meV ---> 100 TeV
     Cr_sctns:            GheishaElastic: 0 meV ---> 100 TeV

  Process: anti_He3Inelastic
        Model:                      FTFP: 0 meV/n ---> 100 TeV/n
     Cr_sctns:              AntiAGlauber: 0 meV ---> 100 TeV
     Cr_sctns:          GheishaInelastic: 0 meV ---> 100 TeV

---------------------------------------------------
                           Hadronic Processes for anti_alpha

  Process: hadElastic
        Model:              hElasticLHEP: 0 meV/n ---> 100.1 MeV/n
        Model:              AntiAElastic: 100 MeV/n ---> 100 TeV/n
     Cr_sctns:              AntiAGlauber: 0 meV ---> 100 TeV
     Cr_sctns:            GheishaElastic: 0 meV ---> 100 TeV

  Process: anti_alphaInelastic
        Model:                      FTFP: 0 meV/n ---> 100 TeV/n
     Cr_sctns:              AntiAGlauber: 0 meV ---> 100 TeV
     Cr_sctns:          GheishaInelastic: 0 meV ---> 100 TeV

---------------------------------------------------
                           Hadronic Processes for anti_deuteron

  Process: hadElastic
        Model:              hElasticLHEP: 0 meV/n ---> 100.1 MeV/n
        Model:              AntiAElastic: 100 MeV/n ---> 100 TeV/n
     Cr_sctns:              AntiAGlauber: 0 meV ---> 100 TeV
     Cr_sctns:            GheishaElastic: 0 meV ---> 100 TeV

  Process: anti_deuteronInelastic
        Model:                      FTFP: 0 meV/n ---> 100 TeV/n
     Cr_sctns:              AntiAGlauber: 0 meV ---> 100 TeV
     Cr_sctns:          GheishaInelastic: 0 meV ---> 100 TeV

---------------------------------------------------
                           Hadronic Processes for anti_neutron

  Process: hadElastic
        Model:              hElasticLHEP: 0 meV ---> 100 TeV
     Cr_sctns:            GheishaElastic: 0 meV ---> 100 TeV

  Process: anti_neutronInelastic
        Model:                      FTFP: 0 meV ---> 100 TeV
     Cr_sctns:              AntiAGlauber: 0 meV ---> 100 TeV
     Cr_sctns:          GheishaInelastic: 0 meV ---> 100 TeV

---------------------------------------------------
                           Hadronic Processes for anti_proton

  Process: hadElastic
        Model:              hElasticLHEP: 0 meV ---> 100.1 MeV
        Model:              AntiAElastic: 100 MeV ---> 100 TeV
     Cr_sctns:              AntiAGlauber: 0 meV ---> 100 TeV
     Cr_sctns:            GheishaElastic: 0 meV ---> 100 TeV

  Process: anti_protonInelastic
        Model:                      FTFP: 0 meV ---> 100 TeV
     Cr_sctns:              AntiAGlauber: 0 meV ---> 100 TeV
     Cr_sctns:          GheishaInelastic: 0 meV ---> 100 TeV

---------------------------------------------------
                           Hadronic Processes for anti_triton

  Process: hadElastic
        Model:              hElasticLHEP: 0 meV/n ---> 100.1 MeV/n
        Model:              AntiAElastic: 100 MeV/n ---> 100 TeV/n
     Cr_sctns:              AntiAGlauber: 0 meV ---> 100 TeV
     Cr_sctns:            GheishaElastic: 0 meV ---> 100 TeV

  Process: anti_tritonInelastic
        Model:                      FTFP: 0 meV/n ---> 100 TeV/n
     Cr_sctns:              AntiAGlauber: 0 meV ---> 100 TeV
     Cr_sctns:          GheishaInelastic: 0 meV ---> 100 TeV

---------------------------------------------------
                           Hadronic Processes for deuteron

  Process: hadElastic
        Model:              hElasticLHEP: 0 meV/n ---> 100 TeV/n
     Cr_sctns:            GheishaElastic: 0 meV ---> 100 TeV

  Process: dInelastic
        Model:  Binary Light Ion Cascade: 0 meV/n ---> 4 GeV/n
        Model:                      FTFP: 2 GeV/n ---> 100 TeV/n
     Cr_sctns:  Glauber-Gribov Nucl-nucl: 0 meV ---> 100 TeV
     Cr_sctns:          GheishaInelastic: 0 meV ---> 100 TeV

---------------------------------------------------
                           Hadronic Processes for gamma

  Process: photonNuclear
        Model:            BertiniCascade: 0 meV ---> 10 GeV
     Cr_sctns:            PhotoNuclearXS: 0 meV ---> 100 TeV

---------------------------------------------------
                           Hadronic Processes for kaon+

  Process: hadElastic
        Model:              hElasticLHEP: 0 meV ---> 100 TeV
     Cr_sctns:            Glauber-Gribov: 0 meV ---> 100 TeV
     Cr_sctns:            GheishaElastic: 0 meV ---> 100 TeV

  Process: kaon+Inelastic
        Model:                      QGSP: 12 GeV ---> 100 TeV
        Model:                      FTFP: 4 GeV ---> 25 GeV
        Model:            BertiniCascade: 0 meV ---> 5 GeV
     Cr_sctns:            Glauber-Gribov: 0 meV ---> 100 TeV
     Cr_sctns:  ChipsKaonPlusInelasticXS: 0 meV ---> 100 TeV
     Cr_sctns:          GheishaInelastic: 0 meV ---> 100 TeV

---------------------------------------------------
                           Hadronic Processes for kaon-

  Process: hadElastic
        Model:              hElasticLHEP: 0 meV ---> 100 TeV
     Cr_sctns:            Glauber-Gribov: 0 meV ---> 100 TeV
     Cr_sctns:            GheishaElastic: 0 meV ---> 100 TeV

  Process: kaon-Inelastic
        Model:                      QGSP: 12 GeV ---> 100 TeV
        Model:                      FTFP: 4 GeV ---> 25 GeV
        Model:            BertiniCascade: 0 meV ---> 5 GeV
     Cr_sctns:            Glauber-Gribov: 0 meV ---> 100 TeV
     Cr_sctns: ChipsKaonMinusInelasticXS: 0 meV ---> 100 TeV
     Cr_sctns:          GheishaInelastic: 0 meV ---> 100 TeV

---------------------------------------------------
                           Hadronic Processes for lambda

  Process: hadElastic
        Model:              hElasticLHEP: 0 meV ---> 100 TeV
     Cr_sctns:            GheishaElastic: 0 meV ---> 100 TeV

  Process: lambdaInelastic
        Model:            BertiniCascade: 0 meV ---> 6 GeV
        Model:                      FTFP: 2 GeV ---> 100 TeV
     Cr_sctns:   ChipsHyperonInelasticXS: 0 meV ---> 100 TeV
     Cr_sctns:          GheishaInelastic: 0 meV ---> 100 TeV

---------------------------------------------------
                           Hadronic Processes for neutron

  Process: hadElastic
        Model:             hElasticCHIPS: 19.5 MeV ---> 100 TeV
        Model:          NeutronHPElastic: 0 meV ---> 20 MeV
     Cr_sctns:        NeutronHPElasticXS: 0 meV ---> 20 MeV
     Cr_sctns:        G4NeutronElasticXS: 0 meV ---> 100 TeV

  Process: neutronInelastic
        Model:                      QGSP: 12 GeV ---> 100 TeV
        Model:                      FTFP: 9.5 GeV ---> 25 GeV
        Model:            Binary Cascade: 19.9 MeV ---> 9.9 GeV
        Model:        NeutronHPInelastic: 0 meV ---> 20 MeV
     Cr_sctns:      NeutronHPInelasticXS: 0 meV ---> 20 MeV
     Cr_sctns:       Barashenkov-Glauber: 0 meV ---> 100 TeV

  Process: nCapture
        Model:          NeutronHPCapture: 0 meV ---> 20 MeV
        Model:               nRadCapture: 19.9 MeV ---> 100 TeV
     Cr_sctns:        NeutronHPCaptureXS: 0 meV ---> 20 MeV
     Cr_sctns:        G4NeutronCaptureXS: 0 meV ---> 100 TeV

  Process: nFission
        Model:          NeutronHPFission: 0 meV ---> 20 MeV
        Model:                G4LFission: 19.9 MeV ---> 100 TeV
     Cr_sctns:        NeutronHPFissionXS: 0 meV ---> 20 MeV
     Cr_sctns:          GheishaFissionXS: 0 meV ---> 100 TeV

---------------------------------------------------
                           Hadronic Processes for pi+

  Process: hadElastic
        Model:              hElasticLHEP: 0 meV ---> 1.0001 GeV
        Model:           hElasticGlauber: 1 GeV ---> 100 TeV
     Cr_sctns:       Barashenkov-Glauber: 0 meV ---> 100 TeV

  Process: pi+Inelastic
        Model:                      QGSP: 12 GeV ---> 100 TeV
        Model:                      FTFP: 4 GeV ---> 25 GeV
        Model:            BertiniCascade: 0 meV ---> 5 GeV
     Cr_sctns:      G4CrossSectionPairGG: 0 meV ---> 100 TeV
                         G4CrossSectionPairGG: G4PiNuclearCrossSection cross sections 
                           below 91 GeV, Glauber-Gribov above 
     Cr_sctns:      G4CrossSectionPairGG: 0 meV ---> 100 TeV
                         G4CrossSectionPairGG: G4PiNuclearCrossSection cross sections 
                           below 91 GeV, Glauber-Gribov above 
     Cr_sctns:          GheishaInelastic: 0 meV ---> 100 TeV

---------------------------------------------------
                           Hadronic Processes for pi-

  Process: hadElastic
        Model:              hElasticLHEP: 0 meV ---> 1.0001 GeV
        Model:           hElasticGlauber: 1 GeV ---> 100 TeV
     Cr_sctns:       Barashenkov-Glauber: 0 meV ---> 100 TeV

  Process: pi-Inelastic
        Model:                      QGSP: 12 GeV ---> 100 TeV
        Model:                      FTFP: 4 GeV ---> 25 GeV
        Model:            BertiniCascade: 0 meV ---> 5 GeV
     Cr_sctns:      G4CrossSectionPairGG: 0 meV ---> 100 TeV
                         G4CrossSectionPairGG: G4PiNuclearCrossSection cross sections 
                           below 91 GeV, Glauber-Gribov above 
     Cr_sctns:      G4CrossSectionPairGG: 0 meV ---> 100 TeV
                         G4CrossSectionPairGG: G4PiNuclearCrossSection cross sections 
                           below 91 GeV, Glauber-Gribov above 
     Cr_sctns:          GheishaInelastic: 0 meV ---> 100 TeV

---------------------------------------------------
                           Hadronic Processes for proton

  Process: hadElastic
        Model:             hElasticCHIPS: 0 meV ---> 100 TeV
     Cr_sctns:      ChipsProtonElasticXS: 0 meV ---> 100 TeV
     Cr_sctns:            GheishaElastic: 0 meV ---> 100 TeV

  Process: protonInelastic
        Model:                      QGSP: 12 GeV ---> 100 TeV
        Model:                      FTFP: 9.5 GeV ---> 25 GeV
        Model:            Binary Cascade: 0 meV ---> 9.9 GeV
     Cr_sctns:       Barashenkov-Glauber: 0 meV ---> 100 TeV

---------------------------------------------------
                           Hadronic Processes for triton

  Process: hadElastic
        Model:              hElasticLHEP: 0 meV/n ---> 100 TeV/n
     Cr_sctns:            GheishaElastic: 0 meV ---> 100 TeV

  Process: tInelastic
        Model:  Binary Light Ion Cascade: 0 meV/n ---> 4 GeV/n
        Model:                      FTFP: 2 GeV/n ---> 100 TeV/n
     Cr_sctns:  Glauber-Gribov Nucl-nucl: 0 meV ---> 100 TeV
     Cr_sctns:          GheishaInelastic: 0 meV ---> 100 TeV

================================================================
=======================================================================
======       Pre-compound/De-excitation Physics Parameters     ========
=======================================================================
Type of pre-compound inverse x-section              3
Pre-compound model active                           1
Pre-compound low energy (MeV)                       0.1
Type of de-excitation inverse x-section             3
Type of de-excitation factory                       Evaporation+GEM
Number of de-excitation channels                    68
Min excitation energy (keV)                         0.01
Min energy per nucleon for multifragmentation (MeV) 1e+05
Level density (1/MeV)                               0.1
Time limit for long lived isomeres (ns)             1442.7
Internal e- conversion flag                         1
Store e- internal conversion data                   1
Electron internal conversion ID                     0
Correlated gamma emission flag                      0
Max 2J for sampling of angular correlations         10
=======================================================================

========= Table of registered couples ==============================

Index : 0     used in the geometry : Yes
 Material : Air
 Range cuts        :  gamma  10 km     e-  10 km     e+  10 km  proton 0 fm 
 Energy thresholds :  gamma  10 GeV    e-  10 GeV    e+  10 GeV proton 0 meV
 Region(s) which use this couple : 
    DefaultRegionForTheWorld

Index : 1     used in the geometry : Yes
 Material : Stainless-Steel
 Range cuts        :  gamma  10 km     e-  10 km     e+  10 km  proton 0 fm 
 Energy thresholds :  gamma  10 GeV    e-  10 GeV    e+  10 GeV proton 0 meV
 Region(s) which use this couple : 
    DefaultRegionForTheWorld

Index : 2     used in the geometry : Yes
 Material : BeO
 Range cuts        :  gamma  10 km     e-  10 km     e+  10 km  proton 0 fm 
 Energy thresholds :  gamma  10 GeV    e-  10 GeV    e+  10 GeV proton 0 meV
 Region(s) which use this couple : 
    DefaultRegionForTheWorld

====================================================================

### Run 0 starts.

--------- Ranecu engine status ---------
 Initial seed (index) = 0
 Current couple of seeds = 9876, 54321
----------------------------------------
--> Event 0 starts.
--> Event 1000 starts.
--> Event 2000 starts.
--> Event 3000 starts.
--> Event 4000 starts.
--> Event 5000 starts.
--> Event 6000 starts.
--> Event 7000 starts.
--> Event 8000 starts.
--> Event 9000 starts.
 Run terminated.
Run Summary
  Number of events processed : 10000
  User=7.610000s Real=7.836476s Sys=0.010000s

 The run is 10000 Am241 of 0 meV within BeO (D =  3 cm  L = 6 cm )

 Process calls frequency :
     RadioactiveDecay= 234875        Transportation= 188510        alphaInelastic=      1
                compt=  34379                 eIoni= 613919               ionIoni= 198826
                  msc=  14405                  phot=  49328 

 List of generated particles:
          Ac225:    9995  Emean =  167.85 meV	( 1.8044 meV --> 1.126 eV )
  Ac225[155.650]:       1  Emean =  78.668 meV	( 78.668 meV --> 78.668 meV)
  Ac225[40.090]:    6884  Emean =  377.08 meV	( 0.58208 meV --> 984.15 meV)
          At217:    9990  Emean =  116.36 keV	( 105.97 keV --> 117.05 keV)
  At217[100.250]:     180  Emean =  114.56 keV	( 109.05 keV --> 115.23 keV)
  At217[218.120]:    1582  Emean =  112.98 keV	( 106.21 keV --> 113.09 keV)
  At217[272.070]:      16  Emean =   111.9 keV	( 110.37 keV --> 112.11 keV)
  At217[368.230]:      48  Emean =  110.37 keV	( 110.37 keV --> 110.37 keV)
  At217[382.340]:       5  Emean =  110.11 keV	( 110.11 keV --> 110.11 keV)
  At217[410.640]:      13  Emean =   109.6 keV	( 109.6 keV --> 109.6 keV)
  At217[424.350]:       4  Emean =  109.35 keV	( 109.35 keV --> 109.35 keV)
  At217[577.000]:       6  Emean =  106.58 keV	( 106.58 keV --> 106.58 keV)
          Bi209:   10000  Emean =  1.2132 eV 	( 0.087311 meV --> 2.7023 eV )
          Bi213:    9990  Emean =  132.93 keV	( 2.435 eV  --> 132.95 keV)
  Bi213[257.870]:       5  Emean =  125.77 keV	( 122.02 keV --> 128.18 keV)
  Bi213[593.180]:       5  Emean =  121.99 keV	( 121.99 keV --> 121.99 keV)
  Bi213[982.870]:       1  Emean =  2.9932 eV 	( 2.9932 eV  --> 2.9932 eV )
          Fr221:    9999  Emean =  104.84 keV	( 20.256 meV --> 105.65 keV)
  Fr221[100.890]:     188  Emean =  102.26 keV	( 2.7991 eV  --> 103.85 keV)
  Fr221[108.410]:     444  Emean =   103.1 keV	( 94.291 keV --> 103.72 keV)
  Fr221[145.910]:      10  Emean =   101.6 keV	( 95.656 keV --> 103.05 keV)
  Fr221[150.070]:     134  Emean =  101.33 keV	( 2.4168 eV  --> 102.97 keV)
  Fr221[195.770]:     437  Emean =  102.14 keV	( 98.676 keV --> 102.16 keV)
  Fr221[224.640]:     110  Emean =  101.59 keV	( 98.612 keV --> 101.65 keV)
  Fr221[234.510]:       2  Emean =  101.47 keV	( 101.47 keV --> 101.47 keV)
  Fr221[253.560]:     121  Emean =  101.11 keV	( 98.54 keV --> 101.13 keV)
  Fr221[26.000]:     295  Emean =  102.54 keV	( 157.31 meV --> 105.18 keV)
  Fr221[272.600]:       1  Emean =  100.79 keV	( 100.79 keV --> 100.79 keV)
  Fr221[279.210]:      19  Emean =  100.45 keV	( 98.461 keV --> 100.67 keV)
  Fr221[288.080]:       7  Emean =  99.343 keV	( 98.268 keV --> 100.52 keV)
  Fr221[36.640]:    2613  Emean =   104.4 keV	( 94.246 keV --> 105 keV)
  Fr221[38.540]:    1033  Emean =  104.32 keV	( 26.019 meV --> 104.96 keV)
  Fr221[393.350]:      10  Emean =  98.641 keV	( 98.641 keV --> 98.641 keV)
  Fr221[400.750]:       4  Emean =  98.509 keV	( 98.509 keV --> 98.509 keV)
  Fr221[517.810]:      12  Emean =  96.424 keV	( 96.424 keV --> 96.424 keV)
  Fr221[552.050]:      27  Emean =  95.814 keV	( 95.814 keV --> 95.814 keV)
  Fr221[570.810]:       2  Emean =  94.221 keV	( 92.962 keV --> 95.48 keV)
  Fr221[602.200]:       1  Emean =  94.921 keV	( 94.921 keV --> 94.921 keV)
  Fr221[630.710]:       7  Emean =  94.413 keV	( 94.413 keV --> 94.413 keV)
  Fr221[712.000]:       1  Emean =  92.965 keV	( 92.965 keV --> 92.965 keV)
  Fr221[749.160]:       1  Emean =  92.303 keV	( 92.303 keV --> 92.303 keV)
  Fr221[99.620]:     854  Emean =  103.56 keV	( 92.489 keV --> 103.87 keV)
  Fr221[99.850]:     128  Emean =  102.83 keV	( 384.64 meV --> 103.87 keV)
          Np237:   10000  Emean =  92.563 keV	( 86.317 keV --> 93.678 keV)
  Np237[102.959]:    1496  Emean =  91.875 keV	( 89.864 keV --> 91.966 keV)
  Np237[129.990]:       1  Emean =  91.516 keV	( 91.516 keV --> 91.516 keV)
  Np237[158.497]:     179  Emean =  91.002 keV	( 86.145 keV --> 91.042 keV)
  Np237[225.957]:       1  Emean =   89.92 keV	( 89.92 keV --> 89.92 keV)
  Np237[305.050]:       1  Emean =  88.605 keV	( 88.605 keV --> 88.605 keV)
  Np237[324.420]:       1  Emean =   86.25 keV	( 86.25 keV --> 86.25 keV)
  Np237[33.196]:    2210  Emean =   92.55 keV	( 90.711 keV --> 93.126 keV)
  Np237[434.120]:       1  Emean =  86.459 keV	( 86.459 keV --> 86.459 keV)
  Np237[59.541]:    9938  Emean =  92.559 keV	( 86.275 keV --> 92.688 keV)
  Np237[75.899]:       3  Emean =  92.416 keV	( 92.416 keV --> 92.416 keV)
          Pa233:   10000  Emean =   81.95 keV	( 77.697 keV --> 83.776 keV)
  Pa233[103.635]:    3328  Emean =  81.896 keV	( 77.678 keV --> 82.024 keV)
  Pa233[109.070]:     907  Emean =  81.869 keV	( 78.407 keV --> 81.932 keV)
  Pa233[133.200]:       1  Emean =  81.524 keV	( 81.524 keV --> 81.524 keV)
  Pa233[163.510]:     138  Emean =  81.011 keV	( 81.011 keV --> 81.011 keV)
  Pa233[169.166]:     116  Emean =  80.916 keV	( 80.916 keV --> 80.916 keV)
  Pa233[179.000]:      50  Emean =  80.749 keV	( 80.749 keV --> 80.749 keV)
  Pa233[201.634]:      94  Emean =  79.755 keV	( 79.611 keV --> 79.908 keV)
  Pa233[212.341]:     355  Emean =  80.186 keV	( 80.186 keV --> 80.186 keV)
  Pa233[218.000]:      52  Emean =   80.09 keV	( 80.09 keV --> 80.09 keV)
  Pa233[237.890]:     655  Emean =  79.735 keV	( 78.582 keV --> 79.754 keV)
  Pa233[257.183]:       2  Emean =  79.428 keV	( 79.428 keV --> 79.428 keV)
  Pa233[279.720]:      41  Emean =  79.047 keV	( 79.047 keV --> 79.047 keV)
  Pa233[283.000]:       4  Emean =  78.991 keV	( 78.991 keV --> 78.991 keV)
  Pa233[300.500]:      29  Emean =  78.695 keV	( 78.695 keV --> 78.695 keV)
  Pa233[303.590]:       6  Emean =  78.643 keV	( 78.643 keV --> 78.643 keV)
  Pa233[365.840]:       1  Emean =  77.591 keV	( 77.591 keV --> 77.591 keV)
  Pa233[57.100]:    7509  Emean =  81.924 keV	( 77.719 keV --> 82.81 keV)
   Pa233[6.671]:     309  Emean =  81.836 keV	( 78.985 keV --> 83.663 keV)
  Pa233[70.544]:     278  Emean =    81.9 keV	( 78.869 keV --> 82.583 keV)
  Pa233[86.468]:    5562  Emean =   81.93 keV	( 78.424 keV --> 82.314 keV)
  Pa233[94.646]:     722  Emean =  80.031 keV	( 78.592 keV --> 81.146 keV)
          Pb209:   10000  Emean =  157.18 keV	( 5.2021 eV  --> 160.59 keV)
  Pb209[1423.000]:       1  Emean =  5.6348 eV 	( 5.6348 eV  --> 5.6348 eV )
  Pb209[1567.090]:     210  Emean =  597.52 meV	( 555.82 meV --> 1.7577 eV )
  Pb209[2032.220]:     210  Emean =  59.254 meV	( 35.303 meV --> 333.15 meV)
  Pb209[2149.430]:     208  Emean =  7.0211 eV 	( 119.38 meV --> 12.948 eV )
  Pb209[2315.900]:       2  Emean =   8.275 eV 	( 6.4686 eV  --> 10.081 eV )
  Pb209[2904.000]:       1  Emean =  3.2189 eV 	( 3.2189 eV  --> 3.2189 eV )
  Pb209[3069.920]:       1  Emean =  2.5814 eV 	( 2.5814 eV  --> 2.5814 eV )
  Pb209[3389.090]:       1  Emean =  369.33 meV	( 369.33 meV --> 369.33 meV)
          Pb213:       1  Emean =  122.98 keV	( 122.98 keV --> 122.98 keV)
          Po213:    9788  Emean =  152.03 eV 	( 8.0036 meV --> 145.62 keV)
  Po213[1003.553]:       5  Emean =  844.06 meV	( 553.23 meV --> 1.2278 eV )
  Po213[1045.670]:       2  Emean =  895.93 meV	( 821.57 meV --> 970.29 meV)
  Po213[1100.167]:      64  Emean =  458.03 meV	( 57.422 meV --> 955.68 meV)
  Po213[1119.291]:       7  Emean =  430.65 meV	( 236.76 meV --> 788.8 meV)
  Po213[292.800]:      66  Emean =  1.9284 eV 	( 94.762 meV --> 5.0831 eV )
  Po213[440.450]:    3118  Emean =  2.3998 eV 	( 14.232 meV --> 4.8714 eV )
  Po213[867.980]:       1  Emean =  1.5356 eV 	( 1.5356 eV  --> 1.5356 eV )
          Po217:       1  Emean =  111.69 keV	( 111.69 keV --> 111.69 keV)
          Ra221:       9  Emean =  287.59 meV	( 47.09 meV --> 599.95 meV)
          Ra225:   10000  Emean =  96.694 keV	( 24.535 meV --> 338.85 keV)
  Ra225[100.500]:    2923  Emean =  96.413 keV	( 1.4085 keV --> 335.15 keV)
  Ra225[101.000]:       2  Emean =  81.839 keV	( 81.83 keV --> 81.848 keV)
  Ra225[111.600]:    2274  Emean =  96.602 keV	( 1.4028 keV --> 335.19 keV)
  Ra225[120.360]:      35  Emean =  91.898 keV	( 33.024 keV --> 312.15 keV)
  Ra225[149.960]:    2413  Emean =  97.339 keV	( 1.4356 keV --> 337.72 keV)
  Ra225[179.750]:    1637  Emean =  98.293 keV	( 2.2052 keV --> 337.88 keV)
  Ra225[203.500]:       4  Emean =      94 keV	( 86.805 keV --> 115.59 keV)
  Ra225[215.800]:       6  Emean =  154.11 keV	( 83.492 keV --> 322.64 keV)
  Ra225[220.550]:      85  Emean =  97.837 keV	( 1.4607 keV --> 279.04 keV)
  Ra225[225.200]:       9  Emean =  78.598 keV	( 2.0603 keV --> 115.6 keV)
  Ra225[226.900]:      10  Emean =  97.334 keV	( 60.22 keV --> 235.95 keV)
  Ra225[236.250]:    6007  Emean =  95.785 keV	( 964.27 eV  --> 336.08 keV)
  Ra225[243.560]:     561  Emean =  94.117 keV	( 1.4132 keV --> 335.42 keV)
  Ra225[248.500]:      26  Emean =     101 keV	( 77.343 keV --> 319.17 keV)
  Ra225[25.410]:    8150  Emean =  96.715 keV	( 106.05 meV --> 339.09 keV)
  Ra225[267.920]:     966  Emean =  96.838 keV	( 1.4508 keV --> 335.27 keV)
  Ra225[272.150]:      54  Emean =  94.137 keV	( 51.552 keV --> 318.01 keV)
  Ra225[284.490]:     155  Emean =  101.94 keV	( 46.344 keV --> 310.86 keV)
  Ra225[293.000]:       1  Emean =  81.937 keV	( 81.937 keV --> 81.937 keV)
  Ra225[31.560]:     474  Emean =  96.869 keV	( 6.5571 keV --> 332.89 keV)
  Ra225[321.760]:      91  Emean =  97.542 keV	( 45.444 keV --> 318.34 keV)
  Ra225[328.000]:      12  Emean =  79.943 keV	( 2.0675 keV --> 115.69 keV)
  Ra225[335.000]:       1  Emean =  84.504 keV	( 84.504 keV --> 84.504 keV)
  Ra225[390.000]:       7  Emean =  134.58 keV	( 60.077 keV --> 322.45 keV)
  Ra225[394.720]:      23  Emean =  98.068 keV	( 83.459 keV --> 217.99 keV)
  Ra225[42.770]:    3818  Emean =  96.964 keV	( 2.075 keV --> 335.83 keV)
  Ra225[478.400]:       8  Emean =  81.995 keV	( 81.995 keV --> 81.995 keV)
  Ra225[487.000]:       2  Emean =  81.845 keV	( 81.845 keV --> 81.845 keV)
  Ra225[55.160]:      65  Emean =  95.861 keV	( 20.695 keV --> 319.11 keV)
  Ra225[603.000]:       2  Emean =  79.815 keV	( 79.815 keV --> 79.815 keV)
  Ra225[609.000]:       1  Emean =   79.71 keV	( 79.71 keV --> 79.71 keV)
  Ra225[69.360]:     380  Emean =  97.223 keV	( 9.0863 keV --> 333.78 keV)
          Rn217:      10  Emean =  110.68 keV	( 2.8704 eV  --> 124.71 keV)
  Rn217[149.180]:       2  Emean =  122.01 keV	( 122.01 keV --> 122.01 keV)
  Rn217[174.300]:       1  Emean =  121.55 keV	( 121.55 keV --> 121.55 keV)
  Rn217[184.000]:       1  Emean =  121.37 keV	( 121.37 keV --> 121.37 keV)
  Rn217[93.020]:       2  Emean =  123.03 keV	( 123.03 keV --> 123.03 keV)
          Rn221:       5  Emean =  90.603 keV	( 90.159 keV --> 90.714 keV)
  Rn221[30.000]:       1  Emean =  90.179 keV	( 90.179 keV --> 90.179 keV)
          Th229:    8824  Emean =  84.323 keV	( 77.938 keV --> 84.358 keV)
   Th229[0.008]:    1176  Emean =    83.5 keV	( 78.731 keV --> 83.986 keV)
  Th229[125.439]:      17  Emean =  82.109 keV	( 80.638 keV --> 82.201 keV)
  Th229[146.357]:       3  Emean =  81.519 keV	( 81.33 keV --> 81.841 keV)
  Th229[163.254]:       1  Emean =  81.551 keV	( 81.551 keV --> 81.551 keV)
  Th229[164.532]:       1  Emean =  79.791 keV	( 79.791 keV --> 79.791 keV)
  Th229[173.484]:       2  Emean =  81.375 keV	( 81.375 keV --> 81.375 keV)
  Th229[212.382]:       2  Emean =  80.706 keV	( 80.706 keV --> 80.706 keV)
  Th229[217.160]:       1  Emean =  80.624 keV	( 80.624 keV --> 80.624 keV)
  Th229[261.964]:       1  Emean =  79.853 keV	( 79.853 keV --> 79.853 keV)
  Th229[29.193]:    1434  Emean =  83.522 keV	( 78.761 keV --> 83.856 keV)
  Th229[317.173]:       3  Emean =  78.904 keV	( 78.904 keV --> 78.904 keV)
  Th229[320.548]:       2  Emean =  78.846 keV	( 78.846 keV --> 78.846 keV)
  Th229[365.814]:       1  Emean =  78.067 keV	( 78.067 keV --> 78.067 keV)
  Th229[42.435]:    1377  Emean =  83.563 keV	( 81.64 keV --> 83.628 keV)
  Th229[67.800]:       3  Emean =  83.192 keV	( 83.192 keV --> 83.192 keV)
  Th229[71.826]:      71  Emean =   82.53 keV	( 78.847 keV --> 83.123 keV)
  Th229[75.100]:       1  Emean =  83.067 keV	( 83.067 keV --> 83.067 keV)
  Th229[97.136]:     149  Emean =  82.684 keV	( 82.131 keV --> 82.688 keV)
          Tl209:     212  Emean =  111.93 keV	( 106.13 keV --> 112.51 keV)
  Tl209[323.810]:      20  Emean =  106.41 keV	( 106.41 keV --> 106.41 keV)
           U233:   10000  Emean =  359.76 meV	( 3.7544 meV --> 2.037 eV )
  U233[155.230]:      37  Emean =   111.4 meV	( 90.833 meV --> 490.87 meV)
  U233[298.810]:    2186  Emean =  96.377 meV	( 3.9872 meV --> 223.08 meV)
  U233[301.940]:      26  Emean =  4.9499 meV	( 0.7858 meV --> 6.1991 meV)
  U233[311.904]:    5274  Emean =  172.06 meV	( 0.058208 meV --> 715.26 meV)
  U233[320.830]:      24  Emean =  53.261 meV	( 5.8499 meV --> 232.28 meV)
  U233[340.477]:    2622  Emean =  229.18 meV	( 0.90222 meV --> 629.69 meV)
  U233[353.790]:    2530  Emean =  116.99 meV	( 98.4 meV --> 150.93 meV)
  U233[398.496]:    1610  Emean =  154.78 meV	( 2.7358 meV --> 437.9 meV)
   U233[40.350]:    1473  Emean =  286.15 meV	( 72.847 meV --> 908.77 meV)
  U233[415.758]:    2540  Emean =  133.56 meV	( 0.14552 meV --> 400.76 meV)
   U233[92.160]:     157  Emean =  169.45 meV	( 9.1677 meV --> 700.18 meV)
          alpha:   80003  Emean =  5.9266 MeV	( 1.106 MeV --> 8.3755 MeV)
      anti_nu_e:   40000  Emean =   422.7 keV	( 6.4114 keV --> 1.8239 MeV)
             e-:  613952  Emean =  23.756 keV	( 1.2853 eV  --> 1.697 MeV)
          gamma:   64203  Emean =   95.88 keV	( 111.01 eV  --> 3.0699 MeV)
        neutron:       1  Emean =  2.2307 MeV	( 2.2307 MeV --> 2.2307 MeV)

 Mean energy deposit per event = 49.748 MeV  rms = 474.15 keV
 Mean energy flow per event    = 2.0481 MeV  rms = 473.04 keV

 List of particles emerging from the container :
      anti_nu_e:   40000  Emean =   422.7 keV	( 6.4114 keV --> 1.8239 MeV) 	Eflow/event = 1.6908 MeV
             e-:      16  Emean =  99.644 keV	( 19.077 keV --> 365.61 keV) 	Eflow/event = 159.43 eV 
          gamma:   14875  Emean =  239.94 keV	( 43.236 keV --> 3.0699 MeV) 	Eflow/event = 356.9 keV
        neutron:       1  Emean =  2.2307 MeV	( 2.2307 MeV --> 2.2307 MeV) 	Eflow/event = 223.07 eV 

--------- Ranecu engine status ---------
 Initial seed (index) = 0
 Current couple of seeds = 930311398, 1635857241
----------------------------------------
G4 kernel has come to Quit state.
================== Deleting memory pools ===================
Number of memory pools allocated: 11 of which, static: 0
Dynamic pools deleted: 11 / Total memory freed: 0.037 MB
============================================================
RunManagerKernel is deleted. Good bye :)
