
        ############################################
        !!! WARNING - FPE detection is activated !!!
        ############################################

**************************************************************
 Geant4 version Name: geant4-10-04-ref-07    (31-July-2018)
                       Copyright : Geant4 Collaboration
                      References : NIM A 506 (2003), 250-303
                                 : IEEE-TNS 53 (2006), 270-278
                                 : NIM A 835 (2016), 186-225
                             WWW : http://geant4.org/
**************************************************************

Visualization Manager instantiating with verbosity "warnings (3)"...
Visualization Manager initialising...
Registering graphics systems...

You have successfully registered the following graphics systems.
Current available graphics systems are:
ASCIITree (ATree)
DAWNFILE (DAWNFILE)
G4HepRep (HepRepXML)
G4HepRepFile (HepRepFile)
RayTracer (RayTracer)
VRML1FILE (VRML1FILE)
VRML2FILE (VRML2FILE)
gMocrenFile (gMocrenFile)
OpenGLImmediateQt (OGLIQt, OGLI)
OpenGLStoredQt (OGLSQt, OGL, OGLS)
OpenGLImmediateXm (OGLIXm, OGLIQt_FALLBACK)
OpenGLStoredXm (OGLSXm, OGLSQt_FALLBACK)
OpenGLImmediateX (OGLIX, OGLIQt_FALLBACK, OGLIXm_FALLBACK)
OpenGLStoredX (OGLSX, OGLSQt_FALLBACK, OGLSXm_FALLBACK)
RayTracerX (RayTracerX)

Registering model factories...

You have successfully registered the following model factories.
Registered model factories:
  generic
  drawByAttribute
  drawByCharge
  drawByOriginVolume
  drawByParticleID
  drawByEncounteredVolume

Registered filter factories:
  attributeFilter
  chargeFilter
  originVolumeFilter
  particleFilter
  encounteredVolumeFilter

You have successfully registered the following user vis actions.
Run Duration User Vis Actions: none
End of Event User Vis Actions: none
End of Run User Vis Actions: none

Some /vis commands (optionally) take a string to specify colour.
"/vis/list" to see available colours.
*** /run/numberOfThreads command is issued in sequential mode.
Command is ignored.
WARNING: There is no world volume!
WARNING: There is no world volume!
PhysicsList::AddPhysicsList: <dna>

---------------------------------------------------------
---> The tracking cut to all particles is set to 10 eV 
---> The Absorber is a sphere of 1 m   radius of G4_WATER made of
 
 Material: G4_WATER H_2O   density:  1.000 g/cm3   RadL:  36.083 cm   Nucl.Int.Length:  75.375 cm 
                       Imean:  78.000 eV   temperature: 293.15 K  pressure:   1.00 atm

   --->  Element: H (H)   Z =  1.0   N =     1   A =  1.008 g/mole
         --->  Isotope:    H1   Z =  1   N =   1   A =   1.01 g/mole   abundance: 99.989 %
         --->  Isotope:    H2   Z =  1   N =   2   A =   2.01 g/mole   abundance:  0.011 %
          ElmMassFraction:  11.19 %  ElmAbundance  66.67 % 

   --->  Element: O (O)   Z =  8.0   N =    16   A = 15.999 g/mole
         --->  Isotope:   O16   Z =  8   N =  16   A =  15.99 g/mole   abundance: 99.757 %
         --->  Isotope:   O17   Z =  8   N =  17   A =  17.00 g/mole   abundance:  0.038 %
         --->  Isotope:   O18   Z =  8   N =  18   A =  18.00 g/mole   abundance:  0.205 %
          ElmMassFraction:  88.81 %  ElmAbundance  33.33 % 


---------------------------------------------------------

### ===  Deexcitation model UAtomDeexcitation is activated for 1 region:
          DefaultRegionForTheWorld  1  1  0
### ===  Auger cascade flag: 1
### ===  Ignore cuts flag:   1

phot:   for  gamma    SubType= 12  BuildTable= 0
      LambdaPrime table from 200 keV to 100 TeV in 61 bins 
      ===== EM models for the G4Region  DefaultRegionForTheWorld ======
 LivermorePhElectric :  Emin=        0 eV    Emax=      100 TeV   AngularGenSauterGavrila  FluoActive

compt:   for  gamma    SubType= 13  BuildTable= 1
      Lambda table from 100 eV  to 1 MeV, 7 bins per decade, spline: 1
      LambdaPrime table from 1 MeV to 100 TeV in 56 bins 
      ===== EM models for the G4Region  DefaultRegionForTheWorld ======
    LivermoreCompton :  Emin=        0 eV    Emax=      100 TeV  FluoActive

conv:   for  gamma    SubType= 14  BuildTable= 1
      Lambda table from 1.022 MeV to 100 TeV, 18 bins per decade, spline: 1
      ===== EM models for the G4Region  DefaultRegionForTheWorld ======
 LivermoreConversion :  Emin=        0 eV    Emax=       80 GeV
     BetheHeitlerLPM :  Emin=       80 GeV   Emax=      100 TeV   AngularGenUrban

Rayl:   for  gamma    SubType= 11  BuildTable= 1
      Lambda table from 100 eV  to 100 keV, 7 bins per decade, spline: 0
      LambdaPrime table from 100 keV to 100 TeV in 63 bins 
      ===== EM models for the G4Region  DefaultRegionForTheWorld ======
   LivermoreRayleigh :  Emin=        0 eV    Emax=      100 TeV   CullenGenerator

e-_G4DNAElectronSolvation:   for  e-    SubType= 58  BuildTable= 0
      ===== EM models for the G4Region  DefaultRegionForTheWorld ======
DNAOneStepThermalizationModel_Meesungnoen2002 :  Emin=        0 eV    Emax=      7.4 eV 

e-_G4DNAElastic:   for  e-    SubType= 51  BuildTable= 0
      ===== EM models for the G4Region  DefaultRegionForTheWorld ======
DNAChampionElasticModel :  Emin=        0 eV    Emax=        1 MeV

e-_G4DNAExcitation:   for  e-    SubType= 52  BuildTable= 0
      ===== EM models for the G4Region  DefaultRegionForTheWorld ======
DNABornExcitationModel :  Emin=        0 eV    Emax=        1 MeV

e-_G4DNAIonisation:   for  e-    SubType= 53  BuildTable= 0
      ===== EM models for the G4Region  DefaultRegionForTheWorld ======
DNABornIonisationModel :  Emin=        0 eV    Emax=        1 MeV   deltaBorn  FluoActive

e-_G4DNAVibExcitation:   for  e-    SubType= 54  BuildTable= 0
      ===== EM models for the G4Region  DefaultRegionForTheWorld ======
DNASancheExcitationModel :  Emin=        0 eV    Emax=      100 eV 

e-_G4DNAAttachment:   for  e-    SubType= 55  BuildTable= 0
      ===== EM models for the G4Region  DefaultRegionForTheWorld ======
DNAMeltonAttachmentModel :  Emin=        0 eV    Emax=       13 eV 

msc:   for e+    SubType= 10
      RangeFactor= 0.04, stepLimitType: 3, latDisplacement: 1, skin= 1, geomFactor= 2.5
      ===== EM models for the G4Region  DefaultRegionForTheWorld ======
            UrbanMsc :  Emin=        0 eV    Emax=      100 TeV  Table with 84 bins Emin=    100 eV    Emax=    100 TeV

eIoni:   for  e+    SubType= 2
      dE/dx and range tables from 100 eV  to 100 TeV in 84 bins
      Lambda tables from threshold to 100 TeV, 7 bins per decade, spline: 1
      finalRange(mm)= 0.1, dRoverRange= 0.2, integral: 1, fluct: 1, linLossLimit= 0.01
      ===== EM models for the G4Region  DefaultRegionForTheWorld ======
        MollerBhabha :  Emin=        0 eV    Emax=      100 TeV

eBrem:   for  e+    SubType= 3
      dE/dx and range tables from 100 eV  to 100 TeV in 84 bins
      Lambda tables from threshold to 100 TeV, 7 bins per decade, spline: 1
      LPM flag: 1 for E > 1 GeV,  VertexHighEnergyTh(GeV)= 100000
      ===== EM models for the G4Region  DefaultRegionForTheWorld ======
             eBremSB :  Emin=        0 eV    Emax=        1 GeV   DipBustGen
            eBremLPM :  Emin=        1 GeV   Emax=      100 TeV   DipBustGen

annihil:   for  e+, integral: 1     SubType= 5  BuildTable= 0
      ===== EM models for the G4Region  DefaultRegionForTheWorld ======
            eplus2gg :  Emin=        0 eV    Emax=      100 TeV

proton_G4DNAElastic:   for  proton    SubType= 51  BuildTable= 0
      ===== EM models for the G4Region  DefaultRegionForTheWorld ======
  DNAIonElasticModel :  Emin=        0 eV    Emax=        1 MeV

proton_G4DNAExcitation:   for  proton    SubType= 52  BuildTable= 0
      ===== EM models for the G4Region  DefaultRegionForTheWorld ======
DNAMillerGreenExcitationModel :  Emin=        0 eV    Emax=      500 keV
DNABornExcitationModel :  Emin=      500 keV   Emax=      100 MeV

proton_G4DNAIonisation:   for  proton    SubType= 53  BuildTable= 0
      ===== EM models for the G4Region  DefaultRegionForTheWorld ======
DNARuddIonisationModel :  Emin=        0 eV    Emax=      500 keV   deltaRudd  FluoActive
DNABornIonisationModel :  Emin=      500 keV   Emax=      100 MeV   deltaBorn  FluoActive

proton_G4DNAChargeDecrease:   for  proton    SubType= 56  BuildTable= 0
      ===== EM models for the G4Region  DefaultRegionForTheWorld ======
DNADingfelderChargeDecreaseModel :  Emin=        0 eV    Emax=      100 MeV

GenericIon_G4DNAIonisation:   for  GenericIon    SubType= 53  BuildTable= 0
      ===== EM models for the G4Region  DefaultRegionForTheWorld ======
DNARuddIonisationExtendedModel :  Emin=        0 eV    Emax=        1 TeV   deltaRudd  FluoActive

alpha_G4DNAElastic:   for  alpha    SubType= 51  BuildTable= 0
      ===== EM models for the G4Region  DefaultRegionForTheWorld ======
  DNAIonElasticModel :  Emin=        0 eV    Emax=        1 MeV

alpha_G4DNAExcitation:   for  alpha    SubType= 52  BuildTable= 0
      ===== EM models for the G4Region  DefaultRegionForTheWorld ======
DNAMillerGreenExcitationModel :  Emin=        0 eV    Emax=      400 MeV

alpha_G4DNAIonisation:   for  alpha    SubType= 53  BuildTable= 0
      ===== EM models for the G4Region  DefaultRegionForTheWorld ======
DNARuddIonisationModel :  Emin=        0 eV    Emax=      400 MeV   deltaRudd  FluoActive

alpha_G4DNAChargeDecrease:   for  alpha    SubType= 56  BuildTable= 0
      ===== EM models for the G4Region  DefaultRegionForTheWorld ======
DNADingfelderChargeDecreaseModel :  Emin=        0 eV    Emax=      400 MeV

alpha+_G4DNAElastic:   for  alpha+    SubType= 51  BuildTable= 0
      ===== EM models for the G4Region  DefaultRegionForTheWorld ======
  DNAIonElasticModel :  Emin=        0 eV    Emax=        1 MeV

alpha+_G4DNAExcitation:   for  alpha+    SubType= 52  BuildTable= 0
      ===== EM models for the G4Region  DefaultRegionForTheWorld ======
DNAMillerGreenExcitationModel :  Emin=        0 eV    Emax=      400 MeV

alpha+_G4DNAIonisation:   for  alpha+    SubType= 53  BuildTable= 0
      ===== EM models for the G4Region  DefaultRegionForTheWorld ======
DNARuddIonisationModel :  Emin=        0 eV    Emax=      400 MeV   deltaRudd  FluoActive

alpha+_G4DNAChargeDecrease:   for  alpha+    SubType= 56  BuildTable= 0
      ===== EM models for the G4Region  DefaultRegionForTheWorld ======
DNADingfelderChargeDecreaseModel :  Emin=        0 eV    Emax=      400 MeV

alpha+_G4DNAChargeIncrease:   for  alpha+    SubType= 57  BuildTable= 0
      ===== EM models for the G4Region  DefaultRegionForTheWorld ======
DNADingfelderChargeIncreaseModel :  Emin=        0 eV    Emax=      400 MeV

helium_G4DNAElastic:   for  helium    SubType= 51  BuildTable= 0
      ===== EM models for the G4Region  DefaultRegionForTheWorld ======
  DNAIonElasticModel :  Emin=        0 eV    Emax=        1 MeV

helium_G4DNAExcitation:   for  helium    SubType= 52  BuildTable= 0
      ===== EM models for the G4Region  DefaultRegionForTheWorld ======
DNAMillerGreenExcitationModel :  Emin=        0 eV    Emax=      400 MeV

helium_G4DNAIonisation:   for  helium    SubType= 53  BuildTable= 0
      ===== EM models for the G4Region  DefaultRegionForTheWorld ======
DNARuddIonisationModel :  Emin=        0 eV    Emax=      400 MeV   deltaRudd  FluoActive

helium_G4DNAChargeIncrease:   for  helium    SubType= 57  BuildTable= 0
      ===== EM models for the G4Region  DefaultRegionForTheWorld ======
DNADingfelderChargeIncreaseModel :  Emin=        0 eV    Emax=      400 MeV

hydrogen_G4DNAElastic:   for  hydrogen    SubType= 51  BuildTable= 0
      ===== EM models for the G4Region  DefaultRegionForTheWorld ======
  DNAIonElasticModel :  Emin=        0 eV    Emax=        1 MeV

hydrogen_G4DNAExcitation:   for  hydrogen    SubType= 52  BuildTable= 0
      ===== EM models for the G4Region  DefaultRegionForTheWorld ======
DNAMillerGreenExcitationModel :  Emin=        0 eV    Emax=      500 keV

hydrogen_G4DNAIonisation:   for  hydrogen    SubType= 53  BuildTable= 0
      ===== EM models for the G4Region  DefaultRegionForTheWorld ======
DNARuddIonisationModel :  Emin=        0 eV    Emax=      100 MeV   deltaRudd  FluoActive

hydrogen_G4DNAChargeIncrease:   for  hydrogen    SubType= 57  BuildTable= 0
      ===== EM models for the G4Region  DefaultRegionForTheWorld ======
DNADingfelderChargeIncreaseModel :  Emin=        0 eV    Emax=      100 MeV

 ======================= run summary ====================

 The run is 1000 e- of 12.00 eV  through a sphere of radius 1.00 m  of G4_WATER (density: 1.00 g/cm3 )

 Track length of primary track = 29.002 nm  +- 17.889 nm 
 Projected range               = 3.820 Ang +- 2.748 nm 
 Penetration                   = 4.224 nm  +- 2.525 nm 

 ======================= run summary ====================

 The run is 1000 e- of 14.00 eV  through a sphere of radius 1.00 m  of G4_WATER (density: 1.00 g/cm3 )

 Track length of primary track = 21.951 nm  +- 23.987 nm 
 Projected range               = 4.067 Ang +- 2.479 nm 
 Penetration                   = 3.440 nm  +- 2.612 nm 

 ======================= run summary ====================

 The run is 1000 e- of 16.00 eV  through a sphere of radius 1.00 m  of G4_WATER (density: 1.00 g/cm3 )

 Track length of primary track = 11.147 nm  +- 14.647 nm 
 Projected range               = 5.337 Ang +- 1.882 nm 
 Penetration                   = 2.419 nm  +- 1.932 nm 

 ======================= run summary ====================

 The run is 1000 e- of 18.00 eV  through a sphere of radius 1.00 m  of G4_WATER (density: 1.00 g/cm3 )

 Track length of primary track = 7.016 nm  +- 7.440 nm 
 Projected range               = 3.868 Ang +- 1.448 nm 
 Penetration                   = 1.972 nm  +- 1.518 nm 

 ======================= run summary ====================

 The run is 1000 e- of 20.00 eV  through a sphere of radius 1.00 m  of G4_WATER (density: 1.00 g/cm3 )

 Track length of primary track = 6.373 nm  +- 8.381 nm 
 Projected range               = 5.391 Ang +- 1.496 nm 
 Penetration                   = 1.861 nm  +- 1.630 nm 

 ======================= run summary ====================

 The run is 1000 e- of 25.00 eV  through a sphere of radius 1.00 m  of G4_WATER (density: 1.00 g/cm3 )

 Track length of primary track = 15.038 nm  +- 18.804 nm 
 Projected range               = 5.255 Ang +- 2.146 nm 
 Penetration                   = 2.780 nm  +- 2.277 nm 

 ======================= run summary ====================

 The run is 1000 e- of 30.00 eV  through a sphere of radius 1.00 m  of G4_WATER (density: 1.00 g/cm3 )

 Track length of primary track = 17.395 nm  +- 18.125 nm 
 Projected range               = 5.239 Ang +- 2.353 nm 
 Penetration                   = 3.293 nm  +- 2.397 nm 

 ======================= run summary ====================

 The run is 1000 e- of 35.00 eV  through a sphere of radius 1.00 m  of G4_WATER (density: 1.00 g/cm3 )

 Track length of primary track = 15.846 nm  +- 17.587 nm 
 Projected range               = 5.706 Ang +- 2.173 nm 
 Penetration                   = 3.053 nm  +- 2.142 nm 

 ======================= run summary ====================

 The run is 1000 e- of 40.00 eV  through a sphere of radius 1.00 m  of G4_WATER (density: 1.00 g/cm3 )

 Track length of primary track = 12.766 nm  +- 13.750 nm 
 Projected range               = 6.757 Ang +- 1.990 nm 
 Penetration                   = 2.927 nm  +- 2.029 nm 

 ======================= run summary ====================

 The run is 1000 e- of 45.00 eV  through a sphere of radius 1.00 m  of G4_WATER (density: 1.00 g/cm3 )

 Track length of primary track = 14.081 nm  +- 15.387 nm 
 Projected range               = 8.281 Ang +- 2.143 nm 
 Penetration                   = 3.065 nm  +- 2.078 nm 

 ======================= run summary ====================

 The run is 1000 e- of 50.00 eV  through a sphere of radius 1.00 m  of G4_WATER (density: 1.00 g/cm3 )

 Track length of primary track = 15.221 nm  +- 17.034 nm 
 Projected range               = 7.215 Ang +- 2.365 nm 
 Penetration                   = 3.204 nm  +- 2.248 nm 

 ======================= run summary ====================

 The run is 1000 e- of 60.00 eV  through a sphere of radius 1.00 m  of G4_WATER (density: 1.00 g/cm3 )

 Track length of primary track = 15.605 nm  +- 15.810 nm 
 Projected range               = 9.050 Ang +- 2.469 nm 
 Penetration                   = 3.372 nm  +- 2.131 nm 

 ======================= run summary ====================

 The run is 1000 e- of 70.00 eV  through a sphere of radius 1.00 m  of G4_WATER (density: 1.00 g/cm3 )

 Track length of primary track = 16.833 nm  +- 16.503 nm 
 Projected range               = 1.095 nm  +- 2.626 nm 
 Penetration                   = 3.620 nm  +- 2.296 nm 

 ======================= run summary ====================

 The run is 1000 e- of 80.00 eV  through a sphere of radius 1.00 m  of G4_WATER (density: 1.00 g/cm3 )

 Track length of primary track = 16.231 nm  +- 14.866 nm 
 Projected range               = 1.294 nm  +- 2.451 nm 
 Penetration                   = 3.708 nm  +- 2.147 nm 

 ======================= run summary ====================

 The run is 1000 e- of 90.00 eV  through a sphere of radius 1.00 m  of G4_WATER (density: 1.00 g/cm3 )

 Track length of primary track = 17.270 nm  +- 15.735 nm 
 Projected range               = 1.387 nm  +- 2.695 nm 
 Penetration                   = 3.861 nm  +- 2.164 nm 

 ======================= run summary ====================

 The run is 1000 e- of 100.00 eV  through a sphere of radius 1.00 m  of G4_WATER (density: 1.00 g/cm3 )

 Track length of primary track = 18.525 nm  +- 18.101 nm 
 Projected range               = 1.252 nm  +- 2.802 nm 
 Penetration                   = 4.011 nm  +- 2.281 nm 

 ======================= run summary ====================

 The run is 1000 e- of 150.00 eV  through a sphere of radius 1.00 m  of G4_WATER (density: 1.00 g/cm3 )

 Track length of primary track = 20.897 nm  +- 17.006 nm 
 Projected range               = 2.057 nm  +- 3.359 nm 
 Penetration                   = 4.954 nm  +- 2.597 nm 

 ======================= run summary ====================

 The run is 1000 e- of 200.00 eV  through a sphere of radius 1.00 m  of G4_WATER (density: 1.00 g/cm3 )

 Track length of primary track = 22.285 nm  +- 17.284 nm 
 Projected range               = 2.680 nm  +- 3.901 nm 
 Penetration                   = 5.846 nm  +- 2.925 nm 

 ======================= run summary ====================

 The run is 1000 e- of 250.00 eV  through a sphere of radius 1.00 m  of G4_WATER (density: 1.00 g/cm3 )

 Track length of primary track = 25.482 nm  +- 17.403 nm 
 Projected range               = 3.839 nm  +- 4.267 nm 
 Penetration                   = 6.996 nm  +- 3.228 nm 

 ======================= run summary ====================

 The run is 1000 e- of 300.00 eV  through a sphere of radius 1.00 m  of G4_WATER (density: 1.00 g/cm3 )

 Track length of primary track = 27.709 nm  +- 18.370 nm 
 Projected range               = 4.616 nm  +- 4.932 nm 
 Penetration                   = 8.369 nm  +- 3.677 nm 

 ======================= run summary ====================

 The run is 1000 e- of 350.00 eV  through a sphere of radius 1.00 m  of G4_WATER (density: 1.00 g/cm3 )

 Track length of primary track = 30.194 nm  +- 17.138 nm 
 Projected range               = 5.925 nm  +- 5.831 nm 
 Penetration                   = 10.099 nm  +- 4.398 nm 

 ======================= run summary ====================

 The run is 1000 e- of 400.00 eV  through a sphere of radius 1.00 m  of G4_WATER (density: 1.00 g/cm3 )

 Track length of primary track = 32.467 nm  +- 17.055 nm 
 Projected range               = 6.983 nm  +- 6.592 nm 
 Penetration                   = 11.542 nm  +- 5.014 nm 

 ======================= run summary ====================

 The run is 1000 e- of 450.00 eV  through a sphere of radius 1.00 m  of G4_WATER (density: 1.00 g/cm3 )

 Track length of primary track = 35.931 nm  +- 18.495 nm 
 Projected range               = 8.093 nm  +- 7.454 nm 
 Penetration                   = 13.354 nm  +- 5.850 nm 

 ======================= run summary ====================

 The run is 1000 e- of 500.00 eV  through a sphere of radius 1.00 m  of G4_WATER (density: 1.00 g/cm3 )

 Track length of primary track = 39.524 nm  +- 18.803 nm 
 Projected range               = 9.425 nm  +- 8.370 nm 
 Penetration                   = 15.444 nm  +- 6.224 nm 

 ======================= run summary ====================

 The run is 1000 e- of 600.00 eV  through a sphere of radius 1.00 m  of G4_WATER (density: 1.00 g/cm3 )

 Track length of primary track = 45.987 nm  +- 19.116 nm 
 Projected range               = 11.847 nm  +- 10.600 nm 
 Penetration                   = 18.948 nm  +- 7.922 nm 

 ======================= run summary ====================

 The run is 1000 e- of 700.00 eV  through a sphere of radius 1.00 m  of G4_WATER (density: 1.00 g/cm3 )

 Track length of primary track = 53.532 nm  +- 20.157 nm 
 Projected range               = 15.203 nm  +- 12.248 nm 
 Penetration                   = 23.663 nm  +- 9.729 nm 

 ======================= run summary ====================

 The run is 1000 e- of 800.00 eV  through a sphere of radius 1.00 m  of G4_WATER (density: 1.00 g/cm3 )

 Track length of primary track = 62.945 nm  +- 21.835 nm 
 Projected range               = 19.585 nm  +- 15.541 nm 
 Penetration                   = 29.713 nm  +- 11.745 nm 

 ======================= run summary ====================

 The run is 1000 e- of 900.00 eV  through a sphere of radius 1.00 m  of G4_WATER (density: 1.00 g/cm3 )

 Track length of primary track = 71.145 nm  +- 23.297 nm 
 Projected range               = 23.896 nm  +- 17.700 nm 
 Penetration                   = 35.203 nm  +- 13.306 nm 

 ======================= run summary ====================

 The run is 1000 e- of 1.00 keV through a sphere of radius 1.00 m  of G4_WATER (density: 1.00 g/cm3 )

 Track length of primary track = 80.402 nm  +- 25.946 nm 
 Projected range               = 27.625 nm  +- 19.291 nm 
 Penetration                   = 40.375 nm  +- 15.500 nm 

 ======================= run summary ====================

 The run is 1000 e- of 2.00 keV through a sphere of radius 1.00 m  of G4_WATER (density: 1.00 g/cm3 )

 Track length of primary track = 205.332 nm  +- 52.821 nm 
 Projected range               = 86.736 nm  +- 53.646 nm 
 Penetration                   = 123.138 nm  +- 43.905 nm 

 ======================= run summary ====================

 The run is 1000 e- of 3.00 keV through a sphere of radius 1.00 m  of G4_WATER (density: 1.00 g/cm3 )

 Track length of primary track = 382.597 nm  +- 94.716 nm 
 Projected range               = 158.981 nm  +- 106.717 nm 
 Penetration                   = 231.800 nm  +- 79.598 nm 

 ======================= run summary ====================

 The run is 1000 e- of 4.00 keV through a sphere of radius 1.00 m  of G4_WATER (density: 1.00 g/cm3 )

 Track length of primary track = 600.212 nm  +- 148.157 nm 
 Projected range               = 267.419 nm  +- 164.708 nm 
 Penetration                   = 380.000 nm  +- 125.110 nm 

 ======================= run summary ====================

 The run is 1000 e- of 5.00 keV through a sphere of radius 1.00 m  of G4_WATER (density: 1.00 g/cm3 )

 Track length of primary track = 851.443 nm  +- 205.284 nm 
 Projected range               = 394.017 nm  +- 230.719 nm 
 Penetration                   = 550.291 nm  +- 179.724 nm 
Graphics systems deleted.
Visualization Manager deleting...
