Environment variable "G4FORCE_RUN_MANAGER_TYPE" enabled with value == Serial. Forcing G4RunManager type...

        ############################################
        !!! WARNING - FPE detection is activated !!!
        ############################################


          ################################
          !!! G4Backtrace is activated !!!
          ################################


**************************************************************
 Geant4 version Name: geant4-11-01-ref-10    (31-October-2023)
                       Copyright : Geant4 Collaboration
                      References : NIM A 506 (2003), 250-303
                                 : IEEE-TNS 53 (2006), 270-278
                                 : NIM A 835 (2016), 186-225
                             WWW : http://geant4.org/
**************************************************************

<<< Geant4 Physics List simulation engine: FTFP_BERT

G4VModularPhysicsList::ReplacePhysics: G4EmStandard with type : 2 is replaced with G4EmStandard_opt4
Using 
Visualization Manager instantiating with verbosity "warnings (3)"...
Visualization Manager initialising...
Registering graphics systems...

You have successfully registered the following graphics systems.
Registered graphics systems are:
  ASCIITree (ATree)
  DAWNFILE (DAWNFILE)
  G4HepRepFile (HepRepFile)
  RayTracer (RayTracer)
  VRML2FILE (VRML2FILE)
  gMocrenFile (gMocrenFile)
  TOOLSSG_OFFSCREEN (TSG_OFFSCREEN)
  TOOLSSG_OFFSCREEN (TSG_OFFSCREEN, TSG_FILE)
  OpenGLImmediateQt (OGLIQt, OGLI)
  OpenGLStoredQt (OGLSQt, OGL, OGLS)
  OpenGLImmediateXm (OGLIXm, OGLIQt_FALLBACK)
  OpenGLStoredXm (OGLSXm, OGLSQt_FALLBACK)
  OpenGLImmediateX (OGLIX, OGLIQt_FALLBACK, OGLIXm_FALLBACK)
  OpenGLStoredX (OGLSX, OGLSQt_FALLBACK, OGLSXm_FALLBACK)
  RayTracerX (RayTracerX)
  Qt3D (Qt3D)
  TOOLSSG_X11_GLES (TSG_X11_GLES, TSGX11, TSG_XT_GLES_FALLBACK)
  TOOLSSG_XT_GLES (TSG_XT_GLES, TSGXt, TSG_QT_GLES_FALLBACK)
  TOOLSSG_XT_ZB (TSG_XT_ZB, TSGXtZB)
  TOOLSSG_QT_GLES (TSG_QT_GLES, TSGQt, TSG)
  TOOLSSG_QT_ZB (TSG_QT_ZB, TSGQtZB)
Default graphics system is: TSG_OFFSCREEN (based on batch session).
Default window size hint is: 600x600-0+0 (based on G4VisManager initialisation).
Note: Parameters specified on the command line will override these defaults.
      Use "vis/open" without parameters to get these defaults.

Registering model factories...

You have successfully registered the following model factories.
Registered model factories:
  generic
  drawByAttribute
  drawByCharge
  drawByOriginVolume
  drawByParticleID
  drawByEncounteredVolume

Registered models:
  None

Registered filter factories:
  attributeFilter
  chargeFilter
  originVolumeFilter
  particleFilter
  encounteredVolumeFilter

Registered filters:
  None

You have successfully registered the following user vis actions.
Run Duration User Vis Actions: none
End of Event User Vis Actions: none
End of Run User Vis Actions: none

Some /vis commands (optionally) take a string to specify colour.
"/vis/list" to see available colours.
/run/verbose 1
/tracking/verbose 0
/event/verbose 0
/WLS/setPhotonDetGeometry Circle
/run/geometryModified
/WLS/setNumOfLayers 2
/run/geometryModified
/WLS/setSurfaceRoughness 0.999
/run/geometryModified
/WLS/setXYRatio 0.8
/run/geometryModified
/WLS/setWLSLength 1. m
/run/geometryModified
/WLS/setWLSRadius 0.5 mm
/run/geometryModified
/WLS/setClad1Radius 0.3 mm
/run/geometryModified
/WLS/setClad2Radius 0.1 mm
/run/geometryModified
/WLS/setPhotonDetHalfLength 0.6 mm
/run/geometryModified
/WLS/setGap 0.15 mm
/run/geometryModified
/WLS/setAlignment 0.1 deg
/run/geometryModified
/WLS/setMirror true
/run/geometryModified
/WLS/setBarLength 1.1 m
/run/geometryModified
/WLS/setBarBase 9.5 mm
/run/geometryModified
/WLS/setHoleRadius 0.9 mm
/run/geometryModified
/WLS/setCoatingThickness 0.3 mm
/run/geometryModified
/WLS/setCoatingRadius 1.775 mm
/run/geometryModified
/run/initialize
G4NistMaterialBuilder::FindOrBuildMaterial G4_Galactic
G4NistMaterialBuilder: BuildMaterial #286
New material nComponents= 1
G4NistElementBuilder: Build Element <H>  Z= 1  Aeff= 1.00794  with natural isotope composition
G4Material: Mean excitation energy is changed for G4_Galactic Iold= 19.2eV Inew= 21.8 eV
G4NistMaterialBuilder::FindOrBuildMaterial G4_AIR
G4NistMaterialBuilder: BuildMaterial #104
New material nComponents= 4
G4NistElementBuilder: Build Element <C>  Z= 6  Aeff= 12.0107  with natural isotope composition
G4NistElementBuilder: Build Element <N>  Z= 7  Aeff= 14.0068  with natural isotope composition
G4NistElementBuilder: Build Element <O>  Z= 8  Aeff= 15.9994  with natural isotope composition
G4NistElementBuilder: Build Element <Ar>  Z= 18  Aeff= 39.9477  with natural isotope composition
G4NistMaterialBuilder::FindOrBuildMaterial PMMA
G4NistMaterialBuilder::FindOrBuildMaterial WARNING: material <PMMA> is not found.
New material PMMA is prepared  nMaterials= 310 nComponents= 780 nCurrent= 3
G4NistMaterialBuilder: BuildMaterial #309
New material nComponents= 3
G4NistMaterialBuilder::FindOrBuildMaterial Pethylene
G4NistMaterialBuilder::FindOrBuildMaterial WARNING: material <Pethylene> is not found.
New material Pethylene is prepared  nMaterials= 311 nComponents= 783 nCurrent= 2
G4NistMaterialBuilder: BuildMaterial #310
New material nComponents= 2
G4NistMaterialBuilder::FindOrBuildMaterial FPethylene
G4NistMaterialBuilder::FindOrBuildMaterial WARNING: material <FPethylene> is not found.
New material FPethylene is prepared  nMaterials= 312 nComponents= 785 nCurrent= 2
G4NistMaterialBuilder: BuildMaterial #311
New material nComponents= 2
G4NistMaterialBuilder::FindOrBuildMaterial Polystyrene
G4NistMaterialBuilder::FindOrBuildMaterial WARNING: material <Polystyrene> is not found.
New material Polystyrene is prepared  nMaterials= 313 nComponents= 787 nCurrent= 2
G4NistMaterialBuilder: BuildMaterial #312
New material nComponents= 2
G4NistMaterialBuilder::FindOrBuildMaterial Silicone
G4NistMaterialBuilder::FindOrBuildMaterial WARNING: material <Silicone> is not found.
New material Silicone is prepared  nMaterials= 314 nComponents= 789 nCurrent= 2
G4NistMaterialBuilder: BuildMaterial #313
New material nComponents= 2
G4NistMaterialBuilder::FindOrBuildMaterial G4_Al
G4NistMaterialBuilder: BuildMaterial #13
New material nComponents= 1
G4NistElementBuilder: Build Element <Al>  Z= 13  Aeff= 26.9815  with natural isotope composition
G4NistMaterialBuilder::FindOrBuildMaterial TiO2
G4NistMaterialBuilder::FindOrBuildMaterial WARNING: material <TiO2> is not found.
New material TiO2 is prepared  nMaterials= 315 nComponents= 791 nCurrent= 2
G4NistMaterialBuilder: BuildMaterial #314
New material nComponents= 2
G4NistElementBuilder: Build Element <Ti>  Z= 22  Aeff= 47.8667  with natural isotope composition

 hInelastic FTFP_BERT : threshold between BERT and FTFP is over the interval 
 for pions :   3 to 6 GeV
 for kaons :   3 to 6 GeV
 for proton :  3 to 6 GeV
 for neutron : 3 to 6 GeV

### Adding tracking cuts for neutron  TimeCut(ns)= 10000  KinEnergyCut(MeV)= 0
### Birks coefficients used in run time
   Polystyrene     0.126 mm/MeV     0.01323 g/cm^2/MeV  massFactor=  101.167 effCharge= 0.027027
/hits/verbose 2
/process/optical/verbose 1
/run/physicsModified
/gps/particle e-
/gps/energy 10 MeV
/gps/pos/type Plane
/gps/pos/shape Circle
/gps/pos/radius 0.5 mm
/gps/pos/centre 0.0 0.0 0.0 cm
/gps/pos/rot1 0 1 0
/gps/pos/rot2 0 0 1
/gps/ang/type iso
/gps/ang/mintheta 0.0 deg
/gps/ang/maxtheta 90.0 deg
/run/printProgress 1
/run/beamOn 10
=======================================================================
======                 Electromagnetic Physics Parameters      ========
=======================================================================
LPM effect enabled                                 1
Enable creation and use of sampling tables         0
Apply cuts on all EM processes                     0
Use combined TransportationWithMsc                 Disabled
Use general process                                1
Enable linear polarisation for gamma               0
Enable photoeffect sampling below K-shell          1
Enable sampling of quantum entanglement            0
X-section factor for integral approach             0.8
Min kinetic energy for tables                      100 eV 
Max kinetic energy for tables                      100 TeV
Number of bins per decade of a table               20
Verbose level                                      1
Verbose level for worker thread                    0
Bremsstrahlung energy threshold above which 
  primary e+- is added to the list of secondary    100 TeV
Bremsstrahlung energy threshold above which primary
  muon/hadron is added to the list of secondary    100 TeV
Lowest triplet kinetic energy                      1 MeV
Enable sampling of gamma linear polarisation       0
5D gamma conversion model type                     0
5D gamma conversion model on isolated ion          0
Livermore data directory                           epics_2017
=======================================================================
======                 Ionisation Parameters                   ========
=======================================================================
Step function for e+-                              (0.2, 0.01 mm)
Step function for muons/hadrons                    (0.1, 0.05 mm)
Step function for light ions                       (0.1, 0.02 mm)
Step function for general ions                     (0.1, 0.001 mm)
Lowest e+e- kinetic energy                         100 eV 
Lowest muon/hadron kinetic energy                  1 keV
Use ICRU90 data                                    1
Fluctuations of dE/dx are enabled                  1
Type of fluctuation model for leptons and hadrons  Urban
Use built-in Birks satuaration                     1
Build CSDA range enabled                           0
Use cut as a final range enabled                   0
Enable angular generator interface                 1
Max kinetic energy for CSDA tables                 1 GeV
Max kinetic energy for NIEL computation            1 MeV
Linear loss limit                                  0.01
Read data from file for e+e- pair production by mu 0
=======================================================================
======                 Multiple Scattering Parameters          ========
=======================================================================
Type of msc step limit algorithm for e+-           2
Type of msc step limit algorithm for muons/hadrons 0
Msc lateral displacement for e+- enabled           1
Msc lateral displacement for muons and hadrons     1
Urban msc model lateral displacement alg96         1
Range factor for msc step limit for e+-            0.08
Range factor for msc step limit for muons/hadrons  0.2
Geometry factor for msc step limitation of e+-     2.5
Safety factor for msc step limit for e+-           0.6
Skin parameter for msc step limitation of e+-      3
Lambda limit for msc step limit for e+-            1 mm
Use Mott correction for e- scattering              1
Factor used for dynamic computation of angular 
  limit between single and multiple scattering     1
Fixed angular limit between single 
  and multiple scattering                          3.1416 rad
Upper energy limit for e+- multiple scattering     100 MeV
Type of electron single scattering model           0
Type of nuclear form-factor                        1
Screening factor                                   1
=======================================================================
======                 Atomic Deexcitation Parameters          ========
=======================================================================
Fluorescence enabled                               1
Directory in G4LEDATA for fluorescence data files  fluor
Auger electron cascade enabled                     0
PIXE atomic de-excitation enabled                  0
De-excitation module ignores cuts                  0
Type of PIXE cross section for hadrons             Empirical
Type of PIXE cross section for e+-                 Livermore
=======================================================================

### ===  Deexcitation model UAtomDeexcitation is activated for 1 region:
          DefaultRegionForTheWorld  1  0  0
### ===  Ignore cuts flag:   0

phot:  for gamma SubType=12 BuildTable=0
      LambdaPrime table from 200 keV to 100 TeV in 174 bins 
      ===== EM models for the G4Region  DefaultRegionForTheWorld ======
 LivermorePhElectric : Emin=    0 eV  Emax=  100 TeV  SauterGavrila Fluo

compt:  for gamma SubType=13 BuildTable=1
      Lambda table from 100 eV  to 1 MeV, 20 bins/decade, spline: 1
      LambdaPrime table from 1 MeV to 100 TeV in 160 bins 
      ===== EM models for the G4Region  DefaultRegionForTheWorld ======
   LowEPComptonModel : Emin=    0 eV  Emax=   20 MeV Fluo
        KleinNishina : Emin=   20 MeV Emax=  100 TeV Fluo

conv:  for gamma SubType=14 BuildTable=1
      Lambda table from 1.022 MeV to 100 TeV, 20 bins/decade, spline: 1
      ===== EM models for the G4Region  DefaultRegionForTheWorld ======
      BetheHeitler5D : Emin=    0 eV  Emax=  100 TeV  ModifiedTsai

Rayl:  for gamma SubType=11 BuildTable=1
      Lambda table from 100 eV  to 150 keV, 20 bins/decade, spline: 0
      LambdaPrime table from 150 keV to 100 TeV in 176 bins 
      ===== EM models for the G4Region  DefaultRegionForTheWorld ======
   LivermoreRayleigh : Emin=    0 eV  Emax=  100 TeV  CullenGenerator

msc:  for e-  SubType= 10
      ===== EM models for the G4Region  DefaultRegionForTheWorld ======
  GoudsmitSaunderson : Emin=    0 eV  Emax=  100 MeV Nbins=120 100 eV  - 100 MeV
          StepLim=SafetyPlus Rfact=0.08 Gfact=2.5 Sfact=0.6 DispFlag:1 Skin=3 Llim=1 mm
        WentzelVIUni : Emin=  100 MeV Emax=  100 TeV Nbins=120 100 MeV - 100 TeV
          StepLim=SafetyPlus Rfact=0.08 Gfact=2.5 Sfact=0.6 DispFlag:1 Skin=3 Llim=1 mm

eIoni:  for e-  XStype:3  SubType=2
      dE/dx and range tables from 100 eV  to 100 TeV in 240 bins
      Lambda tables from threshold to 100 TeV, 20 bins/decade, spline: 1
      StepFunction=(0.2, 0.01 mm), integ: 3, fluct: 1, linLossLim= 0.01
      ===== EM models for the G4Region  DefaultRegionForTheWorld ======
             PenIoni : Emin=    0 eV  Emax=  100 keV
        MollerBhabha : Emin=  100 keV Emax=  100 TeV  deltaVI

eBrem:  for e-  XStype:4  SubType=3
      dE/dx and range tables from 100 eV  to 100 TeV in 240 bins
      Lambda tables from threshold to 100 TeV, 20 bins/decade, spline: 1
      LPM flag: 1 for E > 1 GeV,  VertexHighEnergyTh(GeV)= 100000
      ===== EM models for the G4Region  DefaultRegionForTheWorld ======
             eBremSB : Emin=    0 eV  Emax=    1 GeV  AngularGen2BS
            eBremLPM : Emin=    1 GeV Emax=  100 TeV  AngularGen2BS

ePairProd:  for e-  XStype:1  SubType=4
      dE/dx and range tables from 100 eV  to 100 TeV in 240 bins
      Lambda tables from threshold to 100 TeV, 20 bins/decade, spline: 0
      Sampling table 25x1001 from 0.1 GeV to 100 TeV 
      ===== EM models for the G4Region  DefaultRegionForTheWorld ======
           ePairProd : Emin=    0 eV  Emax=  100 TeV  ModifiedMephi

CoulombScat:  for e- XStype:1 SubType=1 BuildTable=1
      Lambda table from 100 MeV to 100 TeV, 20 bins/decade, spline: 0
      ThetaMin(p) < Theta(degree) < 180, pLimit(GeV^1)= 0.139531
      ===== EM models for the G4Region  DefaultRegionForTheWorld ======
  eCoulombScattering : Emin=  100 MeV Emax=  100 TeV

msc:  for e+  SubType= 10
      ===== EM models for the G4Region  DefaultRegionForTheWorld ======
  GoudsmitSaunderson : Emin=    0 eV  Emax=  100 MeV Nbins=120 100 eV  - 100 MeV
          StepLim=SafetyPlus Rfact=0.08 Gfact=2.5 Sfact=0.6 DispFlag:1 Skin=3 Llim=1 mm
        WentzelVIUni : Emin=  100 MeV Emax=  100 TeV Nbins=120 100 MeV - 100 TeV
          StepLim=SafetyPlus Rfact=0.08 Gfact=2.5 Sfact=0.6 DispFlag:1 Skin=3 Llim=1 mm

eIoni:  for e+  XStype:3  SubType=2
      dE/dx and range tables from 100 eV  to 100 TeV in 240 bins
      Lambda tables from threshold to 100 TeV, 20 bins/decade, spline: 1
      StepFunction=(0.2, 0.01 mm), integ: 3, fluct: 1, linLossLim= 0.01
      ===== EM models for the G4Region  DefaultRegionForTheWorld ======
             PenIoni : Emin=    0 eV  Emax=  100 keV
        MollerBhabha : Emin=  100 keV Emax=  100 TeV  deltaVI

eBrem:  for e+  XStype:4  SubType=3
      dE/dx and range tables from 100 eV  to 100 TeV in 240 bins
      Lambda tables from threshold to 100 TeV, 20 bins/decade, spline: 1
      LPM flag: 1 for E > 1 GeV,  VertexHighEnergyTh(GeV)= 100000
      ===== EM models for the G4Region  DefaultRegionForTheWorld ======
             eBremSB : Emin=    0 eV  Emax=    1 GeV  AngularGen2BS
            eBremLPM : Emin=    1 GeV Emax=  100 TeV  AngularGen2BS

ePairProd:  for e+  XStype:1  SubType=4
      dE/dx and range tables from 100 eV  to 100 TeV in 240 bins
      Lambda tables from threshold to 100 TeV, 20 bins/decade, spline: 0
      Sampling table 25x1001 from 0.1 GeV to 100 TeV 
      ===== EM models for the G4Region  DefaultRegionForTheWorld ======
           ePairProd : Emin=    0 eV  Emax=  100 TeV  ModifiedMephi

annihil:  for e+ XStype:2 SubType=5 BuildTable=0
      ===== EM models for the G4Region  DefaultRegionForTheWorld ======
            eplus2gg : Emin=    0 eV  Emax=  100 TeV

CoulombScat:  for e+ XStype:1 SubType=1 BuildTable=1
      Lambda table from 100 MeV to 100 TeV, 20 bins/decade, spline: 0
      ThetaMin(p) < Theta(degree) < 180, pLimit(GeV^1)= 0.139531
      ===== EM models for the G4Region  DefaultRegionForTheWorld ======
  eCoulombScattering : Emin=  100 MeV Emax=  100 TeV

msc:  for proton  SubType= 10
      ===== EM models for the G4Region  DefaultRegionForTheWorld ======
        WentzelVIUni : Emin=    0 eV  Emax=  100 TeV Nbins=240 100 eV  - 100 TeV
          StepLim=Minimal Rfact=0.2 Gfact=2.5 Sfact=0.6 DispFlag:1 Skin=3 Llim=1 mm

hIoni:  for proton  XStype:3  SubType=2
      dE/dx and range tables from 100 eV  to 100 TeV in 240 bins
      Lambda tables from threshold to 100 TeV, 20 bins/decade, spline: 1
      StepFunction=(0.1, 0.05 mm), integ: 3, fluct: 1, linLossLim= 0.01
      ===== EM models for the G4Region  DefaultRegionForTheWorld ======
               Bragg : Emin=    0 eV  Emax=    2 MeV  deltaVI
          BetheBloch : Emin=    2 MeV Emax=  100 TeV  deltaVI

hBrems:  for proton  XStype:1  SubType=3
      dE/dx and range tables from 100 eV  to 100 TeV in 240 bins
      Lambda tables from threshold to 100 TeV, 20 bins/decade, spline: 1
      ===== EM models for the G4Region  DefaultRegionForTheWorld ======
               hBrem : Emin=    0 eV  Emax=  100 TeV  ModifiedMephi

hPairProd:  for proton  XStype:1  SubType=4
      dE/dx and range tables from 100 eV  to 100 TeV in 240 bins
      Lambda tables from threshold to 100 TeV, 20 bins/decade, spline: 1
      Sampling table 17x1001 from 7.50618 GeV to 100 TeV 
      ===== EM models for the G4Region  DefaultRegionForTheWorld ======
           hPairProd : Emin=    0 eV  Emax=  100 TeV  ModifiedMephi

CoulombScat:  for proton XStype:1 SubType=1 BuildTable=1
      Lambda table from threshold  to 100 TeV, 20 bins/decade, spline: 0
      ThetaMin(p) < Theta(degree) < 180, pLimit(GeV^1)= 0.139531
      ===== EM models for the G4Region  DefaultRegionForTheWorld ======
  eCoulombScattering : Emin=    0 eV  Emax=  100 TeV

nuclearStopping:  for proton SubType=8 BuildTable=0
      ===== EM models for the G4Region  DefaultRegionForTheWorld ======
   ICRU49NucStopping : Emin=    0 eV  Emax=    1 MeV

msc:  for GenericIon  SubType= 10
      ===== EM models for the G4Region  DefaultRegionForTheWorld ======
            UrbanMsc : Emin=    0 eV  Emax=  100 TeV
          StepLim=Minimal Rfact=0.2 Gfact=2.5 Sfact=0.6 DispFlag:1 Skin=3 Llim=1 mm

ionIoni:  for GenericIon  XStype:3  SubType=2
      dE/dx and range tables from 100 eV  to 100 TeV in 240 bins
      Lambda tables from threshold to 100 TeV, 20 bins/decade, spline: 1
      StepFunction=(0.1, 0.001 mm), integ: 3, fluct: 1, linLossLim= 0.02
      ===== EM models for the G4Region  DefaultRegionForTheWorld ======
    LindhardSorensen : Emin=    0 eV  Emax=  100 TeV  deltaVI

nuclearStopping:  for GenericIon SubType=8 BuildTable=0
      ===== EM models for the G4Region  DefaultRegionForTheWorld ======
   ICRU49NucStopping : Emin=    0 eV  Emax=    1 MeV

msc:  for alpha  SubType= 10
      ===== EM models for the G4Region  DefaultRegionForTheWorld ======
            UrbanMsc : Emin=    0 eV  Emax=  100 TeV
          StepLim=Minimal Rfact=0.2 Gfact=2.5 Sfact=0.6 DispFlag:1 Skin=3 Llim=1 mm

ionIoni:  for alpha  XStype:3  SubType=2
      dE/dx and range tables from 100 eV  to 100 TeV in 240 bins
      Lambda tables from threshold to 100 TeV, 20 bins/decade, spline: 1
      StepFunction=(0.1, 0.02 mm), integ: 3, fluct: 1, linLossLim= 0.02
      ===== EM models for the G4Region  DefaultRegionForTheWorld ======
            BraggIon : Emin=    0 eV  Emax=7.9452 MeV  deltaVI
          BetheBloch : Emin=7.9452 MeV Emax=  100 TeV  deltaVI

nuclearStopping:  for alpha SubType=8 BuildTable=0
      ===== EM models for the G4Region  DefaultRegionForTheWorld ======
   ICRU49NucStopping : Emin=    0 eV  Emax=    1 MeV

msc:  for anti_proton  SubType= 10
      ===== EM models for the G4Region  DefaultRegionForTheWorld ======
        WentzelVIUni : Emin=    0 eV  Emax=  100 TeV Nbins=240 100 eV  - 100 TeV
          StepLim=Minimal Rfact=0.2 Gfact=2.5 Sfact=0.6 DispFlag:1 Skin=3 Llim=1 mm

hIoni:  for anti_proton  XStype:3  SubType=2
      dE/dx and range tables from 100 eV  to 100 TeV in 240 bins
      Lambda tables from threshold to 100 TeV, 20 bins/decade, spline: 1
      StepFunction=(0.1, 0.05 mm), integ: 3, fluct: 1, linLossLim= 0.01
      ===== EM models for the G4Region  DefaultRegionForTheWorld ======
            ICRU73QO : Emin=    0 eV  Emax=    2 MeV  deltaVI
          BetheBloch : Emin=    2 MeV Emax=  100 TeV  deltaVI

hBrems:  for anti_proton  XStype:1  SubType=3
      dE/dx and range tables from 100 eV  to 100 TeV in 240 bins
      Lambda tables from threshold to 100 TeV, 20 bins/decade, spline: 1
      ===== EM models for the G4Region  DefaultRegionForTheWorld ======
               hBrem : Emin=    0 eV  Emax=  100 TeV  ModifiedMephi

hPairProd:  for anti_proton  XStype:1  SubType=4
      dE/dx and range tables from 100 eV  to 100 TeV in 240 bins
      Lambda tables from threshold to 100 TeV, 20 bins/decade, spline: 1
      Sampling table 17x1001 from 7.50618 GeV to 100 TeV 
      ===== EM models for the G4Region  DefaultRegionForTheWorld ======
           hPairProd : Emin=    0 eV  Emax=  100 TeV  ModifiedMephi

CoulombScat:  for anti_proton XStype:1 SubType=1 BuildTable=1
      Lambda table from threshold  to 100 TeV, 20 bins/decade, spline: 0
      ThetaMin(p) < Theta(degree) < 180, pLimit(GeV^1)= 0.139531
      ===== EM models for the G4Region  DefaultRegionForTheWorld ======
  eCoulombScattering : Emin=    0 eV  Emax=  100 TeV

msc:  for kaon+  SubType= 10
      ===== EM models for the G4Region  DefaultRegionForTheWorld ======
        WentzelVIUni : Emin=    0 eV  Emax=  100 TeV Nbins=240 100 eV  - 100 TeV
          StepLim=Minimal Rfact=0.2 Gfact=2.5 Sfact=0.6 DispFlag:1 Skin=3 Llim=1 mm

hIoni:  for kaon+  XStype:3  SubType=2
      dE/dx and range tables from 100 eV  to 100 TeV in 240 bins
      Lambda tables from threshold to 100 TeV, 20 bins/decade, spline: 1
      StepFunction=(0.1, 0.05 mm), integ: 3, fluct: 1, linLossLim= 0.01
      ===== EM models for the G4Region  DefaultRegionForTheWorld ======
               Bragg : Emin=    0 eV  Emax=1.05231 MeV  deltaVI
          BetheBloch : Emin=1.05231 MeV Emax=  100 TeV  deltaVI

hBrems:  for kaon+  XStype:1  SubType=3
      dE/dx and range tables from 100 eV  to 100 TeV in 240 bins
      Lambda tables from threshold to 100 TeV, 20 bins/decade, spline: 1
      ===== EM models for the G4Region  DefaultRegionForTheWorld ======
               hBrem : Emin=    0 eV  Emax=  100 TeV  ModifiedMephi

hPairProd:  for kaon+  XStype:1  SubType=4
      dE/dx and range tables from 100 eV  to 100 TeV in 240 bins
      Lambda tables from threshold to 100 TeV, 20 bins/decade, spline: 1
      Sampling table 18x1001 from 3.94942 GeV to 100 TeV 
      ===== EM models for the G4Region  DefaultRegionForTheWorld ======
           hPairProd : Emin=    0 eV  Emax=  100 TeV  ModifiedMephi

CoulombScat:  for kaon+ XStype:1 SubType=1 BuildTable=1
      Lambda table from threshold  to 100 TeV, 20 bins/decade, spline: 0
      ThetaMin(p) < Theta(degree) < 180, pLimit(GeV^1)= 0.139531
      ===== EM models for the G4Region  DefaultRegionForTheWorld ======
  eCoulombScattering : Emin=    0 eV  Emax=  100 TeV

msc:  for kaon-  SubType= 10
      ===== EM models for the G4Region  DefaultRegionForTheWorld ======
        WentzelVIUni : Emin=    0 eV  Emax=  100 TeV Nbins=240 100 eV  - 100 TeV
          StepLim=Minimal Rfact=0.2 Gfact=2.5 Sfact=0.6 DispFlag:1 Skin=3 Llim=1 mm

hIoni:  for kaon-  XStype:3  SubType=2
      dE/dx and range tables from 100 eV  to 100 TeV in 240 bins
      Lambda tables from threshold to 100 TeV, 20 bins/decade, spline: 1
      StepFunction=(0.1, 0.05 mm), integ: 3, fluct: 1, linLossLim= 0.01
      ===== EM models for the G4Region  DefaultRegionForTheWorld ======
            ICRU73QO : Emin=    0 eV  Emax=1.05231 MeV  deltaVI
          BetheBloch : Emin=1.05231 MeV Emax=  100 TeV  deltaVI

hBrems:  for kaon-  XStype:1  SubType=3
      dE/dx and range tables from 100 eV  to 100 TeV in 240 bins
      Lambda tables from threshold to 100 TeV, 20 bins/decade, spline: 1
      ===== EM models for the G4Region  DefaultRegionForTheWorld ======
               hBrem : Emin=    0 eV  Emax=  100 TeV  ModifiedMephi

hPairProd:  for kaon-  XStype:1  SubType=4
      dE/dx and range tables from 100 eV  to 100 TeV in 240 bins
      Lambda tables from threshold to 100 TeV, 20 bins/decade, spline: 1
      Sampling table 18x1001 from 3.94942 GeV to 100 TeV 
      ===== EM models for the G4Region  DefaultRegionForTheWorld ======
           hPairProd : Emin=    0 eV  Emax=  100 TeV  ModifiedMephi

CoulombScat:  for kaon- XStype:1 SubType=1 BuildTable=1
      Used Lambda table of kaon+
      ThetaMin(p) < Theta(degree) < 180, pLimit(GeV^1)= 0.139531
      ===== EM models for the G4Region  DefaultRegionForTheWorld ======
  eCoulombScattering : Emin=    0 eV  Emax=  100 TeV

msc:  for mu+  SubType= 10
      ===== EM models for the G4Region  DefaultRegionForTheWorld ======
        WentzelVIUni : Emin=    0 eV  Emax=  100 TeV Nbins=240 100 eV  - 100 TeV
          StepLim=Minimal Rfact=0.2 Gfact=2.5 Sfact=0.6 DispFlag:1 Skin=3 Llim=1 mm

muIoni:  for mu+  XStype:3  SubType=2
      dE/dx and range tables from 100 eV  to 100 TeV in 240 bins
      Lambda tables from threshold to 100 TeV, 20 bins/decade, spline: 1
      StepFunction=(0.1, 0.05 mm), integ: 3, fluct: 1, linLossLim= 0.01
      ===== EM models for the G4Region  DefaultRegionForTheWorld ======
               Bragg : Emin=    0 eV  Emax=  200 keV  deltaVI
        MuBetheBloch : Emin=  200 keV Emax=  100 TeV  deltaVI

muBrems:  for mu+  XStype:1  SubType=3
      dE/dx and range tables from 100 eV  to 100 TeV in 240 bins
      Lambda tables from threshold to 100 TeV, 20 bins/decade, spline: 1
      ===== EM models for the G4Region  DefaultRegionForTheWorld ======
              MuBrem : Emin=    0 eV  Emax=  100 TeV  ModifiedMephi

muPairProd:  for mu+  XStype:1  SubType=4
      dE/dx and range tables from 100 eV  to 100 TeV in 240 bins
      Lambda tables from threshold to 100 TeV, 20 bins/decade, spline: 1
      Sampling table 21x1001 from 0.85 GeV to 100 TeV 
      ===== EM models for the G4Region  DefaultRegionForTheWorld ======
          muPairProd : Emin=    0 eV  Emax=  100 TeV  ModifiedMephi

CoulombScat:  for mu+ XStype:1 SubType=1 BuildTable=1
      Lambda table from threshold  to 100 TeV, 20 bins/decade, spline: 0
      ThetaMin(p) < Theta(degree) < 180, pLimit(GeV^1)= 0.139531
      ===== EM models for the G4Region  DefaultRegionForTheWorld ======
  eCoulombScattering : Emin=    0 eV  Emax=  100 TeV

msc:  for mu-  SubType= 10
      ===== EM models for the G4Region  DefaultRegionForTheWorld ======
        WentzelVIUni : Emin=    0 eV  Emax=  100 TeV Nbins=240 100 eV  - 100 TeV
          StepLim=Minimal Rfact=0.2 Gfact=2.5 Sfact=0.6 DispFlag:1 Skin=3 Llim=1 mm

muIoni:  for mu-  XStype:3  SubType=2
      dE/dx and range tables from 100 eV  to 100 TeV in 240 bins
      Lambda tables from threshold to 100 TeV, 20 bins/decade, spline: 1
      StepFunction=(0.1, 0.05 mm), integ: 3, fluct: 1, linLossLim= 0.01
      ===== EM models for the G4Region  DefaultRegionForTheWorld ======
            ICRU73QO : Emin=    0 eV  Emax=  200 keV  deltaVI
        MuBetheBloch : Emin=  200 keV Emax=  100 TeV  deltaVI

muBrems:  for mu-  XStype:1  SubType=3
      dE/dx and range tables from 100 eV  to 100 TeV in 240 bins
      Lambda tables from threshold to 100 TeV, 20 bins/decade, spline: 1
      ===== EM models for the G4Region  DefaultRegionForTheWorld ======
              MuBrem : Emin=    0 eV  Emax=  100 TeV  ModifiedMephi

muPairProd:  for mu-  XStype:1  SubType=4
      dE/dx and range tables from 100 eV  to 100 TeV in 240 bins
      Lambda tables from threshold to 100 TeV, 20 bins/decade, spline: 1
      Sampling table 21x1001 from 0.85 GeV to 100 TeV 
      ===== EM models for the G4Region  DefaultRegionForTheWorld ======
          muPairProd : Emin=    0 eV  Emax=  100 TeV  ModifiedMephi

CoulombScat:  for mu- XStype:1 SubType=1 BuildTable=1
      Used Lambda table of mu+
      ThetaMin(p) < Theta(degree) < 180, pLimit(GeV^1)= 0.139531
      ===== EM models for the G4Region  DefaultRegionForTheWorld ======
  eCoulombScattering : Emin=    0 eV  Emax=  100 TeV

msc:  for pi+  SubType= 10
      ===== EM models for the G4Region  DefaultRegionForTheWorld ======
        WentzelVIUni : Emin=    0 eV  Emax=  100 TeV Nbins=240 100 eV  - 100 TeV
          StepLim=Minimal Rfact=0.2 Gfact=2.5 Sfact=0.6 DispFlag:1 Skin=3 Llim=1 mm

hIoni:  for pi+  XStype:3  SubType=2
      dE/dx and range tables from 100 eV  to 100 TeV in 240 bins
      Lambda tables from threshold to 100 TeV, 20 bins/decade, spline: 1
      StepFunction=(0.1, 0.05 mm), integ: 3, fluct: 1, linLossLim= 0.01
      ===== EM models for the G4Region  DefaultRegionForTheWorld ======
               Bragg : Emin=    0 eV  Emax=297.505 keV  deltaVI
          BetheBloch : Emin=297.505 keV Emax=  100 TeV  deltaVI

hBrems:  for pi+  XStype:1  SubType=3
      dE/dx and range tables from 100 eV  to 100 TeV in 240 bins
      Lambda tables from threshold to 100 TeV, 20 bins/decade, spline: 1
      ===== EM models for the G4Region  DefaultRegionForTheWorld ======
               hBrem : Emin=    0 eV  Emax=  100 TeV  ModifiedMephi

hPairProd:  for pi+  XStype:1  SubType=4
      dE/dx and range tables from 100 eV  to 100 TeV in 240 bins
      Lambda tables from threshold to 100 TeV, 20 bins/decade, spline: 1
      Sampling table 20x1001 from 1.11656 GeV to 100 TeV 
      ===== EM models for the G4Region  DefaultRegionForTheWorld ======
           hPairProd : Emin=    0 eV  Emax=  100 TeV  ModifiedMephi

CoulombScat:  for pi+ XStype:1 SubType=1 BuildTable=1
      Lambda table from threshold  to 100 TeV, 20 bins/decade, spline: 0
      ThetaMin(p) < Theta(degree) < 180, pLimit(GeV^1)= 0.139531
      ===== EM models for the G4Region  DefaultRegionForTheWorld ======
  eCoulombScattering : Emin=    0 eV  Emax=  100 TeV

msc:  for pi-  SubType= 10
      ===== EM models for the G4Region  DefaultRegionForTheWorld ======
        WentzelVIUni : Emin=    0 eV  Emax=  100 TeV Nbins=240 100 eV  - 100 TeV
          StepLim=Minimal Rfact=0.2 Gfact=2.5 Sfact=0.6 DispFlag:1 Skin=3 Llim=1 mm

hIoni:  for pi-  XStype:3  SubType=2
      dE/dx and range tables from 100 eV  to 100 TeV in 240 bins
      Lambda tables from threshold to 100 TeV, 20 bins/decade, spline: 1
      StepFunction=(0.1, 0.05 mm), integ: 3, fluct: 1, linLossLim= 0.01
      ===== EM models for the G4Region  DefaultRegionForTheWorld ======
            ICRU73QO : Emin=    0 eV  Emax=297.505 keV  deltaVI
          BetheBloch : Emin=297.505 keV Emax=  100 TeV  deltaVI

hBrems:  for pi-  XStype:1  SubType=3
      dE/dx and range tables from 100 eV  to 100 TeV in 240 bins
      Lambda tables from threshold to 100 TeV, 20 bins/decade, spline: 1
      ===== EM models for the G4Region  DefaultRegionForTheWorld ======
               hBrem : Emin=    0 eV  Emax=  100 TeV  ModifiedMephi

hPairProd:  for pi-  XStype:1  SubType=4
      dE/dx and range tables from 100 eV  to 100 TeV in 240 bins
      Lambda tables from threshold to 100 TeV, 20 bins/decade, spline: 1
      Sampling table 20x1001 from 1.11656 GeV to 100 TeV 
      ===== EM models for the G4Region  DefaultRegionForTheWorld ======
           hPairProd : Emin=    0 eV  Emax=  100 TeV  ModifiedMephi

CoulombScat:  for pi- XStype:1 SubType=1 BuildTable=1
      Used Lambda table of pi+
      ThetaMin(p) < Theta(degree) < 180, pLimit(GeV^1)= 0.139531
      ===== EM models for the G4Region  DefaultRegionForTheWorld ======
  eCoulombScattering : Emin=    0 eV  Emax=  100 TeV

====================================================================
                  HADRONIC PROCESSES SUMMARY (verbose level 1)
-----------------------------------------------------------------------
                           Hadronic Processes for neutron
  Process: hadElastic
        Model:             hElasticCHIPS: 0 eV  ---> 100 TeV
     Cr_sctns:        G4NeutronElasticXS: 0 eV  ---> 100 TeV
  Process: neutronInelastic
        Model:                      FTFP: 3 GeV ---> 100 TeV
        Model:            BertiniCascade: 0 eV  ---> 6 GeV
     Cr_sctns:      G4NeutronInelasticXS: 0 eV  ---> 100 TeV
  Process: nCapture
        Model:               nRadCapture: 0 eV  ---> 100 TeV
     Cr_sctns:        G4NeutronCaptureXS: 0 eV  ---> 100 TeV
  Process: nKiller
-----------------------------------------------------------------------
                           Hadronic Processes for B-
  Process: hadElastic
        Model:              hElasticLHEP: 0 eV  ---> 100 TeV
     Cr_sctns:            Glauber-Gribov: 0 eV  ---> 100 TeV
  Process: B-Inelastic
        Model:                      FTFP: 0 eV  ---> 100 TeV
     Cr_sctns:            Glauber-Gribov: 0 eV  ---> 100 TeV
-----------------------------------------------------------------------
                           Hadronic Processes for D-
  Process: hadElastic
        Model:              hElasticLHEP: 0 eV  ---> 100 TeV
     Cr_sctns:            Glauber-Gribov: 0 eV  ---> 100 TeV
  Process: D-Inelastic
        Model:                      FTFP: 0 eV  ---> 100 TeV
     Cr_sctns:            Glauber-Gribov: 0 eV  ---> 100 TeV
-----------------------------------------------------------------------
                           Hadronic Processes for GenericIon
  Process: ionInelastic
        Model:  Binary Light Ion Cascade: 0 eV /n ---> 6 GeV/n
        Model:                      FTFP: 3 GeV/n ---> 100 TeV/n
     Cr_sctns:  Glauber-Gribov Nucl-nucl: 0 eV  ---> 25.6 PeV
-----------------------------------------------------------------------
                           Hadronic Processes for He3
  Process: hadElastic
        Model:              hElasticLHEP: 0 eV /n ---> 100 TeV/n
     Cr_sctns:  Glauber-Gribov Nucl-nucl: 0 eV  ---> 25.6 PeV
  Process: He3Inelastic
        Model:  Binary Light Ion Cascade: 0 eV /n ---> 6 GeV/n
        Model:                      FTFP: 3 GeV/n ---> 100 TeV/n
     Cr_sctns:  Glauber-Gribov Nucl-nucl: 0 eV  ---> 25.6 PeV
-----------------------------------------------------------------------
                           Hadronic Processes for alpha
  Process: hadElastic
        Model:              hElasticLHEP: 0 eV /n ---> 100 TeV/n
     Cr_sctns:  Glauber-Gribov Nucl-nucl: 0 eV  ---> 25.6 PeV
  Process: alphaInelastic
        Model:  Binary Light Ion Cascade: 0 eV /n ---> 6 GeV/n
        Model:                      FTFP: 3 GeV/n ---> 100 TeV/n
     Cr_sctns:  Glauber-Gribov Nucl-nucl: 0 eV  ---> 25.6 PeV
-----------------------------------------------------------------------
                           Hadronic Processes for anti_He3
  Process: hadElastic
        Model:              hElasticLHEP: 0 eV /n ---> 100.1 MeV/n
        Model:              AntiAElastic: 100 MeV/n ---> 100 TeV/n
     Cr_sctns:              AntiAGlauber: 0 eV  ---> 25.6 PeV
  Process: anti_He3Inelastic
        Model:                      FTFP: 0 eV /n ---> 100 TeV/n
     Cr_sctns:              AntiAGlauber: 0 eV  ---> 25.6 PeV
  Process: hFritiofCaptureAtRest
-----------------------------------------------------------------------
                           Hadronic Processes for anti_alpha
  Process: hadElastic
        Model:              hElasticLHEP: 0 eV /n ---> 100.1 MeV/n
        Model:              AntiAElastic: 100 MeV/n ---> 100 TeV/n
     Cr_sctns:              AntiAGlauber: 0 eV  ---> 25.6 PeV
  Process: anti_alphaInelastic
        Model:                      FTFP: 0 eV /n ---> 100 TeV/n
     Cr_sctns:              AntiAGlauber: 0 eV  ---> 25.6 PeV
  Process: hFritiofCaptureAtRest
-----------------------------------------------------------------------
                           Hadronic Processes for anti_deuteron
  Process: hadElastic
        Model:              hElasticLHEP: 0 eV /n ---> 100.1 MeV/n
        Model:              AntiAElastic: 100 MeV/n ---> 100 TeV/n
     Cr_sctns:              AntiAGlauber: 0 eV  ---> 25.6 PeV
  Process: anti_deuteronInelastic
        Model:                      FTFP: 0 eV /n ---> 100 TeV/n
     Cr_sctns:              AntiAGlauber: 0 eV  ---> 25.6 PeV
  Process: hFritiofCaptureAtRest
-------------------------------------------------------------------------
                           Hadronic Processes for anti_hypertriton
  Process: hFritiofCaptureAtRest
-----------------------------------------------------------------------
                           Hadronic Processes for anti_lambda
  Process: hadElastic
        Model:              hElasticLHEP: 0 eV  ---> 100 TeV
     Cr_sctns:            Glauber-Gribov: 0 eV  ---> 100 TeV
  Process: anti_lambdaInelastic
        Model:                      FTFP: 0 eV  ---> 100 TeV
     Cr_sctns:            Glauber-Gribov: 0 eV  ---> 100 TeV
  Process: hFritiofCaptureAtRest
-----------------------------------------------------------------------
                           Hadronic Processes for anti_neutron
  Process: hadElastic
        Model:              hElasticLHEP: 0 eV  ---> 100.1 MeV
        Model:              AntiAElastic: 100 MeV ---> 100 TeV
     Cr_sctns:              AntiAGlauber: 0 eV  ---> 25.6 PeV
  Process: anti_neutronInelastic
        Model:                      FTFP: 0 eV  ---> 100 TeV
     Cr_sctns:              AntiAGlauber: 0 eV  ---> 25.6 PeV
  Process: hFritiofCaptureAtRest
-----------------------------------------------------------------------
                           Hadronic Processes for anti_proton
  Process: hadElastic
        Model:              hElasticLHEP: 0 eV  ---> 100.1 MeV
        Model:              AntiAElastic: 100 MeV ---> 100 TeV
     Cr_sctns:              AntiAGlauber: 0 eV  ---> 25.6 PeV
  Process: anti_protonInelastic
        Model:                      FTFP: 0 eV  ---> 100 TeV
     Cr_sctns:              AntiAGlauber: 0 eV  ---> 25.6 PeV
  Process: hFritiofCaptureAtRest
-----------------------------------------------------------------------
                           Hadronic Processes for anti_triton
  Process: hadElastic
        Model:              hElasticLHEP: 0 eV /n ---> 100.1 MeV/n
        Model:              AntiAElastic: 100 MeV/n ---> 100 TeV/n
     Cr_sctns:              AntiAGlauber: 0 eV  ---> 25.6 PeV
  Process: anti_tritonInelastic
        Model:                      FTFP: 0 eV /n ---> 100 TeV/n
     Cr_sctns:              AntiAGlauber: 0 eV  ---> 25.6 PeV
  Process: hFritiofCaptureAtRest
-----------------------------------------------------------------------
                           Hadronic Processes for deuteron
  Process: hadElastic
        Model:              hElasticLHEP: 0 eV /n ---> 100 TeV/n
     Cr_sctns:  Glauber-Gribov Nucl-nucl: 0 eV  ---> 25.6 PeV
  Process: dInelastic
        Model:  Binary Light Ion Cascade: 0 eV /n ---> 6 GeV/n
        Model:                      FTFP: 3 GeV/n ---> 100 TeV/n
     Cr_sctns:  Glauber-Gribov Nucl-nucl: 0 eV  ---> 25.6 PeV
-----------------------------------------------------------------------
                           Hadronic Processes for e+
  Process: positronNuclear
        Model:   G4ElectroVDNuclearModel: 0 eV  ---> 1 PeV
     Cr_sctns:          ElectroNuclearXS: 0 eV  ---> 100 TeV
-----------------------------------------------------------------------
                           Hadronic Processes for e-
  Process: electronNuclear
        Model:   G4ElectroVDNuclearModel: 0 eV  ---> 1 PeV
     Cr_sctns:          ElectroNuclearXS: 0 eV  ---> 100 TeV
-----------------------------------------------------------------------
                           Hadronic Processes for gamma
  Process: photonNuclear
        Model:               GammaNPreco: 0 eV  ---> 200 MeV
        Model:            BertiniCascade: 199 MeV ---> 6 GeV
        Model:           TheoFSGenerator: 3 GeV ---> 100 TeV
     Cr_sctns:            GammaNuclearXS: 0 eV  ---> 100 TeV
-----------------------------------------------------------------------
                           Hadronic Processes for kaon+
  Process: hadElastic
        Model:              hElasticLHEP: 0 eV  ---> 100 TeV
     Cr_sctns:            Glauber-Gribov: 0 eV  ---> 100 TeV
  Process: kaon+Inelastic
        Model:                      FTFP: 3 GeV ---> 100 TeV
        Model:            BertiniCascade: 0 eV  ---> 6 GeV
     Cr_sctns:            Glauber-Gribov: 0 eV  ---> 100 TeV
-----------------------------------------------------------------------
                           Hadronic Processes for kaon-
  Process: hadElastic
        Model:              hElasticLHEP: 0 eV  ---> 100 TeV
     Cr_sctns:            Glauber-Gribov: 0 eV  ---> 100 TeV
  Process: kaon-Inelastic
        Model:                      FTFP: 3 GeV ---> 100 TeV
        Model:            BertiniCascade: 0 eV  ---> 6 GeV
     Cr_sctns:            Glauber-Gribov: 0 eV  ---> 100 TeV
  Process: hBertiniCaptureAtRest
-----------------------------------------------------------------------
                           Hadronic Processes for lambda
  Process: hadElastic
        Model:              hElasticLHEP: 0 eV  ---> 100 TeV
     Cr_sctns:            Glauber-Gribov: 0 eV  ---> 100 TeV
  Process: lambdaInelastic
        Model:                      FTFP: 3 GeV ---> 100 TeV
        Model:            BertiniCascade: 0 eV  ---> 6 GeV
     Cr_sctns:            Glauber-Gribov: 0 eV  ---> 100 TeV
-----------------------------------------------------------------------
                           Hadronic Processes for mu+
  Process: muonNuclear
        Model:      G4MuonVDNuclearModel: 0 eV  ---> 1 PeV
     Cr_sctns:     KokoulinMuonNuclearXS: 0 eV  ---> 100 TeV
-----------------------------------------------------------------------
                           Hadronic Processes for mu-
  Process: muonNuclear
        Model:      G4MuonVDNuclearModel: 0 eV  ---> 1 PeV
     Cr_sctns:     KokoulinMuonNuclearXS: 0 eV  ---> 100 TeV
  Process: muMinusCaptureAtRest
-----------------------------------------------------------------------
                           Hadronic Processes for pi+
  Process: hadElastic
        Model:           hElasticGlauber: 0 eV  ---> 100 TeV
     Cr_sctns:  BarashenkovGlauberGribov: 0 eV  ---> 100 TeV
  Process: pi+Inelastic
        Model:                      FTFP: 3 GeV ---> 100 TeV
        Model:            BertiniCascade: 0 eV  ---> 6 GeV
     Cr_sctns:  BarashenkovGlauberGribov: 0 eV  ---> 100 TeV
-----------------------------------------------------------------------
                           Hadronic Processes for pi-
  Process: hadElastic
        Model:           hElasticGlauber: 0 eV  ---> 100 TeV
     Cr_sctns:  BarashenkovGlauberGribov: 0 eV  ---> 100 TeV
  Process: pi-Inelastic
        Model:                      FTFP: 3 GeV ---> 100 TeV
        Model:            BertiniCascade: 0 eV  ---> 6 GeV
     Cr_sctns:  BarashenkovGlauberGribov: 0 eV  ---> 100 TeV
  Process: hBertiniCaptureAtRest
-----------------------------------------------------------------------
                           Hadronic Processes for proton
  Process: hadElastic
        Model:             hElasticCHIPS: 0 eV  ---> 100 TeV
     Cr_sctns:  BarashenkovGlauberGribov: 0 eV  ---> 100 TeV
  Process: protonInelastic
        Model:                      FTFP: 3 GeV ---> 100 TeV
        Model:            BertiniCascade: 0 eV  ---> 6 GeV
     Cr_sctns:  BarashenkovGlauberGribov: 0 eV  ---> 100 TeV
-----------------------------------------------------------------------
                           Hadronic Processes for sigma-
  Process: hadElastic
        Model:              hElasticLHEP: 0 eV  ---> 100 TeV
     Cr_sctns:            Glauber-Gribov: 0 eV  ---> 100 TeV
  Process: sigma-Inelastic
        Model:                      FTFP: 3 GeV ---> 100 TeV
        Model:            BertiniCascade: 0 eV  ---> 6 GeV
     Cr_sctns:            Glauber-Gribov: 0 eV  ---> 100 TeV
  Process: hBertiniCaptureAtRest
-----------------------------------------------------------------------
                           Hadronic Processes for triton
  Process: hadElastic
        Model:              hElasticLHEP: 0 eV /n ---> 100 TeV/n
     Cr_sctns:  Glauber-Gribov Nucl-nucl: 0 eV  ---> 25.6 PeV
  Process: tInelastic
        Model:  Binary Light Ion Cascade: 0 eV /n ---> 6 GeV/n
        Model:                      FTFP: 3 GeV/n ---> 100 TeV/n
     Cr_sctns:  Glauber-Gribov Nucl-nucl: 0 eV  ---> 25.6 PeV
=======================================================================
======       Geant4 Native Pre-compound Model Parameters       ========
=======================================================================
Type of pre-compound inverse x-section              3
Pre-compound model active                           1
Pre-compound excitation low energy                  100 keV
Pre-compound excitation high energy                 30 MeV
Angular generator for pre-compound model            1
Use NeverGoBack option for pre-compound model       0
Use SoftCutOff option for pre-compound model        0
Use CEM transitions for pre-compound model          1
Use GNASH transitions for pre-compound model        0
Use HETC submodel for pre-compound model            0
=======================================================================
======       Nuclear De-excitation Module Parameters           ========
=======================================================================
Type of de-excitation inverse x-section             3
Type of de-excitation factory                       Evaporation+GEM
Number of de-excitation channels                    68
Min excitation energy                               10 eV 
Min energy per nucleon for multifragmentation       200 GeV
Limit excitation energy for Fermi BreakUp           20 MeV
Level density (1/MeV)                               0.075
Use simple level density model                      1
Use discrete excitation energy of the residual      1
Time limit for long lived isomeres                  1 ns 
Isomer production flag                              1
Internal e- conversion flag                         1
Store e- internal conversion data                   0
Correlated gamma emission flag                      0
Max 2J for sampling of angular correlations         10
=======================================================================

========= Table of registered couples ============================

Index : 0     used in the geometry : Yes
 Material : G4_AIR
 Range cuts        :  gamma  700 um     e-  700 um     e+  700 um  proton 700 um 
 Energy thresholds :  gamma  990 eV     e-  990 eV     e+  990 eV  proton 70 keV
 Region(s) which use this couple : 
    DefaultRegionForTheWorld

Index : 1     used in the geometry : Yes
 Material : Coating
 Range cuts        :  gamma  700 um     e-  700 um     e+  700 um  proton 700 um 
 Energy thresholds :  gamma  2.94006 keV    e-  353.752 keV    e+  343.944 keV proton 70 keV
 Region(s) which use this couple : 
    DefaultRegionForTheWorld

Index : 2     used in the geometry : Yes
 Material : Polystyrene
 Range cuts        :  gamma  700 um     e-  700 um     e+  700 um  proton 700 um 
 Energy thresholds :  gamma  2.11747 keV    e-  283.267 keV    e+  276.345 keV proton 70 keV
 Region(s) which use this couple : 
    DefaultRegionForTheWorld

Index : 3     used in the geometry : Yes
 Material : FPethylene
 Range cuts        :  gamma  700 um     e-  700 um     e+  700 um  proton 700 um 
 Energy thresholds :  gamma  2.29509 keV    e-  361.129 keV    e+  351.337 keV proton 70 keV
 Region(s) which use this couple : 
    DefaultRegionForTheWorld

Index : 4     used in the geometry : Yes
 Material : Pethylene
 Range cuts        :  gamma  700 um     e-  700 um     e+  700 um  proton 700 um 
 Energy thresholds :  gamma  2.1663 keV    e-  325.767 keV    e+  317.398 keV proton 70 keV
 Region(s) which use this couple : 
    DefaultRegionForTheWorld

Index : 5     used in the geometry : Yes
 Material : PMMA
 Range cuts        :  gamma  700 um     e-  700 um     e+  700 um  proton 700 um 
 Energy thresholds :  gamma  2.41092 keV    e-  306.404 keV    e+  298.561 keV proton 70 keV
 Region(s) which use this couple : 
    DefaultRegionForTheWorld

Index : 6     used in the geometry : Yes
 Material : G4_Al
 Range cuts        :  gamma  700 um     e-  700 um     e+  700 um  proton 700 um 
 Energy thresholds :  gamma  5.84707 keV    e-  461.19 keV    e+  445.1 keV proton 70 keV
 Region(s) which use this couple : 
    DefaultRegionForTheWorld

==================================================================

G4VisManager: Using G4TrajectoryDrawByCharge as fallback trajectory model.
See commands in /vis/modeling/trajectories/ for other options.
### Run 0 starts.
... set ntuple merging row mode : row-wise - done
... create file : wls.root - done
... open analysis file : wls.root - done
... open analysis file : wls.root - done
--> Event 0 starts.

-------->Hits Collection: in this event there are 23 hits in the photon detector: 
Arrival time: 32.9602 ns Arrival position: (112.826 um , 71.9794 um ) Exit position: (158.259 um , 113.782 um ) Energy: 2.68774 eV 
Arrival time: 7.39308 ns Arrival position: (374.473 um , -135.384 um ) Exit position: (291.214 um , -9.23912 um ) Energy: 2.67057 eV 
Arrival time: 21.5429 ns Arrival position: (-13.7948 um , 17.0025 um ) Exit position: (-14.9362 um , 40.7796 um ) Energy: 2.48232 eV 
Arrival time: 12.2834 ns Arrival position: (390.377 um , 114.348 um ) Exit position: (291.256 um , 18.6868 um ) Energy: 2.71323 eV 
Arrival time: 9.79557 ns Arrival position: (301.168 um , 150.554 um ) Exit position: (335.465 um , 159.849 um ) Energy: 2.47566 eV 
Arrival time: 7.90193 ns Arrival position: (91.7364 um , 396.462 um ) Exit position: (166.064 um , 359.631 um ) Energy: 2.33611 eV 
Arrival time: 7.54326 ns Arrival position: (207.618 um , -352.631 um ) Exit position: (264.109 um , -273.211 um ) Energy: 2.71916 eV 
Arrival time: 10.4163 ns Arrival position: (-176.12 um , -101.703 um ) Exit position: (-143.004 um , -7.86116 um ) Energy: 2.73633 eV 
Arrival time: 21.1335 ns Arrival position: (-76.4791 um , 240.522 um ) Exit position: (-150.345 um , 150.217 um ) Energy: 2.61966 eV 
Arrival time: 10.5701 ns Arrival position: (-159.172 um , -125.502 um ) Exit position: (-298.606 um , -124.873 um ) Energy: 2.64534 eV 
Arrival time: 8.89014 ns Arrival position: (137.932 um , 82.0739 um ) Exit position: (201.237 um , 83.8902 um ) Energy: 2.78338 eV 
Arrival time: 14.8609 ns Arrival position: (-324.448 um , 319.747 um ) Exit position: (-114.134 um , 394.413 um ) Energy: 2.89413 eV 
Arrival time: 9.57878 ns Arrival position: (316.419 um , 459.702 um ) Exit position: ( 212.75 um , 408.455 um ) Energy: 2.45563 eV 
Arrival time: 37.5023 ns Arrival position: (458.954 um ,  -198.3 um ) Exit position: (328.436 um , -137.235 um ) Energy: 2.23903 eV 
Arrival time: 7.72229 ns Arrival position: (109.575 um , -137.174 um ) Exit position: (179.155 um , -162.417 um ) Energy: 2.89867 eV 
Arrival time: 36.6285 ns Arrival position: (209.959 um , 245.335 um ) Exit position: (198.028 um , 211.339 um ) Energy:  2.7246 eV 
Arrival time: 6.61864 ns Arrival position: ( 183.86 um , 308.205 um ) Exit position: (243.655 um , 276.334 um ) Energy: 2.37947 eV 
Arrival time: 14.9188 ns Arrival position: (-147.963 um , -22.2152 um ) Exit position: (-145.181 um , 38.5215 um ) Energy: 2.70406 eV 
Arrival time:    7.41 ns Arrival position: (-299.46 um , 233.858 um ) Exit position: (-333.99 um , 283.375 um ) Energy: 2.78019 eV 
Arrival time: 13.5033 ns Arrival position: (240.716 um , 452.442 um ) Exit position: (230.933 um , 353.319 um ) Energy: 2.61585 eV 
Arrival time: 34.2732 ns Arrival position: (223.087 um , 69.9901 um ) Exit position: (180.505 um , 207.301 um ) Energy: 2.37578 eV 
Arrival time:  30.468 ns Arrival position: (381.873 um , 53.9983 um ) Exit position: (399.417 um , 78.6227 um ) Energy: 2.65649 eV 
Arrival time: 8.73248 ns Arrival position: (-108.736 um , -164.361 um ) Exit position: (-141.703 um , -243.721 um ) Energy:  2.8456 eV 
--> Event 1 starts.

-------->Hits Collection: in this event there are 9 hits in the photon detector: 
Arrival time: 15.8514 ns Arrival position: (219.638 um , 475.845 um ) Exit position: (142.881 um , 389.688 um ) Energy: 2.83943 eV 
Arrival time:  7.1988 ns Arrival position: (309.233 um , 147.408 um ) Exit position: (357.641 um , 159.427 um ) Energy: 2.54467 eV 
Arrival time: 15.8335 ns Arrival position: (-185.482 um , -261.552 um ) Exit position: (-179.636 um , -229.771 um ) Energy: 2.31363 eV 
Arrival time: 15.6444 ns Arrival position: (-108.669 um , 13.1788 um ) Exit position: (-210.864 um , 69.1443 um ) Energy: 2.55468 eV 
Arrival time:  9.9586 ns Arrival position: (-5.55366 um , 49.4145 um ) Exit position: (-98.0769 um , 131.373 um ) Energy: 2.62489 eV 
Arrival time: 6.57722 ns Arrival position: (404.245 um , -84.7594 um ) Exit position: (251.766 um , -89.4155 um ) Energy: 2.57062 eV 
Arrival time: 6.41242 ns Arrival position: (-118.863 um , 171.455 um ) Exit position: (-98.3598 um , 262.783 um ) Energy: 2.65537 eV 
Arrival time: 8.28234 ns Arrival position: (452.177 um , -237.89 um ) Exit position: ( 255.37 um , -326.972 um ) Energy:  2.6181 eV 
Arrival time:  17.603 ns Arrival position: (94.7526 um , 26.8846 um ) Exit position: (129.297 um , 44.4898 um ) Energy: 2.82148 eV 
--> Event 2 starts.

-------->Hits Collection: in this event there are 55 hits in the photon detector: 
Arrival time: 20.3199 ns Arrival position: (-135.72 um , -135.614 um ) Exit position: (-127.024 um , -94.1464 um ) Energy: 2.32381 eV 
Arrival time: 40.7604 ns Arrival position: (279.988 um , -419.105 um ) Exit position: (267.845 um , -384.763 um ) Energy: 2.52183 eV 
Arrival time: 13.0169 ns Arrival position: (-377.857 um , -41.7665 um ) Exit position: (-313.56 um , 187.963 um ) Energy: 2.50399 eV 
Arrival time: 18.6747 ns Arrival position: (-15.6513 um , 54.1667 um ) Exit position: (110.827 um , -25.0872 um ) Energy: 2.57178 eV 
Arrival time:  13.954 ns Arrival position: (187.075 um , 277.244 um ) Exit position: ( 207.05 um , 271.973 um ) Energy: 2.47281 eV 
Arrival time: 10.5778 ns Arrival position: (-213.407 um , -52.5531 um ) Exit position: (-207.449 um , 14.2513 um ) Energy: 2.30393 eV 
Arrival time: 11.8659 ns Arrival position: (-209.661 um , 481.954 um ) Exit position: (-159.866 um , 400.701 um ) Energy:  2.6777 eV 
Arrival time: 11.6829 ns Arrival position: (-275.53 um , -188.182 um ) Exit position: (-336.498 um , -41.6423 um ) Energy: 2.57243 eV 
Arrival time: 16.5985 ns Arrival position: (-172.507 um , -412.91 um ) Exit position: (-98.6352 um , -408.37 um ) Energy: 2.18538 eV 
Arrival time: 15.9318 ns Arrival position: (-172.654 um , -25.1739 um ) Exit position: (-195.702 um , 25.9091 um ) Energy: 2.36481 eV 
Arrival time: 13.7679 ns Arrival position: (-431.173 um , -102.267 um ) Exit position: (-287.419 um , -127.839 um ) Energy:  2.6573 eV 
Arrival time: 16.3507 ns Arrival position: (294.134 um , 352.721 um ) Exit position: (219.948 um , 304.636 um ) Energy: 2.56548 eV 
Arrival time:  22.128 ns Arrival position: (56.7823 um , 268.535 um ) Exit position: (-39.5556 um , 319.612 um ) Energy:  2.7426 eV 
Arrival time: 23.0111 ns Arrival position: (158.836 um , 240.587 um ) Exit position: (274.377 um , 278.036 um ) Energy: 2.26416 eV 
Arrival time: 14.6335 ns Arrival position: (-118.362 um , -80.5246 um ) Exit position: (-171.88 um , -51.0868 um ) Energy: 2.58195 eV 
Arrival time: 15.4092 ns Arrival position: (247.966 um , 43.6916 um ) Exit position: (245.884 um , 41.3643 um ) Energy: 2.44684 eV 
Arrival time: 29.2033 ns Arrival position: ( 306.47 um , 278.842 um ) Exit position: (183.385 um , 210.211 um ) Energy: 2.71327 eV 
Arrival time: 11.2202 ns Arrival position: (285.592 um , -412.258 um ) Exit position: (241.614 um , -362.85 um ) Energy: 2.51366 eV 
Arrival time: 7.31298 ns Arrival position: (159.515 um , 339.302 um ) Exit position: (132.437 um , 327.124 um ) Energy: 2.72275 eV 
Arrival time: 17.8877 ns Arrival position: (22.6079 um , -265.808 um ) Exit position: (-47.2031 um , -158.989 um ) Energy: 2.89718 eV 
Arrival time: 6.76899 ns Arrival position: (-90.8173 um , -210.91 um ) Exit position: (-2.67613 um , -272.34 um ) Energy: 2.73307 eV 
Arrival time: 20.5648 ns Arrival position: (255.731 um , -306.656 um ) Exit position: (220.018 um , -223.31 um ) Energy: 2.63518 eV 
Arrival time: 43.5611 ns Arrival position: (108.588 um , 535.701 um ) Exit position: (210.449 um , 321.253 um ) Energy: 2.60209 eV 
Arrival time: 27.9339 ns Arrival position: (234.766 um , -276.103 um ) Exit position: (179.572 um , -279.065 um ) Energy: 2.74344 eV 
Arrival time: 13.9144 ns Arrival position: ( 237.67 um ,   210.7 um ) Exit position: (308.268 um , 298.878 um ) Energy: 2.65928 eV 
Arrival time: 27.6553 ns Arrival position: (319.561 um , -116.131 um ) Exit position: (349.803 um , -228.594 um ) Energy: 2.57094 eV 
Arrival time: 6.38194 ns Arrival position: (-24.0222 um , 203.279 um ) Exit position: (-87.8834 um , 285.731 um ) Energy: 2.52811 eV 
Arrival time: 7.84299 ns Arrival position: (383.028 um , -71.1955 um ) Exit position: (384.805 um , -39.8208 um ) Energy: 2.88691 eV 
Arrival time: 10.1726 ns Arrival position: (-121.73 um , 211.254 um ) Exit position: (-110.737 um ,  287.21 um ) Energy: 2.28262 eV 
Arrival time:  15.922 ns Arrival position: (-94.9262 um , -248.165 um ) Exit position: (-61.3028 um , -158.135 um ) Energy:  2.6814 eV 
Arrival time: 11.7815 ns Arrival position: (-137.621 um , 82.1878 um ) Exit position: (-175.655 um , 135.527 um ) Energy: 2.34383 eV 
Arrival time:  10.545 ns Arrival position: (-175.825 um , -166.058 um ) Exit position: (-141.477 um , -67.8473 um ) Energy: 2.84128 eV 
Arrival time: 15.7005 ns Arrival position: (-21.5545 um , 89.0448 um ) Exit position: (-133.454 um , 184.621 um ) Energy: 2.36737 eV 
Arrival time: 26.8346 ns Arrival position: (-227.569 um , -88.6376 um ) Exit position: (-128.681 um , -159.583 um ) Energy: 2.78042 eV 
Arrival time: 17.9797 ns Arrival position: (-274.703 um , 358.903 um ) Exit position: (-261.598 um , 216.373 um ) Energy: 2.27741 eV 
Arrival time:  7.6615 ns Arrival position: (-22.4139 um , -403.308 um ) Exit position: (47.9447 um , -364.114 um ) Energy: 2.77226 eV 
Arrival time: 26.2025 ns Arrival position: (-208.363 um , -230.311 um ) Exit position: (-151.457 um , -209.207 um ) Energy: 2.59943 eV 
Arrival time: 6.86261 ns Arrival position: (-57.5483 um , -14.8951 um ) Exit position: (-118.984 um , 34.3909 um ) Energy: 2.77973 eV 
Arrival time: 7.80142 ns Arrival position: (33.4513 um , -256.514 um ) Exit position: (90.3945 um , -183.763 um ) Energy: 2.24821 eV 
Arrival time: 11.8126 ns Arrival position: (-357.061 um , -397.311 um ) Exit position: (-210.907 um , -332.088 um ) Energy: 2.43976 eV 
Arrival time: 18.1492 ns Arrival position: (168.026 um , -45.4766 um ) Exit position: (261.003 um , -29.6935 um ) Energy: 2.68254 eV 
Arrival time: 8.60078 ns Arrival position: ( 162.74 um , -125.038 um ) Exit position: (75.8233 um , -104.17 um ) Energy: 2.88647 eV 
Arrival time: 19.5343 ns Arrival position: (62.8838 um , 240.198 um ) Exit position: (69.0977 um , 161.114 um ) Energy: 2.49592 eV 
Arrival time: 11.4311 ns Arrival position: (1.01717 um , 208.334 um ) Exit position: (-43.7008 um , 262.241 um ) Energy:  2.8657 eV 
Arrival time: 18.1012 ns Arrival position: (-179.485 um , 433.893 um ) Exit position: (-91.618 um ,  315.34 um ) Energy: 2.66287 eV 
Arrival time: 15.6889 ns Arrival position: (-5.4157 um , -369.608 um ) Exit position: (-22.7136 um , -403.947 um ) Energy: 2.78434 eV 
Arrival time: 7.59678 ns Arrival position: (-30.5049 um , 359.204 um ) Exit position: (-44.0475 um , 371.614 um ) Energy: 2.76228 eV 
Arrival time: 10.3755 ns Arrival position: (306.547 um , -109.727 um ) Exit position: (383.017 um , -55.4453 um ) Energy: 2.64114 eV 
Arrival time: 14.3027 ns Arrival position: (46.1019 um , -522.904 um ) Exit position: (-61.4525 um , -430.564 um ) Energy: 2.71891 eV 
Arrival time: 11.3643 ns Arrival position: (300.371 um , -42.3651 um ) Exit position: (256.724 um , -27.3706 um ) Energy: 2.72564 eV 
Arrival time:  28.412 ns Arrival position: (-47.8304 um , 444.296 um ) Exit position: (6.79046 um , 347.063 um ) Energy: 2.71873 eV 
Arrival time:  42.209 ns Arrival position: (-219.125 um , -511.246 um ) Exit position: (-90.1728 um , -473.158 um ) Energy: 2.54056 eV 
Arrival time: 17.8283 ns Arrival position: (227.122 um , -41.8698 um ) Exit position: (337.325 um , -63.4032 um ) Energy:  2.6795 eV 
Arrival time: 7.77579 ns Arrival position: (20.7687 um , -467.911 um ) Exit position: (-19.7663 um , -439.292 um ) Energy: 2.25681 eV 
Arrival time: 13.0833 ns Arrival position: (-200.525 um , -21.9129 um ) Exit position: (-69.4281 um , 26.5483 um ) Energy: 2.49245 eV 
--> Event 3 starts.

-------->Hits Collection: in this event there are 1 hits in the photon detector: 
Arrival time: 10.8808 ns Arrival position: (-207.859 um , 44.7703 um ) Exit position: (-50.9269 um , 43.1281 um ) Energy: 2.23619 eV 
--> Event 4 starts.

-------->Hits Collection: in this event there are 3 hits in the photon detector: 
Arrival time: 5.92653 ns Arrival position: (181.449 um , 174.743 um ) Exit position: (277.508 um , 288.193 um ) Energy: 2.82397 eV 
Arrival time: 5.89496 ns Arrival position: (-158.854 um , 217.276 um ) Exit position: (-36.0451 um , 132.427 um ) Energy: 2.00825 eV 
Arrival time:  6.4331 ns Arrival position: (240.851 um , 210.253 um ) Exit position: (365.774 um , 131.845 um ) Energy:  2.7343 eV 
--> Event 5 starts.

-------->Hits Collection: in this event there are 4 hits in the photon detector: 
Arrival time: 21.6274 ns Arrival position: (-275.311 um , 24.2671 um ) Exit position: (-367.113 um , -107.279 um ) Energy: 2.67861 eV 
Arrival time: 9.71756 ns Arrival position: (-258.006 um , -257.057 um ) Exit position: (-163.187 um , -233.626 um ) Energy: 2.83419 eV 
Arrival time: 10.2724 ns Arrival position: (501.037 um , 139.662 um ) Exit position: (385.715 um , 119.189 um ) Energy: 2.79412 eV 
Arrival time: 12.1695 ns Arrival position: (-186.085 um , -377.349 um ) Exit position: (-34.7548 um , -370.205 um ) Energy: 2.44045 eV 
--> Event 6 starts.

-------->Hits Collection: in this event there are 17 hits in the photon detector: 
Arrival time: 14.8481 ns Arrival position: (-130.192 um , -132.029 um ) Exit position: (-150.312 um , -117.156 um ) Energy: 2.79392 eV 
Arrival time: 16.6369 ns Arrival position: (-182.943 um ,  298.15 um ) Exit position: (-240.804 um , 325.204 um ) Energy: 2.45597 eV 
Arrival time: 23.9455 ns Arrival position: (10.2731 um , -276.647 um ) Exit position: (-70.0705 um , -224.831 um ) Energy: 2.37198 eV 
Arrival time:  18.768 ns Arrival position: (243.802 um , -357.944 um ) Exit position: (104.826 um , -343.599 um ) Energy: 2.71281 eV 
Arrival time: 25.0585 ns Arrival position: (213.341 um , -441.417 um ) Exit position: (53.2418 um , -493.124 um ) Energy: 2.85129 eV 
Arrival time:  7.3954 ns Arrival position: (-151.528 um , 83.4829 um ) Exit position: (-188.156 um ,  137.21 um ) Energy: 2.45457 eV 
Arrival time: 10.5485 ns Arrival position: (-34.6389 um ,  147.56 um ) Exit position: (-75.4039 um , 1.35344 um ) Energy: 2.95758 eV 
Arrival time: 8.36472 ns Arrival position: (4.52703 um , 395.545 um ) Exit position: (53.5147 um , 321.739 um ) Energy: 2.39535 eV 
Arrival time: 33.0681 ns Arrival position: (-247.445 um , 430.371 um ) Exit position: (-261.653 um , 388.118 um ) Energy: 2.61226 eV 
Arrival time: 7.67725 ns Arrival position: (62.5407 um , -147.667 um ) Exit position: (-82.2371 um , -204.976 um ) Energy: 2.60201 eV 
Arrival time: 13.3387 ns Arrival position: (-303.724 um , -165.879 um ) Exit position: (-234.116 um , -134.713 um ) Energy: 2.68762 eV 
Arrival time: 7.56306 ns Arrival position: (212.808 um , -424.125 um ) Exit position: (-15.0649 um , -456.28 um ) Energy:  2.9857 eV 
Arrival time: 14.3702 ns Arrival position: (251.098 um , 91.8483 um ) Exit position: (223.484 um , 50.6243 um ) Energy: 2.82569 eV 
Arrival time:  21.372 ns Arrival position: (160.854 um , 220.741 um ) Exit position: (141.887 um ,  210.61 um ) Energy: 2.73733 eV 
Arrival time: 31.8753 ns Arrival position: (-261.603 um , -133.148 um ) Exit position: (-204.325 um , -84.3508 um ) Energy: 2.69297 eV 
Arrival time: 9.78941 ns Arrival position: (-210.596 um , -143.207 um ) Exit position: (-195.835 um , -101.134 um ) Energy: 2.75419 eV 
Arrival time: 25.6987 ns Arrival position: (-53.6324 um , 492.658 um ) Exit position: (-21.7511 um ,  443.01 um ) Energy:  2.5794 eV 
--> Event 7 starts.

-------->Hits Collection: in this event there are 8 hits in the photon detector: 
Arrival time: 5.71985 ns Arrival position: (-120.202 um , -126.918 um ) Exit position: (-173.119 um , -35.8563 um ) Energy: 2.82025 eV 
Arrival time: 6.10701 ns Arrival position: (-220.829 um , -190.114 um ) Exit position: (-143.948 um , -260.898 um ) Energy:  2.2805 eV 
Arrival time: 5.92158 ns Arrival position: (-93.6261 um , 279.193 um ) Exit position: (-110.322 um , 319.623 um ) Energy:  2.7436 eV 
Arrival time: 13.4376 ns Arrival position: (-180.577 um , 411.205 um ) Exit position: (-265.009 um , 351.331 um ) Energy: 2.40592 eV 
Arrival time: 9.83649 ns Arrival position: (-287.428 um , -256.751 um ) Exit position: (-347.409 um , -238.052 um ) Energy: 2.40183 eV 
Arrival time: 10.7229 ns Arrival position: (-26.6471 um , 441.519 um ) Exit position: (-124.892 um , 404.725 um ) Energy: 2.58486 eV 
Arrival time: 6.09462 ns Arrival position: (-269.378 um , -251.946 um ) Exit position: (-234.336 um , -271.988 um ) Energy: 2.61311 eV 
Arrival time: 13.2134 ns Arrival position: (-115.158 um , -249.021 um ) Exit position: (-116.888 um , -294.272 um ) Energy: 2.71408 eV 
--> Event 8 starts.

-------->Hits Collection: in this event there are 10 hits in the photon detector: 
Arrival time: 16.7731 ns Arrival position: (-157.596 um , 244.843 um ) Exit position: ( -82.86 um , 160.217 um ) Energy: 2.61402 eV 
Arrival time: 12.0773 ns Arrival position: (-248.65 um , -135.595 um ) Exit position: (-321.778 um , -142.291 um ) Energy: 2.48409 eV 
Arrival time: 10.8901 ns Arrival position: ( 22.593 um , 470.161 um ) Exit position: (131.398 um ,  357.91 um ) Energy: 2.54076 eV 
Arrival time: 9.75803 ns Arrival position: ( 207.15 um , 96.0277 um ) Exit position: (188.862 um , 56.3319 um ) Energy: 2.69168 eV 
Arrival time: 6.60784 ns Arrival position: (223.615 um ,  368.06 um ) Exit position: (179.537 um , 243.587 um ) Energy: 2.65037 eV 
Arrival time: 40.6958 ns Arrival position: (-172.811 um , -129.834 um ) Exit position: (-100.305 um , -174.088 um ) Energy: 2.59867 eV 
Arrival time: 15.9653 ns Arrival position: (447.866 um , -84.3424 um ) Exit position: (292.441 um , -53.3467 um ) Energy: 2.46641 eV 
Arrival time: 17.5932 ns Arrival position: (-399.42 um , 147.499 um ) Exit position: (-218.127 um , 310.911 um ) Energy: 2.41327 eV 
Arrival time: 22.0589 ns Arrival position: (-270.398 um , -48.3623 um ) Exit position: (-263.313 um , -109.818 um ) Energy: 2.83007 eV 
Arrival time: 19.4133 ns Arrival position: (57.1013 um , -419.35 um ) Exit position: (130.415 um , -251.309 um ) Energy: 2.60186 eV 
--> Event 9 starts.

-------->Hits Collection: in this event there are 16 hits in the photon detector: 
Arrival time:   18.07 ns Arrival position: (-160.547 um , -131.543 um ) Exit position: (-278.97 um , -137.005 um ) Energy: 2.35102 eV 
Arrival time: 11.1538 ns Arrival position: (225.822 um , -103.872 um ) Exit position: ( 202.08 um , -205.05 um ) Energy: 2.48494 eV 
Arrival time: 14.1288 ns Arrival position: (-208.435 um , -171.691 um ) Exit position: (-248.396 um , -252.756 um ) Energy: 2.57854 eV 
Arrival time: 9.26746 ns Arrival position: (12.4736 um , -349.28 um ) Exit position: (-28.7324 um , -288.372 um ) Energy:  2.4341 eV 
Arrival time: 10.1091 ns Arrival position: (224.053 um , -233.483 um ) Exit position: ( 145.22 um , -129.235 um ) Energy: 2.66292 eV 
Arrival time: 17.8367 ns Arrival position: (376.708 um , -237.803 um ) Exit position: (401.292 um , -91.7523 um ) Energy: 2.73312 eV 
Arrival time: 9.82648 ns Arrival position: (-191.767 um ,  355.72 um ) Exit position: (-173.353 um , 344.092 um ) Energy: 2.63451 eV 
Arrival time: 11.1284 ns Arrival position: (-79.3154 um , -320.834 um ) Exit position: (-98.8806 um , -318.308 um ) Energy: 2.70815 eV 
Arrival time: 6.63465 ns Arrival position: (-280.984 um , -60.4852 um ) Exit position: (-260.521 um , -43.3093 um ) Energy: 2.54042 eV 
Arrival time: 20.1292 ns Arrival position: (-34.106 um , -262.291 um ) Exit position: (21.3201 um , -286.744 um ) Energy: 2.70204 eV 
Arrival time: 12.6666 ns Arrival position: (178.796 um , -155.918 um ) Exit position: (193.655 um , -28.4982 um ) Energy: 2.76402 eV 
Arrival time: 7.53428 ns Arrival position: (156.811 um , 188.246 um ) Exit position: (230.083 um , 109.162 um ) Energy: 2.60141 eV 
Arrival time: 24.2501 ns Arrival position: (-213.276 um , 260.847 um ) Exit position: (-172.48 um ,  165.26 um ) Energy:  2.3291 eV 
Arrival time: 11.6348 ns Arrival position: ( 309.77 um , 213.512 um ) Exit position: (296.127 um , 186.128 um ) Energy: 2.82723 eV 
Arrival time: 9.93351 ns Arrival position: (192.845 um , -441.967 um ) Exit position: (63.6193 um , -349.774 um ) Energy: 2.77934 eV 
Arrival time: 10.6743 ns Arrival position: (51.4474 um , 336.808 um ) Exit position: (15.5436 um , 343.302 um ) Energy:  2.4219 eV 
 Run terminated.
Run Summary
  Number of events processed : 10
  User=12.960000s Real=13.055681s Sys=0.000000s

 ----> print histograms statistics for the entire run 

 Mean number of photons detected/event: 14.6 rms = 14.9613
... write file : wls.root - done
... close file : wls.root - done

 ======================== run summary =====================
Average number per event:
 TIR:          1.35e+05 +- 1.18e+05
 Exiting:      3.35e+05 +- 2.73e+05
 Escaped Mid:  292 +- 235
 Escaped End:  15.1 +- 14.7
 Bounced:      1.25e+04 +- 9.76e+03
 WLS Bounce:   0 +- 0
 Clad1 Bounce: 8.35e+03 +- 6.47e+03
 Clad2 Bounce: 0 +- 0
 Reflected:    1.85e+04 +- 1.66e+04
 Escaped:      0.5 +- 0.671
 Mirror:       14.8 +- 12.5
 Detector hit: 14.6 +- 15

There are histograms that can be viewed with visualization:
  3 h1 histograms(s)
  List them with "/analysis/list".
  View them immediately with "/vis/plot" or "/vis/reviewPlots".
  But...there are no entries. To make your histograms available for
  plotting in this UI session, use CloseFile(false) in your
  EndOfRunAction and Reset() in your BeginOfRunAction.
Graphics systems deleted.
Visualization Manager deleting...
================== Deleting memory pools ===================
Number of memory pools allocated: 16 of which, static: 0
Dynamic pools deleted: 16 / Total memory freed: 1.3 MB
============================================================
